Running 10m test @ http://localhost:9999/math/plus?x=1&y=2
  16 threads and 400 connections
  Thread calibration: mean lat.: 3.453ms, rate sampling interval: 20ms
  Thread calibration: mean lat.: 3.591ms, rate sampling interval: 21ms
  Thread calibration: mean lat.: 3.386ms, rate sampling interval: 20ms
  Thread calibration: mean lat.: 3.465ms, rate sampling interval: 21ms
  Thread calibration: mean lat.: 3.318ms, rate sampling interval: 19ms
  Thread calibration: mean lat.: 3.563ms, rate sampling interval: 21ms
  Thread calibration: mean lat.: 3.558ms, rate sampling interval: 20ms
  Thread calibration: mean lat.: 3.494ms, rate sampling interval: 21ms
  Thread calibration: mean lat.: 3.594ms, rate sampling interval: 21ms
  Thread calibration: mean lat.: 3.575ms, rate sampling interval: 21ms
  Thread calibration: mean lat.: 3.620ms, rate sampling interval: 21ms
  Thread calibration: mean lat.: 3.503ms, rate sampling interval: 21ms
  Thread calibration: mean lat.: 3.458ms, rate sampling interval: 20ms
  Thread calibration: mean lat.: 3.473ms, rate sampling interval: 20ms
  Thread calibration: mean lat.: 3.602ms, rate sampling interval: 20ms
  Thread calibration: mean lat.: 3.641ms, rate sampling interval: 22ms
  Thread Stats   Avg      Stdev     Max   +/- Stdev
    Latency     2.45ms    5.35ms  84.22ms   93.07%
    Req/Sec     1.92k   362.92     4.81k    78.94%
  Latency Distribution (HdrHistogram - Recorded Latency)
 50.000%    1.08ms
 75.000%    1.52ms
 90.000%    2.79ms
 99.000%   29.77ms
 99.900%   43.36ms
 99.990%   54.49ms
 99.999%   68.67ms
100.000%   84.29ms

  Detailed Percentile spectrum:
       Value   Percentile   TotalCount 1/(1-Percentile)

       0.072     0.000000            1         1.00
       0.424     0.100000      1774707         1.11
       0.612     0.200000      3547766         1.25
       0.777     0.300000      5316008         1.43
       0.932     0.400000      7086930         1.67
       1.082     0.500000      8858079         2.00
       1.156     0.550000      9737139         2.22
       1.233     0.600000     10618914         2.50
       1.315     0.650000     11503315         2.86
       1.408     0.700000     12387385         3.33
       1.522     0.750000     13273285         4.00
       1.592     0.775000     13720342         4.44
       1.673     0.800000     14159690         5.00
       1.774     0.825000     14601896         5.71
       1.909     0.850000     15043323         6.67
       2.135     0.875000     15485362         8.00
       2.349     0.887500     15705429         8.89
       2.785     0.900000     15926844        10.00
       4.045     0.912500     16147879        11.43
       6.451     0.925000     16369231        13.33
       9.543     0.937500     16590721        16.00
      11.239     0.943750     16701079        17.78
      13.071     0.950000     16811835        20.00
      15.047     0.956250     16922264        22.86
      17.135     0.962500     17032787        26.67
      19.375     0.968750     17143720        32.00
      20.575     0.971875     17199080        35.56
      21.839     0.975000     17254400        40.00
      23.167     0.978125     17309345        45.71
      24.623     0.981250     17364475        53.33
      26.239     0.984375     17420221        64.00
      27.119     0.985938     17447869        71.11
      28.063     0.987500     17475107        80.00
      29.103     0.989062     17502907        91.43
      30.239     0.990625     17530419       106.67
      31.519     0.992188     17558142       128.00
      32.239     0.992969     17572015       142.22
      33.023     0.993750     17585750       160.00
      33.887     0.994531     17599479       182.86
      34.847     0.995313     17613354       213.33
      35.935     0.996094     17627115       256.00
      36.575     0.996484     17634354       284.44
      37.215     0.996875     17641003       320.00
      37.983     0.997266     17648015       365.71
      38.847     0.997656     17654990       426.67
      39.839     0.998047     17661808       512.00
      40.415     0.998242     17665222       568.89
      41.023     0.998437     17668567       640.00
      41.759     0.998633     17672120       731.43
      42.559     0.998828     17675559       853.33
      43.487     0.999023     17679007      1024.00
      43.999     0.999121     17680675      1137.78
      44.607     0.999219     17682410      1280.00
      45.279     0.999316     17684187      1462.86
      46.015     0.999414     17685883      1706.67
      46.911     0.999512     17687611      2048.00
      47.391     0.999561     17688449      2275.56
      47.967     0.999609     17689315      2560.00
      48.607     0.999658     17690190      2925.71
      49.375     0.999707     17691041      3413.33
      50.271     0.999756     17691900      4096.00
      50.751     0.999780     17692352      4551.11
      51.295     0.999805     17692775      5120.00
      51.871     0.999829     17693211      5851.43
      52.639     0.999854     17693639      6826.67
      53.503     0.999878     17694060      8192.00
      54.079     0.999890     17694290      9102.22
      54.591     0.999902     17694492     10240.00
      55.199     0.999915     17694709     11702.86
      55.967     0.999927     17694923     13653.33
      56.863     0.999939     17695137     16384.00
      57.407     0.999945     17695247     18204.44
      58.111     0.999951     17695353     20480.00
      58.879     0.999957     17695466     23405.71
      59.679     0.999963     17695571     27306.67
      61.215     0.999969     17695677     32768.00
      61.791     0.999973     17695731     36408.89
      62.591     0.999976     17695785     40960.00
      63.487     0.999979     17695839     46811.43
      64.511     0.999982     17695895     54613.33
      65.663     0.999985     17695953     65536.00
      66.175     0.999986     17695976     72817.78
      67.263     0.999988     17696002     81920.00
      68.287     0.999989     17696031     93622.86
      69.183     0.999991     17696055    109226.67
      70.655     0.999992     17696082    131072.00
      71.423     0.999993     17696096    145635.56
      71.999     0.999994     17696109    163840.00
      72.703     0.999995     17696123    187245.71
      73.471     0.999995     17696136    218453.33
      74.367     0.999996     17696151    262144.00
      74.815     0.999997     17696161    291271.11
      75.007     0.999997     17696163    327680.00
      75.647     0.999997     17696171    374491.43
      76.159     0.999998     17696177    436906.67
      76.351     0.999998     17696185    524288.00
      76.479     0.999998     17696187    582542.22
      76.735     0.999998     17696191    655360.00
      77.567     0.999999     17696194    748982.86
      77.951     0.999999     17696199    873813.33
      78.527     0.999999     17696201   1048576.00
      78.719     0.999999     17696202   1165084.44
      79.039     0.999999     17696204   1310720.00
      79.359     0.999999     17696206   1497965.71
      79.487     0.999999     17696207   1747626.67
      80.447     1.000000     17696209   2097152.00
      80.639     1.000000     17696210   2330168.89
      80.767     1.000000     17696211   2621440.00
      80.895     1.000000     17696212   2995931.43
      80.895     1.000000     17696212   3495253.33
      80.959     1.000000     17696213   4194304.00
      81.279     1.000000     17696214   4660337.78
      81.279     1.000000     17696214   5242880.00
      82.111     1.000000     17696215   5991862.86
      82.111     1.000000     17696215   6990506.67
      82.111     1.000000     17696215   8388608.00
      84.287     1.000000     17696217   9320675.55
      84.287     1.000000     17696217          inf
#[Mean    =        2.454, StdDeviation   =        5.350]
#[Max     =       84.224, Total count    =     17696217]
#[Buckets =           27, SubBuckets     =         2048]
----------------------------------------------------------
  17998038 requests in 10.00m, 3.00GB read
Requests/sec:  29996.76
Transfer/sec:      5.12MB
