Running 10m test @ http://localhost:9999/math/plus?x=1&y=2
  16 threads and 400 connections
  Thread calibration: mean lat.: 1.982ms, rate sampling interval: 10ms
  Thread calibration: mean lat.: 1.926ms, rate sampling interval: 10ms
  Thread calibration: mean lat.: 1.808ms, rate sampling interval: 10ms
  Thread calibration: mean lat.: 1.790ms, rate sampling interval: 10ms
  Thread calibration: mean lat.: 1.901ms, rate sampling interval: 10ms
  Thread calibration: mean lat.: 1.841ms, rate sampling interval: 10ms
  Thread calibration: mean lat.: 1.940ms, rate sampling interval: 10ms
  Thread calibration: mean lat.: 1.926ms, rate sampling interval: 10ms
  Thread calibration: mean lat.: 2.005ms, rate sampling interval: 10ms
  Thread calibration: mean lat.: 1.819ms, rate sampling interval: 10ms
  Thread calibration: mean lat.: 1.843ms, rate sampling interval: 10ms
  Thread calibration: mean lat.: 3.002ms, rate sampling interval: 11ms
  Thread calibration: mean lat.: 1.783ms, rate sampling interval: 10ms
  Thread calibration: mean lat.: 2.701ms, rate sampling interval: 10ms
  Thread calibration: mean lat.: 1.879ms, rate sampling interval: 10ms
  Thread calibration: mean lat.: 1.907ms, rate sampling interval: 10ms
  Thread Stats   Avg      Stdev     Max   +/- Stdev
    Latency     1.92ms    1.59ms  50.30ms   88.18%
    Req/Sec   658.48    559.06     2.78k    75.89%
  Latency Distribution (HdrHistogram - Recorded Latency)
 50.000%    1.46ms
 75.000%    2.20ms
 90.000%    3.67ms
 99.000%    8.26ms
 99.900%   13.47ms
 99.990%   19.33ms
 99.999%   29.44ms
100.000%   50.33ms

  Detailed Percentile spectrum:
       Value   Percentile   TotalCount 1/(1-Percentile)

       0.082     0.000000            1         1.00
       0.666     0.100000       591312         1.11
       0.900     0.200000      1179782         1.25
       1.096     0.300000      1771254         1.43
       1.274     0.400000      2360035         1.67
       1.458     0.500000      2951462         2.00
       1.564     0.550000      3246764         2.22
       1.683     0.600000      3540412         2.50
       1.821     0.650000      3835535         2.86
       1.987     0.700000      4130025         3.33
       2.203     0.750000      4425998         4.00
       2.339     0.775000      4571874         4.44
       2.503     0.800000      4719442         5.00
       2.701     0.825000      4866372         5.71
       2.947     0.850000      5013964         6.67
       3.261     0.875000      5161932         8.00
       3.449     0.887500      5235400         8.89
       3.671     0.900000      5309091        10.00
       3.939     0.912500      5382764        11.43
       4.255     0.925000      5456283        13.33
       4.631     0.937500      5530042        16.00
       4.847     0.943750      5566822        17.78
       5.095     0.950000      5604180        20.00
       5.367     0.956250      5640527        22.86
       5.687     0.962500      5677652        26.67
       6.063     0.968750      5714367        32.00
       6.279     0.971875      5732826        35.56
       6.515     0.975000      5751217        40.00
       6.779     0.978125      5769737        45.71
       7.091     0.981250      5788175        53.33
       7.451     0.984375      5806458        64.00
       7.651     0.985938      5815665        71.11
       7.879     0.987500      5824942        80.00
       8.111     0.989062      5834075        91.43
       8.375     0.990625      5843308       106.67
       8.711     0.992188      5852594       128.00
       8.919     0.992969      5857275       142.22
       9.167     0.993750      5861804       160.00
       9.455     0.994531      5866419       182.86
       9.815     0.995313      5871006       213.33
      10.271     0.996094      5875561       256.00
      10.543     0.996484      5877855       284.44
      10.879     0.996875      5880183       320.00
      11.239     0.997266      5882457       365.71
      11.631     0.997656      5884769       426.67
      12.015     0.998047      5887071       512.00
      12.207     0.998242      5888269       568.89
      12.415     0.998437      5889399       640.00
      12.679     0.998633      5890545       731.43
      13.031     0.998828      5891687       853.33
      13.543     0.999023      5892845      1024.00
      13.839     0.999121      5893402      1137.78
      14.167     0.999219      5893974      1280.00
      14.527     0.999316      5894566      1462.86
      14.911     0.999414      5895126      1706.67
      15.351     0.999512      5895711      2048.00
      15.591     0.999561      5895993      2275.56
      15.871     0.999609      5896278      2560.00
      16.167     0.999658      5896572      2925.71
      16.495     0.999707      5896855      3413.33
      16.879     0.999756      5897145      4096.00
      17.135     0.999780      5897300      4551.11
      17.455     0.999805      5897431      5120.00
      17.823     0.999829      5897578      5851.43
      18.223     0.999854      5897721      6826.67
      18.831     0.999878      5897862      8192.00
      19.119     0.999890      5897934      9102.22
      19.407     0.999902      5898010     10240.00
      19.727     0.999915      5898078     11702.86
      20.159     0.999927      5898151     13653.33
      20.623     0.999939      5898225     16384.00
      20.879     0.999945      5898259     18204.44
      21.247     0.999951      5898296     20480.00
      21.727     0.999957      5898330     23405.71
      22.543     0.999963      5898366     27306.67
      23.439     0.999969      5898402     32768.00
      23.679     0.999973      5898420     36408.89
      24.223     0.999976      5898438     40960.00
      24.623     0.999979      5898456     46811.43
      25.279     0.999982      5898474     54613.33
      26.015     0.999985      5898492     65536.00
      26.575     0.999986      5898501     72817.78
      27.359     0.999988      5898510     81920.00
      28.559     0.999989      5898519     93622.86
      30.319     0.999991      5898529    109226.67
      31.727     0.999992      5898537    131072.00
      32.559     0.999993      5898542    145635.56
      33.311     0.999994      5898546    163840.00
      34.623     0.999995      5898551    187245.71
      35.391     0.999995      5898555    218453.33
      38.367     0.999996      5898560    262144.00
      39.871     0.999997      5898562    291271.11
      40.447     0.999997      5898564    327680.00
      42.175     0.999997      5898567    374491.43
      42.847     0.999998      5898569    436906.67
      43.775     0.999998      5898571    524288.00
      43.807     0.999998      5898572    582542.22
      44.511     0.999998      5898573    655360.00
      45.023     0.999999      5898575    748982.86
      45.151     0.999999      5898576    873813.33
      45.375     0.999999      5898577   1048576.00
      45.375     0.999999      5898577   1165084.44
      45.407     0.999999      5898578   1310720.00
      46.911     0.999999      5898579   1497965.71
      46.911     0.999999      5898579   1747626.67
      48.863     1.000000      5898580   2097152.00
      48.863     1.000000      5898580   2330168.89
      48.863     1.000000      5898580   2621440.00
      49.983     1.000000      5898581   2995931.43
      49.983     1.000000      5898581   3495253.33
      49.983     1.000000      5898581   4194304.00
      49.983     1.000000      5898581   4660337.78
      49.983     1.000000      5898581   5242880.00
      50.335     1.000000      5898582   5991862.86
      50.335     1.000000      5898582          inf
#[Mean    =        1.915, StdDeviation   =        1.595]
#[Max     =       50.304, Total count    =      5898582]
#[Buckets =           27, SubBuckets     =         2048]
----------------------------------------------------------
  5997073 requests in 10.00m, 1.00GB read
Requests/sec:   9995.05
Transfer/sec:      1.71MB
