Running 10m test @ http://localhost:9999/math/plus?x=1&y=2
  16 threads and 400 connections
  Thread calibration: mean lat.: 3.629ms, rate sampling interval: 16ms
  Thread calibration: mean lat.: 3.823ms, rate sampling interval: 17ms
  Thread calibration: mean lat.: 3.993ms, rate sampling interval: 18ms
  Thread calibration: mean lat.: 3.373ms, rate sampling interval: 16ms
  Thread calibration: mean lat.: 3.866ms, rate sampling interval: 17ms
  Thread calibration: mean lat.: 3.916ms, rate sampling interval: 17ms
  Thread calibration: mean lat.: 3.634ms, rate sampling interval: 19ms
  Thread calibration: mean lat.: 3.960ms, rate sampling interval: 17ms
  Thread calibration: mean lat.: 3.853ms, rate sampling interval: 17ms
  Thread calibration: mean lat.: 3.612ms, rate sampling interval: 17ms
  Thread calibration: mean lat.: 4.019ms, rate sampling interval: 18ms
  Thread calibration: mean lat.: 4.001ms, rate sampling interval: 18ms
  Thread calibration: mean lat.: 3.992ms, rate sampling interval: 17ms
  Thread calibration: mean lat.: 4.020ms, rate sampling interval: 18ms
  Thread calibration: mean lat.: 5.165ms, rate sampling interval: 20ms
  Thread calibration: mean lat.: 4.341ms, rate sampling interval: 21ms
  Thread Stats   Avg      Stdev     Max   +/- Stdev
    Latency     3.99ms    9.23ms   1.01s    96.81%
    Req/Sec   643.58    424.87     2.18k    62.64%
  Latency Distribution (HdrHistogram - Recorded Latency)
 50.000%    2.45ms
 75.000%    5.20ms
 90.000%    9.02ms
 99.000%   17.17ms
 99.900%   26.69ms
 99.990%  535.55ms
 99.999%  958.46ms
100.000%    1.01s 

  Detailed Percentile spectrum:
       Value   Percentile   TotalCount 1/(1-Percentile)

       0.094     0.000000            1         1.00
       0.890     0.100000       591229         1.11
       1.231     0.200000      1180489         1.25
       1.544     0.300000      1770790         1.43
       1.919     0.400000      2360202         1.67
       2.449     0.500000      2951032         2.00
       2.805     0.550000      3244988         2.22
       3.233     0.600000      3539649         2.50
       3.757     0.650000      3834365         2.86
       4.411     0.700000      4130077         3.33
       5.195     0.750000      4425149         4.00
       5.639     0.775000      4572020         4.44
       6.131     0.800000      4719031         5.00
       6.691     0.825000      4866519         5.71
       7.339     0.850000      5014049         6.67
       8.095     0.875000      5161822         8.00
       8.527     0.887500      5235433         8.89
       9.015     0.900000      5309274        10.00
       9.559     0.912500      5383405        11.43
      10.167     0.925000      5457045        13.33
      10.847     0.937500      5530307        16.00
      11.239     0.943750      5567452        17.78
      11.671     0.950000      5603983        20.00
      12.159     0.956250      5640693        22.86
      12.695     0.962500      5677542        26.67
      13.295     0.968750      5714241        32.00
      13.639     0.971875      5732985        35.56
      14.015     0.975000      5751384        40.00
      14.447     0.978125      5769819        45.71
      14.951     0.981250      5788039        53.33
      15.559     0.984375      5806618        64.00
      15.919     0.985938      5815689        71.11
      16.335     0.987500      5824887        80.00
      16.831     0.989062      5834246        91.43
      17.423     0.990625      5843452       106.67
      18.127     0.992188      5852612       128.00
      18.543     0.992969      5857185       142.22
      19.023     0.993750      5861828       160.00
      19.567     0.994531      5866448       182.86
      20.207     0.995313      5871019       213.33
      20.943     0.996094      5875581       256.00
      21.375     0.996484      5877898       284.44
      21.855     0.996875      5880179       320.00
      22.431     0.997266      5882490       365.71
      23.071     0.997656      5884794       426.67
      23.871     0.998047      5887079       512.00
      24.303     0.998242      5888224       568.89
      24.799     0.998437      5889379       640.00
      25.359     0.998633      5890512       731.43
      26.015     0.998828      5891665       853.33
      26.783     0.999023      5892812      1024.00
      27.247     0.999121      5893390      1137.78
      27.791     0.999219      5893970      1280.00
      28.415     0.999316      5894535      1462.86
      29.215     0.999414      5895114      1706.67
      30.335     0.999512      5895685      2048.00
      31.151     0.999561      5895973      2275.56
      32.431     0.999609      5896262      2560.00
      35.199     0.999658      5896550      2925.71
      43.775     0.999707      5896837      3413.33
      55.455     0.999756      5897125      4096.00
      61.407     0.999780      5897269      4551.11
      85.183     0.999805      5897413      5120.00
     203.519     0.999829      5897557      5851.43
     317.439     0.999854      5897701      6826.67
     434.943     0.999878      5897845      8192.00
     490.751     0.999890      5897917      9102.22
     543.743     0.999902      5897991     10240.00
     601.087     0.999915      5898061     11702.86
     655.871     0.999927      5898133     13653.33
     715.775     0.999939      5898206     16384.00
     745.983     0.999945      5898241     18204.44
     776.703     0.999951      5898281     20480.00
     805.887     0.999957      5898313     23405.71
     835.583     0.999963      5898349     27306.67
     863.231     0.999969      5898386     32768.00
     879.103     0.999973      5898403     36408.89
     891.903     0.999976      5898421     40960.00
     903.679     0.999979      5898440     46811.43
     923.135     0.999982      5898458     54613.33
     935.935     0.999985      5898475     65536.00
     941.055     0.999986      5898485     72817.78
     946.175     0.999988      5898494     81920.00
     956.415     0.999989      5898503     93622.86
     962.559     0.999991      5898511    109226.67
     970.751     0.999992      5898520    131072.00
     975.359     0.999993      5898525    145635.56
     976.383     0.999994      5898531    163840.00
     980.479     0.999995      5898535    187245.71
     983.039     0.999995      5898538    218453.33
     985.087     0.999996      5898543    262144.00
     993.279     0.999997      5898545    291271.11
     994.303     0.999997      5898547    327680.00
     995.839     0.999997      5898550    374491.43
     996.351     0.999998      5898552    436906.67
     999.423     0.999998      5898554    524288.00
    1000.447     0.999998      5898555    582542.22
    1000.959     0.999998      5898556    655360.00
    1004.031     0.999999      5898558    748982.86
    1004.543     0.999999      5898561    873813.33
    1004.543     0.999999      5898561   1048576.00
    1004.543     0.999999      5898561   1165084.44
    1004.543     0.999999      5898561   1310720.00
    1006.079     0.999999      5898562   1497965.71
    1006.079     0.999999      5898562   1747626.67
    1008.639     1.000000      5898564   2097152.00
    1008.639     1.000000      5898564   2330168.89
    1008.639     1.000000      5898564   2621440.00
    1008.639     1.000000      5898564   2995931.43
    1008.639     1.000000      5898564   3495253.33
    1008.639     1.000000      5898564   4194304.00
    1008.639     1.000000      5898564   4660337.78
    1008.639     1.000000      5898564   5242880.00
    1014.271     1.000000      5898565   5991862.86
    1014.271     1.000000      5898565          inf
#[Mean    =        3.995, StdDeviation   =        9.234]
#[Max     =     1013.760, Total count    =      5898565]
#[Buckets =           27, SubBuckets     =         2048]
----------------------------------------------------------
  5997046 requests in 10.00m, 1.00GB read
Requests/sec:   9994.96
Transfer/sec:      1.71MB
