Running 10m test @ http://localhost:9999/math/plus?x=1&y=2
  16 threads and 400 connections
  Thread calibration: mean lat.: 2.086ms, rate sampling interval: 10ms
  Thread calibration: mean lat.: 4.409ms, rate sampling interval: 18ms
  Thread calibration: mean lat.: 4.411ms, rate sampling interval: 18ms
  Thread calibration: mean lat.: 1.900ms, rate sampling interval: 10ms
  Thread calibration: mean lat.: 4.271ms, rate sampling interval: 18ms
  Thread calibration: mean lat.: 4.352ms, rate sampling interval: 17ms
  Thread calibration: mean lat.: 4.264ms, rate sampling interval: 18ms
  Thread calibration: mean lat.: 4.338ms, rate sampling interval: 18ms
  Thread calibration: mean lat.: 4.276ms, rate sampling interval: 17ms
  Thread calibration: mean lat.: 3.658ms, rate sampling interval: 15ms
  Thread calibration: mean lat.: 1.752ms, rate sampling interval: 10ms
  Thread calibration: mean lat.: 3.375ms, rate sampling interval: 15ms
  Thread calibration: mean lat.: 4.038ms, rate sampling interval: 17ms
  Thread calibration: mean lat.: 4.428ms, rate sampling interval: 18ms
  Thread calibration: mean lat.: 4.406ms, rate sampling interval: 18ms
  Thread calibration: mean lat.: 4.458ms, rate sampling interval: 18ms
  Thread Stats   Avg      Stdev     Max   +/- Stdev
    Latency     3.45ms    2.85ms  68.86ms   79.03%
    Req/Sec   648.45    592.24     2.78k    78.46%
  Latency Distribution (HdrHistogram - Recorded Latency)
 50.000%    2.25ms
 75.000%    5.06ms
 90.000%    7.88ms
 99.000%   11.79ms
 99.900%   14.57ms
 99.990%   19.90ms
 99.999%   32.43ms
100.000%   68.93ms

  Detailed Percentile spectrum:
       Value   Percentile   TotalCount 1/(1-Percentile)

       0.087     0.000000            1         1.00
       0.885     0.100000       590262         1.11
       1.195     0.200000      1179908         1.25
       1.474     0.300000      1770880         1.43
       1.806     0.400000      2359588         1.67
       2.251     0.500000      2950226         2.00
       2.577     0.550000      3245436         2.22
       3.019     0.600000      3539563         2.50
       3.629     0.650000      3834710         2.86
       4.335     0.700000      4129508         3.33
       5.063     0.750000      4424378         4.00
       5.443     0.775000      4571723         4.44
       5.843     0.800000      4719285         5.00
       6.267     0.825000      4866666         5.71
       6.743     0.850000      5014644         6.67
       7.275     0.875000      5161873         8.00
       7.567     0.887500      5235217         8.89
       7.879     0.900000      5309657        10.00
       8.207     0.912500      5383095        11.43
       8.575     0.925000      5456777        13.33
       8.991     0.937500      5531163        16.00
       9.215     0.943750      5567667        17.78
       9.455     0.950000      5603944        20.00
       9.719     0.956250      5641274        22.86
       9.999     0.962500      5678380        26.67
      10.303     0.968750      5714997        32.00
      10.463     0.971875      5732986        35.56
      10.639     0.975000      5751619        40.00
      10.831     0.978125      5770003        45.71
      11.039     0.981250      5788348        53.33
      11.287     0.984375      5807114        64.00
      11.415     0.985938      5815929        71.11
      11.559     0.987500      5825271        80.00
      11.703     0.989062      5834481        91.43
      11.855     0.990625      5843605       106.67
      12.023     0.992188      5852867       128.00
      12.119     0.992969      5857374       142.22
      12.231     0.993750      5862090       160.00
      12.351     0.994531      5866511       182.86
      12.495     0.995313      5871214       213.33
      12.663     0.996094      5875702       256.00
      12.767     0.996484      5878029       284.44
      12.887     0.996875      5880425       320.00
      13.015     0.997266      5882627       365.71
      13.175     0.997656      5884970       426.67
      13.375     0.998047      5887253       512.00
      13.503     0.998242      5888372       568.89
      13.671     0.998437      5889515       640.00
      13.911     0.998633      5890681       731.43
      14.223     0.998828      5891805       853.33
      14.615     0.999023      5892974      1024.00
      14.847     0.999121      5893541      1137.78
      15.119     0.999219      5894117      1280.00
      15.431     0.999316      5894692      1462.86
      15.687     0.999414      5895273      1706.67
      15.887     0.999512      5895853      2048.00
      15.999     0.999561      5896136      2275.56
      16.111     0.999609      5896412      2560.00
      16.303     0.999658      5896712      2925.71
      16.543     0.999707      5896998      3413.33
      16.927     0.999756      5897283      4096.00
      17.199     0.999780      5897422      4551.11
      17.583     0.999805      5897569      5120.00
      18.079     0.999829      5897710      5851.43
      18.639     0.999854      5897852      6826.67
      19.343     0.999878      5897998      8192.00
      19.647     0.999890      5898067      9102.22
      20.015     0.999902      5898139     10240.00
      20.591     0.999915      5898211     11702.86
      21.167     0.999927      5898285     13653.33
      21.903     0.999939      5898356     16384.00
      22.303     0.999945      5898391     18204.44
      22.799     0.999951      5898427     20480.00
      23.247     0.999957      5898464     23405.71
      23.871     0.999963      5898502     27306.67
      24.895     0.999969      5898535     32768.00
      25.487     0.999973      5898553     36408.89
      26.335     0.999976      5898571     40960.00
      27.407     0.999979      5898589     46811.43
      28.175     0.999982      5898607     54613.33
      29.023     0.999985      5898625     65536.00
      29.679     0.999986      5898634     72817.78
      30.655     0.999988      5898643     81920.00
      31.903     0.999989      5898653     93622.86
      34.687     0.999991      5898661    109226.67
      35.999     0.999992      5898670    131072.00
      40.223     0.999993      5898675    145635.56
      44.319     0.999994      5898679    163840.00
      50.847     0.999995      5898684    187245.71
      51.935     0.999995      5898688    218453.33
      52.255     0.999996      5898693    262144.00
      53.247     0.999997      5898695    291271.11
      54.047     0.999997      5898697    327680.00
      58.207     0.999997      5898700    374491.43
      58.911     0.999998      5898702    436906.67
      59.551     0.999998      5898704    524288.00
      59.839     0.999998      5898705    582542.22
      59.903     0.999998      5898706    655360.00
      60.319     0.999999      5898708    748982.86
      60.383     0.999999      5898709    873813.33
      60.447     0.999999      5898710   1048576.00
      60.447     0.999999      5898710   1165084.44
      60.479     0.999999      5898712   1310720.00
      60.479     0.999999      5898712   1497965.71
      60.479     0.999999      5898712   1747626.67
      64.895     1.000000      5898713   2097152.00
      64.895     1.000000      5898713   2330168.89
      64.895     1.000000      5898713   2621440.00
      67.135     1.000000      5898714   2995931.43
      67.135     1.000000      5898714   3495253.33
      67.135     1.000000      5898714   4194304.00
      67.135     1.000000      5898714   4660337.78
      67.135     1.000000      5898714   5242880.00
      68.927     1.000000      5898715   5991862.86
      68.927     1.000000      5898715          inf
#[Mean    =        3.454, StdDeviation   =        2.851]
#[Max     =       68.864, Total count    =      5898715]
#[Buckets =           27, SubBuckets     =         2048]
----------------------------------------------------------
  5998199 requests in 10.00m, 1.00GB read
Requests/sec:   9997.00
Transfer/sec:      1.71MB
