Running 10m test @ http://localhost:9999/math/plus?x=1&y=2
  16 threads and 400 connections
  Thread calibration: mean lat.: 3.776ms, rate sampling interval: 15ms
  Thread calibration: mean lat.: 3.857ms, rate sampling interval: 16ms
  Thread calibration: mean lat.: 3.661ms, rate sampling interval: 16ms
  Thread calibration: mean lat.: 1.932ms, rate sampling interval: 10ms
  Thread calibration: mean lat.: 2.104ms, rate sampling interval: 10ms
  Thread calibration: mean lat.: 3.820ms, rate sampling interval: 16ms
  Thread calibration: mean lat.: 3.720ms, rate sampling interval: 16ms
  Thread calibration: mean lat.: 3.568ms, rate sampling interval: 15ms
  Thread calibration: mean lat.: 3.770ms, rate sampling interval: 15ms
  Thread calibration: mean lat.: 2.894ms, rate sampling interval: 11ms
  Thread calibration: mean lat.: 3.705ms, rate sampling interval: 16ms
  Thread calibration: mean lat.: 3.889ms, rate sampling interval: 16ms
  Thread calibration: mean lat.: 3.912ms, rate sampling interval: 15ms
  Thread calibration: mean lat.: 3.741ms, rate sampling interval: 15ms
  Thread calibration: mean lat.: 3.728ms, rate sampling interval: 15ms
  Thread calibration: mean lat.: 3.949ms, rate sampling interval: 17ms
  Thread Stats   Avg      Stdev     Max   +/- Stdev
    Latency     3.05ms    2.57ms  37.41ms   84.45%
    Req/Sec   649.11    682.29     2.78k    83.10%
  Latency Distribution (HdrHistogram - Recorded Latency)
 50.000%    2.16ms
 75.000%    3.88ms
 90.000%    6.58ms
 99.000%   12.60ms
 99.900%   17.50ms
 99.990%   21.68ms
 99.999%   28.90ms
100.000%   37.44ms

  Detailed Percentile spectrum:
       Value   Percentile   TotalCount 1/(1-Percentile)

       0.087     0.000000            1         1.00
       0.894     0.100000       591033         1.11
       1.212     0.200000      1180679         1.25
       1.495     0.300000      1771534         1.43
       1.797     0.400000      2359942         1.67
       2.159     0.500000      2949394         2.00
       2.385     0.550000      3244963         2.22
       2.659     0.600000      3539977         2.50
       2.993     0.650000      3835803         2.86
       3.391     0.700000      4129802         3.33
       3.881     0.750000      4424383         4.00
       4.159     0.775000      4571545         4.44
       4.475     0.800000      4719465         5.00
       4.867     0.825000      4866653         5.71
       5.351     0.850000      5014852         6.67
       5.915     0.875000      5161820         8.00
       6.239     0.887500      5235922         8.89
       6.583     0.900000      5309532        10.00
       6.959     0.912500      5382657        11.43
       7.371     0.925000      5456582        13.33
       7.839     0.937500      5530345        16.00
       8.099     0.943750      5567185        17.78
       8.383     0.950000      5604392        20.00
       8.703     0.956250      5641272        22.86
       9.071     0.962500      5678094        26.67
       9.503     0.968750      5714744        32.00
       9.767     0.971875      5733243        35.56
      10.063     0.975000      5751323        40.00
      10.415     0.978125      5769905        45.71
      10.831     0.981250      5788235        53.33
      11.351     0.984375      5806611        64.00
      11.655     0.985938      5815736        71.11
      12.007     0.987500      5825140        80.00
      12.367     0.989062      5834220        91.43
      12.767     0.990625      5843521       106.67
      13.207     0.992188      5852689       128.00
      13.447     0.992969      5857225       142.22
      13.719     0.993750      5861920       160.00
      14.015     0.994531      5866518       182.86
      14.335     0.995313      5871033       213.33
      14.727     0.996094      5875713       256.00
      14.951     0.996484      5877965       284.44
      15.199     0.996875      5880261       320.00
      15.495     0.997266      5882577       365.71
      15.839     0.997656      5884860       426.67
      16.223     0.998047      5887194       512.00
      16.431     0.998242      5888325       568.89
      16.671     0.998437      5889515       640.00
      16.927     0.998633      5890644       731.43
      17.215     0.998828      5891829       853.33
      17.535     0.999023      5892935      1024.00
      17.727     0.999121      5893505      1137.78
      17.935     0.999219      5894088      1280.00
      18.175     0.999316      5894668      1462.86
      18.431     0.999414      5895248      1706.67
      18.719     0.999512      5895801      2048.00
      18.911     0.999561      5896104      2275.56
      19.103     0.999609      5896387      2560.00
      19.343     0.999658      5896665      2925.71
      19.615     0.999707      5896956      3413.33
      19.967     0.999756      5897254      4096.00
      20.159     0.999780      5897390      4551.11
      20.367     0.999805      5897532      5120.00
      20.591     0.999829      5897678      5851.43
      20.895     0.999854      5897822      6826.67
      21.279     0.999878      5897964      8192.00
      21.487     0.999890      5898032      9102.22
      21.727     0.999902      5898103     10240.00
      21.999     0.999915      5898175     11702.86
      22.383     0.999927      5898248     13653.33
      23.055     0.999939      5898320     16384.00
      23.439     0.999945      5898355     18204.44
      23.839     0.999951      5898392     20480.00
      24.223     0.999957      5898428     23405.71
      24.735     0.999963      5898463     27306.67
      25.247     0.999969      5898499     32768.00
      25.599     0.999973      5898517     36408.89
      26.111     0.999976      5898535     40960.00
      26.623     0.999979      5898553     46811.43
      27.295     0.999982      5898571     54613.33
      27.967     0.999985      5898590     65536.00
      28.111     0.999986      5898598     72817.78
      28.319     0.999988      5898607     81920.00
      28.591     0.999989      5898616     93622.86
      29.007     0.999991      5898625    109226.67
      29.679     0.999992      5898634    131072.00
      30.511     0.999993      5898639    145635.56
      31.183     0.999994      5898643    163840.00
      31.647     0.999995      5898648    187245.71
      32.031     0.999995      5898652    218453.33
      32.239     0.999996      5898657    262144.00
      32.431     0.999997      5898659    291271.11
      32.479     0.999997      5898661    327680.00
      32.991     0.999997      5898665    374491.43
      33.055     0.999998      5898666    436906.67
      33.183     0.999998      5898668    524288.00
      33.311     0.999998      5898669    582542.22
      33.759     0.999998      5898670    655360.00
      34.143     0.999999      5898672    748982.86
      34.943     0.999999      5898673    873813.33
      35.743     0.999999      5898674   1048576.00
      35.743     0.999999      5898674   1165084.44
      35.967     0.999999      5898675   1310720.00
      36.063     0.999999      5898676   1497965.71
      36.063     0.999999      5898676   1747626.67
      36.095     1.000000      5898677   2097152.00
      36.095     1.000000      5898677   2330168.89
      36.095     1.000000      5898677   2621440.00
      36.511     1.000000      5898678   2995931.43
      36.511     1.000000      5898678   3495253.33
      36.511     1.000000      5898678   4194304.00
      36.511     1.000000      5898678   4660337.78
      36.511     1.000000      5898678   5242880.00
      37.439     1.000000      5898679   5991862.86
      37.439     1.000000      5898679          inf
#[Mean    =        3.051, StdDeviation   =        2.569]
#[Max     =       37.408, Total count    =      5898679]
#[Buckets =           27, SubBuckets     =         2048]
----------------------------------------------------------
  5997600 requests in 10.00m, 1.00GB read
Requests/sec:   9995.98
Transfer/sec:      1.71MB
