Running 10m test @ http://localhost:9999/math/plus?x=1&y=2
  16 threads and 400 connections
  Thread calibration: mean lat.: 4.938ms, rate sampling interval: 23ms
  Thread calibration: mean lat.: 5.391ms, rate sampling interval: 25ms
  Thread calibration: mean lat.: 4.448ms, rate sampling interval: 22ms
  Thread calibration: mean lat.: 4.906ms, rate sampling interval: 23ms
  Thread calibration: mean lat.: 5.058ms, rate sampling interval: 24ms
  Thread calibration: mean lat.: 5.079ms, rate sampling interval: 24ms
  Thread calibration: mean lat.: 4.879ms, rate sampling interval: 23ms
  Thread calibration: mean lat.: 4.994ms, rate sampling interval: 23ms
  Thread calibration: mean lat.: 4.956ms, rate sampling interval: 23ms
  Thread calibration: mean lat.: 5.128ms, rate sampling interval: 24ms
  Thread calibration: mean lat.: 4.872ms, rate sampling interval: 23ms
  Thread calibration: mean lat.: 5.157ms, rate sampling interval: 24ms
  Thread calibration: mean lat.: 4.772ms, rate sampling interval: 23ms
  Thread calibration: mean lat.: 5.894ms, rate sampling interval: 26ms
  Thread calibration: mean lat.: 4.361ms, rate sampling interval: 22ms
  Thread calibration: mean lat.: 5.218ms, rate sampling interval: 24ms
  Thread Stats   Avg      Stdev     Max   +/- Stdev
    Latency     4.25ms    4.81ms  71.42ms   86.02%
    Req/Sec     1.28k   244.25     3.18k    76.21%
  Latency Distribution (HdrHistogram - Recorded Latency)
 50.000%    2.28ms
 75.000%    5.52ms
 90.000%   10.83ms
 99.000%   22.35ms
 99.900%   35.39ms
 99.990%   47.71ms
 99.999%   56.67ms
100.000%   71.49ms

  Detailed Percentile spectrum:
       Value   Percentile   TotalCount 1/(1-Percentile)

       0.084     0.000000            1         1.00
       0.718     0.100000      1181358         1.11
       1.066     0.200000      2359721         1.25
       1.371     0.300000      3540981         1.43
       1.742     0.400000      4719463         1.67
       2.277     0.500000      5898918         2.00
       2.643     0.550000      6490303         2.22
       3.101     0.600000      7078585         2.50
       3.683     0.650000      7669419         2.86
       4.439     0.700000      8259753         3.33
       5.523     0.750000      8849716         4.00
       6.215     0.775000      9144468         4.44
       6.967     0.800000      9438994         5.00
       7.783     0.825000      9733378         5.71
       8.679     0.850000     10030287         6.67
       9.671     0.875000     10323859         8.00
      10.231     0.887500     10472029         8.89
      10.831     0.900000     10618167        10.00
      11.503     0.912500     10766404        11.43
      12.239     0.925000     10913798        13.33
      13.063     0.937500     11061464        16.00
      13.511     0.943750     11134149        17.78
      14.007     0.950000     11208706        20.00
      14.543     0.956250     11281688        22.86
      15.167     0.962500     11355883        26.67
      15.903     0.968750     11428886        32.00
      16.367     0.971875     11465837        35.56
      16.927     0.975000     11502983        40.00
      17.567     0.978125     11539672        45.71
      18.335     0.981250     11576905        53.33
      19.279     0.984375     11613373        64.00
      19.871     0.985938     11631950        71.11
      20.623     0.987500     11650265        80.00
      21.647     0.989062     11668578        91.43
      22.831     0.990625     11687154       106.67
      24.095     0.992188     11705545       128.00
      24.799     0.992969     11714636       142.22
      25.599     0.993750     11723829       160.00
      26.495     0.994531     11733086       182.86
      27.439     0.995313     11742352       213.33
      28.479     0.996094     11751541       256.00
      29.055     0.996484     11756151       284.44
      29.711     0.996875     11760774       320.00
      30.415     0.997266     11765339       365.71
      31.247     0.997656     11769916       426.67
      32.191     0.998047     11774509       512.00
      32.735     0.998242     11776824       568.89
      33.343     0.998437     11779216       640.00
      33.983     0.998633     11781493       731.43
      34.687     0.998828     11783783       853.33
      35.519     0.999023     11786035      1024.00
      36.063     0.999121     11787226      1137.78
      36.671     0.999219     11788378      1280.00
      37.343     0.999316     11789505      1462.86
      38.143     0.999414     11790654      1706.67
      39.039     0.999512     11791812      2048.00
      39.615     0.999561     11792381      2275.56
      40.191     0.999609     11792949      2560.00
      41.023     0.999658     11793544      2925.71
      41.983     0.999707     11794100      3413.33
      43.103     0.999756     11794681      4096.00
      43.647     0.999780     11794960      4551.11
      44.255     0.999805     11795264      5120.00
      44.959     0.999829     11795536      5851.43
      45.855     0.999854     11795831      6826.67
      46.751     0.999878     11796113      8192.00
      47.263     0.999890     11796260      9102.22
      47.807     0.999902     11796405     10240.00
      48.415     0.999915     11796546     11702.86
      49.087     0.999927     11796688     13653.33
      49.887     0.999939     11796832     16384.00
      50.335     0.999945     11796904     18204.44
      50.943     0.999951     11796980     20480.00
      51.455     0.999957     11797047     23405.71
      51.999     0.999963     11797120     27306.67
      52.703     0.999969     11797192     32768.00
      53.183     0.999973     11797227     36408.89
      53.567     0.999976     11797263     40960.00
      54.047     0.999979     11797301     46811.43
      54.655     0.999982     11797336     54613.33
      55.135     0.999985     11797374     65536.00
      55.583     0.999986     11797390     72817.78
      55.903     0.999988     11797407     81920.00
      56.383     0.999989     11797425     93622.86
      57.023     0.999991     11797443    109226.67
      57.727     0.999992     11797463    131072.00
      58.079     0.999993     11797470    145635.56
      58.495     0.999994     11797480    163840.00
      58.847     0.999995     11797488    187245.71
      59.295     0.999995     11797497    218453.33
      59.583     0.999996     11797506    262144.00
      60.223     0.999997     11797511    291271.11
      61.215     0.999997     11797516    327680.00
      61.535     0.999997     11797521    374491.43
      61.887     0.999998     11797524    436906.67
      63.007     0.999998     11797530    524288.00
      63.359     0.999998     11797531    582542.22
      63.807     0.999998     11797534    655360.00
      64.543     0.999999     11797536    748982.86
      65.791     0.999999     11797538    873813.33
      66.623     0.999999     11797541   1048576.00
      66.623     0.999999     11797541   1165084.44
      66.687     0.999999     11797542   1310720.00
      68.031     0.999999     11797544   1497965.71
      68.159     0.999999     11797545   1747626.67
      68.287     1.000000     11797546   2097152.00
      68.287     1.000000     11797546   2330168.89
      69.247     1.000000     11797547   2621440.00
      69.695     1.000000     11797548   2995931.43
      69.695     1.000000     11797548   3495253.33
      70.271     1.000000     11797549   4194304.00
      70.271     1.000000     11797549   4660337.78
      70.271     1.000000     11797549   5242880.00
      70.783     1.000000     11797550   5991862.86
      70.783     1.000000     11797550   6990506.67
      70.783     1.000000     11797550   8388608.00
      70.783     1.000000     11797550   9320675.55
      70.783     1.000000     11797550  10485760.00
      71.487     1.000000     11797551  11983725.71
      71.487     1.000000     11797551          inf
#[Mean    =        4.248, StdDeviation   =        4.808]
#[Max     =       71.424, Total count    =     11797551]
#[Buckets =           27, SubBuckets     =         2048]
----------------------------------------------------------
  11996374 requests in 10.00m, 2.00GB read
Requests/sec:  19993.95
Transfer/sec:      3.41MB
