Running 10m test @ http://localhost:9999/math/plus?x=1&y=2
  16 threads and 400 connections
  Thread calibration: mean lat.: 1.524ms, rate sampling interval: 10ms
  Thread calibration: mean lat.: 1.480ms, rate sampling interval: 10ms
  Thread calibration: mean lat.: 1.485ms, rate sampling interval: 10ms
  Thread calibration: mean lat.: 1.500ms, rate sampling interval: 10ms
  Thread calibration: mean lat.: 1.437ms, rate sampling interval: 10ms
  Thread calibration: mean lat.: 1.685ms, rate sampling interval: 10ms
  Thread calibration: mean lat.: 1.573ms, rate sampling interval: 10ms
  Thread calibration: mean lat.: 1.500ms, rate sampling interval: 10ms
  Thread calibration: mean lat.: 1.496ms, rate sampling interval: 10ms
  Thread calibration: mean lat.: 1.462ms, rate sampling interval: 10ms
  Thread calibration: mean lat.: 1.452ms, rate sampling interval: 10ms
  Thread calibration: mean lat.: 1.487ms, rate sampling interval: 10ms
  Thread calibration: mean lat.: 1.433ms, rate sampling interval: 10ms
  Thread calibration: mean lat.: 1.441ms, rate sampling interval: 10ms
  Thread calibration: mean lat.: 1.417ms, rate sampling interval: 10ms
  Thread calibration: mean lat.: 1.442ms, rate sampling interval: 10ms
  Thread Stats   Avg      Stdev     Max   +/- Stdev
    Latency     1.38ms    1.96ms  83.90ms   96.06%
    Req/Sec     1.32k   394.82     5.60k    67.43%
  Latency Distribution (HdrHistogram - Recorded Latency)
 50.000%    1.08ms
 75.000%    1.47ms
 90.000%    1.95ms
 99.000%    9.59ms
 99.900%   27.01ms
 99.990%   43.97ms
 99.999%   61.47ms
100.000%   83.97ms

  Detailed Percentile spectrum:
       Value   Percentile   TotalCount 1/(1-Percentile)

       0.081     0.000000            1         1.00
       0.442     0.100000      1181049         1.11
       0.629     0.200000      2363363         1.25
       0.787     0.300000      3541470         1.43
       0.933     0.400000      4721509         1.67
       1.075     0.500000      5902484         2.00
       1.145     0.550000      6490179         2.22
       1.216     0.600000      7080007         2.50
       1.293     0.650000      7675320         2.86
       1.375     0.700000      8262553         3.33
       1.466     0.750000      8848470         4.00
       1.518     0.775000      9148269         4.44
       1.574     0.800000      9439430         5.00
       1.639     0.825000      9734862         5.71
       1.717     0.850000     10031318         6.67
       1.814     0.875000     10322965         8.00
       1.875     0.887500     10471349         8.89
       1.947     0.900000     10619349        10.00
       2.036     0.912500     10766482        11.43
       2.153     0.925000     10913472        13.33
       2.323     0.937500     11060521        16.00
       2.445     0.943750     11134230        17.78
       2.629     0.950000     11208162        20.00
       2.953     0.956250     11281688        22.86
       3.547     0.962500     11355255        26.67
       4.315     0.968750     11429054        32.00
       4.771     0.971875     11465835        35.56
       5.287     0.975000     11502639        40.00
       5.883     0.978125     11539553        45.71
       6.583     0.981250     11576453        53.33
       7.443     0.984375     11613330        64.00
       7.903     0.985938     11631620        71.11
       8.463     0.987500     11650221        80.00
       9.127     0.989062     11668548        91.43
       9.935     0.990625     11687005       106.67
      10.935     0.992188     11705360       128.00
      11.551     0.992969     11714669       142.22
      12.263     0.993750     11723873       160.00
      13.127     0.994531     11733074       182.86
      14.151     0.995313     11742293       213.33
      15.487     0.996094     11751452       256.00
      16.255     0.996484     11756046       284.44
      17.183     0.996875     11760694       320.00
      18.223     0.997266     11765299       365.71
      19.535     0.997656     11769887       426.67
      21.215     0.998047     11774503       512.00
      22.191     0.998242     11776810       568.89
      23.263     0.998437     11779113       640.00
      24.447     0.998633     11781399       731.43
      25.711     0.998828     11783712       853.33
      27.199     0.999023     11786013      1024.00
      28.015     0.999121     11787172      1137.78
      28.911     0.999219     11788311      1280.00
      29.951     0.999316     11789470      1462.86
      31.247     0.999414     11790615      1706.67
      32.671     0.999512     11791766      2048.00
      33.439     0.999561     11792353      2275.56
      34.303     0.999609     11792923      2560.00
      35.263     0.999658     11793500      2925.71
      36.351     0.999707     11794068      3413.33
      37.727     0.999756     11794647      4096.00
      38.431     0.999780     11794931      4551.11
      39.263     0.999805     11795219      5120.00
      40.191     0.999829     11795511      5851.43
      41.247     0.999854     11795797      6826.67
      42.655     0.999878     11796083      8192.00
      43.391     0.999890     11796227      9102.22
      44.095     0.999902     11796374     10240.00
      44.927     0.999915     11796514     11702.86
      45.983     0.999927     11796658     13653.33
      47.199     0.999939     11796806     16384.00
      47.935     0.999945     11796874     18204.44
      48.799     0.999951     11796945     20480.00
      49.951     0.999957     11797018     23405.71
      51.039     0.999963     11797089     27306.67
      52.511     0.999969     11797161     32768.00
      53.471     0.999973     11797197     36408.89
      54.207     0.999976     11797234     40960.00
      55.135     0.999979     11797269     46811.43
      56.287     0.999982     11797306     54613.33
      57.535     0.999985     11797341     65536.00
      58.815     0.999986     11797360     72817.78
      59.647     0.999988     11797377     81920.00
      61.055     0.999989     11797395     93622.86
      62.175     0.999991     11797413    109226.67
      63.327     0.999992     11797431    131072.00
      64.191     0.999993     11797440    145635.56
      65.055     0.999994     11797449    163840.00
      65.343     0.999995     11797458    187245.71
      66.111     0.999995     11797467    218453.33
      67.199     0.999996     11797476    262144.00
      67.519     0.999997     11797481    291271.11
      69.119     0.999997     11797485    327680.00
      70.143     0.999997     11797490    374491.43
      70.719     0.999998     11797494    436906.67
      72.191     0.999998     11797499    524288.00
      72.703     0.999998     11797502    582542.22
      73.087     0.999998     11797504    655360.00
      73.343     0.999999     11797506    748982.86
      74.367     0.999999     11797508    873813.33
      74.431     0.999999     11797510   1048576.00
      74.559     0.999999     11797511   1165084.44
      75.071     0.999999     11797513   1310720.00
      75.199     0.999999     11797514   1497965.71
      75.775     0.999999     11797515   1747626.67
      76.351     1.000000     11797516   2097152.00
      76.351     1.000000     11797516   2330168.89
      76.799     1.000000     11797517   2621440.00
      76.927     1.000000     11797518   2995931.43
      76.927     1.000000     11797518   3495253.33
      78.079     1.000000     11797519   4194304.00
      78.079     1.000000     11797519   4660337.78
      78.079     1.000000     11797519   5242880.00
      78.719     1.000000     11797520   5991862.86
      78.719     1.000000     11797520   6990506.67
      78.719     1.000000     11797520   8388608.00
      78.719     1.000000     11797520   9320675.55
      78.719     1.000000     11797520  10485760.00
      83.967     1.000000     11797521  11983725.71
      83.967     1.000000     11797521          inf
#[Mean    =        1.379, StdDeviation   =        1.961]
#[Max     =       83.904, Total count    =     11797521]
#[Buckets =           27, SubBuckets     =         2048]
----------------------------------------------------------
  11998801 requests in 10.00m, 2.00GB read
Requests/sec:  19997.91
Transfer/sec:      3.41MB
