Running 10m test @ http://localhost:9999/math/plus?x=1&y=2
  16 threads and 400 connections
  Thread calibration: mean lat.: 3.032ms, rate sampling interval: 10ms
  Thread calibration: mean lat.: 2.643ms, rate sampling interval: 10ms
  Thread calibration: mean lat.: 2.530ms, rate sampling interval: 10ms
  Thread calibration: mean lat.: 2.682ms, rate sampling interval: 10ms
  Thread calibration: mean lat.: 2.880ms, rate sampling interval: 10ms
  Thread calibration: mean lat.: 2.930ms, rate sampling interval: 10ms
  Thread calibration: mean lat.: 2.917ms, rate sampling interval: 10ms
  Thread calibration: mean lat.: 3.065ms, rate sampling interval: 10ms
  Thread calibration: mean lat.: 2.867ms, rate sampling interval: 10ms
  Thread calibration: mean lat.: 2.649ms, rate sampling interval: 10ms
  Thread calibration: mean lat.: 2.511ms, rate sampling interval: 10ms
  Thread calibration: mean lat.: 3.122ms, rate sampling interval: 10ms
  Thread calibration: mean lat.: 1.548ms, rate sampling interval: 10ms
  Thread calibration: mean lat.: 2.217ms, rate sampling interval: 10ms
  Thread calibration: mean lat.: 3.193ms, rate sampling interval: 10ms
  Thread calibration: mean lat.: 3.091ms, rate sampling interval: 10ms
  Thread Stats   Avg      Stdev     Max   +/- Stdev
    Latency     2.59ms   12.15ms   1.01s    99.27%
    Req/Sec     1.97k   598.66     7.67k    70.14%
  Latency Distribution (HdrHistogram - Recorded Latency)
 50.000%    1.82ms
 75.000%    3.25ms
 90.000%    4.26ms
 99.000%   12.02ms
 99.900%   37.66ms
 99.990%  765.95ms
 99.999%  977.41ms
100.000%    1.01s 

  Detailed Percentile spectrum:
       Value   Percentile   TotalCount 1/(1-Percentile)

       0.075     0.000000            1         1.00
       0.570     0.100000      1771637         1.11
       0.858     0.200000      3540711         1.25
       1.123     0.300000      5309194         1.43
       1.418     0.400000      7080494         1.67
       1.822     0.500000      8850425         2.00
       2.085     0.550000      9738386         2.22
       2.373     0.600000     10618174         2.50
       2.665     0.650000     11504396         2.86
       2.955     0.700000     12389836         3.33
       3.249     0.750000     13277510         4.00
       3.397     0.775000     13716421         4.44
       3.551     0.800000     14160055         5.00
       3.711     0.825000     14604083         5.71
       3.879     0.850000     15043423         6.67
       4.061     0.875000     15487777         8.00
       4.159     0.887500     15710560         8.89
       4.263     0.900000     15930454        10.00
       4.375     0.912500     16149769        11.43
       4.499     0.925000     16369125        13.33
       4.647     0.937500     16593387        16.00
       4.731     0.943750     16703576        17.78
       4.827     0.950000     16813317        20.00
       4.943     0.956250     16923118        22.86
       5.099     0.962500     17034552        26.67
       5.331     0.968750     17144189        32.00
       5.515     0.971875     17198933        35.56
       5.863     0.975000     17254243        40.00
       6.691     0.978125     17309262        45.71
       7.795     0.981250     17364600        53.33
       9.095     0.984375     17419993        64.00
       9.823     0.985938     17447632        71.11
      10.679     0.987500     17475128        80.00
      11.567     0.989062     17502976        91.43
      12.391     0.990625     17530440       106.67
      13.919     0.992188     17558076       128.00
      15.263     0.992969     17571876       142.22
      16.607     0.993750     17585702       160.00
      18.079     0.994531     17599579       182.86
      19.679     0.995313     17613370       213.33
      21.711     0.996094     17627251       256.00
      22.927     0.996484     17634180       284.44
      24.207     0.996875     17641022       320.00
      25.583     0.997266     17647958       365.71
      27.247     0.997656     17654857       426.67
      29.567     0.998047     17661742       512.00
      30.815     0.998242     17665224       568.89
      32.095     0.998437     17668662       640.00
      33.695     0.998633     17672150       731.43
      35.711     0.998828     17675612       853.33
      37.983     0.999023     17679051      1024.00
      39.327     0.999121     17680774      1137.78
      41.407     0.999219     17682492      1280.00
      43.999     0.999316     17684215      1462.86
      47.871     0.999414     17685941      1706.67
      55.231     0.999512     17687659      2048.00
      65.183     0.999561     17688522      2275.56
      96.383     0.999609     17689388      2560.00
     194.559     0.999658     17690250      2925.71
     310.015     0.999707     17691114      3413.33
     425.727     0.999756     17691982      4096.00
     483.327     0.999780     17692410      4551.11
     540.159     0.999805     17692842      5120.00
     598.527     0.999829     17693275      5851.43
     656.895     0.999854     17693714      6826.67
     712.703     0.999878     17694143      8192.00
     743.423     0.999890     17694354      9102.22
     771.583     0.999902     17694573     10240.00
     799.743     0.999915     17694795     11702.86
     829.439     0.999927     17695007     13653.33
     857.599     0.999939     17695221     16384.00
     871.935     0.999945     17695326     18204.44
     886.271     0.999951     17695447     20480.00
     900.095     0.999957     17695547     23405.71
     916.991     0.999963     17695653     27306.67
     930.815     0.999969     17695766     32768.00
     936.959     0.999973     17695816     36408.89
     945.663     0.999976     17695872     40960.00
     951.807     0.999979     17695921     46811.43
     958.463     0.999982     17695979     54613.33
     966.143     0.999985     17696033     65536.00
     970.751     0.999986     17696068     72817.78
     972.799     0.999988     17696083     81920.00
     976.383     0.999989     17696109     93622.86
     979.455     0.999991     17696141    109226.67
     983.551     0.999992     17696165    131072.00
     985.599     0.999993     17696179    145635.56
     986.111     0.999994     17696196    163840.00
     989.183     0.999995     17696207    187245.71
     990.207     0.999995     17696219    218453.33
     992.255     0.999996     17696242    262144.00
     992.255     0.999997     17696242    291271.11
     992.767     0.999997     17696248    327680.00
     995.839     0.999997     17696252    374491.43
     996.351     0.999998     17696258    436906.67
     997.375     0.999998     17696268    524288.00
     997.375     0.999998     17696268    582542.22
     998.399     0.999998     17696272    655360.00
     998.911     0.999999     17696286    748982.86
     998.911     0.999999     17696286    873813.33
     998.911     0.999999     17696286   1048576.00
     998.911     0.999999     17696286   1165084.44
     998.911     0.999999     17696286   1310720.00
     999.423     0.999999     17696287   1497965.71
     999.935     0.999999     17696290   1747626.67
     999.935     1.000000     17696290   2097152.00
    1000.959     1.000000     17696291   2330168.89
    1003.519     1.000000     17696292   2621440.00
    1004.031     1.000000     17696293   2995931.43
    1004.031     1.000000     17696293   3495253.33
    1004.543     1.000000     17696294   4194304.00
    1005.055     1.000000     17696297   4660337.78
    1005.055     1.000000     17696297   5242880.00
    1005.055     1.000000     17696297   5991862.86
    1005.055     1.000000     17696297   6990506.67
    1005.055     1.000000     17696297   8388608.00
    1005.055     1.000000     17696297   9320675.55
    1005.055     1.000000     17696297  10485760.00
    1005.055     1.000000     17696297  11983725.71
    1005.055     1.000000     17696297  13981013.34
    1005.055     1.000000     17696297  16777216.00
    1006.079     1.000000     17696298  18641351.10
    1006.079     1.000000     17696298          inf
#[Mean    =        2.585, StdDeviation   =       12.150]
#[Max     =     1005.568, Total count    =     17696298]
#[Buckets =           27, SubBuckets     =         2048]
----------------------------------------------------------
  17997648 requests in 10.00m, 3.00GB read
Requests/sec:  29996.03
Transfer/sec:      5.12MB
