Running 10m test @ http://localhost:9999/math/plus?x=1&y=2
  16 threads and 400 connections
  Thread calibration: mean lat.: 2.315ms, rate sampling interval: 10ms
  Thread calibration: mean lat.: 2.324ms, rate sampling interval: 10ms
  Thread calibration: mean lat.: 2.426ms, rate sampling interval: 10ms
  Thread calibration: mean lat.: 2.415ms, rate sampling interval: 10ms
  Thread calibration: mean lat.: 2.487ms, rate sampling interval: 12ms
  Thread calibration: mean lat.: 2.458ms, rate sampling interval: 11ms
  Thread calibration: mean lat.: 2.429ms, rate sampling interval: 10ms
  Thread calibration: mean lat.: 2.532ms, rate sampling interval: 12ms
  Thread calibration: mean lat.: 2.367ms, rate sampling interval: 10ms
  Thread calibration: mean lat.: 2.343ms, rate sampling interval: 10ms
  Thread calibration: mean lat.: 2.551ms, rate sampling interval: 12ms
  Thread calibration: mean lat.: 2.618ms, rate sampling interval: 11ms
  Thread calibration: mean lat.: 2.605ms, rate sampling interval: 12ms
  Thread calibration: mean lat.: 2.688ms, rate sampling interval: 14ms
  Thread calibration: mean lat.: 2.481ms, rate sampling interval: 12ms
  Thread calibration: mean lat.: 2.301ms, rate sampling interval: 10ms
  Thread Stats   Avg      Stdev     Max   +/- Stdev
    Latency     2.06ms    8.74ms   1.01s    98.36%
    Req/Sec     1.31k   524.92     4.45k    66.75%
  Latency Distribution (HdrHistogram - Recorded Latency)
 50.000%    1.27ms
 75.000%    1.85ms
 90.000%    3.84ms
 99.000%   12.69ms
 99.900%   26.88ms
 99.990%  525.82ms
 99.999%  958.97ms
100.000%    1.01s 

  Detailed Percentile spectrum:
       Value   Percentile   TotalCount 1/(1-Percentile)

       0.075     0.000000            1         1.00
       0.539     0.100000      1182306         1.11
       0.759     0.200000      2360892         1.25
       0.943     0.300000      3541953         1.43
       1.110     0.400000      4719967         1.67
       1.275     0.500000      5899402         2.00
       1.365     0.550000      6491877         2.22
       1.462     0.600000      7079552         2.50
       1.570     0.650000      7668272         2.86
       1.693     0.700000      8258854         3.33
       1.845     0.750000      8848765         4.00
       1.943     0.775000      9143412         4.44
       2.069     0.800000      9437890         5.00
       2.249     0.825000      9733652         5.71
       2.543     0.850000     10028236         6.67
       3.055     0.875000     10323332         8.00
       3.405     0.887500     10470498         8.89
       3.843     0.900000     10617825        10.00
       4.383     0.912500     10765697        11.43
       5.123     0.925000     10912836        13.33
       5.995     0.937500     11060081        16.00
       6.459     0.943750     11134260        17.78
       6.943     0.950000     11207972        20.00
       7.443     0.956250     11281641        22.86
       7.979     0.962500     11355148        26.67
       8.583     0.968750     11429528        32.00
       8.919     0.971875     11465570        35.56
       9.319     0.975000     11502962        40.00
       9.775     0.978125     11539348        45.71
      10.327     0.981250     11576529        53.33
      10.975     0.984375     11613163        64.00
      11.351     0.985938     11631697        71.11
      11.783     0.987500     11650004        80.00
      12.295     0.989062     11668306        91.43
      12.983     0.990625     11686761       106.67
      13.847     0.992188     11705272       128.00
      14.343     0.992969     11714428       142.22
      14.943     0.993750     11723672       160.00
      15.631     0.994531     11732786       182.86
      16.479     0.995313     11742060       213.33
      17.631     0.996094     11751316       256.00
      18.303     0.996484     11755907       284.44
      19.055     0.996875     11760481       320.00
      19.919     0.997266     11765127       365.71
      20.975     0.997656     11769657       426.67
      22.303     0.998047     11774278       512.00
      22.991     0.998242     11776597       568.89
      23.775     0.998437     11778890       640.00
      24.639     0.998633     11781166       731.43
      25.743     0.998828     11783486       853.33
      27.023     0.999023     11785783      1024.00
      27.791     0.999121     11786951      1137.78
      28.623     0.999219     11788088      1280.00
      29.615     0.999316     11789233      1462.86
      30.863     0.999414     11790393      1706.67
      32.479     0.999512     11791537      2048.00
      33.535     0.999561     11792118      2275.56
      34.815     0.999609     11792699      2560.00
      36.767     0.999658     11793264      2925.71
      39.647     0.999707     11793841      3413.33
      45.055     0.999756     11794418      4096.00
      50.175     0.999780     11794703      4551.11
      78.399     0.999805     11794991      5120.00
     189.567     0.999829     11795280      5851.43
     304.639     0.999854     11795567      6826.67
     420.351     0.999878     11795855      8192.00
     481.279     0.999890     11795999      9102.22
     534.527     0.999902     11796144     10240.00
     596.991     0.999915     11796287     11702.86
     654.847     0.999927     11796436     13653.33
     708.607     0.999939     11796578     16384.00
     739.839     0.999945     11796651     18204.44
     765.951     0.999951     11796719     20480.00
     794.111     0.999957     11796792     23405.71
     824.831     0.999963     11796863     27306.67
     853.503     0.999969     11796939     32768.00
     869.375     0.999973     11796976     36408.89
     885.759     0.999976     11797007     40960.00
     894.975     0.999979     11797043     46811.43
     909.823     0.999982     11797080     54613.33
     925.695     0.999985     11797115     65536.00
     934.911     0.999986     11797135     72817.78
     947.711     0.999988     11797151     81920.00
     955.903     0.999989     11797169     93622.86
     963.071     0.999991     11797187    109226.67
     972.287     0.999992     11797205    131072.00
     975.871     0.999993     11797216    145635.56
     978.431     0.999994     11797226    163840.00
     981.503     0.999995     11797232    187245.71
     986.111     0.999995     11797243    218453.33
     988.159     0.999996     11797250    262144.00
     989.183     0.999997     11797255    291271.11
     990.207     0.999997     11797259    327680.00
     992.767     0.999997     11797264    374491.43
     994.303     0.999998     11797271    436906.67
     994.815     0.999998     11797276    524288.00
     994.815     0.999998     11797276    582542.22
     995.327     0.999998     11797278    655360.00
     998.911     0.999999     11797280    748982.86
    1000.959     0.999999     11797282    873813.33
    1001.983     0.999999     11797284   1048576.00
    1002.495     0.999999     11797286   1165084.44
    1002.495     0.999999     11797286   1310720.00
    1005.055     0.999999     11797289   1497965.71
    1005.055     0.999999     11797289   1747626.67
    1007.103     1.000000     11797290   2097152.00
    1007.103     1.000000     11797290   2330168.89
    1007.615     1.000000     11797291   2621440.00
    1008.127     1.000000     11797292   2995931.43
    1008.127     1.000000     11797292   3495253.33
    1008.639     1.000000     11797293   4194304.00
    1008.639     1.000000     11797293   4660337.78
    1008.639     1.000000     11797293   5242880.00
    1010.175     1.000000     11797294   5991862.86
    1010.175     1.000000     11797294   6990506.67
    1010.175     1.000000     11797294   8388608.00
    1010.175     1.000000     11797294   9320675.55
    1010.175     1.000000     11797294  10485760.00
    1012.735     1.000000     11797295  11983725.71
    1012.735     1.000000     11797295          inf
#[Mean    =        2.062, StdDeviation   =        8.735]
#[Max     =     1012.224, Total count    =     11797295]
#[Buckets =           27, SubBuckets     =         2048]
----------------------------------------------------------
  11997387 requests in 10.00m, 2.00GB read
Requests/sec:  19995.43
Transfer/sec:      3.41MB
