Running 10m test @ http://localhost:9999/math/plus?x=1&y=2
  16 threads and 400 connections
  Thread calibration: mean lat.: 1.420ms, rate sampling interval: 10ms
  Thread calibration: mean lat.: 1.417ms, rate sampling interval: 10ms
  Thread calibration: mean lat.: 1.306ms, rate sampling interval: 10ms
  Thread calibration: mean lat.: 1.479ms, rate sampling interval: 10ms
  Thread calibration: mean lat.: 1.344ms, rate sampling interval: 10ms
  Thread calibration: mean lat.: 1.436ms, rate sampling interval: 10ms
  Thread calibration: mean lat.: 1.411ms, rate sampling interval: 10ms
  Thread calibration: mean lat.: 1.414ms, rate sampling interval: 10ms
  Thread calibration: mean lat.: 1.466ms, rate sampling interval: 10ms
  Thread calibration: mean lat.: 1.424ms, rate sampling interval: 10ms
  Thread calibration: mean lat.: 1.463ms, rate sampling interval: 10ms
  Thread calibration: mean lat.: 1.410ms, rate sampling interval: 10ms
  Thread calibration: mean lat.: 1.292ms, rate sampling interval: 10ms
  Thread calibration: mean lat.: 1.418ms, rate sampling interval: 10ms
  Thread calibration: mean lat.: 1.407ms, rate sampling interval: 10ms
  Thread calibration: mean lat.: 1.388ms, rate sampling interval: 10ms
  Thread Stats   Avg      Stdev     Max   +/- Stdev
    Latency     1.29ms    1.59ms  80.32ms   96.49%
    Req/Sec     1.32k   392.96     4.78k    71.58%
  Latency Distribution (HdrHistogram - Recorded Latency)
 50.000%    1.06ms
 75.000%    1.46ms
 90.000%    1.99ms
 99.000%    7.98ms
 99.900%   21.61ms
 99.990%   36.83ms
 99.999%   52.70ms
100.000%   80.38ms

  Detailed Percentile spectrum:
       Value   Percentile   TotalCount 1/(1-Percentile)

       0.077     0.000000            1         1.00
       0.408     0.100000      1184295         1.11
       0.598     0.200000      2364747         1.25
       0.760     0.300000      3546325         1.43
       0.910     0.400000      4725730         1.67
       1.058     0.500000      5901106         2.00
       1.130     0.550000      6494995         2.22
       1.201     0.600000      7082598         2.50
       1.277     0.650000      7672934         2.86
       1.360     0.700000      8259640         3.33
       1.459     0.750000      8853489         4.00
       1.515     0.775000      9144880         4.44
       1.579     0.800000      9442427         5.00
       1.651     0.825000      9736483         5.71
       1.737     0.850000     10029864         6.67
       1.845     0.875000     10324128         8.00
       1.911     0.887500     10470730         8.89
       1.988     0.900000     10619118        10.00
       2.079     0.912500     10767068        11.43
       2.191     0.925000     10915105        13.33
       2.329     0.937500     11061438        16.00
       2.409     0.943750     11134332        17.78
       2.503     0.950000     11207871        20.00
       2.625     0.956250     11281738        22.86
       2.799     0.962500     11355422        26.67
       3.057     0.968750     11429228        32.00
       3.261     0.971875     11466021        35.56
       3.573     0.975000     11502867        40.00
       4.039     0.978125     11539638        45.71
       4.695     0.981250     11576555        53.33
       5.667     0.984375     11613344        64.00
       6.271     0.985938     11631775        71.11
       6.839     0.987500     11650225        80.00
       7.519     0.989062     11668657        91.43
       8.215     0.990625     11687140       106.67
       9.151     0.992188     11705606       128.00
       9.759     0.992969     11714807       142.22
      10.423     0.993750     11723972       160.00
      11.071     0.994531     11733206       182.86
      11.927     0.995313     11742392       213.33
      12.807     0.996094     11751613       256.00
      13.423     0.996484     11756201       284.44
      14.135     0.996875     11760854       320.00
      14.895     0.997266     11765415       365.71
      15.855     0.997656     11770032       426.67
      16.991     0.998047     11774653       512.00
      17.679     0.998242     11776956       568.89
      18.463     0.998437     11779266       640.00
      19.327     0.998633     11781558       731.43
      20.367     0.998828     11783878       853.33
      21.791     0.999023     11786170      1024.00
      22.591     0.999121     11787314      1137.78
      23.407     0.999219     11788457      1280.00
      24.319     0.999316     11789617      1462.86
      25.359     0.999414     11790760      1706.67
      26.639     0.999512     11791919      2048.00
      27.359     0.999561     11792494      2275.56
      28.095     0.999609     11793070      2560.00
      28.975     0.999658     11793645      2925.71
      30.079     0.999707     11794215      3413.33
      31.423     0.999756     11794795      4096.00
      32.175     0.999780     11795082      4551.11
      32.927     0.999805     11795372      5120.00
      33.695     0.999829     11795658      5851.43
      34.623     0.999854     11795947      6826.67
      35.743     0.999878     11796244      8192.00
      36.319     0.999890     11796380      9102.22
      36.991     0.999902     11796520     10240.00
      37.919     0.999915     11796664     11702.86
      38.815     0.999927     11796812     13653.33
      39.903     0.999939     11796952     16384.00
      40.575     0.999945     11797027     18204.44
      41.279     0.999951     11797098     20480.00
      42.399     0.999957     11797171     23405.71
      43.391     0.999963     11797239     27306.67
      44.639     0.999969     11797312     32768.00
      45.535     0.999973     11797348     36408.89
      46.399     0.999976     11797383     40960.00
      47.199     0.999979     11797419     46811.43
      48.287     0.999982     11797455     54613.33
      49.375     0.999985     11797492     65536.00
      49.951     0.999986     11797510     72817.78
      50.879     0.999988     11797527     81920.00
      52.255     0.999989     11797545     93622.86
      53.695     0.999991     11797563    109226.67
      55.135     0.999992     11797581    131072.00
      56.575     0.999993     11797590    145635.56
      57.759     0.999994     11797599    163840.00
      58.847     0.999995     11797608    187245.71
      60.063     0.999995     11797617    218453.33
      63.007     0.999996     11797626    262144.00
      64.095     0.999997     11797631    291271.11
      65.183     0.999997     11797635    327680.00
      66.431     0.999997     11797640    374491.43
      67.519     0.999998     11797644    436906.67
      67.839     0.999998     11797649    524288.00
      68.415     0.999998     11797651    582542.22
      69.119     0.999998     11797653    655360.00
      70.591     0.999999     11797656    748982.86
      70.975     0.999999     11797658    873813.33
      71.871     0.999999     11797661   1048576.00
      71.871     0.999999     11797661   1165084.44
      72.191     0.999999     11797662   1310720.00
      72.383     0.999999     11797664   1497965.71
      72.639     0.999999     11797665   1747626.67
      72.831     1.000000     11797667   2097152.00
      72.831     1.000000     11797667   2330168.89
      72.831     1.000000     11797667   2621440.00
      73.343     1.000000     11797668   2995931.43
      73.343     1.000000     11797668   3495253.33
      73.983     1.000000     11797669   4194304.00
      73.983     1.000000     11797669   4660337.78
      73.983     1.000000     11797669   5242880.00
      76.095     1.000000     11797670   5991862.86
      76.095     1.000000     11797670   6990506.67
      76.095     1.000000     11797670   8388608.00
      76.095     1.000000     11797670   9320675.55
      76.095     1.000000     11797670  10485760.00
      80.383     1.000000     11797671  11983725.71
      80.383     1.000000     11797671          inf
#[Mean    =        1.289, StdDeviation   =        1.593]
#[Max     =       80.320, Total count    =     11797671]
#[Buckets =           27, SubBuckets     =         2048]
----------------------------------------------------------
  11998848 requests in 10.00m, 2.00GB read
Requests/sec:  19998.04
Transfer/sec:      3.41MB
