Running 10m test @ http://localhost:9999/math/plus?x=1&y=2
  16 threads and 400 connections
  Thread calibration: mean lat.: 5.497ms, rate sampling interval: 23ms
  Thread calibration: mean lat.: 6.050ms, rate sampling interval: 23ms
  Thread calibration: mean lat.: 5.879ms, rate sampling interval: 23ms
  Thread calibration: mean lat.: 6.199ms, rate sampling interval: 23ms
  Thread calibration: mean lat.: 5.840ms, rate sampling interval: 23ms
  Thread calibration: mean lat.: 1.829ms, rate sampling interval: 10ms
  Thread calibration: mean lat.: 6.099ms, rate sampling interval: 23ms
  Thread calibration: mean lat.: 5.166ms, rate sampling interval: 20ms
  Thread calibration: mean lat.: 5.770ms, rate sampling interval: 22ms
  Thread calibration: mean lat.: 5.814ms, rate sampling interval: 23ms
  Thread calibration: mean lat.: 5.874ms, rate sampling interval: 23ms
  Thread calibration: mean lat.: 5.733ms, rate sampling interval: 22ms
  Thread calibration: mean lat.: 5.396ms, rate sampling interval: 20ms
  Thread calibration: mean lat.: 2.184ms, rate sampling interval: 10ms
  Thread calibration: mean lat.: 2.061ms, rate sampling interval: 10ms
  Thread calibration: mean lat.: 5.439ms, rate sampling interval: 18ms
  Thread Stats   Avg      Stdev     Max   +/- Stdev
    Latency     5.27ms    3.82ms  37.15ms   65.75%
    Req/Sec   646.65    677.86     2.78k    90.92%
  Latency Distribution (HdrHistogram - Recorded Latency)
 50.000%    4.26ms
 75.000%    8.16ms
 90.000%   11.05ms
 99.000%   14.14ms
 99.900%   17.04ms
 99.990%   21.49ms
 99.999%   29.97ms
100.000%   37.18ms

  Detailed Percentile spectrum:
       Value   Percentile   TotalCount 1/(1-Percentile)

       0.100     0.000000            1         1.00
       1.216     0.100000       590437         1.11
       1.636     0.200000      1180213         1.25
       2.131     0.300000      1770124         1.43
       2.929     0.400000      2360145         1.67
       4.255     0.500000      2949508         2.00
       5.035     0.550000      3245248         2.22
       5.847     0.600000      3539875         2.50
       6.663     0.650000      3834955         2.86
       7.431     0.700000      4129696         3.33
       8.159     0.750000      4424988         4.00
       8.527     0.775000      4573112         4.44
       8.919     0.800000      4721266         5.00
       9.351     0.825000      4867475         5.71
       9.847     0.850000      5014729         6.67
      10.407     0.875000      5162128         8.00
      10.719     0.887500      5235739         8.89
      11.047     0.900000      5308965        10.00
      11.391     0.912500      5383430        11.43
      11.751     0.925000      5457688        13.33
      12.111     0.937500      5530509        16.00
      12.303     0.943750      5568176        17.78
      12.487     0.950000      5603784        20.00
      12.687     0.956250      5641528        22.86
      12.887     0.962500      5678107        26.67
      13.103     0.968750      5715637        32.00
      13.215     0.971875      5733842        35.56
      13.335     0.975000      5752165        40.00
      13.463     0.978125      5770073        45.71
      13.607     0.981250      5788450        53.33
      13.767     0.984375      5806494        64.00
      13.863     0.985938      5816387        71.11
      13.959     0.987500      5825358        80.00
      14.063     0.989062      5834107        91.43
      14.199     0.990625      5843326       106.67
      14.383     0.992188      5852791       128.00
      14.495     0.992969      5857150       142.22
      14.647     0.993750      5861943       160.00
      14.815     0.994531      5866350       182.86
      15.055     0.995313      5871041       213.33
      15.359     0.996094      5875653       256.00
      15.551     0.996484      5877901       284.44
      15.767     0.996875      5880225       320.00
      15.983     0.997266      5882488       365.71
      16.207     0.997656      5884799       426.67
      16.431     0.998047      5887191       512.00
      16.543     0.998242      5888293       568.89
      16.671     0.998437      5889544       640.00
      16.783     0.998633      5890645       731.43
      16.911     0.998828      5891798       853.33
      17.055     0.999023      5892911      1024.00
      17.135     0.999121      5893437      1137.78
      17.231     0.999219      5894021      1280.00
      17.343     0.999316      5894574      1462.86
      17.503     0.999414      5895181      1706.67
      17.695     0.999512      5895745      2048.00
      17.839     0.999561      5896022      2275.56
      17.999     0.999609      5896297      2560.00
      18.255     0.999658      5896587      2925.71
      18.575     0.999707      5896871      3413.33
      18.991     0.999756      5897156      4096.00
      19.295     0.999780      5897306      4551.11
      19.615     0.999805      5897448      5120.00
      19.951     0.999829      5897595      5851.43
      20.399     0.999854      5897735      6826.67
      20.911     0.999878      5897878      8192.00
      21.199     0.999890      5897948      9102.22
      21.551     0.999902      5898020     10240.00
      22.079     0.999915      5898093     11702.86
      22.671     0.999927      5898164     13653.33
      23.615     0.999939      5898237     16384.00
      24.015     0.999945      5898272     18204.44
      24.543     0.999951      5898309     20480.00
      25.183     0.999957      5898344     23405.71
      25.727     0.999963      5898380     27306.67
      26.191     0.999969      5898416     32768.00
      26.623     0.999973      5898436     36408.89
      26.943     0.999976      5898452     40960.00
      27.295     0.999979      5898471     46811.43
      27.807     0.999982      5898488     54613.33
      28.255     0.999985      5898506     65536.00
      28.799     0.999986      5898515     72817.78
      29.135     0.999988      5898524     81920.00
      29.599     0.999989      5898533     93622.86
      30.207     0.999991      5898543    109226.67
      31.247     0.999992      5898551    131072.00
      31.695     0.999993      5898556    145635.56
      32.175     0.999994      5898562    163840.00
      32.431     0.999995      5898566    187245.71
      32.527     0.999995      5898569    218453.33
      32.767     0.999996      5898574    262144.00
      32.831     0.999997      5898576    291271.11
      33.151     0.999997      5898578    327680.00
      33.343     0.999997      5898581    374491.43
      33.663     0.999998      5898583    436906.67
      33.759     0.999998      5898585    524288.00
      33.951     0.999998      5898586    582542.22
      34.079     0.999998      5898587    655360.00
      34.143     0.999999      5898589    748982.86
      34.239     0.999999      5898590    873813.33
      34.271     0.999999      5898591   1048576.00
      34.271     0.999999      5898591   1165084.44
      34.463     0.999999      5898592   1310720.00
      35.423     0.999999      5898593   1497965.71
      35.423     0.999999      5898593   1747626.67
      35.775     1.000000      5898594   2097152.00
      35.775     1.000000      5898594   2330168.89
      35.775     1.000000      5898594   2621440.00
      36.639     1.000000      5898595   2995931.43
      36.639     1.000000      5898595   3495253.33
      36.639     1.000000      5898595   4194304.00
      36.639     1.000000      5898595   4660337.78
      36.639     1.000000      5898595   5242880.00
      37.183     1.000000      5898596   5991862.86
      37.183     1.000000      5898596          inf
#[Mean    =        5.269, StdDeviation   =        3.819]
#[Max     =       37.152, Total count    =      5898596]
#[Buckets =           27, SubBuckets     =         2048]
----------------------------------------------------------
  5997487 requests in 10.00m, 1.00GB read
Requests/sec:   9995.74
Transfer/sec:      1.71MB
