Running 10m test @ http://localhost:9999/math/plus?x=1&y=2
  16 threads and 400 connections
  Thread calibration: mean lat.: 1.262ms, rate sampling interval: 10ms
  Thread calibration: mean lat.: 1.344ms, rate sampling interval: 10ms
  Thread calibration: mean lat.: 1.249ms, rate sampling interval: 10ms
  Thread calibration: mean lat.: 1.285ms, rate sampling interval: 10ms
  Thread calibration: mean lat.: 1.262ms, rate sampling interval: 10ms
  Thread calibration: mean lat.: 1.252ms, rate sampling interval: 10ms
  Thread calibration: mean lat.: 1.351ms, rate sampling interval: 10ms
  Thread calibration: mean lat.: 1.306ms, rate sampling interval: 10ms
  Thread calibration: mean lat.: 1.316ms, rate sampling interval: 10ms
  Thread calibration: mean lat.: 1.250ms, rate sampling interval: 10ms
  Thread calibration: mean lat.: 1.262ms, rate sampling interval: 10ms
  Thread calibration: mean lat.: 1.296ms, rate sampling interval: 10ms
  Thread calibration: mean lat.: 1.355ms, rate sampling interval: 10ms
  Thread calibration: mean lat.: 1.275ms, rate sampling interval: 10ms
  Thread calibration: mean lat.: 1.268ms, rate sampling interval: 10ms
  Thread calibration: mean lat.: 1.275ms, rate sampling interval: 10ms
  Thread Stats   Avg      Stdev     Max   +/- Stdev
    Latency     1.28ms    1.37ms  67.26ms   95.89%
    Req/Sec     1.98k   476.26     6.44k    74.70%
  Latency Distribution (HdrHistogram - Recorded Latency)
 50.000%    1.07ms
 75.000%    1.47ms
 90.000%    1.93ms
 99.000%    7.45ms
 99.900%   16.66ms
 99.990%   30.48ms
 99.999%   46.30ms
100.000%   67.33ms

  Detailed Percentile spectrum:
       Value   Percentile   TotalCount 1/(1-Percentile)

       0.069     0.000000            1         1.00
       0.443     0.100000      1776806         1.11
       0.625     0.200000      3541364         1.25
       0.779     0.300000      5310638         1.43
       0.923     0.400000      7079692         1.67
       1.065     0.500000      8855189         2.00
       1.136     0.550000      9742114         2.22
       1.209     0.600000     10625749         2.50
       1.287     0.650000     11510851         2.86
       1.372     0.700000     12390218         3.33
       1.470     0.750000     13274923         4.00
       1.525     0.775000     13715387         4.44
       1.586     0.800000     14163154         5.00
       1.652     0.825000     14601293         5.71
       1.727     0.850000     15042274         6.67
       1.816     0.875000     15486244         8.00
       1.868     0.887500     15707354         8.89
       1.927     0.900000     15926790        10.00
       1.998     0.912500     16149762        11.43
       2.087     0.925000     16370519        13.33
       2.211     0.937500     16590742        16.00
       2.297     0.943750     16701331        17.78
       2.411     0.950000     16812685        20.00
       2.567     0.956250     16922269        22.86
       2.803     0.962500     17033074        26.67
       3.183     0.968750     17143584        32.00
       3.471     0.971875     17198835        35.56
       3.849     0.975000     17253870        40.00
       4.319     0.978125     17309195        45.71
       4.895     0.981250     17364426        53.33
       5.571     0.984375     17419988        64.00
       5.999     0.985938     17447588        71.11
       6.507     0.987500     17475113        80.00
       7.071     0.989062     17502726        91.43
       7.727     0.990625     17530336       106.67
       8.535     0.992188     17558156       128.00
       9.015     0.992969     17572023       142.22
       9.503     0.993750     17585651       160.00
       9.999     0.994531     17599598       182.86
      10.567     0.995313     17613335       213.33
      11.223     0.996094     17627209       256.00
      11.591     0.996484     17634066       284.44
      11.991     0.996875     17640992       320.00
      12.431     0.997266     17647932       365.71
      12.991     0.997656     17654781       426.67
      13.687     0.998047     17661701       512.00
      14.143     0.998242     17665147       568.89
      14.687     0.998437     17668618       640.00
      15.287     0.998633     17672061       731.43
      15.943     0.998828     17675512       853.33
      16.767     0.999023     17678959      1024.00
      17.279     0.999121     17680688      1137.78
      17.871     0.999219     17682412      1280.00
      18.575     0.999316     17684165      1462.86
      19.455     0.999414     17685867      1706.67
      20.511     0.999512     17687594      2048.00
      21.103     0.999561     17688475      2275.56
      21.839     0.999609     17689331      2560.00
      22.719     0.999658     17690196      2925.71
      23.695     0.999707     17691053      3413.33
      24.815     0.999756     17691914      4096.00
      25.471     0.999780     17692342      4551.11
      26.191     0.999805     17692783      5120.00
      26.959     0.999829     17693209      5851.43
      28.047     0.999854     17693640      6826.67
      29.327     0.999878     17694073      8192.00
      29.951     0.999890     17694288      9102.22
      30.671     0.999902     17694507     10240.00
      31.471     0.999915     17694720     11702.86
      32.431     0.999927     17694938     13653.33
      33.631     0.999939     17695152     16384.00
      34.527     0.999945     17695259     18204.44
      35.327     0.999951     17695370     20480.00
      36.223     0.999957     17695474     23405.71
      37.055     0.999963     17695583     27306.67
      38.143     0.999969     17695690     32768.00
      38.783     0.999973     17695748     36408.89
      39.359     0.999976     17695799     40960.00
      40.287     0.999979     17695853     46811.43
      41.599     0.999982     17695906     54613.33
      43.103     0.999985     17695961     65536.00
      43.967     0.999986     17695987     72817.78
      44.959     0.999988     17696015     81920.00
      45.887     0.999989     17696041     93622.86
      46.751     0.999991     17696069    109226.67
      48.415     0.999992     17696095    131072.00
      49.119     0.999993     17696109    145635.56
      49.599     0.999994     17696122    163840.00
      50.591     0.999995     17696136    187245.71
      51.391     0.999995     17696149    218453.33
      52.607     0.999996     17696163    262144.00
      53.695     0.999997     17696170    291271.11
      54.367     0.999997     17696176    327680.00
      55.455     0.999997     17696184    374491.43
      56.031     0.999998     17696190    436906.67
      58.047     0.999998     17696197    524288.00
      58.111     0.999998     17696200    582542.22
      58.303     0.999998     17696203    655360.00
      58.719     0.999999     17696207    748982.86
      59.135     0.999999     17696210    873813.33
      59.519     0.999999     17696214   1048576.00
      59.679     0.999999     17696215   1165084.44
      59.903     0.999999     17696218   1310720.00
      60.031     0.999999     17696219   1497965.71
      60.063     0.999999     17696220   1747626.67
      60.831     1.000000     17696222   2097152.00
      61.183     1.000000     17696223   2330168.89
      61.215     1.000000     17696224   2621440.00
      61.503     1.000000     17696225   2995931.43
      61.503     1.000000     17696225   3495253.33
      61.983     1.000000     17696226   4194304.00
      62.015     1.000000     17696227   4660337.78
      62.015     1.000000     17696227   5242880.00
      64.063     1.000000     17696228   5991862.86
      64.063     1.000000     17696228   6990506.67
      64.063     1.000000     17696228   8388608.00
      65.791     1.000000     17696229   9320675.55
      65.791     1.000000     17696229  10485760.00
      65.791     1.000000     17696229  11983725.71
      65.791     1.000000     17696229  13981013.34
      65.791     1.000000     17696229  16777216.00
      67.327     1.000000     17696230  18641351.10
      67.327     1.000000     17696230          inf
#[Mean    =        1.278, StdDeviation   =        1.374]
#[Max     =       67.264, Total count    =     17696230]
#[Buckets =           27, SubBuckets     =         2048]
----------------------------------------------------------
  17997953 requests in 10.00m, 3.00GB read
Requests/sec:  29996.59
Transfer/sec:      5.12MB
