Running 10m test @ http://localhost:9999/math/plus?x=1&y=2
  16 threads and 400 connections
  Thread calibration: mean lat.: 3.710ms, rate sampling interval: 17ms
  Thread calibration: mean lat.: 3.755ms, rate sampling interval: 17ms
  Thread calibration: mean lat.: 3.389ms, rate sampling interval: 15ms
  Thread calibration: mean lat.: 3.793ms, rate sampling interval: 17ms
  Thread calibration: mean lat.: 1.914ms, rate sampling interval: 10ms
  Thread calibration: mean lat.: 3.643ms, rate sampling interval: 15ms
  Thread calibration: mean lat.: 1.619ms, rate sampling interval: 10ms
  Thread calibration: mean lat.: 4.101ms, rate sampling interval: 18ms
  Thread calibration: mean lat.: 3.887ms, rate sampling interval: 17ms
  Thread calibration: mean lat.: 3.575ms, rate sampling interval: 15ms
  Thread calibration: mean lat.: 3.854ms, rate sampling interval: 17ms
  Thread calibration: mean lat.: 1.533ms, rate sampling interval: 10ms
  Thread calibration: mean lat.: 3.418ms, rate sampling interval: 15ms
  Thread calibration: mean lat.: 4.166ms, rate sampling interval: 18ms
  Thread calibration: mean lat.: 4.226ms, rate sampling interval: 18ms
  Thread calibration: mean lat.: 4.328ms, rate sampling interval: 19ms
  Thread Stats   Avg      Stdev     Max   +/- Stdev
    Latency     3.34ms    3.07ms  45.18ms   85.46%
    Req/Sec   648.67    692.85     2.78k    87.20%
  Latency Distribution (HdrHistogram - Recorded Latency)
 50.000%    2.17ms
 75.000%    4.32ms
 90.000%    7.69ms
 99.000%   14.30ms
 99.900%   19.84ms
 99.990%   25.53ms
 99.999%   36.58ms
100.000%   45.22ms

  Detailed Percentile spectrum:
       Value   Percentile   TotalCount 1/(1-Percentile)

       0.079     0.000000            1         1.00
       0.814     0.100000       590826         1.11
       1.129     0.200000      1180877         1.25
       1.410     0.300000      1770895         1.43
       1.738     0.400000      2359834         1.67
       2.171     0.500000      2951159         2.00
       2.463     0.550000      3244535         2.22
       2.833     0.600000      3539652         2.50
       3.267     0.650000      3834551         2.86
       3.749     0.700000      4128958         3.33
       4.323     0.750000      4425380         4.00
       4.671     0.775000      4572361         4.44
       5.091     0.800000      4719491         5.00
       5.615     0.825000      4866377         5.71
       6.235     0.850000      5014497         6.67
       6.931     0.875000      5161665         8.00
       7.303     0.887500      5235342         8.89
       7.691     0.900000      5308830        10.00
       8.115     0.912500      5382695        11.43
       8.591     0.925000      5456342        13.33
       9.175     0.937500      5530282        16.00
       9.519     0.943750      5567239        17.78
       9.887     0.950000      5604246        20.00
      10.279     0.956250      5641089        22.86
      10.703     0.962500      5677559        26.67
      11.183     0.968750      5714402        32.00
      11.455     0.971875      5733088        35.56
      11.751     0.975000      5751268        40.00
      12.103     0.978125      5769806        45.71
      12.511     0.981250      5787988        53.33
      13.023     0.984375      5806514        64.00
      13.327     0.985938      5815696        71.11
      13.671     0.987500      5824826        80.00
      14.047     0.989062      5834091        91.43
      14.471     0.990625      5843288       106.67
      14.935     0.992188      5852463       128.00
      15.183     0.992969      5857137       142.22
      15.439     0.993750      5861721       160.00
      15.751     0.994531      5866313       182.86
      16.119     0.995313      5870865       213.33
      16.591     0.996094      5875537       256.00
      16.879     0.996484      5877851       284.44
      17.199     0.996875      5880094       320.00
      17.583     0.997266      5882375       365.71
      17.999     0.997656      5884721       426.67
      18.383     0.998047      5886999       512.00
      18.607     0.998242      5888165       568.89
      18.847     0.998437      5889307       640.00
      19.119     0.998633      5890475       731.43
      19.455     0.998828      5891623       853.33
      19.887     0.999023      5892749      1024.00
      20.127     0.999121      5893343      1137.78
      20.415     0.999219      5893907      1280.00
      20.783     0.999316      5894481      1462.86
      21.247     0.999414      5895057      1706.67
      21.807     0.999512      5895628      2048.00
      22.111     0.999561      5895915      2275.56
      22.399     0.999609      5896207      2560.00
      22.735     0.999658      5896488      2925.71
      23.119     0.999707      5896774      3413.33
      23.567     0.999756      5897074      4096.00
      23.807     0.999780      5897211      4551.11
      23.999     0.999805      5897352      5120.00
      24.255     0.999829      5897498      5851.43
      24.607     0.999854      5897640      6826.67
      25.039     0.999878      5897782      8192.00
      25.311     0.999890      5897853      9102.22
      25.599     0.999902      5897927     10240.00
      25.967     0.999915      5898000     11702.86
      26.383     0.999927      5898070     13653.33
      27.183     0.999939      5898142     16384.00
      27.695     0.999945      5898177     18204.44
      28.111     0.999951      5898213     20480.00
      28.463     0.999957      5898249     23405.71
      29.103     0.999963      5898285     27306.67
      29.871     0.999969      5898321     32768.00
      30.767     0.999973      5898339     36408.89
      31.647     0.999976      5898358     40960.00
      32.271     0.999979      5898376     46811.43
      33.023     0.999982      5898393     54613.33
      34.143     0.999985      5898411     65536.00
      34.495     0.999986      5898420     72817.78
      35.135     0.999988      5898429     81920.00
      36.319     0.999989      5898439     93622.86
      36.831     0.999991      5898447    109226.67
      37.375     0.999992      5898456    131072.00
      37.631     0.999993      5898461    145635.56
      38.207     0.999994      5898465    163840.00
      38.399     0.999995      5898470    187245.71
      38.495     0.999995      5898474    218453.33
      38.783     0.999996      5898479    262144.00
      38.975     0.999997      5898482    291271.11
      39.167     0.999997      5898483    327680.00
      39.423     0.999997      5898486    374491.43
      39.519     0.999998      5898488    436906.67
      39.711     0.999998      5898490    524288.00
      39.967     0.999998      5898492    582542.22
      39.967     0.999998      5898492    655360.00
      40.255     0.999999      5898494    748982.86
      40.447     0.999999      5898495    873813.33
      40.575     0.999999      5898496   1048576.00
      40.575     0.999999      5898496   1165084.44
      42.175     0.999999      5898497   1310720.00
      42.303     0.999999      5898498   1497965.71
      42.303     0.999999      5898498   1747626.67
      43.103     1.000000      5898499   2097152.00
      43.103     1.000000      5898499   2330168.89
      43.103     1.000000      5898499   2621440.00
      43.263     1.000000      5898500   2995931.43
      43.263     1.000000      5898500   3495253.33
      43.263     1.000000      5898500   4194304.00
      43.263     1.000000      5898500   4660337.78
      43.263     1.000000      5898500   5242880.00
      45.215     1.000000      5898501   5991862.86
      45.215     1.000000      5898501          inf
#[Mean    =        3.335, StdDeviation   =        3.068]
#[Max     =       45.184, Total count    =      5898501]
#[Buckets =           27, SubBuckets     =         2048]
----------------------------------------------------------
  5997404 requests in 10.00m, 1.00GB read
Requests/sec:   9995.59
Transfer/sec:      1.71MB
