Running 10m test @ http://localhost:9999/math/plus?x=1&y=2
  16 threads and 400 connections
  Thread calibration: mean lat.: 2.616ms, rate sampling interval: 10ms
  Thread calibration: mean lat.: 2.412ms, rate sampling interval: 10ms
  Thread calibration: mean lat.: 2.590ms, rate sampling interval: 10ms
  Thread calibration: mean lat.: 2.441ms, rate sampling interval: 10ms
  Thread calibration: mean lat.: 2.615ms, rate sampling interval: 10ms
  Thread calibration: mean lat.: 2.630ms, rate sampling interval: 10ms
  Thread calibration: mean lat.: 2.822ms, rate sampling interval: 11ms
  Thread calibration: mean lat.: 2.255ms, rate sampling interval: 10ms
  Thread calibration: mean lat.: 2.539ms, rate sampling interval: 10ms
  Thread calibration: mean lat.: 2.570ms, rate sampling interval: 10ms
  Thread calibration: mean lat.: 2.490ms, rate sampling interval: 10ms
  Thread calibration: mean lat.: 2.422ms, rate sampling interval: 10ms
  Thread calibration: mean lat.: 2.532ms, rate sampling interval: 10ms
  Thread calibration: mean lat.: 1.738ms, rate sampling interval: 10ms
  Thread calibration: mean lat.: 2.626ms, rate sampling interval: 10ms
  Thread calibration: mean lat.: 2.575ms, rate sampling interval: 11ms
  Thread Stats   Avg      Stdev     Max   +/- Stdev
    Latency     2.30ms    8.45ms   1.00s    99.50%
    Req/Sec   658.33    760.02     2.78k    82.49%
  Latency Distribution (HdrHistogram - Recorded Latency)
 50.000%    1.75ms
 75.000%    2.71ms
 90.000%    4.05ms
 99.000%    8.69ms
 99.900%   15.13ms
 99.990%  521.98ms
 99.999%  944.13ms
100.000%    1.00s 

  Detailed Percentile spectrum:
       Value   Percentile   TotalCount 1/(1-Percentile)

       0.078     0.000000            1         1.00
       0.777     0.100000       591093         1.11
       1.064     0.200000      1181067         1.25
       1.288     0.300000      1771292         1.43
       1.504     0.400000      2362009         1.67
       1.746     0.500000      2951318         2.00
       1.881     0.550000      3244399         2.22
       2.033     0.600000      3539569         2.50
       2.213     0.650000      3834822         2.86
       2.433     0.700000      4129784         3.33
       2.707     0.750000      4424659         4.00
       2.869     0.775000      4573132         4.44
       3.045     0.800000      4719909         5.00
       3.241     0.825000      4867467         5.71
       3.459     0.850000      5013897         6.67
       3.721     0.875000      5161457         8.00
       3.877     0.887500      5235670         8.89
       4.049     0.900000      5309219        10.00
       4.247     0.912500      5382834        11.43
       4.491     0.925000      5456851        13.33
       4.811     0.937500      5530034        16.00
       5.023     0.943750      5567259        17.78
       5.267     0.950000      5603977        20.00
       5.555     0.956250      5640971        22.86
       5.887     0.962500      5677679        26.67
       6.275     0.968750      5714466        32.00
       6.491     0.971875      5732992        35.56
       6.731     0.975000      5751338        40.00
       7.007     0.978125      5769845        45.71
       7.323     0.981250      5788096        53.33
       7.699     0.984375      5806632        64.00
       7.915     0.985938      5815821        71.11
       8.159     0.987500      5825020        80.00
       8.463     0.989062      5834291        91.43
       8.871     0.990625      5843488       106.67
       9.399     0.992188      5852651       128.00
       9.711     0.992969      5857199       142.22
      10.103     0.993750      5861883       160.00
      10.511     0.994531      5866480       182.86
      10.967     0.995313      5871070       213.33
      11.495     0.996094      5875647       256.00
      11.791     0.996484      5877938       284.44
      12.079     0.996875      5880241       320.00
      12.399     0.997266      5882560       365.71
      12.799     0.997656      5884869       426.67
      13.279     0.998047      5887174       512.00
      13.559     0.998242      5888317       568.89
      13.879     0.998437      5889473       640.00
      14.263     0.998633      5890625       731.43
      14.663     0.998828      5891773       853.33
      15.191     0.999023      5892908      1024.00
      15.519     0.999121      5893484      1137.78
      15.831     0.999219      5894075      1280.00
      16.167     0.999316      5894651      1462.86
      16.527     0.999414      5895211      1706.67
      17.103     0.999512      5895799      2048.00
      17.471     0.999561      5896074      2275.56
      17.903     0.999609      5896365      2560.00
      18.543     0.999658      5896652      2925.71
      19.631     0.999707      5896940      3413.33
      21.183     0.999756      5897226      4096.00
      23.231     0.999780      5897370      4551.11
      67.903     0.999805      5897514      5120.00
     185.983     0.999829      5897658      5851.43
     298.495     0.999854      5897802      6826.67
     418.047     0.999878      5897946      8192.00
     475.135     0.999890      5898018      9102.22
     534.015     0.999902      5898090     10240.00
     585.727     0.999915      5898163     11702.86
     645.631     0.999927      5898238     13653.33
     702.975     0.999939      5898306     16384.00
     733.695     0.999945      5898343     18204.44
     762.879     0.999951      5898379     20480.00
     788.479     0.999957      5898414     23405.71
     818.687     0.999963      5898451     27306.67
     846.335     0.999969      5898487     32768.00
     862.719     0.999973      5898504     36408.89
     878.591     0.999976      5898526     40960.00
     888.831     0.999979      5898540     46811.43
     906.239     0.999982      5898563     54613.33
     918.527     0.999985      5898576     65536.00
     926.207     0.999986      5898587     72817.78
     937.471     0.999988      5898597     81920.00
     942.079     0.999989      5898604     93622.86
     945.663     0.999991      5898613    109226.67
     957.951     0.999992      5898626    131072.00
     957.951     0.999993      5898626    145635.56
     962.559     0.999994      5898630    163840.00
     965.631     0.999995      5898637    187245.71
     968.191     0.999995      5898639    218453.33
     977.919     0.999996      5898646    262144.00
     977.919     0.999997      5898646    291271.11
     978.431     0.999997      5898650    327680.00
     978.943     0.999997      5898652    374491.43
     982.015     0.999998      5898653    436906.67
     983.039     0.999998      5898655    524288.00
     983.551     0.999998      5898656    582542.22
     984.063     0.999998      5898657    655360.00
     985.599     0.999999      5898659    748982.86
     986.111     0.999999      5898662    873813.33
     986.111     0.999999      5898662   1048576.00
     986.111     0.999999      5898662   1165084.44
     986.111     0.999999      5898662   1310720.00
     986.623     0.999999      5898663   1497965.71
     986.623     0.999999      5898663   1747626.67
     988.159     1.000000      5898664   2097152.00
     988.159     1.000000      5898664   2330168.89
     988.159     1.000000      5898664   2621440.00
     994.303     1.000000      5898665   2995931.43
     994.303     1.000000      5898665   3495253.33
     994.303     1.000000      5898665   4194304.00
     994.303     1.000000      5898665   4660337.78
     994.303     1.000000      5898665   5242880.00
    1004.031     1.000000      5898666   5991862.86
    1004.031     1.000000      5898666          inf
#[Mean    =        2.304, StdDeviation   =        8.447]
#[Max     =     1003.520, Total count    =      5898666]
#[Buckets =           27, SubBuckets     =         2048]
----------------------------------------------------------
  5996495 requests in 10.00m, 1.00GB read
Requests/sec:   9994.10
Transfer/sec:      1.71MB
