Running 10m test @ http://localhost:9999/math/plus?x=1&y=2
  16 threads and 400 connections
  Thread calibration: mean lat.: 1.975ms, rate sampling interval: 10ms
  Thread calibration: mean lat.: 1.795ms, rate sampling interval: 10ms
  Thread calibration: mean lat.: 1.748ms, rate sampling interval: 10ms
  Thread calibration: mean lat.: 1.855ms, rate sampling interval: 10ms
  Thread calibration: mean lat.: 1.911ms, rate sampling interval: 10ms
  Thread calibration: mean lat.: 1.762ms, rate sampling interval: 10ms
  Thread calibration: mean lat.: 1.796ms, rate sampling interval: 10ms
  Thread calibration: mean lat.: 1.905ms, rate sampling interval: 10ms
  Thread calibration: mean lat.: 1.958ms, rate sampling interval: 10ms
  Thread calibration: mean lat.: 1.861ms, rate sampling interval: 10ms
  Thread calibration: mean lat.: 1.923ms, rate sampling interval: 10ms
  Thread calibration: mean lat.: 1.759ms, rate sampling interval: 10ms
  Thread calibration: mean lat.: 1.769ms, rate sampling interval: 10ms
  Thread calibration: mean lat.: 1.814ms, rate sampling interval: 10ms
  Thread calibration: mean lat.: 1.938ms, rate sampling interval: 10ms
  Thread calibration: mean lat.: 1.984ms, rate sampling interval: 10ms
  Thread Stats   Avg      Stdev     Max   +/- Stdev
    Latency     1.37ms    2.00ms  84.22ms   95.86%
    Req/Sec     1.32k   530.67     4.11k    70.63%
  Latency Distribution (HdrHistogram - Recorded Latency)
 50.000%    1.05ms
 75.000%    1.44ms
 90.000%    1.91ms
 99.000%    9.85ms
 99.900%   27.14ms
 99.990%   43.39ms
 99.999%   58.40ms
100.000%   84.29ms

  Detailed Percentile spectrum:
       Value   Percentile   TotalCount 1/(1-Percentile)

       0.074     0.000000            1         1.00
       0.423     0.100000      1185369         1.11
       0.608     0.200000      2365489         1.25
       0.765     0.300000      3546214         1.43
       0.911     0.400000      4724549         1.67
       1.050     0.500000      5899978         2.00
       1.119     0.550000      6491624         2.22
       1.189     0.600000      7083594         2.50
       1.263     0.650000      7668644         2.86
       1.344     0.700000      8259231         3.33
       1.438     0.750000      8851508         4.00
       1.492     0.775000      9147102         4.44
       1.552     0.800000      9441387         5.00
       1.619     0.825000      9733744         5.71
       1.696     0.850000     10030523         6.67
       1.787     0.875000     10323599         8.00
       1.844     0.887500     10472389         8.89
       1.912     0.900000     10618619        10.00
       2.002     0.912500     10766495        11.43
       2.135     0.925000     10914379        13.33
       2.363     0.937500     11060774        16.00
       2.543     0.943750     11134473        17.78
       2.805     0.950000     11207864        20.00
       3.185     0.956250     11281582        22.86
       3.775     0.962500     11355262        26.67
       4.499     0.968750     11428951        32.00
       4.987     0.971875     11465829        35.56
       5.543     0.975000     11502567        40.00
       6.187     0.978125     11539526        45.71
       6.903     0.981250     11576266        53.33
       7.707     0.984375     11613276        64.00
       8.135     0.985938     11631602        71.11
       8.671     0.987500     11650127        80.00
       9.367     0.989062     11668562        91.43
      10.215     0.990625     11686889       106.67
      11.247     0.992188     11705393       128.00
      11.831     0.992969     11714580       142.22
      12.463     0.993750     11723804       160.00
      13.351     0.994531     11732998       182.86
      14.503     0.995313     11742181       213.33
      15.919     0.996094     11751382       256.00
      16.799     0.996484     11756027       284.44
      17.823     0.996875     11760606       320.00
      18.959     0.997266     11765229       365.71
      20.255     0.997656     11769842       426.67
      21.871     0.998047     11774436       512.00
      22.735     0.998242     11776746       568.89
      23.679     0.998437     11779045       640.00
      24.703     0.998633     11781333       731.43
      25.935     0.998828     11783660       853.33
      27.279     0.999023     11785942      1024.00
      28.079     0.999121     11787113      1137.78
      28.943     0.999219     11788251      1280.00
      29.935     0.999316     11789408      1462.86
      30.991     0.999414     11790561      1706.67
      32.239     0.999512     11791711      2048.00
      33.023     0.999561     11792301      2275.56
      33.887     0.999609     11792865      2560.00
      34.719     0.999658     11793435      2925.71
      35.711     0.999707     11794023      3413.33
      37.023     0.999756     11794589      4096.00
      37.759     0.999780     11794870      4551.11
      38.623     0.999805     11795161      5120.00
      39.519     0.999829     11795446      5851.43
      40.511     0.999854     11795734      6826.67
      41.887     0.999878     11796022      8192.00
      42.655     0.999890     11796168      9102.22
      43.551     0.999902     11796314     10240.00
      44.383     0.999915     11796457     11702.86
      45.247     0.999927     11796603     13653.33
      46.239     0.999939     11796747     16384.00
      46.751     0.999945     11796815     18204.44
      47.679     0.999951     11796889     20480.00
      48.447     0.999957     11796961     23405.71
      49.759     0.999963     11797030     27306.67
      51.167     0.999969     11797102     32768.00
      51.935     0.999973     11797138     36408.89
      52.447     0.999976     11797175     40960.00
      53.247     0.999979     11797210     46811.43
      54.015     0.999982     11797246     54613.33
      55.231     0.999985     11797282     65536.00
      56.031     0.999986     11797302     72817.78
      57.151     0.999988     11797319     81920.00
      58.047     0.999989     11797336     93622.86
      59.327     0.999991     11797354    109226.67
      61.791     0.999992     11797373    131072.00
      62.655     0.999993     11797381    145635.56
      63.135     0.999994     11797390    163840.00
      64.159     0.999995     11797399    187245.71
      65.183     0.999995     11797408    218453.33
      67.007     0.999996     11797417    262144.00
      68.031     0.999997     11797422    291271.11
      68.159     0.999997     11797427    327680.00
      68.863     0.999997     11797431    374491.43
      70.271     0.999998     11797436    436906.67
      70.911     0.999998     11797440    524288.00
      70.975     0.999998     11797442    582542.22
      71.359     0.999998     11797444    655360.00
      72.063     0.999999     11797447    748982.86
      72.255     0.999999     11797450    873813.33
      73.471     0.999999     11797451   1048576.00
      73.727     0.999999     11797452   1165084.44
      73.855     0.999999     11797453   1310720.00
      74.559     0.999999     11797455   1497965.71
      75.327     0.999999     11797456   1747626.67
      75.455     1.000000     11797457   2097152.00
      75.455     1.000000     11797457   2330168.89
      76.479     1.000000     11797458   2621440.00
      76.543     1.000000     11797459   2995931.43
      76.543     1.000000     11797459   3495253.33
      77.567     1.000000     11797460   4194304.00
      77.567     1.000000     11797460   4660337.78
      77.567     1.000000     11797460   5242880.00
      80.319     1.000000     11797461   5991862.86
      80.319     1.000000     11797461   6990506.67
      80.319     1.000000     11797461   8388608.00
      80.319     1.000000     11797461   9320675.55
      80.319     1.000000     11797461  10485760.00
      84.287     1.000000     11797462  11983725.71
      84.287     1.000000     11797462          inf
#[Mean    =        1.371, StdDeviation   =        2.000]
#[Max     =       84.224, Total count    =     11797462]
#[Buckets =           27, SubBuckets     =         2048]
----------------------------------------------------------
  11997585 requests in 10.00m, 2.00GB read
Requests/sec:  19995.99
Transfer/sec:      3.41MB
