Running 10m test @ http://localhost:9999/math/plus?x=1&y=2
  16 threads and 400 connections
  Thread calibration: mean lat.: 2.428ms, rate sampling interval: 10ms
  Thread calibration: mean lat.: 2.215ms, rate sampling interval: 10ms
  Thread calibration: mean lat.: 2.305ms, rate sampling interval: 10ms
  Thread calibration: mean lat.: 2.336ms, rate sampling interval: 10ms
  Thread calibration: mean lat.: 2.303ms, rate sampling interval: 10ms
  Thread calibration: mean lat.: 1.928ms, rate sampling interval: 10ms
  Thread calibration: mean lat.: 1.948ms, rate sampling interval: 10ms
  Thread calibration: mean lat.: 2.139ms, rate sampling interval: 10ms
  Thread calibration: mean lat.: 2.076ms, rate sampling interval: 10ms
  Thread calibration: mean lat.: 2.297ms, rate sampling interval: 10ms
  Thread calibration: mean lat.: 2.192ms, rate sampling interval: 10ms
  Thread calibration: mean lat.: 2.240ms, rate sampling interval: 10ms
  Thread calibration: mean lat.: 2.296ms, rate sampling interval: 10ms
  Thread calibration: mean lat.: 2.128ms, rate sampling interval: 10ms
  Thread calibration: mean lat.: 2.177ms, rate sampling interval: 10ms
  Thread calibration: mean lat.: 2.102ms, rate sampling interval: 10ms
  Thread Stats   Avg      Stdev     Max   +/- Stdev
    Latency     2.12ms    2.51ms  99.78ms   93.61%
    Req/Sec     1.98k   520.05    11.00k    67.45%
  Latency Distribution (HdrHistogram - Recorded Latency)
 50.000%    1.47ms
 75.000%    2.57ms
 90.000%    3.94ms
 99.000%   12.67ms
 99.900%   29.90ms
 99.990%   47.07ms
 99.999%   66.24ms
100.000%   99.84ms

  Detailed Percentile spectrum:
       Value   Percentile   TotalCount 1/(1-Percentile)

       0.082     0.000000            1         1.00
       0.556     0.100000      1773227         1.11
       0.799     0.200000      3543529         1.25
       1.013     0.300000      5310136         1.43
       1.226     0.400000      7083769         1.67
       1.470     0.500000      8854543         2.00
       1.615     0.550000      9734177         2.22
       1.787     0.600000     10619603         2.50
       1.999     0.650000     11502509         2.86
       2.267     0.700000     12393448         3.33
       2.573     0.750000     13272973         4.00
       2.743     0.775000     13717391         4.44
       2.927     0.800000     14161139         5.00
       3.127     0.825000     14601715         5.71
       3.355     0.850000     15045090         6.67
       3.621     0.875000     15487033         8.00
       3.773     0.887500     15706660         8.89
       3.945     0.900000     15927030        10.00
       4.143     0.912500     16148639        11.43
       4.379     0.925000     16372226        13.33
       4.671     0.937500     16592212        16.00
       4.855     0.943750     16701666        17.78
       5.091     0.950000     16812892        20.00
       5.415     0.956250     16922816        22.86
       5.919     0.962500     17032771        26.67
       6.703     0.968750     17143326        32.00
       7.223     0.971875     17198794        35.56
       7.831     0.975000     17253850        40.00
       8.543     0.978125     17309317        45.71
       9.327     0.981250     17364615        53.33
      10.159     0.984375     17419937        64.00
      10.719     0.985938     17447492        71.11
      11.423     0.987500     17475179        80.00
      12.175     0.989062     17502802        91.43
      13.055     0.990625     17530407       106.67
      14.223     0.992188     17557928       128.00
      14.959     0.992969     17571738       142.22
      15.751     0.993750     17585557       160.00
      16.607     0.994531     17599565       182.86
      17.599     0.995313     17613240       213.33
      18.799     0.996094     17627200       256.00
      19.503     0.996484     17634068       284.44
      20.319     0.996875     17640947       320.00
      21.279     0.997266     17647806       365.71
      22.463     0.997656     17654688       426.67
      23.951     0.998047     17661652       512.00
      24.831     0.998242     17665050       568.89
      25.871     0.998437     17668535       640.00
      27.039     0.998633     17671971       731.43
      28.495     0.998828     17675451       853.33
      30.111     0.999023     17678873      1024.00
      31.007     0.999121     17680596      1137.78
      32.015     0.999219     17682342      1280.00
      33.087     0.999316     17684102      1462.86
      34.303     0.999414     17685807      1706.67
      35.647     0.999512     17687510      2048.00
      36.415     0.999561     17688395      2275.56
      37.279     0.999609     17689239      2560.00
      38.303     0.999658     17690119      2925.71
      39.455     0.999707     17690973      3413.33
      40.895     0.999756     17691835      4096.00
      41.695     0.999780     17692273      4551.11
      42.527     0.999805     17692706      5120.00
      43.487     0.999829     17693143      5851.43
      44.511     0.999854     17693569      6826.67
      45.695     0.999878     17693998      8192.00
      46.399     0.999890     17694210      9102.22
      47.199     0.999902     17694429     10240.00
      48.159     0.999915     17694638     11702.86
      49.119     0.999927     17694860     13653.33
      50.239     0.999939     17695069     16384.00
      50.847     0.999945     17695178     18204.44
      51.711     0.999951     17695286     20480.00
      53.055     0.999957     17695393     23405.71
      54.527     0.999963     17695501     27306.67
      56.127     0.999969     17695610     32768.00
      57.151     0.999973     17695665     36408.89
      58.079     0.999976     17695718     40960.00
      59.295     0.999979     17695772     46811.43
      60.415     0.999982     17695825     54613.33
      61.695     0.999985     17695880     65536.00
      62.207     0.999986     17695906     72817.78
      63.391     0.999988     17695933     81920.00
      65.279     0.999989     17695960     93622.86
      68.479     0.999991     17695988    109226.67
      69.823     0.999992     17696014    131072.00
      71.039     0.999993     17696028    145635.56
      71.871     0.999994     17696042    163840.00
      72.639     0.999995     17696055    187245.71
      73.855     0.999995     17696068    218453.33
      76.479     0.999996     17696083    262144.00
      77.439     0.999997     17696090    291271.11
      78.207     0.999997     17696096    327680.00
      79.487     0.999997     17696102    374491.43
      81.919     0.999998     17696109    436906.67
      85.759     0.999998     17696116    524288.00
      86.207     0.999998     17696119    582542.22
      87.423     0.999998     17696122    655360.00
      88.063     0.999999     17696126    748982.86
      88.255     0.999999     17696129    873813.33
      88.511     0.999999     17696133   1048576.00
      88.639     0.999999     17696134   1165084.44
      89.535     0.999999     17696137   1310720.00
      91.007     0.999999     17696138   1497965.71
      91.391     0.999999     17696139   1747626.67
      93.823     1.000000     17696141   2097152.00
      94.143     1.000000     17696142   2330168.89
      96.191     1.000000     17696143   2621440.00
      96.895     1.000000     17696144   2995931.43
      96.895     1.000000     17696144   3495253.33
      97.727     1.000000     17696145   4194304.00
      98.495     1.000000     17696146   4660337.78
      98.495     1.000000     17696146   5242880.00
      98.559     1.000000     17696148   5991862.86
      98.559     1.000000     17696148   6990506.67
      98.559     1.000000     17696148   8388608.00
      98.559     1.000000     17696148   9320675.55
      98.559     1.000000     17696148  10485760.00
      98.559     1.000000     17696148  11983725.71
      98.559     1.000000     17696148  13981013.34
      98.559     1.000000     17696148  16777216.00
      99.839     1.000000     17696149  18641351.10
      99.839     1.000000     17696149          inf
#[Mean    =        2.121, StdDeviation   =        2.509]
#[Max     =       99.776, Total count    =     17696149]
#[Buckets =           27, SubBuckets     =         2048]
----------------------------------------------------------
  17997855 requests in 10.00m, 3.00GB read
Requests/sec:  29996.40
Transfer/sec:      5.12MB
