Running 10m test @ http://localhost:9999/math/plus?x=1&y=2
  16 threads and 400 connections
  Thread calibration: mean lat.: 3.767ms, rate sampling interval: 17ms
  Thread calibration: mean lat.: 3.544ms, rate sampling interval: 16ms
  Thread calibration: mean lat.: 3.781ms, rate sampling interval: 17ms
  Thread calibration: mean lat.: 3.785ms, rate sampling interval: 18ms
  Thread calibration: mean lat.: 3.721ms, rate sampling interval: 17ms
  Thread calibration: mean lat.: 3.902ms, rate sampling interval: 18ms
  Thread calibration: mean lat.: 5.504ms, rate sampling interval: 22ms
  Thread calibration: mean lat.: 3.720ms, rate sampling interval: 17ms
  Thread calibration: mean lat.: 3.945ms, rate sampling interval: 18ms
  Thread calibration: mean lat.: 6.355ms, rate sampling interval: 24ms
  Thread calibration: mean lat.: 3.877ms, rate sampling interval: 18ms
  Thread calibration: mean lat.: 3.929ms, rate sampling interval: 18ms
  Thread calibration: mean lat.: 6.159ms, rate sampling interval: 22ms
  Thread calibration: mean lat.: 3.866ms, rate sampling interval: 18ms
  Thread calibration: mean lat.: 4.137ms, rate sampling interval: 19ms
  Thread calibration: mean lat.: 5.637ms, rate sampling interval: 21ms
  Thread Stats   Avg      Stdev     Max   +/- Stdev
    Latency     4.25ms    3.80ms  59.42ms   82.57%
    Req/Sec   642.53    329.28     1.90k    63.48%
  Latency Distribution (HdrHistogram - Recorded Latency)
 50.000%    2.84ms
 75.000%    6.22ms
 90.000%    9.66ms
 99.000%   16.31ms
 99.900%   25.53ms
 99.990%   32.08ms
 99.999%   45.47ms
100.000%   59.46ms

  Detailed Percentile spectrum:
       Value   Percentile   TotalCount 1/(1-Percentile)

       0.082     0.000000            1         1.00
       0.870     0.100000       590906         1.11
       1.251     0.200000      1181180         1.25
       1.617     0.300000      1769753         1.43
       2.107     0.400000      2359835         1.67
       2.839     0.500000      2950667         2.00
       3.303     0.550000      3245122         2.22
       3.865     0.600000      3539564         2.50
       4.539     0.650000      3834562         2.86
       5.351     0.700000      4130213         3.33
       6.219     0.750000      4424867         4.00
       6.675     0.775000      4572024         4.44
       7.155     0.800000      4719392         5.00
       7.679     0.825000      4866343         5.71
       8.255     0.850000      5013889         6.67
       8.911     0.875000      5162665         8.00
       9.271     0.887500      5235543         8.89
       9.663     0.900000      5308867        10.00
      10.095     0.912500      5382743        11.43
      10.575     0.925000      5456652        13.33
      11.119     0.937500      5530212        16.00
      11.431     0.943750      5567532        17.78
      11.767     0.950000      5604406        20.00
      12.135     0.956250      5640773        22.86
      12.559     0.962500      5677969        26.67
      13.047     0.968750      5714622        32.00
      13.327     0.971875      5732904        35.56
      13.647     0.975000      5751312        40.00
      14.015     0.978125      5769652        45.71
      14.439     0.981250      5788073        53.33
      14.967     0.984375      5806585        64.00
      15.279     0.985938      5815718        71.11
      15.639     0.987500      5825041        80.00
      16.031     0.989062      5834088        91.43
      16.527     0.990625      5843358       106.67
      17.199     0.992188      5852586       128.00
      17.647     0.992969      5857113       142.22
      18.207     0.993750      5861806       160.00
      18.863     0.994531      5866329       182.86
      19.631     0.995313      5871008       213.33
      20.463     0.996094      5875617       256.00
      20.895     0.996484      5877859       284.44
      21.407     0.996875      5880216       320.00
      21.967     0.997266      5882451       365.71
      22.607     0.997656      5884776       426.67
      23.295     0.998047      5887053       512.00
      23.695     0.998242      5888207       568.89
      24.111     0.998437      5889372       640.00
      24.559     0.998633      5890528       731.43
      25.055     0.998828      5891696       853.33
      25.599     0.999023      5892820      1024.00
      25.919     0.999121      5893419      1137.78
      26.239     0.999219      5893970      1280.00
      26.655     0.999316      5894557      1462.86
      27.119     0.999414      5895126      1706.67
      27.631     0.999512      5895704      2048.00
      27.951     0.999561      5895993      2275.56
      28.287     0.999609      5896275      2560.00
      28.687     0.999658      5896566      2925.71
      29.087     0.999707      5896850      3413.33
      29.615     0.999756      5897134      4096.00
      29.887     0.999780      5897284      4551.11
      30.175     0.999805      5897428      5120.00
      30.559     0.999829      5897570      5851.43
      30.943     0.999854      5897713      6826.67
      31.471     0.999878      5897859      8192.00
      31.775     0.999890      5897927      9102.22
      32.127     0.999902      5897998     10240.00
      32.591     0.999915      5898073     11702.86
      33.151     0.999927      5898141     13653.33
      34.079     0.999939      5898213     16384.00
      34.623     0.999945      5898249     18204.44
      35.135     0.999951      5898286     20480.00
      35.743     0.999957      5898322     23405.71
      36.319     0.999963      5898358     27306.67
      36.767     0.999969      5898393     32768.00
      37.439     0.999973      5898412     36408.89
      38.143     0.999976      5898429     40960.00
      38.847     0.999979      5898447     46811.43
      39.647     0.999982      5898465     54613.33
      41.919     0.999985      5898483     65536.00
      42.847     0.999986      5898493     72817.78
      43.743     0.999988      5898501     81920.00
      44.639     0.999989      5898510     93622.86
      45.919     0.999991      5898519    109226.67
      46.591     0.999992      5898528    131072.00
      46.879     0.999993      5898533    145635.56
      47.359     0.999994      5898537    163840.00
      48.351     0.999995      5898542    187245.71
      48.671     0.999995      5898546    218453.33
      49.695     0.999996      5898551    262144.00
      49.951     0.999997      5898553    291271.11
      50.111     0.999997      5898555    327680.00
      50.815     0.999997      5898558    374491.43
      51.295     0.999998      5898560    436906.67
      51.487     0.999998      5898562    524288.00
      51.519     0.999998      5898563    582542.22
      51.551     0.999998      5898564    655360.00
      51.871     0.999999      5898566    748982.86
      51.935     0.999999      5898567    873813.33
      52.287     0.999999      5898568   1048576.00
      52.287     0.999999      5898568   1165084.44
      52.863     0.999999      5898569   1310720.00
      55.519     0.999999      5898570   1497965.71
      55.519     0.999999      5898570   1747626.67
      58.655     1.000000      5898571   2097152.00
      58.655     1.000000      5898571   2330168.89
      58.655     1.000000      5898571   2621440.00
      59.199     1.000000      5898572   2995931.43
      59.199     1.000000      5898572   3495253.33
      59.199     1.000000      5898572   4194304.00
      59.199     1.000000      5898572   4660337.78
      59.199     1.000000      5898572   5242880.00
      59.455     1.000000      5898573   5991862.86
      59.455     1.000000      5898573          inf
#[Mean    =        4.254, StdDeviation   =        3.804]
#[Max     =       59.424, Total count    =      5898573]
#[Buckets =           27, SubBuckets     =         2048]
----------------------------------------------------------
  5997109 requests in 10.00m, 1.00GB read
Requests/sec:   9995.16
Transfer/sec:      1.71MB
