Running 10m test @ http://localhost:9999/math/plus?x=1&y=2
  16 threads and 400 connections
  Thread calibration: mean lat.: 1.276ms, rate sampling interval: 10ms
  Thread calibration: mean lat.: 1.243ms, rate sampling interval: 10ms
  Thread calibration: mean lat.: 1.233ms, rate sampling interval: 10ms
  Thread calibration: mean lat.: 1.269ms, rate sampling interval: 10ms
  Thread calibration: mean lat.: 1.239ms, rate sampling interval: 10ms
  Thread calibration: mean lat.: 1.314ms, rate sampling interval: 10ms
  Thread calibration: mean lat.: 1.239ms, rate sampling interval: 10ms
  Thread calibration: mean lat.: 1.286ms, rate sampling interval: 10ms
  Thread calibration: mean lat.: 1.271ms, rate sampling interval: 10ms
  Thread calibration: mean lat.: 1.249ms, rate sampling interval: 10ms
  Thread calibration: mean lat.: 1.348ms, rate sampling interval: 10ms
  Thread calibration: mean lat.: 1.238ms, rate sampling interval: 10ms
  Thread calibration: mean lat.: 1.280ms, rate sampling interval: 10ms
  Thread calibration: mean lat.: 1.214ms, rate sampling interval: 10ms
  Thread calibration: mean lat.: 1.227ms, rate sampling interval: 10ms
  Thread calibration: mean lat.: 1.260ms, rate sampling interval: 10ms
  Thread Stats   Avg      Stdev     Max   +/- Stdev
    Latency     1.30ms    8.47ms   1.00s    99.50%
    Req/Sec     1.98k   439.58     7.50k    77.14%
  Latency Distribution (HdrHistogram - Recorded Latency)
 50.000%    1.02ms
 75.000%    1.38ms
 90.000%    1.76ms
 99.000%    7.16ms
 99.900%   15.39ms
 99.990%  528.38ms
 99.999%  951.81ms
100.000%    1.00s 

  Detailed Percentile spectrum:
       Value   Percentile   TotalCount 1/(1-Percentile)

       0.063     0.000000            1         1.00
       0.432     0.100000      1777165         1.11
       0.607     0.200000      3542975         1.25
       0.756     0.300000      5318490         1.43
       0.891     0.400000      7083972         1.67
       1.022     0.500000      8854696         2.00
       1.087     0.550000      9736222         2.22
       1.153     0.600000     10624208         2.50
       1.222     0.650000     11506818         2.86
       1.297     0.700000     12397389         3.33
       1.379     0.750000     13275237         4.00
       1.425     0.775000     13719578         4.44
       1.475     0.800000     14161208         5.00
       1.532     0.825000     14606195         5.71
       1.596     0.850000     15042243         6.67
       1.672     0.875000     15485335         8.00
       1.716     0.887500     15708632         8.89
       1.765     0.900000     15928541        10.00
       1.823     0.912500     16151222        11.43
       1.893     0.925000     16371515        13.33
       1.982     0.937500     16590783        16.00
       2.040     0.943750     16702499        17.78
       2.113     0.950000     16813817        20.00
       2.213     0.956250     16922903        22.86
       2.373     0.962500     17033635        26.67
       2.683     0.968750     17143327        32.00
       2.983     0.971875     17198730        35.56
       3.411     0.975000     17254074        40.00
       3.957     0.978125     17309287        45.71
       4.579     0.981250     17364763        53.33
       5.307     0.984375     17419849        64.00
       5.707     0.985938     17447503        71.11
       6.187     0.987500     17475269        80.00
       6.759     0.989062     17502775        91.43
       7.443     0.990625     17530431       106.67
       8.199     0.992188     17558185       128.00
       8.599     0.992969     17572083       142.22
       9.015     0.993750     17585807       160.00
       9.479     0.994531     17599550       182.86
      10.015     0.995313     17613517       213.33
      10.711     0.996094     17627215       256.00
      11.135     0.996484     17634102       284.44
      11.583     0.996875     17641076       320.00
      12.055     0.997266     17647968       365.71
      12.527     0.997656     17654853       426.67
      13.063     0.998047     17661762       512.00
      13.359     0.998242     17665193       568.89
      13.695     0.998437     17668671       640.00
      14.143     0.998633     17672102       731.43
      14.735     0.998828     17675562       853.33
      15.487     0.999023     17678995      1024.00
      15.935     0.999121     17680757      1137.78
      16.399     0.999219     17682472      1280.00
      16.975     0.999316     17684218      1462.86
      17.631     0.999414     17685913      1706.67
      18.559     0.999512     17687635      2048.00
      19.183     0.999561     17688504      2275.56
      20.079     0.999609     17689367      2560.00
      21.327     0.999658     17690227      2925.71
      23.231     0.999707     17691091      3413.33
      27.327     0.999756     17691957      4096.00
      32.607     0.999780     17692388      4551.11
      78.207     0.999805     17692820      5120.00
     193.279     0.999829     17693251      5851.43
     308.479     0.999854     17693683      6826.67
     423.935     0.999878     17694115      8192.00
     481.791     0.999890     17694333      9102.22
     539.135     0.999902     17694548     10240.00
     597.503     0.999915     17694765     11702.86
     654.335     0.999927     17694981     13653.33
     711.679     0.999939     17695202     16384.00
     741.375     0.999945     17695306     18204.44
     769.023     0.999951     17695412     20480.00
     798.719     0.999957     17695525     23405.71
     825.855     0.999963     17695627     27306.67
     858.111     0.999969     17695737     32768.00
     870.911     0.999973     17695790     36408.89
     884.735     0.999976     17695849     40960.00
     898.559     0.999979     17695899     46811.43
     911.871     0.999982     17695951     54613.33
     928.255     0.999985     17696008     65536.00
     935.423     0.999986     17696035     72817.78
     942.591     0.999988     17696061     81920.00
     949.759     0.999989     17696087     93622.86
     956.927     0.999991     17696113    109226.67
     964.095     0.999992     17696141    131072.00
     967.167     0.999993     17696154    145635.56
     971.263     0.999994     17696167    163840.00
     974.847     0.999995     17696182    187245.71
     978.943     0.999995     17696198    218453.33
     981.503     0.999996     17696208    262144.00
     984.063     0.999997     17696216    291271.11
     985.599     0.999997     17696224    327680.00
     987.135     0.999997     17696229    374491.43
     989.183     0.999998     17696235    436906.67
     990.719     0.999998     17696244    524288.00
     991.231     0.999998     17696246    582542.22
     992.255     0.999998     17696249    655360.00
     993.279     0.999999     17696253    748982.86
     993.791     0.999999     17696255    873813.33
     995.327     0.999999     17696259   1048576.00
     996.351     0.999999     17696260   1165084.44
     996.863     0.999999     17696263   1310720.00
     997.887     0.999999     17696266   1497965.71
     997.887     0.999999     17696266   1747626.67
     998.399     1.000000     17696270   2097152.00
     998.399     1.000000     17696270   2330168.89
     998.399     1.000000     17696270   2621440.00
     998.399     1.000000     17696270   2995931.43
     998.399     1.000000     17696270   3495253.33
     999.935     1.000000     17696271   4194304.00
    1001.471     1.000000     17696272   4660337.78
    1001.471     1.000000     17696272   5242880.00
    1001.983     1.000000     17696273   5991862.86
    1001.983     1.000000     17696273   6990506.67
    1001.983     1.000000     17696273   8388608.00
    1002.495     1.000000     17696274   9320675.55
    1002.495     1.000000     17696274  10485760.00
    1002.495     1.000000     17696274  11983725.71
    1002.495     1.000000     17696274  13981013.34
    1002.495     1.000000     17696274  16777216.00
    1003.007     1.000000     17696275  18641351.10
    1003.007     1.000000     17696275          inf
#[Mean    =        1.302, StdDeviation   =        8.474]
#[Max     =     1002.496, Total count    =     17696275]
#[Buckets =           27, SubBuckets     =         2048]
----------------------------------------------------------
  17996394 requests in 10.00m, 3.00GB read
Requests/sec:  29994.02
Transfer/sec:      5.12MB
