Running 10m test @ http://localhost:9999/math/plus?x=1&y=2
  16 threads and 400 connections
  Thread calibration: mean lat.: 1.869ms, rate sampling interval: 10ms
  Thread calibration: mean lat.: 1.904ms, rate sampling interval: 10ms
  Thread calibration: mean lat.: 1.921ms, rate sampling interval: 10ms
  Thread calibration: mean lat.: 1.922ms, rate sampling interval: 10ms
  Thread calibration: mean lat.: 1.742ms, rate sampling interval: 10ms
  Thread calibration: mean lat.: 1.717ms, rate sampling interval: 10ms
  Thread calibration: mean lat.: 1.710ms, rate sampling interval: 10ms
  Thread calibration: mean lat.: 1.733ms, rate sampling interval: 10ms
  Thread calibration: mean lat.: 1.873ms, rate sampling interval: 10ms
  Thread calibration: mean lat.: 1.831ms, rate sampling interval: 10ms
  Thread calibration: mean lat.: 1.764ms, rate sampling interval: 10ms
  Thread calibration: mean lat.: 1.775ms, rate sampling interval: 10ms
  Thread calibration: mean lat.: 1.770ms, rate sampling interval: 10ms
  Thread calibration: mean lat.: 1.807ms, rate sampling interval: 10ms
  Thread calibration: mean lat.: 1.677ms, rate sampling interval: 10ms
  Thread calibration: mean lat.: 1.886ms, rate sampling interval: 10ms
  Thread Stats   Avg      Stdev     Max   +/- Stdev
    Latency     1.58ms    1.20ms  86.46ms   85.90%
    Req/Sec     1.32k   451.53     4.30k    69.53%
  Latency Distribution (HdrHistogram - Recorded Latency)
 50.000%    1.36ms
 75.000%    1.98ms
 90.000%    2.73ms
 99.000%    5.52ms
 99.900%   13.18ms
 99.990%   25.33ms
 99.999%   47.10ms
100.000%   86.53ms

  Detailed Percentile spectrum:
       Value   Percentile   TotalCount 1/(1-Percentile)

       0.068     0.000000            1         1.00
       0.544     0.100000      1181935         1.11
       0.788     0.200000      2360521         1.25
       0.993     0.300000      3543341         1.43
       1.175     0.400000      4720844         1.67
       1.363     0.500000      5900134         2.00
       1.466     0.550000      6493728         2.22
       1.577     0.600000      7080453         2.50
       1.699     0.650000      7670949         2.86
       1.832     0.700000      8259876         3.33
       1.984     0.750000      8850028         4.00
       2.071     0.775000      9145986         4.44
       2.169     0.800000      9443659         5.00
       2.279     0.825000      9737553         5.71
       2.403     0.850000     10029617         6.67
       2.549     0.875000     10325051         8.00
       2.633     0.887500     10471616         8.89
       2.727     0.900000     10617923        10.00
       2.835     0.912500     10766364        11.43
       2.959     0.925000     10913241        13.33
       3.107     0.937500     11060328        16.00
       3.197     0.943750     11135218        17.78
       3.299     0.950000     11207677        20.00
       3.423     0.956250     11281830        22.86
       3.573     0.962500     11355735        26.67
       3.763     0.968750     11429436        32.00
       3.881     0.971875     11466004        35.56
       4.011     0.975000     11502900        40.00
       4.163     0.978125     11539644        45.71
       4.347     0.981250     11576661        53.33
       4.599     0.984375     11613442        64.00
       4.771     0.985938     11631863        71.11
       4.991     0.987500     11650215        80.00
       5.291     0.989062     11668440        91.43
       5.699     0.990625     11686897       106.67
       6.263     0.992188     11705386       128.00
       6.587     0.992969     11714529       142.22
       6.927     0.993750     11723779       160.00
       7.291     0.994531     11732977       182.86
       7.671     0.995313     11742225       213.33
       8.023     0.996094     11751402       256.00
       8.207     0.996484     11756129       284.44
       8.447     0.996875     11760697       320.00
       8.887     0.997266     11765224       365.71
       9.639     0.997656     11769825       426.67
      10.679     0.998047     11774422       512.00
      11.143     0.998242     11776760       568.89
      11.615     0.998437     11779061       640.00
      11.991     0.998633     11781369       731.43
      12.455     0.998828     11783666       853.33
      13.311     0.999023     11785953      1024.00
      13.895     0.999121     11787095      1137.78
      14.495     0.999219     11788253      1280.00
      15.111     0.999316     11789400      1462.86
      15.775     0.999414     11790552      1706.67
      16.415     0.999512     11791723      2048.00
      16.815     0.999561     11792290      2275.56
      17.391     0.999609     11792860      2560.00
      18.143     0.999658     11793429      2925.71
      18.991     0.999707     11794015      3413.33
      19.823     0.999756     11794581      4096.00
      20.223     0.999780     11794880      4551.11
      20.911     0.999805     11795156      5120.00
      21.935     0.999829     11795444      5851.43
      22.975     0.999854     11795731      6826.67
      24.127     0.999878     11796023      8192.00
      24.735     0.999890     11796163      9102.22
      25.487     0.999902     11796310     10240.00
      26.463     0.999915     11796452     11702.86
      27.471     0.999927     11796596     13653.33
      28.607     0.999939     11796739     16384.00
      29.183     0.999945     11796811     18204.44
      30.159     0.999951     11796884     20480.00
      31.503     0.999957     11796956     23405.71
      32.383     0.999963     11797027     27306.67
      34.207     0.999969     11797100     32768.00
      35.007     0.999973     11797135     36408.89
      35.807     0.999976     11797172     40960.00
      36.735     0.999979     11797208     46811.43
      38.207     0.999982     11797243     54613.33
      39.903     0.999985     11797279     65536.00
      41.343     0.999986     11797297     72817.78
      44.127     0.999988     11797315     81920.00
      46.175     0.999989     11797333     93622.86
      48.543     0.999991     11797351    109226.67
      52.191     0.999992     11797369    131072.00
      53.567     0.999993     11797379    145635.56
      55.999     0.999994     11797387    163840.00
      57.503     0.999995     11797396    187245.71
      59.807     0.999995     11797405    218453.33
      64.607     0.999996     11797414    262144.00
      66.175     0.999997     11797419    291271.11
      67.263     0.999997     11797423    327680.00
      68.351     0.999997     11797428    374491.43
      69.503     0.999998     11797432    436906.67
      72.447     0.999998     11797437    524288.00
      75.263     0.999998     11797439    582542.22
      76.031     0.999998     11797441    655360.00
      76.415     0.999999     11797444    748982.86
      76.607     0.999999     11797446    873813.33
      76.799     0.999999     11797448   1048576.00
      77.119     0.999999     11797449   1165084.44
      77.311     0.999999     11797450   1310720.00
      77.695     0.999999     11797452   1497965.71
      79.231     0.999999     11797453   1747626.67
      84.031     1.000000     11797455   2097152.00
      84.031     1.000000     11797455   2330168.89
      84.031     1.000000     11797455   2621440.00
      84.415     1.000000     11797456   2995931.43
      84.415     1.000000     11797456   3495253.33
      85.759     1.000000     11797457   4194304.00
      85.759     1.000000     11797457   4660337.78
      85.759     1.000000     11797457   5242880.00
      85.823     1.000000     11797458   5991862.86
      85.823     1.000000     11797458   6990506.67
      85.823     1.000000     11797458   8388608.00
      85.823     1.000000     11797458   9320675.55
      85.823     1.000000     11797458  10485760.00
      86.527     1.000000     11797459  11983725.71
      86.527     1.000000     11797459          inf
#[Mean    =        1.582, StdDeviation   =        1.199]
#[Max     =       86.464, Total count    =     11797459]
#[Buckets =           27, SubBuckets     =         2048]
----------------------------------------------------------
  11998638 requests in 10.00m, 2.00GB read
Requests/sec:  19997.72
Transfer/sec:      3.41MB
