Running 10m test @ http://localhost:9999/math/plus?x=1&y=2
  16 threads and 400 connections
  Thread calibration: mean lat.: 1.241ms, rate sampling interval: 10ms
  Thread calibration: mean lat.: 1.206ms, rate sampling interval: 10ms
  Thread calibration: mean lat.: 1.304ms, rate sampling interval: 10ms
  Thread calibration: mean lat.: 1.232ms, rate sampling interval: 10ms
  Thread calibration: mean lat.: 1.225ms, rate sampling interval: 10ms
  Thread calibration: mean lat.: 1.305ms, rate sampling interval: 10ms
  Thread calibration: mean lat.: 1.188ms, rate sampling interval: 10ms
  Thread calibration: mean lat.: 1.287ms, rate sampling interval: 10ms
  Thread calibration: mean lat.: 1.273ms, rate sampling interval: 10ms
  Thread calibration: mean lat.: 1.259ms, rate sampling interval: 10ms
  Thread calibration: mean lat.: 1.215ms, rate sampling interval: 10ms
  Thread calibration: mean lat.: 1.291ms, rate sampling interval: 10ms
  Thread calibration: mean lat.: 1.269ms, rate sampling interval: 10ms
  Thread calibration: mean lat.: 1.245ms, rate sampling interval: 10ms
  Thread calibration: mean lat.: 1.250ms, rate sampling interval: 10ms
  Thread calibration: mean lat.: 1.255ms, rate sampling interval: 10ms
  Thread Stats   Avg      Stdev     Max   +/- Stdev
    Latency     1.16ms    1.10ms  65.34ms   97.31%
    Req/Sec     1.31k   587.13     4.33k    78.98%
  Latency Distribution (HdrHistogram - Recorded Latency)
 50.000%    1.06ms
 75.000%    1.42ms
 90.000%    1.75ms
 99.000%    4.16ms
 99.900%   15.37ms
 99.990%   31.01ms
 99.999%   48.26ms
100.000%   65.38ms

  Detailed Percentile spectrum:
       Value   Percentile   TotalCount 1/(1-Percentile)

       0.075     0.000000            1         1.00
       0.444     0.100000      1185285         1.11
       0.629     0.200000      2360128         1.25
       0.782     0.300000      3543422         1.43
       0.922     0.400000      4725233         1.67
       1.057     0.500000      5901978         2.00
       1.124     0.550000      6490029         2.22
       1.192     0.600000      7083775         2.50
       1.262     0.650000      7674500         2.86
       1.336     0.700000      8263354         3.33
       1.416     0.750000      8852976         4.00
       1.459     0.775000      9146033         4.44
       1.505     0.800000      9439178         5.00
       1.556     0.825000      9736417         5.71
       1.612     0.850000     10029501         6.67
       1.676     0.875000     10326037         8.00
       1.711     0.887500     10472797         8.89
       1.749     0.900000     10618185        10.00
       1.793     0.912500     10766842        11.43
       1.844     0.925000     10915167        13.33
       1.905     0.937500     11060467        16.00
       1.942     0.943750     11134964        17.78
       1.984     0.950000     11208520        20.00
       2.034     0.956250     11282063        22.86
       2.097     0.962500     11356954        26.67
       2.179     0.968750     11429383        32.00
       2.235     0.971875     11466174        35.56
       2.309     0.975000     11502744        40.00
       2.413     0.978125     11539596        45.71
       2.587     0.981250     11576320        53.33
       2.919     0.984375     11613286        64.00
       3.173     0.985938     11631697        71.11
       3.495     0.987500     11650086        80.00
       3.903     0.989062     11668508        91.43
       4.395     0.990625     11686930       106.67
       5.287     0.992188     11705395       128.00
       5.879     0.992969     11714562       142.22
       6.479     0.993750     11723777       160.00
       7.187     0.994531     11733036       182.86
       7.959     0.995313     11742244       213.33
       8.623     0.996094     11751445       256.00
       9.135     0.996484     11756058       284.44
       9.799     0.996875     11760636       320.00
      10.527     0.997266     11765263       365.71
      11.335     0.997656     11769843       426.67
      12.071     0.998047     11774455       512.00
      12.391     0.998242     11776795       568.89
      12.919     0.998437     11779069       640.00
      13.663     0.998633     11781385       731.43
      14.503     0.998828     11783687       853.33
      15.503     0.999023     11785979      1024.00
      15.983     0.999121     11787132      1137.78
      16.463     0.999219     11788307      1280.00
      17.263     0.999316     11789428      1462.86
      18.239     0.999414     11790598      1706.67
      19.311     0.999512     11791740      2048.00
      19.935     0.999561     11792318      2275.56
      20.703     0.999609     11792883      2560.00
      21.727     0.999658     11793461      2925.71
      22.815     0.999707     11794035      3413.33
      23.999     0.999756     11794617      4096.00
      24.735     0.999780     11794901      4551.11
      25.663     0.999805     11795190      5120.00
      26.639     0.999829     11795479      5851.43
      27.935     0.999854     11795766      6826.67
      29.375     0.999878     11796055      8192.00
      30.191     0.999890     11796195      9102.22
      31.199     0.999902     11796341     10240.00
      32.463     0.999915     11796483     11702.86
      33.599     0.999927     11796627     13653.33
      35.199     0.999939     11796774     16384.00
      36.127     0.999945     11796843     18204.44
      37.055     0.999951     11796916     20480.00
      38.143     0.999957     11796990     23405.71
      38.847     0.999963     11797059     27306.67
      39.903     0.999969     11797132     32768.00
      40.511     0.999973     11797167     36408.89
      41.631     0.999976     11797203     40960.00
      42.623     0.999979     11797240     46811.43
      43.967     0.999982     11797275     54613.33
      45.407     0.999985     11797312     65536.00
      45.951     0.999986     11797330     72817.78
      46.975     0.999988     11797347     81920.00
      47.871     0.999989     11797366     93622.86
      48.799     0.999991     11797383    109226.67
      49.375     0.999992     11797401    131072.00
      50.175     0.999993     11797410    145635.56
      50.911     0.999994     11797419    163840.00
      52.031     0.999995     11797428    187245.71
      52.767     0.999995     11797437    218453.33
      53.599     0.999996     11797446    262144.00
      54.399     0.999997     11797452    291271.11
      54.591     0.999997     11797455    327680.00
      55.103     0.999997     11797460    374491.43
      55.903     0.999998     11797464    436906.67
      57.311     0.999998     11797469    524288.00
      57.695     0.999998     11797471    582542.22
      57.823     0.999998     11797474    655360.00
      58.143     0.999999     11797477    748982.86
      58.463     0.999999     11797478    873813.33
      59.007     0.999999     11797480   1048576.00
      59.327     0.999999     11797481   1165084.44
      59.807     0.999999     11797482   1310720.00
      61.919     0.999999     11797484   1497965.71
      62.495     0.999999     11797485   1747626.67
      62.847     1.000000     11797486   2097152.00
      62.847     1.000000     11797486   2330168.89
      62.943     1.000000     11797487   2621440.00
      63.007     1.000000     11797488   2995931.43
      63.007     1.000000     11797488   3495253.33
      63.839     1.000000     11797489   4194304.00
      63.839     1.000000     11797489   4660337.78
      63.839     1.000000     11797489   5242880.00
      65.023     1.000000     11797490   5991862.86
      65.023     1.000000     11797490   6990506.67
      65.023     1.000000     11797490   8388608.00
      65.023     1.000000     11797490   9320675.55
      65.023     1.000000     11797490  10485760.00
      65.375     1.000000     11797491  11983725.71
      65.375     1.000000     11797491          inf
#[Mean    =        1.163, StdDeviation   =        1.096]
#[Max     =       65.344, Total count    =     11797491]
#[Buckets =           27, SubBuckets     =         2048]
----------------------------------------------------------
  11996459 requests in 10.00m, 2.00GB read
Requests/sec:  19994.07
Transfer/sec:      3.41MB
