Running 10m test @ http://localhost:9999/math/plus?x=1&y=2
  16 threads and 400 connections
  Thread calibration: mean lat.: 3.182ms, rate sampling interval: 14ms
  Thread calibration: mean lat.: 3.156ms, rate sampling interval: 14ms
  Thread calibration: mean lat.: 3.554ms, rate sampling interval: 15ms
  Thread calibration: mean lat.: 3.442ms, rate sampling interval: 15ms
  Thread calibration: mean lat.: 3.629ms, rate sampling interval: 16ms
  Thread calibration: mean lat.: 3.371ms, rate sampling interval: 15ms
  Thread calibration: mean lat.: 3.456ms, rate sampling interval: 15ms
  Thread calibration: mean lat.: 3.355ms, rate sampling interval: 15ms
  Thread calibration: mean lat.: 3.386ms, rate sampling interval: 14ms
  Thread calibration: mean lat.: 2.175ms, rate sampling interval: 10ms
  Thread calibration: mean lat.: 4.943ms, rate sampling interval: 19ms
  Thread calibration: mean lat.: 3.749ms, rate sampling interval: 16ms
  Thread calibration: mean lat.: 3.293ms, rate sampling interval: 15ms
  Thread calibration: mean lat.: 1.852ms, rate sampling interval: 10ms
  Thread calibration: mean lat.: 2.133ms, rate sampling interval: 10ms
  Thread calibration: mean lat.: 3.321ms, rate sampling interval: 14ms
  Thread Stats   Avg      Stdev     Max   +/- Stdev
    Latency     3.10ms    2.74ms  33.34ms   83.78%
    Req/Sec   649.60    654.90     2.78k    86.87%
  Latency Distribution (HdrHistogram - Recorded Latency)
 50.000%    2.02ms
 75.000%    4.01ms
 90.000%    7.20ms
 99.000%   12.48ms
 99.900%   16.88ms
 99.990%   21.15ms
 99.999%   26.33ms
100.000%   33.38ms

  Detailed Percentile spectrum:
       Value   Percentile   TotalCount 1/(1-Percentile)

       0.079     0.000000            1         1.00
       0.843     0.100000       591111         1.11
       1.143     0.200000      1180992         1.25
       1.400     0.300000      1769980         1.43
       1.678     0.400000      2361134         1.67
       2.024     0.500000      2949548         2.00
       2.249     0.550000      3246218         2.22
       2.531     0.600000      3539225         2.50
       2.905     0.650000      3834319         2.86
       3.389     0.700000      4129422         3.33
       4.007     0.750000      4424673         4.00
       4.387     0.775000      4572026         4.44
       4.851     0.800000      4719725         5.00
       5.383     0.825000      4866959         5.71
       5.951     0.850000      5014234         6.67
       6.539     0.875000      5161733         8.00
       6.859     0.887500      5235868         8.89
       7.195     0.900000      5309093        10.00
       7.555     0.912500      5383057        11.43
       7.967     0.925000      5456624        13.33
       8.431     0.937500      5531064        16.00
       8.687     0.943750      5567664        17.78
       8.975     0.950000      5604500        20.00
       9.287     0.956250      5640749        22.86
       9.647     0.962500      5677773        26.67
      10.063     0.968750      5714841        32.00
      10.295     0.971875      5733167        35.56
      10.551     0.975000      5751590        40.00
      10.847     0.978125      5770072        45.71
      11.175     0.981250      5788216        53.33
      11.559     0.984375      5806729        64.00
      11.783     0.985938      5815705        71.11
      12.039     0.987500      5825148        80.00
      12.303     0.989062      5834188        91.43
      12.607     0.990625      5843383       106.67
      12.967     0.992188      5852665       128.00
      13.167     0.992969      5857208       142.22
      13.391     0.993750      5861856       160.00
      13.639     0.994531      5866405       182.86
      13.927     0.995313      5871044       213.33
      14.279     0.996094      5875627       256.00
      14.487     0.996484      5877943       284.44
      14.711     0.996875      5880232       320.00
      14.999     0.997266      5882567       365.71
      15.319     0.997656      5884837       426.67
      15.679     0.998047      5887165       512.00
      15.887     0.998242      5888317       568.89
      16.095     0.998437      5889458       640.00
      16.327     0.998633      5890616       731.43
      16.607     0.998828      5891801       853.33
      16.911     0.999023      5892904      1024.00
      17.103     0.999121      5893484      1137.78
      17.311     0.999219      5894076      1280.00
      17.535     0.999316      5894651      1462.86
      17.775     0.999414      5895225      1706.67
      18.111     0.999512      5895783      2048.00
      18.319     0.999561      5896075      2275.56
      18.559     0.999609      5896359      2560.00
      18.831     0.999658      5896640      2925.71
      19.103     0.999707      5896926      3413.33
      19.423     0.999756      5897221      4096.00
      19.599     0.999780      5897368      4551.11
      19.823     0.999805      5897503      5120.00
      20.095     0.999829      5897649      5851.43
      20.367     0.999854      5897792      6826.67
      20.751     0.999878      5897933      8192.00
      20.959     0.999890      5898009      9102.22
      21.199     0.999902      5898078     10240.00
      21.567     0.999915      5898152     11702.86
      21.983     0.999927      5898221     13653.33
      22.383     0.999939      5898294     16384.00
      22.559     0.999945      5898330     18204.44
      22.799     0.999951      5898365     20480.00
      23.071     0.999957      5898401     23405.71
      23.343     0.999963      5898437     27306.67
      23.823     0.999969      5898475     32768.00
      24.031     0.999973      5898491     36408.89
      24.479     0.999976      5898512     40960.00
      24.687     0.999979      5898527     46811.43
      25.103     0.999982      5898545     54613.33
      25.343     0.999985      5898563     65536.00
      25.535     0.999986      5898572     72817.78
      25.839     0.999988      5898581     81920.00
      26.207     0.999989      5898590     93622.86
      26.495     0.999991      5898599    109226.67
      26.847     0.999992      5898609    131072.00
      26.959     0.999993      5898613    145635.56
      27.183     0.999994      5898617    163840.00
      27.455     0.999995      5898622    187245.71
      27.887     0.999995      5898626    218453.33
      28.207     0.999996      5898631    262144.00
      28.319     0.999997      5898633    291271.11
      28.623     0.999997      5898635    327680.00
      28.991     0.999997      5898638    374491.43
      29.711     0.999998      5898640    436906.67
      29.935     0.999998      5898642    524288.00
      30.047     0.999998      5898643    582542.22
      30.095     0.999998      5898644    655360.00
      30.527     0.999999      5898646    748982.86
      30.559     0.999999      5898647    873813.33
      31.343     0.999999      5898648   1048576.00
      31.343     0.999999      5898648   1165084.44
      31.439     0.999999      5898649   1310720.00
      31.679     0.999999      5898650   1497965.71
      31.679     0.999999      5898650   1747626.67
      31.711     1.000000      5898651   2097152.00
      31.711     1.000000      5898651   2330168.89
      31.711     1.000000      5898651   2621440.00
      32.831     1.000000      5898652   2995931.43
      32.831     1.000000      5898652   3495253.33
      32.831     1.000000      5898652   4194304.00
      32.831     1.000000      5898652   4660337.78
      32.831     1.000000      5898652   5242880.00
      33.375     1.000000      5898653   5991862.86
      33.375     1.000000      5898653          inf
#[Mean    =        3.103, StdDeviation   =        2.739]
#[Max     =       33.344, Total count    =      5898653]
#[Buckets =           27, SubBuckets     =         2048]
----------------------------------------------------------
  5997047 requests in 10.00m, 1.00GB read
Requests/sec:   9995.15
Transfer/sec:      1.71MB
