Running 10m test @ http://localhost:9999/math/plus?x=1&y=2
  16 threads and 400 connections
  Thread calibration: mean lat.: 2.076ms, rate sampling interval: 10ms
  Thread calibration: mean lat.: 2.341ms, rate sampling interval: 10ms
  Thread calibration: mean lat.: 2.078ms, rate sampling interval: 10ms
  Thread calibration: mean lat.: 1.977ms, rate sampling interval: 10ms
  Thread calibration: mean lat.: 2.309ms, rate sampling interval: 10ms
  Thread calibration: mean lat.: 2.310ms, rate sampling interval: 10ms
  Thread calibration: mean lat.: 2.319ms, rate sampling interval: 10ms
  Thread calibration: mean lat.: 2.071ms, rate sampling interval: 10ms
  Thread calibration: mean lat.: 2.472ms, rate sampling interval: 10ms
  Thread calibration: mean lat.: 1.972ms, rate sampling interval: 10ms
  Thread calibration: mean lat.: 2.197ms, rate sampling interval: 10ms
  Thread calibration: mean lat.: 2.122ms, rate sampling interval: 10ms
  Thread calibration: mean lat.: 2.238ms, rate sampling interval: 10ms
  Thread calibration: mean lat.: 1.932ms, rate sampling interval: 10ms
  Thread calibration: mean lat.: 2.153ms, rate sampling interval: 10ms
  Thread calibration: mean lat.: 2.051ms, rate sampling interval: 10ms
  Thread Stats   Avg      Stdev     Max   +/- Stdev
    Latency     2.26ms    3.27ms  89.92ms   92.45%
    Req/Sec     1.32k   666.32     4.90k    53.11%
  Latency Distribution (HdrHistogram - Recorded Latency)
 50.000%    1.36ms
 75.000%    2.19ms
 90.000%    3.84ms
 99.000%   16.90ms
 99.900%   31.84ms
 99.990%   44.35ms
 99.999%   53.85ms
100.000%   89.98ms

  Detailed Percentile spectrum:
       Value   Percentile   TotalCount 1/(1-Percentile)

       0.080     0.000000            1         1.00
       0.519     0.100000      1183080         1.11
       0.755     0.200000      2359746         1.25
       0.959     0.300000      3541091         1.43
       1.151     0.400000      4723255         1.67
       1.363     0.500000      5903437         2.00
       1.490     0.550000      6488843         2.22
       1.634     0.600000      7081004         2.50
       1.793     0.650000      7668664         2.86
       1.972     0.700000      8259560         3.33
       2.189     0.750000      8852394         4.00
       2.319     0.775000      9143740         4.44
       2.473     0.800000      9438689         5.00
       2.663     0.825000      9734825         5.71
       2.905     0.850000     10029261         6.67
       3.239     0.875000     10323234         8.00
       3.479     0.887500     10470917         8.89
       3.843     0.900000     10617780        10.00
       4.443     0.912500     10765508        11.43
       5.591     0.925000     10912685        13.33
       7.059     0.937500     11060349        16.00
       7.811     0.943750     11133892        17.78
       8.591     0.950000     11207686        20.00
       9.439     0.956250     11281728        22.86
      10.359     0.962500     11355254        26.67
      11.343     0.968750     11428986        32.00
      11.879     0.971875     11466043        35.56
      12.439     0.975000     11502755        40.00
      13.055     0.978125     11539583        45.71
      13.767     0.981250     11576253        53.33
      14.631     0.984375     11613248        64.00
      15.127     0.985938     11631523        71.11
      15.687     0.987500     11650098        80.00
      16.367     0.989062     11668409        91.43
      17.295     0.990625     11687111       106.67
      18.463     0.992188     11705357       128.00
      19.135     0.992969     11714500       142.22
      19.935     0.993750     11723734       160.00
      20.959     0.994531     11732934       182.86
      22.191     0.995313     11742127       213.33
      23.519     0.996094     11751419       256.00
      24.255     0.996484     11755961       284.44
      25.071     0.996875     11760560       320.00
      25.967     0.997266     11765190       365.71
      26.943     0.997656     11769791       426.67
      28.031     0.998047     11774414       512.00
      28.655     0.998242     11776723       568.89
      29.343     0.998437     11779039       640.00
      30.063     0.998633     11781300       731.43
      30.927     0.998828     11783622       853.33
      31.967     0.999023     11785935      1024.00
      32.511     0.999121     11787068      1137.78
      33.151     0.999219     11788223      1280.00
      33.855     0.999316     11789390      1462.86
      34.719     0.999414     11790518      1706.67
      35.743     0.999512     11791695      2048.00
      36.287     0.999561     11792249      2275.56
      36.959     0.999609     11792837      2560.00
      37.695     0.999658     11793394      2925.71
      38.623     0.999707     11793967      3413.33
      39.647     0.999756     11794554      4096.00
      40.287     0.999780     11794831      4551.11
      41.023     0.999805     11795128      5120.00
      41.727     0.999829     11795421      5851.43
      42.495     0.999854     11795701      6826.67
      43.423     0.999878     11795985      8192.00
      43.935     0.999890     11796135      9102.22
      44.543     0.999902     11796282     10240.00
      45.311     0.999915     11796423     11702.86
      46.047     0.999927     11796562     13653.33
      47.071     0.999939     11796703     16384.00
      47.519     0.999945     11796778     18204.44
      47.999     0.999951     11796848     20480.00
      48.639     0.999957     11796922     23405.71
      49.343     0.999963     11796993     27306.67
      49.951     0.999969     11797064     32768.00
      50.271     0.999973     11797099     36408.89
      50.879     0.999976     11797136     40960.00
      51.327     0.999979     11797172     46811.43
      51.903     0.999982     11797208     54613.33
      52.543     0.999985     11797244     65536.00
      52.895     0.999986     11797261     72817.78
      53.407     0.999988     11797279     81920.00
      53.759     0.999989     11797297     93622.86
      54.303     0.999991     11797315    109226.67
      54.975     0.999992     11797333    131072.00
      55.327     0.999993     11797342    145635.56
      55.679     0.999994     11797351    163840.00
      56.351     0.999995     11797361    187245.71
      56.607     0.999995     11797369    218453.33
      57.183     0.999996     11797378    262144.00
      57.535     0.999997     11797383    291271.11
      57.823     0.999997     11797387    327680.00
      58.303     0.999997     11797392    374491.43
      58.911     0.999998     11797396    436906.67
      59.743     0.999998     11797402    524288.00
      60.127     0.999998     11797403    582542.22
      60.671     0.999998     11797406    655360.00
      61.119     0.999999     11797408    748982.86
      62.015     0.999999     11797410    873813.33
      62.431     0.999999     11797412   1048576.00
      62.655     0.999999     11797413   1165084.44
      63.007     0.999999     11797414   1310720.00
      64.543     0.999999     11797416   1497965.71
      65.343     0.999999     11797417   1747626.67
      65.919     1.000000     11797418   2097152.00
      65.919     1.000000     11797418   2330168.89
      67.839     1.000000     11797419   2621440.00
      72.383     1.000000     11797420   2995931.43
      72.383     1.000000     11797420   3495253.33
      72.895     1.000000     11797421   4194304.00
      72.895     1.000000     11797421   4660337.78
      72.895     1.000000     11797421   5242880.00
      75.839     1.000000     11797422   5991862.86
      75.839     1.000000     11797422   6990506.67
      75.839     1.000000     11797422   8388608.00
      75.839     1.000000     11797422   9320675.55
      75.839     1.000000     11797422  10485760.00
      89.983     1.000000     11797423  11983725.71
      89.983     1.000000     11797423          inf
#[Mean    =        2.262, StdDeviation   =        3.271]
#[Max     =       89.920, Total count    =     11797423]
#[Buckets =           27, SubBuckets     =         2048]
----------------------------------------------------------
  11997482 requests in 10.00m, 2.00GB read
Requests/sec:  19995.79
Transfer/sec:      3.41MB
