Running 10m test @ http://localhost:9999/math/plus?x=1&y=2
  16 threads and 400 connections
  Thread calibration: mean lat.: 2.069ms, rate sampling interval: 10ms
  Thread calibration: mean lat.: 2.167ms, rate sampling interval: 10ms
  Thread calibration: mean lat.: 2.121ms, rate sampling interval: 10ms
  Thread calibration: mean lat.: 2.101ms, rate sampling interval: 10ms
  Thread calibration: mean lat.: 2.032ms, rate sampling interval: 10ms
  Thread calibration: mean lat.: 2.073ms, rate sampling interval: 10ms
  Thread calibration: mean lat.: 2.171ms, rate sampling interval: 10ms
  Thread calibration: mean lat.: 2.206ms, rate sampling interval: 10ms
  Thread calibration: mean lat.: 2.295ms, rate sampling interval: 10ms
  Thread calibration: mean lat.: 2.205ms, rate sampling interval: 10ms
  Thread calibration: mean lat.: 2.182ms, rate sampling interval: 10ms
  Thread calibration: mean lat.: 2.384ms, rate sampling interval: 10ms
  Thread calibration: mean lat.: 2.070ms, rate sampling interval: 10ms
  Thread calibration: mean lat.: 2.088ms, rate sampling interval: 10ms
  Thread calibration: mean lat.: 2.135ms, rate sampling interval: 10ms
  Thread calibration: mean lat.: 2.054ms, rate sampling interval: 10ms
  Thread Stats   Avg      Stdev     Max   +/- Stdev
    Latency     2.06ms    2.03ms  63.23ms   90.29%
    Req/Sec   658.98    503.67     2.78k    78.28%
  Latency Distribution (HdrHistogram - Recorded Latency)
 50.000%    1.46ms
 75.000%    2.35ms
 90.000%    4.04ms
 99.000%   10.69ms
 99.900%   19.44ms
 99.990%   28.64ms
 99.999%   47.94ms
100.000%   63.26ms

  Detailed Percentile spectrum:
       Value   Percentile   TotalCount 1/(1-Percentile)

       0.086     0.000000            2         1.00
       0.633     0.100000       589941         1.11
       0.872     0.200000      1179915         1.25
       1.076     0.300000      1771232         1.43
       1.262     0.400000      2362311         1.67
       1.457     0.500000      2950198         2.00
       1.574     0.550000      3244816         2.22
       1.711     0.600000      3540551         2.50
       1.875     0.650000      3834444         2.86
       2.081     0.700000      4130533         3.33
       2.353     0.750000      4424633         4.00
       2.529     0.775000      4572525         4.44
       2.737     0.800000      4719310         5.00
       2.985     0.825000      4866443         5.71
       3.271     0.850000      5014354         6.67
       3.607     0.875000      5161529         8.00
       3.811     0.887500      5235452         8.89
       4.043     0.900000      5309341        10.00
       4.303     0.912500      5383253        11.43
       4.615     0.925000      5456462        13.33
       5.043     0.937500      5530170        16.00
       5.307     0.943750      5566953        17.78
       5.615     0.950000      5604024        20.00
       5.975     0.956250      5640633        22.86
       6.415     0.962500      5677554        26.67
       6.947     0.968750      5714359        32.00
       7.255     0.971875      5732882        35.56
       7.595     0.975000      5751279        40.00
       7.979     0.978125      5769648        45.71
       8.431     0.981250      5788194        53.33
       9.039     0.984375      5806625        64.00
       9.407     0.985938      5815684        71.11
       9.847     0.987500      5824999        80.00
      10.351     0.989062      5834121        91.43
      10.951     0.990625      5843355       106.67
      11.671     0.992188      5852639       128.00
      12.063     0.992969      5857219       142.22
      12.503     0.993750      5861807       160.00
      12.983     0.994531      5866381       182.86
      13.559     0.995313      5871016       213.33
      14.223     0.996094      5875598       256.00
      14.607     0.996484      5877922       284.44
      15.055     0.996875      5880216       320.00
      15.559     0.997266      5882507       365.71
      16.127     0.997656      5884822       426.67
      16.767     0.998047      5887130       512.00
      17.183     0.998242      5888279       568.89
      17.647     0.998437      5889423       640.00
      18.207     0.998633      5890585       731.43
      18.831     0.998828      5891736       853.33
      19.535     0.999023      5892888      1024.00
      19.903     0.999121      5893465      1137.78
      20.335     0.999219      5894025      1280.00
      20.847     0.999316      5894598      1462.86
      21.423     0.999414      5895183      1706.67
      22.111     0.999512      5895751      2048.00
      22.527     0.999561      5896036      2275.56
      22.975     0.999609      5896328      2560.00
      23.423     0.999658      5896622      2925.71
      23.967     0.999707      5896901      3413.33
      24.671     0.999756      5897195      4096.00
      25.103     0.999780      5897332      4551.11
      25.679     0.999805      5897481      5120.00
      26.271     0.999829      5897620      5851.43
      27.055     0.999854      5897764      6826.67
      27.775     0.999878      5897911      8192.00
      28.207     0.999890      5897982      9102.22
      28.735     0.999902      5898053     10240.00
      29.439     0.999915      5898124     11702.86
      30.159     0.999927      5898197     13653.33
      31.087     0.999939      5898268     16384.00
      31.823     0.999945      5898304     18204.44
      32.751     0.999951      5898340     20480.00
      33.983     0.999957      5898377     23405.71
      35.103     0.999963      5898412     27306.67
      36.063     0.999969      5898448     32768.00
      36.671     0.999973      5898466     36408.89
      37.343     0.999976      5898484     40960.00
      38.943     0.999979      5898502     46811.43
      40.671     0.999982      5898520     54613.33
      43.199     0.999985      5898538     65536.00
      44.063     0.999986      5898547     72817.78
      46.015     0.999988      5898556     81920.00
      47.007     0.999989      5898565     93622.86
      49.471     0.999991      5898574    109226.67
      51.327     0.999992      5898583    131072.00
      52.415     0.999993      5898588    145635.56
      52.671     0.999994      5898592    163840.00
      53.695     0.999995      5898597    187245.71
      54.015     0.999995      5898601    218453.33
      55.967     0.999996      5898606    262144.00
      56.223     0.999997      5898609    291271.11
      56.319     0.999997      5898610    327680.00
      57.343     0.999997      5898613    374491.43
      58.175     0.999998      5898615    436906.67
      58.719     0.999998      5898617    524288.00
      58.975     0.999998      5898618    582542.22
      59.103     0.999998      5898619    655360.00
      59.391     0.999999      5898621    748982.86
      59.711     0.999999      5898622    873813.33
      60.831     0.999999      5898623   1048576.00
      60.831     0.999999      5898623   1165084.44
      61.663     0.999999      5898624   1310720.00
      61.695     0.999999      5898625   1497965.71
      61.695     0.999999      5898625   1747626.67
      61.727     1.000000      5898626   2097152.00
      61.727     1.000000      5898626   2330168.89
      61.727     1.000000      5898626   2621440.00
      61.791     1.000000      5898627   2995931.43
      61.791     1.000000      5898627   3495253.33
      61.791     1.000000      5898627   4194304.00
      61.791     1.000000      5898627   4660337.78
      61.791     1.000000      5898627   5242880.00
      63.263     1.000000      5898628   5991862.86
      63.263     1.000000      5898628          inf
#[Mean    =        2.060, StdDeviation   =        2.035]
#[Max     =       63.232, Total count    =      5898628]
#[Buckets =           27, SubBuckets     =         2048]
----------------------------------------------------------
  5998312 requests in 10.00m, 1.00GB read
Requests/sec:   9997.15
Transfer/sec:      1.71MB
