Running 10m test @ http://localhost:9999/math/plus?x=1&y=2
  16 threads and 400 connections
  Thread calibration: mean lat.: 1.378ms, rate sampling interval: 10ms
  Thread calibration: mean lat.: 1.420ms, rate sampling interval: 10ms
  Thread calibration: mean lat.: 1.433ms, rate sampling interval: 10ms
  Thread calibration: mean lat.: 1.449ms, rate sampling interval: 10ms
  Thread calibration: mean lat.: 1.440ms, rate sampling interval: 10ms
  Thread calibration: mean lat.: 1.444ms, rate sampling interval: 10ms
  Thread calibration: mean lat.: 1.477ms, rate sampling interval: 10ms
  Thread calibration: mean lat.: 1.518ms, rate sampling interval: 10ms
  Thread calibration: mean lat.: 1.515ms, rate sampling interval: 10ms
  Thread calibration: mean lat.: 1.505ms, rate sampling interval: 10ms
  Thread calibration: mean lat.: 1.431ms, rate sampling interval: 10ms
  Thread calibration: mean lat.: 1.488ms, rate sampling interval: 10ms
  Thread calibration: mean lat.: 1.492ms, rate sampling interval: 10ms
  Thread calibration: mean lat.: 1.498ms, rate sampling interval: 10ms
  Thread calibration: mean lat.: 1.471ms, rate sampling interval: 10ms
  Thread calibration: mean lat.: 1.501ms, rate sampling interval: 10ms
  Thread Stats   Avg      Stdev     Max   +/- Stdev
    Latency     1.31ms    1.89ms  77.70ms   95.79%
    Req/Sec     1.32k   366.21     5.44k    65.90%
  Latency Distribution (HdrHistogram - Recorded Latency)
 50.000%    1.01ms
 75.000%    1.37ms
 90.000%    1.81ms
 99.000%   10.02ms
 99.900%   23.57ms
 99.990%   39.46ms
 99.999%   55.62ms
100.000%   77.76ms

  Detailed Percentile spectrum:
       Value   Percentile   TotalCount 1/(1-Percentile)

       0.077     0.000000            1         1.00
       0.389     0.100000      1181362         1.11
       0.575     0.200000      2365143         1.25
       0.731     0.300000      3542193         1.43
       0.873     0.400000      4724626         1.67
       1.007     0.500000      5899085         2.00
       1.074     0.550000      6493940         2.22
       1.141     0.600000      7085681         2.50
       1.209     0.650000      7671087         2.86
       1.285     0.700000      8263561         3.33
       1.370     0.750000      8853947         4.00
       1.418     0.775000      9143439         4.44
       1.473     0.800000      9441300         5.00
       1.535     0.825000      9736344         5.71
       1.606     0.850000     10031001         6.67
       1.691     0.875000     10324350         8.00
       1.744     0.887500     10472557         8.89
       1.808     0.900000     10619649        10.00
       1.888     0.912500     10765570        11.43
       1.999     0.925000     10913386        13.33
       2.177     0.937500     11060224        16.00
       2.329     0.943750     11134359        17.78
       2.575     0.950000     11207643        20.00
       3.043     0.956250     11281456        22.86
       3.749     0.962500     11355097        26.67
       4.643     0.968750     11428891        32.00
       5.199     0.971875     11465838        35.56
       5.791     0.975000     11502697        40.00
       6.439     0.978125     11539386        45.71
       7.191     0.981250     11576244        53.33
       8.019     0.984375     11613226        64.00
       8.455     0.985938     11631797        71.11
       8.975     0.987500     11650066        80.00
       9.583     0.989062     11668443        91.43
      10.335     0.990625     11686959       106.67
      11.271     0.992188     11705370       128.00
      11.815     0.992969     11714590       142.22
      12.367     0.993750     11723754       160.00
      13.079     0.994531     11733018       182.86
      13.951     0.995313     11742164       213.33
      15.023     0.996094     11751400       256.00
      15.631     0.996484     11755995       284.44
      16.287     0.996875     11760588       320.00
      17.103     0.997266     11765258       365.71
      18.063     0.997656     11769844       426.67
      19.183     0.998047     11774427       512.00
      19.839     0.998242     11776722       568.89
      20.607     0.998437     11779015       640.00
      21.519     0.998633     11781325       731.43
      22.511     0.998828     11783632       853.33
      23.743     0.999023     11785938      1024.00
      24.415     0.999121     11787077      1137.78
      25.215     0.999219     11788255      1280.00
      26.095     0.999316     11789388      1462.86
      27.039     0.999414     11790532      1706.67
      28.239     0.999512     11791695      2048.00
      28.895     0.999561     11792264      2275.56
      29.663     0.999609     11792837      2560.00
      30.559     0.999658     11793413      2925.71
      31.615     0.999707     11793988      3413.33
      32.831     0.999756     11794574      4096.00
      33.631     0.999780     11794856      4551.11
      34.367     0.999805     11795139      5120.00
      35.455     0.999829     11795427      5851.43
      36.511     0.999854     11795716      6826.67
      37.983     0.999878     11796003      8192.00
      38.751     0.999890     11796151      9102.22
      39.583     0.999902     11796294     10240.00
      40.607     0.999915     11796434     11702.86
      41.823     0.999927     11796579     13653.33
      43.519     0.999939     11796724     16384.00
      44.351     0.999945     11796795     18204.44
      45.215     0.999951     11796868     20480.00
      46.207     0.999957     11796938     23405.71
      47.391     0.999963     11797010     27306.67
      48.351     0.999969     11797084     32768.00
      49.087     0.999973     11797119     36408.89
      50.047     0.999976     11797154     40960.00
      50.911     0.999979     11797190     46811.43
      51.711     0.999982     11797229     54613.33
      52.863     0.999985     11797263     65536.00
      53.535     0.999986     11797280     72817.78
      54.239     0.999988     11797298     81920.00
      55.231     0.999989     11797318     93622.86
      56.031     0.999991     11797334    109226.67
      57.759     0.999992     11797352    131072.00
      58.591     0.999993     11797361    145635.56
      59.103     0.999994     11797370    163840.00
      59.999     0.999995     11797379    187245.71
      60.511     0.999995     11797388    218453.33
      61.343     0.999996     11797397    262144.00
      61.823     0.999997     11797402    291271.11
      63.583     0.999997     11797406    327680.00
      64.351     0.999997     11797411    374491.43
      65.727     0.999998     11797415    436906.67
      67.263     0.999998     11797420    524288.00
      67.583     0.999998     11797422    582542.22
      67.647     0.999998     11797424    655360.00
      68.799     0.999999     11797427    748982.86
      69.247     0.999999     11797430    873813.33
      69.439     0.999999     11797431   1048576.00
      69.503     0.999999     11797432   1165084.44
      70.143     0.999999     11797433   1310720.00
      70.719     0.999999     11797435   1497965.71
      72.191     0.999999     11797436   1747626.67
      72.575     1.000000     11797438   2097152.00
      72.575     1.000000     11797438   2330168.89
      72.575     1.000000     11797438   2621440.00
      75.391     1.000000     11797439   2995931.43
      75.391     1.000000     11797439   3495253.33
      76.671     1.000000     11797440   4194304.00
      76.671     1.000000     11797440   4660337.78
      76.671     1.000000     11797440   5242880.00
      76.991     1.000000     11797441   5991862.86
      76.991     1.000000     11797441   6990506.67
      76.991     1.000000     11797441   8388608.00
      76.991     1.000000     11797441   9320675.55
      76.991     1.000000     11797441  10485760.00
      77.759     1.000000     11797442  11983725.71
      77.759     1.000000     11797442          inf
#[Mean    =        1.314, StdDeviation   =        1.888]
#[Max     =       77.696, Total count    =     11797442]
#[Buckets =           27, SubBuckets     =         2048]
----------------------------------------------------------
  11998857 requests in 10.00m, 2.00GB read
Requests/sec:  19998.06
Transfer/sec:      3.41MB
