Running 10m test @ http://localhost:9999/math/plus?x=1&y=2
  16 threads and 400 connections
  Thread calibration: mean lat.: 4.303ms, rate sampling interval: 20ms
  Thread calibration: mean lat.: 4.688ms, rate sampling interval: 19ms
  Thread calibration: mean lat.: 4.701ms, rate sampling interval: 19ms
  Thread calibration: mean lat.: 3.960ms, rate sampling interval: 19ms
  Thread calibration: mean lat.: 3.613ms, rate sampling interval: 16ms
  Thread calibration: mean lat.: 3.670ms, rate sampling interval: 17ms
  Thread calibration: mean lat.: 3.688ms, rate sampling interval: 17ms
  Thread calibration: mean lat.: 3.865ms, rate sampling interval: 18ms
  Thread calibration: mean lat.: 4.645ms, rate sampling interval: 17ms
  Thread calibration: mean lat.: 3.920ms, rate sampling interval: 18ms
  Thread calibration: mean lat.: 3.993ms, rate sampling interval: 18ms
  Thread calibration: mean lat.: 4.811ms, rate sampling interval: 18ms
  Thread calibration: mean lat.: 3.989ms, rate sampling interval: 18ms
  Thread calibration: mean lat.: 4.768ms, rate sampling interval: 20ms
  Thread calibration: mean lat.: 4.324ms, rate sampling interval: 16ms
  Thread calibration: mean lat.: 4.904ms, rate sampling interval: 21ms
  Thread Stats   Avg      Stdev     Max   +/- Stdev
    Latency     3.85ms    3.31ms  64.80ms   80.95%
    Req/Sec   642.93    445.19     1.78k    50.31%
  Latency Distribution (HdrHistogram - Recorded Latency)
 50.000%    2.64ms
 75.000%    5.34ms
 90.000%    8.89ms
 99.000%   14.33ms
 99.900%   18.93ms
 99.990%   25.73ms
 99.999%   56.19ms
100.000%   64.83ms

  Detailed Percentile spectrum:
       Value   Percentile   TotalCount 1/(1-Percentile)

       0.090     0.000000            1         1.00
       0.911     0.100000       590852         1.11
       1.276     0.200000      1181256         1.25
       1.629     0.300000      1770088         1.43
       2.075     0.400000      2360220         1.67
       2.641     0.500000      2949924         2.00
       2.981     0.550000      3245559         2.22
       3.377     0.600000      3539726         2.50
       3.871     0.650000      3835215         2.86
       4.499     0.700000      4130154         3.33
       5.335     0.750000      4424772         4.00
       5.827     0.775000      4572380         4.44
       6.347     0.800000      4719847         5.00
       6.899     0.825000      4866896         5.71
       7.503     0.850000      5013997         6.67
       8.167     0.875000      5162184         8.00
       8.519     0.887500      5236247         8.89
       8.887     0.900000      5309827        10.00
       9.279     0.912500      5383593        11.43
       9.711     0.925000      5456964        13.33
      10.191     0.937500      5530516        16.00
      10.463     0.943750      5567809        17.78
      10.751     0.950000      5604346        20.00
      11.071     0.956250      5641210        22.86
      11.431     0.962500      5677716        26.67
      11.855     0.968750      5714782        32.00
      12.087     0.971875      5732963        35.56
      12.359     0.975000      5751775        40.00
      12.655     0.978125      5769879        45.71
      12.991     0.981250      5788384        53.33
      13.383     0.984375      5806757        64.00
      13.607     0.985938      5815798        71.11
      13.863     0.987500      5825140        80.00
      14.143     0.989062      5834247        91.43
      14.463     0.990625      5843618       106.67
      14.823     0.992188      5852827       128.00
      15.023     0.992969      5857375       142.22
      15.247     0.993750      5861945       160.00
      15.487     0.994531      5866572       182.86
      15.759     0.995313      5871115       213.33
      16.071     0.996094      5875750       256.00
      16.255     0.996484      5878051       284.44
      16.463     0.996875      5880354       320.00
      16.703     0.997266      5882632       365.71
      16.991     0.997656      5884905       426.67
      17.343     0.998047      5887233       512.00
      17.567     0.998242      5888361       568.89
      17.839     0.998437      5889506       640.00
      18.159     0.998633      5890672       731.43
      18.527     0.998828      5891808       853.33
      18.975     0.999023      5892959      1024.00
      19.231     0.999121      5893534      1137.78
      19.503     0.999219      5894126      1280.00
      19.791     0.999316      5894705      1462.86
      20.127     0.999414      5895279      1706.67
      20.511     0.999512      5895840      2048.00
      20.751     0.999561      5896124      2275.56
      21.039     0.999609      5896423      2560.00
      21.359     0.999658      5896710      2925.71
      21.791     0.999707      5896996      3413.33
      22.319     0.999756      5897283      4096.00
      22.655     0.999780      5897422      4551.11
      23.071     0.999805      5897564      5120.00
      23.615     0.999829      5897711      5851.43
      24.079     0.999854      5897854      6826.67
      24.815     0.999878      5897996      8192.00
      25.343     0.999890      5898069      9102.22
      25.839     0.999902      5898141     10240.00
      26.447     0.999915      5898212     11702.86
      27.487     0.999927      5898284     13653.33
      29.055     0.999939      5898356     16384.00
      29.999     0.999945      5898392     18204.44
      31.343     0.999951      5898428     20480.00
      33.119     0.999957      5898464     23405.71
      35.167     0.999963      5898500     27306.67
      36.927     0.999969      5898536     32768.00
      38.463     0.999973      5898554     36408.89
      40.255     0.999976      5898572     40960.00
      45.503     0.999979      5898590     46811.43
      49.695     0.999982      5898608     54613.33
      52.511     0.999985      5898626     65536.00
      53.375     0.999986      5898635     72817.78
      54.143     0.999988      5898644     81920.00
      55.871     0.999989      5898653     93622.86
      56.703     0.999991      5898662    109226.67
      57.343     0.999992      5898672    131072.00
      57.759     0.999993      5898676    145635.56
      58.111     0.999994      5898680    163840.00
      59.295     0.999995      5898685    187245.71
      59.647     0.999995      5898689    218453.33
      60.543     0.999996      5898694    262144.00
      60.799     0.999997      5898697    291271.11
      60.863     0.999997      5898698    327680.00
      61.023     0.999997      5898702    374491.43
      61.055     0.999998      5898703    436906.67
      61.599     0.999998      5898705    524288.00
      61.919     0.999998      5898706    582542.22
      62.015     0.999998      5898707    655360.00
      62.623     0.999999      5898709    748982.86
      63.615     0.999999      5898710    873813.33
      64.063     0.999999      5898711   1048576.00
      64.063     0.999999      5898711   1165084.44
      64.351     0.999999      5898712   1310720.00
      64.383     0.999999      5898713   1497965.71
      64.383     0.999999      5898713   1747626.67
      64.799     1.000000      5898715   2097152.00
      64.799     1.000000      5898715   2330168.89
      64.799     1.000000      5898715   2621440.00
      64.799     1.000000      5898715   2995931.43
      64.799     1.000000      5898715   3495253.33
      64.799     1.000000      5898715   4194304.00
      64.799     1.000000      5898715   4660337.78
      64.799     1.000000      5898715   5242880.00
      64.831     1.000000      5898716   5991862.86
      64.831     1.000000      5898716          inf
#[Mean    =        3.853, StdDeviation   =        3.306]
#[Max     =       64.800, Total count    =      5898716]
#[Buckets =           27, SubBuckets     =         2048]
----------------------------------------------------------
  5999188 requests in 10.00m, 1.00GB read
Requests/sec:   9998.72
Transfer/sec:      1.71MB
