Running 10m test @ http://localhost:9999/math/plus?x=1&y=2
  16 threads and 400 connections
  Thread calibration: mean lat.: 4.045ms, rate sampling interval: 19ms
  Thread calibration: mean lat.: 4.008ms, rate sampling interval: 19ms
  Thread calibration: mean lat.: 4.213ms, rate sampling interval: 20ms
  Thread calibration: mean lat.: 4.518ms, rate sampling interval: 20ms
  Thread calibration: mean lat.: 4.480ms, rate sampling interval: 20ms
  Thread calibration: mean lat.: 4.348ms, rate sampling interval: 20ms
  Thread calibration: mean lat.: 4.248ms, rate sampling interval: 20ms
  Thread calibration: mean lat.: 3.649ms, rate sampling interval: 17ms
  Thread calibration: mean lat.: 4.033ms, rate sampling interval: 19ms
  Thread calibration: mean lat.: 4.323ms, rate sampling interval: 20ms
  Thread calibration: mean lat.: 6.467ms, rate sampling interval: 23ms
  Thread calibration: mean lat.: 3.643ms, rate sampling interval: 18ms
  Thread calibration: mean lat.: 3.905ms, rate sampling interval: 19ms
  Thread calibration: mean lat.: 5.899ms, rate sampling interval: 21ms
  Thread calibration: mean lat.: 3.859ms, rate sampling interval: 18ms
  Thread calibration: mean lat.: 3.967ms, rate sampling interval: 19ms
  Thread Stats   Avg      Stdev     Max   +/- Stdev
    Latency     4.17ms    3.52ms  73.09ms   77.93%
    Req/Sec   641.53    269.85     1.95k    61.34%
  Latency Distribution (HdrHistogram - Recorded Latency)
 50.000%    2.90ms
 75.000%    6.26ms
 90.000%    9.38ms
 99.000%   14.06ms
 99.900%   21.87ms
 99.990%   32.83ms
 99.999%   56.13ms
100.000%   73.15ms

  Detailed Percentile spectrum:
       Value   Percentile   TotalCount 1/(1-Percentile)

       0.082     0.000000            1         1.00
       0.876     0.100000       590110         1.11
       1.233     0.200000      1181489         1.25
       1.591     0.300000      1770820         1.43
       2.091     0.400000      2360233         1.67
       2.897     0.500000      2949439         2.00
       3.419     0.550000      3244601         2.22
       4.025     0.600000      3539750         2.50
       4.695     0.650000      3834295         2.86
       5.451     0.700000      4129347         3.33
       6.255     0.750000      4424057         4.00
       6.675     0.775000      4571746         4.44
       7.123     0.800000      4719711         5.00
       7.607     0.825000      4867460         5.71
       8.131     0.850000      5014031         6.67
       8.711     0.875000      5161846         8.00
       9.039     0.887500      5236798         8.89
       9.383     0.900000      5309303        10.00
       9.767     0.912500      5383140        11.43
      10.191     0.925000      5457015        13.33
      10.655     0.937500      5530296        16.00
      10.911     0.943750      5567422        17.78
      11.175     0.950000      5603944        20.00
      11.471     0.956250      5641281        22.86
      11.791     0.962500      5678034        26.67
      12.143     0.968750      5714497        32.00
      12.343     0.971875      5733537        35.56
      12.551     0.975000      5751700        40.00
      12.783     0.978125      5769828        45.71
      13.047     0.981250      5788356        53.33
      13.351     0.984375      5806855        64.00
      13.519     0.985938      5816106        71.11
      13.703     0.987500      5825123        80.00
      13.911     0.989062      5834245        91.43
      14.159     0.990625      5843470       106.67
      14.463     0.992188      5852796       128.00
      14.639     0.992969      5857305       142.22
      14.847     0.993750      5861906       160.00
      15.103     0.994531      5866590       182.86
      15.415     0.995313      5871108       213.33
      15.831     0.996094      5875751       256.00
      16.095     0.996484      5878001       284.44
      16.447     0.996875      5880313       320.00
      16.975     0.997266      5882626       365.71
      17.711     0.997656      5884934       426.67
      18.655     0.998047      5887230       512.00
      19.167     0.998242      5888377       568.89
      19.791     0.998437      5889542       640.00
      20.399     0.998633      5890680       731.43
      21.151     0.998828      5891831       853.33
      21.967     0.999023      5892976      1024.00
      22.447     0.999121      5893566      1137.78
      22.975     0.999219      5894135      1280.00
      23.583     0.999316      5894706      1462.86
      24.415     0.999414      5895285      1706.67
      25.647     0.999512      5895861      2048.00
      26.319     0.999561      5896147      2275.56
      27.055     0.999609      5896434      2560.00
      27.807     0.999658      5896720      2925.71
      28.527     0.999707      5897014      3413.33
      29.407     0.999756      5897301      4096.00
      29.855     0.999780      5897442      4551.11
      30.383     0.999805      5897586      5120.00
      30.895     0.999829      5897732      5851.43
      31.455     0.999854      5897872      6826.67
      32.159     0.999878      5898017      8192.00
      32.543     0.999890      5898091      9102.22
      32.959     0.999902      5898162     10240.00
      33.375     0.999915      5898234     11702.86
      33.919     0.999927      5898309     13653.33
      34.431     0.999939      5898376     16384.00
      34.751     0.999945      5898412     18204.44
      35.231     0.999951      5898449     20480.00
      35.903     0.999957      5898484     23405.71
      36.671     0.999963      5898520     27306.67
      37.887     0.999969      5898558     32768.00
      38.847     0.999973      5898575     36408.89
      40.255     0.999976      5898593     40960.00
      43.199     0.999979      5898610     46811.43
      48.095     0.999982      5898628     54613.33
      53.375     0.999985      5898646     65536.00
      54.495     0.999986      5898655     72817.78
      55.071     0.999988      5898665     81920.00
      55.615     0.999989      5898673     93622.86
      56.735     0.999991      5898682    109226.67
      58.527     0.999992      5898691    131072.00
      59.519     0.999993      5898696    145635.56
      60.159     0.999994      5898700    163840.00
      60.575     0.999995      5898706    187245.71
      61.407     0.999995      5898709    218453.33
      61.631     0.999996      5898714    262144.00
      61.759     0.999997      5898716    291271.11
      62.527     0.999997      5898718    327680.00
      63.167     0.999997      5898722    374491.43
      63.647     0.999998      5898723    436906.67
      64.063     0.999998      5898725    524288.00
      64.191     0.999998      5898726    582542.22
      64.255     0.999998      5898727    655360.00
      67.327     0.999999      5898729    748982.86
      69.311     0.999999      5898730    873813.33
      69.823     0.999999      5898731   1048576.00
      69.823     0.999999      5898731   1165084.44
      71.807     0.999999      5898732   1310720.00
      72.319     0.999999      5898733   1497965.71
      72.319     0.999999      5898733   1747626.67
      72.575     1.000000      5898734   2097152.00
      72.575     1.000000      5898734   2330168.89
      72.575     1.000000      5898734   2621440.00
      72.639     1.000000      5898735   2995931.43
      72.639     1.000000      5898735   3495253.33
      72.639     1.000000      5898735   4194304.00
      72.639     1.000000      5898735   4660337.78
      72.639     1.000000      5898735   5242880.00
      73.151     1.000000      5898736   5991862.86
      73.151     1.000000      5898736          inf
#[Mean    =        4.170, StdDeviation   =        3.519]
#[Max     =       73.088, Total count    =      5898736]
#[Buckets =           27, SubBuckets     =         2048]
----------------------------------------------------------
  5998252 requests in 10.00m, 1.00GB read
Requests/sec:   9997.08
Transfer/sec:      1.71MB
