Running 10m test @ http://localhost:9999/math/plus?x=1&y=2
  16 threads and 400 connections
  Thread calibration: mean lat.: 1.371ms, rate sampling interval: 10ms
  Thread calibration: mean lat.: 1.342ms, rate sampling interval: 10ms
  Thread calibration: mean lat.: 1.390ms, rate sampling interval: 10ms
  Thread calibration: mean lat.: 1.397ms, rate sampling interval: 10ms
  Thread calibration: mean lat.: 1.336ms, rate sampling interval: 10ms
  Thread calibration: mean lat.: 1.339ms, rate sampling interval: 10ms
  Thread calibration: mean lat.: 1.383ms, rate sampling interval: 10ms
  Thread calibration: mean lat.: 1.318ms, rate sampling interval: 10ms
  Thread calibration: mean lat.: 1.343ms, rate sampling interval: 10ms
  Thread calibration: mean lat.: 1.334ms, rate sampling interval: 10ms
  Thread calibration: mean lat.: 1.313ms, rate sampling interval: 10ms
  Thread calibration: mean lat.: 1.323ms, rate sampling interval: 10ms
  Thread calibration: mean lat.: 1.363ms, rate sampling interval: 10ms
  Thread calibration: mean lat.: 1.363ms, rate sampling interval: 10ms
  Thread calibration: mean lat.: 1.379ms, rate sampling interval: 10ms
  Thread calibration: mean lat.: 1.255ms, rate sampling interval: 10ms
  Thread Stats   Avg      Stdev     Max   +/- Stdev
    Latency     1.29ms    1.48ms  89.79ms   95.65%
    Req/Sec     1.32k   316.91     6.00k    76.09%
  Latency Distribution (HdrHistogram - Recorded Latency)
 50.000%    1.08ms
 75.000%    1.47ms
 90.000%    1.96ms
 99.000%    7.17ms
 99.900%   18.13ms
 99.990%   42.91ms
 99.999%   70.78ms
100.000%   89.86ms

  Detailed Percentile spectrum:
       Value   Percentile   TotalCount 1/(1-Percentile)

       0.066     0.000000            1         1.00
       0.429     0.100000      1183480         1.11
       0.621     0.200000      2359691         1.25
       0.785     0.300000      3543713         1.43
       0.935     0.400000      4725509         1.67
       1.076     0.500000      5900257         2.00
       1.145     0.550000      6488820         2.22
       1.215     0.600000      7081432         2.50
       1.289     0.650000      7669065         2.86
       1.371     0.700000      8258850         3.33
       1.468     0.750000      8851871         4.00
       1.524     0.775000      9145555         4.44
       1.587     0.800000      9439032         5.00
       1.658     0.825000      9733867         5.71
       1.738     0.850000     10028518         6.67
       1.834     0.875000     10324893         8.00
       1.892     0.887500     10471994         8.89
       1.960     0.900000     10619236        10.00
       2.043     0.912500     10766406        11.43
       2.151     0.925000     10914005        13.33
       2.303     0.937500     11060418        16.00
       2.409     0.943750     11134731        17.78
       2.551     0.950000     11208337        20.00
       2.769     0.956250     11281726        22.86
       3.095     0.962500     11355326        26.67
       3.557     0.968750     11428862        32.00
       3.823     0.971875     11465773        35.56
       4.107     0.975000     11502694        40.00
       4.455     0.978125     11539762        45.71
       4.915     0.981250     11576398        53.33
       5.511     0.984375     11613172        64.00
       5.871     0.985938     11631594        71.11
       6.311     0.987500     11650035        80.00
       6.839     0.989062     11668491        91.43
       7.423     0.990625     11686983       106.67
       7.971     0.992188     11705356       128.00
       8.271     0.992969     11714564       142.22
       8.711     0.993750     11723850       160.00
       9.271     0.994531     11733010       182.86
       9.895     0.995313     11742262       213.33
      10.703     0.996094     11751439       256.00
      11.223     0.996484     11756032       284.44
      11.799     0.996875     11760632       320.00
      12.407     0.997266     11765214       365.71
      13.263     0.997656     11769831       426.67
      14.255     0.998047     11774433       512.00
      14.855     0.998242     11776743       568.89
      15.519     0.998437     11779054       640.00
      16.247     0.998633     11781363       731.43
      17.183     0.998828     11783651       853.33
      18.271     0.999023     11785962      1024.00
      18.879     0.999121     11787110      1137.78
      19.647     0.999219     11788261      1280.00
      20.527     0.999316     11789429      1462.86
      21.775     0.999414     11790569      1706.67
      23.167     0.999512     11791717      2048.00
      23.999     0.999561     11792289      2275.56
      24.879     0.999609     11792863      2560.00
      26.015     0.999658     11793442      2925.71
      27.327     0.999707     11794015      3413.33
      29.167     0.999756     11794592      4096.00
      30.399     0.999780     11794880      4551.11
      32.127     0.999805     11795168      5120.00
      34.111     0.999829     11795456      5851.43
      36.287     0.999854     11795742      6826.67
      39.039     0.999878     11796032      8192.00
      40.703     0.999890     11796175      9102.22
      43.391     0.999902     11796319     10240.00
      45.599     0.999915     11796464     11702.86
      47.775     0.999927     11796607     13653.33
      50.527     0.999939     11796750     16384.00
      52.287     0.999945     11796822     18204.44
      53.727     0.999951     11796898     20480.00
      55.039     0.999957     11796966     23405.71
      56.799     0.999963     11797038     27306.67
      58.559     0.999969     11797110     32768.00
      60.447     0.999973     11797146     36408.89
      62.271     0.999976     11797182     40960.00
      63.743     0.999979     11797219     46811.43
      65.183     0.999982     11797254     54613.33
      67.135     0.999985     11797292     65536.00
      67.967     0.999986     11797308     72817.78
      68.671     0.999988     11797327     81920.00
      70.079     0.999989     11797345     93622.86
      71.487     0.999991     11797363    109226.67
      73.151     0.999992     11797380    131072.00
      73.855     0.999993     11797389    145635.56
      75.007     0.999994     11797398    163840.00
      76.223     0.999995     11797407    187245.71
      77.503     0.999995     11797416    218453.33
      79.615     0.999996     11797426    262144.00
      80.319     0.999997     11797430    291271.11
      81.023     0.999997     11797434    327680.00
      82.431     0.999997     11797439    374491.43
      83.007     0.999998     11797443    436906.67
      84.543     0.999998     11797449    524288.00
      84.607     0.999998     11797450    582542.22
      84.863     0.999998     11797452    655360.00
      85.823     0.999999     11797455    748982.86
      86.207     0.999999     11797457    873813.33
      86.975     0.999999     11797459   1048576.00
      87.743     0.999999     11797460   1165084.44
      87.999     0.999999     11797461   1310720.00
      88.191     0.999999     11797463   1497965.71
      88.255     0.999999     11797465   1747626.67
      88.255     1.000000     11797465   2097152.00
      88.255     1.000000     11797465   2330168.89
      88.511     1.000000     11797467   2621440.00
      88.511     1.000000     11797467   2995931.43
      88.511     1.000000     11797467   3495253.33
      88.575     1.000000     11797468   4194304.00
      88.575     1.000000     11797468   4660337.78
      88.575     1.000000     11797468   5242880.00
      89.087     1.000000     11797469   5991862.86
      89.087     1.000000     11797469   6990506.67
      89.087     1.000000     11797469   8388608.00
      89.087     1.000000     11797469   9320675.55
      89.087     1.000000     11797469  10485760.00
      89.855     1.000000     11797470  11983725.71
      89.855     1.000000     11797470          inf
#[Mean    =        1.292, StdDeviation   =        1.483]
#[Max     =       89.792, Total count    =     11797470]
#[Buckets =           27, SubBuckets     =         2048]
----------------------------------------------------------
  11998799 requests in 10.00m, 2.00GB read
Requests/sec:  19997.95
Transfer/sec:      3.41MB
