Running 10m test @ http://localhost:9999/math/plus?x=1&y=2
  16 threads and 400 connections
  Thread calibration: mean lat.: 2.220ms, rate sampling interval: 10ms
  Thread calibration: mean lat.: 2.156ms, rate sampling interval: 10ms
  Thread calibration: mean lat.: 2.220ms, rate sampling interval: 10ms
  Thread calibration: mean lat.: 2.201ms, rate sampling interval: 10ms
  Thread calibration: mean lat.: 2.168ms, rate sampling interval: 10ms
  Thread calibration: mean lat.: 2.185ms, rate sampling interval: 10ms
  Thread calibration: mean lat.: 2.213ms, rate sampling interval: 10ms
  Thread calibration: mean lat.: 2.157ms, rate sampling interval: 10ms
  Thread calibration: mean lat.: 2.262ms, rate sampling interval: 10ms
  Thread calibration: mean lat.: 2.182ms, rate sampling interval: 10ms
  Thread calibration: mean lat.: 2.256ms, rate sampling interval: 10ms
  Thread calibration: mean lat.: 2.244ms, rate sampling interval: 10ms
  Thread calibration: mean lat.: 2.220ms, rate sampling interval: 10ms
  Thread calibration: mean lat.: 2.348ms, rate sampling interval: 10ms
  Thread calibration: mean lat.: 2.263ms, rate sampling interval: 10ms
  Thread calibration: mean lat.: 2.241ms, rate sampling interval: 11ms
  Thread Stats   Avg      Stdev     Max   +/- Stdev
    Latency     2.13ms    3.27ms  88.38ms   91.03%
    Req/Sec     1.32k   436.24     5.40k    77.57%
  Latency Distribution (HdrHistogram - Recorded Latency)
 50.000%    1.18ms
 75.000%    1.77ms
 90.000%    4.91ms
 99.000%   17.07ms
 99.900%   30.98ms
 99.990%   47.46ms
 99.999%   69.95ms
100.000%   88.45ms

  Detailed Percentile spectrum:
       Value   Percentile   TotalCount 1/(1-Percentile)

       0.079     0.000000            1         1.00
       0.459     0.100000      1184137         1.11
       0.665     0.200000      2360262         1.25
       0.845     0.300000      3541623         1.43
       1.014     0.400000      4725095         1.67
       1.181     0.500000      5905642         2.00
       1.267     0.550000      6493857         2.22
       1.361     0.600000      7081801         2.50
       1.468     0.650000      7669486         2.86
       1.600     0.700000      8262055         3.33
       1.772     0.750000      8850775         4.00
       1.888     0.775000      9145078         4.44
       2.053     0.800000      9439628         5.00
       2.347     0.825000      9734006         5.71
       2.937     0.850000     10028221         6.67
       3.837     0.875000     10323368         8.00
       4.351     0.887500     10470966         8.89
       4.907     0.900000     10618523        10.00
       5.523     0.912500     10765767        11.43
       6.247     0.925000     10913353        13.33
       7.111     0.937500     11060532        16.00
       7.611     0.943750     11133989        17.78
       8.183     0.950000     11207910        20.00
       8.831     0.956250     11281599        22.86
       9.599     0.962500     11355605        26.67
      10.519     0.968750     11428996        32.00
      11.063     0.971875     11465988        35.56
      11.687     0.975000     11502575        40.00
      12.407     0.978125     11539488        45.71
      13.279     0.981250     11576431        53.33
      14.343     0.984375     11613381        64.00
      14.967     0.985938     11631584        71.11
      15.687     0.987500     11650136        80.00
      16.511     0.989062     11668601        91.43
      17.471     0.990625     11686924       106.67
      18.623     0.992188     11705524       128.00
      19.279     0.992969     11714733       142.22
      19.983     0.993750     11723775       160.00
      20.863     0.994531     11733091       182.86
      21.855     0.995313     11742310       213.33
      22.975     0.996094     11751480       256.00
      23.631     0.996484     11756090       284.44
      24.335     0.996875     11760700       320.00
      25.135     0.997266     11765264       365.71
      26.063     0.997656     11769852       426.67
      27.135     0.998047     11774457       512.00
      27.743     0.998242     11776770       568.89
      28.431     0.998437     11779041       640.00
      29.167     0.998633     11781346       731.43
      30.095     0.998828     11783676       853.33
      31.103     0.999023     11785968      1024.00
      31.695     0.999121     11787115      1137.78
      32.335     0.999219     11788271      1280.00
      33.087     0.999316     11789439      1462.86
      33.951     0.999414     11790570      1706.67
      35.007     0.999512     11791710      2048.00
      35.615     0.999561     11792285      2275.56
      36.383     0.999609     11792873      2560.00
      37.215     0.999658     11793445      2925.71
      38.175     0.999707     11794023      3413.33
      39.455     0.999756     11794589      4096.00
      40.319     0.999780     11794883      4551.11
      41.183     0.999805     11795168      5120.00
      42.239     0.999829     11795453      5851.43
      43.647     0.999854     11795743      6826.67
      45.567     0.999878     11796026      8192.00
      46.623     0.999890     11796175      9102.22
      47.743     0.999902     11796316     10240.00
      49.439     0.999915     11796459     11702.86
      51.295     0.999927     11796606     13653.33
      53.599     0.999939     11796746     16384.00
      54.975     0.999945     11796818     18204.44
      56.191     0.999951     11796891     20480.00
      57.503     0.999957     11796963     23405.71
      59.007     0.999963     11797036     27306.67
      60.447     0.999969     11797107     32768.00
      61.279     0.999973     11797142     36408.89
      62.495     0.999976     11797179     40960.00
      64.159     0.999979     11797215     46811.43
      65.375     0.999982     11797250     54613.33
      66.623     0.999985     11797286     65536.00
      67.583     0.999986     11797304     72817.78
      68.479     0.999988     11797322     81920.00
      69.439     0.999989     11797341     93622.86
      70.527     0.999991     11797358    109226.67
      71.743     0.999992     11797377    131072.00
      72.319     0.999993     11797385    145635.56
      72.767     0.999994     11797395    163840.00
      73.471     0.999995     11797403    187245.71
      74.559     0.999995     11797412    218453.33
      75.455     0.999996     11797421    262144.00
      76.223     0.999997     11797426    291271.11
      76.799     0.999997     11797431    327680.00
      77.631     0.999997     11797435    374491.43
      78.655     0.999998     11797439    436906.67
      79.487     0.999998     11797444    524288.00
      80.703     0.999998     11797446    582542.22
      81.471     0.999998     11797448    655360.00
      81.983     0.999999     11797451    748982.86
      83.199     0.999999     11797453    873813.33
      83.775     0.999999     11797455   1048576.00
      83.967     0.999999     11797456   1165084.44
      84.095     0.999999     11797457   1310720.00
      84.671     0.999999     11797459   1497965.71
      84.991     0.999999     11797460   1747626.67
      85.183     1.000000     11797462   2097152.00
      85.183     1.000000     11797462   2330168.89
      85.183     1.000000     11797462   2621440.00
      85.567     1.000000     11797463   2995931.43
      85.567     1.000000     11797463   3495253.33
      85.631     1.000000     11797464   4194304.00
      85.631     1.000000     11797464   4660337.78
      85.631     1.000000     11797464   5242880.00
      86.079     1.000000     11797465   5991862.86
      86.079     1.000000     11797465   6990506.67
      86.079     1.000000     11797465   8388608.00
      86.079     1.000000     11797465   9320675.55
      86.079     1.000000     11797465  10485760.00
      88.447     1.000000     11797466  11983725.71
      88.447     1.000000     11797466          inf
#[Mean    =        2.134, StdDeviation   =        3.271]
#[Max     =       88.384, Total count    =     11797466]
#[Buckets =           27, SubBuckets     =         2048]
----------------------------------------------------------
  11997662 requests in 10.00m, 2.00GB read
Requests/sec:  19996.05
Transfer/sec:      3.41MB
