Running 10m test @ http://localhost:9999/math/plus?x=1&y=2
  16 threads and 400 connections
  Thread calibration: mean lat.: 1.181ms, rate sampling interval: 10ms
  Thread calibration: mean lat.: 1.194ms, rate sampling interval: 10ms
  Thread calibration: mean lat.: 1.193ms, rate sampling interval: 10ms
  Thread calibration: mean lat.: 1.171ms, rate sampling interval: 10ms
  Thread calibration: mean lat.: 1.144ms, rate sampling interval: 10ms
  Thread calibration: mean lat.: 1.176ms, rate sampling interval: 10ms
  Thread calibration: mean lat.: 1.212ms, rate sampling interval: 10ms
  Thread calibration: mean lat.: 1.194ms, rate sampling interval: 10ms
  Thread calibration: mean lat.: 1.142ms, rate sampling interval: 10ms
  Thread calibration: mean lat.: 1.092ms, rate sampling interval: 10ms
  Thread calibration: mean lat.: 1.264ms, rate sampling interval: 10ms
  Thread calibration: mean lat.: 1.176ms, rate sampling interval: 10ms
  Thread calibration: mean lat.: 1.160ms, rate sampling interval: 10ms
  Thread calibration: mean lat.: 1.235ms, rate sampling interval: 10ms
  Thread calibration: mean lat.: 1.181ms, rate sampling interval: 10ms
  Thread calibration: mean lat.: 1.177ms, rate sampling interval: 10ms
  Thread Stats   Avg      Stdev     Max   +/- Stdev
    Latency     1.17ms    0.93ms  68.86ms   91.45%
    Req/Sec     1.98k   393.31     5.33k    68.71%
  Latency Distribution (HdrHistogram - Recorded Latency)
 50.000%    1.05ms
 75.000%    1.44ms
 90.000%    1.88ms
 99.000%    3.68ms
 99.900%   11.70ms
 99.990%   24.53ms
 99.999%   46.17ms
100.000%   68.93ms

  Detailed Percentile spectrum:
       Value   Percentile   TotalCount 1/(1-Percentile)

       0.073     0.000000            2         1.00
       0.430     0.100000      1776015         1.11
       0.611     0.200000      3540350         1.25
       0.767     0.300000      5310263         1.43
       0.912     0.400000      7086512         1.67
       1.051     0.500000      8855987         2.00
       1.121     0.550000      9744265         2.22
       1.192     0.600000     10628678         2.50
       1.267     0.650000     11508875         2.86
       1.349     0.700000     12396995         3.33
       1.442     0.750000     13280423         4.00
       1.494     0.775000     13718021         4.44
       1.552     0.800000     14159495         5.00
       1.616     0.825000     14600283         5.71
       1.689     0.850000     15046921         6.67
       1.773     0.875000     15485910         8.00
       1.822     0.887500     15707485         8.89
       1.878     0.900000     15929662        10.00
       1.941     0.912500     16148971        11.43
       2.016     0.925000     16371277        13.33
       2.107     0.937500     16590804        16.00
       2.163     0.943750     16701635        17.78
       2.227     0.950000     16811850        20.00
       2.303     0.956250     16923475        22.86
       2.393     0.962500     17034181        26.67
       2.505     0.968750     17143988        32.00
       2.575     0.971875     17199318        35.56
       2.657     0.975000     17254575        40.00
       2.757     0.978125     17309516        45.71
       2.887     0.981250     17364889        53.33
       3.065     0.984375     17420110        64.00
       3.181     0.985938     17447668        71.11
       3.327     0.987500     17475242        80.00
       3.517     0.989062     17502799        91.43
       3.815     0.990625     17530325       106.67
       4.299     0.992188     17558018       128.00
       4.599     0.992969     17571819       142.22
       4.983     0.993750     17585658       160.00
       5.455     0.994531     17599444       182.86
       6.067     0.995313     17613222       213.33
       6.751     0.996094     17627090       256.00
       7.191     0.996484     17634016       284.44
       7.719     0.996875     17640911       320.00
       8.231     0.997266     17647881       365.71
       8.727     0.997656     17654750       426.67
       9.295     0.998047     17661666       512.00
       9.639     0.998242     17665128       568.89
      10.103     0.998437     17668565       640.00
      10.551     0.998633     17671998       731.43
      11.063     0.998828     17675482       853.33
      11.799     0.999023     17678923      1024.00
      12.231     0.999121     17680649      1137.78
      12.695     0.999219     17682370      1280.00
      13.159     0.999316     17684106      1462.86
      13.623     0.999414     17685807      1706.67
      14.343     0.999512     17687537      2048.00
      14.791     0.999561     17688401      2275.56
      15.399     0.999609     17689265      2560.00
      16.119     0.999658     17690131      2925.71
      16.863     0.999707     17690989      3413.33
      17.663     0.999756     17691854      4096.00
      18.207     0.999780     17692294      4551.11
      18.863     0.999805     17692725      5120.00
      19.727     0.999829     17693156      5851.43
      20.911     0.999854     17693584      6826.67
      22.479     0.999878     17694014      8192.00
      23.503     0.999890     17694229      9102.22
      24.783     0.999902     17694445     10240.00
      26.383     0.999915     17694661     11702.86
      28.095     0.999927     17694879     13653.33
      29.951     0.999939     17695093     16384.00
      31.039     0.999945     17695200     18204.44
      32.335     0.999951     17695308     20480.00
      33.919     0.999957     17695418     23405.71
      35.295     0.999963     17695526     27306.67
      36.927     0.999969     17695632     32768.00
      37.919     0.999973     17695686     36408.89
      38.975     0.999976     17695741     40960.00
      39.967     0.999979     17695794     46811.43
      41.631     0.999982     17695848     54613.33
      43.199     0.999985     17695903     65536.00
      43.935     0.999986     17695929     72817.78
      44.639     0.999988     17695956     81920.00
      45.567     0.999989     17695983     93622.86
      46.591     0.999991     17696010    109226.67
      47.455     0.999992     17696037    131072.00
      48.191     0.999993     17696051    145635.56
      48.895     0.999994     17696065    163840.00
      49.567     0.999995     17696079    187245.71
      50.303     0.999995     17696092    218453.33
      50.879     0.999996     17696105    262144.00
      51.391     0.999997     17696113    291271.11
      51.807     0.999997     17696118    327680.00
      52.927     0.999997     17696125    374491.43
      53.471     0.999998     17696132    436906.67
      54.911     0.999998     17696139    524288.00
      55.263     0.999998     17696142    582542.22
      56.991     0.999998     17696145    655360.00
      58.687     0.999999     17696149    748982.86
      60.127     0.999999     17696152    873813.33
      60.639     0.999999     17696156   1048576.00
      60.671     0.999999     17696157   1165084.44
      60.831     0.999999     17696160   1310720.00
      61.567     0.999999     17696161   1497965.71
      62.207     0.999999     17696162   1747626.67
      63.071     1.000000     17696164   2097152.00
      63.135     1.000000     17696165   2330168.89
      63.359     1.000000     17696166   2621440.00
      64.511     1.000000     17696167   2995931.43
      64.511     1.000000     17696167   3495253.33
      65.535     1.000000     17696168   4194304.00
      65.855     1.000000     17696169   4660337.78
      65.855     1.000000     17696169   5242880.00
      67.071     1.000000     17696170   5991862.86
      67.071     1.000000     17696170   6990506.67
      67.071     1.000000     17696170   8388608.00
      67.711     1.000000     17696171   9320675.55
      67.711     1.000000     17696171  10485760.00
      67.711     1.000000     17696171  11983725.71
      67.711     1.000000     17696171  13981013.34
      67.711     1.000000     17696171  16777216.00
      68.927     1.000000     17696172  18641351.10
      68.927     1.000000     17696172          inf
#[Mean    =        1.166, StdDeviation   =        0.933]
#[Max     =       68.864, Total count    =     17696172]
#[Buckets =           27, SubBuckets     =         2048]
----------------------------------------------------------
  17998066 requests in 10.00m, 3.00GB read
Requests/sec:  29996.81
Transfer/sec:      5.12MB
