Running 10m test @ http://localhost:9999/math/plus?x=1&y=2
  16 threads and 400 connections
  Thread calibration: mean lat.: 1.364ms, rate sampling interval: 10ms
  Thread calibration: mean lat.: 1.410ms, rate sampling interval: 10ms
  Thread calibration: mean lat.: 1.388ms, rate sampling interval: 10ms
  Thread calibration: mean lat.: 1.381ms, rate sampling interval: 10ms
  Thread calibration: mean lat.: 1.316ms, rate sampling interval: 10ms
  Thread calibration: mean lat.: 1.379ms, rate sampling interval: 10ms
  Thread calibration: mean lat.: 1.296ms, rate sampling interval: 10ms
  Thread calibration: mean lat.: 1.243ms, rate sampling interval: 10ms
  Thread calibration: mean lat.: 1.248ms, rate sampling interval: 10ms
  Thread calibration: mean lat.: 1.153ms, rate sampling interval: 10ms
  Thread calibration: mean lat.: 1.394ms, rate sampling interval: 10ms
  Thread calibration: mean lat.: 1.308ms, rate sampling interval: 10ms
  Thread calibration: mean lat.: 1.315ms, rate sampling interval: 10ms
  Thread calibration: mean lat.: 1.189ms, rate sampling interval: 10ms
  Thread calibration: mean lat.: 1.252ms, rate sampling interval: 10ms
  Thread calibration: mean lat.: 1.292ms, rate sampling interval: 10ms
  Thread Stats   Avg      Stdev     Max   +/- Stdev
    Latency     1.32ms    1.36ms  56.29ms   94.14%
    Req/Sec     1.32k   381.19     3.80k    69.09%
  Latency Distribution (HdrHistogram - Recorded Latency)
 50.000%    1.09ms
 75.000%    1.55ms
 90.000%    2.23ms
 99.000%    6.49ms
 99.900%   17.71ms
 99.990%   31.74ms
 99.999%   43.17ms
100.000%   56.32ms

  Detailed Percentile spectrum:
       Value   Percentile   TotalCount 1/(1-Percentile)

       0.077     0.000000            1         1.00
       0.434     0.100000      1181562         1.11
       0.627     0.200000      2359837         1.25
       0.794     0.300000      3544024         1.43
       0.946     0.400000      4726187         1.67
       1.090     0.500000      5900641         2.00
       1.163     0.550000      6491429         2.22
       1.240     0.600000      7081443         2.50
       1.326     0.650000      7672347         2.86
       1.427     0.700000      8261193         3.33
       1.548     0.750000      8848388         4.00
       1.617     0.775000      9143372         4.44
       1.695     0.800000      9438497         5.00
       1.788     0.825000      9733366         5.71
       1.902     0.850000     10028828         6.67
       2.043     0.875000     10323765         8.00
       2.129     0.887500     10471755         8.89
       2.227     0.900000     10618222        10.00
       2.341     0.912500     10765924        11.43
       2.473     0.925000     10912813        13.33
       2.635     0.937500     11061134        16.00
       2.727     0.943750     11133954        17.78
       2.833     0.950000     11208169        20.00
       2.955     0.956250     11282037        22.86
       3.103     0.962500     11355443        26.67
       3.291     0.968750     11428910        32.00
       3.415     0.971875     11466087        35.56
       3.579     0.975000     11502804        40.00
       3.811     0.978125     11539610        45.71
       4.139     0.981250     11576443        53.33
       4.675     0.984375     11613233        64.00
       5.051     0.985938     11631631        71.11
       5.515     0.987500     11650005        80.00
       6.059     0.989062     11668460        91.43
       6.787     0.990625     11686939       106.67
       7.651     0.992188     11705307       128.00
       8.091     0.992969     11714553       142.22
       8.543     0.993750     11723752       160.00
       9.159     0.994531     11732923       182.86
       9.791     0.995313     11742196       213.33
      10.679     0.996094     11751381       256.00
      11.207     0.996484     11755978       284.44
      11.783     0.996875     11760573       320.00
      12.439     0.997266     11765180       365.71
      13.199     0.997656     11769807       426.67
      14.023     0.998047     11774430       512.00
      14.591     0.998242     11776727       568.89
      15.247     0.998437     11779030       640.00
      16.007     0.998633     11781328       731.43
      16.863     0.998828     11783610       853.33
      17.839     0.999023     11785941      1024.00
      18.415     0.999121     11787066      1137.78
      19.103     0.999219     11788218      1280.00
      19.839     0.999316     11789382      1462.86
      20.799     0.999414     11790527      1706.67
      22.047     0.999512     11791686      2048.00
      22.687     0.999561     11792254      2275.56
      23.407     0.999609     11792831      2560.00
      24.319     0.999658     11793407      2925.71
      25.247     0.999707     11793978      3413.33
      26.335     0.999756     11794557      4096.00
      26.911     0.999780     11794841      4551.11
      27.599     0.999805     11795129      5120.00
      28.319     0.999829     11795423      5851.43
      29.231     0.999854     11795707      6826.67
      30.463     0.999878     11795993      8192.00
      31.087     0.999890     11796137      9102.22
      31.871     0.999902     11796282     10240.00
      32.655     0.999915     11796425     11702.86
      33.695     0.999927     11796572     13653.33
      34.687     0.999939     11796714     16384.00
      35.295     0.999945     11796786     18204.44
      35.935     0.999951     11796858     20480.00
      36.639     0.999957     11796934     23405.71
      37.407     0.999963     11797003     27306.67
      38.335     0.999969     11797074     32768.00
      38.847     0.999973     11797109     36408.89
      39.455     0.999976     11797148     40960.00
      40.095     0.999979     11797181     46811.43
      40.799     0.999982     11797217     54613.33
      41.567     0.999985     11797253     65536.00
      41.919     0.999986     11797274     72817.78
      42.623     0.999988     11797289     81920.00
      43.007     0.999989     11797307     93622.86
      43.615     0.999991     11797326    109226.67
      44.671     0.999992     11797343    131072.00
      45.183     0.999993     11797353    145635.56
      45.695     0.999994     11797361    163840.00
      46.079     0.999995     11797370    187245.71
      46.463     0.999995     11797379    218453.33
      47.327     0.999996     11797388    262144.00
      47.583     0.999997     11797393    291271.11
      47.807     0.999997     11797397    327680.00
      48.543     0.999997     11797402    374491.43
      48.991     0.999998     11797406    436906.67
      49.823     0.999998     11797411    524288.00
      50.527     0.999998     11797413    582542.22
      50.655     0.999998     11797415    655360.00
      51.551     0.999999     11797418    748982.86
      52.511     0.999999     11797420    873813.33
      52.767     0.999999     11797422   1048576.00
      53.023     0.999999     11797423   1165084.44
      53.279     0.999999     11797424   1310720.00
      53.503     0.999999     11797426   1497965.71
      53.631     0.999999     11797427   1747626.67
      54.111     1.000000     11797428   2097152.00
      54.111     1.000000     11797428   2330168.89
      54.303     1.000000     11797429   2621440.00
      54.367     1.000000     11797430   2995931.43
      54.367     1.000000     11797430   3495253.33
      54.975     1.000000     11797431   4194304.00
      54.975     1.000000     11797431   4660337.78
      54.975     1.000000     11797431   5242880.00
      55.903     1.000000     11797432   5991862.86
      55.903     1.000000     11797432   6990506.67
      55.903     1.000000     11797432   8388608.00
      55.903     1.000000     11797432   9320675.55
      55.903     1.000000     11797432  10485760.00
      56.319     1.000000     11797433  11983725.71
      56.319     1.000000     11797433          inf
#[Mean    =        1.325, StdDeviation   =        1.365]
#[Max     =       56.288, Total count    =     11797433]
#[Buckets =           27, SubBuckets     =         2048]
----------------------------------------------------------
  11998753 requests in 10.00m, 2.00GB read
Requests/sec:  19997.93
Transfer/sec:      3.41MB
