Running 10m test @ http://localhost:9999/math/plus?x=1&y=2
  16 threads and 400 connections
  Thread calibration: mean lat.: 1.167ms, rate sampling interval: 10ms
  Thread calibration: mean lat.: 1.117ms, rate sampling interval: 10ms
  Thread calibration: mean lat.: 1.147ms, rate sampling interval: 10ms
  Thread calibration: mean lat.: 1.163ms, rate sampling interval: 10ms
  Thread calibration: mean lat.: 1.129ms, rate sampling interval: 10ms
  Thread calibration: mean lat.: 1.069ms, rate sampling interval: 10ms
  Thread calibration: mean lat.: 1.118ms, rate sampling interval: 10ms
  Thread calibration: mean lat.: 1.169ms, rate sampling interval: 10ms
  Thread calibration: mean lat.: 1.093ms, rate sampling interval: 10ms
  Thread calibration: mean lat.: 1.143ms, rate sampling interval: 10ms
  Thread calibration: mean lat.: 1.161ms, rate sampling interval: 10ms
  Thread calibration: mean lat.: 1.112ms, rate sampling interval: 10ms
  Thread calibration: mean lat.: 1.057ms, rate sampling interval: 10ms
  Thread calibration: mean lat.: 1.144ms, rate sampling interval: 10ms
  Thread calibration: mean lat.: 1.075ms, rate sampling interval: 10ms
  Thread calibration: mean lat.: 1.100ms, rate sampling interval: 10ms
  Thread Stats   Avg      Stdev     Max   +/- Stdev
    Latency     1.04ms    0.89ms  92.54ms   94.88%
    Req/Sec     1.98k   431.64     6.89k    70.59%
  Latency Distribution (HdrHistogram - Recorded Latency)
 50.000%    0.97ms
 75.000%    1.32ms
 90.000%    1.65ms
 99.000%    2.76ms
 99.900%   10.82ms
 99.990%   33.18ms
 99.999%   59.49ms
100.000%   92.61ms

  Detailed Percentile spectrum:
       Value   Percentile   TotalCount 1/(1-Percentile)

       0.060     0.000000            1         1.00
       0.394     0.100000      1774632         1.11
       0.563     0.200000      3549007         1.25
       0.706     0.300000      5320839         1.43
       0.840     0.400000      7088524         1.67
       0.972     0.500000      8857525         2.00
       1.037     0.550000      9742811         2.22
       1.102     0.600000     10617948         2.50
       1.170     0.650000     11508908         2.86
       1.242     0.700000     12394377         3.33
       1.319     0.750000     13281837         4.00
       1.360     0.775000     13718630         4.44
       1.405     0.800000     14161801         5.00
       1.455     0.825000     14607041         5.71
       1.511     0.850000     15046901         6.67
       1.576     0.875000     15488919         8.00
       1.612     0.887500     15705426         8.89
       1.653     0.900000     15930324        10.00
       1.698     0.912500     16151757        11.43
       1.749     0.925000     16371742        13.33
       1.809     0.937500     16591340        16.00
       1.844     0.943750     16701217        17.78
       1.884     0.950000     16812723        20.00
       1.930     0.956250     16923909        22.86
       1.984     0.962500     17033077        26.67
       2.053     0.968750     17144117        32.00
       2.097     0.971875     17200376        35.56
       2.147     0.975000     17253982        40.00
       2.211     0.978125     17309185        45.71
       2.293     0.981250     17364526        53.33
       2.403     0.984375     17420141        64.00
       2.475     0.985938     17447740        71.11
       2.565     0.987500     17475476        80.00
       2.675     0.989062     17502668        91.43
       2.823     0.990625     17530433       106.67
       3.041     0.992188     17558148       128.00
       3.187     0.992969     17571865       142.22
       3.377     0.993750     17585706       160.00
       3.645     0.994531     17599465       182.86
       4.051     0.995313     17613301       213.33
       4.663     0.996094     17627126       256.00
       5.111     0.996484     17634044       284.44
       5.675     0.996875     17640945       320.00
       6.347     0.997266     17647838       365.71
       6.975     0.997656     17654773       426.67
       7.911     0.998047     17661658       512.00
       8.311     0.998242     17665132       568.89
       8.791     0.998437     17668629       640.00
       9.367     0.998633     17672047       731.43
      10.143     0.998828     17675508       853.33
      10.895     0.999023     17678950      1024.00
      11.335     0.999121     17680680      1137.78
      11.911     0.999219     17682417      1280.00
      12.527     0.999316     17684138      1462.86
      13.367     0.999414     17685854      1706.67
      14.591     0.999512     17687585      2048.00
      15.151     0.999561     17688457      2275.56
      15.799     0.999609     17689309      2560.00
      16.655     0.999658     17690182      2925.71
      17.839     0.999707     17691036      3413.33
      19.791     0.999756     17691904      4096.00
      21.135     0.999780     17692334      4551.11
      22.975     0.999805     17692767      5120.00
      25.039     0.999829     17693194      5851.43
      27.471     0.999854     17693628      6826.67
      30.207     0.999878     17694061      8192.00
      31.791     0.999890     17694276      9102.22
      33.471     0.999902     17694495     10240.00
      35.487     0.999915     17694710     11702.86
      37.343     0.999927     17694923     13653.33
      39.647     0.999939     17695138     16384.00
      41.023     0.999945     17695249     18204.44
      42.367     0.999951     17695355     20480.00
      43.999     0.999957     17695462     23405.71
      45.855     0.999963     17695574     27306.67
      48.255     0.999969     17695678     32768.00
      49.599     0.999973     17695733     36408.89
      50.943     0.999976     17695786     40960.00
      52.351     0.999979     17695841     46811.43
      53.983     0.999982     17695894     54613.33
      55.423     0.999985     17695948     65536.00
      56.223     0.999986     17695975     72817.78
      57.343     0.999988     17696003     81920.00
      58.751     0.999989     17696029     93622.86
      60.479     0.999991     17696056    109226.67
      62.111     0.999992     17696084    131072.00
      62.527     0.999993     17696097    145635.56
      63.103     0.999994     17696110    163840.00
      64.223     0.999995     17696124    187245.71
      65.727     0.999995     17696137    218453.33
      66.879     0.999996     17696151    262144.00
      67.455     0.999997     17696158    291271.11
      67.839     0.999997     17696164    327680.00
      69.311     0.999997     17696171    374491.43
      70.399     0.999998     17696178    436906.67
      72.639     0.999998     17696185    524288.00
      73.087     0.999998     17696188    582542.22
      73.471     0.999998     17696191    655360.00
      74.367     0.999999     17696196    748982.86
      74.623     0.999999     17696199    873813.33
      75.775     0.999999     17696202   1048576.00
      76.223     0.999999     17696203   1165084.44
      77.247     0.999999     17696205   1310720.00
      79.167     0.999999     17696207   1497965.71
      79.807     0.999999     17696208   1747626.67
      79.999     1.000000     17696210   2097152.00
      80.575     1.000000     17696211   2330168.89
      82.943     1.000000     17696212   2621440.00
      83.199     1.000000     17696213   2995931.43
      83.199     1.000000     17696213   3495253.33
      84.799     1.000000     17696215   4194304.00
      84.799     1.000000     17696215   4660337.78
      84.799     1.000000     17696215   5242880.00
      86.207     1.000000     17696216   5991862.86
      86.207     1.000000     17696216   6990506.67
      86.207     1.000000     17696216   8388608.00
      86.335     1.000000     17696217   9320675.55
      86.335     1.000000     17696217  10485760.00
      86.335     1.000000     17696217  11983725.71
      86.335     1.000000     17696217  13981013.34
      86.335     1.000000     17696217  16777216.00
      92.607     1.000000     17696218  18641351.10
      92.607     1.000000     17696218          inf
#[Mean    =        1.045, StdDeviation   =        0.888]
#[Max     =       92.544, Total count    =     17696218]
#[Buckets =           27, SubBuckets     =         2048]
----------------------------------------------------------
  17997953 requests in 10.00m, 3.00GB read
Requests/sec:  29996.64
Transfer/sec:      5.12MB
