Running 10m test @ http://localhost:9999/math/plus?x=1&y=2
  16 threads and 400 connections
  Thread calibration: mean lat.: 3.786ms, rate sampling interval: 17ms
  Thread calibration: mean lat.: 3.538ms, rate sampling interval: 16ms
  Thread calibration: mean lat.: 3.703ms, rate sampling interval: 16ms
  Thread calibration: mean lat.: 3.640ms, rate sampling interval: 16ms
  Thread calibration: mean lat.: 3.806ms, rate sampling interval: 17ms
  Thread calibration: mean lat.: 3.891ms, rate sampling interval: 17ms
  Thread calibration: mean lat.: 5.135ms, rate sampling interval: 19ms
  Thread calibration: mean lat.: 3.864ms, rate sampling interval: 16ms
  Thread calibration: mean lat.: 4.800ms, rate sampling interval: 17ms
  Thread calibration: mean lat.: 3.706ms, rate sampling interval: 16ms
  Thread calibration: mean lat.: 3.619ms, rate sampling interval: 15ms
  Thread calibration: mean lat.: 3.777ms, rate sampling interval: 17ms
  Thread calibration: mean lat.: 3.773ms, rate sampling interval: 17ms
  Thread calibration: mean lat.: 3.500ms, rate sampling interval: 16ms
  Thread calibration: mean lat.: 3.584ms, rate sampling interval: 16ms
  Thread calibration: mean lat.: 3.578ms, rate sampling interval: 16ms
  Thread Stats   Avg      Stdev     Max   +/- Stdev
    Latency     3.77ms    3.00ms  55.04ms   76.16%
    Req/Sec   644.76    395.16     1.67k    59.93%
  Latency Distribution (HdrHistogram - Recorded Latency)
 50.000%    2.76ms
 75.000%    5.35ms
 90.000%    8.34ms
 99.000%   12.80ms
 99.900%   16.06ms
 99.990%   23.25ms
 99.999%   36.48ms
100.000%   55.07ms

  Detailed Percentile spectrum:
       Value   Percentile   TotalCount 1/(1-Percentile)

       0.079     0.000000            1         1.00
       0.917     0.100000       590228         1.11
       1.295     0.200000      1181197         1.25
       1.663     0.300000      1770321         1.43
       2.131     0.400000      2359946         1.67
       2.755     0.500000      2949975         2.00
       3.131     0.550000      3244417         2.22
       3.559     0.600000      3539887         2.50
       4.057     0.650000      3834842         2.86
       4.631     0.700000      4130495         3.33
       5.351     0.750000      4424939         4.00
       5.771     0.775000      4572317         4.44
       6.223     0.800000      4719691         5.00
       6.699     0.825000      4867175         5.71
       7.199     0.850000      5014306         6.67
       7.735     0.875000      5161772         8.00
       8.031     0.887500      5235888         8.89
       8.335     0.900000      5309038        10.00
       8.663     0.912500      5382625        11.43
       9.023     0.925000      5456387        13.33
       9.431     0.937500      5530370        16.00
       9.655     0.943750      5567364        17.78
       9.903     0.950000      5604212        20.00
      10.175     0.956250      5641049        22.86
      10.479     0.962500      5677652        26.67
      10.831     0.968750      5714797        32.00
      11.023     0.971875      5732822        35.56
      11.239     0.975000      5751170        40.00
      11.479     0.978125      5769637        45.71
      11.759     0.981250      5788266        53.33
      12.087     0.984375      5806550        64.00
      12.263     0.985938      5815652        71.11
      12.455     0.987500      5824970        80.00
      12.663     0.989062      5834248        91.43
      12.895     0.990625      5843438       106.67
      13.159     0.992188      5852671       128.00
      13.303     0.992969      5857274       142.22
      13.463     0.993750      5861802       160.00
      13.647     0.994531      5866478       182.86
      13.839     0.995313      5870911       213.33
      14.087     0.996094      5875587       256.00
      14.215     0.996484      5877815       284.44
      14.367     0.996875      5880145       320.00
      14.535     0.997266      5882507       365.71
      14.719     0.997656      5884825       426.67
      14.935     0.998047      5887038       512.00
      15.079     0.998242      5888234       568.89
      15.231     0.998437      5889350       640.00
      15.431     0.998633      5890490       731.43
      15.727     0.998828      5891652       853.33
      16.103     0.999023      5892802      1024.00
      16.319     0.999121      5893371      1137.78
      16.607     0.999219      5893978      1280.00
      16.927     0.999316      5894531      1462.86
      17.311     0.999414      5895130      1706.67
      17.759     0.999512      5895684      2048.00
      18.031     0.999561      5895972      2275.56
      18.335     0.999609      5896259      2560.00
      18.719     0.999658      5896538      2925.71
      19.231     0.999707      5896826      3413.33
      19.839     0.999756      5897116      4096.00
      20.143     0.999780      5897257      4551.11
      20.559     0.999805      5897400      5120.00
      20.991     0.999829      5897545      5851.43
      21.567     0.999854      5897691      6826.67
      22.255     0.999878      5897835      8192.00
      22.831     0.999890      5897907      9102.22
      23.327     0.999902      5897980     10240.00
      23.887     0.999915      5898048     11702.86
      24.495     0.999927      5898120     13653.33
      25.087     0.999939      5898192     16384.00
      25.535     0.999945      5898228     18204.44
      26.143     0.999951      5898265     20480.00
      26.863     0.999957      5898302     23405.71
      27.791     0.999963      5898336     27306.67
      29.247     0.999969      5898372     32768.00
      29.967     0.999973      5898390     36408.89
      31.023     0.999976      5898408     40960.00
      31.743     0.999979      5898426     46811.43
      32.479     0.999982      5898445     54613.33
      33.823     0.999985      5898463     65536.00
      34.463     0.999986      5898471     72817.78
      35.071     0.999988      5898480     81920.00
      36.255     0.999989      5898489     93622.86
      36.703     0.999991      5898498    109226.67
      37.727     0.999992      5898507    131072.00
      38.431     0.999993      5898512    145635.56
      39.391     0.999994      5898516    163840.00
      39.711     0.999995      5898521    187245.71
      42.687     0.999995      5898525    218453.33
      44.255     0.999996      5898531    262144.00
      44.447     0.999997      5898532    291271.11
      44.799     0.999997      5898534    327680.00
      46.367     0.999997      5898537    374491.43
      47.039     0.999998      5898539    436906.67
      47.647     0.999998      5898541    524288.00
      48.127     0.999998      5898542    582542.22
      48.191     0.999998      5898543    655360.00
      50.495     0.999999      5898545    748982.86
      51.039     0.999999      5898546    873813.33
      51.519     0.999999      5898547   1048576.00
      51.519     0.999999      5898547   1165084.44
      52.127     0.999999      5898548   1310720.00
      52.159     0.999999      5898549   1497965.71
      52.159     0.999999      5898549   1747626.67
      52.415     1.000000      5898550   2097152.00
      52.415     1.000000      5898550   2330168.89
      52.415     1.000000      5898550   2621440.00
      54.239     1.000000      5898551   2995931.43
      54.239     1.000000      5898551   3495253.33
      54.239     1.000000      5898551   4194304.00
      54.239     1.000000      5898551   4660337.78
      54.239     1.000000      5898551   5242880.00
      55.071     1.000000      5898552   5991862.86
      55.071     1.000000      5898552          inf
#[Mean    =        3.773, StdDeviation   =        3.005]
#[Max     =       55.040, Total count    =      5898552]
#[Buckets =           27, SubBuckets     =         2048]
----------------------------------------------------------
  5998242 requests in 10.00m, 1.00GB read
Requests/sec:   9997.09
Transfer/sec:      1.71MB
