Running 10m test @ http://localhost:9999/math/plus?x=1&y=2
  16 threads and 400 connections
  Thread calibration: mean lat.: 2.098ms, rate sampling interval: 10ms
  Thread calibration: mean lat.: 2.144ms, rate sampling interval: 10ms
  Thread calibration: mean lat.: 2.087ms, rate sampling interval: 10ms
  Thread calibration: mean lat.: 2.155ms, rate sampling interval: 10ms
  Thread calibration: mean lat.: 2.139ms, rate sampling interval: 10ms
  Thread calibration: mean lat.: 2.133ms, rate sampling interval: 10ms
  Thread calibration: mean lat.: 2.081ms, rate sampling interval: 10ms
  Thread calibration: mean lat.: 2.264ms, rate sampling interval: 10ms
  Thread calibration: mean lat.: 2.182ms, rate sampling interval: 10ms
  Thread calibration: mean lat.: 2.208ms, rate sampling interval: 10ms
  Thread calibration: mean lat.: 2.210ms, rate sampling interval: 10ms
  Thread calibration: mean lat.: 2.071ms, rate sampling interval: 10ms
  Thread calibration: mean lat.: 2.179ms, rate sampling interval: 10ms
  Thread calibration: mean lat.: 2.315ms, rate sampling interval: 10ms
  Thread calibration: mean lat.: 2.134ms, rate sampling interval: 10ms
  Thread calibration: mean lat.: 2.172ms, rate sampling interval: 10ms
  Thread Stats   Avg      Stdev     Max   +/- Stdev
    Latency     2.02ms    1.72ms  48.48ms   89.83%
    Req/Sec   658.80    504.42     3.11k    73.57%
  Latency Distribution (HdrHistogram - Recorded Latency)
 50.000%    1.59ms
 75.000%    2.46ms
 90.000%    3.68ms
 99.000%    8.69ms
 99.900%   18.53ms
 99.990%   26.66ms
 99.999%   34.91ms
100.000%   48.51ms

  Detailed Percentile spectrum:
       Value   Percentile   TotalCount 1/(1-Percentile)

       0.086     0.000000            1         1.00
       0.681     0.100000       591615         1.11
       0.939     0.200000      1181952         1.25
       1.159     0.300000      1770452         1.43
       1.363     0.400000      2362037         1.67
       1.587     0.500000      2950323         2.00
       1.714     0.550000      3244550         2.22
       1.858     0.600000      3540002         2.50
       2.024     0.650000      3834363         2.86
       2.225     0.700000      4131599         3.33
       2.463     0.750000      4424775         4.00
       2.601     0.775000      4571743         4.44
       2.757     0.800000      4720392         5.00
       2.933     0.825000      4866533         5.71
       3.137     0.850000      5014420         6.67
       3.379     0.875000      5162014         8.00
       3.519     0.887500      5235332         8.89
       3.677     0.900000      5309357        10.00
       3.861     0.912500      5382780        11.43
       4.071     0.925000      5456265        13.33
       4.331     0.937500      5530675        16.00
       4.487     0.943750      5567162        17.78
       4.671     0.950000      5604232        20.00
       4.891     0.956250      5641009        22.86
       5.155     0.962500      5677831        26.67
       5.475     0.968750      5714373        32.00
       5.675     0.971875      5732844        35.56
       5.911     0.975000      5751273        40.00
       6.211     0.978125      5769754        45.71
       6.595     0.981250      5788046        53.33
       7.155     0.984375      5806505        64.00
       7.519     0.985938      5815690        71.11
       7.963     0.987500      5824972        80.00
       8.359     0.989062      5834254        91.43
       8.975     0.990625      5843362       106.67
       9.887     0.992188      5852593       128.00
      10.439     0.992969      5857209       142.22
      11.023     0.993750      5861799       160.00
      11.631     0.994531      5866388       182.86
      12.247     0.995313      5871005       213.33
      12.991     0.996094      5875588       256.00
      13.439     0.996484      5877927       284.44
      13.911     0.996875      5880213       320.00
      14.455     0.997266      5882521       365.71
      15.095     0.997656      5884823       426.67
      15.831     0.998047      5887112       512.00
      16.223     0.998242      5888269       568.89
      16.703     0.998437      5889437       640.00
      17.279     0.998633      5890576       731.43
      17.919     0.998828      5891744       853.33
      18.623     0.999023      5892894      1024.00
      19.007     0.999121      5893462      1137.78
      19.439     0.999219      5894037      1280.00
      19.903     0.999316      5894599      1462.86
      20.431     0.999414      5895183      1706.67
      21.071     0.999512      5895755      2048.00
      21.439     0.999561      5896046      2275.56
      21.903     0.999609      5896329      2560.00
      22.367     0.999658      5896621      2925.71
      22.927     0.999707      5896903      3413.33
      23.583     0.999756      5897189      4096.00
      23.935     0.999780      5897337      4551.11
      24.255     0.999805      5897476      5120.00
      24.735     0.999829      5897621      5851.43
      25.295     0.999854      5897764      6826.67
      25.951     0.999878      5897911      8192.00
      26.319     0.999890      5897981      9102.22
      26.719     0.999902      5898054     10240.00
      27.119     0.999915      5898124     11702.86
      27.679     0.999927      5898197     13653.33
      28.223     0.999939      5898271     16384.00
      28.543     0.999945      5898306     18204.44
      28.863     0.999951      5898340     20480.00
      29.375     0.999957      5898376     23405.71
      30.031     0.999963      5898413     27306.67
      30.671     0.999969      5898449     32768.00
      31.007     0.999973      5898466     36408.89
      31.455     0.999976      5898487     40960.00
      31.967     0.999979      5898502     46811.43
      32.527     0.999982      5898520     54613.33
      33.055     0.999985      5898538     65536.00
      33.535     0.999986      5898547     72817.78
      34.143     0.999988      5898556     81920.00
      34.687     0.999989      5898565     93622.86
      35.295     0.999991      5898574    109226.67
      36.479     0.999992      5898583    131072.00
      37.535     0.999993      5898588    145635.56
      38.975     0.999994      5898592    163840.00
      39.807     0.999995      5898597    187245.71
      39.967     0.999995      5898601    218453.33
      40.511     0.999996      5898606    262144.00
      40.671     0.999997      5898608    291271.11
      41.215     0.999997      5898610    327680.00
      42.239     0.999997      5898613    374491.43
      42.687     0.999998      5898615    436906.67
      43.743     0.999998      5898617    524288.00
      44.031     0.999998      5898618    582542.22
      44.511     0.999998      5898619    655360.00
      44.927     0.999999      5898621    748982.86
      44.991     0.999999      5898622    873813.33
      45.791     0.999999      5898623   1048576.00
      45.791     0.999999      5898623   1165084.44
      46.495     0.999999      5898624   1310720.00
      46.687     0.999999      5898625   1497965.71
      46.687     0.999999      5898625   1747626.67
      47.839     1.000000      5898626   2097152.00
      47.839     1.000000      5898626   2330168.89
      47.839     1.000000      5898626   2621440.00
      47.871     1.000000      5898627   2995931.43
      47.871     1.000000      5898627   3495253.33
      47.871     1.000000      5898627   4194304.00
      47.871     1.000000      5898627   4660337.78
      47.871     1.000000      5898627   5242880.00
      48.511     1.000000      5898628   5991862.86
      48.511     1.000000      5898628          inf
#[Mean    =        2.019, StdDeviation   =        1.722]
#[Max     =       48.480, Total count    =      5898628]
#[Buckets =           27, SubBuckets     =         2048]
----------------------------------------------------------
  5998273 requests in 10.00m, 1.00GB read
Requests/sec:   9997.17
Transfer/sec:      1.71MB
