Running 10m test @ http://localhost:9999/math/plus?x=1&y=2
  16 threads and 400 connections
  Thread calibration: mean lat.: 3.285ms, rate sampling interval: 14ms
  Thread calibration: mean lat.: 3.391ms, rate sampling interval: 14ms
  Thread calibration: mean lat.: 3.499ms, rate sampling interval: 14ms
  Thread calibration: mean lat.: 2.606ms, rate sampling interval: 10ms
  Thread calibration: mean lat.: 3.475ms, rate sampling interval: 14ms
  Thread calibration: mean lat.: 3.522ms, rate sampling interval: 15ms
  Thread calibration: mean lat.: 3.372ms, rate sampling interval: 14ms
  Thread calibration: mean lat.: 2.778ms, rate sampling interval: 11ms
  Thread calibration: mean lat.: 2.622ms, rate sampling interval: 11ms
  Thread calibration: mean lat.: 3.364ms, rate sampling interval: 14ms
  Thread calibration: mean lat.: 3.381ms, rate sampling interval: 14ms
  Thread calibration: mean lat.: 3.429ms, rate sampling interval: 14ms
  Thread calibration: mean lat.: 3.179ms, rate sampling interval: 13ms
  Thread calibration: mean lat.: 2.565ms, rate sampling interval: 10ms
  Thread calibration: mean lat.: 3.026ms, rate sampling interval: 12ms
  Thread calibration: mean lat.: 2.416ms, rate sampling interval: 10ms
  Thread Stats   Avg      Stdev     Max   +/- Stdev
    Latency     2.78ms    2.18ms  44.77ms   83.92%
    Req/Sec   652.40    766.86     2.78k    81.16%
  Latency Distribution (HdrHistogram - Recorded Latency)
 50.000%    2.12ms
 75.000%    3.50ms
 90.000%    5.55ms
 99.000%   10.80ms
 99.900%   15.77ms
 99.990%   22.80ms
 99.999%   34.08ms
100.000%   44.80ms

  Detailed Percentile spectrum:
       Value   Percentile   TotalCount 1/(1-Percentile)

       0.090     0.000000            1         1.00
       0.900     0.100000       591140         1.11
       1.216     0.200000      1180598         1.25
       1.484     0.300000      1771401         1.43
       1.778     0.400000      2360741         1.67
       2.125     0.500000      2951588         2.00
       2.329     0.550000      3245881         2.22
       2.563     0.600000      3541401         2.50
       2.831     0.650000      3835388         2.86
       3.143     0.700000      4130550         3.33
       3.499     0.750000      4424287         4.00
       3.703     0.775000      4571597         4.44
       3.939     0.800000      4719866         5.00
       4.199     0.825000      4868125         5.71
       4.507     0.850000      5014035         6.67
       4.939     0.875000      5161914         8.00
       5.223     0.887500      5235660         8.89
       5.551     0.900000      5308967        10.00
       5.931     0.912500      5382727        11.43
       6.351     0.925000      5456879        13.33
       6.799     0.937500      5530309        16.00
       7.051     0.943750      5567192        17.78
       7.319     0.950000      5603888        20.00
       7.619     0.956250      5641041        22.86
       7.967     0.962500      5677576        26.67
       8.359     0.968750      5714493        32.00
       8.583     0.971875      5733130        35.56
       8.839     0.975000      5751593        40.00
       9.127     0.978125      5769752        45.71
       9.455     0.981250      5788342        53.33
       9.839     0.984375      5806718        64.00
      10.055     0.985938      5815742        71.11
      10.303     0.987500      5824939        80.00
      10.599     0.989062      5834254        91.43
      10.943     0.990625      5843451       106.67
      11.351     0.992188      5852700       128.00
      11.591     0.992969      5857292       142.22
      11.855     0.993750      5861878       160.00
      12.135     0.994531      5866495       182.86
      12.439     0.995313      5871106       213.33
      12.783     0.996094      5875725       256.00
      12.991     0.996484      5877994       284.44
      13.215     0.996875      5880289       320.00
      13.463     0.997266      5882549       365.71
      13.767     0.997656      5884876       426.67
      14.111     0.998047      5887152       512.00
      14.319     0.998242      5888310       568.89
      14.583     0.998437      5889454       640.00
      14.911     0.998633      5890615       731.43
      15.335     0.998828      5891764       853.33
      15.831     0.999023      5892905      1024.00
      16.103     0.999121      5893486      1137.78
      16.383     0.999219      5894064      1280.00
      16.703     0.999316      5894660      1462.86
      17.071     0.999414      5895226      1706.67
      17.567     0.999512      5895794      2048.00
      17.855     0.999561      5896074      2275.56
      18.223     0.999609      5896367      2560.00
      18.671     0.999658      5896660      2925.71
      19.167     0.999707      5896941      3413.33
      19.743     0.999756      5897224      4096.00
      20.047     0.999780      5897373      4551.11
      20.367     0.999805      5897516      5120.00
      20.799     0.999829      5897659      5851.43
      21.359     0.999854      5897802      6826.67
      22.015     0.999878      5897944      8192.00
      22.447     0.999890      5898017      9102.22
      22.879     0.999902      5898090     10240.00
      23.455     0.999915      5898161     11702.86
      24.031     0.999927      5898232     13653.33
      24.703     0.999939      5898304     16384.00
      25.087     0.999945      5898342     18204.44
      25.775     0.999951      5898376     20480.00
      26.527     0.999957      5898412     23405.71
      27.711     0.999963      5898448     27306.67
      28.927     0.999969      5898484     32768.00
      29.295     0.999973      5898503     36408.89
      30.143     0.999976      5898520     40960.00
      30.735     0.999979      5898538     46811.43
      31.599     0.999982      5898556     54613.33
      32.319     0.999985      5898575     65536.00
      32.703     0.999986      5898583     72817.78
      33.343     0.999988      5898593     81920.00
      33.919     0.999989      5898602     93622.86
      34.207     0.999991      5898610    109226.67
      34.687     0.999992      5898620    131072.00
      34.815     0.999993      5898625    145635.56
      34.943     0.999994      5898628    163840.00
      35.391     0.999995      5898633    187245.71
      35.775     0.999995      5898637    218453.33
      36.383     0.999996      5898642    262144.00
      36.671     0.999997      5898644    291271.11
      36.991     0.999997      5898646    327680.00
      37.215     0.999997      5898649    374491.43
      38.271     0.999998      5898651    436906.67
      38.623     0.999998      5898653    524288.00
      38.655     0.999998      5898654    582542.22
      38.687     0.999998      5898655    655360.00
      38.783     0.999999      5898658    748982.86
      38.783     0.999999      5898658    873813.33
      38.911     0.999999      5898659   1048576.00
      38.911     0.999999      5898659   1165084.44
      38.943     0.999999      5898660   1310720.00
      39.679     0.999999      5898661   1497965.71
      39.679     0.999999      5898661   1747626.67
      39.967     1.000000      5898662   2097152.00
      39.967     1.000000      5898662   2330168.89
      39.967     1.000000      5898662   2621440.00
      43.743     1.000000      5898663   2995931.43
      43.743     1.000000      5898663   3495253.33
      43.743     1.000000      5898663   4194304.00
      43.743     1.000000      5898663   4660337.78
      43.743     1.000000      5898663   5242880.00
      44.799     1.000000      5898664   5991862.86
      44.799     1.000000      5898664          inf
#[Mean    =        2.785, StdDeviation   =        2.181]
#[Max     =       44.768, Total count    =      5898664]
#[Buckets =           27, SubBuckets     =         2048]
----------------------------------------------------------
  5996493 requests in 10.00m, 1.00GB read
Requests/sec:   9994.11
Transfer/sec:      1.71MB
