Running 10m test @ http://localhost:9999/math/plus?x=1&y=2
  16 threads and 400 connections
  Thread calibration: mean lat.: 2.390ms, rate sampling interval: 10ms
  Thread calibration: mean lat.: 2.276ms, rate sampling interval: 10ms
  Thread calibration: mean lat.: 3.172ms, rate sampling interval: 16ms
  Thread calibration: mean lat.: 2.395ms, rate sampling interval: 10ms
  Thread calibration: mean lat.: 4.624ms, rate sampling interval: 16ms
  Thread calibration: mean lat.: 4.632ms, rate sampling interval: 16ms
  Thread calibration: mean lat.: 2.330ms, rate sampling interval: 10ms
  Thread calibration: mean lat.: 2.302ms, rate sampling interval: 10ms
  Thread calibration: mean lat.: 4.583ms, rate sampling interval: 16ms
  Thread calibration: mean lat.: 2.295ms, rate sampling interval: 10ms
  Thread calibration: mean lat.: 2.428ms, rate sampling interval: 10ms
  Thread calibration: mean lat.: 2.251ms, rate sampling interval: 10ms
  Thread calibration: mean lat.: 2.133ms, rate sampling interval: 10ms
  Thread calibration: mean lat.: 2.377ms, rate sampling interval: 10ms
  Thread calibration: mean lat.: 2.224ms, rate sampling interval: 10ms
  Thread calibration: mean lat.: 2.316ms, rate sampling interval: 10ms
  Thread Stats   Avg      Stdev     Max   +/- Stdev
    Latency     2.71ms    2.46ms  34.11ms   86.19%
    Req/Sec   656.55    415.09     2.22k    64.12%
  Latency Distribution (HdrHistogram - Recorded Latency)
 50.000%    1.83ms
 75.000%    3.38ms
 90.000%    5.98ms
 99.000%   11.35ms
 99.900%   19.68ms
 99.990%   24.74ms
 99.999%   28.16ms
100.000%   34.14ms

  Detailed Percentile spectrum:
       Value   Percentile   TotalCount 1/(1-Percentile)

       0.084     0.000000            1         1.00
       0.756     0.100000       590111         1.11
       1.044     0.200000      1179749         1.25
       1.292     0.300000      1771783         1.43
       1.536     0.400000      2360613         1.67
       1.830     0.500000      2950126         2.00
       2.013     0.550000      3244384         2.22
       2.239     0.600000      3539353         2.50
       2.531     0.650000      3835493         2.86
       2.903     0.700000      4129457         3.33
       3.383     0.750000      4424087         4.00
       3.683     0.775000      4572118         4.44
       4.033     0.800000      4718961         5.00
       4.443     0.825000      4867572         5.71
       4.899     0.850000      5013987         6.67
       5.399     0.875000      5162465         8.00
       5.675     0.887500      5235770         8.89
       5.983     0.900000      5309254        10.00
       6.335     0.912500      5382602        11.43
       6.747     0.925000      5456288        13.33
       7.215     0.937500      5530508        16.00
       7.467     0.943750      5567400        17.78
       7.735     0.950000      5604194        20.00
       8.027     0.956250      5640619        22.86
       8.367     0.962500      5677812        26.67
       8.791     0.968750      5714720        32.00
       9.047     0.971875      5732884        35.56
       9.335     0.975000      5751432        40.00
       9.655     0.978125      5770009        45.71
      10.007     0.981250      5788401        53.33
      10.391     0.984375      5806549        64.00
      10.615     0.985938      5815813        71.11
      10.863     0.987500      5825164        80.00
      11.151     0.989062      5834321        91.43
      11.511     0.990625      5843519       106.67
      11.999     0.992188      5852711       128.00
      12.327     0.992969      5857277       142.22
      12.783     0.993750      5861872       160.00
      13.375     0.994531      5866470       182.86
      14.071     0.995313      5871030       213.33
      14.919     0.996094      5875660       256.00
      15.391     0.996484      5877965       284.44
      15.871     0.996875      5880252       320.00
      16.415     0.997266      5882586       365.71
      16.991     0.997656      5884887       426.67
      17.599     0.998047      5887184       512.00
      17.919     0.998242      5888345       568.89
      18.255     0.998437      5889469       640.00
      18.703     0.998633      5890639       731.43
      19.199     0.998828      5891782       853.33
      19.743     0.999023      5892933      1024.00
      20.015     0.999121      5893503      1137.78
      20.319     0.999219      5894082      1280.00
      20.639     0.999316      5894648      1462.86
      20.991     0.999414      5895225      1706.67
      21.439     0.999512      5895810      2048.00
      21.711     0.999561      5896084      2275.56
      21.999     0.999609      5896375      2560.00
      22.287     0.999658      5896666      2925.71
      22.623     0.999707      5896950      3413.33
      23.023     0.999756      5897245      4096.00
      23.231     0.999780      5897382      4551.11
      23.503     0.999805      5897527      5120.00
      23.775     0.999829      5897672      5851.43
      24.095     0.999854      5897821      6826.67
      24.383     0.999878      5897958      8192.00
      24.559     0.999890      5898029      9102.22
      24.767     0.999902      5898101     10240.00
      24.991     0.999915      5898172     11702.86
      25.231     0.999927      5898246     13653.33
      25.519     0.999939      5898318     16384.00
      25.663     0.999945      5898353     18204.44
      25.807     0.999951      5898389     20480.00
      25.967     0.999957      5898424     23405.71
      26.207     0.999963      5898460     27306.67
      26.447     0.999969      5898496     32768.00
      26.623     0.999973      5898514     36408.89
      26.815     0.999976      5898532     40960.00
      27.071     0.999979      5898551     46811.43
      27.311     0.999982      5898568     54613.33
      27.503     0.999985      5898586     65536.00
      27.631     0.999986      5898595     72817.78
      27.967     0.999988      5898606     81920.00
      28.095     0.999989      5898613     93622.86
      28.223     0.999991      5898622    109226.67
      28.655     0.999992      5898631    131072.00
      28.847     0.999993      5898636    145635.56
      29.039     0.999994      5898640    163840.00
      29.695     0.999995      5898645    187245.71
      30.063     0.999995      5898649    218453.33
      31.279     0.999996      5898654    262144.00
      31.359     0.999997      5898656    291271.11
      31.407     0.999997      5898658    327680.00
      31.695     0.999997      5898662    374491.43
      31.775     0.999998      5898663    436906.67
      31.839     0.999998      5898665    524288.00
      32.031     0.999998      5898666    582542.22
      32.079     0.999998      5898667    655360.00
      32.463     0.999999      5898669    748982.86
      32.655     0.999999      5898670    873813.33
      32.671     0.999999      5898671   1048576.00
      32.671     0.999999      5898671   1165084.44
      32.703     0.999999      5898673   1310720.00
      32.703     0.999999      5898673   1497965.71
      32.703     0.999999      5898673   1747626.67
      33.311     1.000000      5898674   2097152.00
      33.311     1.000000      5898674   2330168.89
      33.311     1.000000      5898674   2621440.00
      33.823     1.000000      5898675   2995931.43
      33.823     1.000000      5898675   3495253.33
      33.823     1.000000      5898675   4194304.00
      33.823     1.000000      5898675   4660337.78
      33.823     1.000000      5898675   5242880.00
      34.143     1.000000      5898676   5991862.86
      34.143     1.000000      5898676          inf
#[Mean    =        2.714, StdDeviation   =        2.456]
#[Max     =       34.112, Total count    =      5898676]
#[Buckets =           27, SubBuckets     =         2048]
----------------------------------------------------------
  5997105 requests in 10.00m, 1.00GB read
Requests/sec:   9995.18
Transfer/sec:      1.71MB
