Running 10m test @ http://localhost:9999/math/plus?x=1&y=2
  16 threads and 400 connections
  Thread calibration: mean lat.: 2.127ms, rate sampling interval: 10ms
  Thread calibration: mean lat.: 2.120ms, rate sampling interval: 10ms
  Thread calibration: mean lat.: 2.184ms, rate sampling interval: 10ms
  Thread calibration: mean lat.: 2.132ms, rate sampling interval: 10ms
  Thread calibration: mean lat.: 2.287ms, rate sampling interval: 10ms
  Thread calibration: mean lat.: 2.066ms, rate sampling interval: 10ms
  Thread calibration: mean lat.: 1.390ms, rate sampling interval: 10ms
  Thread calibration: mean lat.: 2.154ms, rate sampling interval: 10ms
  Thread calibration: mean lat.: 2.216ms, rate sampling interval: 10ms
  Thread calibration: mean lat.: 1.800ms, rate sampling interval: 10ms
  Thread calibration: mean lat.: 2.008ms, rate sampling interval: 10ms
  Thread calibration: mean lat.: 2.330ms, rate sampling interval: 10ms
  Thread calibration: mean lat.: 1.857ms, rate sampling interval: 10ms
  Thread calibration: mean lat.: 2.223ms, rate sampling interval: 10ms
  Thread calibration: mean lat.: 2.204ms, rate sampling interval: 10ms
  Thread calibration: mean lat.: 2.203ms, rate sampling interval: 10ms
  Thread Stats   Avg      Stdev     Max   +/- Stdev
    Latency     2.13ms    2.72ms  59.87ms   91.89%
    Req/Sec     1.32k   696.54     4.30k    55.44%
  Latency Distribution (HdrHistogram - Recorded Latency)
 50.000%    1.33ms
 75.000%    2.19ms
 90.000%    4.07ms
 99.000%   14.00ms
 99.900%   26.45ms
 99.990%   37.79ms
 99.999%   49.79ms
100.000%   59.90ms

  Detailed Percentile spectrum:
       Value   Percentile   TotalCount 1/(1-Percentile)

       0.076     0.000000            1         1.00
       0.531     0.100000      1183122         1.11
       0.757     0.200000      2363342         1.25
       0.949     0.300000      3544333         1.43
       1.131     0.400000      4720047         1.67
       1.327     0.500000      5903841         2.00
       1.441     0.550000      6489639         2.22
       1.574     0.600000      7082528         2.50
       1.730     0.650000      7669638         2.86
       1.928     0.700000      8260167         3.33
       2.195     0.750000      8848787         4.00
       2.365     0.775000      9143720         4.44
       2.565     0.800000      9440472         5.00
       2.809     0.825000      9733036         5.71
       3.103     0.850000     10029287         6.67
       3.469     0.875000     10323725         8.00
       3.731     0.887500     10470494         8.89
       4.071     0.900000     10618010        10.00
       4.507     0.912500     10766009        11.43
       5.247     0.925000     10912779        13.33
       6.251     0.937500     11060388        16.00
       6.847     0.943750     11134047        17.78
       7.451     0.950000     11207911        20.00
       8.051     0.956250     11281736        22.86
       8.711     0.962500     11355208        26.67
       9.535     0.968750     11429231        32.00
       9.991     0.971875     11465941        35.56
      10.503     0.975000     11502635        40.00
      11.063     0.978125     11539811        45.71
      11.663     0.981250     11576455        53.33
      12.303     0.984375     11613345        64.00
      12.687     0.985938     11631625        71.11
      13.135     0.987500     11649979        80.00
      13.647     0.989062     11668445        91.43
      14.263     0.990625     11686858       106.67
      15.023     0.992188     11705327       128.00
      15.463     0.992969     11714605       142.22
      15.943     0.993750     11723770       160.00
      16.495     0.994531     11733126       182.86
      17.151     0.995313     11742241       213.33
      18.047     0.996094     11751481       256.00
      18.623     0.996484     11756072       284.44
      19.311     0.996875     11760621       320.00
      20.143     0.997266     11765247       365.71
      21.215     0.997656     11769824       426.67
      22.447     0.998047     11774452       512.00
      23.119     0.998242     11776718       568.89
      23.903     0.998437     11779060       640.00
      24.687     0.998633     11781360       731.43
      25.567     0.998828     11783641       853.33
      26.607     0.999023     11785959      1024.00
      27.183     0.999121     11787089      1137.78
      27.807     0.999219     11788235      1280.00
      28.479     0.999316     11789386      1462.86
      29.247     0.999414     11790551      1706.67
      30.143     0.999512     11791702      2048.00
      30.655     0.999561     11792264      2275.56
      31.215     0.999609     11792847      2560.00
      31.855     0.999658     11793427      2925.71
      32.543     0.999707     11793996      3413.33
      33.439     0.999756     11794578      4096.00
      33.919     0.999780     11794859      4551.11
      34.463     0.999805     11795154      5120.00
      35.167     0.999829     11795440      5851.43
      35.903     0.999854     11795724      6826.67
      36.703     0.999878     11796009      8192.00
      37.311     0.999890     11796158      9102.22
      37.919     0.999902     11796296     10240.00
      38.623     0.999915     11796439     11702.86
      39.519     0.999927     11796588     13653.33
      40.671     0.999939     11796730     16384.00
      41.343     0.999945     11796801     18204.44
      42.239     0.999951     11796872     20480.00
      43.167     0.999957     11796946     23405.71
      44.415     0.999963     11797020     27306.67
      45.471     0.999969     11797090     32768.00
      45.983     0.999973     11797125     36408.89
      46.463     0.999976     11797160     40960.00
      47.007     0.999979     11797195     46811.43
      47.615     0.999982     11797233     54613.33
      48.447     0.999985     11797267     65536.00
      48.991     0.999986     11797285     72817.78
      49.343     0.999988     11797303     81920.00
      49.695     0.999989     11797321     93622.86
      50.047     0.999991     11797339    109226.67
      50.591     0.999992     11797359    131072.00
      50.879     0.999993     11797366    145635.56
      51.231     0.999994     11797376    163840.00
      51.487     0.999995     11797385    187245.71
      51.871     0.999995     11797393    218453.33
      52.479     0.999996     11797403    262144.00
      52.639     0.999997     11797407    291271.11
      52.927     0.999997     11797411    327680.00
      53.375     0.999997     11797417    374491.43
      53.503     0.999998     11797420    436906.67
      54.207     0.999998     11797425    524288.00
      54.559     0.999998     11797427    582542.22
      54.687     0.999998     11797429    655360.00
      55.615     0.999999     11797432    748982.86
      56.255     0.999999     11797434    873813.33
      56.735     0.999999     11797436   1048576.00
      56.799     0.999999     11797437   1165084.44
      57.183     0.999999     11797438   1310720.00
      58.079     0.999999     11797440   1497965.71
      58.111     0.999999     11797441   1747626.67
      58.367     1.000000     11797442   2097152.00
      58.367     1.000000     11797442   2330168.89
      58.687     1.000000     11797443   2621440.00
      59.231     1.000000     11797445   2995931.43
      59.231     1.000000     11797445   3495253.33
      59.231     1.000000     11797445   4194304.00
      59.231     1.000000     11797445   4660337.78
      59.231     1.000000     11797445   5242880.00
      59.615     1.000000     11797446   5991862.86
      59.615     1.000000     11797446   6990506.67
      59.615     1.000000     11797446   8388608.00
      59.615     1.000000     11797446   9320675.55
      59.615     1.000000     11797446  10485760.00
      59.903     1.000000     11797447  11983725.71
      59.903     1.000000     11797447          inf
#[Mean    =        2.130, StdDeviation   =        2.718]
#[Max     =       59.872, Total count    =     11797447]
#[Buckets =           27, SubBuckets     =         2048]
----------------------------------------------------------
  11997497 requests in 10.00m, 2.00GB read
Requests/sec:  19995.77
Transfer/sec:      3.41MB
