Running 10m test @ http://localhost:9999/math/plus?x=1&y=2
  16 threads and 400 connections
  Thread calibration: mean lat.: 2.140ms, rate sampling interval: 10ms
  Thread calibration: mean lat.: 2.259ms, rate sampling interval: 10ms
  Thread calibration: mean lat.: 2.455ms, rate sampling interval: 10ms
  Thread calibration: mean lat.: 2.354ms, rate sampling interval: 10ms
  Thread calibration: mean lat.: 2.466ms, rate sampling interval: 10ms
  Thread calibration: mean lat.: 2.492ms, rate sampling interval: 10ms
  Thread calibration: mean lat.: 2.292ms, rate sampling interval: 10ms
  Thread calibration: mean lat.: 2.330ms, rate sampling interval: 10ms
  Thread calibration: mean lat.: 2.317ms, rate sampling interval: 10ms
  Thread calibration: mean lat.: 2.336ms, rate sampling interval: 10ms
  Thread calibration: mean lat.: 2.065ms, rate sampling interval: 10ms
  Thread calibration: mean lat.: 2.413ms, rate sampling interval: 10ms
  Thread calibration: mean lat.: 2.258ms, rate sampling interval: 10ms
  Thread calibration: mean lat.: 2.240ms, rate sampling interval: 10ms
  Thread calibration: mean lat.: 2.157ms, rate sampling interval: 10ms
  Thread calibration: mean lat.: 1.918ms, rate sampling interval: 10ms
  Thread Stats   Avg      Stdev     Max   +/- Stdev
    Latency     1.83ms    2.58ms  89.09ms   96.54%
    Req/Sec     1.98k   601.37     7.00k    74.48%
  Latency Distribution (HdrHistogram - Recorded Latency)
 50.000%    1.36ms
 75.000%    1.99ms
 90.000%    2.93ms
 99.000%   13.29ms
 99.900%   34.08ms
 99.990%   50.14ms
 99.999%   66.37ms
100.000%   89.15ms

  Detailed Percentile spectrum:
       Value   Percentile   TotalCount 1/(1-Percentile)

       0.071     0.000000            1         1.00
       0.550     0.100000      1770268         1.11
       0.799     0.200000      3544133         1.25
       1.000     0.300000      5313352         1.43
       1.180     0.400000      7085073         1.67
       1.358     0.500000      8855748         2.00
       1.452     0.550000      9734994         2.22
       1.555     0.600000     10620545         2.50
       1.672     0.650000     11505375         2.86
       1.812     0.700000     12388222         3.33
       1.987     0.750000     13275598         4.00
       2.093     0.775000     13721901         4.44
       2.211     0.800000     14160661         5.00
       2.347     0.825000     14604013         5.71
       2.503     0.850000     15044871         6.67
       2.691     0.875000     15485360         8.00
       2.805     0.887500     15708369         8.89
       2.935     0.900000     15928917        10.00
       3.087     0.912500     16148146        11.43
       3.273     0.925000     16370687        13.33
       3.501     0.937500     16591867        16.00
       3.637     0.943750     16701845        17.78
       3.795     0.950000     16812079        20.00
       3.991     0.956250     16922448        22.86
       4.251     0.962500     17032779        26.67
       4.639     0.968750     17143723        32.00
       4.931     0.971875     17198766        35.56
       5.427     0.975000     17253992        40.00
       6.323     0.978125     17309264        45.71
       7.403     0.981250     17364513        53.33
       8.999     0.984375     17419755        64.00
      10.031     0.985938     17447362        71.11
      11.039     0.987500     17475137        80.00
      12.311     0.989062     17502699        91.43
      14.031     0.990625     17530319       106.67
      16.055     0.992188     17558011       128.00
      17.183     0.992969     17571782       142.22
      18.415     0.993750     17585696       160.00
      19.775     0.994531     17599489       182.86
      21.279     0.995313     17613376       213.33
      22.975     0.996094     17627104       256.00
      23.919     0.996484     17634032       284.44
      24.911     0.996875     17640972       320.00
      26.015     0.997266     17647836       365.71
      27.391     0.997656     17654773       426.67
      28.975     0.998047     17661674       512.00
      29.839     0.998242     17665135       568.89
      30.783     0.998437     17668610       640.00
      31.759     0.998633     17672031       731.43
      32.895     0.998828     17675517       853.33
      34.239     0.999023     17678974      1024.00
      34.975     0.999121     17680688      1137.78
      35.775     0.999219     17682404      1280.00
      36.703     0.999316     17684144      1462.86
      37.695     0.999414     17685853      1706.67
      38.943     0.999512     17687580      2048.00
      39.679     0.999561     17688453      2275.56
      40.447     0.999609     17689295      2560.00
      41.503     0.999658     17690164      2925.71
      42.719     0.999707     17691028      3413.33
      44.127     0.999756     17691891      4096.00
      44.863     0.999780     17692320      4551.11
      45.663     0.999805     17692754      5120.00
      46.463     0.999829     17693181      5851.43
      47.487     0.999854     17693609      6826.67
      48.831     0.999878     17694044      8192.00
      49.535     0.999890     17694265      9102.22
      50.303     0.999902     17694484     10240.00
      51.135     0.999915     17694694     11702.86
      52.031     0.999927     17694905     13653.33
      53.407     0.999939     17695126     16384.00
      54.271     0.999945     17695231     18204.44
      55.071     0.999951     17695337     20480.00
      56.127     0.999957     17695445     23405.71
      57.311     0.999963     17695553     27306.67
      58.527     0.999969     17695663     32768.00
      59.231     0.999973     17695719     36408.89
      60.191     0.999976     17695771     40960.00
      61.055     0.999979     17695823     46811.43
      62.175     0.999982     17695879     54613.33
      63.231     0.999985     17695933     65536.00
      63.839     0.999986     17695958     72817.78
      64.351     0.999988     17695985     81920.00
      65.503     0.999989     17696012     93622.86
      66.559     0.999991     17696039    109226.67
      68.031     0.999992     17696066    131072.00
      68.927     0.999993     17696080    145635.56
      69.951     0.999994     17696094    163840.00
      71.743     0.999995     17696107    187245.71
      72.959     0.999995     17696121    218453.33
      74.111     0.999996     17696134    262144.00
      74.623     0.999997     17696141    291271.11
      74.751     0.999997     17696147    327680.00
      75.583     0.999997     17696155    374491.43
      75.967     0.999998     17696161    436906.67
      76.991     0.999998     17696168    524288.00
      78.015     0.999998     17696171    582542.22
      79.039     0.999998     17696174    655360.00
      79.679     0.999999     17696178    748982.86
      80.191     0.999999     17696181    873813.33
      83.135     0.999999     17696185   1048576.00
      83.711     0.999999     17696186   1165084.44
      84.031     0.999999     17696188   1310720.00
      84.351     0.999999     17696190   1497965.71
      84.671     0.999999     17696192   1747626.67
      85.119     1.000000     17696193   2097152.00
      85.375     1.000000     17696194   2330168.89
      85.631     1.000000     17696195   2621440.00
      85.823     1.000000     17696196   2995931.43
      85.823     1.000000     17696196   3495253.33
      86.015     1.000000     17696197   4194304.00
      87.103     1.000000     17696198   4660337.78
      87.103     1.000000     17696198   5242880.00
      87.295     1.000000     17696199   5991862.86
      87.295     1.000000     17696199   6990506.67
      87.295     1.000000     17696199   8388608.00
      88.127     1.000000     17696200   9320675.55
      88.127     1.000000     17696200  10485760.00
      88.127     1.000000     17696200  11983725.71
      88.127     1.000000     17696200  13981013.34
      88.127     1.000000     17696200  16777216.00
      89.151     1.000000     17696201  18641351.10
      89.151     1.000000     17696201          inf
#[Mean    =        1.825, StdDeviation   =        2.584]
#[Max     =       89.088, Total count    =     17696201]
#[Buckets =           27, SubBuckets     =         2048]
----------------------------------------------------------
  17995909 requests in 10.00m, 3.00GB read
Requests/sec:  29993.14
Transfer/sec:      5.12MB
