Running 10m test @ http://localhost:9999/math/plus?x=1&y=2
  16 threads and 400 connections
  Thread calibration: mean lat.: 1.771ms, rate sampling interval: 10ms
  Thread calibration: mean lat.: 1.862ms, rate sampling interval: 10ms
  Thread calibration: mean lat.: 1.855ms, rate sampling interval: 10ms
  Thread calibration: mean lat.: 1.724ms, rate sampling interval: 10ms
  Thread calibration: mean lat.: 1.800ms, rate sampling interval: 10ms
  Thread calibration: mean lat.: 1.904ms, rate sampling interval: 10ms
  Thread calibration: mean lat.: 1.834ms, rate sampling interval: 10ms
  Thread calibration: mean lat.: 1.875ms, rate sampling interval: 10ms
  Thread calibration: mean lat.: 1.941ms, rate sampling interval: 10ms
  Thread calibration: mean lat.: 1.936ms, rate sampling interval: 10ms
  Thread calibration: mean lat.: 1.780ms, rate sampling interval: 10ms
  Thread calibration: mean lat.: 1.835ms, rate sampling interval: 10ms
  Thread calibration: mean lat.: 1.827ms, rate sampling interval: 10ms
  Thread calibration: mean lat.: 1.847ms, rate sampling interval: 10ms
  Thread calibration: mean lat.: 1.923ms, rate sampling interval: 10ms
  Thread calibration: mean lat.: 1.902ms, rate sampling interval: 10ms
  Thread Stats   Avg      Stdev     Max   +/- Stdev
    Latency     1.48ms    1.99ms  70.21ms   96.84%
    Req/Sec     1.98k   467.08     6.67k    68.67%
  Latency Distribution (HdrHistogram - Recorded Latency)
 50.000%    1.15ms
 75.000%    1.65ms
 90.000%    2.31ms
 99.000%    9.89ms
 99.900%   27.12ms
 99.990%   41.38ms
 99.999%   53.63ms
100.000%   70.27ms

  Detailed Percentile spectrum:
       Value   Percentile   TotalCount 1/(1-Percentile)

       0.065     0.000000            1         1.00
       0.474     0.100000      1775997         1.11
       0.671     0.200000      3539432         1.25
       0.842     0.300000      5314189         1.43
       1.001     0.400000      7080927         1.67
       1.155     0.500000      8856040         2.00
       1.235     0.550000      9740583         2.22
       1.320     0.600000     10622446         2.50
       1.414     0.650000     11503752         2.86
       1.523     0.700000     12393124         3.33
       1.650     0.750000     13275183         4.00
       1.723     0.775000     13718548         4.44
       1.804     0.800000     14157384         5.00
       1.898     0.825000     14601360         5.71
       2.008     0.850000     15042320         6.67
       2.141     0.875000     15484501         8.00
       2.221     0.887500     15707234         8.89
       2.313     0.900000     15931078        10.00
       2.417     0.912500     16148326        11.43
       2.543     0.925000     16369383        13.33
       2.697     0.937500     16590293        16.00
       2.789     0.943750     16701440        17.78
       2.897     0.950000     16813182        20.00
       3.027     0.956250     16922520        22.86
       3.205     0.962500     17033473        26.67
       3.487     0.968750     17143670        32.00
       3.715     0.971875     17198807        35.56
       4.061     0.975000     17253952        40.00
       4.551     0.978125     17309267        45.71
       5.415     0.981250     17364498        53.33
       6.855     0.984375     17419786        64.00
       7.651     0.985938     17447369        71.11
       8.383     0.987500     17474982        80.00
       9.255     0.989062     17502650        91.43
      10.423     0.990625     17530318       106.67
      11.951     0.992188     17558014       128.00
      12.695     0.992969     17571783       142.22
      13.527     0.993750     17585588       160.00
      14.639     0.994531     17599474       182.86
      15.919     0.995313     17613229       213.33
      17.327     0.996094     17627133       256.00
      18.143     0.996484     17634073       284.44
      19.071     0.996875     17640953       320.00
      20.063     0.997266     17647789       365.71
      21.215     0.997656     17654758       426.67
      22.527     0.998047     17661644       512.00
      23.279     0.998242     17665096       568.89
      24.111     0.998437     17668541       640.00
      25.039     0.998633     17672019       731.43
      26.063     0.998828     17675466       853.33
      27.279     0.999023     17678923      1024.00
      27.951     0.999121     17680624      1137.78
      28.735     0.999219     17682370      1280.00
      29.567     0.999316     17684085      1462.86
      30.479     0.999414     17685812      1706.67
      31.615     0.999512     17687550      2048.00
      32.271     0.999561     17688406      2275.56
      33.023     0.999609     17689286      2560.00
      33.823     0.999658     17690126      2925.71
      34.783     0.999707     17691003      3413.33
      35.935     0.999756     17691860      4096.00
      36.575     0.999780     17692302      4551.11
      37.247     0.999805     17692721      5120.00
      38.079     0.999829     17693167      5851.43
      38.975     0.999854     17693590      6826.67
      40.159     0.999878     17694020      8192.00
      40.863     0.999890     17694231      9102.22
      41.503     0.999902     17694454     10240.00
      42.367     0.999915     17694676     11702.86
      43.391     0.999927     17694885     13653.33
      44.703     0.999939     17695094     16384.00
      45.343     0.999945     17695204     18204.44
      46.047     0.999951     17695311     20480.00
      46.751     0.999957     17695422     23405.71
      47.615     0.999963     17695526     27306.67
      48.511     0.999969     17695638     32768.00
      49.023     0.999973     17695688     36408.89
      49.567     0.999976     17695745     40960.00
      50.079     0.999979     17695798     46811.43
      50.719     0.999982     17695850     54613.33
      51.583     0.999985     17695904     65536.00
      51.999     0.999986     17695932     72817.78
      52.575     0.999988     17695958     81920.00
      53.439     0.999989     17695986     93622.86
      54.175     0.999991     17696012    109226.67
      55.327     0.999992     17696039    131072.00
      55.871     0.999993     17696053    145635.56
      56.351     0.999994     17696066    163840.00
      57.343     0.999995     17696080    187245.71
      57.855     0.999995     17696093    218453.33
      58.239     0.999996     17696108    262144.00
      58.495     0.999997     17696114    291271.11
      58.751     0.999997     17696120    327680.00
      59.071     0.999997     17696128    374491.43
      59.423     0.999998     17696134    436906.67
      59.999     0.999998     17696141    524288.00
      60.479     0.999998     17696145    582542.22
      60.607     0.999998     17696147    655360.00
      61.215     0.999999     17696151    748982.86
      61.279     0.999999     17696154    873813.33
      63.935     0.999999     17696159   1048576.00
      63.935     0.999999     17696159   1165084.44
      64.639     0.999999     17696161   1310720.00
      65.983     0.999999     17696163   1497965.71
      67.007     0.999999     17696165   1747626.67
      67.391     1.000000     17696166   2097152.00
      67.455     1.000000     17696167   2330168.89
      67.647     1.000000     17696168   2621440.00
      67.775     1.000000     17696169   2995931.43
      67.775     1.000000     17696169   3495253.33
      67.903     1.000000     17696170   4194304.00
      68.095     1.000000     17696171   4660337.78
      68.095     1.000000     17696171   5242880.00
      68.415     1.000000     17696172   5991862.86
      68.415     1.000000     17696172   6990506.67
      68.415     1.000000     17696172   8388608.00
      69.247     1.000000     17696173   9320675.55
      69.247     1.000000     17696173  10485760.00
      69.247     1.000000     17696173  11983725.71
      69.247     1.000000     17696173  13981013.34
      69.247     1.000000     17696173  16777216.00
      70.271     1.000000     17696174  18641351.10
      70.271     1.000000     17696174          inf
#[Mean    =        1.479, StdDeviation   =        1.986]
#[Max     =       70.208, Total count    =     17696174]
#[Buckets =           27, SubBuckets     =         2048]
----------------------------------------------------------
  17997976 requests in 10.00m, 3.00GB read
Requests/sec:  29996.59
Transfer/sec:      5.12MB
