Running 10m test @ http://localhost:9999/math/plus?x=1&y=2
  16 threads and 400 connections
  Thread calibration: mean lat.: 1.743ms, rate sampling interval: 10ms
  Thread calibration: mean lat.: 1.765ms, rate sampling interval: 10ms
  Thread calibration: mean lat.: 1.744ms, rate sampling interval: 10ms
  Thread calibration: mean lat.: 1.830ms, rate sampling interval: 10ms
  Thread calibration: mean lat.: 1.841ms, rate sampling interval: 10ms
  Thread calibration: mean lat.: 1.779ms, rate sampling interval: 10ms
  Thread calibration: mean lat.: 1.795ms, rate sampling interval: 10ms
  Thread calibration: mean lat.: 1.805ms, rate sampling interval: 10ms
  Thread calibration: mean lat.: 1.871ms, rate sampling interval: 10ms
  Thread calibration: mean lat.: 1.745ms, rate sampling interval: 10ms
  Thread calibration: mean lat.: 1.778ms, rate sampling interval: 10ms
  Thread calibration: mean lat.: 1.821ms, rate sampling interval: 10ms
  Thread calibration: mean lat.: 1.924ms, rate sampling interval: 10ms
  Thread calibration: mean lat.: 1.532ms, rate sampling interval: 10ms
  Thread calibration: mean lat.: 1.827ms, rate sampling interval: 10ms
  Thread calibration: mean lat.: 2.032ms, rate sampling interval: 10ms
  Thread Stats   Avg      Stdev     Max   +/- Stdev
    Latency     1.69ms    2.57ms  77.06ms   94.27%
    Req/Sec     1.32k   605.96     4.89k    57.63%
  Latency Distribution (HdrHistogram - Recorded Latency)
 50.000%    1.13ms
 75.000%    1.61ms
 90.000%    2.58ms
 99.000%   13.69ms
 99.900%   29.12ms
 99.990%   43.74ms
 99.999%   58.17ms
100.000%   77.12ms

  Detailed Percentile spectrum:
       Value   Percentile   TotalCount 1/(1-Percentile)

       0.078     0.000000            1         1.00
       0.460     0.100000      1184288         1.11
       0.657     0.200000      2364956         1.25
       0.829     0.300000      3540701         1.43
       0.985     0.400000      4726806         1.67
       1.132     0.500000      5903174         2.00
       1.207     0.550000      6492763         2.22
       1.288     0.600000      7079626         2.50
       1.379     0.650000      7674021         2.86
       1.484     0.700000      8263153         3.33
       1.607     0.750000      8849519         4.00
       1.680     0.775000      9145799         4.44
       1.764     0.800000      9439886         5.00
       1.868     0.825000      9734452         5.71
       2.007     0.850000     10028238         6.67
       2.215     0.875000     10323705         8.00
       2.369     0.887500     10470332         8.89
       2.581     0.900000     10618055        10.00
       2.859     0.912500     10765946        11.43
       3.219     0.925000     10912933        13.33
       3.873     0.937500     11060181        16.00
       4.359     0.943750     11134233        17.78
       5.019     0.950000     11207708        20.00
       5.819     0.956250     11281686        22.86
       6.739     0.962500     11355204        26.67
       7.799     0.968750     11429053        32.00
       8.367     0.971875     11465828        35.56
       8.999     0.975000     11502745        40.00
       9.687     0.978125     11539552        45.71
      10.455     0.981250     11576381        53.33
      11.359     0.984375     11613384        64.00
      11.879     0.985938     11631711        71.11
      12.479     0.987500     11650190        80.00
      13.191     0.989062     11668573        91.43
      14.063     0.990625     11686984       106.67
      15.215     0.992188     11705423       128.00
      15.903     0.992969     11714549       142.22
      16.655     0.993750     11723844       160.00
      17.535     0.994531     11733120       182.86
      18.511     0.995313     11742209       213.33
      19.759     0.996094     11751454       256.00
      20.511     0.996484     11756063       284.44
      21.423     0.996875     11760670       320.00
      22.415     0.997266     11765248       365.71
      23.487     0.997656     11769849       426.67
      24.719     0.998047     11774466       512.00
      25.391     0.998242     11776757       568.89
      26.207     0.998437     11779100       640.00
      27.071     0.998633     11781362       731.43
      28.095     0.998828     11783679       853.33
      29.279     0.999023     11785975      1024.00
      29.951     0.999121     11787126      1137.78
      30.687     0.999219     11788266      1280.00
      31.455     0.999316     11789418      1462.86
      32.351     0.999414     11790568      1706.67
      33.439     0.999512     11791722      2048.00
      34.143     0.999561     11792316      2275.56
      34.815     0.999609     11792878      2560.00
      35.615     0.999658     11793468      2925.71
      36.511     0.999707     11794030      3413.33
      37.599     0.999756     11794603      4096.00
      38.239     0.999780     11794899      4551.11
      38.879     0.999805     11795182      5120.00
      39.711     0.999829     11795464      5851.43
      40.831     0.999854     11795757      6826.67
      42.207     0.999878     11796044      8192.00
      42.975     0.999890     11796185      9102.22
      43.935     0.999902     11796331     10240.00
      44.831     0.999915     11796476     11702.86
      45.791     0.999927     11796617     13653.33
      46.879     0.999939     11796760     16384.00
      47.583     0.999945     11796834     18204.44
      48.223     0.999951     11796905     20480.00
      49.023     0.999957     11796976     23405.71
      49.887     0.999963     11797052     27306.67
      51.135     0.999969     11797120     32768.00
      51.679     0.999973     11797156     36408.89
      52.383     0.999976     11797193     40960.00
      53.247     0.999979     11797228     46811.43
      54.399     0.999982     11797265     54613.33
      55.679     0.999985     11797301     65536.00
      56.223     0.999986     11797318     72817.78
      57.119     0.999988     11797336     81920.00
      57.759     0.999989     11797354     93622.86
      58.655     0.999991     11797372    109226.67
      59.871     0.999992     11797391    131072.00
      60.575     0.999993     11797399    145635.56
      61.919     0.999994     11797408    163840.00
      63.551     0.999995     11797417    187245.71
      64.351     0.999995     11797427    218453.33
      65.855     0.999996     11797435    262144.00
      66.495     0.999997     11797440    291271.11
      67.135     0.999997     11797444    327680.00
      68.607     0.999997     11797449    374491.43
      69.567     0.999998     11797453    436906.67
      70.591     0.999998     11797458    524288.00
      70.655     0.999998     11797461    582542.22
      71.231     0.999998     11797463    655360.00
      71.295     0.999999     11797465    748982.86
      71.935     0.999999     11797467    873813.33
      72.063     0.999999     11797469   1048576.00
      72.255     0.999999     11797470   1165084.44
      73.023     0.999999     11797471   1310720.00
      73.407     0.999999     11797473   1497965.71
      73.471     0.999999     11797474   1747626.67
      73.855     1.000000     11797476   2097152.00
      73.855     1.000000     11797476   2330168.89
      73.855     1.000000     11797476   2621440.00
      75.647     1.000000     11797478   2995931.43
      75.647     1.000000     11797478   3495253.33
      75.647     1.000000     11797478   4194304.00
      75.647     1.000000     11797478   4660337.78
      75.647     1.000000     11797478   5242880.00
      75.967     1.000000     11797479   5991862.86
      75.967     1.000000     11797479   6990506.67
      75.967     1.000000     11797479   8388608.00
      75.967     1.000000     11797479   9320675.55
      75.967     1.000000     11797479  10485760.00
      77.119     1.000000     11797480  11983725.71
      77.119     1.000000     11797480          inf
#[Mean    =        1.694, StdDeviation   =        2.571]
#[Max     =       77.056, Total count    =     11797480]
#[Buckets =           27, SubBuckets     =         2048]
----------------------------------------------------------
  11997616 requests in 10.00m, 2.00GB read
Requests/sec:  19996.00
Transfer/sec:      3.41MB
