Running 10m test @ http://localhost:9999/math/plus?x=1&y=2
  16 threads and 400 connections
  Thread calibration: mean lat.: 5.946ms, rate sampling interval: 42ms
  Thread calibration: mean lat.: 5.732ms, rate sampling interval: 40ms
  Thread calibration: mean lat.: 5.754ms, rate sampling interval: 41ms
  Thread calibration: mean lat.: 5.773ms, rate sampling interval: 40ms
  Thread calibration: mean lat.: 5.868ms, rate sampling interval: 42ms
  Thread calibration: mean lat.: 5.872ms, rate sampling interval: 41ms
  Thread calibration: mean lat.: 5.893ms, rate sampling interval: 41ms
  Thread calibration: mean lat.: 5.779ms, rate sampling interval: 40ms
  Thread calibration: mean lat.: 5.881ms, rate sampling interval: 41ms
  Thread calibration: mean lat.: 5.902ms, rate sampling interval: 41ms
  Thread calibration: mean lat.: 5.640ms, rate sampling interval: 40ms
  Thread calibration: mean lat.: 5.702ms, rate sampling interval: 40ms
  Thread calibration: mean lat.: 5.847ms, rate sampling interval: 41ms
  Thread calibration: mean lat.: 6.027ms, rate sampling interval: 41ms
  Thread calibration: mean lat.: 5.704ms, rate sampling interval: 40ms
  Thread calibration: mean lat.: 5.901ms, rate sampling interval: 41ms
  Thread Stats   Avg      Stdev     Max   +/- Stdev
    Latency     5.79ms    9.75ms  91.01ms   85.96%
    Req/Sec     1.90k   451.97     4.15k    73.18%
  Latency Distribution (HdrHistogram - Recorded Latency)
 50.000%    1.44ms
 75.000%    3.88ms
 90.000%   20.90ms
 99.000%   42.30ms
 99.900%   57.02ms
 99.990%   68.86ms
 99.999%   78.91ms
100.000%   91.07ms

  Detailed Percentile spectrum:
       Value   Percentile   TotalCount 1/(1-Percentile)

       0.079     0.000000            2         1.00
       0.551     0.100000      1771554         1.11
       0.804     0.200000      3544318         1.25
       1.021     0.300000      5309261         1.43
       1.222     0.400000      7086776         1.67
       1.443     0.500000      8851587         2.00
       1.574     0.550000      9732814         2.22
       1.733     0.600000     10621211         2.50
       1.935     0.650000     11503260         2.86
       2.275     0.700000     12388557         3.33
       3.881     0.750000     13271967         4.00
       5.947     0.775000     13714072         4.44
       8.559     0.800000     14156409         5.00
      11.327     0.825000     14599353         5.71
      14.311     0.850000     15041510         6.67
      17.503     0.875000     15484669         8.00
      19.135     0.887500     15705418         8.89
      20.895     0.900000     15927272        10.00
      22.751     0.912500     16148170        11.43
      24.687     0.925000     16369537        13.33
      26.783     0.937500     16590725        16.00
      27.951     0.943750     16701439        17.78
      29.183     0.950000     16811804        20.00
      30.479     0.956250     16922217        22.86
      31.887     0.962500     17032333        26.67
      33.503     0.968750     17143522        32.00
      34.431     0.971875     17199395        35.56
      35.423     0.975000     17254572        40.00
      36.511     0.978125     17309502        45.71
      37.695     0.981250     17364483        53.33
      39.039     0.984375     17419499        64.00
      39.807     0.985938     17446984        71.11
      40.671     0.987500     17474493        80.00
      41.663     0.989062     17502405        91.43
      42.751     0.990625     17529750       106.67
      43.999     0.992188     17557300       128.00
      44.735     0.992969     17571590       142.22
      45.503     0.993750     17585020       160.00
      46.431     0.994531     17599034       182.86
      47.487     0.995313     17612804       213.33
      48.703     0.996094     17626465       256.00
      49.407     0.996484     17633535       284.44
      50.143     0.996875     17640374       320.00
      50.975     0.997266     17647314       365.71
      51.871     0.997656     17654146       426.67
      52.959     0.998047     17660985       512.00
      53.599     0.998242     17664394       568.89
      54.335     0.998437     17667864       640.00
      55.199     0.998633     17671370       731.43
      56.127     0.998828     17674872       853.33
      57.151     0.999023     17678271      1024.00
      57.727     0.999121     17679967      1137.78
      58.367     0.999219     17681742      1280.00
      59.071     0.999316     17683399      1462.86
      59.967     0.999414     17685152      1706.67
      61.055     0.999512     17686892      2048.00
      61.631     0.999561     17687717      2275.56
      62.303     0.999609     17688594      2560.00
      63.007     0.999658     17689477      2925.71
      63.775     0.999707     17690321      3413.33
      64.703     0.999756     17691182      4096.00
      65.215     0.999780     17691611      4551.11
      65.855     0.999805     17692065      5120.00
      66.431     0.999829     17692474      5851.43
      67.135     0.999854     17692914      6826.67
      67.967     0.999878     17693337      8192.00
      68.479     0.999890     17693559      9102.22
      68.991     0.999902     17693786     10240.00
      69.567     0.999915     17693985     11702.86
      70.335     0.999927     17694200     13653.33
      71.103     0.999939     17694428     16384.00
      71.487     0.999945     17694524     18204.44
      71.871     0.999951     17694630     20480.00
      72.447     0.999957     17694744     23405.71
      73.151     0.999963     17694854     27306.67
      73.855     0.999969     17694963     32768.00
      74.175     0.999973     17695007     36408.89
      74.751     0.999976     17695068     40960.00
      75.327     0.999979     17695117     46811.43
      75.967     0.999982     17695172     54613.33
      76.607     0.999985     17695227     65536.00
      77.119     0.999986     17695250     72817.78
      77.951     0.999988     17695279     81920.00
      78.527     0.999989     17695305     93622.86
      79.167     0.999991     17695332    109226.67
      79.807     0.999992     17695358    131072.00
      80.447     0.999993     17695373    145635.56
      80.831     0.999994     17695387    163840.00
      81.215     0.999995     17695399    187245.71
      81.599     0.999995     17695412    218453.33
      82.495     0.999996     17695426    262144.00
      83.007     0.999997     17695433    291271.11
      83.263     0.999997     17695439    327680.00
      83.519     0.999997     17695446    374491.43
      84.479     0.999998     17695455    436906.67
      84.991     0.999998     17695460    524288.00
      85.311     0.999998     17695463    582542.22
      86.143     0.999998     17695466    655360.00
      86.399     0.999999     17695470    748982.86
      86.911     0.999999     17695473    873813.33
      87.359     0.999999     17695477   1048576.00
      87.423     0.999999     17695478   1165084.44
      88.319     0.999999     17695480   1310720.00
      88.383     0.999999     17695482   1497965.71
      88.703     0.999999     17695483   1747626.67
      89.087     1.000000     17695486   2097152.00
      89.087     1.000000     17695486   2330168.89
      89.215     1.000000     17695487   2621440.00
      89.343     1.000000     17695488   2995931.43
      89.343     1.000000     17695488   3495253.33
      90.111     1.000000     17695489   4194304.00
      90.367     1.000000     17695492   4660337.78
      90.367     1.000000     17695492   5242880.00
      90.367     1.000000     17695492   5991862.86
      90.367     1.000000     17695492   6990506.67
      90.367     1.000000     17695492   8388608.00
      90.367     1.000000     17695492   9320675.55
      90.367     1.000000     17695492  10485760.00
      90.367     1.000000     17695492  11983725.71
      90.367     1.000000     17695492  13981013.34
      90.367     1.000000     17695492  16777216.00
      91.071     1.000000     17695493  18641351.10
      91.071     1.000000     17695493          inf
#[Mean    =        5.788, StdDeviation   =        9.750]
#[Max     =       91.008, Total count    =     17695493]
#[Buckets =           27, SubBuckets     =         2048]
----------------------------------------------------------
  17991903 requests in 10.00m, 3.00GB read
Requests/sec:  29986.57
Transfer/sec:      5.12MB
