Running 10m test @ http://localhost:9999/math/plus?x=1&y=2
  16 threads and 400 connections
  Thread calibration: mean lat.: 2.755ms, rate sampling interval: 10ms
  Thread calibration: mean lat.: 2.584ms, rate sampling interval: 10ms
  Thread calibration: mean lat.: 2.627ms, rate sampling interval: 10ms
  Thread calibration: mean lat.: 2.718ms, rate sampling interval: 11ms
  Thread calibration: mean lat.: 2.809ms, rate sampling interval: 11ms
  Thread calibration: mean lat.: 2.776ms, rate sampling interval: 10ms
  Thread calibration: mean lat.: 2.771ms, rate sampling interval: 10ms
  Thread calibration: mean lat.: 2.829ms, rate sampling interval: 11ms
  Thread calibration: mean lat.: 2.737ms, rate sampling interval: 11ms
  Thread calibration: mean lat.: 2.960ms, rate sampling interval: 12ms
  Thread calibration: mean lat.: 2.726ms, rate sampling interval: 10ms
  Thread calibration: mean lat.: 3.038ms, rate sampling interval: 10ms
  Thread calibration: mean lat.: 2.912ms, rate sampling interval: 11ms
  Thread calibration: mean lat.: 2.861ms, rate sampling interval: 11ms
  Thread calibration: mean lat.: 2.529ms, rate sampling interval: 10ms
  Thread calibration: mean lat.: 2.927ms, rate sampling interval: 11ms
  Thread Stats   Avg      Stdev     Max   +/- Stdev
    Latency     2.48ms    1.80ms  32.27ms   79.99%
    Req/Sec   657.61    564.29     2.78k    70.19%
  Latency Distribution (HdrHistogram - Recorded Latency)
 50.000%    1.95ms
 75.000%    3.22ms
 90.000%    4.82ms
 99.000%    8.67ms
 99.900%   13.77ms
 99.990%   19.01ms
 99.999%   22.93ms
100.000%   32.29ms

  Detailed Percentile spectrum:
       Value   Percentile   TotalCount 1/(1-Percentile)

       0.084     0.000000            1         1.00
       0.806     0.100000       591127         1.11
       1.106     0.200000      1179914         1.25
       1.360     0.300000      1771515         1.43
       1.629     0.400000      2359652         1.67
       1.949     0.500000      2950256         2.00
       2.141     0.550000      3245288         2.22
       2.361     0.600000      3540680         2.50
       2.609     0.650000      3834670         2.86
       2.893     0.700000      4130922         3.33
       3.223     0.750000      4425251         4.00
       3.411     0.775000      4572790         4.44
       3.619     0.800000      4719674         5.00
       3.857     0.825000      4866548         5.71
       4.123     0.850000      5014133         6.67
       4.435     0.875000      5163009         8.00
       4.611     0.887500      5235255         8.89
       4.815     0.900000      5309666        10.00
       5.043     0.912500      5382847        11.43
       5.307     0.925000      5456370        13.33
       5.623     0.937500      5530426        16.00
       5.807     0.943750      5567190        17.78
       6.015     0.950000      5603782        20.00
       6.251     0.956250      5640942        22.86
       6.515     0.962500      5677762        26.67
       6.819     0.968750      5714394        32.00
       6.991     0.971875      5732914        35.56
       7.179     0.975000      5751150        40.00
       7.391     0.978125      5769615        45.71
       7.639     0.981250      5788208        53.33
       7.931     0.984375      5806663        64.00
       8.095     0.985938      5815749        71.11
       8.287     0.987500      5824891        80.00
       8.519     0.989062      5834294        91.43
       8.783     0.990625      5843319       106.67
       9.119     0.992188      5852698       128.00
       9.311     0.992969      5857248       142.22
       9.527     0.993750      5861765       160.00
       9.791     0.994531      5866441       182.86
      10.111     0.995313      5871036       213.33
      10.495     0.996094      5875613       256.00
      10.727     0.996484      5877897       284.44
      10.975     0.996875      5880168       320.00
      11.287     0.997266      5882519       365.71
      11.639     0.997656      5884816       426.67
      12.055     0.998047      5887099       512.00
      12.303     0.998242      5888259       568.89
      12.599     0.998437      5889387       640.00
      12.935     0.998633      5890538       731.43
      13.351     0.998828      5891693       853.33
      13.839     0.999023      5892847      1024.00
      14.119     0.999121      5893416      1137.78
      14.431     0.999219      5894001      1280.00
      14.783     0.999316      5894574      1462.86
      15.199     0.999414      5895143      1706.67
      15.639     0.999512      5895716      2048.00
      15.887     0.999561      5896006      2275.56
      16.135     0.999609      5896298      2560.00
      16.415     0.999658      5896582      2925.71
      16.735     0.999707      5896872      3413.33
      17.135     0.999756      5897162      4096.00
      17.375     0.999780      5897304      4551.11
      17.631     0.999805      5897449      5120.00
      17.871     0.999829      5897588      5851.43
      18.207     0.999854      5897733      6826.67
      18.607     0.999878      5897877      8192.00
      18.847     0.999890      5897956      9102.22
      19.055     0.999902      5898022     10240.00
      19.327     0.999915      5898098     11702.86
      19.615     0.999927      5898164     13653.33
      19.935     0.999939      5898236     16384.00
      20.095     0.999945      5898273     18204.44
      20.319     0.999951      5898311     20480.00
      20.527     0.999957      5898344     23405.71
      20.847     0.999963      5898380     27306.67
      21.167     0.999969      5898417     32768.00
      21.327     0.999973      5898434     36408.89
      21.519     0.999976      5898452     40960.00
      21.807     0.999979      5898470     46811.43
      21.999     0.999982      5898489     54613.33
      22.383     0.999985      5898506     65536.00
      22.623     0.999986      5898515     72817.78
      22.799     0.999988      5898525     81920.00
      22.895     0.999989      5898533     93622.86
      23.103     0.999991      5898542    109226.67
      23.791     0.999992      5898551    131072.00
      24.111     0.999993      5898556    145635.56
      24.559     0.999994      5898560    163840.00
      25.167     0.999995      5898565    187245.71
      25.631     0.999995      5898569    218453.33
      26.127     0.999996      5898574    262144.00
      26.927     0.999997      5898576    291271.11
      27.055     0.999997      5898578    327680.00
      27.695     0.999997      5898581    374491.43
      28.143     0.999998      5898583    436906.67
      28.367     0.999998      5898585    524288.00
      28.703     0.999998      5898587    582542.22
      28.703     0.999998      5898587    655360.00
      28.783     0.999999      5898589    748982.86
      29.119     0.999999      5898590    873813.33
      29.359     0.999999      5898591   1048576.00
      29.359     0.999999      5898591   1165084.44
      29.903     0.999999      5898592   1310720.00
      30.639     0.999999      5898593   1497965.71
      30.639     0.999999      5898593   1747626.67
      30.751     1.000000      5898594   2097152.00
      30.751     1.000000      5898594   2330168.89
      30.751     1.000000      5898594   2621440.00
      30.959     1.000000      5898595   2995931.43
      30.959     1.000000      5898595   3495253.33
      30.959     1.000000      5898595   4194304.00
      30.959     1.000000      5898595   4660337.78
      30.959     1.000000      5898595   5242880.00
      32.287     1.000000      5898596   5991862.86
      32.287     1.000000      5898596          inf
#[Mean    =        2.476, StdDeviation   =        1.804]
#[Max     =       32.272, Total count    =      5898596]
#[Buckets =           27, SubBuckets     =         2048]
----------------------------------------------------------
  5998252 requests in 10.00m, 1.00GB read
Requests/sec:   9997.08
Transfer/sec:      1.71MB
