Running 10m test @ http://localhost:9999/math/plus?x=1&y=2
  16 threads and 400 connections
  Thread calibration: mean lat.: 1.381ms, rate sampling interval: 10ms
  Thread calibration: mean lat.: 1.370ms, rate sampling interval: 10ms
  Thread calibration: mean lat.: 1.348ms, rate sampling interval: 10ms
  Thread calibration: mean lat.: 1.380ms, rate sampling interval: 10ms
  Thread calibration: mean lat.: 1.429ms, rate sampling interval: 10ms
  Thread calibration: mean lat.: 1.407ms, rate sampling interval: 10ms
  Thread calibration: mean lat.: 1.376ms, rate sampling interval: 10ms
  Thread calibration: mean lat.: 1.260ms, rate sampling interval: 10ms
  Thread calibration: mean lat.: 1.364ms, rate sampling interval: 10ms
  Thread calibration: mean lat.: 1.359ms, rate sampling interval: 10ms
  Thread calibration: mean lat.: 1.320ms, rate sampling interval: 10ms
  Thread calibration: mean lat.: 1.286ms, rate sampling interval: 10ms
  Thread calibration: mean lat.: 1.421ms, rate sampling interval: 10ms
  Thread calibration: mean lat.: 1.325ms, rate sampling interval: 10ms
  Thread calibration: mean lat.: 1.321ms, rate sampling interval: 10ms
  Thread calibration: mean lat.: 1.455ms, rate sampling interval: 10ms
  Thread Stats   Avg      Stdev     Max   +/- Stdev
    Latency     1.23ms    1.23ms  89.86ms   95.58%
    Req/Sec     1.98k   391.07     5.55k    65.31%
  Latency Distribution (HdrHistogram - Recorded Latency)
 50.000%    1.07ms
 75.000%    1.46ms
 90.000%    1.94ms
 99.000%    4.92ms
 99.900%   17.20ms
 99.990%   34.43ms
 99.999%   53.47ms
100.000%   89.92ms

  Detailed Percentile spectrum:
       Value   Percentile   TotalCount 1/(1-Percentile)

       0.075     0.000000            1         1.00
       0.441     0.100000      1771479         1.11
       0.627     0.200000      3546839         1.25
       0.782     0.300000      5309488         1.43
       0.927     0.400000      7089331         1.67
       1.066     0.500000      8850696         2.00
       1.135     0.550000      9735315         2.22
       1.206     0.600000     10622504         2.50
       1.282     0.650000     11505591         2.86
       1.366     0.700000     12393288         3.33
       1.462     0.750000     13280060         4.00
       1.516     0.775000     13716225         4.44
       1.577     0.800000     14159006         5.00
       1.646     0.825000     14603613         5.71
       1.725     0.850000     15044825         6.67
       1.820     0.875000     15487846         8.00
       1.875     0.887500     15707352         8.89
       1.939     0.900000     15929654        10.00
       2.013     0.912500     16147798        11.43
       2.105     0.925000     16372890        13.33
       2.219     0.937500     16592242        16.00
       2.289     0.943750     16702844        17.78
       2.369     0.950000     16811682        20.00
       2.467     0.956250     16922508        22.86
       2.591     0.962500     17033954        26.67
       2.753     0.968750     17143748        32.00
       2.865     0.971875     17199206        35.56
       3.005     0.975000     17254377        40.00
       3.185     0.978125     17309335        45.71
       3.421     0.981250     17364521        53.33
       3.763     0.984375     17419717        64.00
       3.997     0.985938     17447396        71.11
       4.291     0.987500     17475271        80.00
       4.655     0.989062     17502697        91.43
       5.103     0.990625     17530337       106.67
       5.615     0.992188     17558033       128.00
       5.975     0.992969     17571854       142.22
       6.471     0.993750     17585593       160.00
       7.099     0.994531     17599447       182.86
       7.951     0.995313     17613272       213.33
       8.871     0.996094     17627101       256.00
       9.311     0.996484     17634023       284.44
       9.911     0.996875     17640907       320.00
      10.703     0.997266     17647815       365.71
      11.631     0.997656     17654722       426.67
      12.831     0.998047     17661658       512.00
      13.487     0.998242     17665118       568.89
      14.247     0.998437     17668554       640.00
      15.087     0.998633     17671999       731.43
      16.135     0.998828     17675457       853.33
      17.343     0.999023     17678923      1024.00
      17.967     0.999121     17680635      1137.78
      18.783     0.999219     17682395      1280.00
      19.727     0.999316     17684096      1462.86
      20.895     0.999414     17685829      1706.67
      22.207     0.999512     17687567      2048.00
      22.927     0.999561     17688423      2275.56
      23.823     0.999609     17689283      2560.00
      24.735     0.999658     17690148      2925.71
      25.839     0.999707     17691005      3413.33
      27.327     0.999756     17691870      4096.00
      28.191     0.999780     17692303      4551.11
      29.167     0.999805     17692734      5120.00
      30.207     0.999829     17693165      5851.43
      31.455     0.999854     17693596      6826.67
      32.863     0.999878     17694031      8192.00
      33.727     0.999890     17694253      9102.22
      34.623     0.999902     17694460     10240.00
      35.807     0.999915     17694680     11702.86
      36.959     0.999927     17694893     13653.33
      38.495     0.999939     17695110     16384.00
      39.423     0.999945     17695216     18204.44
      40.223     0.999951     17695327     20480.00
      41.343     0.999957     17695433     23405.71
      42.559     0.999963     17695540     27306.67
      44.031     0.999969     17695651     32768.00
      44.831     0.999973     17695705     36408.89
      45.855     0.999976     17695757     40960.00
      46.847     0.999979     17695813     46811.43
      47.967     0.999982     17695866     54613.33
      49.087     0.999985     17695918     65536.00
      50.015     0.999986     17695945     72817.78
      51.679     0.999988     17695972     81920.00
      52.863     0.999989     17695999     93622.86
      54.943     0.999991     17696026    109226.67
      56.959     0.999992     17696054    131072.00
      58.463     0.999993     17696067    145635.56
      60.799     0.999994     17696080    163840.00
      63.615     0.999995     17696094    187245.71
      65.663     0.999995     17696109    218453.33
      69.631     0.999996     17696121    262144.00
      71.423     0.999997     17696128    291271.11
      72.703     0.999997     17696134    327680.00
      76.095     0.999997     17696141    374491.43
      77.567     0.999998     17696148    436906.67
      79.487     0.999998     17696155    524288.00
      80.063     0.999998     17696159    582542.22
      80.383     0.999998     17696161    655360.00
      80.639     0.999999     17696165    748982.86
      81.599     0.999999     17696168    873813.33
      82.367     0.999999     17696173   1048576.00
      82.367     0.999999     17696173   1165084.44
      82.431     0.999999     17696175   1310720.00
      83.199     0.999999     17696177   1497965.71
      83.519     0.999999     17696178   1747626.67
      83.775     1.000000     17696180   2097152.00
      83.839     1.000000     17696181   2330168.89
      83.967     1.000000     17696182   2621440.00
      84.095     1.000000     17696183   2995931.43
      84.095     1.000000     17696183   3495253.33
      84.607     1.000000     17696184   4194304.00
      84.671     1.000000     17696185   4660337.78
      84.671     1.000000     17696185   5242880.00
      84.991     1.000000     17696186   5991862.86
      84.991     1.000000     17696186   6990506.67
      84.991     1.000000     17696186   8388608.00
      87.039     1.000000     17696187   9320675.55
      87.039     1.000000     17696187  10485760.00
      87.039     1.000000     17696187  11983725.71
      87.039     1.000000     17696187  13981013.34
      87.039     1.000000     17696187  16777216.00
      89.919     1.000000     17696188  18641351.10
      89.919     1.000000     17696188          inf
#[Mean    =        1.227, StdDeviation   =        1.231]
#[Max     =       89.856, Total count    =     17696188]
#[Buckets =           27, SubBuckets     =         2048]
----------------------------------------------------------
  17998099 requests in 10.00m, 3.00GB read
Requests/sec:  29996.89
Transfer/sec:      5.12MB
