Running 10m test @ http://localhost:9999/math/plus?x=1&y=2
  16 threads and 400 connections
  Thread calibration: mean lat.: 1.702ms, rate sampling interval: 10ms
  Thread calibration: mean lat.: 1.643ms, rate sampling interval: 10ms
  Thread calibration: mean lat.: 1.660ms, rate sampling interval: 10ms
  Thread calibration: mean lat.: 1.704ms, rate sampling interval: 10ms
  Thread calibration: mean lat.: 1.621ms, rate sampling interval: 10ms
  Thread calibration: mean lat.: 1.631ms, rate sampling interval: 10ms
  Thread calibration: mean lat.: 1.634ms, rate sampling interval: 10ms
  Thread calibration: mean lat.: 1.711ms, rate sampling interval: 10ms
  Thread calibration: mean lat.: 1.703ms, rate sampling interval: 10ms
  Thread calibration: mean lat.: 1.599ms, rate sampling interval: 10ms
  Thread calibration: mean lat.: 1.714ms, rate sampling interval: 10ms
  Thread calibration: mean lat.: 1.642ms, rate sampling interval: 10ms
  Thread calibration: mean lat.: 1.757ms, rate sampling interval: 10ms
  Thread calibration: mean lat.: 1.681ms, rate sampling interval: 10ms
  Thread calibration: mean lat.: 1.625ms, rate sampling interval: 10ms
  Thread calibration: mean lat.: 1.738ms, rate sampling interval: 10ms
  Thread Stats   Avg      Stdev     Max   +/- Stdev
    Latency     1.46ms    2.35ms  88.58ms   95.81%
    Req/Sec     1.98k   519.76     8.89k    72.06%
  Latency Distribution (HdrHistogram - Recorded Latency)
 50.000%    1.08ms
 75.000%    1.47ms
 90.000%    1.93ms
 99.000%   12.10ms
 99.900%   30.13ms
 99.990%   45.63ms
 99.999%   64.38ms
100.000%   88.64ms

  Detailed Percentile spectrum:
       Value   Percentile   TotalCount 1/(1-Percentile)

       0.070     0.000000            1         1.00
       0.439     0.100000      1775743         1.11
       0.626     0.200000      3545934         1.25
       0.787     0.300000      5320070         1.43
       0.935     0.400000      7090812         1.67
       1.076     0.500000      8855111         2.00
       1.146     0.550000      9736752         2.22
       1.218     0.600000     10623644         2.50
       1.293     0.650000     11505605         2.86
       1.374     0.700000     12391157         3.33
       1.466     0.750000     13280047         4.00
       1.518     0.775000     13721235         4.44
       1.576     0.800000     14163508         5.00
       1.641     0.825000     14604938         5.71
       1.716     0.850000     15043276         6.67
       1.809     0.875000     15485932         8.00
       1.866     0.887500     15705875         8.89
       1.935     0.900000     15927528        10.00
       2.024     0.912500     16148427        11.43
       2.153     0.925000     16369020        13.33
       2.385     0.937500     16590822        16.00
       2.593     0.943750     16701500        17.78
       2.961     0.950000     16811611        20.00
       3.591     0.956250     16922215        22.86
       4.431     0.962500     17032833        26.67
       5.423     0.968750     17143441        32.00
       5.955     0.971875     17198680        35.56
       6.643     0.975000     17253934        40.00
       7.427     0.978125     17309326        45.71
       8.287     0.981250     17364591        53.33
       9.303     0.984375     17419735        64.00
       9.927     0.985938     17447535        71.11
      10.647     0.987500     17475020        80.00
      11.463     0.989062     17502784        91.43
      12.567     0.990625     17530462       106.67
      14.055     0.992188     17558032       128.00
      14.991     0.992969     17571831       142.22
      16.023     0.993750     17585646       160.00
      17.167     0.994531     17599575       182.86
      18.479     0.995313     17613257       213.33
      20.015     0.996094     17627162       256.00
      20.863     0.996484     17634059       284.44
      21.775     0.996875     17640895       320.00
      22.831     0.997266     17647870       365.71
      23.967     0.997656     17654743       426.67
      25.295     0.998047     17661672       512.00
      26.047     0.998242     17665154       568.89
      26.911     0.998437     17668599       640.00
      27.903     0.998633     17672024       731.43
      29.039     0.998828     17675470       853.33
      30.287     0.999023     17678919      1024.00
      31.007     0.999121     17680674      1137.78
      31.791     0.999219     17682386      1280.00
      32.671     0.999316     17684099      1462.86
      33.695     0.999414     17685851      1706.67
      34.911     0.999512     17687565      2048.00
      35.615     0.999561     17688419      2275.56
      36.415     0.999609     17689283      2560.00
      37.311     0.999658     17690146      2925.71
      38.367     0.999707     17691023      3413.33
      39.519     0.999756     17691877      4096.00
      40.223     0.999780     17692313      4551.11
      41.055     0.999805     17692753      5120.00
      41.919     0.999829     17693171      5851.43
      42.911     0.999854     17693609      6826.67
      44.159     0.999878     17694034      8192.00
      44.959     0.999890     17694254      9102.22
      45.823     0.999902     17694470     10240.00
      46.815     0.999915     17694682     11702.86
      48.191     0.999927     17694900     13653.33
      49.631     0.999939     17695116     16384.00
      50.495     0.999945     17695226     18204.44
      51.487     0.999951     17695334     20480.00
      52.479     0.999957     17695439     23405.71
      54.047     0.999963     17695548     27306.67
      55.647     0.999969     17695657     32768.00
      56.415     0.999973     17695709     36408.89
      57.439     0.999976     17695762     40960.00
      58.719     0.999979     17695816     46811.43
      59.743     0.999982     17695870     54613.33
      61.247     0.999985     17695924     65536.00
      62.175     0.999986     17695951     72817.78
      63.103     0.999988     17695978     81920.00
      63.775     0.999989     17696005     93622.86
      64.959     0.999991     17696032    109226.67
      66.559     0.999992     17696059    131072.00
      67.647     0.999993     17696074    145635.56
      68.479     0.999994     17696087    163840.00
      69.503     0.999995     17696100    187245.71
      70.719     0.999995     17696113    218453.33
      72.127     0.999996     17696129    262144.00
      72.895     0.999997     17696134    291271.11
      73.663     0.999997     17696140    327680.00
      74.495     0.999997     17696147    374491.43
      75.967     0.999998     17696155    436906.67
      76.991     0.999998     17696161    524288.00
      77.311     0.999998     17696164    582542.22
      77.567     0.999998     17696167    655360.00
      77.887     0.999999     17696171    748982.86
      78.271     0.999999     17696174    873813.33
      80.255     0.999999     17696178   1048576.00
      80.383     0.999999     17696179   1165084.44
      80.639     0.999999     17696181   1310720.00
      81.151     0.999999     17696183   1497965.71
      81.471     0.999999     17696184   1747626.67
      82.815     1.000000     17696186   2097152.00
      82.879     1.000000     17696187   2330168.89
      84.863     1.000000     17696188   2621440.00
      84.927     1.000000     17696189   2995931.43
      84.927     1.000000     17696189   3495253.33
      86.527     1.000000     17696190   4194304.00
      86.591     1.000000     17696192   4660337.78
      86.591     1.000000     17696192   5242880.00
      86.591     1.000000     17696192   5991862.86
      86.591     1.000000     17696192   6990506.67
      86.591     1.000000     17696192   8388608.00
      88.383     1.000000     17696193   9320675.55
      88.383     1.000000     17696193  10485760.00
      88.383     1.000000     17696193  11983725.71
      88.383     1.000000     17696193  13981013.34
      88.383     1.000000     17696193  16777216.00
      88.639     1.000000     17696194  18641351.10
      88.639     1.000000     17696194          inf
#[Mean    =        1.465, StdDeviation   =        2.354]
#[Max     =       88.576, Total count    =     17696194]
#[Buckets =           27, SubBuckets     =         2048]
----------------------------------------------------------
  17996240 requests in 10.00m, 3.00GB read
Requests/sec:  29993.73
Transfer/sec:      5.12MB
