Running 10m test @ http://localhost:9999/math/plus?x=1&y=2
  16 threads and 400 connections
  Thread calibration: mean lat.: 2.260ms, rate sampling interval: 10ms
  Thread calibration: mean lat.: 2.343ms, rate sampling interval: 10ms
  Thread calibration: mean lat.: 2.222ms, rate sampling interval: 10ms
  Thread calibration: mean lat.: 2.405ms, rate sampling interval: 10ms
  Thread calibration: mean lat.: 2.483ms, rate sampling interval: 10ms
  Thread calibration: mean lat.: 2.352ms, rate sampling interval: 10ms
  Thread calibration: mean lat.: 2.351ms, rate sampling interval: 10ms
  Thread calibration: mean lat.: 2.369ms, rate sampling interval: 10ms
  Thread calibration: mean lat.: 2.306ms, rate sampling interval: 10ms
  Thread calibration: mean lat.: 2.306ms, rate sampling interval: 10ms
  Thread calibration: mean lat.: 2.354ms, rate sampling interval: 10ms
  Thread calibration: mean lat.: 2.113ms, rate sampling interval: 10ms
  Thread calibration: mean lat.: 2.315ms, rate sampling interval: 10ms
  Thread calibration: mean lat.: 2.214ms, rate sampling interval: 10ms
  Thread calibration: mean lat.: 2.214ms, rate sampling interval: 10ms
  Thread calibration: mean lat.: 2.330ms, rate sampling interval: 10ms
  Thread Stats   Avg      Stdev     Max   +/- Stdev
    Latency     2.21ms    2.42ms  89.15ms   92.07%
    Req/Sec     1.32k   582.68     5.33k    70.23%
  Latency Distribution (HdrHistogram - Recorded Latency)
 50.000%    1.61ms
 75.000%    2.47ms
 90.000%    3.94ms
 99.000%   12.77ms
 99.900%   24.45ms
 99.990%   39.46ms
 99.999%   60.19ms
100.000%   89.21ms

  Detailed Percentile spectrum:
       Value   Percentile   TotalCount 1/(1-Percentile)

       0.074     0.000000            1         1.00
       0.613     0.100000      1180082         1.11
       0.889     0.200000      2362767         1.25
       1.127     0.300000      3540448         1.43
       1.357     0.400000      4721931         1.67
       1.611     0.500000      5901713         2.00
       1.749     0.550000      6492062         2.22
       1.898     0.600000      7081168         2.50
       2.065     0.650000      7672272         2.86
       2.253     0.700000      8258606         3.33
       2.473     0.750000      8851059         4.00
       2.599     0.775000      9144092         4.44
       2.745     0.800000      9438948         5.00
       2.919     0.825000      9734346         5.71
       3.137     0.850000     10028471         6.67
       3.433     0.875000     10324321         8.00
       3.643     0.887500     10471199         8.89
       3.943     0.900000     10618413        10.00
       4.323     0.912500     10765423        11.43
       4.823     0.925000     10913476        13.33
       5.447     0.937500     11060581        16.00
       5.827     0.943750     11134110        17.78
       6.287     0.950000     11208022        20.00
       6.851     0.956250     11281276        22.86
       7.523     0.962500     11355329        26.67
       8.295     0.968750     11428730        32.00
       8.759     0.971875     11465699        35.56
       9.271     0.975000     11503062        40.00
       9.807     0.978125     11539561        45.71
      10.407     0.981250     11576540        53.33
      11.079     0.984375     11613199        64.00
      11.463     0.985938     11631715        71.11
      11.903     0.987500     11650061        80.00
      12.407     0.989062     11668524        91.43
      13.031     0.990625     11686823       106.67
      13.775     0.992188     11705309       128.00
      14.191     0.992969     11714596       142.22
      14.631     0.993750     11723714       160.00
      15.135     0.994531     11732903       182.86
      15.719     0.995313     11742160       213.33
      16.415     0.996094     11751426       256.00
      16.831     0.996484     11756077       284.44
      17.295     0.996875     11760630       320.00
      17.887     0.997266     11765221       365.71
      18.623     0.997656     11769802       426.67
      19.567     0.998047     11774381       512.00
      20.175     0.998242     11776702       568.89
      21.071     0.998437     11778971       640.00
      22.207     0.998633     11781289       731.43
      23.327     0.998828     11783568       853.33
      24.607     0.999023     11785877      1024.00
      25.327     0.999121     11787048      1137.78
      26.143     0.999219     11788181      1280.00
      27.039     0.999316     11789332      1462.86
      28.079     0.999414     11790493      1706.67
      29.279     0.999512     11791646      2048.00
      29.919     0.999561     11792215      2275.56
      30.655     0.999609     11792788      2560.00
      31.439     0.999658     11793366      2925.71
      32.335     0.999707     11793941      3413.33
      33.503     0.999756     11794514      4096.00
      34.239     0.999780     11794809      4551.11
      35.071     0.999805     11795094      5120.00
      36.127     0.999829     11795385      5851.43
      37.119     0.999854     11795666      6826.67
      38.271     0.999878     11795955      8192.00
      38.879     0.999890     11796101      9102.22
      39.583     0.999902     11796243     10240.00
      40.383     0.999915     11796387     11702.86
      41.599     0.999927     11796530     13653.33
      43.391     0.999939     11796673     16384.00
      44.479     0.999945     11796745     18204.44
      45.471     0.999951     11796818     20480.00
      46.495     0.999957     11796891     23405.71
      47.711     0.999963     11796966     27306.67
      49.311     0.999969     11797033     32768.00
      50.655     0.999973     11797069     36408.89
      51.551     0.999976     11797105     40960.00
      52.703     0.999979     11797141     46811.43
      53.727     0.999982     11797178     54613.33
      55.327     0.999985     11797213     65536.00
      56.127     0.999986     11797231     72817.78
      57.599     0.999988     11797249     81920.00
      59.359     0.999989     11797267     93622.86
      61.727     0.999991     11797285    109226.67
      63.679     0.999992     11797307    131072.00
      64.223     0.999993     11797313    145635.56
      65.151     0.999994     11797321    163840.00
      65.535     0.999995     11797330    187245.71
      66.687     0.999995     11797339    218453.33
      67.647     0.999996     11797348    262144.00
      68.351     0.999997     11797353    291271.11
      68.543     0.999997     11797357    327680.00
      69.375     0.999997     11797362    374491.43
      71.039     0.999998     11797366    436906.67
      72.255     0.999998     11797371    524288.00
      72.639     0.999998     11797375    582542.22
      72.639     0.999998     11797375    655360.00
      75.327     0.999999     11797378    748982.86
      76.031     0.999999     11797380    873813.33
      78.911     0.999999     11797382   1048576.00
      80.255     0.999999     11797383   1165084.44
      80.447     0.999999     11797384   1310720.00
      84.927     0.999999     11797386   1497965.71
      85.055     0.999999     11797387   1747626.67
      86.399     1.000000     11797388   2097152.00
      86.399     1.000000     11797388   2330168.89
      88.319     1.000000     11797389   2621440.00
      88.831     1.000000     11797390   2995931.43
      88.831     1.000000     11797390   3495253.33
      88.959     1.000000     11797392   4194304.00
      88.959     1.000000     11797392   4660337.78
      88.959     1.000000     11797392   5242880.00
      88.959     1.000000     11797392   5991862.86
      88.959     1.000000     11797392   6990506.67
      88.959     1.000000     11797392   8388608.00
      88.959     1.000000     11797392   9320675.55
      88.959     1.000000     11797392  10485760.00
      89.215     1.000000     11797393  11983725.71
      89.215     1.000000     11797393          inf
#[Mean    =        2.212, StdDeviation   =        2.417]
#[Max     =       89.152, Total count    =     11797393]
#[Buckets =           27, SubBuckets     =         2048]
----------------------------------------------------------
  11996318 requests in 10.00m, 2.00GB read
Requests/sec:  19993.89
Transfer/sec:      3.41MB
