Running 10m test @ http://localhost:9999/math/plus?x=1&y=2
  16 threads and 400 connections
  Thread calibration: mean lat.: 1.816ms, rate sampling interval: 10ms
  Thread calibration: mean lat.: 1.832ms, rate sampling interval: 10ms
  Thread calibration: mean lat.: 1.766ms, rate sampling interval: 10ms
  Thread calibration: mean lat.: 1.762ms, rate sampling interval: 10ms
  Thread calibration: mean lat.: 1.775ms, rate sampling interval: 10ms
  Thread calibration: mean lat.: 1.802ms, rate sampling interval: 10ms
  Thread calibration: mean lat.: 1.879ms, rate sampling interval: 10ms
  Thread calibration: mean lat.: 1.804ms, rate sampling interval: 10ms
  Thread calibration: mean lat.: 3.323ms, rate sampling interval: 12ms
  Thread calibration: mean lat.: 1.819ms, rate sampling interval: 10ms
  Thread calibration: mean lat.: 1.980ms, rate sampling interval: 10ms
  Thread calibration: mean lat.: 1.683ms, rate sampling interval: 10ms
  Thread calibration: mean lat.: 3.377ms, rate sampling interval: 11ms
  Thread calibration: mean lat.: 1.859ms, rate sampling interval: 10ms
  Thread calibration: mean lat.: 1.880ms, rate sampling interval: 10ms
  Thread calibration: mean lat.: 1.830ms, rate sampling interval: 10ms
  Thread Stats   Avg      Stdev     Max   +/- Stdev
    Latency     2.20ms    8.51ms   1.00s    99.23%
    Req/Sec   658.54    492.13     3.00k    75.44%
  Latency Distribution (HdrHistogram - Recorded Latency)
 50.000%    1.47ms
 75.000%    2.43ms
 90.000%    4.39ms
 99.000%    9.74ms
 99.900%   17.73ms
 99.990%  523.01ms
 99.999%  953.34ms
100.000%    1.00s 

  Detailed Percentile spectrum:
       Value   Percentile   TotalCount 1/(1-Percentile)

       0.084     0.000000            2         1.00
       0.637     0.100000       590363         1.11
       0.879     0.200000      1181201         1.25
       1.082     0.300000      1770375         1.43
       1.266     0.400000      2361661         1.67
       1.465     0.500000      2951741         2.00
       1.584     0.550000      3244551         2.22
       1.723     0.600000      3541053         2.50
       1.888     0.650000      3834590         2.86
       2.109     0.700000      4129324         3.33
       2.431     0.750000      4424851         4.00
       2.645     0.775000      4571726         4.44
       2.901     0.800000      4719788         5.00
       3.195     0.825000      4866845         5.71
       3.531     0.850000      5013923         6.67
       3.927     0.875000      5161893         8.00
       4.147     0.887500      5235635         8.89
       4.391     0.900000      5309393        10.00
       4.671     0.912500      5383319        11.43
       4.995     0.925000      5456481        13.33
       5.395     0.937500      5530639        16.00
       5.631     0.943750      5567332        17.78
       5.903     0.950000      5603866        20.00
       6.223     0.956250      5641035        22.86
       6.591     0.962500      5677625        26.67
       7.011     0.968750      5714471        32.00
       7.247     0.971875      5732985        35.56
       7.503     0.975000      5751435        40.00
       7.787     0.978125      5769843        45.71
       8.111     0.981250      5788154        53.33
       8.519     0.984375      5806513        64.00
       8.783     0.985938      5815939        71.11
       9.087     0.987500      5825003        80.00
       9.463     0.989062      5834181        91.43
       9.951     0.990625      5843375       106.67
      10.647     0.992188      5852601       128.00
      11.071     0.992969      5857261       142.22
      11.503     0.993750      5861794       160.00
      11.927     0.994531      5866402       182.86
      12.407     0.995313      5871057       213.33
      13.055     0.996094      5875651       256.00
      13.455     0.996484      5877925       284.44
      13.919     0.996875      5880255       320.00
      14.423     0.997266      5882534       365.71
      14.999     0.997656      5884842       426.67
      15.583     0.998047      5887141       512.00
      15.911     0.998242      5888298       568.89
      16.263     0.998437      5889450       640.00
      16.703     0.998633      5890630       731.43
      17.199     0.998828      5891756       853.33
      17.807     0.999023      5892912      1024.00
      18.175     0.999121      5893501      1137.78
      18.607     0.999219      5894060      1280.00
      19.151     0.999316      5894643      1462.86
      19.727     0.999414      5895212      1706.67
      20.383     0.999512      5895781      2048.00
      20.783     0.999561      5896083      2275.56
      21.295     0.999609      5896360      2560.00
      21.983     0.999658      5896646      2925.71
      22.991     0.999707      5896932      3413.33
      26.447     0.999756      5897221      4096.00
      35.359     0.999780      5897365      4551.11
      68.671     0.999805      5897508      5120.00
     182.783     0.999829      5897654      5851.43
     302.335     0.999854      5897796      6826.67
     417.791     0.999878      5897940      8192.00
     472.319     0.999890      5898012      9102.22
     528.895     0.999902      5898084     10240.00
     588.799     0.999915      5898156     11702.86
     646.655     0.999927      5898228     13653.33
     702.975     0.999939      5898305     16384.00
     732.159     0.999945      5898337     18204.44
     762.367     0.999951      5898375     20480.00
     787.967     0.999957      5898410     23405.71
     821.247     0.999963      5898445     27306.67
     843.263     0.999969      5898480     32768.00
     862.719     0.999973      5898504     36408.89
     877.567     0.999976      5898516     40960.00
     888.831     0.999979      5898534     46811.43
     905.215     0.999982      5898552     54613.33
     923.135     0.999985      5898571     65536.00
     927.231     0.999986      5898580     72817.78
     942.591     0.999988      5898588     81920.00
     950.783     0.999989      5898597     93622.86
     957.951     0.999991      5898607    109226.67
     962.559     0.999992      5898615    131072.00
     965.631     0.999993      5898622    145635.56
     966.143     0.999994      5898625    163840.00
     968.703     0.999995      5898629    187245.71
     972.287     0.999995      5898633    218453.33
     979.967     0.999996      5898638    262144.00
     980.479     0.999997      5898640    291271.11
     982.015     0.999997      5898642    327680.00
     984.575     0.999997      5898648    374491.43
     984.575     0.999998      5898648    436906.67
     985.087     0.999998      5898650    524288.00
     985.087     0.999998      5898650    582542.22
     985.599     0.999998      5898651    655360.00
     987.647     0.999999      5898654    748982.86
     987.647     0.999999      5898654    873813.33
     988.671     0.999999      5898655   1048576.00
     988.671     0.999999      5898655   1165084.44
     996.351     0.999999      5898656   1310720.00
    1001.983     0.999999      5898657   1497965.71
    1001.983     0.999999      5898657   1747626.67
    1002.495     1.000000      5898658   2097152.00
    1002.495     1.000000      5898658   2330168.89
    1002.495     1.000000      5898658   2621440.00
    1003.007     1.000000      5898659   2995931.43
    1003.007     1.000000      5898659   3495253.33
    1003.007     1.000000      5898659   4194304.00
    1003.007     1.000000      5898659   4660337.78
    1003.007     1.000000      5898659   5242880.00
    1003.519     1.000000      5898660   5991862.86
    1003.519     1.000000      5898660          inf
#[Mean    =        2.202, StdDeviation   =        8.514]
#[Max     =     1003.008, Total count    =      5898660]
#[Buckets =           27, SubBuckets     =         2048]
----------------------------------------------------------
  5997740 requests in 10.00m, 1.00GB read
Requests/sec:   9996.23
Transfer/sec:      1.71MB
