Running 10m test @ http://localhost:9999/math/plus?x=1&y=2
  16 threads and 400 connections
  Thread calibration: mean lat.: 1.568ms, rate sampling interval: 10ms
  Thread calibration: mean lat.: 1.547ms, rate sampling interval: 10ms
  Thread calibration: mean lat.: 1.576ms, rate sampling interval: 10ms
  Thread calibration: mean lat.: 1.502ms, rate sampling interval: 10ms
  Thread calibration: mean lat.: 1.449ms, rate sampling interval: 10ms
  Thread calibration: mean lat.: 1.490ms, rate sampling interval: 10ms
  Thread calibration: mean lat.: 1.477ms, rate sampling interval: 10ms
  Thread calibration: mean lat.: 1.531ms, rate sampling interval: 10ms
  Thread calibration: mean lat.: 1.509ms, rate sampling interval: 10ms
  Thread calibration: mean lat.: 1.560ms, rate sampling interval: 10ms
  Thread calibration: mean lat.: 1.533ms, rate sampling interval: 10ms
  Thread calibration: mean lat.: 1.520ms, rate sampling interval: 10ms
  Thread calibration: mean lat.: 1.553ms, rate sampling interval: 10ms
  Thread calibration: mean lat.: 1.503ms, rate sampling interval: 10ms
  Thread calibration: mean lat.: 1.472ms, rate sampling interval: 10ms
  Thread calibration: mean lat.: 1.611ms, rate sampling interval: 10ms
  Thread Stats   Avg      Stdev     Max   +/- Stdev
    Latency     1.35ms    1.67ms  82.82ms   95.48%
    Req/Sec     1.32k   548.95     5.22k    73.26%
  Latency Distribution (HdrHistogram - Recorded Latency)
 50.000%    1.08ms
 75.000%    1.47ms
 90.000%    1.92ms
 99.000%    8.71ms
 99.900%   20.09ms
 99.990%   42.05ms
 99.999%   61.85ms
100.000%   82.88ms

  Detailed Percentile spectrum:
       Value   Percentile   TotalCount 1/(1-Percentile)

       0.074     0.000000            1         1.00
       0.438     0.100000      1184536         1.11
       0.631     0.200000      2362929         1.25
       0.793     0.300000      3545437         1.43
       0.941     0.400000      4721899         1.67
       1.080     0.500000      5899366         2.00
       1.148     0.550000      6492203         2.22
       1.217     0.600000      7080075         2.50
       1.293     0.650000      7674165         2.86
       1.374     0.700000      8259549         3.33
       1.467     0.750000      8852200         4.00
       1.519     0.775000      9144477         4.44
       1.577     0.800000      9442167         5.00
       1.640     0.825000      9734972         5.71
       1.712     0.850000     10028576         6.67
       1.801     0.875000     10325116         8.00
       1.856     0.887500     10472767         8.89
       1.922     0.900000     10619004        10.00
       2.008     0.912500     10766381        11.43
       2.131     0.925000     10913196        13.33
       2.339     0.937500     11060167        16.00
       2.509     0.943750     11134458        17.78
       2.761     0.950000     11207858        20.00
       3.115     0.956250     11281692        22.86
       3.599     0.962500     11355196        26.67
       4.255     0.968750     11429215        32.00
       4.655     0.971875     11465995        35.56
       5.127     0.975000     11502776        40.00
       5.667     0.978125     11539554        45.71
       6.311     0.981250     11576392        53.33
       7.075     0.984375     11613246        64.00
       7.503     0.985938     11631716        71.11
       7.971     0.987500     11650134        80.00
       8.391     0.989062     11668656        91.43
       8.959     0.990625     11687022       106.67
       9.671     0.992188     11705419       128.00
      10.111     0.992969     11714591       142.22
      10.607     0.993750     11723904       160.00
      11.191     0.994531     11733028       182.86
      11.855     0.995313     11742191       213.33
      12.407     0.996094     11751483       256.00
      12.855     0.996484     11756084       284.44
      13.399     0.996875     11760686       320.00
      14.063     0.997266     11765280       365.71
      14.871     0.997656     11769866       426.67
      15.919     0.998047     11774461       512.00
      16.463     0.998242     11776792       568.89
      17.183     0.998437     11779087       640.00
      18.047     0.998633     11781379       731.43
      19.071     0.998828     11783690       853.33
      20.255     0.999023     11785987      1024.00
      21.023     0.999121     11787132      1137.78
      21.983     0.999219     11788272      1280.00
      22.943     0.999316     11789426      1462.86
      24.127     0.999414     11790582      1706.67
      25.599     0.999512     11791731      2048.00
      26.495     0.999561     11792308      2275.56
      27.455     0.999609     11792885      2560.00
      28.559     0.999658     11793456      2925.71
      29.871     0.999707     11794032      3413.33
      31.455     0.999756     11794611      4096.00
      32.351     0.999780     11794897      4551.11
      33.695     0.999805     11795186      5120.00
      35.327     0.999829     11795472      5851.43
      37.087     0.999854     11795762      6826.67
      39.295     0.999878     11796053      8192.00
      40.703     0.999890     11796193      9102.22
      42.335     0.999902     11796341     10240.00
      44.031     0.999915     11796483     11702.86
      45.663     0.999927     11796626     13653.33
      47.711     0.999939     11796769     16384.00
      48.735     0.999945     11796840     18204.44
      49.695     0.999951     11796912     20480.00
      51.007     0.999957     11796985     23405.71
      52.319     0.999963     11797056     27306.67
      53.727     0.999969     11797128     32768.00
      54.463     0.999973     11797164     36408.89
      55.295     0.999976     11797200     40960.00
      55.903     0.999979     11797236     46811.43
      57.279     0.999982     11797273     54613.33
      58.527     0.999985     11797309     65536.00
      59.455     0.999986     11797328     72817.78
      60.351     0.999988     11797344     81920.00
      61.503     0.999989     11797363     93622.86
      62.847     0.999991     11797380    109226.67
      63.839     0.999992     11797398    131072.00
      64.415     0.999993     11797407    145635.56
      65.279     0.999994     11797416    163840.00
      66.239     0.999995     11797426    187245.71
      67.263     0.999995     11797434    218453.33
      67.903     0.999996     11797444    262144.00
      68.351     0.999997     11797449    291271.11
      68.607     0.999997     11797452    327680.00
      69.311     0.999997     11797457    374491.43
      69.951     0.999998     11797461    436906.67
      71.743     0.999998     11797466    524288.00
      71.871     0.999998     11797468    582542.22
      72.703     0.999998     11797470    655360.00
      73.919     0.999999     11797473    748982.86
      74.815     0.999999     11797475    873813.33
      75.839     0.999999     11797477   1048576.00
      76.479     0.999999     11797478   1165084.44
      76.735     0.999999     11797480   1310720.00
      77.247     0.999999     11797481   1497965.71
      77.311     0.999999     11797482   1747626.67
      77.375     1.000000     11797484   2097152.00
      77.375     1.000000     11797484   2330168.89
      77.375     1.000000     11797484   2621440.00
      78.847     1.000000     11797485   2995931.43
      78.847     1.000000     11797485   3495253.33
      79.871     1.000000     11797486   4194304.00
      79.871     1.000000     11797486   4660337.78
      79.871     1.000000     11797486   5242880.00
      82.367     1.000000     11797487   5991862.86
      82.367     1.000000     11797487   6990506.67
      82.367     1.000000     11797487   8388608.00
      82.367     1.000000     11797487   9320675.55
      82.367     1.000000     11797487  10485760.00
      82.879     1.000000     11797488  11983725.71
      82.879     1.000000     11797488          inf
#[Mean    =        1.346, StdDeviation   =        1.673]
#[Max     =       82.816, Total count    =     11797488]
#[Buckets =           27, SubBuckets     =         2048]
----------------------------------------------------------
  11997570 requests in 10.00m, 2.00GB read
Requests/sec:  19995.92
Transfer/sec:      3.41MB
