Running 10m test @ http://localhost:9999/math/plus?x=1&y=2
  16 threads and 400 connections
  Thread calibration: mean lat.: 2.490ms, rate sampling interval: 10ms
  Thread calibration: mean lat.: 2.588ms, rate sampling interval: 10ms
  Thread calibration: mean lat.: 2.522ms, rate sampling interval: 10ms
  Thread calibration: mean lat.: 2.367ms, rate sampling interval: 10ms
  Thread calibration: mean lat.: 2.514ms, rate sampling interval: 10ms
  Thread calibration: mean lat.: 2.550ms, rate sampling interval: 10ms
  Thread calibration: mean lat.: 2.620ms, rate sampling interval: 10ms
  Thread calibration: mean lat.: 2.621ms, rate sampling interval: 10ms
  Thread calibration: mean lat.: 2.535ms, rate sampling interval: 10ms
  Thread calibration: mean lat.: 2.320ms, rate sampling interval: 10ms
  Thread calibration: mean lat.: 2.491ms, rate sampling interval: 10ms
  Thread calibration: mean lat.: 2.693ms, rate sampling interval: 10ms
  Thread calibration: mean lat.: 2.418ms, rate sampling interval: 10ms
  Thread calibration: mean lat.: 2.381ms, rate sampling interval: 10ms
  Thread calibration: mean lat.: 2.154ms, rate sampling interval: 10ms
  Thread calibration: mean lat.: 2.470ms, rate sampling interval: 10ms
  Thread Stats   Avg      Stdev     Max   +/- Stdev
    Latency     1.95ms    2.33ms  87.36ms   93.06%
    Req/Sec     1.31k   608.95     4.10k    64.99%
  Latency Distribution (HdrHistogram - Recorded Latency)
 50.000%    1.30ms
 75.000%    2.23ms
 90.000%    3.62ms
 99.000%   12.20ms
 99.900%   24.37ms
 99.990%   38.94ms
 99.999%   54.72ms
100.000%   87.42ms

  Detailed Percentile spectrum:
       Value   Percentile   TotalCount 1/(1-Percentile)

       0.075     0.000000            1         1.00
       0.484     0.100000      1184178         1.11
       0.703     0.200000      2361611         1.25
       0.904     0.300000      3540499         1.43
       1.103     0.400000      4720470         1.67
       1.302     0.500000      5899745         2.00
       1.416     0.550000      6488797         2.22
       1.550     0.600000      7080197         2.50
       1.717     0.650000      7671067         2.86
       1.937     0.700000      8259268         3.33
       2.235     0.750000      8848579         4.00
       2.415     0.775000      9143471         4.44
       2.611     0.800000      9439569         5.00
       2.823     0.825000      9734942         5.71
       3.053     0.850000     10028965         6.67
       3.309     0.875000     10324049         8.00
       3.453     0.887500     10470391         8.89
       3.619     0.900000     10619129        10.00
       3.823     0.912500     10765662        11.43
       4.107     0.925000     10913321        13.33
       4.547     0.937500     11060811        16.00
       4.915     0.943750     11133831        17.78
       5.451     0.950000     11207784        20.00
       6.091     0.956250     11281468        22.86
       6.819     0.962500     11354988        26.67
       7.647     0.968750     11428766        32.00
       8.063     0.971875     11465605        35.56
       8.535     0.975000     11502427        40.00
       9.119     0.978125     11539528        45.71
       9.783     0.981250     11576153        53.33
      10.535     0.984375     11613008        64.00
      10.951     0.985938     11631504        71.11
      11.399     0.987500     11650150        80.00
      11.887     0.989062     11668328        91.43
      12.431     0.990625     11686865       106.67
      13.167     0.992188     11705326       128.00
      13.615     0.992969     11714411       142.22
      14.135     0.993750     11723648       160.00
      14.735     0.994531     11732912       182.86
      15.407     0.995313     11742115       213.33
      16.167     0.996094     11751330       256.00
      16.607     0.996484     11755990       284.44
      17.135     0.996875     11760528       320.00
      17.711     0.997266     11765077       365.71
      18.415     0.997656     11769727       426.67
      19.279     0.998047     11774297       512.00
      19.855     0.998242     11776646       568.89
      20.623     0.998437     11778908       640.00
      21.855     0.998633     11781207       731.43
      23.135     0.998828     11783520       853.33
      24.543     0.999023     11785833      1024.00
      25.311     0.999121     11786978      1137.78
      26.143     0.999219     11788119      1280.00
      27.023     0.999316     11789284      1462.86
      27.983     0.999414     11790435      1706.67
      29.087     0.999512     11791574      2048.00
      29.791     0.999561     11792156      2275.56
      30.495     0.999609     11792724      2560.00
      31.295     0.999658     11793307      2925.71
      32.159     0.999707     11793878      3413.33
      33.375     0.999756     11794463      4096.00
      34.079     0.999780     11794742      4551.11
      34.879     0.999805     11795031      5120.00
      35.807     0.999829     11795325      5851.43
      36.703     0.999854     11795612      6826.67
      37.727     0.999878     11795898      8192.00
      38.399     0.999890     11796039      9102.22
      39.071     0.999902     11796181     10240.00
      39.807     0.999915     11796326     11702.86
      40.639     0.999927     11796471     13653.33
      41.791     0.999939     11796616     16384.00
      42.495     0.999945     11796686     18204.44
      43.295     0.999951     11796759     20480.00
      43.839     0.999957     11796830     23405.71
      44.575     0.999963     11796904     27306.67
      45.823     0.999969     11796974     32768.00
      46.559     0.999973     11797010     36408.89
      47.295     0.999976     11797044     40960.00
      48.511     0.999979     11797080     46811.43
      49.535     0.999982     11797116     54613.33
      51.295     0.999985     11797156     65536.00
      51.839     0.999986     11797170     72817.78
      52.671     0.999988     11797188     81920.00
      53.951     0.999989     11797207     93622.86
      55.295     0.999991     11797224    109226.67
      56.319     0.999992     11797242    131072.00
      57.023     0.999993     11797252    145635.56
      58.047     0.999994     11797261    163840.00
      59.551     0.999995     11797269    187245.71
      60.607     0.999995     11797278    218453.33
      61.823     0.999996     11797287    262144.00
      63.391     0.999997     11797292    291271.11
      64.703     0.999997     11797297    327680.00
      67.327     0.999997     11797301    374491.43
      68.415     0.999998     11797305    436906.67
      69.823     0.999998     11797311    524288.00
      70.079     0.999998     11797312    582542.22
      70.783     0.999998     11797314    655360.00
      71.615     0.999999     11797317    748982.86
      71.999     0.999999     11797319    873813.33
      72.127     0.999999     11797321   1048576.00
      72.639     0.999999     11797322   1165084.44
      72.767     0.999999     11797323   1310720.00
      73.919     0.999999     11797325   1497965.71
      74.239     0.999999     11797326   1747626.67
      75.519     1.000000     11797327   2097152.00
      75.519     1.000000     11797327   2330168.89
      76.607     1.000000     11797328   2621440.00
      76.671     1.000000     11797329   2995931.43
      76.671     1.000000     11797329   3495253.33
      78.463     1.000000     11797330   4194304.00
      78.463     1.000000     11797330   4660337.78
      78.463     1.000000     11797330   5242880.00
      79.359     1.000000     11797331   5991862.86
      79.359     1.000000     11797331   6990506.67
      79.359     1.000000     11797331   8388608.00
      79.359     1.000000     11797331   9320675.55
      79.359     1.000000     11797331  10485760.00
      87.423     1.000000     11797332  11983725.71
      87.423     1.000000     11797332          inf
#[Mean    =        1.947, StdDeviation   =        2.326]
#[Max     =       87.360, Total count    =     11797332]
#[Buckets =           27, SubBuckets     =         2048]
----------------------------------------------------------
  11997475 requests in 10.00m, 2.00GB read
Requests/sec:  19995.72
Transfer/sec:      3.41MB
