Running 10m test @ http://localhost:9999/math/plus?x=1&y=2
  16 threads and 400 connections
  Thread calibration: mean lat.: 3.047ms, rate sampling interval: 13ms
  Thread calibration: mean lat.: 3.042ms, rate sampling interval: 13ms
  Thread calibration: mean lat.: 3.048ms, rate sampling interval: 13ms
  Thread calibration: mean lat.: 4.420ms, rate sampling interval: 16ms
  Thread calibration: mean lat.: 5.019ms, rate sampling interval: 17ms
  Thread calibration: mean lat.: 4.941ms, rate sampling interval: 17ms
  Thread calibration: mean lat.: 4.800ms, rate sampling interval: 16ms
  Thread calibration: mean lat.: 3.017ms, rate sampling interval: 12ms
  Thread calibration: mean lat.: 3.211ms, rate sampling interval: 13ms
  Thread calibration: mean lat.: 2.996ms, rate sampling interval: 12ms
  Thread calibration: mean lat.: 3.159ms, rate sampling interval: 13ms
  Thread calibration: mean lat.: 2.875ms, rate sampling interval: 12ms
  Thread calibration: mean lat.: 3.059ms, rate sampling interval: 12ms
  Thread calibration: mean lat.: 2.877ms, rate sampling interval: 11ms
  Thread calibration: mean lat.: 3.587ms, rate sampling interval: 14ms
  Thread calibration: mean lat.: 3.462ms, rate sampling interval: 14ms
  Thread Stats   Avg      Stdev     Max   +/- Stdev
    Latency     3.41ms    2.47ms  32.46ms   70.64%
    Req/Sec   650.12    514.26     2.30k    56.26%
  Latency Distribution (HdrHistogram - Recorded Latency)
 50.000%    2.77ms
 75.000%    4.94ms
 90.000%    6.99ms
 99.000%   10.22ms
 99.900%   14.90ms
 99.990%   22.88ms
 99.999%   28.53ms
100.000%   32.48ms

  Detailed Percentile spectrum:
       Value   Percentile   TotalCount 1/(1-Percentile)

       0.082     0.000000            1         1.00
       0.840     0.100000       590538         1.11
       1.223     0.200000      1180320         1.25
       1.596     0.300000      1769605         1.43
       2.099     0.400000      2360873         1.67
       2.767     0.500000      2949967         2.00
       3.149     0.550000      3244555         2.22
       3.553     0.600000      3540469         2.50
       3.983     0.650000      3835123         2.86
       4.439     0.700000      4129453         3.33
       4.939     0.750000      4424879         4.00
       5.211     0.775000      4572731         4.44
       5.499     0.800000      4719325         5.00
       5.815     0.825000      4867984         5.71
       6.159     0.850000      5014892         6.67
       6.543     0.875000      5161986         8.00
       6.755     0.887500      5235074         8.89
       6.991     0.900000      5309464        10.00
       7.247     0.912500      5382792        11.43
       7.535     0.925000      5456880        13.33
       7.855     0.937500      5530243        16.00
       8.031     0.943750      5567515        17.78
       8.223     0.950000      5605102        20.00
       8.423     0.956250      5641025        22.86
       8.647     0.962500      5677653        26.67
       8.903     0.968750      5714968        32.00
       9.047     0.971875      5733742        35.56
       9.191     0.975000      5751191        40.00
       9.359     0.978125      5769676        45.71
       9.543     0.981250      5788459        53.33
       9.751     0.984375      5807027        64.00
       9.863     0.985938      5815972        71.11
       9.983     0.987500      5824863        80.00
      10.127     0.989062      5834337        91.43
      10.287     0.990625      5843710       106.67
      10.463     0.992188      5852636       128.00
      10.567     0.992969      5857405       142.22
      10.679     0.993750      5861919       160.00
      10.807     0.994531      5866474       182.86
      10.951     0.995313      5870969       213.33
      11.135     0.996094      5875624       256.00
      11.247     0.996484      5877983       284.44
      11.375     0.996875      5880265       320.00
      11.527     0.997266      5882471       365.71
      11.719     0.997656      5884829       426.67
      11.959     0.998047      5887132       512.00
      12.111     0.998242      5888245       568.89
      12.351     0.998437      5889396       640.00
      12.743     0.998633      5890544       731.43
      13.719     0.998828      5891685       853.33
      15.023     0.999023      5892837      1024.00
      15.583     0.999121      5893410      1137.78
      16.031     0.999219      5893992      1280.00
      16.575     0.999316      5894582      1462.86
      17.231     0.999414      5895150      1706.67
      17.999     0.999512      5895715      2048.00
      18.463     0.999561      5896013      2275.56
      18.879     0.999609      5896291      2560.00
      19.407     0.999658      5896589      2925.71
      19.839     0.999707      5896866      3413.33
      20.383     0.999756      5897159      4096.00
      20.639     0.999780      5897300      4551.11
      20.975     0.999805      5897445      5120.00
      21.327     0.999829      5897590      5851.43
      21.743     0.999854      5897730      6826.67
      22.303     0.999878      5897874      8192.00
      22.607     0.999890      5897949      9102.22
      22.943     0.999902      5898019     10240.00
      23.359     0.999915      5898091     11702.86
      23.791     0.999927      5898162     13653.33
      24.351     0.999939      5898234     16384.00
      24.543     0.999945      5898270     18204.44
      24.879     0.999951      5898309     20480.00
      25.247     0.999957      5898343     23405.71
      25.487     0.999963      5898378     27306.67
      26.015     0.999969      5898414     32768.00
      26.255     0.999973      5898433     36408.89
      26.527     0.999976      5898451     40960.00
      26.863     0.999979      5898468     46811.43
      27.151     0.999982      5898487     54613.33
      27.455     0.999985      5898505     65536.00
      27.679     0.999986      5898513     72817.78
      28.047     0.999988      5898523     81920.00
      28.287     0.999989      5898531     93622.86
      28.639     0.999991      5898540    109226.67
      29.183     0.999992      5898549    131072.00
      29.375     0.999993      5898554    145635.56
      29.471     0.999994      5898558    163840.00
      29.647     0.999995      5898563    187245.71
      29.823     0.999995      5898567    218453.33
      29.983     0.999996      5898572    262144.00
      30.191     0.999997      5898574    291271.11
      30.399     0.999997      5898576    327680.00
      30.463     0.999997      5898579    374491.43
      30.671     0.999998      5898581    436906.67
      30.767     0.999998      5898583    524288.00
      30.959     0.999998      5898584    582542.22
      30.975     0.999998      5898585    655360.00
      31.055     0.999999      5898587    748982.86
      31.263     0.999999      5898588    873813.33
      31.711     0.999999      5898589   1048576.00
      31.711     0.999999      5898589   1165084.44
      31.855     0.999999      5898590   1310720.00
      32.111     0.999999      5898591   1497965.71
      32.111     0.999999      5898591   1747626.67
      32.223     1.000000      5898592   2097152.00
      32.223     1.000000      5898592   2330168.89
      32.223     1.000000      5898592   2621440.00
      32.447     1.000000      5898593   2995931.43
      32.447     1.000000      5898593   3495253.33
      32.447     1.000000      5898593   4194304.00
      32.447     1.000000      5898593   4660337.78
      32.447     1.000000      5898593   5242880.00
      32.479     1.000000      5898594   5991862.86
      32.479     1.000000      5898594          inf
#[Mean    =        3.414, StdDeviation   =        2.472]
#[Max     =       32.464, Total count    =      5898594]
#[Buckets =           27, SubBuckets     =         2048]
----------------------------------------------------------
  5997046 requests in 10.00m, 1.00GB read
Requests/sec:   9995.06
Transfer/sec:      1.71MB
