Running 10m test @ http://localhost:9999/math/plus?x=1&y=2
  16 threads and 400 connections
  Thread calibration: mean lat.: 2.273ms, rate sampling interval: 10ms
  Thread calibration: mean lat.: 2.277ms, rate sampling interval: 10ms
  Thread calibration: mean lat.: 2.227ms, rate sampling interval: 10ms
  Thread calibration: mean lat.: 1.615ms, rate sampling interval: 10ms
  Thread calibration: mean lat.: 2.292ms, rate sampling interval: 10ms
  Thread calibration: mean lat.: 1.930ms, rate sampling interval: 10ms
  Thread calibration: mean lat.: 2.384ms, rate sampling interval: 10ms
  Thread calibration: mean lat.: 2.358ms, rate sampling interval: 10ms
  Thread calibration: mean lat.: 2.326ms, rate sampling interval: 10ms
  Thread calibration: mean lat.: 2.000ms, rate sampling interval: 10ms
  Thread calibration: mean lat.: 2.016ms, rate sampling interval: 10ms
  Thread calibration: mean lat.: 2.359ms, rate sampling interval: 10ms
  Thread calibration: mean lat.: 2.180ms, rate sampling interval: 10ms
  Thread calibration: mean lat.: 2.227ms, rate sampling interval: 10ms
  Thread calibration: mean lat.: 2.865ms, rate sampling interval: 12ms
  Thread calibration: mean lat.: 2.108ms, rate sampling interval: 10ms
  Thread Stats   Avg      Stdev     Max   +/- Stdev
    Latency     2.00ms    1.64ms  29.10ms   87.65%
    Req/Sec   658.69    645.83     2.78k    63.68%
  Latency Distribution (HdrHistogram - Recorded Latency)
 50.000%    1.52ms
 75.000%    2.31ms
 90.000%    3.88ms
 99.000%    8.53ms
 99.900%   13.80ms
 99.990%   18.80ms
 99.999%   23.49ms
100.000%   29.12ms

  Detailed Percentile spectrum:
       Value   Percentile   TotalCount 1/(1-Percentile)

       0.068     0.000000            1         1.00
       0.699     0.100000       590744         1.11
       0.937     0.200000      1181832         1.25
       1.138     0.300000      1772536         1.43
       1.323     0.400000      2362422         1.67
       1.519     0.500000      2951377         2.00
       1.631     0.550000      3246629         2.22
       1.756     0.600000      3539292         2.50
       1.903     0.650000      3834436         2.86
       2.083     0.700000      4130866         3.33
       2.313     0.750000      4426035         4.00
       2.457     0.775000      4573236         4.44
       2.629     0.800000      4719376         5.00
       2.843     0.825000      4866819         5.71
       3.109     0.850000      5014037         6.67
       3.443     0.875000      5161498         8.00
       3.643     0.887500      5235384         8.89
       3.875     0.900000      5309391        10.00
       4.135     0.912500      5382941        11.43
       4.439     0.925000      5456423        13.33
       4.807     0.937500      5530743        16.00
       5.015     0.943750      5567174        17.78
       5.251     0.950000      5604218        20.00
       5.515     0.956250      5641121        22.86
       5.823     0.962500      5677787        26.67
       6.179     0.968750      5714437        32.00
       6.383     0.971875      5732859        35.56
       6.615     0.975000      5751446        40.00
       6.883     0.978125      5769678        45.71
       7.187     0.981250      5788147        53.33
       7.555     0.984375      5806559        64.00
       7.779     0.985938      5815803        71.11
       8.035     0.987500      5825076        80.00
       8.327     0.989062      5834240        91.43
       8.679     0.990625      5843463       106.67
       9.135     0.992188      5852609       128.00
       9.407     0.992969      5857223       142.22
       9.719     0.993750      5861858       160.00
      10.071     0.994531      5866477       182.86
      10.455     0.995313      5871088       213.33
      10.879     0.996094      5875675       256.00
      11.119     0.996484      5877990       284.44
      11.375     0.996875      5880284       320.00
      11.663     0.997266      5882575       365.71
      11.983     0.997656      5884861       426.67
      12.359     0.998047      5887195       512.00
      12.575     0.998242      5888332       568.89
      12.815     0.998437      5889470       640.00
      13.095     0.998633      5890629       731.43
      13.447     0.998828      5891777       853.33
      13.847     0.999023      5892926      1024.00
      14.111     0.999121      5893503      1137.78
      14.383     0.999219      5894082      1280.00
      14.695     0.999316      5894657      1462.86
      15.047     0.999414      5895229      1706.67
      15.431     0.999512      5895799      2048.00
      15.647     0.999561      5896090      2275.56
      15.879     0.999609      5896375      2560.00
      16.159     0.999658      5896666      2925.71
      16.447     0.999707      5896961      3413.33
      16.815     0.999756      5897246      4096.00
      17.039     0.999780      5897388      4551.11
      17.295     0.999805      5897532      5120.00
      17.599     0.999829      5897677      5851.43
      17.919     0.999854      5897822      6826.67
      18.319     0.999878      5897960      8192.00
      18.543     0.999890      5898034      9102.22
      18.847     0.999902      5898107     10240.00
      19.087     0.999915      5898175     11702.86
      19.471     0.999927      5898250     13653.33
      19.855     0.999939      5898320     16384.00
      20.111     0.999945      5898358     18204.44
      20.335     0.999951      5898392     20480.00
      20.559     0.999957      5898427     23405.71
      20.831     0.999963      5898464     27306.67
      21.135     0.999969      5898500     32768.00
      21.391     0.999973      5898520     36408.89
      21.583     0.999976      5898535     40960.00
      21.887     0.999979      5898554     46811.43
      22.223     0.999982      5898571     54613.33
      22.607     0.999985      5898589     65536.00
      22.863     0.999986      5898598     72817.78
      23.103     0.999988      5898607     81920.00
      23.359     0.999989      5898616     93622.86
      23.567     0.999991      5898626    109226.67
      23.759     0.999992      5898634    131072.00
      23.935     0.999993      5898639    145635.56
      23.999     0.999994      5898643    163840.00
      24.143     0.999995      5898648    187245.71
      24.223     0.999995      5898654    218453.33
      24.511     0.999996      5898657    262144.00
      24.655     0.999997      5898659    291271.11
      24.815     0.999997      5898661    327680.00
      24.959     0.999997      5898664    374491.43
      25.295     0.999998      5898666    436906.67
      25.583     0.999998      5898668    524288.00
      25.663     0.999998      5898669    582542.22
      25.695     0.999998      5898670    655360.00
      26.879     0.999999      5898672    748982.86
      27.423     0.999999      5898673    873813.33
      27.439     0.999999      5898674   1048576.00
      27.439     0.999999      5898674   1165084.44
      27.695     0.999999      5898675   1310720.00
      27.871     0.999999      5898676   1497965.71
      27.871     0.999999      5898676   1747626.67
      28.223     1.000000      5898677   2097152.00
      28.223     1.000000      5898677   2330168.89
      28.223     1.000000      5898677   2621440.00
      28.479     1.000000      5898678   2995931.43
      28.479     1.000000      5898678   3495253.33
      28.479     1.000000      5898678   4194304.00
      28.479     1.000000      5898678   4660337.78
      28.479     1.000000      5898678   5242880.00
      29.119     1.000000      5898679   5991862.86
      29.119     1.000000      5898679          inf
#[Mean    =        1.996, StdDeviation   =        1.641]
#[Max     =       29.104, Total count    =      5898679]
#[Buckets =           27, SubBuckets     =         2048]
----------------------------------------------------------
  5997072 requests in 10.00m, 1.00GB read
Requests/sec:   9995.07
Transfer/sec:      1.71MB
