Running 10m test @ http://localhost:9999/math/plus?x=1&y=2
  16 threads and 400 connections
  Thread calibration: mean lat.: 1.938ms, rate sampling interval: 10ms
  Thread calibration: mean lat.: 2.122ms, rate sampling interval: 10ms
  Thread calibration: mean lat.: 2.051ms, rate sampling interval: 10ms
  Thread calibration: mean lat.: 2.206ms, rate sampling interval: 10ms
  Thread calibration: mean lat.: 2.057ms, rate sampling interval: 10ms
  Thread calibration: mean lat.: 2.250ms, rate sampling interval: 10ms
  Thread calibration: mean lat.: 2.178ms, rate sampling interval: 10ms
  Thread calibration: mean lat.: 1.833ms, rate sampling interval: 10ms
  Thread calibration: mean lat.: 2.106ms, rate sampling interval: 10ms
  Thread calibration: mean lat.: 2.216ms, rate sampling interval: 10ms
  Thread calibration: mean lat.: 3.001ms, rate sampling interval: 13ms
  Thread calibration: mean lat.: 2.176ms, rate sampling interval: 10ms
  Thread calibration: mean lat.: 2.794ms, rate sampling interval: 13ms
  Thread calibration: mean lat.: 2.051ms, rate sampling interval: 10ms
  Thread calibration: mean lat.: 2.267ms, rate sampling interval: 10ms
  Thread calibration: mean lat.: 2.246ms, rate sampling interval: 10ms
  Thread Stats   Avg      Stdev     Max   +/- Stdev
    Latency     2.52ms    2.08ms  64.96ms   84.20%
    Req/Sec   658.21    592.49     2.78k    65.99%
  Latency Distribution (HdrHistogram - Recorded Latency)
 50.000%    1.80ms
 75.000%    3.16ms
 90.000%    5.42ms
 99.000%    9.88ms
 99.900%   13.98ms
 99.990%   21.33ms
 99.999%   44.32ms
100.000%   64.99ms

  Detailed Percentile spectrum:
       Value   Percentile   TotalCount 1/(1-Percentile)

       0.090     0.000000            1         1.00
       0.765     0.100000       590649         1.11
       1.043     0.200000      1181411         1.25
       1.282     0.300000      1771322         1.43
       1.521     0.400000      2360364         1.67
       1.803     0.500000      2951001         2.00
       1.973     0.550000      3244816         2.22
       2.179     0.600000      3541069         2.50
       2.435     0.650000      3834513         2.86
       2.757     0.700000      4129045         3.33
       3.159     0.750000      4424059         4.00
       3.401     0.775000      4571966         4.44
       3.679     0.800000      4719328         5.00
       4.015     0.825000      4867034         5.71
       4.403     0.850000      5014252         6.67
       4.867     0.875000      5162369         8.00
       5.131     0.887500      5235653         8.89
       5.419     0.900000      5309145        10.00
       5.739     0.912500      5382924        11.43
       6.091     0.925000      5456207        13.33
       6.491     0.937500      5530395        16.00
       6.711     0.943750      5567431        17.78
       6.943     0.950000      5603742        20.00
       7.203     0.956250      5640888        22.86
       7.495     0.962500      5677650        26.67
       7.839     0.968750      5714230        32.00
       8.039     0.971875      5732839        35.56
       8.255     0.975000      5751356        40.00
       8.503     0.978125      5769826        45.71
       8.783     0.981250      5788081        53.33
       9.111     0.984375      5806483        64.00
       9.295     0.985938      5815696        71.11
       9.503     0.987500      5825052        80.00
       9.727     0.989062      5834182        91.43
       9.983     0.990625      5843359       106.67
      10.287     0.992188      5852629       128.00
      10.463     0.992969      5857223       142.22
      10.663     0.993750      5861834       160.00
      10.887     0.994531      5866297       182.86
      11.167     0.995313      5871015       213.33
      11.487     0.996094      5875559       256.00
      11.679     0.996484      5877892       284.44
      11.887     0.996875      5880121       320.00
      12.127     0.997266      5882447       365.71
      12.391     0.997656      5884756       426.67
      12.719     0.998047      5887031       512.00
      12.919     0.998242      5888194       568.89
      13.143     0.998437      5889355       640.00
      13.383     0.998633      5890498       731.43
      13.671     0.998828      5891654       853.33
      14.023     0.999023      5892800      1024.00
      14.223     0.999121      5893377      1137.78
      14.471     0.999219      5893952      1280.00
      14.799     0.999316      5894522      1462.86
      15.199     0.999414      5895097      1706.67
      15.719     0.999512      5895674      2048.00
      15.991     0.999561      5895959      2275.56
      16.311     0.999609      5896249      2560.00
      16.687     0.999658      5896539      2925.71
      17.135     0.999707      5896824      3413.33
      17.711     0.999756      5897111      4096.00
      18.079     0.999780      5897254      4551.11
      18.527     0.999805      5897397      5120.00
      19.007     0.999829      5897541      5851.43
      19.631     0.999854      5897689      6826.67
      20.383     0.999878      5897831      8192.00
      20.815     0.999890      5897901      9102.22
      21.471     0.999902      5897973     10240.00
      22.191     0.999915      5898048     11702.86
      22.847     0.999927      5898117     13653.33
      23.695     0.999939      5898189     16384.00
      24.191     0.999945      5898225     18204.44
      24.991     0.999951      5898262     20480.00
      25.647     0.999957      5898297     23405.71
      26.495     0.999963      5898333     27306.67
      27.311     0.999969      5898369     32768.00
      27.839     0.999973      5898387     36408.89
      28.415     0.999976      5898406     40960.00
      29.263     0.999979      5898423     46811.43
      30.463     0.999982      5898441     54613.33
      33.375     0.999985      5898459     65536.00
      34.655     0.999986      5898468     72817.78
      38.207     0.999988      5898477     81920.00
      42.911     0.999989      5898486     93622.86
      45.855     0.999991      5898495    109226.67
      49.759     0.999992      5898504    131072.00
      51.167     0.999993      5898509    145635.56
      52.255     0.999994      5898513    163840.00
      53.119     0.999995      5898518    187245.71
      53.855     0.999995      5898523    218453.33
      54.975     0.999996      5898527    262144.00
      56.415     0.999997      5898529    291271.11
      56.991     0.999997      5898532    327680.00
      57.471     0.999997      5898534    374491.43
      58.239     0.999998      5898536    436906.67
      59.743     0.999998      5898538    524288.00
      60.895     0.999998      5898539    582542.22
      61.247     0.999998      5898540    655360.00
      61.279     0.999999      5898542    748982.86
      61.535     0.999999      5898543    873813.33
      62.303     0.999999      5898544   1048576.00
      62.303     0.999999      5898544   1165084.44
      63.647     0.999999      5898545   1310720.00
      63.935     0.999999      5898546   1497965.71
      63.935     0.999999      5898546   1747626.67
      63.999     1.000000      5898547   2097152.00
      63.999     1.000000      5898547   2330168.89
      63.999     1.000000      5898547   2621440.00
      64.031     1.000000      5898548   2995931.43
      64.031     1.000000      5898548   3495253.33
      64.031     1.000000      5898548   4194304.00
      64.031     1.000000      5898548   4660337.78
      64.031     1.000000      5898548   5242880.00
      64.991     1.000000      5898549   5991862.86
      64.991     1.000000      5898549          inf
#[Mean    =        2.521, StdDeviation   =        2.085]
#[Max     =       64.960, Total count    =      5898549]
#[Buckets =           27, SubBuckets     =         2048]
----------------------------------------------------------
  5997047 requests in 10.00m, 1.00GB read
Requests/sec:   9995.06
Transfer/sec:      1.71MB
