Running 10m test @ http://localhost:9999/math/plus?x=1&y=2
  16 threads and 400 connections
  Thread calibration: mean lat.: 1.358ms, rate sampling interval: 10ms
  Thread calibration: mean lat.: 1.324ms, rate sampling interval: 10ms
  Thread calibration: mean lat.: 1.358ms, rate sampling interval: 10ms
  Thread calibration: mean lat.: 1.325ms, rate sampling interval: 10ms
  Thread calibration: mean lat.: 1.320ms, rate sampling interval: 10ms
  Thread calibration: mean lat.: 1.406ms, rate sampling interval: 10ms
  Thread calibration: mean lat.: 1.381ms, rate sampling interval: 10ms
  Thread calibration: mean lat.: 1.352ms, rate sampling interval: 10ms
  Thread calibration: mean lat.: 1.614ms, rate sampling interval: 10ms
  Thread calibration: mean lat.: 1.433ms, rate sampling interval: 10ms
  Thread calibration: mean lat.: 1.373ms, rate sampling interval: 10ms
  Thread calibration: mean lat.: 1.250ms, rate sampling interval: 10ms
  Thread calibration: mean lat.: 1.453ms, rate sampling interval: 10ms
  Thread calibration: mean lat.: 1.455ms, rate sampling interval: 10ms
  Thread calibration: mean lat.: 1.407ms, rate sampling interval: 10ms
  Thread calibration: mean lat.: 1.782ms, rate sampling interval: 10ms
  Thread Stats   Avg      Stdev     Max   +/- Stdev
    Latency     1.42ms    1.53ms  89.09ms   94.60%
    Req/Sec     1.98k   500.16     6.22k    71.77%
  Latency Distribution (HdrHistogram - Recorded Latency)
 50.000%    1.16ms
 75.000%    1.69ms
 90.000%    2.41ms
 99.000%    5.61ms
 99.900%   21.65ms
 99.990%   39.49ms
 99.999%   64.19ms
100.000%   89.15ms

  Detailed Percentile spectrum:
       Value   Percentile   TotalCount 1/(1-Percentile)

       0.061     0.000000            1         1.00
       0.460     0.100000      1773380         1.11
       0.672     0.200000      3547078         1.25
       0.850     0.300000      5312606         1.43
       1.009     0.400000      7080111         1.67
       1.164     0.500000      8855295         2.00
       1.245     0.550000      9734163         2.22
       1.334     0.600000     10618911         2.50
       1.435     0.650000     11504831         2.86
       1.551     0.700000     12387770         3.33
       1.688     0.750000     13277109         4.00
       1.766     0.775000     13715902         4.44
       1.855     0.800000     14158397         5.00
       1.958     0.825000     14600048         5.71
       2.081     0.850000     15044183         6.67
       2.229     0.875000     15484909         8.00
       2.317     0.887500     15708196         8.89
       2.415     0.900000     15930153        10.00
       2.525     0.912500     16148422        11.43
       2.657     0.925000     16370935        13.33
       2.815     0.937500     16590746        16.00
       2.909     0.943750     16701092        17.78
       3.017     0.950000     16812178        20.00
       3.141     0.956250     16923256        22.86
       3.285     0.962500     17032737        26.67
       3.465     0.968750     17144098        32.00
       3.573     0.971875     17198977        35.56
       3.701     0.975000     17253926        40.00
       3.861     0.978125     17309424        45.71
       4.067     0.981250     17364662        53.33
       4.355     0.984375     17420132        64.00
       4.555     0.985938     17447595        71.11
       4.827     0.987500     17475254        80.00
       5.251     0.989062     17502826        91.43
       5.927     0.990625     17530373       106.67
       6.975     0.992188     17557953       128.00
       7.599     0.992969     17571741       142.22
       8.187     0.993750     17585570       160.00
       8.783     0.994531     17599457       182.86
       9.711     0.995313     17613230       213.33
      11.119     0.996094     17627076       256.00
      11.855     0.996484     17633996       284.44
      12.567     0.996875     17640880       320.00
      13.439     0.997266     17647804       365.71
      14.751     0.997656     17654673       426.67
      16.271     0.998047     17661619       512.00
      17.023     0.998242     17665094       568.89
      17.871     0.998437     17668501       640.00
      18.927     0.998633     17671994       731.43
      20.239     0.998828     17675424       853.33
      21.855     0.999023     17678888      1024.00
      22.703     0.999121     17680598      1137.78
      23.727     0.999219     17682336      1280.00
      24.815     0.999316     17684055      1462.86
      26.191     0.999414     17685782      1706.67
      27.807     0.999512     17687514      2048.00
      28.639     0.999561     17688376      2275.56
      29.631     0.999609     17689244      2560.00
      30.655     0.999658     17690108      2925.71
      31.775     0.999707     17690978      3413.33
      33.087     0.999756     17691840      4096.00
      33.791     0.999780     17692261      4551.11
      34.623     0.999805     17692706      5120.00
      35.551     0.999829     17693130      5851.43
      36.575     0.999854     17693557      6826.67
      37.823     0.999878     17693991      8192.00
      38.687     0.999890     17694205      9102.22
      39.647     0.999902     17694425     10240.00
      40.703     0.999915     17694636     11702.86
      42.143     0.999927     17694853     13653.33
      43.711     0.999939     17695068     16384.00
      44.639     0.999945     17695176     18204.44
      45.791     0.999951     17695285     20480.00
      46.911     0.999957     17695393     23405.71
      48.095     0.999963     17695501     27306.67
      50.047     0.999969     17695608     32768.00
      51.263     0.999973     17695662     36408.89
      52.575     0.999976     17695716     40960.00
      55.199     0.999979     17695770     46811.43
      57.983     0.999982     17695825     54613.33
      60.127     0.999985     17695878     65536.00
      60.991     0.999986     17695905     72817.78
      62.175     0.999988     17695932     81920.00
      63.519     0.999989     17695959     93622.86
      65.055     0.999991     17695986    109226.67
      68.351     0.999992     17696013    131072.00
      69.823     0.999993     17696028    145635.56
      70.655     0.999994     17696040    163840.00
      71.359     0.999995     17696054    187245.71
      72.063     0.999995     17696068    218453.33
      72.959     0.999996     17696081    262144.00
      73.407     0.999997     17696088    291271.11
      73.983     0.999997     17696094    327680.00
      74.943     0.999997     17696101    374491.43
      75.647     0.999998     17696109    436906.67
      76.543     0.999998     17696115    524288.00
      76.927     0.999998     17696118    582542.22
      77.567     0.999998     17696121    655360.00
      78.463     0.999999     17696125    748982.86
      80.191     0.999999     17696128    873813.33
      82.623     0.999999     17696132   1048576.00
      82.687     0.999999     17696134   1165084.44
      83.327     0.999999     17696135   1310720.00
      83.583     0.999999     17696138   1497965.71
      83.583     0.999999     17696138   1747626.67
      84.159     1.000000     17696140   2097152.00
      84.415     1.000000     17696141   2330168.89
      85.247     1.000000     17696142   2621440.00
      85.759     1.000000     17696143   2995931.43
      85.759     1.000000     17696143   3495253.33
      86.463     1.000000     17696144   4194304.00
      86.719     1.000000     17696145   4660337.78
      86.719     1.000000     17696145   5242880.00
      87.103     1.000000     17696146   5991862.86
      87.103     1.000000     17696146   6990506.67
      87.103     1.000000     17696146   8388608.00
      87.359     1.000000     17696147   9320675.55
      87.359     1.000000     17696147  10485760.00
      87.359     1.000000     17696147  11983725.71
      87.359     1.000000     17696147  13981013.34
      87.359     1.000000     17696147  16777216.00
      89.151     1.000000     17696148  18641351.10
      89.151     1.000000     17696148          inf
#[Mean    =        1.416, StdDeviation   =        1.527]
#[Max     =       89.088, Total count    =     17696148]
#[Buckets =           27, SubBuckets     =         2048]
----------------------------------------------------------
  17994598 requests in 10.00m, 3.00GB read
Requests/sec:  29990.95
Transfer/sec:      5.12MB
