Running 10m test @ http://localhost:9999/math/plus?x=1&y=2
  16 threads and 400 connections
  Thread calibration: mean lat.: 1.410ms, rate sampling interval: 10ms
  Thread calibration: mean lat.: 1.371ms, rate sampling interval: 10ms
  Thread calibration: mean lat.: 1.700ms, rate sampling interval: 10ms
  Thread calibration: mean lat.: 1.479ms, rate sampling interval: 10ms
  Thread calibration: mean lat.: 1.465ms, rate sampling interval: 10ms
  Thread calibration: mean lat.: 1.423ms, rate sampling interval: 10ms
  Thread calibration: mean lat.: 1.516ms, rate sampling interval: 10ms
  Thread calibration: mean lat.: 1.458ms, rate sampling interval: 10ms
  Thread calibration: mean lat.: 1.413ms, rate sampling interval: 10ms
  Thread calibration: mean lat.: 1.477ms, rate sampling interval: 10ms
  Thread calibration: mean lat.: 1.518ms, rate sampling interval: 10ms
  Thread calibration: mean lat.: 1.584ms, rate sampling interval: 10ms
  Thread calibration: mean lat.: 1.441ms, rate sampling interval: 10ms
  Thread calibration: mean lat.: 1.482ms, rate sampling interval: 10ms
  Thread calibration: mean lat.: 1.409ms, rate sampling interval: 10ms
  Thread calibration: mean lat.: 1.680ms, rate sampling interval: 10ms
  Thread Stats   Avg      Stdev     Max   +/- Stdev
    Latency     1.26ms    1.11ms  87.49ms   94.96%
    Req/Sec     1.98k   528.29     5.60k    71.62%
  Latency Distribution (HdrHistogram - Recorded Latency)
 50.000%    1.12ms
 75.000%    1.55ms
 90.000%    2.02ms
 99.000%    4.03ms
 99.900%   15.17ms
 99.990%   30.43ms
 99.999%   52.38ms
100.000%   87.55ms

  Detailed Percentile spectrum:
       Value   Percentile   TotalCount 1/(1-Percentile)

       0.077     0.000000            1         1.00
       0.469     0.100000      1775692         1.11
       0.659     0.200000      3549469         1.25
       0.820     0.300000      5319022         1.43
       0.970     0.400000      7088534         1.67
       1.115     0.500000      8856458         2.00
       1.188     0.550000      9737735         2.22
       1.266     0.600000     10627548         2.50
       1.349     0.650000     11504684         2.86
       1.442     0.700000     12391046         3.33
       1.548     0.750000     13278725         4.00
       1.606     0.775000     13715143         4.44
       1.671     0.800000     14163254         5.00
       1.742     0.825000     14604724         5.71
       1.822     0.850000     15044690         6.67
       1.914     0.875000     15485153         8.00
       1.967     0.887500     15709310         8.89
       2.024     0.900000     15928825        10.00
       2.089     0.912500     16153466        11.43
       2.161     0.925000     16371376        13.33
       2.245     0.937500     16590664        16.00
       2.295     0.943750     16705019        17.78
       2.347     0.950000     16812147        20.00
       2.409     0.956250     16922416        22.86
       2.485     0.962500     17035027        26.67
       2.581     0.968750     17144701        32.00
       2.641     0.971875     17198486        35.56
       2.719     0.975000     17254627        40.00
       2.819     0.978125     17309248        45.71
       2.961     0.981250     17364570        53.33
       3.167     0.984375     17419857        64.00
       3.311     0.985938     17447370        71.11
       3.509     0.987500     17475003        80.00
       3.793     0.989062     17502657        91.43
       4.223     0.990625     17530292       106.67
       4.911     0.992188     17557976       128.00
       5.351     0.992969     17571785       142.22
       5.791     0.993750     17585631       160.00
       6.567     0.994531     17599431       182.86
       7.503     0.995313     17613237       213.33
       8.439     0.996094     17627102       256.00
       9.055     0.996484     17634039       284.44
       9.543     0.996875     17640874       320.00
      10.103     0.997266     17647804       365.71
      10.775     0.997656     17654706       426.67
      11.527     0.998047     17661649       512.00
      12.023     0.998242     17665065       568.89
      12.639     0.998437     17668524       640.00
      13.303     0.998633     17671975       731.43
      14.191     0.998828     17675446       853.33
      15.311     0.999023     17678902      1024.00
      15.839     0.999121     17680629      1137.78
      16.383     0.999219     17682347      1280.00
      17.039     0.999316     17684092      1462.86
      17.871     0.999414     17685812      1706.67
      18.863     0.999512     17687547      2048.00
      19.455     0.999561     17688400      2275.56
      20.319     0.999609     17689267      2560.00
      21.407     0.999658     17690125      2925.71
      22.655     0.999707     17690987      3413.33
      23.999     0.999756     17691863      4096.00
      24.719     0.999780     17692282      4551.11
      25.551     0.999805     17692718      5120.00
      26.447     0.999829     17693146      5851.43
      27.775     0.999854     17693580      6826.67
      29.071     0.999878     17694008      8192.00
      29.791     0.999890     17694226      9102.22
      30.591     0.999902     17694441     10240.00
      31.455     0.999915     17694656     11702.86
      32.447     0.999927     17694875     13653.33
      33.823     0.999939     17695088     16384.00
      34.687     0.999945     17695197     18204.44
      35.391     0.999951     17695305     20480.00
      36.351     0.999957     17695412     23405.71
      37.599     0.999963     17695520     27306.67
      39.199     0.999969     17695628     32768.00
      40.095     0.999973     17695684     36408.89
      41.055     0.999976     17695737     40960.00
      42.367     0.999979     17695790     46811.43
      44.095     0.999982     17695845     54613.33
      46.303     0.999985     17695898     65536.00
      47.871     0.999986     17695926     72817.78
      49.855     0.999988     17695953     81920.00
      51.519     0.999989     17695980     93622.86
      53.471     0.999991     17696006    109226.67
      55.071     0.999992     17696033    131072.00
      56.511     0.999993     17696048    145635.56
      57.439     0.999994     17696060    163840.00
      58.911     0.999995     17696074    187245.71
      60.479     0.999995     17696087    218453.33
      62.271     0.999996     17696101    262144.00
      63.871     0.999997     17696108    291271.11
      64.095     0.999997     17696114    327680.00
      65.247     0.999997     17696121    374491.43
      66.239     0.999998     17696128    436906.67
      67.007     0.999998     17696136    524288.00
      67.519     0.999998     17696139    582542.22
      67.967     0.999998     17696141    655360.00
      68.543     0.999999     17696145    748982.86
      69.823     0.999999     17696148    873813.33
      72.191     0.999999     17696152   1048576.00
      72.703     0.999999     17696153   1165084.44
      72.831     0.999999     17696155   1310720.00
      72.959     0.999999     17696157   1497965.71
      73.087     0.999999     17696158   1747626.67
      73.791     1.000000     17696160   2097152.00
      73.919     1.000000     17696161   2330168.89
      74.239     1.000000     17696162   2621440.00
      74.815     1.000000     17696163   2995931.43
      74.815     1.000000     17696163   3495253.33
      75.071     1.000000     17696164   4194304.00
      75.967     1.000000     17696165   4660337.78
      75.967     1.000000     17696165   5242880.00
      77.375     1.000000     17696166   5991862.86
      77.375     1.000000     17696166   6990506.67
      77.375     1.000000     17696166   8388608.00
      78.143     1.000000     17696167   9320675.55
      78.143     1.000000     17696167  10485760.00
      78.143     1.000000     17696167  11983725.71
      78.143     1.000000     17696167  13981013.34
      78.143     1.000000     17696167  16777216.00
      87.551     1.000000     17696168  18641351.10
      87.551     1.000000     17696168          inf
#[Mean    =        1.256, StdDeviation   =        1.108]
#[Max     =       87.488, Total count    =     17696168]
#[Buckets =           27, SubBuckets     =         2048]
----------------------------------------------------------
  17995995 requests in 10.00m, 3.00GB read
Requests/sec:  29993.32
Transfer/sec:      5.12MB
