Running 10m test @ http://localhost:9999/math/plus?x=1&y=2
  16 threads and 400 connections
  Thread calibration: mean lat.: 1.265ms, rate sampling interval: 10ms
  Thread calibration: mean lat.: 1.289ms, rate sampling interval: 10ms
  Thread calibration: mean lat.: 1.298ms, rate sampling interval: 10ms
  Thread calibration: mean lat.: 1.312ms, rate sampling interval: 10ms
  Thread calibration: mean lat.: 1.285ms, rate sampling interval: 10ms
  Thread calibration: mean lat.: 1.293ms, rate sampling interval: 10ms
  Thread calibration: mean lat.: 1.259ms, rate sampling interval: 10ms
  Thread calibration: mean lat.: 1.318ms, rate sampling interval: 10ms
  Thread calibration: mean lat.: 1.291ms, rate sampling interval: 10ms
  Thread calibration: mean lat.: 1.287ms, rate sampling interval: 10ms
  Thread calibration: mean lat.: 1.146ms, rate sampling interval: 10ms
  Thread calibration: mean lat.: 1.264ms, rate sampling interval: 10ms
  Thread calibration: mean lat.: 1.382ms, rate sampling interval: 10ms
  Thread calibration: mean lat.: 1.273ms, rate sampling interval: 10ms
  Thread calibration: mean lat.: 1.367ms, rate sampling interval: 10ms
  Thread calibration: mean lat.: 1.237ms, rate sampling interval: 10ms
  Thread Stats   Avg      Stdev     Max   +/- Stdev
    Latency     1.14ms    1.19ms  70.78ms   97.24%
    Req/Sec     1.98k   468.00     5.55k    75.60%
  Latency Distribution (HdrHistogram - Recorded Latency)
 50.000%    1.01ms
 75.000%    1.36ms
 90.000%    1.72ms
 99.000%    5.34ms
 99.900%   16.48ms
 99.990%   30.46ms
 99.999%   47.90ms
100.000%   70.85ms

  Detailed Percentile spectrum:
       Value   Percentile   TotalCount 1/(1-Percentile)

       0.068     0.000000            1         1.00
       0.422     0.100000      1771276         1.11
       0.597     0.200000      3541644         1.25
       0.743     0.300000      5312062         1.43
       0.878     0.400000      7082743         1.67
       1.008     0.500000      8857869         2.00
       1.072     0.550000      9736460         2.22
       1.138     0.600000     10628055         2.50
       1.206     0.650000     11505891         2.86
       1.280     0.700000     12398584         3.33
       1.360     0.750000     13278493         4.00
       1.404     0.775000     13717089         4.44
       1.453     0.800000     14164349         5.00
       1.506     0.825000     14602427         5.71
       1.566     0.850000     15044058         6.67
       1.635     0.875000     15489205         8.00
       1.673     0.887500     15705891         8.89
       1.716     0.900000     15928794        10.00
       1.764     0.912500     16150288        11.43
       1.820     0.925000     16372351        13.33
       1.888     0.937500     16592089        16.00
       1.929     0.943750     16702117        17.78
       1.977     0.950000     16812007        20.00
       2.037     0.956250     16923661        22.86
       2.115     0.962500     17033098        26.67
       2.233     0.968750     17144252        32.00
       2.321     0.971875     17199644        35.56
       2.441     0.975000     17254189        40.00
       2.623     0.978125     17309211        45.71
       2.923     0.981250     17364581        53.33
       3.483     0.984375     17419834        64.00
       3.931     0.985938     17447409        71.11
       4.451     0.987500     17475208        80.00
       5.027     0.989062     17502859        91.43
       5.555     0.990625     17530496       106.67
       6.459     0.992188     17558091       128.00
       7.087     0.992969     17571841       142.22
       7.787     0.993750     17585705       160.00
       8.495     0.994531     17599548       182.86
       9.175     0.995313     17613404       213.33
       9.823     0.996094     17627150       256.00
      10.327     0.996484     17634130       284.44
      10.895     0.996875     17641003       320.00
      11.623     0.997266     17647923       365.71
      12.391     0.997656     17654776       426.67
      13.207     0.998047     17661701       512.00
      13.599     0.998242     17665214       568.89
      14.111     0.998437     17668608       640.00
      14.799     0.998633     17672083       731.43
      15.663     0.998828     17675532       853.33
      16.591     0.999023     17679010      1024.00
      17.071     0.999121     17680719      1137.78
      17.439     0.999219     17682466      1280.00
      17.903     0.999316     17684161      1462.86
      18.703     0.999414     17685896      1706.67
      19.871     0.999512     17687618      2048.00
      20.623     0.999561     17688474      2275.56
      21.471     0.999609     17689338      2560.00
      22.399     0.999658     17690202      2925.71
      23.343     0.999707     17691069      3413.33
      24.447     0.999756     17691939      4096.00
      25.135     0.999780     17692361      4551.11
      25.967     0.999805     17692796      5120.00
      26.783     0.999829     17693229      5851.43
      27.807     0.999854     17693657      6826.67
      29.151     0.999878     17694094      8192.00
      29.871     0.999890     17694304      9102.22
      30.575     0.999902     17694520     10240.00
      31.631     0.999915     17694738     11702.86
      32.639     0.999927     17694955     13653.33
      34.111     0.999939     17695172     16384.00
      34.879     0.999945     17695278     18204.44
      35.743     0.999951     17695384     20480.00
      36.831     0.999957     17695492     23405.71
      38.047     0.999963     17695600     27306.67
      39.423     0.999969     17695708     32768.00
      40.255     0.999973     17695766     36408.89
      41.215     0.999976     17695817     40960.00
      42.623     0.999979     17695871     46811.43
      44.095     0.999982     17695924     54613.33
      45.631     0.999985     17695978     65536.00
      46.239     0.999986     17696006     72817.78
      47.007     0.999988     17696033     81920.00
      47.647     0.999989     17696059     93622.86
      48.543     0.999991     17696087    109226.67
      49.407     0.999992     17696114    131072.00
      50.143     0.999993     17696127    145635.56
      51.071     0.999994     17696140    163840.00
      51.999     0.999995     17696154    187245.71
      52.991     0.999995     17696168    218453.33
      53.791     0.999996     17696182    262144.00
      54.463     0.999997     17696188    291271.11
      54.783     0.999997     17696194    327680.00
      55.839     0.999997     17696201    374491.43
      56.959     0.999998     17696208    436906.67
      58.719     0.999998     17696215    524288.00
      59.039     0.999998     17696218    582542.22
      60.351     0.999998     17696221    655360.00
      61.343     0.999999     17696226    748982.86
      62.175     0.999999     17696228    873813.33
      63.423     0.999999     17696232   1048576.00
      64.159     0.999999     17696233   1165084.44
      64.319     0.999999     17696235   1310720.00
      65.727     0.999999     17696237   1497965.71
      66.559     0.999999     17696238   1747626.67
      68.735     1.000000     17696240   2097152.00
      68.991     1.000000     17696241   2330168.89
      69.375     1.000000     17696242   2621440.00
      70.079     1.000000     17696243   2995931.43
      70.079     1.000000     17696243   3495253.33
      70.143     1.000000     17696244   4194304.00
      70.463     1.000000     17696245   4660337.78
      70.463     1.000000     17696245   5242880.00
      70.783     1.000000     17696247   5991862.86
      70.783     1.000000     17696247   6990506.67
      70.783     1.000000     17696247   8388608.00
      70.783     1.000000     17696247   9320675.55
      70.783     1.000000     17696247  10485760.00
      70.783     1.000000     17696247  11983725.71
      70.783     1.000000     17696247  13981013.34
      70.783     1.000000     17696247  16777216.00
      70.847     1.000000     17696248  18641351.10
      70.847     1.000000     17696248          inf
#[Mean    =        1.144, StdDeviation   =        1.190]
#[Max     =       70.784, Total count    =     17696248]
#[Buckets =           27, SubBuckets     =         2048]
----------------------------------------------------------
  17996280 requests in 10.00m, 3.00GB read
Requests/sec:  29993.78
Transfer/sec:      5.12MB
