Running 10m test @ http://localhost:9999/math/plus?x=1&y=2
  16 threads and 400 connections
  Thread calibration: mean lat.: 1.039ms, rate sampling interval: 10ms
  Thread calibration: mean lat.: 1.039ms, rate sampling interval: 10ms
  Thread calibration: mean lat.: 1.091ms, rate sampling interval: 10ms
  Thread calibration: mean lat.: 1.081ms, rate sampling interval: 10ms
  Thread calibration: mean lat.: 1.069ms, rate sampling interval: 10ms
  Thread calibration: mean lat.: 1.078ms, rate sampling interval: 10ms
  Thread calibration: mean lat.: 1.057ms, rate sampling interval: 10ms
  Thread calibration: mean lat.: 1.076ms, rate sampling interval: 10ms
  Thread calibration: mean lat.: 1.049ms, rate sampling interval: 10ms
  Thread calibration: mean lat.: 1.063ms, rate sampling interval: 10ms
  Thread calibration: mean lat.: 1.052ms, rate sampling interval: 10ms
  Thread calibration: mean lat.: 1.335ms, rate sampling interval: 10ms
  Thread calibration: mean lat.: 1.331ms, rate sampling interval: 10ms
  Thread calibration: mean lat.: 1.090ms, rate sampling interval: 10ms
  Thread calibration: mean lat.: 1.028ms, rate sampling interval: 10ms
  Thread calibration: mean lat.: 1.067ms, rate sampling interval: 10ms
  Thread Stats   Avg      Stdev     Max   +/- Stdev
    Latency     1.10ms    0.93ms  67.14ms   93.75%
    Req/Sec     1.98k   429.28     5.78k    80.86%
  Latency Distribution (HdrHistogram - Recorded Latency)
 50.000%    1.00ms
 75.000%    1.36ms
 90.000%    1.75ms
 99.000%    3.65ms
 99.900%   11.72ms
 99.990%   28.61ms
 99.999%   48.90ms
100.000%   67.20ms

  Detailed Percentile spectrum:
       Value   Percentile   TotalCount 1/(1-Percentile)

       0.067     0.000000            1         1.00
       0.401     0.100000      1778220         1.11
       0.576     0.200000      3548932         1.25
       0.725     0.300000      5316101         1.43
       0.863     0.400000      7080001         1.67
       0.998     0.500000      8854761         2.00
       1.065     0.550000      9741651         2.22
       1.132     0.600000     10626627         2.50
       1.200     0.650000     11506708         2.86
       1.273     0.700000     12389279         3.33
       1.356     0.750000     13281415         4.00
       1.402     0.775000     13717536         4.44
       1.454     0.800000     14163728         5.00
       1.512     0.825000     14605656         5.71
       1.578     0.850000     15045199         6.67
       1.656     0.875000     15488114         8.00
       1.700     0.887500     15705808         8.89
       1.750     0.900000     15929110        10.00
       1.806     0.912500     16150710        11.43
       1.871     0.925000     16369500        13.33
       1.952     0.937500     16592325        16.00
       2.001     0.943750     16702247        17.78
       2.059     0.950000     16813277        20.00
       2.129     0.956250     16924089        22.86
       2.217     0.962500     17034262        26.67
       2.331     0.968750     17143656        32.00
       2.403     0.971875     17198874        35.56
       2.491     0.975000     17254329        40.00
       2.601     0.978125     17309134        45.71
       2.751     0.981250     17364543        53.33
       2.963     0.984375     17419717        64.00
       3.105     0.985938     17447305        71.11
       3.279     0.987500     17475013        80.00
       3.491     0.989062     17502780        91.43
       3.765     0.990625     17530401       106.67
       4.123     0.992188     17557916       128.00
       4.363     0.992969     17571883       142.22
       4.679     0.993750     17585645       160.00
       5.131     0.994531     17599402       182.86
       5.743     0.995313     17613226       213.33
       6.443     0.996094     17627021       256.00
       6.871     0.996484     17633946       284.44
       7.407     0.996875     17640886       320.00
       7.911     0.997266     17647755       365.71
       8.415     0.997656     17654718       426.67
       9.167     0.998047     17661597       512.00
       9.599     0.998242     17665049       568.89
      10.055     0.998437     17668543       640.00
      10.519     0.998633     17671981       731.43
      11.071     0.998828     17675423       853.33
      11.807     0.999023     17678863      1024.00
      12.183     0.999121     17680621      1137.78
      12.559     0.999219     17682339      1280.00
      13.047     0.999316     17684072      1462.86
      13.607     0.999414     17685778      1706.67
      14.527     0.999512     17687500      2048.00
      15.127     0.999561     17688368      2275.56
      15.839     0.999609     17689229      2560.00
      16.639     0.999658     17690095      2925.71
      17.455     0.999707     17690963      3413.33
      18.687     0.999756     17691820      4096.00
      19.567     0.999780     17692253      4551.11
      20.735     0.999805     17692687      5120.00
      22.111     0.999829     17693116      5851.43
      23.919     0.999854     17693551      6826.67
      26.223     0.999878     17693981      8192.00
      27.407     0.999890     17694198      9102.22
      28.831     0.999902     17694412     10240.00
      30.175     0.999915     17694628     11702.86
      31.823     0.999927     17694844     13653.33
      33.887     0.999939     17695067     16384.00
      34.719     0.999945     17695172     18204.44
      35.615     0.999951     17695277     20480.00
      36.831     0.999957     17695384     23405.71
      38.559     0.999963     17695493     27306.67
      39.807     0.999969     17695602     32768.00
      40.671     0.999973     17695657     36408.89
      41.631     0.999976     17695708     40960.00
      42.911     0.999979     17695764     46811.43
      44.383     0.999982     17695816     54613.33
      46.047     0.999985     17695871     65536.00
      46.815     0.999986     17695898     72817.78
      47.551     0.999988     17695924     81920.00
      48.287     0.999989     17695952     93622.86
      49.151     0.999991     17695978    109226.67
      50.655     0.999992     17696005    131072.00
      51.295     0.999993     17696019    145635.56
      51.967     0.999994     17696032    163840.00
      52.991     0.999995     17696046    187245.71
      54.015     0.999995     17696059    218453.33
      55.071     0.999996     17696073    262144.00
      55.839     0.999997     17696080    291271.11
      56.255     0.999997     17696086    327680.00
      56.543     0.999997     17696093    374491.43
      57.375     0.999998     17696100    436906.67
      57.887     0.999998     17696107    524288.00
      58.527     0.999998     17696110    582542.22
      58.751     0.999998     17696114    655360.00
      59.807     0.999999     17696117    748982.86
      59.999     0.999999     17696120    873813.33
      61.055     0.999999     17696124   1048576.00
      61.247     0.999999     17696125   1165084.44
      61.855     0.999999     17696127   1310720.00
      62.719     0.999999     17696129   1497965.71
      63.039     0.999999     17696130   1747626.67
      64.287     1.000000     17696132   2097152.00
      64.383     1.000000     17696133   2330168.89
      64.415     1.000000     17696134   2621440.00
      64.479     1.000000     17696135   2995931.43
      64.479     1.000000     17696135   3495253.33
      64.735     1.000000     17696136   4194304.00
      65.183     1.000000     17696137   4660337.78
      65.183     1.000000     17696137   5242880.00
      65.311     1.000000     17696138   5991862.86
      65.311     1.000000     17696138   6990506.67
      65.311     1.000000     17696138   8388608.00
      67.071     1.000000     17696139   9320675.55
      67.071     1.000000     17696139  10485760.00
      67.071     1.000000     17696139  11983725.71
      67.071     1.000000     17696139  13981013.34
      67.071     1.000000     17696139  16777216.00
      67.199     1.000000     17696140  18641351.10
      67.199     1.000000     17696140          inf
#[Mean    =        1.100, StdDeviation   =        0.930]
#[Max     =       67.136, Total count    =     17696140]
#[Buckets =           27, SubBuckets     =         2048]
----------------------------------------------------------
  17994683 requests in 10.00m, 3.00GB read
Requests/sec:  29991.13
Transfer/sec:      5.12MB
