Running 10m test @ http://localhost:9999/math/plus?x=1&y=2
  16 threads and 400 connections
  Thread calibration: mean lat.: 1.360ms, rate sampling interval: 10ms
  Thread calibration: mean lat.: 1.343ms, rate sampling interval: 10ms
  Thread calibration: mean lat.: 1.338ms, rate sampling interval: 10ms
  Thread calibration: mean lat.: 1.432ms, rate sampling interval: 10ms
  Thread calibration: mean lat.: 1.261ms, rate sampling interval: 10ms
  Thread calibration: mean lat.: 1.304ms, rate sampling interval: 10ms
  Thread calibration: mean lat.: 1.362ms, rate sampling interval: 10ms
  Thread calibration: mean lat.: 1.327ms, rate sampling interval: 10ms
  Thread calibration: mean lat.: 1.340ms, rate sampling interval: 10ms
  Thread calibration: mean lat.: 1.338ms, rate sampling interval: 10ms
  Thread calibration: mean lat.: 1.198ms, rate sampling interval: 10ms
  Thread calibration: mean lat.: 1.247ms, rate sampling interval: 10ms
  Thread calibration: mean lat.: 1.384ms, rate sampling interval: 10ms
  Thread calibration: mean lat.: 1.341ms, rate sampling interval: 10ms
  Thread calibration: mean lat.: 1.230ms, rate sampling interval: 10ms
  Thread calibration: mean lat.: 1.258ms, rate sampling interval: 10ms
  Thread Stats   Avg      Stdev     Max   +/- Stdev
    Latency     1.19ms    1.07ms  68.93ms   95.21%
    Req/Sec     1.32k   647.65     4.10k    62.73%
  Latency Distribution (HdrHistogram - Recorded Latency)
 50.000%    1.06ms
 75.000%    1.44ms
 90.000%    1.85ms
 99.000%    4.87ms
 99.900%   13.97ms
 99.990%   27.06ms
 99.999%   39.29ms
100.000%   68.99ms

  Detailed Percentile spectrum:
       Value   Percentile   TotalCount 1/(1-Percentile)

       0.076     0.000000            1         1.00
       0.421     0.100000      1185075         1.11
       0.609     0.200000      2361472         1.25
       0.773     0.300000      3541710         1.43
       0.919     0.400000      4723286         1.67
       1.058     0.500000      5903343         2.00
       1.127     0.550000      6494457         2.22
       1.196     0.600000      7081702         2.50
       1.270     0.650000      7674289         2.86
       1.349     0.700000      8260684         3.33
       1.440     0.750000      8852675         4.00
       1.490     0.775000      9144978         4.44
       1.545     0.800000      9440849         5.00
       1.606     0.825000      9736259         5.71
       1.674     0.850000     10031859         6.67
       1.752     0.875000     10326077         8.00
       1.796     0.887500     10471875         8.89
       1.847     0.900000     10619805        10.00
       1.907     0.912500     10765979        11.43
       1.981     0.925000     10913350        13.33
       2.079     0.937500     11061254        16.00
       2.145     0.943750     11135387        17.78
       2.227     0.950000     11209176        20.00
       2.329     0.956250     11281862        22.86
       2.459     0.962500     11355429        26.67
       2.633     0.968750     11429505        32.00
       2.747     0.971875     11466101        35.56
       2.899     0.975000     11502585        40.00
       3.111     0.978125     11539606        45.71
       3.381     0.981250     11576479        53.33
       3.733     0.984375     11613239        64.00
       3.969     0.985938     11631702        71.11
       4.251     0.987500     11650043        80.00
       4.607     0.989062     11668528        91.43
       5.079     0.990625     11686930       106.67
       5.719     0.992188     11705408       128.00
       6.115     0.992969     11714584       142.22
       6.551     0.993750     11723767       160.00
       7.059     0.994531     11732985       182.86
       7.619     0.995313     11742246       213.33
       8.255     0.996094     11751467       256.00
       8.599     0.996484     11756019       284.44
       9.007     0.996875     11760645       320.00
       9.503     0.997266     11765279       365.71
      10.111     0.997656     11769848       426.67
      10.863     0.998047     11774462       512.00
      11.343     0.998242     11776768       568.89
      11.863     0.998437     11779086       640.00
      12.423     0.998633     11781385       731.43
      13.159     0.998828     11783678       853.33
      14.095     0.999023     11785984      1024.00
      14.623     0.999121     11787137      1137.78
      15.215     0.999219     11788278      1280.00
      15.863     0.999316     11789436      1462.86
      16.607     0.999414     11790598      1706.67
      17.647     0.999512     11791742      2048.00
      18.271     0.999561     11792313      2275.56
      18.943     0.999609     11792891      2560.00
      19.727     0.999658     11793463      2925.71
      20.655     0.999707     11794042      3413.33
      21.967     0.999756     11794619      4096.00
      22.639     0.999780     11794901      4551.11
      23.343     0.999805     11795196      5120.00
      24.159     0.999829     11795482      5851.43
      24.991     0.999854     11795767      6826.67
      25.935     0.999878     11796058      8192.00
      26.623     0.999890     11796199      9102.22
      27.199     0.999902     11796345     10240.00
      27.935     0.999915     11796487     11702.86
      28.703     0.999927     11796631     13653.33
      29.615     0.999939     11796775     16384.00
      30.287     0.999945     11796845     18204.44
      30.943     0.999951     11796917     20480.00
      31.631     0.999957     11796989     23405.71
      32.367     0.999963     11797061     27306.67
      33.279     0.999969     11797133     32768.00
      33.791     0.999973     11797169     36408.89
      34.463     0.999976     11797205     40960.00
      35.167     0.999979     11797241     46811.43
      35.807     0.999982     11797277     54613.33
      36.511     0.999985     11797313     65536.00
      37.311     0.999986     11797331     72817.78
      38.367     0.999988     11797349     81920.00
      39.103     0.999989     11797368     93622.86
      39.743     0.999991     11797385    109226.67
      40.991     0.999992     11797403    131072.00
      41.855     0.999993     11797412    145635.56
      42.495     0.999994     11797421    163840.00
      42.879     0.999995     11797430    187245.71
      43.231     0.999995     11797439    218453.33
      44.479     0.999996     11797448    262144.00
      45.407     0.999997     11797453    291271.11
      46.783     0.999997     11797457    327680.00
      48.895     0.999997     11797462    374491.43
      49.919     0.999998     11797466    436906.67
      57.023     0.999998     11797471    524288.00
      57.215     0.999998     11797473    582542.22
      57.855     0.999998     11797475    655360.00
      58.783     0.999999     11797478    748982.86
      60.415     0.999999     11797480    873813.33
      60.831     0.999999     11797482   1048576.00
      60.927     0.999999     11797483   1165084.44
      62.303     0.999999     11797484   1310720.00
      63.295     0.999999     11797486   1497965.71
      63.775     0.999999     11797487   1747626.67
      63.871     1.000000     11797488   2097152.00
      63.871     1.000000     11797488   2330168.89
      64.511     1.000000     11797489   2621440.00
      67.903     1.000000     11797490   2995931.43
      67.903     1.000000     11797490   3495253.33
      67.967     1.000000     11797491   4194304.00
      67.967     1.000000     11797491   4660337.78
      67.967     1.000000     11797491   5242880.00
      68.991     1.000000     11797493   5991862.86
      68.991     1.000000     11797493          inf
#[Mean    =        1.191, StdDeviation   =        1.071]
#[Max     =       68.928, Total count    =     11797493]
#[Buckets =           27, SubBuckets     =         2048]
----------------------------------------------------------
  11996467 requests in 10.00m, 2.00GB read
Requests/sec:  19994.06
Transfer/sec:      3.41MB
