Running 10m test @ http://localhost:9999/math/plus?x=1&y=2
  16 threads and 400 connections
  Thread calibration: mean lat.: 1.838ms, rate sampling interval: 10ms
  Thread calibration: mean lat.: 1.697ms, rate sampling interval: 10ms
  Thread calibration: mean lat.: 1.921ms, rate sampling interval: 10ms
  Thread calibration: mean lat.: 1.874ms, rate sampling interval: 10ms
  Thread calibration: mean lat.: 1.935ms, rate sampling interval: 10ms
  Thread calibration: mean lat.: 1.890ms, rate sampling interval: 10ms
  Thread calibration: mean lat.: 1.959ms, rate sampling interval: 10ms
  Thread calibration: mean lat.: 1.877ms, rate sampling interval: 10ms
  Thread calibration: mean lat.: 1.889ms, rate sampling interval: 10ms
  Thread calibration: mean lat.: 1.949ms, rate sampling interval: 10ms
  Thread calibration: mean lat.: 1.801ms, rate sampling interval: 10ms
  Thread calibration: mean lat.: 1.869ms, rate sampling interval: 10ms
  Thread calibration: mean lat.: 1.873ms, rate sampling interval: 10ms
  Thread calibration: mean lat.: 1.898ms, rate sampling interval: 10ms
  Thread calibration: mean lat.: 1.595ms, rate sampling interval: 10ms
  Thread calibration: mean lat.: 1.594ms, rate sampling interval: 10ms
  Thread Stats   Avg      Stdev     Max   +/- Stdev
    Latency     1.82ms    2.30ms  89.02ms   95.20%
    Req/Sec     1.32k   533.69     5.55k    58.19%
  Latency Distribution (HdrHistogram - Recorded Latency)
 50.000%    1.34ms
 75.000%    2.08ms
 90.000%    3.03ms
 99.000%   11.98ms
 99.900%   27.81ms
 99.990%   51.81ms
 99.999%   73.15ms
100.000%   89.09ms

  Detailed Percentile spectrum:
       Value   Percentile   TotalCount 1/(1-Percentile)

       0.076     0.000000            1         1.00
       0.496     0.100000      1181943         1.11
       0.737     0.200000      2364343         1.25
       0.949     0.300000      3543198         1.43
       1.143     0.400000      4724737         1.67
       1.341     0.500000      5900543         2.00
       1.456     0.550000      6493439         2.22
       1.582     0.600000      7080555         2.50
       1.723     0.650000      7669325         2.86
       1.886     0.700000      8260640         3.33
       2.077     0.750000      8852396         4.00
       2.187     0.775000      9146209         4.44
       2.309     0.800000      9440203         5.00
       2.445     0.825000      9734192         5.71
       2.601     0.850000     10028387         6.67
       2.791     0.875000     10324774         8.00
       2.901     0.887500     10472439         8.89
       3.025     0.900000     10618590        10.00
       3.173     0.912500     10766802        11.43
       3.357     0.925000     10913907        13.33
       3.607     0.937500     11061129        16.00
       3.787     0.943750     11134658        17.78
       4.031     0.950000     11208129        20.00
       4.383     0.956250     11281753        22.86
       4.955     0.962500     11355259        26.67
       5.911     0.968750     11428974        32.00
       6.523     0.971875     11465861        35.56
       7.215     0.975000     11502719        40.00
       7.959     0.978125     11539594        45.71
       8.767     0.981250     11576504        53.33
       9.719     0.984375     11613299        64.00
      10.247     0.985938     11631737        71.11
      10.855     0.987500     11650159        80.00
      11.527     0.989062     11668645        91.43
      12.295     0.990625     11686966       106.67
      13.199     0.992188     11705416       128.00
      13.719     0.992969     11714632       142.22
      14.303     0.993750     11723805       160.00
      14.983     0.994531     11733055       182.86
      15.847     0.995313     11742272       213.33
      17.071     0.996094     11751557       256.00
      17.823     0.996484     11756129       284.44
      18.607     0.996875     11760724       320.00
      19.535     0.997266     11765287       365.71
      20.735     0.997656     11769898       426.67
      22.351     0.998047     11774526       512.00
      23.215     0.998242     11776831       568.89
      24.127     0.998437     11779111       640.00
      25.215     0.998633     11781404       731.43
      26.495     0.998828     11783728       853.33
      28.015     0.999023     11786025      1024.00
      28.863     0.999121     11787176      1137.78
      29.743     0.999219     11788334      1280.00
      30.879     0.999316     11789469      1462.86
      32.095     0.999414     11790640      1706.67
      33.471     0.999512     11791778      2048.00
      34.335     0.999561     11792359      2275.56
      35.391     0.999609     11792934      2560.00
      36.703     0.999658     11793510      2925.71
      38.367     0.999707     11794080      3413.33
      40.415     0.999756     11794659      4096.00
      41.791     0.999780     11794941      4551.11
      43.487     0.999805     11795230      5120.00
      45.247     0.999829     11795519      5851.43
      47.455     0.999854     11795807      6826.67
      49.727     0.999878     11796094      8192.00
      50.815     0.999890     11796237      9102.22
      52.031     0.999902     11796382     10240.00
      53.407     0.999915     11796526     11702.86
      55.263     0.999927     11796670     13653.33
      56.831     0.999939     11796816     16384.00
      58.111     0.999945     11796886     18204.44
      59.359     0.999951     11796958     20480.00
      60.991     0.999957     11797029     23405.71
      62.751     0.999963     11797101     27306.67
      64.543     0.999969     11797174     32768.00
      65.663     0.999973     11797209     36408.89
      66.751     0.999976     11797246     40960.00
      67.711     0.999979     11797283     46811.43
      68.735     0.999982     11797318     54613.33
      70.207     0.999985     11797353     65536.00
      70.783     0.999986     11797371     72817.78
      71.615     0.999988     11797389     81920.00
      72.895     0.999989     11797407     93622.86
      73.471     0.999991     11797425    109226.67
      74.303     0.999992     11797443    131072.00
      75.263     0.999993     11797452    145635.56
      76.159     0.999994     11797461    163840.00
      77.823     0.999995     11797471    187245.71
      78.527     0.999995     11797481    218453.33
      78.911     0.999996     11797489    262144.00
      79.295     0.999997     11797493    291271.11
      81.151     0.999997     11797498    327680.00
      81.791     0.999997     11797502    374491.43
      82.303     0.999998     11797507    436906.67
      82.751     0.999998     11797511    524288.00
      83.071     0.999998     11797513    582542.22
      83.263     0.999998     11797515    655360.00
      83.711     0.999999     11797518    748982.86
      83.839     0.999999     11797520    873813.33
      84.159     0.999999     11797522   1048576.00
      84.351     0.999999     11797523   1165084.44
      85.567     0.999999     11797524   1310720.00
      86.655     0.999999     11797526   1497965.71
      87.807     0.999999     11797527   1747626.67
      88.063     1.000000     11797528   2097152.00
      88.063     1.000000     11797528   2330168.89
      88.127     1.000000     11797529   2621440.00
      88.255     1.000000     11797530   2995931.43
      88.255     1.000000     11797530   3495253.33
      88.639     1.000000     11797531   4194304.00
      88.639     1.000000     11797531   4660337.78
      88.639     1.000000     11797531   5242880.00
      88.895     1.000000     11797532   5991862.86
      88.895     1.000000     11797532   6990506.67
      88.895     1.000000     11797532   8388608.00
      88.895     1.000000     11797532   9320675.55
      88.895     1.000000     11797532  10485760.00
      89.087     1.000000     11797533  11983725.71
      89.087     1.000000     11797533          inf
#[Mean    =        1.821, StdDeviation   =        2.303]
#[Max     =       89.024, Total count    =     11797533]
#[Buckets =           27, SubBuckets     =         2048]
----------------------------------------------------------
  11998868 requests in 10.00m, 2.00GB read
Requests/sec:  19998.10
Transfer/sec:      3.41MB
