Running 10m test @ http://localhost:9999/math/plus?x=1&y=2
  16 threads and 400 connections
  Thread calibration: mean lat.: 2.083ms, rate sampling interval: 10ms
  Thread calibration: mean lat.: 2.161ms, rate sampling interval: 10ms
  Thread calibration: mean lat.: 2.086ms, rate sampling interval: 10ms
  Thread calibration: mean lat.: 2.170ms, rate sampling interval: 10ms
  Thread calibration: mean lat.: 2.269ms, rate sampling interval: 10ms
  Thread calibration: mean lat.: 2.105ms, rate sampling interval: 10ms
  Thread calibration: mean lat.: 2.233ms, rate sampling interval: 10ms
  Thread calibration: mean lat.: 2.232ms, rate sampling interval: 10ms
  Thread calibration: mean lat.: 2.122ms, rate sampling interval: 10ms
  Thread calibration: mean lat.: 2.220ms, rate sampling interval: 10ms
  Thread calibration: mean lat.: 1.723ms, rate sampling interval: 10ms
  Thread calibration: mean lat.: 2.149ms, rate sampling interval: 10ms
  Thread calibration: mean lat.: 2.006ms, rate sampling interval: 10ms
  Thread calibration: mean lat.: 2.092ms, rate sampling interval: 10ms
  Thread calibration: mean lat.: 2.154ms, rate sampling interval: 10ms
  Thread calibration: mean lat.: 2.164ms, rate sampling interval: 10ms
  Thread Stats   Avg      Stdev     Max   +/- Stdev
    Latency     1.75ms    1.75ms  71.87ms   91.85%
    Req/Sec     1.32k   501.22     4.00k    65.00%
  Latency Distribution (HdrHistogram - Recorded Latency)
 50.000%    1.36ms
 75.000%    2.08ms
 90.000%    3.22ms
 99.000%    8.46ms
 99.900%   20.40ms
 99.990%   36.51ms
 99.999%   51.74ms
100.000%   71.93ms

  Detailed Percentile spectrum:
       Value   Percentile   TotalCount 1/(1-Percentile)

       0.080     0.000000            1         1.00
       0.513     0.100000      1182594         1.11
       0.760     0.200000      2362829         1.25
       0.974     0.300000      3542146         1.43
       1.165     0.400000      4722556         1.67
       1.361     0.500000      5902557         2.00
       1.473     0.550000      6490142         2.22
       1.596     0.600000      7078514         2.50
       1.730     0.650000      7669666         2.86
       1.884     0.700000      8260333         3.33
       2.075     0.750000      8848486         4.00
       2.193     0.775000      9144347         4.44
       2.329     0.800000      9439761         5.00
       2.485     0.825000      9733591         5.71
       2.679     0.850000     10029208         6.67
       2.921     0.875000     10322899         8.00
       3.063     0.887500     10470852         8.89
       3.221     0.900000     10618399        10.00
       3.401     0.912500     10765369        11.43
       3.611     0.925000     10913683        13.33
       3.877     0.937500     11060674        16.00
       4.023     0.943750     11134456        17.78
       4.179     0.950000     11208228        20.00
       4.355     0.956250     11281525        22.86
       4.563     0.962500     11355743        26.67
       4.815     0.968750     11429566        32.00
       4.967     0.971875     11466466        35.56
       5.151     0.975000     11502627        40.00
       5.395     0.978125     11539507        45.71
       5.767     0.981250     11576536        53.33
       6.463     0.984375     11613292        64.00
       7.003     0.985938     11631629        71.11
       7.559     0.987500     11650057        80.00
       8.107     0.989062     11668574        91.43
       8.775     0.990625     11687037       106.67
       9.703     0.992188     11705397       128.00
      10.239     0.992969     11714584       142.22
      10.807     0.993750     11723791       160.00
      11.423     0.994531     11733045       182.86
      12.039     0.995313     11742292       213.33
      12.791     0.996094     11751457       256.00
      13.311     0.996484     11756056       284.44
      13.935     0.996875     11760663       320.00
      14.631     0.997266     11765264       365.71
      15.471     0.997656     11769887       426.67
      16.447     0.998047     11774483       512.00
      16.975     0.998242     11776809       568.89
      17.583     0.998437     11779096       640.00
      18.351     0.998633     11781377       731.43
      19.359     0.998828     11783694       853.33
      20.607     0.999023     11786006      1024.00
      21.503     0.999121     11787145      1137.78
      22.431     0.999219     11788292      1280.00
      23.471     0.999316     11789437      1462.86
      24.591     0.999414     11790598      1706.67
      25.839     0.999512     11791742      2048.00
      26.559     0.999561     11792328      2275.56
      27.359     0.999609     11792893      2560.00
      28.191     0.999658     11793476      2925.71
      29.199     0.999707     11794051      3413.33
      30.463     0.999756     11794628      4096.00
      31.231     0.999780     11794911      4551.11
      31.999     0.999805     11795197      5120.00
      32.831     0.999829     11795489      5851.43
      33.983     0.999854     11795772      6826.67
      35.231     0.999878     11796062      8192.00
      35.935     0.999890     11796206      9102.22
      36.703     0.999902     11796364     10240.00
      37.343     0.999915     11796494     11702.86
      38.303     0.999927     11796639     13653.33
      39.263     0.999939     11796781     16384.00
      39.679     0.999945     11796856     18204.44
      40.319     0.999951     11796926     20480.00
      41.439     0.999957     11796996     23405.71
      42.815     0.999963     11797068     27306.67
      44.415     0.999969     11797140     32768.00
      45.023     0.999973     11797176     36408.89
      45.695     0.999976     11797214     40960.00
      46.303     0.999979     11797248     46811.43
      47.455     0.999982     11797286     54613.33
      48.191     0.999985     11797321     65536.00
      49.087     0.999986     11797339     72817.78
      49.695     0.999988     11797356     81920.00
      51.199     0.999989     11797376     93622.86
      52.415     0.999991     11797392    109226.67
      53.151     0.999992     11797410    131072.00
      53.695     0.999993     11797419    145635.56
      54.271     0.999994     11797428    163840.00
      54.943     0.999995     11797437    187245.71
      55.679     0.999995     11797446    218453.33
      57.727     0.999996     11797455    262144.00
      58.655     0.999997     11797460    291271.11
      59.231     0.999997     11797464    327680.00
      59.455     0.999997     11797469    374491.43
      59.967     0.999998     11797473    436906.67
      60.607     0.999998     11797478    524288.00
      60.991     0.999998     11797480    582542.22
      61.247     0.999998     11797482    655360.00
      63.391     0.999999     11797485    748982.86
      63.743     0.999999     11797487    873813.33
      63.871     0.999999     11797489   1048576.00
      64.031     0.999999     11797490   1165084.44
      64.095     0.999999     11797491   1310720.00
      64.639     0.999999     11797493   1497965.71
      65.087     0.999999     11797494   1747626.67
      67.967     1.000000     11797495   2097152.00
      67.967     1.000000     11797495   2330168.89
      68.159     1.000000     11797496   2621440.00
      68.671     1.000000     11797497   2995931.43
      68.671     1.000000     11797497   3495253.33
      68.735     1.000000     11797498   4194304.00
      68.735     1.000000     11797498   4660337.78
      68.735     1.000000     11797498   5242880.00
      71.487     1.000000     11797499   5991862.86
      71.487     1.000000     11797499   6990506.67
      71.487     1.000000     11797499   8388608.00
      71.487     1.000000     11797499   9320675.55
      71.487     1.000000     11797499  10485760.00
      71.935     1.000000     11797500  11983725.71
      71.935     1.000000     11797500          inf
#[Mean    =        1.748, StdDeviation   =        1.745]
#[Max     =       71.872, Total count    =     11797500]
#[Buckets =           27, SubBuckets     =         2048]
----------------------------------------------------------
  11998805 requests in 10.00m, 2.00GB read
Requests/sec:  19997.99
Transfer/sec:      3.41MB
