Running 10m test @ http://localhost:9999/math/plus?x=1&y=2
  16 threads and 400 connections
  Thread calibration: mean lat.: 1.892ms, rate sampling interval: 10ms
  Thread calibration: mean lat.: 1.927ms, rate sampling interval: 10ms
  Thread calibration: mean lat.: 1.940ms, rate sampling interval: 10ms
  Thread calibration: mean lat.: 2.008ms, rate sampling interval: 10ms
  Thread calibration: mean lat.: 1.948ms, rate sampling interval: 10ms
  Thread calibration: mean lat.: 1.958ms, rate sampling interval: 10ms
  Thread calibration: mean lat.: 1.940ms, rate sampling interval: 10ms
  Thread calibration: mean lat.: 1.983ms, rate sampling interval: 10ms
  Thread calibration: mean lat.: 1.914ms, rate sampling interval: 10ms
  Thread calibration: mean lat.: 1.866ms, rate sampling interval: 10ms
  Thread calibration: mean lat.: 2.028ms, rate sampling interval: 10ms
  Thread calibration: mean lat.: 1.877ms, rate sampling interval: 10ms
  Thread calibration: mean lat.: 1.938ms, rate sampling interval: 10ms
  Thread calibration: mean lat.: 2.029ms, rate sampling interval: 10ms
  Thread calibration: mean lat.: 1.965ms, rate sampling interval: 10ms
  Thread calibration: mean lat.: 1.846ms, rate sampling interval: 10ms
  Thread Stats   Avg      Stdev     Max   +/- Stdev
    Latency     1.32ms    1.59ms  89.47ms   97.22%
    Req/Sec     1.98k   525.38     6.22k    72.04%
  Latency Distribution (HdrHistogram - Recorded Latency)
 50.000%    1.11ms
 75.000%    1.54ms
 90.000%    1.97ms
 99.000%    7.90ms
 99.900%   22.40ms
 99.990%   35.68ms
 99.999%   58.56ms
100.000%   89.54ms

  Detailed Percentile spectrum:
       Value   Percentile   TotalCount 1/(1-Percentile)

       0.068     0.000000            2         1.00
       0.438     0.100000      1773686         1.11
       0.634     0.200000      3540928         1.25
       0.805     0.300000      5313408         1.43
       0.963     0.400000      7089811         1.67
       1.112     0.500000      8848703         2.00
       1.188     0.550000      9736641         2.22
       1.267     0.600000     10618766         2.50
       1.351     0.650000     11507403         2.86
       1.441     0.700000     12393836         3.33
       1.540     0.750000     13277654         4.00
       1.594     0.775000     13718813         4.44
       1.652     0.800000     14160073         5.00
       1.716     0.825000     14605023         5.71
       1.787     0.850000     15045016         6.67
       1.870     0.875000     15485412         8.00
       1.918     0.887500     15706030         8.89
       1.972     0.900000     15926828        10.00
       2.034     0.912500     16148377        11.43
       2.109     0.925000     16371596        13.33
       2.203     0.937500     16592630        16.00
       2.261     0.943750     16702475        17.78
       2.331     0.950000     16812436        20.00
       2.419     0.956250     16922172        22.86
       2.541     0.962500     17033079        26.67
       2.735     0.968750     17143703        32.00
       2.889     0.971875     17198624        35.56
       3.129     0.975000     17253872        40.00
       3.535     0.978125     17309326        45.71
       4.223     0.981250     17364595        53.33
       5.263     0.984375     17419788        64.00
       5.863     0.985938     17447467        71.11
       6.583     0.987500     17475041        80.00
       7.455     0.989062     17502769        91.43
       8.215     0.990625     17530552       106.67
       9.335     0.992188     17558071       128.00
       9.959     0.992969     17571958       142.22
      10.527     0.993750     17585832       160.00
      11.095     0.994531     17599568       182.86
      11.903     0.995313     17613340       213.33
      12.991     0.996094     17627160       256.00
      13.703     0.996484     17634069       284.44
      14.631     0.996875     17640963       320.00
      15.575     0.997266     17647857       365.71
      16.607     0.997656     17654855       426.67
      17.791     0.998047     17661714       512.00
      18.479     0.998242     17665138       568.89
      19.295     0.998437     17668626       640.00
      20.271     0.998633     17672099       731.43
      21.343     0.998828     17675547       853.33
      22.559     0.999023     17679005      1024.00
      23.199     0.999121     17680714      1137.78
      23.887     0.999219     17682430      1280.00
      24.655     0.999316     17684168      1462.86
      25.503     0.999414     17685884      1706.67
      26.463     0.999512     17687603      2048.00
      27.055     0.999561     17688481      2275.56
      27.759     0.999609     17689333      2560.00
      28.591     0.999658     17690210      2925.71
      29.407     0.999707     17691062      3413.33
      30.447     0.999756     17691921      4096.00
      31.007     0.999780     17692358      4551.11
      31.583     0.999805     17692788      5120.00
      32.223     0.999829     17693217      5851.43
      33.151     0.999854     17693655      6826.67
      34.335     0.999878     17694082      8192.00
      35.039     0.999890     17694304      9102.22
      35.903     0.999902     17694521     10240.00
      36.767     0.999915     17694732     11702.86
      37.695     0.999927     17694947     13653.33
      38.815     0.999939     17695163     16384.00
      39.487     0.999945     17695271     18204.44
      40.383     0.999951     17695378     20480.00
      41.663     0.999957     17695486     23405.71
      43.359     0.999963     17695595     27306.67
      45.055     0.999969     17695704     32768.00
      45.791     0.999973     17695758     36408.89
      46.943     0.999976     17695809     40960.00
      48.991     0.999979     17695866     46811.43
      50.751     0.999982     17695917     54613.33
      52.767     0.999985     17695971     65536.00
      54.143     0.999986     17695998     72817.78
      56.287     0.999988     17696025     81920.00
      57.983     0.999989     17696052     93622.86
      59.167     0.999991     17696080    109226.67
      61.887     0.999992     17696106    131072.00
      62.623     0.999993     17696121    145635.56
      63.263     0.999994     17696133    163840.00
      64.959     0.999995     17696147    187245.71
      65.983     0.999995     17696160    218453.33
      67.711     0.999996     17696175    262144.00
      69.183     0.999997     17696181    291271.11
      70.783     0.999997     17696188    327680.00
      71.231     0.999997     17696195    374491.43
      72.767     0.999998     17696201    436906.67
      73.983     0.999998     17696208    524288.00
      74.687     0.999998     17696211    582542.22
      76.543     0.999998     17696214    655360.00
      77.311     0.999999     17696218    748982.86
      77.951     0.999999     17696221    873813.33
      81.023     0.999999     17696225   1048576.00
      81.279     0.999999     17696226   1165084.44
      81.599     0.999999     17696228   1310720.00
      82.623     0.999999     17696230   1497965.71
      82.879     0.999999     17696231   1747626.67
      83.007     1.000000     17696233   2097152.00
      83.455     1.000000     17696234   2330168.89
      83.583     1.000000     17696235   2621440.00
      84.031     1.000000     17696236   2995931.43
      84.031     1.000000     17696236   3495253.33
      85.567     1.000000     17696237   4194304.00
      85.631     1.000000     17696238   4660337.78
      85.631     1.000000     17696238   5242880.00
      85.823     1.000000     17696239   5991862.86
      85.823     1.000000     17696239   6990506.67
      85.823     1.000000     17696239   8388608.00
      86.783     1.000000     17696240   9320675.55
      86.783     1.000000     17696240  10485760.00
      86.783     1.000000     17696240  11983725.71
      86.783     1.000000     17696240  13981013.34
      86.783     1.000000     17696240  16777216.00
      89.535     1.000000     17696241  18641351.10
      89.535     1.000000     17696241          inf
#[Mean    =        1.320, StdDeviation   =        1.588]
#[Max     =       89.472, Total count    =     17696241]
#[Buckets =           27, SubBuckets     =         2048]
----------------------------------------------------------
  17996274 requests in 10.00m, 3.00GB read
Requests/sec:  29993.79
Transfer/sec:      5.12MB
