Running 10m test @ http://localhost:9999/math/plus?x=1&y=2
  16 threads and 400 connections
  Thread calibration: mean lat.: 1.394ms, rate sampling interval: 10ms
  Thread calibration: mean lat.: 1.389ms, rate sampling interval: 10ms
  Thread calibration: mean lat.: 1.412ms, rate sampling interval: 10ms
  Thread calibration: mean lat.: 1.388ms, rate sampling interval: 10ms
  Thread calibration: mean lat.: 1.361ms, rate sampling interval: 10ms
  Thread calibration: mean lat.: 1.360ms, rate sampling interval: 10ms
  Thread calibration: mean lat.: 1.366ms, rate sampling interval: 10ms
  Thread calibration: mean lat.: 1.414ms, rate sampling interval: 10ms
  Thread calibration: mean lat.: 1.363ms, rate sampling interval: 10ms
  Thread calibration: mean lat.: 1.382ms, rate sampling interval: 10ms
  Thread calibration: mean lat.: 1.356ms, rate sampling interval: 10ms
  Thread calibration: mean lat.: 1.293ms, rate sampling interval: 10ms
  Thread calibration: mean lat.: 1.359ms, rate sampling interval: 10ms
  Thread calibration: mean lat.: 1.482ms, rate sampling interval: 10ms
  Thread calibration: mean lat.: 1.410ms, rate sampling interval: 10ms
  Thread calibration: mean lat.: 1.492ms, rate sampling interval: 10ms
  Thread Stats   Avg      Stdev     Max   +/- Stdev
    Latency     1.25ms    1.11ms  62.82ms   94.72%
    Req/Sec     1.98k   374.20     5.89k    65.63%
  Latency Distribution (HdrHistogram - Recorded Latency)
 50.000%    1.11ms
 75.000%    1.55ms
 90.000%    2.02ms
 99.000%    3.91ms
 99.900%   15.49ms
 99.990%   27.39ms
 99.999%   41.73ms
100.000%   62.85ms

  Detailed Percentile spectrum:
       Value   Percentile   TotalCount 1/(1-Percentile)

       0.073     0.000000            2         1.00
       0.450     0.100000      1776726         1.11
       0.642     0.200000      3544684         1.25
       0.805     0.300000      5315802         1.43
       0.957     0.400000      7084309         1.67
       1.105     0.500000      8853579         2.00
       1.180     0.550000      9740930         2.22
       1.260     0.600000     10623305         2.50
       1.347     0.650000     11504504         2.86
       1.443     0.700000     12392114         3.33
       1.550     0.750000     13279548         4.00
       1.608     0.775000     13717990         4.44
       1.671     0.800000     14157799         5.00
       1.741     0.825000     14604783         5.71
       1.818     0.850000     15045856         6.67
       1.907     0.875000     15485964         8.00
       1.958     0.887500     15706476         8.89
       2.015     0.900000     15927947        10.00
       2.081     0.912500     16152459        11.43
       2.157     0.925000     16374156        13.33
       2.247     0.937500     16590570        16.00
       2.301     0.943750     16701378        17.78
       2.363     0.950000     16813016        20.00
       2.435     0.956250     16923663        22.86
       2.521     0.962500     17034371        26.67
       2.627     0.968750     17143505        32.00
       2.693     0.971875     17199185        35.56
       2.769     0.975000     17254162        40.00
       2.863     0.978125     17309472        45.71
       2.983     0.981250     17364536        53.33
       3.149     0.984375     17419827        64.00
       3.265     0.985938     17447608        71.11
       3.419     0.987500     17475018        80.00
       3.663     0.989062     17502763        91.43
       4.151     0.990625     17530407       106.67
       5.211     0.992188     17557958       128.00
       6.003     0.992969     17571787       142.22
       6.683     0.993750     17585625       160.00
       7.175     0.994531     17599454       182.86
       7.835     0.995313     17613282       213.33
       8.911     0.996094     17627095       256.00
       9.719     0.996484     17634026       284.44
      10.535     0.996875     17640967       320.00
      10.959     0.997266     17647894       365.71
      11.415     0.997656     17654771       426.67
      12.039     0.998047     17661679       512.00
      12.543     0.998242     17665122       568.89
      13.239     0.998437     17668557       640.00
      14.143     0.998633     17672014       731.43
      14.935     0.998828     17675496       853.33
      15.575     0.999023     17678944      1024.00
      15.895     0.999121     17680686      1137.78
      16.287     0.999219     17682413      1280.00
      16.783     0.999316     17684151      1462.86
      17.471     0.999414     17685841      1706.67
      18.511     0.999512     17687578      2048.00
      19.055     0.999561     17688428      2275.56
      19.631     0.999609     17689304      2560.00
      20.239     0.999658     17690168      2925.71
      20.911     0.999707     17691018      3413.33
      21.855     0.999756     17691889      4096.00
      22.559     0.999780     17692318      4551.11
      23.295     0.999805     17692745      5120.00
      24.207     0.999829     17693181      5851.43
      25.135     0.999854     17693612      6826.67
      26.111     0.999878     17694044      8192.00
      26.783     0.999890     17694259      9102.22
      27.583     0.999902     17694475     10240.00
      28.431     0.999915     17694687     11702.86
      29.343     0.999927     17694905     13653.33
      30.543     0.999939     17695122     16384.00
      31.135     0.999945     17695228     18204.44
      31.775     0.999951     17695336     20480.00
      32.527     0.999957     17695443     23405.71
      33.343     0.999963     17695552     27306.67
      34.399     0.999969     17695660     32768.00
      35.103     0.999973     17695714     36408.89
      35.839     0.999976     17695771     40960.00
      36.671     0.999979     17695823     46811.43
      37.663     0.999982     17695876     54613.33
      38.815     0.999985     17695930     65536.00
      39.423     0.999986     17695956     72817.78
      40.127     0.999988     17695983     81920.00
      40.927     0.999989     17696010     93622.86
      42.303     0.999991     17696038    109226.67
      43.551     0.999992     17696064    131072.00
      44.447     0.999993     17696078    145635.56
      45.119     0.999994     17696091    163840.00
      45.727     0.999995     17696105    187245.71
      46.559     0.999995     17696119    218453.33
      47.487     0.999996     17696133    262144.00
      47.807     0.999997     17696139    291271.11
      48.351     0.999997     17696146    327680.00
      48.703     0.999997     17696152    374491.43
      49.215     0.999998     17696159    436906.67
      49.663     0.999998     17696166    524288.00
      49.791     0.999998     17696169    582542.22
      50.239     0.999998     17696172    655360.00
      50.527     0.999999     17696176    748982.86
      50.719     0.999999     17696179    873813.33
      51.775     0.999999     17696183   1048576.00
      51.839     0.999999     17696185   1165084.44
      51.903     0.999999     17696186   1310720.00
      53.055     0.999999     17696188   1497965.71
      53.983     0.999999     17696189   1747626.67
      54.623     1.000000     17696192   2097152.00
      54.623     1.000000     17696192   2330168.89
      54.815     1.000000     17696193   2621440.00
      56.351     1.000000     17696194   2995931.43
      56.351     1.000000     17696194   3495253.33
      57.471     1.000000     17696195   4194304.00
      57.631     1.000000     17696196   4660337.78
      57.631     1.000000     17696196   5242880.00
      59.935     1.000000     17696197   5991862.86
      59.935     1.000000     17696197   6990506.67
      59.935     1.000000     17696197   8388608.00
      62.815     1.000000     17696198   9320675.55
      62.815     1.000000     17696198  10485760.00
      62.815     1.000000     17696198  11983725.71
      62.815     1.000000     17696198  13981013.34
      62.815     1.000000     17696198  16777216.00
      62.847     1.000000     17696199  18641351.10
      62.847     1.000000     17696199          inf
#[Mean    =        1.251, StdDeviation   =        1.110]
#[Max     =       62.816, Total count    =     17696199]
#[Buckets =           27, SubBuckets     =         2048]
----------------------------------------------------------
  17998111 requests in 10.00m, 3.00GB read
Requests/sec:  29996.88
Transfer/sec:      5.12MB
