Running 10m test @ http://localhost:9999/math/plus?x=1&y=2
  16 threads and 400 connections
  Thread calibration: mean lat.: 6.257ms, rate sampling interval: 24ms
  Thread calibration: mean lat.: 5.907ms, rate sampling interval: 24ms
  Thread calibration: mean lat.: 1.655ms, rate sampling interval: 10ms
  Thread calibration: mean lat.: 5.933ms, rate sampling interval: 23ms
  Thread calibration: mean lat.: 5.682ms, rate sampling interval: 23ms
  Thread calibration: mean lat.: 5.869ms, rate sampling interval: 24ms
  Thread calibration: mean lat.: 5.925ms, rate sampling interval: 24ms
  Thread calibration: mean lat.: 5.844ms, rate sampling interval: 23ms
  Thread calibration: mean lat.: 5.516ms, rate sampling interval: 20ms
  Thread calibration: mean lat.: 6.215ms, rate sampling interval: 22ms
  Thread calibration: mean lat.: 1.600ms, rate sampling interval: 10ms
  Thread calibration: mean lat.: 6.180ms, rate sampling interval: 24ms
  Thread calibration: mean lat.: 6.186ms, rate sampling interval: 24ms
  Thread calibration: mean lat.: 5.948ms, rate sampling interval: 24ms
  Thread calibration: mean lat.: 5.825ms, rate sampling interval: 23ms
  Thread calibration: mean lat.: 5.942ms, rate sampling interval: 21ms
  Thread Stats   Avg      Stdev     Max   +/- Stdev
    Latency     5.32ms    4.15ms  60.35ms   68.59%
    Req/Sec   643.04    616.58     2.78k    76.43%
  Latency Distribution (HdrHistogram - Recorded Latency)
 50.000%    4.01ms
 75.000%    8.41ms
 90.000%   11.52ms
 99.000%   15.85ms
 99.900%   19.53ms
 99.990%   25.07ms
 99.999%   34.81ms
100.000%   60.38ms

  Detailed Percentile spectrum:
       Value   Percentile   TotalCount 1/(1-Percentile)

       0.082     0.000000            1         1.00
       1.060     0.100000       589982         1.11
       1.484     0.200000      1180154         1.25
       2.007     0.300000      1770512         1.43
       2.833     0.400000      2359968         1.67
       4.015     0.500000      2949667         2.00
       4.735     0.550000      3244810         2.22
       5.627     0.600000      3539328         2.50
       6.595     0.650000      3834708         2.86
       7.531     0.700000      4129836         3.33
       8.407     0.750000      4426217         4.00
       8.831     0.775000      4571839         4.44
       9.271     0.800000      4719734         5.00
       9.735     0.825000      4867023         5.71
      10.247     0.850000      5015126         6.67
      10.831     0.875000      5163200         8.00
      11.151     0.887500      5235165         8.89
      11.519     0.900000      5310374        10.00
      11.903     0.912500      5383081        11.43
      12.319     0.925000      5457295        13.33
      12.767     0.937500      5530652        16.00
      13.007     0.943750      5567608        17.78
      13.255     0.950000      5603896        20.00
      13.519     0.956250      5641262        22.86
      13.799     0.962500      5677680        26.67
      14.111     0.968750      5714437        32.00
      14.287     0.971875      5733259        35.56
      14.471     0.975000      5751464        40.00
      14.679     0.978125      5770056        45.71
      14.911     0.981250      5788302        53.33
      15.175     0.984375      5806611        64.00
      15.335     0.985938      5816099        71.11
      15.511     0.987500      5825258        80.00
      15.711     0.989062      5834533        91.43
      15.943     0.990625      5843576       106.67
      16.207     0.992188      5852675       128.00
      16.375     0.992969      5857287       142.22
      16.575     0.993750      5861976       160.00
      16.799     0.994531      5866480       182.86
      17.087     0.995313      5871188       213.33
      17.423     0.996094      5875751       256.00
      17.615     0.996484      5878170       284.44
      17.807     0.996875      5880352       320.00
      18.031     0.997266      5882704       365.71
      18.271     0.997656      5884941       426.67
      18.559     0.998047      5887294       512.00
      18.719     0.998242      5888443       568.89
      18.895     0.998437      5889608       640.00
      19.087     0.998633      5890705       731.43
      19.311     0.998828      5891902       853.33
      19.567     0.999023      5893029      1024.00
      19.695     0.999121      5893556      1137.78
      19.871     0.999219      5894186      1280.00
      20.047     0.999316      5894744      1462.86
      20.239     0.999414      5895322      1706.67
      20.479     0.999512      5895859      2048.00
      20.639     0.999561      5896158      2275.56
      20.831     0.999609      5896446      2560.00
      21.087     0.999658      5896730      2925.71
      21.391     0.999707      5897008      3413.33
      21.807     0.999756      5897302      4096.00
      22.095     0.999780      5897441      4551.11
      22.415     0.999805      5897589      5120.00
      22.767     0.999829      5897728      5851.43
      23.391     0.999854      5897874      6826.67
      24.079     0.999878      5898017      8192.00
      24.431     0.999890      5898091      9102.22
      25.183     0.999902      5898162     10240.00
      25.647     0.999915      5898233     11702.86
      26.303     0.999927      5898304     13653.33
      27.151     0.999939      5898376     16384.00
      27.567     0.999945      5898412     18204.44
      27.935     0.999951      5898448     20480.00
      28.383     0.999957      5898484     23405.71
      29.007     0.999963      5898520     27306.67
      29.503     0.999969      5898559     32768.00
      29.935     0.999973      5898574     36408.89
      30.479     0.999976      5898593     40960.00
      30.927     0.999979      5898610     46811.43
      31.679     0.999982      5898629     54613.33
      32.287     0.999985      5898646     65536.00
      33.087     0.999986      5898655     72817.78
      33.855     0.999988      5898664     81920.00
      34.687     0.999989      5898674     93622.86
      35.167     0.999991      5898682    109226.67
      35.583     0.999992      5898691    131072.00
      36.159     0.999993      5898696    145635.56
      36.735     0.999994      5898700    163840.00
      37.151     0.999995      5898706    187245.71
      39.263     0.999995      5898709    218453.33
      40.383     0.999996      5898714    262144.00
      41.279     0.999997      5898716    291271.11
      42.047     0.999997      5898718    327680.00
      42.687     0.999997      5898721    374491.43
      43.327     0.999998      5898723    436906.67
      43.743     0.999998      5898725    524288.00
      44.095     0.999998      5898726    582542.22
      44.319     0.999998      5898727    655360.00
      44.799     0.999999      5898729    748982.86
      44.863     0.999999      5898730    873813.33
      45.215     0.999999      5898731   1048576.00
      45.215     0.999999      5898731   1165084.44
      45.823     0.999999      5898732   1310720.00
      45.919     0.999999      5898733   1497965.71
      45.919     0.999999      5898733   1747626.67
      47.967     1.000000      5898734   2097152.00
      47.967     1.000000      5898734   2330168.89
      47.967     1.000000      5898734   2621440.00
      48.831     1.000000      5898735   2995931.43
      48.831     1.000000      5898735   3495253.33
      48.831     1.000000      5898735   4194304.00
      48.831     1.000000      5898735   4660337.78
      48.831     1.000000      5898735   5242880.00
      60.383     1.000000      5898736   5991862.86
      60.383     1.000000      5898736          inf
#[Mean    =        5.324, StdDeviation   =        4.149]
#[Max     =       60.352, Total count    =      5898736]
#[Buckets =           27, SubBuckets     =         2048]
----------------------------------------------------------
  5998149 requests in 10.00m, 1.00GB read
Requests/sec:   9996.86
Transfer/sec:      1.71MB
