Running 10m test @ http://localhost:9999/math/plus?x=1&y=2
  16 threads and 400 connections
  Thread calibration: mean lat.: 3.012ms, rate sampling interval: 11ms
  Thread calibration: mean lat.: 3.044ms, rate sampling interval: 11ms
  Thread calibration: mean lat.: 2.978ms, rate sampling interval: 11ms
  Thread calibration: mean lat.: 3.124ms, rate sampling interval: 11ms
  Thread calibration: mean lat.: 3.036ms, rate sampling interval: 11ms
  Thread calibration: mean lat.: 1.417ms, rate sampling interval: 10ms
  Thread calibration: mean lat.: 3.138ms, rate sampling interval: 11ms
  Thread calibration: mean lat.: 3.141ms, rate sampling interval: 11ms
  Thread calibration: mean lat.: 3.034ms, rate sampling interval: 11ms
  Thread calibration: mean lat.: 2.836ms, rate sampling interval: 10ms
  Thread calibration: mean lat.: 1.464ms, rate sampling interval: 10ms
  Thread calibration: mean lat.: 1.498ms, rate sampling interval: 10ms
  Thread calibration: mean lat.: 3.116ms, rate sampling interval: 11ms
  Thread calibration: mean lat.: 3.060ms, rate sampling interval: 12ms
  Thread calibration: mean lat.: 3.120ms, rate sampling interval: 11ms
  Thread calibration: mean lat.: 3.673ms, rate sampling interval: 13ms
  Thread Stats   Avg      Stdev     Max   +/- Stdev
    Latency     2.69ms    1.92ms  41.18ms   75.75%
    Req/Sec   655.53    737.91     2.78k    81.59%
  Latency Distribution (HdrHistogram - Recorded Latency)
 50.000%    2.11ms
 75.000%    3.75ms
 90.000%    5.36ms
 99.000%    8.17ms
 99.900%   14.30ms
 99.990%   19.81ms
 99.999%   28.32ms
100.000%   41.22ms

  Detailed Percentile spectrum:
       Value   Percentile   TotalCount 1/(1-Percentile)

       0.086     0.000000            1         1.00
       0.829     0.100000       590519         1.11
       1.124     0.200000      1179746         1.25
       1.392     0.300000      1770675         1.43
       1.709     0.400000      2360478         1.67
       2.109     0.500000      2950047         2.00
       2.349     0.550000      3244423         2.22
       2.635     0.600000      3540053         2.50
       2.963     0.650000      3835120         2.86
       3.333     0.700000      4129521         3.33
       3.747     0.750000      4424919         4.00
       3.971     0.775000      4571747         4.44
       4.203     0.800000      4719649         5.00
       4.451     0.825000      4867527         5.71
       4.719     0.850000      5014700         6.67
       5.015     0.875000      5161390         8.00
       5.179     0.887500      5235645         8.89
       5.359     0.900000      5309635        10.00
       5.559     0.912500      5383152        11.43
       5.787     0.925000      5457472        13.33
       6.047     0.937500      5530838        16.00
       6.191     0.943750      5567469        17.78
       6.347     0.950000      5604321        20.00
       6.519     0.956250      5640779        22.86
       6.711     0.962500      5677913        26.67
       6.927     0.968750      5714855        32.00
       7.047     0.971875      5732949        35.56
       7.183     0.975000      5751619        40.00
       7.331     0.978125      5769985        45.71
       7.495     0.981250      5788122        53.33
       7.695     0.984375      5806621        64.00
       7.811     0.985938      5815965        71.11
       7.935     0.987500      5825187        80.00
       8.071     0.989062      5834224        91.43
       8.247     0.990625      5843426       106.67
       8.519     0.992188      5852796       128.00
       8.735     0.992969      5857355       142.22
       9.063     0.993750      5861827       160.00
       9.583     0.994531      5866449       182.86
      10.191     0.995313      5871049       213.33
      10.863     0.996094      5875688       256.00
      11.207     0.996484      5877965       284.44
      11.567     0.996875      5880301       320.00
      11.959     0.997266      5882591       365.71
      12.335     0.997656      5884880       426.67
      12.783     0.998047      5887193       512.00
      13.039     0.998242      5888361       568.89
      13.295     0.998437      5889494       640.00
      13.591     0.998633      5890633       731.43
      13.935     0.998828      5891800       853.33
      14.351     0.999023      5892944      1024.00
      14.591     0.999121      5893511      1137.78
      14.839     0.999219      5894085      1280.00
      15.151     0.999316      5894666      1462.86
      15.495     0.999414      5895244      1706.67
      15.871     0.999512      5895811      2048.00
      16.047     0.999561      5896103      2275.56
      16.255     0.999609      5896397      2560.00
      16.495     0.999658      5896675      2925.71
      16.799     0.999707      5896969      3413.33
      17.247     0.999756      5897258      4096.00
      17.455     0.999780      5897398      4551.11
      17.759     0.999805      5897542      5120.00
      18.143     0.999829      5897686      5851.43
      18.575     0.999854      5897830      6826.67
      19.103     0.999878      5897972      8192.00
      19.535     0.999890      5898045      9102.22
      19.871     0.999902      5898116     10240.00
      20.159     0.999915      5898187     11702.86
      20.575     0.999927      5898259     13653.33
      21.007     0.999939      5898335     16384.00
      21.343     0.999945      5898369     18204.44
      21.663     0.999951      5898406     20480.00
      22.207     0.999957      5898440     23405.71
      23.055     0.999963      5898475     27306.67
      23.887     0.999969      5898511     32768.00
      24.287     0.999973      5898529     36408.89
      24.831     0.999976      5898549     40960.00
      25.327     0.999979      5898565     46811.43
      25.983     0.999982      5898584     54613.33
      26.447     0.999985      5898602     65536.00
      26.783     0.999986      5898610     72817.78
      27.647     0.999988      5898619     81920.00
      28.063     0.999989      5898628     93622.86
      28.719     0.999991      5898637    109226.67
      29.343     0.999992      5898646    131072.00
      30.079     0.999993      5898651    145635.56
      30.463     0.999994      5898655    163840.00
      31.183     0.999995      5898660    187245.71
      32.543     0.999995      5898664    218453.33
      33.279     0.999996      5898669    262144.00
      34.079     0.999997      5898671    291271.11
      34.463     0.999997      5898673    327680.00
      35.615     0.999997      5898676    374491.43
      36.031     0.999998      5898678    436906.67
      36.351     0.999998      5898680    524288.00
      36.415     0.999998      5898681    582542.22
      36.575     0.999998      5898682    655360.00
      36.799     0.999999      5898684    748982.86
      37.503     0.999999      5898685    873813.33
      37.535     0.999999      5898686   1048576.00
      37.535     0.999999      5898686   1165084.44
      37.855     0.999999      5898688   1310720.00
      37.855     0.999999      5898688   1497965.71
      37.855     0.999999      5898688   1747626.67
      37.983     1.000000      5898689   2097152.00
      37.983     1.000000      5898689   2330168.89
      37.983     1.000000      5898689   2621440.00
      38.303     1.000000      5898690   2995931.43
      38.303     1.000000      5898690   3495253.33
      38.303     1.000000      5898690   4194304.00
      38.303     1.000000      5898690   4660337.78
      38.303     1.000000      5898690   5242880.00
      41.215     1.000000      5898691   5991862.86
      41.215     1.000000      5898691          inf
#[Mean    =        2.692, StdDeviation   =        1.920]
#[Max     =       41.184, Total count    =      5898691]
#[Buckets =           27, SubBuckets     =         2048]
----------------------------------------------------------
  5997600 requests in 10.00m, 1.00GB read
Requests/sec:   9995.83
Transfer/sec:      1.71MB
