Running 10m test @ http://localhost:9999/math/plus?x=1&y=2
  16 threads and 400 connections
  Thread calibration: mean lat.: 1.647ms, rate sampling interval: 10ms
  Thread calibration: mean lat.: 1.645ms, rate sampling interval: 10ms
  Thread calibration: mean lat.: 1.660ms, rate sampling interval: 10ms
  Thread calibration: mean lat.: 1.630ms, rate sampling interval: 10ms
  Thread calibration: mean lat.: 1.676ms, rate sampling interval: 10ms
  Thread calibration: mean lat.: 1.320ms, rate sampling interval: 10ms
  Thread calibration: mean lat.: 1.770ms, rate sampling interval: 10ms
  Thread calibration: mean lat.: 1.654ms, rate sampling interval: 10ms
  Thread calibration: mean lat.: 1.666ms, rate sampling interval: 10ms
  Thread calibration: mean lat.: 1.844ms, rate sampling interval: 10ms
  Thread calibration: mean lat.: 1.489ms, rate sampling interval: 10ms
  Thread calibration: mean lat.: 1.693ms, rate sampling interval: 10ms
  Thread calibration: mean lat.: 1.720ms, rate sampling interval: 10ms
  Thread calibration: mean lat.: 2.018ms, rate sampling interval: 10ms
  Thread calibration: mean lat.: 1.666ms, rate sampling interval: 10ms
  Thread calibration: mean lat.: 1.590ms, rate sampling interval: 10ms
  Thread Stats   Avg      Stdev     Max   +/- Stdev
    Latency     1.72ms    1.69ms  73.66ms   92.25%
    Req/Sec     1.98k   556.19     6.89k    73.82%
  Latency Distribution (HdrHistogram - Recorded Latency)
 50.000%    1.36ms
 75.000%    2.17ms
 90.000%    3.16ms
 99.000%    6.18ms
 99.900%   22.99ms
 99.990%   41.12ms
 99.999%   54.62ms
100.000%   73.73ms

  Detailed Percentile spectrum:
       Value   Percentile   TotalCount 1/(1-Percentile)

       0.071     0.000000            1         1.00
       0.529     0.100000      1773678         1.11
       0.765     0.200000      3546513         1.25
       0.967     0.300000      5309887         1.43
       1.158     0.400000      7087731         1.67
       1.360     0.500000      8848193         2.00
       1.480     0.550000      9732939         2.22
       1.616     0.600000     10619875         2.50
       1.772     0.650000     11507562         2.86
       1.954     0.700000     12388325         3.33
       2.173     0.750000     13273176         4.00
       2.299     0.775000     13716938         4.44
       2.437     0.800000     14160267         5.00
       2.587     0.825000     14600030         5.71
       2.755     0.850000     15044748         6.67
       2.943     0.875000     15484610         8.00
       3.049     0.887500     15706649         8.89
       3.163     0.900000     15926674        10.00
       3.291     0.912500     16147983        11.43
       3.439     0.925000     16370367        13.33
       3.615     0.937500     16591773        16.00
       3.719     0.943750     16702661        17.78
       3.835     0.950000     16812504        20.00
       3.969     0.956250     16923362        22.86
       4.123     0.962500     17033084        26.67
       4.311     0.968750     17144744        32.00
       4.419     0.971875     17198933        35.56
       4.547     0.975000     17254549        40.00
       4.703     0.978125     17310280        45.71
       4.899     0.981250     17365054        53.33
       5.171     0.984375     17420098        64.00
       5.351     0.985938     17447441        71.11
       5.587     0.987500     17475332        80.00
       5.911     0.989062     17502803        91.43
       6.419     0.990625     17530399       106.67
       7.219     0.992188     17557944       128.00
       7.803     0.992969     17571826       142.22
       8.407     0.993750     17585594       160.00
       9.287     0.994531     17599473       182.86
      10.375     0.995313     17613270       213.33
      11.599     0.996094     17627068       256.00
      12.223     0.996484     17633992       284.44
      13.103     0.996875     17640916       320.00
      14.143     0.997266     17647824       365.71
      15.455     0.997656     17654730       426.67
      17.023     0.998047     17661637       512.00
      17.935     0.998242     17665086       568.89
      19.023     0.998437     17668553       640.00
      20.175     0.998633     17672004       731.43
      21.519     0.998828     17675460       853.33
      23.215     0.999023     17678918      1024.00
      24.175     0.999121     17680643      1137.78
      25.215     0.999219     17682358      1280.00
      26.383     0.999316     17684091      1462.86
      27.743     0.999414     17685820      1706.67
      29.327     0.999512     17687544      2048.00
      30.175     0.999561     17688406      2275.56
      31.167     0.999609     17689276      2560.00
      32.271     0.999658     17690130      2925.71
      33.407     0.999707     17690998      3413.33
      34.751     0.999756     17691876      4096.00
      35.519     0.999780     17692304      4551.11
      36.319     0.999805     17692732      5120.00
      37.343     0.999829     17693157      5851.43
      38.367     0.999854     17693597      6826.67
      39.647     0.999878     17694018      8192.00
      40.415     0.999890     17694237      9102.22
      41.311     0.999902     17694451     10240.00
      42.239     0.999915     17694673     11702.86
      43.423     0.999927     17694880     13653.33
      44.671     0.999939     17695100     16384.00
      45.439     0.999945     17695207     18204.44
      46.207     0.999951     17695316     20480.00
      47.071     0.999957     17695423     23405.71
      47.903     0.999963     17695529     27306.67
      48.927     0.999969     17695636     32768.00
      49.439     0.999973     17695690     36408.89
      50.111     0.999976     17695746     40960.00
      50.655     0.999979     17695799     46811.43
      51.327     0.999982     17695854     54613.33
      52.351     0.999985     17695907     65536.00
      52.927     0.999986     17695934     72817.78
      53.407     0.999988     17695961     81920.00
      54.303     0.999989     17695988     93622.86
      55.039     0.999991     17696014    109226.67
      55.935     0.999992     17696041    131072.00
      56.831     0.999993     17696056    145635.56
      57.343     0.999994     17696068    163840.00
      57.663     0.999995     17696082    187245.71
      58.207     0.999995     17696095    218453.33
      58.751     0.999996     17696111    262144.00
      58.847     0.999997     17696118    291271.11
      58.943     0.999997     17696122    327680.00
      59.263     0.999997     17696129    374491.43
      59.487     0.999998     17696136    436906.67
      59.711     0.999998     17696143    524288.00
      59.967     0.999998     17696146    582542.22
      60.319     0.999998     17696149    655360.00
      60.607     0.999999     17696153    748982.86
      60.895     0.999999     17696156    873813.33
      62.687     0.999999     17696160   1048576.00
      62.943     0.999999     17696161   1165084.44
      64.799     0.999999     17696163   1310720.00
      65.087     0.999999     17696165   1497965.71
      65.183     0.999999     17696166   1747626.67
      67.327     1.000000     17696168   2097152.00
      67.455     1.000000     17696169   2330168.89
      67.839     1.000000     17696170   2621440.00
      68.415     1.000000     17696171   2995931.43
      68.415     1.000000     17696171   3495253.33
      70.335     1.000000     17696172   4194304.00
      71.487     1.000000     17696173   4660337.78
      71.487     1.000000     17696173   5242880.00
      72.255     1.000000     17696174   5991862.86
      72.255     1.000000     17696174   6990506.67
      72.255     1.000000     17696174   8388608.00
      73.599     1.000000     17696175   9320675.55
      73.599     1.000000     17696175  10485760.00
      73.599     1.000000     17696175  11983725.71
      73.599     1.000000     17696175  13981013.34
      73.599     1.000000     17696175  16777216.00
      73.727     1.000000     17696176  18641351.10
      73.727     1.000000     17696176          inf
#[Mean    =        1.721, StdDeviation   =        1.685]
#[Max     =       73.664, Total count    =     17696176]
#[Buckets =           27, SubBuckets     =         2048]
----------------------------------------------------------
  17992882 requests in 10.00m, 3.00GB read
Requests/sec:  29988.12
Transfer/sec:      5.12MB
