Running 10m test @ http://localhost:9999/math/plus?x=1&y=2
  16 threads and 400 connections
  Thread calibration: mean lat.: 1.282ms, rate sampling interval: 10ms
  Thread calibration: mean lat.: 1.259ms, rate sampling interval: 10ms
  Thread calibration: mean lat.: 1.235ms, rate sampling interval: 10ms
  Thread calibration: mean lat.: 1.358ms, rate sampling interval: 10ms
  Thread calibration: mean lat.: 1.313ms, rate sampling interval: 10ms
  Thread calibration: mean lat.: 1.319ms, rate sampling interval: 10ms
  Thread calibration: mean lat.: 1.311ms, rate sampling interval: 10ms
  Thread calibration: mean lat.: 1.853ms, rate sampling interval: 10ms
  Thread calibration: mean lat.: 1.359ms, rate sampling interval: 10ms
  Thread calibration: mean lat.: 1.273ms, rate sampling interval: 10ms
  Thread calibration: mean lat.: 1.232ms, rate sampling interval: 10ms
  Thread calibration: mean lat.: 1.286ms, rate sampling interval: 10ms
  Thread calibration: mean lat.: 1.296ms, rate sampling interval: 10ms
  Thread calibration: mean lat.: 1.815ms, rate sampling interval: 10ms
  Thread calibration: mean lat.: 1.278ms, rate sampling interval: 10ms
  Thread calibration: mean lat.: 1.202ms, rate sampling interval: 10ms
  Thread Stats   Avg      Stdev     Max   +/- Stdev
    Latency     1.31ms    1.44ms 106.43ms   95.25%
    Req/Sec     1.32k   521.35     5.00k    79.12%
  Latency Distribution (HdrHistogram - Recorded Latency)
 50.000%    1.07ms
 75.000%    1.48ms
 90.000%    2.02ms
 99.000%    8.01ms
 99.900%   15.78ms
 99.990%   31.01ms
 99.999%   67.33ms
100.000%  106.50ms

  Detailed Percentile spectrum:
       Value   Percentile   TotalCount 1/(1-Percentile)

       0.071     0.000000            1         1.00
       0.430     0.100000      1180663         1.11
       0.619     0.200000      2360998         1.25
       0.783     0.300000      3542797         1.43
       0.931     0.400000      4720130         1.67
       1.072     0.500000      5906833         2.00
       1.141     0.550000      6494975         2.22
       1.212     0.600000      7085757         2.50
       1.289     0.650000      7669250         2.86
       1.377     0.700000      8262068         3.33
       1.479     0.750000      8849330         4.00
       1.537     0.775000      9143496         4.44
       1.602     0.800000      9441735         5.00
       1.675     0.825000      9733092         5.71
       1.763     0.850000     10029636         6.67
       1.872     0.875000     10324155         8.00
       1.940     0.887500     10472221         8.89
       2.021     0.900000     10618922        10.00
       2.121     0.912500     10765851        11.43
       2.253     0.925000     10913958        13.33
       2.427     0.937500     11060815        16.00
       2.539     0.943750     11133840        17.78
       2.681     0.950000     11207706        20.00
       2.867     0.956250     11281347        22.86
       3.129     0.962500     11355363        26.67
       3.521     0.968750     11428796        32.00
       3.817     0.971875     11465658        35.56
       4.215     0.975000     11502519        40.00
       4.779     0.978125     11539406        45.71
       5.535     0.981250     11576251        53.33
       6.339     0.984375     11613067        64.00
       6.763     0.985938     11631568        71.11
       7.223     0.987500     11650032        80.00
       7.707     0.989062     11668379        91.43
       8.223     0.990625     11686968       106.67
       8.807     0.992188     11705295       128.00
       9.175     0.992969     11714462       142.22
       9.575     0.993750     11723743       160.00
      10.031     0.994531     11732932       182.86
      10.559     0.995313     11742141       213.33
      11.167     0.996094     11751318       256.00
      11.487     0.996484     11755966       284.44
      11.807     0.996875     11760563       320.00
      12.159     0.997266     11765161       365.71
      12.535     0.997656     11769808       426.67
      13.127     0.998047     11774378       512.00
      13.511     0.998242     11776683       568.89
      13.959     0.998437     11778975       640.00
      14.503     0.998633     11781295       731.43
      15.151     0.998828     11783592       853.33
      15.879     0.999023     11785885      1024.00
      16.263     0.999121     11787032      1137.78
      16.783     0.999219     11788185      1280.00
      17.503     0.999316     11789349      1462.86
      18.383     0.999414     11790490      1706.67
      19.487     0.999512     11791654      2048.00
      20.111     0.999561     11792222      2275.56
      20.863     0.999609     11792794      2560.00
      21.887     0.999658     11793374      2925.71
      23.055     0.999707     11793949      3413.33
      24.271     0.999756     11794523      4096.00
      25.007     0.999780     11794807      4551.11
      25.903     0.999805     11795097      5120.00
      26.911     0.999829     11795384      5851.43
      28.047     0.999854     11795674      6826.67
      29.231     0.999878     11795959      8192.00
      30.191     0.999890     11796106      9102.22
      31.199     0.999902     11796247     10240.00
      32.495     0.999915     11796392     11702.86
      34.303     0.999927     11796537     13653.33
      36.127     0.999939     11796679     16384.00
      37.279     0.999945     11796751     18204.44
      38.847     0.999951     11796823     20480.00
      41.087     0.999957     11796896     23405.71
      44.479     0.999963     11796967     27306.67
      48.447     0.999969     11797040     32768.00
      50.271     0.999973     11797075     36408.89
      52.959     0.999976     11797111     40960.00
      55.199     0.999979     11797148     46811.43
      57.471     0.999982     11797183     54613.33
      60.415     0.999985     11797219     65536.00
      62.015     0.999986     11797237     72817.78
      64.063     0.999988     11797255     81920.00
      66.495     0.999989     11797276     93622.86
      69.119     0.999991     11797291    109226.67
      73.791     0.999992     11797309    131072.00
      74.559     0.999993     11797319    145635.56
      76.159     0.999994     11797328    163840.00
      77.311     0.999995     11797336    187245.71
      79.167     0.999995     11797345    218453.33
      82.623     0.999996     11797354    262144.00
      83.711     0.999997     11797359    291271.11
      84.735     0.999997     11797363    327680.00
      87.167     0.999997     11797368    374491.43
      87.807     0.999998     11797372    436906.67
      90.175     0.999998     11797377    524288.00
      90.367     0.999998     11797379    582542.22
      91.903     0.999998     11797381    655360.00
      94.399     0.999999     11797384    748982.86
      95.935     0.999999     11797386    873813.33
      96.447     0.999999     11797388   1048576.00
      96.703     0.999999     11797389   1165084.44
      97.087     0.999999     11797391   1310720.00
      97.279     0.999999     11797392   1497965.71
      97.983     0.999999     11797393   1747626.67
      98.111     1.000000     11797394   2097152.00
      98.111     1.000000     11797394   2330168.89
      98.751     1.000000     11797395   2621440.00
      98.879     1.000000     11797397   2995931.43
      98.879     1.000000     11797397   3495253.33
      98.879     1.000000     11797397   4194304.00
      98.879     1.000000     11797397   4660337.78
      98.879     1.000000     11797397   5242880.00
     101.247     1.000000     11797398   5991862.86
     101.247     1.000000     11797398   6990506.67
     101.247     1.000000     11797398   8388608.00
     101.247     1.000000     11797398   9320675.55
     101.247     1.000000     11797398  10485760.00
     106.495     1.000000     11797399  11983725.71
     106.495     1.000000     11797399          inf
#[Mean    =        1.309, StdDeviation   =        1.438]
#[Max     =      106.432, Total count    =     11797399]
#[Buckets =           27, SubBuckets     =         2048]
----------------------------------------------------------
  11996525 requests in 10.00m, 2.00GB read
Requests/sec:  19994.20
Transfer/sec:      3.41MB
