Running 10m test @ http://localhost:9999/math/plus?x=1&y=2
  16 threads and 400 connections
  Thread calibration: mean lat.: 1.255ms, rate sampling interval: 10ms
  Thread calibration: mean lat.: 1.224ms, rate sampling interval: 10ms
  Thread calibration: mean lat.: 1.217ms, rate sampling interval: 10ms
  Thread calibration: mean lat.: 1.218ms, rate sampling interval: 10ms
  Thread calibration: mean lat.: 1.305ms, rate sampling interval: 10ms
  Thread calibration: mean lat.: 1.194ms, rate sampling interval: 10ms
  Thread calibration: mean lat.: 1.214ms, rate sampling interval: 10ms
  Thread calibration: mean lat.: 1.128ms, rate sampling interval: 10ms
  Thread calibration: mean lat.: 1.209ms, rate sampling interval: 10ms
  Thread calibration: mean lat.: 1.334ms, rate sampling interval: 10ms
  Thread calibration: mean lat.: 1.284ms, rate sampling interval: 10ms
  Thread calibration: mean lat.: 1.269ms, rate sampling interval: 10ms
  Thread calibration: mean lat.: 1.149ms, rate sampling interval: 10ms
  Thread calibration: mean lat.: 1.229ms, rate sampling interval: 10ms
  Thread calibration: mean lat.: 1.297ms, rate sampling interval: 10ms
  Thread calibration: mean lat.: 1.339ms, rate sampling interval: 10ms
  Thread Stats   Avg      Stdev     Max   +/- Stdev
    Latency     1.16ms    0.96ms  98.50ms   92.80%
    Req/Sec     1.98k   372.40     6.22k    68.38%
  Latency Distribution (HdrHistogram - Recorded Latency)
 50.000%    1.05ms
 75.000%    1.45ms
 90.000%    1.87ms
 99.000%    3.36ms
 99.900%   11.45ms
 99.990%   25.71ms
 99.999%   61.25ms
100.000%   98.56ms

  Detailed Percentile spectrum:
       Value   Percentile   TotalCount 1/(1-Percentile)

       0.069     0.000000            1         1.00
       0.415     0.100000      1772037         1.11
       0.603     0.200000      3545536         1.25
       0.763     0.300000      5320004         1.43
       0.912     0.400000      7083921         1.67
       1.052     0.500000      8856042         2.00
       1.120     0.550000      9738490         2.22
       1.191     0.600000     10623984         2.50
       1.267     0.650000     11504931         2.86
       1.351     0.700000     12394377         3.33
       1.446     0.750000     13279025         4.00
       1.499     0.775000     13718673         4.44
       1.557     0.800000     14157294         5.00
       1.622     0.825000     14604585         5.71
       1.693     0.850000     15042030         6.67
       1.775     0.875000     15485110         8.00
       1.821     0.887500     15705334         8.89
       1.873     0.900000     15928724        10.00
       1.931     0.912500     16149281        11.43
       1.998     0.925000     16370905        13.33
       2.077     0.937500     16593804        16.00
       2.121     0.943750     16700768        17.78
       2.173     0.950000     16812072        20.00
       2.233     0.956250     16924063        22.86
       2.303     0.962500     17035195        26.67
       2.385     0.968750     17144270        32.00
       2.435     0.971875     17200145        35.56
       2.491     0.975000     17254269        40.00
       2.561     0.978125     17309399        45.71
       2.651     0.981250     17364635        53.33
       2.773     0.984375     17419712        64.00
       2.861     0.985938     17447522        71.11
       2.985     0.987500     17475284        80.00
       3.177     0.989062     17502669        91.43
       3.523     0.990625     17530325       106.67
       4.151     0.992188     17557959       128.00
       4.579     0.992969     17571742       142.22
       5.087     0.993750     17585582       160.00
       5.707     0.994531     17599402       182.86
       6.419     0.995313     17613295       213.33
       6.955     0.996094     17627073       256.00
       7.271     0.996484     17633999       284.44
       7.691     0.996875     17640874       320.00
       8.163     0.997266     17647771       365.71
       8.719     0.997656     17654678       426.67
       9.599     0.998047     17661614       512.00
      10.135     0.998242     17665081       568.89
      10.511     0.998437     17668580       640.00
      10.791     0.998633     17671989       731.43
      11.063     0.998828     17675420       853.33
      11.519     0.999023     17678897      1024.00
      11.903     0.999121     17680617      1137.78
      12.399     0.999219     17682337      1280.00
      12.991     0.999316     17684062      1462.86
      13.751     0.999414     17685785      1706.67
      14.799     0.999512     17687509      2048.00
      15.279     0.999561     17688377      2275.56
      15.759     0.999609     17689240      2560.00
      16.343     0.999658     17690098      2925.71
      17.279     0.999707     17690970      3413.33
      18.447     0.999756     17691839      4096.00
      18.847     0.999780     17692267      4551.11
      19.343     0.999805     17692693      5120.00
      20.239     0.999829     17693126      5851.43
      21.631     0.999854     17693554      6826.67
      23.471     0.999878     17693993      8192.00
      24.575     0.999890     17694207      9102.22
      26.111     0.999902     17694418     10240.00
      28.063     0.999915     17694634     11702.86
      30.383     0.999927     17694850     13653.33
      33.119     0.999939     17695068     16384.00
      34.527     0.999945     17695176     18204.44
      35.775     0.999951     17695282     20480.00
      37.567     0.999957     17695390     23405.71
      40.127     0.999963     17695499     27306.67
      43.807     0.999969     17695606     32768.00
      45.439     0.999973     17695660     36408.89
      48.127     0.999976     17695714     40960.00
      50.207     0.999979     17695768     46811.43
      52.319     0.999982     17695823     54613.33
      54.495     0.999985     17695876     65536.00
      56.255     0.999986     17695903     72817.78
      58.431     0.999988     17695930     81920.00
      60.447     0.999989     17695959     93622.86
      62.175     0.999991     17695984    109226.67
      64.063     0.999992     17696012    131072.00
      64.959     0.999993     17696025    145635.56
      65.727     0.999994     17696038    163840.00
      66.815     0.999995     17696052    187245.71
      68.031     0.999995     17696066    218453.33
      70.143     0.999996     17696079    262144.00
      71.871     0.999997     17696086    291271.11
      73.855     0.999997     17696092    327680.00
      75.263     0.999997     17696099    374491.43
      76.991     0.999998     17696106    436906.67
      77.439     0.999998     17696113    524288.00
      77.759     0.999998     17696116    582542.22
      78.143     0.999998     17696119    655360.00
      79.807     0.999999     17696123    748982.86
      80.639     0.999999     17696126    873813.33
      81.535     0.999999     17696130   1048576.00
      81.599     0.999999     17696131   1165084.44
      82.367     0.999999     17696133   1310720.00
      83.071     0.999999     17696135   1497965.71
      83.263     0.999999     17696137   1747626.67
      83.647     1.000000     17696138   2097152.00
      84.543     1.000000     17696139   2330168.89
      86.463     1.000000     17696140   2621440.00
      86.527     1.000000     17696141   2995931.43
      86.527     1.000000     17696141   3495253.33
      87.039     1.000000     17696142   4194304.00
      87.167     1.000000     17696143   4660337.78
      87.167     1.000000     17696143   5242880.00
      93.631     1.000000     17696144   5991862.86
      93.631     1.000000     17696144   6990506.67
      93.631     1.000000     17696144   8388608.00
      95.295     1.000000     17696145   9320675.55
      95.295     1.000000     17696145  10485760.00
      95.295     1.000000     17696145  11983725.71
      95.295     1.000000     17696145  13981013.34
      95.295     1.000000     17696145  16777216.00
      98.559     1.000000     17696146  18641351.10
      98.559     1.000000     17696146          inf
#[Mean    =        1.157, StdDeviation   =        0.961]
#[Max     =       98.496, Total count    =     17696146]
#[Buckets =           27, SubBuckets     =         2048]
----------------------------------------------------------
  17998060 requests in 10.00m, 3.00GB read
Requests/sec:  29996.76
Transfer/sec:      5.12MB
