Running 10m test @ http://localhost:9999/math/plus?x=1&y=2
  16 threads and 400 connections
  Thread calibration: mean lat.: 5.066ms, rate sampling interval: 26ms
  Thread calibration: mean lat.: 5.346ms, rate sampling interval: 27ms
  Thread calibration: mean lat.: 5.400ms, rate sampling interval: 27ms
  Thread calibration: mean lat.: 5.375ms, rate sampling interval: 26ms
  Thread calibration: mean lat.: 5.262ms, rate sampling interval: 26ms
  Thread calibration: mean lat.: 5.004ms, rate sampling interval: 25ms
  Thread calibration: mean lat.: 5.205ms, rate sampling interval: 26ms
  Thread calibration: mean lat.: 5.259ms, rate sampling interval: 27ms
  Thread calibration: mean lat.: 5.324ms, rate sampling interval: 27ms
  Thread calibration: mean lat.: 5.346ms, rate sampling interval: 26ms
  Thread calibration: mean lat.: 5.548ms, rate sampling interval: 27ms
  Thread calibration: mean lat.: 5.469ms, rate sampling interval: 27ms
  Thread calibration: mean lat.: 5.158ms, rate sampling interval: 26ms
  Thread calibration: mean lat.: 5.499ms, rate sampling interval: 27ms
  Thread calibration: mean lat.: 5.375ms, rate sampling interval: 27ms
  Thread calibration: mean lat.: 5.164ms, rate sampling interval: 27ms
  Thread Stats   Avg      Stdev     Max   +/- Stdev
    Latency     4.59ms    6.07ms  94.21ms   86.86%
    Req/Sec     1.27k   267.63     3.78k    70.37%
  Latency Distribution (HdrHistogram - Recorded Latency)
 50.000%    1.75ms
 75.000%    6.21ms
 90.000%   12.37ms
 99.000%   28.94ms
 99.900%   41.95ms
 99.990%   53.57ms
 99.999%   67.78ms
100.000%   94.27ms

  Detailed Percentile spectrum:
       Value   Percentile   TotalCount 1/(1-Percentile)

       0.083     0.000000            1         1.00
       0.617     0.100000      1180142         1.11
       0.902     0.200000      2362446         1.25
       1.146     0.300000      3543956         1.43
       1.400     0.400000      4719279         1.67
       1.755     0.500000      5900824         2.00
       2.028     0.550000      6488969         2.22
       2.497     0.600000      7080150         2.50
       3.335     0.650000      7668661         2.86
       4.671     0.700000      8259525         3.33
       6.207     0.750000      8849021         4.00
       7.015     0.775000      9143616         4.44
       7.871     0.800000      9438847         5.00
       8.799     0.825000      9733394         5.71
       9.815     0.850000     10028035         6.67
      10.983     0.875000     10323244         8.00
      11.647     0.887500     10471975         8.89
      12.367     0.900000     10618349        10.00
      13.223     0.912500     10765370        11.43
      14.263     0.925000     10913452        13.33
      15.479     0.937500     11060898        16.00
      16.183     0.943750     11134476        17.78
      17.007     0.950000     11207776        20.00
      17.983     0.956250     11281584        22.86
      19.103     0.962500     11355270        26.67
      20.447     0.968750     11428954        32.00
      21.327     0.971875     11465896        35.56
      22.287     0.975000     11502577        40.00
      23.359     0.978125     11539886        45.71
      24.527     0.981250     11576314        53.33
      25.887     0.984375     11613319        64.00
      26.639     0.985938     11631548        71.11
      27.455     0.987500     11650075        80.00
      28.351     0.989062     11668450        91.43
      29.359     0.990625     11686970       106.67
      30.511     0.992188     11705375       128.00
      31.167     0.992969     11714714       142.22
      31.855     0.993750     11723821       160.00
      32.623     0.994531     11733023       182.86
      33.535     0.995313     11742170       213.33
      34.591     0.996094     11751570       256.00
      35.167     0.996484     11756067       284.44
      35.807     0.996875     11760696       320.00
      36.511     0.997266     11765305       365.71
      37.375     0.997656     11769966       426.67
      38.335     0.998047     11774515       512.00
      38.911     0.998242     11776806       568.89
      39.519     0.998437     11779012       640.00
      40.223     0.998633     11781371       731.43
      41.087     0.998828     11783645       853.33
      42.111     0.999023     11785973      1024.00
      42.687     0.999121     11787122      1137.78
      43.327     0.999219     11788276      1280.00
      43.999     0.999316     11789390      1462.86
      44.831     0.999414     11790549      1706.67
      45.727     0.999512     11791699      2048.00
      46.271     0.999561     11792280      2275.56
      46.879     0.999609     11792852      2560.00
      47.551     0.999658     11793443      2925.71
      48.287     0.999707     11794007      3413.33
      49.119     0.999756     11794565      4096.00
      49.663     0.999780     11794864      4551.11
      50.239     0.999805     11795155      5120.00
      50.879     0.999829     11795430      5851.43
      51.647     0.999854     11795722      6826.67
      52.511     0.999878     11796009      8192.00
      53.055     0.999890     11796149      9102.22
      53.663     0.999902     11796294     10240.00
      54.367     0.999915     11796438     11702.86
      55.167     0.999927     11796585     13653.33
      55.935     0.999939     11796726     16384.00
      56.415     0.999945     11796799     18204.44
      56.991     0.999951     11796871     20480.00
      57.727     0.999957     11796941     23405.71
      58.655     0.999963     11797013     27306.67
      59.487     0.999969     11797088     32768.00
      60.287     0.999973     11797123     36408.89
      60.863     0.999976     11797158     40960.00
      62.431     0.999979     11797193     46811.43
      63.519     0.999982     11797229     54613.33
      64.991     0.999985     11797266     65536.00
      65.599     0.999986     11797284     72817.78
      66.367     0.999988     11797303     81920.00
      67.007     0.999989     11797319     93622.86
      68.351     0.999991     11797339    109226.67
      69.439     0.999992     11797355    131072.00
      70.015     0.999993     11797365    145635.56
      70.655     0.999994     11797374    163840.00
      71.231     0.999995     11797383    187245.71
      72.127     0.999995     11797391    218453.33
      73.599     0.999996     11797402    262144.00
      74.047     0.999997     11797405    291271.11
      74.367     0.999997     11797409    327680.00
      75.199     0.999997     11797414    374491.43
      75.647     0.999998     11797418    436906.67
      76.159     0.999998     11797423    524288.00
      76.351     0.999998     11797425    582542.22
      76.479     0.999998     11797427    655360.00
      76.927     0.999999     11797430    748982.86
      78.079     0.999999     11797432    873813.33
      78.847     0.999999     11797434   1048576.00
      79.615     0.999999     11797435   1165084.44
      80.639     0.999999     11797436   1310720.00
      81.343     0.999999     11797438   1497965.71
      81.599     0.999999     11797439   1747626.67
      81.919     1.000000     11797440   2097152.00
      81.919     1.000000     11797440   2330168.89
      82.303     1.000000     11797441   2621440.00
      83.455     1.000000     11797442   2995931.43
      83.455     1.000000     11797442   3495253.33
      86.783     1.000000     11797443   4194304.00
      86.783     1.000000     11797443   4660337.78
      86.783     1.000000     11797443   5242880.00
      88.319     1.000000     11797444   5991862.86
      88.319     1.000000     11797444   6990506.67
      88.319     1.000000     11797444   8388608.00
      88.319     1.000000     11797444   9320675.55
      88.319     1.000000     11797444  10485760.00
      94.271     1.000000     11797445  11983725.71
      94.271     1.000000     11797445          inf
#[Mean    =        4.594, StdDeviation   =        6.067]
#[Max     =       94.208, Total count    =     11797445]
#[Buckets =           27, SubBuckets     =         2048]
----------------------------------------------------------
  11998503 requests in 10.00m, 2.00GB read
Requests/sec:  19997.55
Transfer/sec:      3.41MB
