Running 10m test @ http://localhost:9999/math/plus?x=1&y=2
  16 threads and 400 connections
  Thread calibration: mean lat.: 2.864ms, rate sampling interval: 12ms
  Thread calibration: mean lat.: 2.481ms, rate sampling interval: 10ms
  Thread calibration: mean lat.: 2.409ms, rate sampling interval: 10ms
  Thread calibration: mean lat.: 2.879ms, rate sampling interval: 11ms
  Thread calibration: mean lat.: 2.673ms, rate sampling interval: 11ms
  Thread calibration: mean lat.: 2.730ms, rate sampling interval: 12ms
  Thread calibration: mean lat.: 2.987ms, rate sampling interval: 11ms
  Thread calibration: mean lat.: 3.040ms, rate sampling interval: 12ms
  Thread calibration: mean lat.: 3.191ms, rate sampling interval: 13ms
  Thread calibration: mean lat.: 2.682ms, rate sampling interval: 10ms
  Thread calibration: mean lat.: 2.666ms, rate sampling interval: 10ms
  Thread calibration: mean lat.: 2.742ms, rate sampling interval: 11ms
  Thread calibration: mean lat.: 2.289ms, rate sampling interval: 10ms
  Thread calibration: mean lat.: 2.724ms, rate sampling interval: 11ms
  Thread calibration: mean lat.: 2.920ms, rate sampling interval: 12ms
  Thread calibration: mean lat.: 2.446ms, rate sampling interval: 10ms
  Thread Stats   Avg      Stdev     Max   +/- Stdev
    Latency     2.30ms    3.05ms  67.97ms   92.86%
    Req/Sec     1.31k   610.93     4.22k    64.26%
  Latency Distribution (HdrHistogram - Recorded Latency)
 50.000%    1.47ms
 75.000%    2.45ms
 90.000%    4.07ms
 99.000%   16.40ms
 99.900%   32.00ms
 99.990%   44.70ms
 99.999%   56.03ms
100.000%   68.03ms

  Detailed Percentile spectrum:
       Value   Percentile   TotalCount 1/(1-Percentile)

       0.076     0.000000            1         1.00
       0.610     0.100000      1183502         1.11
       0.846     0.200000      2362030         1.25
       1.045     0.300000      3542821         1.43
       1.241     0.400000      4720564         1.67
       1.467     0.500000      5901048         2.00
       1.598     0.550000      6492656         2.22
       1.744     0.600000      7079945         2.50
       1.921     0.650000      7670675         2.86
       2.149     0.700000      8262126         3.33
       2.447     0.750000      8850851         4.00
       2.625     0.775000      9145022         4.44
       2.821     0.800000      9440278         5.00
       3.033     0.825000      9734171         5.71
       3.277     0.850000     10028371         6.67
       3.601     0.875000     10324138         8.00
       3.813     0.887500     10471084         8.89
       4.073     0.900000     10618559        10.00
       4.455     0.912500     10765702        11.43
       5.111     0.925000     10912608        13.33
       6.007     0.937500     11060252        16.00
       6.535     0.943750     11133968        17.78
       7.151     0.950000     11207746        20.00
       7.847     0.956250     11281374        22.86
       8.591     0.962500     11355337        26.67
       9.607     0.968750     11428753        32.00
      10.207     0.971875     11465734        35.56
      10.879     0.975000     11502799        40.00
      11.639     0.978125     11539542        45.71
      12.511     0.981250     11576327        53.33
      13.631     0.984375     11613112        64.00
      14.295     0.985938     11631668        71.11
      15.023     0.987500     11650017        80.00
      15.847     0.989062     11668487        91.43
      16.831     0.990625     11686965       106.67
      18.095     0.992188     11705266       128.00
      18.767     0.992969     11714504       142.22
      19.487     0.993750     11723805       160.00
      20.335     0.994531     11732920       182.86
      21.599     0.995313     11742210       213.33
      22.959     0.996094     11751371       256.00
      23.695     0.996484     11755948       284.44
      24.511     0.996875     11760557       320.00
      25.439     0.997266     11765167       365.71
      26.479     0.997656     11769790       426.67
      27.647     0.998047     11774394       512.00
      28.319     0.998242     11776690       568.89
      29.119     0.998437     11778989       640.00
      29.983     0.998633     11781274       731.43
      31.007     0.998828     11783576       853.33
      32.127     0.999023     11785872      1024.00
      32.767     0.999121     11787026      1137.78
      33.503     0.999219     11788211      1280.00
      34.303     0.999316     11789341      1462.86
      35.199     0.999414     11790483      1706.67
      36.159     0.999512     11791642      2048.00
      36.703     0.999561     11792210      2275.56
      37.375     0.999609     11792800      2560.00
      38.079     0.999658     11793365      2925.71
      38.847     0.999707     11793935      3413.33
      39.647     0.999756     11794514      4096.00
      40.127     0.999780     11794814      4551.11
      40.735     0.999805     11795093      5120.00
      41.567     0.999829     11795375      5851.43
      42.495     0.999854     11795667      6826.67
      43.487     0.999878     11795955      8192.00
      44.159     0.999890     11796096      9102.22
      44.863     0.999902     11796243     10240.00
      45.631     0.999915     11796390     11702.86
      46.399     0.999927     11796530     13653.33
      47.423     0.999939     11796671     16384.00
      47.935     0.999945     11796745     18204.44
      48.607     0.999951     11796816     20480.00
      49.247     0.999957     11796889     23405.71
      49.983     0.999963     11796963     27306.67
      50.751     0.999969     11797033     32768.00
      51.423     0.999973     11797067     36408.89
      51.935     0.999976     11797104     40960.00
      52.607     0.999979     11797141     46811.43
      53.151     0.999982     11797177     54613.33
      53.823     0.999985     11797212     65536.00
      54.271     0.999986     11797230     72817.78
      54.815     0.999988     11797247     81920.00
      55.519     0.999989     11797266     93622.86
      56.543     0.999991     11797283    109226.67
      57.119     0.999992     11797301    131072.00
      57.951     0.999993     11797311    145635.56
      58.303     0.999994     11797319    163840.00
      58.687     0.999995     11797328    187245.71
      59.263     0.999995     11797337    218453.33
      59.903     0.999996     11797346    262144.00
      60.191     0.999997     11797352    291271.11
      60.351     0.999997     11797355    327680.00
      60.767     0.999997     11797360    374491.43
      61.183     0.999998     11797364    436906.67
      61.503     0.999998     11797369    524288.00
      61.759     0.999998     11797371    582542.22
      61.983     0.999998     11797373    655360.00
      62.207     0.999999     11797376    748982.86
      62.399     0.999999     11797378    873813.33
      62.527     0.999999     11797381   1048576.00
      62.527     0.999999     11797381   1165084.44
      62.623     0.999999     11797382   1310720.00
      62.719     0.999999     11797384   1497965.71
      62.783     0.999999     11797385   1747626.67
      63.391     1.000000     11797386   2097152.00
      63.391     1.000000     11797386   2330168.89
      64.351     1.000000     11797387   2621440.00
      64.543     1.000000     11797388   2995931.43
      64.543     1.000000     11797388   3495253.33
      67.711     1.000000     11797389   4194304.00
      67.711     1.000000     11797389   4660337.78
      67.711     1.000000     11797389   5242880.00
      67.903     1.000000     11797390   5991862.86
      67.903     1.000000     11797390   6990506.67
      67.903     1.000000     11797390   8388608.00
      67.903     1.000000     11797390   9320675.55
      67.903     1.000000     11797390  10485760.00
      68.031     1.000000     11797391  11983725.71
      68.031     1.000000     11797391          inf
#[Mean    =        2.303, StdDeviation   =        3.047]
#[Max     =       67.968, Total count    =     11797391]
#[Buckets =           27, SubBuckets     =         2048]
----------------------------------------------------------
  11997190 requests in 10.00m, 2.00GB read
Requests/sec:  19995.27
Transfer/sec:      3.41MB
