Running 10m test @ http://localhost:9999/math/plus?x=1&y=2
  16 threads and 400 connections
  Thread calibration: mean lat.: 2.288ms, rate sampling interval: 10ms
  Thread calibration: mean lat.: 2.251ms, rate sampling interval: 10ms
  Thread calibration: mean lat.: 2.380ms, rate sampling interval: 10ms
  Thread calibration: mean lat.: 2.391ms, rate sampling interval: 10ms
  Thread calibration: mean lat.: 2.370ms, rate sampling interval: 10ms
  Thread calibration: mean lat.: 2.168ms, rate sampling interval: 10ms
  Thread calibration: mean lat.: 2.363ms, rate sampling interval: 10ms
  Thread calibration: mean lat.: 2.706ms, rate sampling interval: 10ms
  Thread calibration: mean lat.: 2.359ms, rate sampling interval: 10ms
  Thread calibration: mean lat.: 2.283ms, rate sampling interval: 10ms
  Thread calibration: mean lat.: 1.987ms, rate sampling interval: 10ms
  Thread calibration: mean lat.: 2.269ms, rate sampling interval: 10ms
  Thread calibration: mean lat.: 2.200ms, rate sampling interval: 10ms
  Thread calibration: mean lat.: 2.149ms, rate sampling interval: 10ms
  Thread calibration: mean lat.: 2.468ms, rate sampling interval: 10ms
  Thread calibration: mean lat.: 2.210ms, rate sampling interval: 10ms
  Thread Stats   Avg      Stdev     Max   +/- Stdev
    Latency     2.06ms    3.25ms  99.90ms   94.84%
    Req/Sec     1.32k   543.44     5.90k    74.17%
  Latency Distribution (HdrHistogram - Recorded Latency)
 50.000%    1.36ms
 75.000%    2.10ms
 90.000%    3.18ms
 99.000%   17.14ms
 99.900%   38.72ms
 99.990%   58.53ms
 99.999%   78.01ms
100.000%   99.97ms

  Detailed Percentile spectrum:
       Value   Percentile   TotalCount 1/(1-Percentile)

       0.082     0.000000            2         1.00
       0.516     0.100000      1180583         1.11
       0.770     0.200000      2364024         1.25
       0.983     0.300000      3544909         1.43
       1.170     0.400000      4724303         1.67
       1.362     0.500000      5899084         2.00
       1.472     0.550000      6489098         2.22
       1.599     0.600000      7080407         2.50
       1.742     0.650000      7671155         2.86
       1.903     0.700000      8260176         3.33
       2.099     0.750000      8852283         4.00
       2.215     0.775000      9143991         4.44
       2.349     0.800000      9441218         5.00
       2.499     0.825000      9735002         5.71
       2.679     0.850000     10029608         6.67
       2.901     0.875000     10324879         8.00
       3.029     0.887500     10470924         8.89
       3.179     0.900000     10618776        10.00
       3.361     0.912500     10765829        11.43
       3.613     0.925000     10913321        13.33
       4.163     0.937500     11060523        16.00
       4.731     0.943750     11134010        17.78
       5.531     0.950000     11207631        20.00
       6.439     0.956250     11281357        22.86
       7.419     0.962500     11355288        26.67
       8.415     0.968750     11428781        32.00
       9.087     0.971875     11465643        35.56
       9.935     0.975000     11502761        40.00
      10.839     0.978125     11539599        45.71
      11.887     0.981250     11576428        53.33
      13.191     0.984375     11613222        64.00
      14.095     0.985938     11631528        71.11
      15.127     0.987500     11650055        80.00
      16.311     0.989062     11668445        91.43
      17.727     0.990625     11687020       106.67
      19.423     0.992188     11705256       128.00
      20.495     0.992969     11714497       142.22
      21.919     0.993750     11723755       160.00
      23.407     0.994531     11732956       182.86
      24.991     0.995313     11742164       213.33
      26.767     0.996094     11751401       256.00
      27.775     0.996484     11755951       284.44
      28.879     0.996875     11760593       320.00
      30.143     0.997266     11765188       365.71
      31.487     0.997656     11769784       426.67
      33.119     0.998047     11774468       512.00
      34.079     0.998242     11776708       568.89
      35.167     0.998437     11779030       640.00
      36.287     0.998633     11781307       731.43
      37.471     0.998828     11783615       853.33
      38.911     0.999023     11785924      1024.00
      39.711     0.999121     11787079      1137.78
      40.671     0.999219     11788229      1280.00
      41.823     0.999316     11789380      1462.86
      43.135     0.999414     11790538      1706.67
      44.575     0.999512     11791673      2048.00
      45.343     0.999561     11792240      2275.56
      46.175     0.999609     11792822      2560.00
      47.103     0.999658     11793390      2925.71
      48.351     0.999707     11793976      3413.33
      49.919     0.999756     11794551      4096.00
      50.847     0.999780     11794837      4551.11
      51.935     0.999805     11795129      5120.00
      53.215     0.999829     11795414      5851.43
      54.559     0.999854     11795693      6826.67
      56.607     0.999878     11795981      8192.00
      57.663     0.999890     11796131      9102.22
      58.751     0.999902     11796270     10240.00
      60.287     0.999915     11796413     11702.86
      61.951     0.999927     11796556     13653.33
      63.743     0.999939     11796700     16384.00
      64.607     0.999945     11796773     18204.44
      65.663     0.999951     11796844     20480.00
      66.879     0.999957     11796917     23405.71
      68.223     0.999963     11796988     27306.67
      69.695     0.999969     11797063     32768.00
      70.527     0.999973     11797096     36408.89
      71.423     0.999976     11797132     40960.00
      72.447     0.999979     11797168     46811.43
      73.215     0.999982     11797205     54613.33
      74.623     0.999985     11797241     65536.00
      75.839     0.999986     11797258     72817.78
      76.671     0.999988     11797276     81920.00
      77.631     0.999989     11797295     93622.86
      78.527     0.999991     11797313    109226.67
      79.615     0.999992     11797330    131072.00
      80.895     0.999993     11797339    145635.56
      82.879     0.999994     11797348    163840.00
      83.903     0.999995     11797357    187245.71
      84.351     0.999995     11797367    218453.33
      85.055     0.999996     11797375    262144.00
      85.439     0.999997     11797380    291271.11
      85.631     0.999997     11797384    327680.00
      86.847     0.999997     11797389    374491.43
      87.871     0.999998     11797393    436906.67
      90.495     0.999998     11797398    524288.00
      91.007     0.999998     11797400    582542.22
      91.391     0.999998     11797402    655360.00
      91.903     0.999999     11797405    748982.86
      92.159     0.999999     11797408    873813.33
      94.271     0.999999     11797409   1048576.00
      95.359     0.999999     11797411   1165084.44
      95.359     0.999999     11797411   1310720.00
      95.999     0.999999     11797413   1497965.71
      96.255     0.999999     11797414   1747626.67
      97.023     1.000000     11797415   2097152.00
      97.023     1.000000     11797415   2330168.89
      97.279     1.000000     11797417   2621440.00
      97.279     1.000000     11797417   2995931.43
      97.279     1.000000     11797417   3495253.33
      97.343     1.000000     11797418   4194304.00
      97.343     1.000000     11797418   4660337.78
      97.343     1.000000     11797418   5242880.00
      98.623     1.000000     11797419   5991862.86
      98.623     1.000000     11797419   6990506.67
      98.623     1.000000     11797419   8388608.00
      98.623     1.000000     11797419   9320675.55
      98.623     1.000000     11797419  10485760.00
      99.967     1.000000     11797420  11983725.71
      99.967     1.000000     11797420          inf
#[Mean    =        2.063, StdDeviation   =        3.246]
#[Max     =       99.904, Total count    =     11797420]
#[Buckets =           27, SubBuckets     =         2048]
----------------------------------------------------------
  11996432 requests in 10.00m, 2.00GB read
Requests/sec:  19994.03
Transfer/sec:      3.41MB
