Running 10m test @ http://localhost:9999/math/plus?x=1&y=2
  16 threads and 400 connections
  Thread calibration: mean lat.: 3.198ms, rate sampling interval: 13ms
  Thread calibration: mean lat.: 2.636ms, rate sampling interval: 10ms
  Thread calibration: mean lat.: 2.708ms, rate sampling interval: 10ms
  Thread calibration: mean lat.: 2.585ms, rate sampling interval: 10ms
  Thread calibration: mean lat.: 1.466ms, rate sampling interval: 10ms
  Thread calibration: mean lat.: 3.985ms, rate sampling interval: 15ms
  Thread calibration: mean lat.: 2.679ms, rate sampling interval: 10ms
  Thread calibration: mean lat.: 3.332ms, rate sampling interval: 13ms
  Thread calibration: mean lat.: 3.144ms, rate sampling interval: 13ms
  Thread calibration: mean lat.: 2.566ms, rate sampling interval: 10ms
  Thread calibration: mean lat.: 2.720ms, rate sampling interval: 10ms
  Thread calibration: mean lat.: 3.456ms, rate sampling interval: 14ms
  Thread calibration: mean lat.: 2.626ms, rate sampling interval: 10ms
  Thread calibration: mean lat.: 3.284ms, rate sampling interval: 14ms
  Thread calibration: mean lat.: 3.357ms, rate sampling interval: 14ms
  Thread calibration: mean lat.: 2.537ms, rate sampling interval: 10ms
  Thread Stats   Avg      Stdev     Max   +/- Stdev
    Latency     2.75ms    2.25ms  41.12ms   83.26%
    Req/Sec   654.98    534.43     2.78k    63.71%
  Latency Distribution (HdrHistogram - Recorded Latency)
 50.000%    2.03ms
 75.000%    3.48ms
 90.000%    5.91ms
 99.000%   10.79ms
 99.900%   14.77ms
 99.990%   20.06ms
 99.999%   27.65ms
100.000%   41.15ms

  Detailed Percentile spectrum:
       Value   Percentile   TotalCount 1/(1-Percentile)

       0.086     0.000000            1         1.00
       0.770     0.100000       590756         1.11
       1.079     0.200000      1181367         1.25
       1.354     0.300000      1769579         1.43
       1.663     0.400000      2360973         1.67
       2.033     0.500000      2950423         2.00
       2.249     0.550000      3245913         2.22
       2.489     0.600000      3540758         2.50
       2.761     0.650000      3835634         2.86
       3.083     0.700000      4129517         3.33
       3.481     0.750000      4424289         4.00
       3.715     0.775000      4571422         4.44
       3.993     0.800000      4719110         5.00
       4.323     0.825000      4867611         5.71
       4.743     0.850000      5014974         6.67
       5.275     0.875000      5161340         8.00
       5.587     0.887500      5235857         8.89
       5.915     0.900000      5309361        10.00
       6.263     0.912500      5382726        11.43
       6.639     0.925000      5456422        13.33
       7.059     0.937500      5530594        16.00
       7.283     0.943750      5566761        17.78
       7.531     0.950000      5604015        20.00
       7.799     0.956250      5640924        22.86
       8.087     0.962500      5677775        26.67
       8.407     0.968750      5714515        32.00
       8.607     0.971875      5732687        35.56
       8.855     0.975000      5751540        40.00
       9.143     0.978125      5769754        45.71
       9.495     0.981250      5788208        53.33
       9.903     0.984375      5806664        64.00
      10.119     0.985938      5815809        71.11
      10.359     0.987500      5824950        80.00
      10.623     0.989062      5834178        91.43
      10.919     0.990625      5843384       106.67
      11.263     0.992188      5852481       128.00
      11.471     0.992969      5857251       142.22
      11.679     0.993750      5861692       160.00
      11.919     0.994531      5866343       182.86
      12.175     0.995313      5870999       213.33
      12.471     0.996094      5875562       256.00
      12.639     0.996484      5877823       284.44
      12.847     0.996875      5880199       320.00
      13.063     0.997266      5882427       365.71
      13.335     0.997656      5884769       426.67
      13.647     0.998047      5887061       512.00
      13.831     0.998242      5888224       568.89
      14.023     0.998437      5889338       640.00
      14.255     0.998633      5890485       731.43
      14.511     0.998828      5891649       853.33
      14.807     0.999023      5892813      1024.00
      14.983     0.999121      5893368      1137.78
      15.175     0.999219      5893944      1280.00
      15.399     0.999316      5894520      1462.86
      15.655     0.999414      5895102      1706.67
      16.007     0.999512      5895674      2048.00
      16.207     0.999561      5895960      2275.56
      16.495     0.999609      5896263      2560.00
      16.799     0.999658      5896545      2925.71
      17.167     0.999707      5896833      3413.33
      17.679     0.999756      5897117      4096.00
      17.967     0.999780      5897260      4551.11
      18.271     0.999805      5897404      5120.00
      18.623     0.999829      5897542      5851.43
      19.039     0.999854      5897686      6826.67
      19.535     0.999878      5897831      8192.00
      19.807     0.999890      5897904      9102.22
      20.127     0.999902      5897975     10240.00
      20.511     0.999915      5898047     11702.86
      21.071     0.999927      5898117     13653.33
      21.839     0.999939      5898190     16384.00
      22.287     0.999945      5898225     18204.44
      22.671     0.999951      5898262     20480.00
      23.007     0.999957      5898297     23405.71
      23.503     0.999963      5898335     27306.67
      23.855     0.999969      5898370     32768.00
      24.095     0.999973      5898387     36408.89
      24.255     0.999976      5898405     40960.00
      24.495     0.999979      5898424     46811.43
      24.863     0.999982      5898441     54613.33
      25.679     0.999985      5898459     65536.00
      26.159     0.999986      5898468     72817.78
      26.799     0.999988      5898477     81920.00
      27.279     0.999989      5898486     93622.86
      27.983     0.999991      5898495    109226.67
      28.399     0.999992      5898504    131072.00
      28.959     0.999993      5898509    145635.56
      29.183     0.999994      5898513    163840.00
      30.527     0.999995      5898518    187245.71
      32.335     0.999995      5898522    218453.33
      32.831     0.999996      5898527    262144.00
      33.311     0.999997      5898529    291271.11
      34.751     0.999997      5898531    327680.00
      35.807     0.999997      5898534    374491.43
      36.127     0.999998      5898536    436906.67
      36.415     0.999998      5898538    524288.00
      37.311     0.999998      5898539    582542.22
      37.375     0.999998      5898540    655360.00
      37.855     0.999999      5898542    748982.86
      37.983     0.999999      5898543    873813.33
      38.911     0.999999      5898544   1048576.00
      38.911     0.999999      5898544   1165084.44
      39.263     0.999999      5898545   1310720.00
      39.903     0.999999      5898546   1497965.71
      39.903     0.999999      5898546   1747626.67
      40.319     1.000000      5898547   2097152.00
      40.319     1.000000      5898547   2330168.89
      40.319     1.000000      5898547   2621440.00
      40.511     1.000000      5898548   2995931.43
      40.511     1.000000      5898548   3495253.33
      40.511     1.000000      5898548   4194304.00
      40.511     1.000000      5898548   4660337.78
      40.511     1.000000      5898548   5242880.00
      41.151     1.000000      5898549   5991862.86
      41.151     1.000000      5898549          inf
#[Mean    =        2.747, StdDeviation   =        2.253]
#[Max     =       41.120, Total count    =      5898549]
#[Buckets =           27, SubBuckets     =         2048]
----------------------------------------------------------
  5998151 requests in 10.00m, 1.00GB read
Requests/sec:   9996.96
Transfer/sec:      1.71MB
