Running 10m test @ http://localhost:9999/math/plus?x=1&y=2
  16 threads and 400 connections
  Thread calibration: mean lat.: 1.976ms, rate sampling interval: 10ms
  Thread calibration: mean lat.: 1.623ms, rate sampling interval: 10ms
  Thread calibration: mean lat.: 1.968ms, rate sampling interval: 10ms
  Thread calibration: mean lat.: 1.996ms, rate sampling interval: 10ms
  Thread calibration: mean lat.: 1.946ms, rate sampling interval: 10ms
  Thread calibration: mean lat.: 2.039ms, rate sampling interval: 10ms
  Thread calibration: mean lat.: 1.840ms, rate sampling interval: 10ms
  Thread calibration: mean lat.: 2.127ms, rate sampling interval: 10ms
  Thread calibration: mean lat.: 1.649ms, rate sampling interval: 10ms
  Thread calibration: mean lat.: 1.936ms, rate sampling interval: 10ms
  Thread calibration: mean lat.: 2.045ms, rate sampling interval: 10ms
  Thread calibration: mean lat.: 2.011ms, rate sampling interval: 10ms
  Thread calibration: mean lat.: 2.127ms, rate sampling interval: 10ms
  Thread calibration: mean lat.: 1.929ms, rate sampling interval: 10ms
  Thread calibration: mean lat.: 1.562ms, rate sampling interval: 10ms
  Thread calibration: mean lat.: 2.006ms, rate sampling interval: 10ms
  Thread Stats   Avg      Stdev     Max   +/- Stdev
    Latency     1.49ms    1.87ms  92.74ms   95.82%
    Req/Sec     1.97k   620.47     6.33k    75.71%
  Latency Distribution (HdrHistogram - Recorded Latency)
 50.000%    1.16ms
 75.000%    1.63ms
 90.000%    2.31ms
 99.000%    9.75ms
 99.900%   24.58ms
 99.990%   40.93ms
 99.999%   60.58ms
100.000%   92.80ms

  Detailed Percentile spectrum:
       Value   Percentile   TotalCount 1/(1-Percentile)

       0.078     0.000000            1         1.00
       0.490     0.100000      1770054         1.11
       0.698     0.200000      3545144         1.25
       0.866     0.300000      5315292         1.43
       1.017     0.400000      7083950         1.67
       1.163     0.500000      8858353         2.00
       1.238     0.550000      9739097         2.22
       1.317     0.600000     10620190         2.50
       1.405     0.650000     11507061         2.86
       1.507     0.700000     12388213         3.33
       1.629     0.750000     13275273         4.00
       1.699     0.775000     13720177         4.44
       1.776     0.800000     14157026         5.00
       1.867     0.825000     14603278         5.71
       1.976     0.850000     15043947         6.67
       2.115     0.875000     15487479         8.00
       2.201     0.887500     15705644         8.89
       2.305     0.900000     15928138        10.00
       2.429     0.912500     16150953        11.43
       2.581     0.925000     16370252        13.33
       2.783     0.937500     16591718        16.00
       2.913     0.943750     16701816        17.78
       3.075     0.950000     16812600        20.00
       3.281     0.956250     16922179        22.86
       3.603     0.962500     17032668        26.67
       4.231     0.968750     17143530        32.00
       4.699     0.971875     17198649        35.56
       5.215     0.975000     17254181        40.00
       5.755     0.978125     17309132        45.71
       6.515     0.981250     17364560        53.33
       7.423     0.984375     17419804        64.00
       7.983     0.985938     17447499        71.11
       8.631     0.987500     17475054        80.00
       9.319     0.989062     17502681        91.43
      10.079     0.990625     17530518       106.67
      10.999     0.992188     17558080       128.00
      11.495     0.992969     17571848       142.22
      12.095     0.993750     17585787       160.00
      12.727     0.994531     17599460       182.86
      13.455     0.995313     17613327       213.33
      14.487     0.996094     17627144       256.00
      15.135     0.996484     17634058       284.44
      15.855     0.996875     17640893       320.00
      16.687     0.997266     17647835       365.71
      17.711     0.997656     17654775       426.67
      19.071     0.998047     17661650       512.00
      19.951     0.998242     17665107       568.89
      20.927     0.998437     17668556       640.00
      22.031     0.998633     17672029       731.43
      23.311     0.998828     17675486       853.33
      24.767     0.999023     17678919      1024.00
      25.599     0.999121     17680656      1137.78
      26.559     0.999219     17682380      1280.00
      27.615     0.999316     17684093      1462.86
      28.783     0.999414     17685821      1706.67
      30.111     0.999512     17687562      2048.00
      30.895     0.999561     17688420      2275.56
      31.823     0.999609     17689286      2560.00
      32.863     0.999658     17690142      2925.71
      33.919     0.999707     17691009      3413.33
      35.039     0.999756     17691887      4096.00
      35.679     0.999780     17692303      4551.11
      36.415     0.999805     17692753      5120.00
      37.215     0.999829     17693168      5851.43
      38.271     0.999854     17693604      6826.67
      39.519     0.999878     17694037      8192.00
      40.255     0.999890     17694245      9102.22
      41.119     0.999902     17694464     10240.00
      41.951     0.999915     17694677     11702.86
      42.911     0.999927     17694892     13653.33
      43.999     0.999939     17695108     16384.00
      44.671     0.999945     17695217     18204.44
      45.439     0.999951     17695325     20480.00
      46.367     0.999957     17695433     23405.71
      47.423     0.999963     17695540     27306.67
      48.959     0.999969     17695648     32768.00
      49.631     0.999973     17695702     36408.89
      50.783     0.999976     17695756     40960.00
      51.999     0.999979     17695809     46811.43
      53.791     0.999982     17695864     54613.33
      55.807     0.999985     17695917     65536.00
      57.055     0.999986     17695944     72817.78
      58.399     0.999988     17695972     81920.00
      59.615     0.999989     17695998     93622.86
      61.343     0.999991     17696025    109226.67
      63.935     0.999992     17696052    131072.00
      64.959     0.999993     17696066    145635.56
      66.175     0.999994     17696079    163840.00
      67.903     0.999995     17696093    187245.71
      69.439     0.999995     17696107    218453.33
      70.527     0.999996     17696121    262144.00
      70.975     0.999997     17696127    291271.11
      71.295     0.999997     17696133    327680.00
      71.871     0.999997     17696140    374491.43
      73.599     0.999998     17696147    436906.67
      75.519     0.999998     17696154    524288.00
      75.775     0.999998     17696158    582542.22
      76.223     0.999998     17696160    655360.00
      77.951     0.999999     17696164    748982.86
      78.719     0.999999     17696167    873813.33
      79.935     0.999999     17696171   1048576.00
      80.191     0.999999     17696172   1165084.44
      80.959     0.999999     17696174   1310720.00
      81.407     0.999999     17696176   1497965.71
      81.727     0.999999     17696177   1747626.67
      82.367     1.000000     17696179   2097152.00
      83.711     1.000000     17696180   2330168.89
      84.159     1.000000     17696181   2621440.00
      84.799     1.000000     17696182   2995931.43
      84.799     1.000000     17696182   3495253.33
      86.399     1.000000     17696183   4194304.00
      86.911     1.000000     17696184   4660337.78
      86.911     1.000000     17696184   5242880.00
      90.431     1.000000     17696185   5991862.86
      90.431     1.000000     17696185   6990506.67
      90.431     1.000000     17696185   8388608.00
      91.967     1.000000     17696186   9320675.55
      91.967     1.000000     17696186  10485760.00
      91.967     1.000000     17696186  11983725.71
      91.967     1.000000     17696186  13981013.34
      91.967     1.000000     17696186  16777216.00
      92.799     1.000000     17696187  18641351.10
      92.799     1.000000     17696187          inf
#[Mean    =        1.491, StdDeviation   =        1.871]
#[Max     =       92.736, Total count    =     17696187]
#[Buckets =           27, SubBuckets     =         2048]
----------------------------------------------------------
  17992657 requests in 10.00m, 3.00GB read
Requests/sec:  29987.72
Transfer/sec:      5.12MB
