Running 10m test @ http://localhost:9999/math/plus?x=1&y=2
  16 threads and 400 connections
  Thread calibration: mean lat.: 2.098ms, rate sampling interval: 10ms
  Thread calibration: mean lat.: 1.997ms, rate sampling interval: 10ms
  Thread calibration: mean lat.: 1.517ms, rate sampling interval: 10ms
  Thread calibration: mean lat.: 2.040ms, rate sampling interval: 10ms
  Thread calibration: mean lat.: 2.044ms, rate sampling interval: 10ms
  Thread calibration: mean lat.: 2.217ms, rate sampling interval: 10ms
  Thread calibration: mean lat.: 1.887ms, rate sampling interval: 10ms
  Thread calibration: mean lat.: 2.195ms, rate sampling interval: 10ms
  Thread calibration: mean lat.: 2.376ms, rate sampling interval: 10ms
  Thread calibration: mean lat.: 2.436ms, rate sampling interval: 10ms
  Thread calibration: mean lat.: 2.227ms, rate sampling interval: 10ms
  Thread calibration: mean lat.: 2.018ms, rate sampling interval: 10ms
  Thread calibration: mean lat.: 1.835ms, rate sampling interval: 10ms
  Thread calibration: mean lat.: 2.325ms, rate sampling interval: 10ms
  Thread calibration: mean lat.: 2.323ms, rate sampling interval: 10ms
  Thread calibration: mean lat.: 2.364ms, rate sampling interval: 10ms
  Thread Stats   Avg      Stdev     Max   +/- Stdev
    Latency     1.90ms    1.34ms  52.26ms   82.52%
    Req/Sec   658.85    749.32     2.78k    85.23%
  Latency Distribution (HdrHistogram - Recorded Latency)
 50.000%    1.56ms
 75.000%    2.36ms
 90.000%    3.50ms
 99.000%    6.62ms
 99.900%   12.28ms
 99.990%   20.05ms
 99.999%   36.10ms
100.000%   52.29ms

  Detailed Percentile spectrum:
       Value   Percentile   TotalCount 1/(1-Percentile)

       0.088     0.000000            1         1.00
       0.709     0.100000       591833         1.11
       0.944     0.200000      1180466         1.25
       1.149     0.300000      1769959         1.43
       1.345     0.400000      2360109         1.67
       1.560     0.500000      2950484         2.00
       1.683     0.550000      3246089         2.22
       1.818     0.600000      3541040         2.50
       1.968     0.650000      3834984         2.86
       2.145     0.700000      4131606         3.33
       2.363     0.750000      4425260         4.00
       2.493     0.775000      4571742         4.44
       2.643     0.800000      4720622         5.00
       2.813     0.825000      4867869         5.71
       3.007     0.850000      5015141         6.67
       3.231     0.875000      5161747         8.00
       3.357     0.887500      5235314         8.89
       3.497     0.900000      5309474        10.00
       3.655     0.912500      5383096        11.43
       3.845     0.925000      5456568        13.33
       4.067     0.937500      5530329        16.00
       4.191     0.943750      5566882        17.78
       4.335     0.950000      5604584        20.00
       4.491     0.956250      5641368        22.86
       4.671     0.962500      5678099        26.67
       4.887     0.968750      5714554        32.00
       5.015     0.971875      5732980        35.56
       5.163     0.975000      5751598        40.00
       5.335     0.978125      5769979        45.71
       5.539     0.981250      5788197        53.33
       5.807     0.984375      5806550        64.00
       5.979     0.985938      5815805        71.11
       6.191     0.987500      5824953        80.00
       6.443     0.989062      5834215        91.43
       6.747     0.990625      5843377       106.67
       7.111     0.992188      5852548       128.00
       7.331     0.992969      5857221       142.22
       7.571     0.993750      5861815       160.00
       7.835     0.994531      5866394       182.86
       8.099     0.995313      5871039       213.33
       8.375     0.996094      5875634       256.00
       8.583     0.996484      5877931       284.44
       8.855     0.996875      5880246       320.00
       9.199     0.997266      5882511       365.71
       9.671     0.997656      5884823       426.67
      10.287     0.998047      5887127       512.00
      10.655     0.998242      5888282       568.89
      11.039     0.998437      5889413       640.00
      11.471     0.998633      5890565       731.43
      11.903     0.998828      5891739       853.33
      12.335     0.999023      5892879      1024.00
      12.615     0.999121      5893447      1137.78
      12.951     0.999219      5894023      1280.00
      13.351     0.999316      5894595      1462.86
      13.855     0.999414      5895172      1706.67
      14.591     0.999512      5895748      2048.00
      14.975     0.999561      5896036      2275.56
      15.391     0.999609      5896323      2560.00
      15.775     0.999658      5896613      2925.71
      16.151     0.999707      5896899      3413.33
      16.559     0.999756      5897195      4096.00
      16.863     0.999780      5897331      4551.11
      17.215     0.999805      5897477      5120.00
      17.775     0.999829      5897619      5851.43
      18.431     0.999854      5897767      6826.67
      19.263     0.999878      5897907      8192.00
      19.679     0.999890      5897982      9102.22
      20.111     0.999902      5898051     10240.00
      20.575     0.999915      5898124     11702.86
      21.487     0.999927      5898195     13653.33
      22.895     0.999939      5898267     16384.00
      23.519     0.999945      5898304     18204.44
      24.111     0.999951      5898339     20480.00
      24.879     0.999957      5898375     23405.71
      25.807     0.999963      5898411     27306.67
      27.439     0.999969      5898447     32768.00
      28.207     0.999973      5898465     36408.89
      28.959     0.999976      5898483     40960.00
      30.063     0.999979      5898501     46811.43
      31.199     0.999982      5898519     54613.33
      33.023     0.999985      5898537     65536.00
      34.367     0.999986      5898546     72817.78
      34.975     0.999988      5898555     81920.00
      35.839     0.999989      5898566     93622.86
      36.511     0.999991      5898573    109226.67
      37.599     0.999992      5898582    131072.00
      38.559     0.999993      5898587    145635.56
      39.423     0.999994      5898591    163840.00
      39.967     0.999995      5898596    187245.71
      40.415     0.999995      5898600    218453.33
      41.407     0.999996      5898605    262144.00
      42.271     0.999997      5898607    291271.11
      43.359     0.999997      5898609    327680.00
      43.807     0.999997      5898612    374491.43
      44.447     0.999998      5898614    436906.67
      45.279     0.999998      5898616    524288.00
      45.311     0.999998      5898617    582542.22
      45.343     0.999998      5898618    655360.00
      46.335     0.999999      5898620    748982.86
      51.071     0.999999      5898621    873813.33
      51.231     0.999999      5898622   1048576.00
      51.231     0.999999      5898622   1165084.44
      51.391     0.999999      5898623   1310720.00
      51.551     0.999999      5898624   1497965.71
      51.551     0.999999      5898624   1747626.67
      51.711     1.000000      5898625   2097152.00
      51.711     1.000000      5898625   2330168.89
      51.711     1.000000      5898625   2621440.00
      52.159     1.000000      5898626   2995931.43
      52.159     1.000000      5898626   3495253.33
      52.159     1.000000      5898626   4194304.00
      52.159     1.000000      5898626   4660337.78
      52.159     1.000000      5898626   5242880.00
      52.287     1.000000      5898627   5991862.86
      52.287     1.000000      5898627          inf
#[Mean    =        1.903, StdDeviation   =        1.342]
#[Max     =       52.256, Total count    =      5898627]
#[Buckets =           27, SubBuckets     =         2048]
----------------------------------------------------------
  5995908 requests in 10.00m, 1.00GB read
Requests/sec:   9993.15
Transfer/sec:      1.71MB
