Running 10m test @ http://localhost:9999/math/plus?x=1&y=2
  16 threads and 400 connections
  Thread calibration: mean lat.: 6.255ms, rate sampling interval: 25ms
  Thread calibration: mean lat.: 6.163ms, rate sampling interval: 25ms
  Thread calibration: mean lat.: 5.997ms, rate sampling interval: 25ms
  Thread calibration: mean lat.: 6.023ms, rate sampling interval: 24ms
  Thread calibration: mean lat.: 2.097ms, rate sampling interval: 10ms
  Thread calibration: mean lat.: 6.328ms, rate sampling interval: 25ms
  Thread calibration: mean lat.: 6.274ms, rate sampling interval: 25ms
  Thread calibration: mean lat.: 7.866ms, rate sampling interval: 28ms
  Thread calibration: mean lat.: 6.519ms, rate sampling interval: 25ms
  Thread calibration: mean lat.: 6.433ms, rate sampling interval: 24ms
  Thread calibration: mean lat.: 6.199ms, rate sampling interval: 24ms
  Thread calibration: mean lat.: 4.545ms, rate sampling interval: 24ms
  Thread calibration: mean lat.: 6.454ms, rate sampling interval: 25ms
  Thread calibration: mean lat.: 6.327ms, rate sampling interval: 24ms
  Thread calibration: mean lat.: 7.327ms, rate sampling interval: 23ms
  Thread calibration: mean lat.: 6.382ms, rate sampling interval: 25ms
  Thread Stats   Avg      Stdev     Max   +/- Stdev
    Latency     6.12ms    4.42ms  48.03ms   61.63%
    Req/Sec   640.67    482.02     2.78k    79.69%
  Latency Distribution (HdrHistogram - Recorded Latency)
 50.000%    5.23ms
 75.000%    9.44ms
 90.000%   12.53ms
 99.000%   16.75ms
 99.900%   20.69ms
 99.990%   24.74ms
 99.999%   30.85ms
100.000%   48.06ms

  Detailed Percentile spectrum:
       Value   Percentile   TotalCount 1/(1-Percentile)

       0.094     0.000000            4         1.00
       1.215     0.100000       590841         1.11
       1.736     0.200000      1180315         1.25
       2.511     0.300000      1769735         1.43
       3.689     0.400000      2359772         1.67
       5.231     0.500000      2950272         2.00
       6.075     0.550000      3244896         2.22
       6.911     0.600000      3539923         2.50
       7.743     0.650000      3834543         2.86
       8.575     0.700000      4129742         3.33
       9.439     0.750000      4424861         4.00
       9.887     0.775000      4571658         4.44
      10.359     0.800000      4720987         5.00
      10.839     0.825000      4867718         5.71
      11.351     0.850000      5015118         6.67
      11.911     0.875000      5162141         8.00
      12.215     0.887500      5236937         8.89
      12.535     0.900000      5309889        10.00
      12.887     0.912500      5382845        11.43
      13.287     0.925000      5456909        13.33
      13.743     0.937500      5530544        16.00
      13.991     0.943750      5567285        17.78
      14.255     0.950000      5604307        20.00
      14.535     0.956250      5641308        22.86
      14.823     0.962500      5678087        26.67
      15.135     0.968750      5715330        32.00
      15.303     0.971875      5733254        35.56
      15.479     0.975000      5751416        40.00
      15.671     0.978125      5770027        45.71
      15.895     0.981250      5788455        53.33
      16.135     0.984375      5806757        64.00
      16.271     0.985938      5815896        71.11
      16.431     0.987500      5825186        80.00
      16.623     0.989062      5834736        91.43
      16.831     0.990625      5843557       106.67
      17.103     0.992188      5852880       128.00
      17.263     0.992969      5857501       142.22
      17.439     0.993750      5862012       160.00
      17.647     0.994531      5866605       182.86
      17.903     0.995313      5871326       213.33
      18.207     0.996094      5875680       256.00
      18.415     0.996484      5878059       284.44
      18.639     0.996875      5880305       320.00
      18.911     0.997266      5882673       365.71
      19.231     0.997656      5884924       426.67
      19.599     0.998047      5887217       512.00
      19.823     0.998242      5888343       568.89
      20.015     0.998437      5889518       640.00
      20.223     0.998633      5890726       731.43
      20.447     0.998828      5891809       853.33
      20.719     0.999023      5893002      1024.00
      20.847     0.999121      5893543      1137.78
      21.007     0.999219      5894151      1280.00
      21.183     0.999316      5894678      1462.86
      21.455     0.999414      5895266      1706.67
      21.775     0.999512      5895850      2048.00
      21.967     0.999561      5896116      2275.56
      22.191     0.999609      5896414      2560.00
      22.431     0.999658      5896695      2925.71
      22.703     0.999707      5896980      3413.33
      23.055     0.999756      5897283      4096.00
      23.279     0.999780      5897417      4551.11
      23.503     0.999805      5897563      5120.00
      23.775     0.999829      5897704      5851.43
      24.015     0.999854      5897846      6826.67
      24.319     0.999878      5897989      8192.00
      24.527     0.999890      5898060      9102.22
      24.783     0.999902      5898134     10240.00
      25.007     0.999915      5898210     11702.86
      25.247     0.999927      5898277     13653.33
      25.663     0.999939      5898348     16384.00
      25.935     0.999945      5898386     18204.44
      26.159     0.999951      5898422     20480.00
      26.447     0.999957      5898459     23405.71
      26.879     0.999963      5898493     27306.67
      27.487     0.999969      5898528     32768.00
      27.935     0.999973      5898547     36408.89
      28.207     0.999976      5898565     40960.00
      28.751     0.999979      5898582     46811.43
      29.119     0.999982      5898600     54613.33
      29.679     0.999985      5898618     65536.00
      29.935     0.999986      5898629     72817.78
      30.143     0.999988      5898636     81920.00
      30.655     0.999989      5898645     93622.86
      31.103     0.999991      5898654    109226.67
      31.503     0.999992      5898663    131072.00
      31.727     0.999993      5898668    145635.56
      31.871     0.999994      5898672    163840.00
      32.063     0.999995      5898677    187245.71
      32.255     0.999995      5898681    218453.33
      33.055     0.999996      5898686    262144.00
      33.119     0.999997      5898688    291271.11
      33.407     0.999997      5898690    327680.00
      33.663     0.999997      5898693    374491.43
      33.823     0.999998      5898695    436906.67
      34.047     0.999998      5898697    524288.00
      34.079     0.999998      5898698    582542.22
      34.335     0.999998      5898699    655360.00
      34.943     0.999999      5898701    748982.86
      35.359     0.999999      5898702    873813.33
      35.423     0.999999      5898703   1048576.00
      35.423     0.999999      5898703   1165084.44
      36.319     0.999999      5898704   1310720.00
      36.479     0.999999      5898705   1497965.71
      36.479     0.999999      5898705   1747626.67
      39.199     1.000000      5898706   2097152.00
      39.199     1.000000      5898706   2330168.89
      39.199     1.000000      5898706   2621440.00
      41.343     1.000000      5898707   2995931.43
      41.343     1.000000      5898707   3495253.33
      41.343     1.000000      5898707   4194304.00
      41.343     1.000000      5898707   4660337.78
      41.343     1.000000      5898707   5242880.00
      48.063     1.000000      5898708   5991862.86
      48.063     1.000000      5898708          inf
#[Mean    =        6.121, StdDeviation   =        4.420]
#[Max     =       48.032, Total count    =      5898708]
#[Buckets =           27, SubBuckets     =         2048]
----------------------------------------------------------
  5997043 requests in 10.00m, 1.00GB read
Requests/sec:   9995.04
Transfer/sec:      1.71MB
