Running 10m test @ http://localhost:9999/math/plus?x=1&y=2
  16 threads and 400 connections
  Thread calibration: mean lat.: 1.071ms, rate sampling interval: 10ms
  Thread calibration: mean lat.: 1.084ms, rate sampling interval: 10ms
  Thread calibration: mean lat.: 1.077ms, rate sampling interval: 10ms
  Thread calibration: mean lat.: 1.062ms, rate sampling interval: 10ms
  Thread calibration: mean lat.: 1.083ms, rate sampling interval: 10ms
  Thread calibration: mean lat.: 1.295ms, rate sampling interval: 10ms
  Thread calibration: mean lat.: 1.076ms, rate sampling interval: 10ms
  Thread calibration: mean lat.: 1.062ms, rate sampling interval: 10ms
  Thread calibration: mean lat.: 1.069ms, rate sampling interval: 10ms
  Thread calibration: mean lat.: 1.088ms, rate sampling interval: 10ms
  Thread calibration: mean lat.: 1.063ms, rate sampling interval: 10ms
  Thread calibration: mean lat.: 1.058ms, rate sampling interval: 10ms
  Thread calibration: mean lat.: 1.065ms, rate sampling interval: 10ms
  Thread calibration: mean lat.: 1.065ms, rate sampling interval: 10ms
  Thread calibration: mean lat.: 1.059ms, rate sampling interval: 10ms
  Thread calibration: mean lat.: 1.058ms, rate sampling interval: 10ms
  Thread Stats   Avg      Stdev     Max   +/- Stdev
    Latency     1.08ms    0.99ms  92.93ms   96.74%
    Req/Sec     1.98k   359.28     5.55k    80.79%
  Latency Distribution (HdrHistogram - Recorded Latency)
 50.000%    0.99ms
 75.000%    1.33ms
 90.000%    1.66ms
 99.000%    3.21ms
 99.900%   13.23ms
 99.990%   30.05ms
 99.999%   56.74ms
100.000%   92.99ms

  Detailed Percentile spectrum:
       Value   Percentile   TotalCount 1/(1-Percentile)

       0.071     0.000000            1         1.00
       0.401     0.100000      1770444         1.11
       0.574     0.200000      3539620         1.25
       0.722     0.300000      5309352         1.43
       0.860     0.400000      7090898         1.67
       0.990     0.500000      8854995         2.00
       1.054     0.550000      9737842         2.22
       1.119     0.600000     10630296         2.50
       1.184     0.650000     11512167         2.86
       1.252     0.700000     12387894         3.33
       1.327     0.750000     13279973         4.00
       1.368     0.775000     13721440         4.44
       1.413     0.800000     14163630         5.00
       1.463     0.825000     14605338         5.71
       1.519     0.850000     15042724         6.67
       1.585     0.875000     15489093         8.00
       1.622     0.887500     15709697         8.89
       1.663     0.900000     15930569        10.00
       1.709     0.912500     16151461        11.43
       1.762     0.925000     16371922        13.33
       1.824     0.937500     16591145        16.00
       1.860     0.943750     16700839        17.78
       1.902     0.950000     16812764        20.00
       1.950     0.956250     16922263        22.86
       2.010     0.962500     17033958        26.67
       2.087     0.968750     17145010        32.00
       2.135     0.971875     17199117        35.56
       2.195     0.975000     17254195        40.00
       2.271     0.978125     17309658        45.71
       2.371     0.981250     17364878        53.33
       2.513     0.984375     17420117        64.00
       2.613     0.985938     17447503        71.11
       2.755     0.987500     17475315        80.00
       2.985     0.989062     17502685        91.43
       3.409     0.990625     17530305       106.67
       4.139     0.992188     17558005       128.00
       4.623     0.992969     17571813       142.22
       5.187     0.993750     17585660       160.00
       5.755     0.994531     17599428       182.86
       6.535     0.995313     17613246       213.33
       7.335     0.996094     17627071       256.00
       7.815     0.996484     17633979       284.44
       8.311     0.996875     17640936       320.00
       8.847     0.997266     17647878       365.71
       9.503     0.997656     17654776       426.67
      10.279     0.998047     17661641       512.00
      10.775     0.998242     17665084       568.89
      11.271     0.998437     17668539       640.00
      11.831     0.998633     17672018       731.43
      12.527     0.998828     17675463       853.33
      13.327     0.999023     17678906      1024.00
      13.767     0.999121     17680633      1137.78
      14.375     0.999219     17682381      1280.00
      15.095     0.999316     17684088      1462.86
      15.951     0.999414     17685832      1706.67
      16.863     0.999512     17687569      2048.00
      17.391     0.999561     17688411      2275.56
      18.079     0.999609     17689285      2560.00
      18.879     0.999658     17690152      2925.71
      19.967     0.999707     17691006      3413.33
      21.359     0.999756     17691872      4096.00
      22.191     0.999780     17692300      4551.11
      23.327     0.999805     17692732      5120.00
      24.479     0.999829     17693162      5851.43
      25.855     0.999854     17693594      6826.67
      27.759     0.999878     17694025      8192.00
      29.007     0.999890     17694241      9102.22
      30.303     0.999902     17694457     10240.00
      31.679     0.999915     17694673     11702.86
      33.759     0.999927     17694889     13653.33
      35.903     0.999939     17695108     16384.00
      37.183     0.999945     17695213     18204.44
      38.879     0.999951     17695323     20480.00
      40.767     0.999957     17695430     23405.71
      43.167     0.999963     17695537     27306.67
      45.215     0.999969     17695645     32768.00
      46.367     0.999973     17695699     36408.89
      47.647     0.999976     17695754     40960.00
      49.119     0.999979     17695807     46811.43
      50.463     0.999982     17695861     54613.33
      52.383     0.999985     17695916     65536.00
      53.759     0.999986     17695942     72817.78
      55.071     0.999988     17695969     81920.00
      56.095     0.999989     17695996     93622.86
      57.151     0.999991     17696023    109226.67
      58.079     0.999992     17696050    131072.00
      59.071     0.999993     17696064    145635.56
      60.223     0.999994     17696077    163840.00
      61.311     0.999995     17696091    187245.71
      62.655     0.999995     17696104    218453.33
      64.447     0.999996     17696118    262144.00
      65.439     0.999997     17696125    291271.11
      66.815     0.999997     17696131    327680.00
      68.159     0.999997     17696138    374491.43
      69.439     0.999998     17696145    436906.67
      70.783     0.999998     17696152    524288.00
      71.359     0.999998     17696155    582542.22
      72.127     0.999998     17696158    655360.00
      73.663     0.999999     17696162    748982.86
      74.111     0.999999     17696165    873813.33
      75.647     0.999999     17696169   1048576.00
      76.415     0.999999     17696170   1165084.44
      76.735     0.999999     17696172   1310720.00
      78.271     0.999999     17696174   1497965.71
      78.655     0.999999     17696175   1747626.67
      79.679     1.000000     17696177   2097152.00
      79.999     1.000000     17696178   2330168.89
      80.127     1.000000     17696179   2621440.00
      80.255     1.000000     17696180   2995931.43
      80.255     1.000000     17696180   3495253.33
      80.575     1.000000     17696181   4194304.00
      80.767     1.000000     17696182   4660337.78
      80.767     1.000000     17696182   5242880.00
      83.135     1.000000     17696183   5991862.86
      83.135     1.000000     17696183   6990506.67
      83.135     1.000000     17696183   8388608.00
      91.007     1.000000     17696184   9320675.55
      91.007     1.000000     17696184  10485760.00
      91.007     1.000000     17696184  11983725.71
      91.007     1.000000     17696184  13981013.34
      91.007     1.000000     17696184  16777216.00
      92.991     1.000000     17696185  18641351.10
      92.991     1.000000     17696185          inf
#[Mean    =        1.077, StdDeviation   =        0.989]
#[Max     =       92.928, Total count    =     17696185]
#[Buckets =           27, SubBuckets     =         2048]
----------------------------------------------------------
  17996487 requests in 10.00m, 3.00GB read
Requests/sec:  29994.16
Transfer/sec:      5.12MB
