Running 10m test @ http://localhost:9999/math/plus?x=1&y=2
  16 threads and 400 connections
  Thread calibration: mean lat.: 1.815ms, rate sampling interval: 10ms
  Thread calibration: mean lat.: 1.823ms, rate sampling interval: 10ms
  Thread calibration: mean lat.: 1.855ms, rate sampling interval: 10ms
  Thread calibration: mean lat.: 1.902ms, rate sampling interval: 10ms
  Thread calibration: mean lat.: 1.890ms, rate sampling interval: 10ms
  Thread calibration: mean lat.: 2.050ms, rate sampling interval: 10ms
  Thread calibration: mean lat.: 1.756ms, rate sampling interval: 10ms
  Thread calibration: mean lat.: 1.802ms, rate sampling interval: 10ms
  Thread calibration: mean lat.: 1.883ms, rate sampling interval: 10ms
  Thread calibration: mean lat.: 1.703ms, rate sampling interval: 10ms
  Thread calibration: mean lat.: 1.751ms, rate sampling interval: 10ms
  Thread calibration: mean lat.: 1.790ms, rate sampling interval: 10ms
  Thread calibration: mean lat.: 1.765ms, rate sampling interval: 10ms
  Thread calibration: mean lat.: 1.755ms, rate sampling interval: 10ms
  Thread calibration: mean lat.: 1.744ms, rate sampling interval: 10ms
  Thread calibration: mean lat.: 1.791ms, rate sampling interval: 10ms
  Thread Stats   Avg      Stdev     Max   +/- Stdev
    Latency     1.81ms    8.47ms   1.00s    99.73%
    Req/Sec   658.74    488.24     2.90k    79.50%
  Latency Distribution (HdrHistogram - Recorded Latency)
 50.000%    1.45ms
 75.000%    2.08ms
 90.000%    2.95ms
 99.000%    5.38ms
 99.900%   15.73ms
 99.990%  523.78ms
 99.999%  953.85ms
100.000%    1.00s 

  Detailed Percentile spectrum:
       Value   Percentile   TotalCount 1/(1-Percentile)

       0.075     0.000000            1         1.00
       0.663     0.100000       590292         1.11
       0.900     0.200000      1181234         1.25
       1.094     0.300000      1771519         1.43
       1.271     0.400000      2362892         1.67
       1.451     0.500000      2949469         2.00
       1.551     0.550000      3244527         2.22
       1.660     0.600000      3540755         2.50
       1.780     0.650000      3834821         2.86
       1.917     0.700000      4129580         3.33
       2.081     0.750000      4427243         4.00
       2.175     0.775000      4573024         4.44
       2.285     0.800000      4721402         5.00
       2.409     0.825000      4867703         5.71
       2.555     0.850000      5014385         6.67
       2.731     0.875000      5162195         8.00
       2.835     0.887500      5236361         8.89
       2.949     0.900000      5309041        10.00
       3.081     0.912500      5383093        11.43
       3.231     0.925000      5456660        13.33
       3.409     0.937500      5530785        16.00
       3.513     0.943750      5567468        17.78
       3.627     0.950000      5603970        20.00
       3.761     0.956250      5640710        22.86
       3.915     0.962500      5677509        26.67
       4.091     0.968750      5714634        32.00
       4.191     0.971875      5732954        35.56
       4.307     0.975000      5751665        40.00
       4.435     0.978125      5769814        45.71
       4.591     0.981250      5788149        53.33
       4.791     0.984375      5806680        64.00
       4.915     0.985938      5815917        71.11
       5.059     0.987500      5825018        80.00
       5.243     0.989062      5834222        91.43
       5.491     0.990625      5843470       106.67
       5.935     0.992188      5852640       128.00
       6.327     0.992969      5857248       142.22
       6.823     0.993750      5861865       160.00
       7.399     0.994531      5866455       182.86
       7.999     0.995313      5871054       213.33
       8.647     0.996094      5875671       256.00
       9.087     0.996484      5877978       284.44
       9.623     0.996875      5880278       320.00
      10.303     0.997266      5882573       365.71
      11.151     0.997656      5884885       426.67
      12.071     0.998047      5887190       512.00
      12.575     0.998242      5888341       568.89
      13.207     0.998437      5889491       640.00
      13.935     0.998633      5890642       731.43
      14.791     0.998828      5891788       853.33
      15.855     0.999023      5892938      1024.00
      16.495     0.999121      5893514      1137.78
      17.327     0.999219      5894093      1280.00
      18.351     0.999316      5894665      1462.86
      19.599     0.999414      5895243      1706.67
      21.311     0.999512      5895817      2048.00
      22.687     0.999561      5896110      2275.56
      24.079     0.999609      5896393      2560.00
      25.967     0.999658      5896682      2925.71
      28.975     0.999707      5896971      3413.33
      34.271     0.999756      5897258      4096.00
      41.407     0.999780      5897401      4551.11
      78.015     0.999805      5897545      5120.00
     194.815     0.999829      5897689      5851.43
     305.663     0.999854      5897833      6826.67
     420.863     0.999878      5897977      8192.00
     478.719     0.999890      5898050      9102.22
     538.623     0.999902      5898122     10240.00
     598.527     0.999915      5898197     11702.86
     656.383     0.999927      5898266     13653.33
     711.167     0.999939      5898337     16384.00
     738.303     0.999945      5898373     18204.44
     765.951     0.999951      5898410     20480.00
     798.719     0.999957      5898445     23405.71
     824.831     0.999963      5898481     27306.67
     859.135     0.999969      5898523     32768.00
     871.423     0.999973      5898536     36408.89
     883.199     0.999976      5898553     40960.00
     900.607     0.999979      5898571     46811.43
     916.479     0.999982      5898590     54613.33
     925.695     0.999985      5898607     65536.00
     936.959     0.999986      5898616     72817.78
     942.079     0.999988      5898625     81920.00
     948.223     0.999989      5898634     93622.86
     958.975     0.999991      5898644    109226.67
     962.559     0.999992      5898652    131072.00
     966.143     0.999993      5898658    145635.56
     970.751     0.999994      5898661    163840.00
     978.431     0.999995      5898667    187245.71
     979.455     0.999995      5898671    218453.33
     981.503     0.999996      5898675    262144.00
     982.015     0.999997      5898678    291271.11
     982.527     0.999997      5898679    327680.00
     985.087     0.999997      5898682    374491.43
     985.599     0.999998      5898684    436906.67
     991.231     0.999998      5898686    524288.00
     992.255     0.999998      5898687    582542.22
     997.375     0.999998      5898689    655360.00
     998.399     0.999999      5898690    748982.86
     998.911     0.999999      5898691    873813.33
    1000.447     0.999999      5898692   1048576.00
    1000.447     0.999999      5898692   1165084.44
    1000.959     0.999999      5898693   1310720.00
    1001.471     0.999999      5898694   1497965.71
    1001.471     0.999999      5898694   1747626.67
    1002.495     1.000000      5898696   2097152.00
    1002.495     1.000000      5898696   2330168.89
    1002.495     1.000000      5898696   2621440.00
    1002.495     1.000000      5898696   2995931.43
    1002.495     1.000000      5898696   3495253.33
    1002.495     1.000000      5898696   4194304.00
    1002.495     1.000000      5898696   4660337.78
    1002.495     1.000000      5898696   5242880.00
    1004.031     1.000000      5898697   5991862.86
    1004.031     1.000000      5898697          inf
#[Mean    =        1.809, StdDeviation   =        8.465]
#[Max     =     1003.520, Total count    =      5898697]
#[Buckets =           27, SubBuckets     =         2048]
----------------------------------------------------------
  5998329 requests in 10.00m, 1.00GB read
Requests/sec:   9997.18
Transfer/sec:      1.71MB
