Running 10m test @ http://localhost:9999/math/plus?x=1&y=2
  16 threads and 400 connections
  Thread calibration: mean lat.: 2.037ms, rate sampling interval: 10ms
  Thread calibration: mean lat.: 2.004ms, rate sampling interval: 10ms
  Thread calibration: mean lat.: 2.076ms, rate sampling interval: 10ms
  Thread calibration: mean lat.: 2.010ms, rate sampling interval: 10ms
  Thread calibration: mean lat.: 2.077ms, rate sampling interval: 10ms
  Thread calibration: mean lat.: 1.841ms, rate sampling interval: 10ms
  Thread calibration: mean lat.: 2.198ms, rate sampling interval: 10ms
  Thread calibration: mean lat.: 2.112ms, rate sampling interval: 10ms
  Thread calibration: mean lat.: 1.667ms, rate sampling interval: 10ms
  Thread calibration: mean lat.: 1.662ms, rate sampling interval: 10ms
  Thread calibration: mean lat.: 1.925ms, rate sampling interval: 10ms
  Thread calibration: mean lat.: 2.099ms, rate sampling interval: 10ms
  Thread calibration: mean lat.: 1.987ms, rate sampling interval: 10ms
  Thread calibration: mean lat.: 1.946ms, rate sampling interval: 10ms
  Thread calibration: mean lat.: 1.618ms, rate sampling interval: 10ms
  Thread calibration: mean lat.: 1.986ms, rate sampling interval: 10ms
  Thread Stats   Avg      Stdev     Max   +/- Stdev
    Latency     1.43ms    1.25ms  59.71ms   90.23%
    Req/Sec     1.98k   605.53     5.78k    74.13%
  Latency Distribution (HdrHistogram - Recorded Latency)
 50.000%    1.18ms
 75.000%    1.79ms
 90.000%    2.60ms
 99.000%    4.86ms
 99.900%   15.18ms
 99.990%   30.80ms
 99.999%   41.89ms
100.000%   59.74ms

  Detailed Percentile spectrum:
       Value   Percentile   TotalCount 1/(1-Percentile)

       0.072     0.000000            3         1.00
       0.471     0.100000      1770737         1.11
       0.676     0.200000      3539410         1.25
       0.850     0.300000      5318453         1.43
       1.015     0.400000      7081368         1.67
       1.184     0.500000      8850434         2.00
       1.279     0.550000      9741802         2.22
       1.382     0.600000     10622407         2.50
       1.501     0.650000     11508952         2.86
       1.637     0.700000     12389492         3.33
       1.795     0.750000     13273880         4.00
       1.888     0.775000     13718516         4.44
       1.992     0.800000     14160052         5.00
       2.111     0.825000     14599795         5.71
       2.253     0.850000     15045859         6.67
       2.415     0.875000     15488121         8.00
       2.503     0.887500     15707838         8.89
       2.595     0.900000     15927108        10.00
       2.695     0.912500     16152137        11.43
       2.801     0.925000     16370665        13.33
       2.921     0.937500     16590741        16.00
       2.989     0.943750     16701544        17.78
       3.065     0.950000     16812815        20.00
       3.149     0.956250     16923325        22.86
       3.245     0.962500     17033528        26.67
       3.361     0.968750     17144409        32.00
       3.431     0.971875     17199524        35.56
       3.515     0.975000     17254169        40.00
       3.625     0.978125     17309262        45.71
       3.781     0.981250     17364849        53.33
       4.013     0.984375     17420077        64.00
       4.167     0.985938     17448024        71.11
       4.371     0.987500     17475353        80.00
       4.647     0.989062     17502736        91.43
       5.031     0.990625     17530473       106.67
       5.611     0.992188     17558132       128.00
       6.063     0.992969     17571907       142.22
       6.719     0.993750     17585724       160.00
       7.487     0.994531     17599506       182.86
       8.207     0.995313     17613411       213.33
       9.055     0.996094     17627236       256.00
       9.527     0.996484     17634133       284.44
      10.183     0.996875     17640976       320.00
      10.991     0.997266     17647953       365.71
      11.767     0.997656     17654875       426.67
      12.239     0.998047     17661725       512.00
      12.511     0.998242     17665220       568.89
      12.959     0.998437     17668650       640.00
      13.383     0.998633     17672090       731.43
      14.079     0.998828     17675531       853.33
      15.327     0.999023     17678991      1024.00
      16.007     0.999121     17680724      1137.78
      16.639     0.999219     17682445      1280.00
      17.327     0.999316     17684208      1462.86
      18.255     0.999414     17685912      1706.67
      19.647     0.999512     17687641      2048.00
      20.495     0.999561     17688509      2275.56
      21.439     0.999609     17689366      2560.00
      22.511     0.999658     17690222      2925.71
      23.759     0.999707     17691094      3413.33
      25.055     0.999756     17691951      4096.00
      25.791     0.999780     17692380      4551.11
      26.575     0.999805     17692812      5120.00
      27.535     0.999829     17693249      5851.43
      28.527     0.999854     17693676      6826.67
      29.663     0.999878     17694110      8192.00
      30.319     0.999890     17694330      9102.22
      30.895     0.999902     17694541     10240.00
      31.663     0.999915     17694759     11702.86
      32.575     0.999927     17694972     13653.33
      33.535     0.999939     17695194     16384.00
      34.079     0.999945     17695300     18204.44
      34.751     0.999951     17695407     20480.00
      35.487     0.999957     17695513     23405.71
      36.223     0.999963     17695624     27306.67
      37.055     0.999969     17695731     32768.00
      37.503     0.999973     17695787     36408.89
      37.983     0.999976     17695838     40960.00
      38.591     0.999979     17695893     46811.43
      39.231     0.999982     17695944     54613.33
      40.063     0.999985     17695999     65536.00
      40.575     0.999986     17696026     72817.78
      41.055     0.999988     17696054     81920.00
      41.631     0.999989     17696079     93622.86
      42.367     0.999991     17696106    109226.67
      43.199     0.999992     17696133    131072.00
      43.999     0.999993     17696150    145635.56
      44.671     0.999994     17696160    163840.00
      45.663     0.999995     17696174    187245.71
      46.623     0.999995     17696187    218453.33
      47.359     0.999996     17696201    262144.00
      47.743     0.999997     17696208    291271.11
      48.479     0.999997     17696214    327680.00
      49.055     0.999997     17696221    374491.43
      49.599     0.999998     17696228    436906.67
      50.367     0.999998     17696235    524288.00
      50.655     0.999998     17696238    582542.22
      51.071     0.999998     17696241    655360.00
      51.679     0.999999     17696245    748982.86
      52.031     0.999999     17696249    873813.33
      52.383     0.999999     17696252   1048576.00
      52.415     0.999999     17696253   1165084.44
      52.639     0.999999     17696255   1310720.00
      52.895     0.999999     17696258   1497965.71
      52.895     0.999999     17696258   1747626.67
      54.367     1.000000     17696260   2097152.00
      54.431     1.000000     17696261   2330168.89
      54.687     1.000000     17696262   2621440.00
      54.879     1.000000     17696263   2995931.43
      54.879     1.000000     17696263   3495253.33
      55.551     1.000000     17696264   4194304.00
      56.159     1.000000     17696265   4660337.78
      56.159     1.000000     17696265   5242880.00
      56.959     1.000000     17696266   5991862.86
      56.959     1.000000     17696266   6990506.67
      56.959     1.000000     17696266   8388608.00
      57.471     1.000000     17696267   9320675.55
      57.471     1.000000     17696267  10485760.00
      57.471     1.000000     17696267  11983725.71
      57.471     1.000000     17696267  13981013.34
      57.471     1.000000     17696267  16777216.00
      59.743     1.000000     17696268  18641351.10
      59.743     1.000000     17696268          inf
#[Mean    =        1.431, StdDeviation   =        1.249]
#[Max     =       59.712, Total count    =     17696268]
#[Buckets =           27, SubBuckets     =         2048]
----------------------------------------------------------
  17994561 requests in 10.00m, 3.00GB read
Requests/sec:  29990.90
Transfer/sec:      5.12MB
