Running 10m test @ http://localhost:9999/math/plus?x=1&y=2
  16 threads and 400 connections
  Thread calibration: mean lat.: 3.030ms, rate sampling interval: 14ms
  Thread calibration: mean lat.: 3.087ms, rate sampling interval: 14ms
  Thread calibration: mean lat.: 2.944ms, rate sampling interval: 13ms
  Thread calibration: mean lat.: 2.685ms, rate sampling interval: 12ms
  Thread calibration: mean lat.: 3.008ms, rate sampling interval: 13ms
  Thread calibration: mean lat.: 4.271ms, rate sampling interval: 19ms
  Thread calibration: mean lat.: 2.745ms, rate sampling interval: 12ms
  Thread calibration: mean lat.: 5.160ms, rate sampling interval: 20ms
  Thread calibration: mean lat.: 3.083ms, rate sampling interval: 14ms
  Thread calibration: mean lat.: 4.819ms, rate sampling interval: 19ms
  Thread calibration: mean lat.: 3.010ms, rate sampling interval: 14ms
  Thread calibration: mean lat.: 3.090ms, rate sampling interval: 14ms
  Thread calibration: mean lat.: 3.148ms, rate sampling interval: 14ms
  Thread calibration: mean lat.: 3.209ms, rate sampling interval: 14ms
  Thread calibration: mean lat.: 5.006ms, rate sampling interval: 19ms
  Thread calibration: mean lat.: 3.153ms, rate sampling interval: 14ms
  Thread Stats   Avg      Stdev     Max   +/- Stdev
    Latency     3.40ms    2.94ms  75.20ms   81.80%
    Req/Sec   648.00    403.18     1.82k    57.61%
  Latency Distribution (HdrHistogram - Recorded Latency)
 50.000%    2.27ms
 75.000%    4.66ms
 90.000%    7.80ms
 99.000%   12.81ms
 99.900%   16.77ms
 99.990%   24.19ms
 99.999%   59.01ms
100.000%   75.26ms

  Detailed Percentile spectrum:
       Value   Percentile   TotalCount 1/(1-Percentile)

       0.088     0.000000            1         1.00
       0.842     0.100000       590595         1.11
       1.167     0.200000      1181610         1.25
       1.454     0.300000      1769767         1.43
       1.795     0.400000      2360360         1.67
       2.273     0.500000      2951160         2.00
       2.595     0.550000      3245382         2.22
       2.975     0.600000      3539861         2.50
       3.431     0.650000      3835216         2.86
       3.995     0.700000      4129828         3.33
       4.663     0.750000      4424154         4.00
       5.075     0.775000      4572529         4.44
       5.531     0.800000      4719386         5.00
       6.043     0.825000      4866678         5.71
       6.583     0.850000      5014263         6.67
       7.155     0.875000      5161479         8.00
       7.463     0.887500      5235891         8.89
       7.795     0.900000      5309616        10.00
       8.163     0.912500      5383210        11.43
       8.567     0.925000      5456364        13.33
       9.047     0.937500      5530465        16.00
       9.311     0.943750      5567183        17.78
       9.599     0.950000      5604419        20.00
       9.911     0.956250      5641060        22.86
      10.255     0.962500      5677566        26.67
      10.655     0.968750      5714776        32.00
      10.879     0.971875      5733080        35.56
      11.127     0.975000      5751464        40.00
      11.399     0.978125      5769951        45.71
      11.695     0.981250      5788280        53.33
      12.039     0.984375      5806828        64.00
      12.223     0.985938      5815963        71.11
      12.423     0.987500      5825068        80.00
      12.655     0.989062      5834332        91.43
      12.919     0.990625      5843481       106.67
      13.223     0.992188      5852546       128.00
      13.399     0.992969      5857179       142.22
      13.591     0.993750      5861784       160.00
      13.815     0.994531      5866442       182.86
      14.071     0.995313      5870973       213.33
      14.375     0.996094      5875611       256.00
      14.543     0.996484      5877910       284.44
      14.735     0.996875      5880200       320.00
      14.959     0.997266      5882485       365.71
      15.207     0.997656      5884793       426.67
      15.503     0.998047      5887100       512.00
      15.679     0.998242      5888270       568.89
      15.887     0.998437      5889429       640.00
      16.135     0.998633      5890571       731.43
      16.415     0.998828      5891700       853.33
      16.831     0.999023      5892864      1024.00
      17.055     0.999121      5893432      1137.78
      17.327     0.999219      5893999      1280.00
      17.679     0.999316      5894585      1462.86
      18.095     0.999414      5895155      1706.67
      18.687     0.999512      5895734      2048.00
      19.071     0.999561      5896026      2275.56
      19.487     0.999609      5896305      2560.00
      19.967     0.999658      5896600      2925.71
      20.399     0.999707      5896883      3413.33
      20.911     0.999756      5897177      4096.00
      21.215     0.999780      5897318      4551.11
      21.631     0.999805      5897459      5120.00
      22.111     0.999829      5897604      5851.43
      22.703     0.999854      5897747      6826.67
      23.407     0.999878      5897888      8192.00
      23.823     0.999890      5897959      9102.22
      24.255     0.999902      5898033     10240.00
      24.767     0.999915      5898105     11702.86
      25.519     0.999927      5898175     13653.33
      26.415     0.999939      5898247     16384.00
      26.959     0.999945      5898283     18204.44
      27.679     0.999951      5898319     20480.00
      28.463     0.999957      5898355     23405.71
      29.343     0.999963      5898391     27306.67
      30.527     0.999969      5898427     32768.00
      30.927     0.999973      5898445     36408.89
      31.487     0.999976      5898463     40960.00
      32.959     0.999979      5898481     46811.43
      35.487     0.999982      5898499     54613.33
      41.311     0.999985      5898517     65536.00
      47.199     0.999986      5898526     72817.78
      54.783     0.999988      5898535     81920.00
      58.047     0.999989      5898544     93622.86
      60.991     0.999991      5898553    109226.67
      62.975     0.999992      5898562    131072.00
      64.639     0.999993      5898567    145635.56
      65.215     0.999994      5898571    163840.00
      66.047     0.999995      5898576    187245.71
      67.199     0.999995      5898580    218453.33
      68.607     0.999996      5898585    262144.00
      69.055     0.999997      5898588    291271.11
      69.119     0.999997      5898589    327680.00
      69.439     0.999997      5898593    374491.43
      69.759     0.999998      5898595    436906.67
      70.015     0.999998      5898596    524288.00
      70.079     0.999998      5898597    582542.22
      70.975     0.999998      5898598    655360.00
      71.039     0.999999      5898600    748982.86
      71.167     0.999999      5898601    873813.33
      71.359     0.999999      5898603   1048576.00
      71.359     0.999999      5898603   1165084.44
      71.359     0.999999      5898603   1310720.00
      73.727     0.999999      5898604   1497965.71
      73.727     0.999999      5898604   1747626.67
      74.175     1.000000      5898605   2097152.00
      74.175     1.000000      5898605   2330168.89
      74.175     1.000000      5898605   2621440.00
      74.431     1.000000      5898606   2995931.43
      74.431     1.000000      5898606   3495253.33
      74.431     1.000000      5898606   4194304.00
      74.431     1.000000      5898606   4660337.78
      74.431     1.000000      5898606   5242880.00
      75.263     1.000000      5898607   5991862.86
      75.263     1.000000      5898607          inf
#[Mean    =        3.405, StdDeviation   =        2.938]
#[Max     =       75.200, Total count    =      5898607]
#[Buckets =           27, SubBuckets     =         2048]
----------------------------------------------------------
  5997121 requests in 10.00m, 1.00GB read
Requests/sec:   9995.16
Transfer/sec:      1.71MB
