Running 10m test @ http://localhost:9999/math/plus?x=1&y=2
  16 threads and 400 connections
  Thread calibration: mean lat.: 3.252ms, rate sampling interval: 15ms
  Thread calibration: mean lat.: 3.272ms, rate sampling interval: 15ms
  Thread calibration: mean lat.: 3.209ms, rate sampling interval: 15ms
  Thread calibration: mean lat.: 3.374ms, rate sampling interval: 16ms
  Thread calibration: mean lat.: 3.416ms, rate sampling interval: 18ms
  Thread calibration: mean lat.: 3.218ms, rate sampling interval: 18ms
  Thread calibration: mean lat.: 3.408ms, rate sampling interval: 17ms
  Thread calibration: mean lat.: 3.260ms, rate sampling interval: 15ms
  Thread calibration: mean lat.: 3.348ms, rate sampling interval: 16ms
  Thread calibration: mean lat.: 3.240ms, rate sampling interval: 16ms
  Thread calibration: mean lat.: 3.295ms, rate sampling interval: 17ms
  Thread calibration: mean lat.: 3.229ms, rate sampling interval: 16ms
  Thread calibration: mean lat.: 3.420ms, rate sampling interval: 15ms
  Thread calibration: mean lat.: 3.331ms, rate sampling interval: 16ms
  Thread calibration: mean lat.: 3.335ms, rate sampling interval: 18ms
  Thread calibration: mean lat.: 3.348ms, rate sampling interval: 15ms
  Thread Stats   Avg      Stdev     Max   +/- Stdev
    Latency     2.51ms    3.59ms  89.66ms   92.88%
    Req/Sec     1.29k   300.53     4.35k    72.13%
  Latency Distribution (HdrHistogram - Recorded Latency)
 50.000%    1.54ms
 75.000%    2.55ms
 90.000%    4.28ms
 99.000%   19.15ms
 99.900%   35.42ms
 99.990%   50.30ms
 99.999%   67.26ms
100.000%   89.73ms

  Detailed Percentile spectrum:
       Value   Percentile   TotalCount 1/(1-Percentile)

       0.076     0.000000            1         1.00
       0.572     0.100000      1182156         1.11
       0.845     0.200000      2361222         1.25
       1.067     0.300000      3540455         1.43
       1.287     0.400000      4720142         1.67
       1.543     0.500000      5900409         2.00
       1.692     0.550000      6491084         2.22
       1.858     0.600000      7081609         2.50
       2.046     0.650000      7668936         2.86
       2.273     0.700000      8260391         3.33
       2.545     0.750000      8848269         4.00
       2.709     0.775000      9145394         4.44
       2.897     0.800000      9438249         5.00
       3.113     0.825000      9734784         5.71
       3.367     0.850000     10028133         6.67
       3.711     0.875000     10323824         8.00
       3.959     0.887500     10470360         8.89
       4.275     0.900000     10619029        10.00
       4.783     0.912500     10765594        11.43
       5.739     0.925000     10912823        13.33
       7.027     0.937500     11060401        16.00
       7.819     0.943750     11134004        17.78
       8.727     0.950000     11207993        20.00
       9.727     0.956250     11281437        22.86
      10.807     0.962500     11355334        26.67
      11.967     0.968750     11429147        32.00
      12.607     0.971875     11465639        35.56
      13.327     0.975000     11502791        40.00
      14.135     0.978125     11539494        45.71
      15.055     0.981250     11576292        53.33
      16.119     0.984375     11613137        64.00
      16.799     0.985938     11631556        71.11
      17.615     0.987500     11649909        80.00
      18.543     0.989062     11668552        91.43
      19.599     0.990625     11686978       106.67
      21.039     0.992188     11705224       128.00
      21.983     0.992969     11714534       142.22
      22.943     0.993750     11723685       160.00
      24.015     0.994531     11732940       182.86
      25.215     0.995313     11742150       213.33
      26.543     0.996094     11751310       256.00
      27.295     0.996484     11755986       284.44
      28.143     0.996875     11760575       320.00
      29.071     0.997266     11765123       365.71
      30.127     0.997656     11769724       426.67
      31.295     0.998047     11774335       512.00
      31.967     0.998242     11776646       568.89
      32.687     0.998437     11778988       640.00
      33.503     0.998633     11781262       731.43
      34.495     0.998828     11783585       853.33
      35.551     0.999023     11785873      1024.00
      36.191     0.999121     11787045      1137.78
      36.895     0.999219     11788152      1280.00
      37.791     0.999316     11789335      1462.86
      38.751     0.999414     11790475      1706.67
      39.871     0.999512     11791622      2048.00
      40.575     0.999561     11792199      2275.56
      41.375     0.999609     11792773      2560.00
      42.271     0.999658     11793352      2925.71
      43.327     0.999707     11793911      3413.33
      44.543     0.999756     11794492      4096.00
      45.279     0.999780     11794786      4551.11
      46.047     0.999805     11795063      5120.00
      46.975     0.999829     11795361      5851.43
      47.903     0.999854     11795646      6826.67
      48.959     0.999878     11795931      8192.00
      49.727     0.999890     11796078      9102.22
      50.495     0.999902     11796218     10240.00
      51.199     0.999915     11796361     11702.86
      51.999     0.999927     11796505     13653.33
      53.247     0.999939     11796647     16384.00
      53.887     0.999945     11796720     18204.44
      54.591     0.999951     11796792     20480.00
      55.679     0.999957     11796863     23405.71
      56.767     0.999963     11796936     27306.67
      58.047     0.999969     11797008     32768.00
      58.591     0.999973     11797043     36408.89
      59.647     0.999976     11797080     40960.00
      61.055     0.999979     11797116     46811.43
      61.983     0.999982     11797151     54613.33
      63.263     0.999985     11797187     65536.00
      64.447     0.999986     11797205     72817.78
      65.727     0.999988     11797225     81920.00
      66.815     0.999989     11797241     93622.86
      67.967     0.999991     11797259    109226.67
      68.927     0.999992     11797279    131072.00
      69.951     0.999993     11797286    145635.56
      70.719     0.999994     11797296    163840.00
      71.295     0.999995     11797304    187245.71
      71.999     0.999995     11797313    218453.33
      73.343     0.999996     11797322    262144.00
      73.919     0.999997     11797328    291271.11
      74.239     0.999997     11797331    327680.00
      75.391     0.999997     11797336    374491.43
      75.775     0.999998     11797340    436906.67
      76.159     0.999998     11797345    524288.00
      76.415     0.999998     11797347    582542.22
      76.671     0.999998     11797350    655360.00
      76.799     0.999999     11797352    748982.86
      76.927     0.999999     11797355    873813.33
      76.991     0.999999     11797357   1048576.00
      76.991     0.999999     11797357   1165084.44
      77.055     0.999999     11797358   1310720.00
      77.439     0.999999     11797360   1497965.71
      78.335     0.999999     11797361   1747626.67
      79.807     1.000000     11797362   2097152.00
      79.807     1.000000     11797362   2330168.89
      79.935     1.000000     11797363   2621440.00
      80.511     1.000000     11797364   2995931.43
      80.511     1.000000     11797364   3495253.33
      81.023     1.000000     11797365   4194304.00
      81.023     1.000000     11797365   4660337.78
      81.023     1.000000     11797365   5242880.00
      89.151     1.000000     11797366   5991862.86
      89.151     1.000000     11797366   6990506.67
      89.151     1.000000     11797366   8388608.00
      89.151     1.000000     11797366   9320675.55
      89.151     1.000000     11797366  10485760.00
      89.727     1.000000     11797367  11983725.71
      89.727     1.000000     11797367          inf
#[Mean    =        2.511, StdDeviation   =        3.587]
#[Max     =       89.664, Total count    =     11797367]
#[Buckets =           27, SubBuckets     =         2048]
----------------------------------------------------------
  11998553 requests in 10.00m, 2.00GB read
Requests/sec:  19997.59
Transfer/sec:      3.41MB
