Running 10m test @ http://localhost:9999/math/plus?x=1&y=2
  16 threads and 400 connections
  Thread calibration: mean lat.: 3.203ms, rate sampling interval: 13ms
  Thread calibration: mean lat.: 3.149ms, rate sampling interval: 13ms
  Thread calibration: mean lat.: 3.239ms, rate sampling interval: 13ms
  Thread calibration: mean lat.: 1.566ms, rate sampling interval: 10ms
  Thread calibration: mean lat.: 3.606ms, rate sampling interval: 14ms
  Thread calibration: mean lat.: 3.443ms, rate sampling interval: 14ms
  Thread calibration: mean lat.: 3.346ms, rate sampling interval: 14ms
  Thread calibration: mean lat.: 3.519ms, rate sampling interval: 14ms
  Thread calibration: mean lat.: 3.063ms, rate sampling interval: 12ms
  Thread calibration: mean lat.: 3.310ms, rate sampling interval: 14ms
  Thread calibration: mean lat.: 3.274ms, rate sampling interval: 13ms
  Thread calibration: mean lat.: 3.788ms, rate sampling interval: 17ms
  Thread calibration: mean lat.: 3.178ms, rate sampling interval: 12ms
  Thread calibration: mean lat.: 3.559ms, rate sampling interval: 14ms
  Thread calibration: mean lat.: 3.392ms, rate sampling interval: 13ms
  Thread calibration: mean lat.: 3.247ms, rate sampling interval: 13ms
  Thread Stats   Avg      Stdev     Max   +/- Stdev
    Latency     3.10ms    2.47ms  39.97ms   80.77%
    Req/Sec   650.56    508.94     2.78k    65.34%
  Latency Distribution (HdrHistogram - Recorded Latency)
 50.000%    2.27ms
 75.000%    4.12ms
 90.000%    6.70ms
 99.000%   11.29ms
 99.900%   15.25ms
 99.990%   21.66ms
 99.999%   32.24ms
100.000%   40.00ms

  Detailed Percentile spectrum:
       Value   Percentile   TotalCount 1/(1-Percentile)

       0.086     0.000000            1         1.00
       0.868     0.100000       591231         1.11
       1.188     0.200000      1180675         1.25
       1.476     0.300000      1769709         1.43
       1.815     0.400000      2359888         1.67
       2.267     0.500000      2951484         2.00
       2.549     0.550000      3244401         2.22
       2.873     0.600000      3539428         2.50
       3.235     0.650000      3834950         2.86
       3.641     0.700000      4129532         3.33
       4.119     0.750000      4424475         4.00
       4.395     0.775000      4571736         4.44
       4.715     0.800000      4720022         5.00
       5.095     0.825000      4867267         5.71
       5.551     0.850000      5014652         6.67
       6.091     0.875000      5162340         8.00
       6.387     0.887500      5235492         8.89
       6.703     0.900000      5309670        10.00
       7.035     0.912500      5382948        11.43
       7.399     0.925000      5457074        13.33
       7.807     0.937500      5530689        16.00
       8.031     0.943750      5567091        17.78
       8.279     0.950000      5604166        20.00
       8.551     0.956250      5640785        22.86
       8.863     0.962500      5677784        26.67
       9.223     0.968750      5714921        32.00
       9.423     0.971875      5732996        35.56
       9.655     0.975000      5751849        40.00
       9.903     0.978125      5769786        45.71
      10.191     0.981250      5788116        53.33
      10.527     0.984375      5806777        64.00
      10.719     0.985938      5816116        71.11
      10.919     0.987500      5825202        80.00
      11.143     0.989062      5834464        91.43
      11.391     0.990625      5843483       106.67
      11.671     0.992188      5852715       128.00
      11.839     0.992969      5857337       142.22
      12.015     0.993750      5861922       160.00
      12.207     0.994531      5866476       182.86
      12.439     0.995313      5871159       213.33
      12.711     0.996094      5875758       256.00
      12.871     0.996484      5878055       284.44
      13.055     0.996875      5880359       320.00
      13.263     0.997266      5882589       365.71
      13.527     0.997656      5884902       426.67
      13.855     0.998047      5887221       512.00
      14.063     0.998242      5888343       568.89
      14.303     0.998437      5889513       640.00
      14.575     0.998633      5890658       731.43
      14.911     0.998828      5891806       853.33
      15.295     0.999023      5892946      1024.00
      15.495     0.999121      5893527      1137.78
      15.735     0.999219      5894105      1280.00
      15.991     0.999316      5894676      1462.86
      16.263     0.999414      5895249      1706.67
      16.607     0.999512      5895826      2048.00
      16.847     0.999561      5896120      2275.56
      17.135     0.999609      5896411      2560.00
      17.487     0.999658      5896697      2925.71
      17.935     0.999707      5896979      3413.33
      18.511     0.999756      5897264      4096.00
      18.863     0.999780      5897408      4551.11
      19.311     0.999805      5897558      5120.00
      19.791     0.999829      5897701      5851.43
      20.271     0.999854      5897841      6826.67
      20.879     0.999878      5897987      8192.00
      21.263     0.999890      5898057      9102.22
      21.775     0.999902      5898128     10240.00
      22.335     0.999915      5898200     11702.86
      23.039     0.999927      5898274     13653.33
      23.839     0.999939      5898345     16384.00
      24.191     0.999945      5898381     18204.44
      24.815     0.999951      5898416     20480.00
      25.455     0.999957      5898452     23405.71
      26.111     0.999963      5898488     27306.67
      27.119     0.999969      5898524     32768.00
      27.615     0.999973      5898543     36408.89
      28.175     0.999976      5898560     40960.00
      28.895     0.999979      5898578     46811.43
      30.047     0.999982      5898596     54613.33
      30.895     0.999985      5898614     65536.00
      31.167     0.999986      5898623     72817.78
      31.615     0.999988      5898632     81920.00
      31.887     0.999989      5898641     93622.86
      32.719     0.999991      5898650    109226.67
      32.991     0.999992      5898659    131072.00
      33.279     0.999993      5898664    145635.56
      33.727     0.999994      5898668    163840.00
      34.175     0.999995      5898673    187245.71
      34.399     0.999995      5898677    218453.33
      35.135     0.999996      5898682    262144.00
      35.391     0.999997      5898684    291271.11
      35.839     0.999997      5898686    327680.00
      36.031     0.999997      5898689    374491.43
      36.287     0.999998      5898691    436906.67
      36.575     0.999998      5898693    524288.00
      36.927     0.999998      5898694    582542.22
      37.055     0.999998      5898695    655360.00
      37.439     0.999999      5898697    748982.86
      37.471     0.999999      5898698    873813.33
      37.503     0.999999      5898699   1048576.00
      37.503     0.999999      5898699   1165084.44
      37.727     0.999999      5898700   1310720.00
      37.855     0.999999      5898701   1497965.71
      37.855     0.999999      5898701   1747626.67
      38.399     1.000000      5898702   2097152.00
      38.399     1.000000      5898702   2330168.89
      38.399     1.000000      5898702   2621440.00
      38.463     1.000000      5898703   2995931.43
      38.463     1.000000      5898703   3495253.33
      38.463     1.000000      5898703   4194304.00
      38.463     1.000000      5898703   4660337.78
      38.463     1.000000      5898703   5242880.00
      39.999     1.000000      5898704   5991862.86
      39.999     1.000000      5898704          inf
#[Mean    =        3.100, StdDeviation   =        2.471]
#[Max     =       39.968, Total count    =      5898704]
#[Buckets =           27, SubBuckets     =         2048]
----------------------------------------------------------
  5998246 requests in 10.00m, 1.00GB read
Requests/sec:   9997.08
Transfer/sec:      1.71MB
