Running 10m test @ http://localhost:9999/math/plus?x=1&y=2
  16 threads and 400 connections
  Thread calibration: mean lat.: 2.126ms, rate sampling interval: 10ms
  Thread calibration: mean lat.: 2.178ms, rate sampling interval: 10ms
  Thread calibration: mean lat.: 2.143ms, rate sampling interval: 10ms
  Thread calibration: mean lat.: 2.200ms, rate sampling interval: 10ms
  Thread calibration: mean lat.: 1.712ms, rate sampling interval: 10ms
  Thread calibration: mean lat.: 1.722ms, rate sampling interval: 10ms
  Thread calibration: mean lat.: 1.690ms, rate sampling interval: 10ms
  Thread calibration: mean lat.: 2.055ms, rate sampling interval: 10ms
  Thread calibration: mean lat.: 1.885ms, rate sampling interval: 10ms
  Thread calibration: mean lat.: 1.922ms, rate sampling interval: 10ms
  Thread calibration: mean lat.: 2.062ms, rate sampling interval: 10ms
  Thread calibration: mean lat.: 2.102ms, rate sampling interval: 10ms
  Thread calibration: mean lat.: 2.194ms, rate sampling interval: 10ms
  Thread calibration: mean lat.: 2.179ms, rate sampling interval: 10ms
  Thread calibration: mean lat.: 2.035ms, rate sampling interval: 10ms
  Thread calibration: mean lat.: 2.019ms, rate sampling interval: 10ms
  Thread Stats   Avg      Stdev     Max   +/- Stdev
    Latency     1.84ms    1.19ms  44.83ms   80.84%
    Req/Sec   658.46    821.13     2.78k    79.84%
  Latency Distribution (HdrHistogram - Recorded Latency)
 50.000%    1.56ms
 75.000%    2.28ms
 90.000%    3.21ms
 99.000%    6.15ms
 99.900%   10.90ms
 99.990%   18.13ms
 99.999%   26.77ms
100.000%   44.86ms

  Detailed Percentile spectrum:
       Value   Percentile   TotalCount 1/(1-Percentile)

       0.085     0.000000            1         1.00
       0.736     0.100000       590027         1.11
       0.995     0.200000      1180334         1.25
       1.189     0.300000      1770338         1.43
       1.368     0.400000      2362084         1.67
       1.563     0.500000      2949539         2.00
       1.674     0.550000      3244770         2.22
       1.796     0.600000      3540030         2.50
       1.932     0.650000      3835178         2.86
       2.089     0.700000      4131223         3.33
       2.275     0.750000      4424379         4.00
       2.385     0.775000      4573663         4.44
       2.507     0.800000      4721081         5.00
       2.643     0.825000      4867388         5.71
       2.801     0.850000      5014258         6.67
       2.985     0.875000      5161377         8.00
       3.091     0.887500      5235541         8.89
       3.207     0.900000      5309135        10.00
       3.341     0.912500      5382896        11.43
       3.495     0.925000      5456499        13.33
       3.683     0.937500      5530559        16.00
       3.795     0.943750      5566983        17.78
       3.925     0.950000      5604239        20.00
       4.069     0.956250      5640646        22.86
       4.243     0.962500      5678056        26.67
       4.455     0.968750      5714619        32.00
       4.587     0.971875      5733108        35.56
       4.743     0.975000      5751500        40.00
       4.931     0.978125      5769588        45.71
       5.163     0.981250      5788170        53.33
       5.443     0.984375      5806533        64.00
       5.603     0.985938      5815788        71.11
       5.783     0.987500      5824937        80.00
       5.999     0.989062      5834115        91.43
       6.255     0.990625      5843439       106.67
       6.543     0.992188      5852565       128.00
       6.715     0.992969      5857193       142.22
       6.915     0.993750      5861790       160.00
       7.155     0.994531      5866410       182.86
       7.451     0.995313      5871001       213.33
       7.843     0.996094      5875583       256.00
       8.071     0.996484      5877889       284.44
       8.319     0.996875      5880248       320.00
       8.583     0.997266      5882503       365.71
       8.927     0.997656      5884803       426.67
       9.327     0.998047      5887108       512.00
       9.519     0.998242      5888269       568.89
       9.727     0.998437      5889405       640.00
      10.007     0.998633      5890563       731.43
      10.431     0.998828      5891699       853.33
      10.951     0.999023      5892851      1024.00
      11.183     0.999121      5893419      1137.78
      11.439     0.999219      5894000      1280.00
      11.847     0.999316      5894576      1462.86
      12.255     0.999414      5895148      1706.67
      12.551     0.999512      5895728      2048.00
      12.807     0.999561      5896025      2275.56
      13.167     0.999609      5896302      2560.00
      13.551     0.999658      5896591      2925.71
      14.167     0.999707      5896876      3413.33
      15.031     0.999756      5897171      4096.00
      15.447     0.999780      5897310      4551.11
      15.975     0.999805      5897451      5120.00
      16.447     0.999829      5897599      5851.43
      16.879     0.999854      5897739      6826.67
      17.439     0.999878      5897885      8192.00
      17.807     0.999890      5897955      9102.22
      18.207     0.999902      5898032     10240.00
      18.735     0.999915      5898099     11702.86
      19.535     0.999927      5898171     13653.33
      20.191     0.999939      5898244     16384.00
      20.751     0.999945      5898280     18204.44
      21.055     0.999951      5898315     20480.00
      21.599     0.999957      5898352     23405.71
      22.239     0.999963      5898388     27306.67
      22.767     0.999969      5898423     32768.00
      23.135     0.999973      5898441     36408.89
      23.423     0.999976      5898459     40960.00
      23.951     0.999979      5898477     46811.43
      24.479     0.999982      5898496     54613.33
      25.279     0.999985      5898514     65536.00
      25.647     0.999986      5898523     72817.78
      25.919     0.999988      5898531     81920.00
      26.495     0.999989      5898541     93622.86
      27.199     0.999991      5898549    109226.67
      27.855     0.999992      5898558    131072.00
      28.383     0.999993      5898563    145635.56
      28.751     0.999994      5898567    163840.00
      29.215     0.999995      5898573    187245.71
      29.519     0.999995      5898577    218453.33
      29.855     0.999996      5898581    262144.00
      30.255     0.999997      5898583    291271.11
      31.199     0.999997      5898585    327680.00
      31.583     0.999997      5898588    374491.43
      34.943     0.999998      5898590    436906.67
      35.999     0.999998      5898592    524288.00
      36.479     0.999998      5898593    582542.22
      37.407     0.999998      5898594    655360.00
      37.759     0.999999      5898596    748982.86
      37.855     0.999999      5898597    873813.33
      40.063     0.999999      5898598   1048576.00
      40.063     0.999999      5898598   1165084.44
      41.151     0.999999      5898599   1310720.00
      41.407     0.999999      5898600   1497965.71
      41.407     0.999999      5898600   1747626.67
      41.791     1.000000      5898601   2097152.00
      41.791     1.000000      5898601   2330168.89
      41.791     1.000000      5898601   2621440.00
      43.263     1.000000      5898602   2995931.43
      43.263     1.000000      5898602   3495253.33
      43.263     1.000000      5898602   4194304.00
      43.263     1.000000      5898602   4660337.78
      43.263     1.000000      5898602   5242880.00
      44.863     1.000000      5898603   5991862.86
      44.863     1.000000      5898603          inf
#[Mean    =        1.841, StdDeviation   =        1.194]
#[Max     =       44.832, Total count    =      5898603]
#[Buckets =           27, SubBuckets     =         2048]
----------------------------------------------------------
  5995902 requests in 10.00m, 1.00GB read
Requests/sec:   9993.07
Transfer/sec:      1.71MB
