Running 10m test @ http://localhost:9999/math/plus?x=1&y=2
  16 threads and 400 connections
  Thread calibration: mean lat.: 1.724ms, rate sampling interval: 10ms
  Thread calibration: mean lat.: 1.735ms, rate sampling interval: 10ms
  Thread calibration: mean lat.: 1.692ms, rate sampling interval: 10ms
  Thread calibration: mean lat.: 1.533ms, rate sampling interval: 10ms
  Thread calibration: mean lat.: 1.690ms, rate sampling interval: 10ms
  Thread calibration: mean lat.: 1.749ms, rate sampling interval: 10ms
  Thread calibration: mean lat.: 1.821ms, rate sampling interval: 10ms
  Thread calibration: mean lat.: 1.760ms, rate sampling interval: 10ms
  Thread calibration: mean lat.: 1.720ms, rate sampling interval: 10ms
  Thread calibration: mean lat.: 1.754ms, rate sampling interval: 10ms
  Thread calibration: mean lat.: 1.446ms, rate sampling interval: 10ms
  Thread calibration: mean lat.: 1.623ms, rate sampling interval: 10ms
  Thread calibration: mean lat.: 2.114ms, rate sampling interval: 10ms
  Thread calibration: mean lat.: 1.744ms, rate sampling interval: 10ms
  Thread calibration: mean lat.: 1.697ms, rate sampling interval: 10ms
  Thread calibration: mean lat.: 1.638ms, rate sampling interval: 10ms
  Thread Stats   Avg      Stdev     Max   +/- Stdev
    Latency     1.61ms    1.72ms  72.19ms   93.64%
    Req/Sec     1.98k   495.64     6.44k    72.24%
  Latency Distribution (HdrHistogram - Recorded Latency)
 50.000%    1.27ms
 75.000%    1.96ms
 90.000%    2.92ms
 99.000%    7.05ms
 99.900%   24.24ms
 99.990%   39.36ms
 99.999%   50.78ms
100.000%   72.25ms

  Detailed Percentile spectrum:
       Value   Percentile   TotalCount 1/(1-Percentile)

       0.073     0.000000            3         1.00
       0.482     0.100000      1771829         1.11
       0.704     0.200000      3540601         1.25
       0.901     0.300000      5312425         1.43
       1.085     0.400000      7083893         1.67
       1.267     0.500000      8855302         2.00
       1.367     0.550000      9738175         2.22
       1.480     0.600000     10624905         2.50
       1.611     0.650000     11507901         2.86
       1.766     0.700000     12391112         3.33
       1.961     0.750000     13275071         4.00
       2.079     0.775000     13718640         4.44
       2.211     0.800000     14157262         5.00
       2.359     0.825000     14600786         5.71
       2.523     0.850000     15043777         6.67
       2.707     0.875000     15485046         8.00
       2.811     0.887500     15709042         8.89
       2.923     0.900000     15929025        10.00
       3.047     0.912500     16148817        11.43
       3.187     0.925000     16370865        13.33
       3.349     0.937500     16591514        16.00
       3.441     0.943750     16701762        17.78
       3.543     0.950000     16812001        20.00
       3.661     0.956250     16922242        22.86
       3.803     0.962500     17033603        26.67
       3.979     0.968750     17144006        32.00
       4.089     0.971875     17199178        35.56
       4.223     0.975000     17253974        40.00
       4.403     0.978125     17309498        45.71
       4.655     0.981250     17364430        53.33
       5.071     0.984375     17420017        64.00
       5.399     0.985938     17447446        71.11
       5.843     0.987500     17474996        80.00
       6.539     0.989062     17502759        91.43
       7.387     0.990625     17530298       106.67
       8.215     0.992188     17557928       128.00
       8.919     0.992969     17571861       142.22
       9.807     0.993750     17585671       160.00
      10.663     0.994531     17599455       182.86
      11.615     0.995313     17613249       213.33
      12.847     0.996094     17627088       256.00
      13.807     0.996484     17633974       284.44
      14.847     0.996875     17640917       320.00
      15.935     0.997266     17647822       365.71
      17.167     0.997656     17654717       426.67
      18.719     0.998047     17661641       512.00
      19.567     0.998242     17665129       568.89
      20.511     0.998437     17668532       640.00
      21.647     0.998633     17671994       731.43
      22.943     0.998828     17675450       853.33
      24.447     0.999023     17678925      1024.00
      25.263     0.999121     17680628      1137.78
      26.127     0.999219     17682349      1280.00
      27.103     0.999316     17684099      1462.86
      28.255     0.999414     17685815      1706.67
      29.583     0.999512     17687544      2048.00
      30.335     0.999561     17688404      2275.56
      31.135     0.999609     17689266      2560.00
      32.015     0.999658     17690128      2925.71
      33.023     0.999707     17691006      3413.33
      34.111     0.999756     17691855      4096.00
      34.783     0.999780     17692297      4551.11
      35.487     0.999805     17692729      5120.00
      36.319     0.999829     17693153      5851.43
      37.215     0.999854     17693591      6826.67
      38.239     0.999878     17694028      8192.00
      38.783     0.999890     17694231      9102.22
      39.519     0.999902     17694454     10240.00
      40.287     0.999915     17694666     11702.86
      41.183     0.999927     17694879     13653.33
      42.239     0.999939     17695094     16384.00
      42.879     0.999945     17695205     18204.44
      43.519     0.999951     17695310     20480.00
      44.191     0.999957     17695418     23405.71
      45.023     0.999963     17695525     27306.67
      45.823     0.999969     17695634     32768.00
      46.335     0.999973     17695689     36408.89
      46.783     0.999976     17695741     40960.00
      47.455     0.999979     17695796     46811.43
      48.063     0.999982     17695851     54613.33
      48.927     0.999985     17695905     65536.00
      49.375     0.999986     17695931     72817.78
      49.855     0.999988     17695957     81920.00
      50.527     0.999989     17695987     93622.86
      51.103     0.999991     17696011    109226.67
      51.967     0.999992     17696038    131072.00
      52.895     0.999993     17696052    145635.56
      53.215     0.999994     17696067    163840.00
      53.951     0.999995     17696079    187245.71
      54.591     0.999995     17696094    218453.33
      56.031     0.999996     17696106    262144.00
      56.831     0.999997     17696113    291271.11
      57.407     0.999997     17696119    327680.00
      58.079     0.999997     17696127    374491.43
      58.367     0.999998     17696133    436906.67
      58.783     0.999998     17696141    524288.00
      58.911     0.999998     17696143    582542.22
      59.071     0.999998     17696146    655360.00
      59.519     0.999999     17696150    748982.86
      59.679     0.999999     17696153    873813.33
      60.287     0.999999     17696157   1048576.00
      60.319     0.999999     17696158   1165084.44
      61.631     0.999999     17696160   1310720.00
      62.623     0.999999     17696162   1497965.71
      63.519     0.999999     17696163   1747626.67
      65.983     1.000000     17696165   2097152.00
      66.239     1.000000     17696166   2330168.89
      66.943     1.000000     17696167   2621440.00
      67.967     1.000000     17696168   2995931.43
      67.967     1.000000     17696168   3495253.33
      69.055     1.000000     17696169   4194304.00
      70.335     1.000000     17696170   4660337.78
      70.335     1.000000     17696170   5242880.00
      71.487     1.000000     17696171   5991862.86
      71.487     1.000000     17696171   6990506.67
      71.487     1.000000     17696171   8388608.00
      71.871     1.000000     17696172   9320675.55
      71.871     1.000000     17696172  10485760.00
      71.871     1.000000     17696172  11983725.71
      71.871     1.000000     17696172  13981013.34
      71.871     1.000000     17696172  16777216.00
      72.255     1.000000     17696173  18641351.10
      72.255     1.000000     17696173          inf
#[Mean    =        1.609, StdDeviation   =        1.724]
#[Max     =       72.192, Total count    =     17696173]
#[Buckets =           27, SubBuckets     =         2048]
----------------------------------------------------------
  17994614 requests in 10.00m, 3.00GB read
Requests/sec:  29991.00
Transfer/sec:      5.12MB
