Running 10m test @ http://localhost:9999/math/plus?x=1&y=2
  16 threads and 400 connections
  Thread calibration: mean lat.: 1.162ms, rate sampling interval: 10ms
  Thread calibration: mean lat.: 1.148ms, rate sampling interval: 10ms
  Thread calibration: mean lat.: 1.150ms, rate sampling interval: 10ms
  Thread calibration: mean lat.: 1.203ms, rate sampling interval: 10ms
  Thread calibration: mean lat.: 1.084ms, rate sampling interval: 10ms
  Thread calibration: mean lat.: 1.203ms, rate sampling interval: 10ms
  Thread calibration: mean lat.: 1.163ms, rate sampling interval: 10ms
  Thread calibration: mean lat.: 1.171ms, rate sampling interval: 10ms
  Thread calibration: mean lat.: 1.185ms, rate sampling interval: 10ms
  Thread calibration: mean lat.: 1.175ms, rate sampling interval: 10ms
  Thread calibration: mean lat.: 1.177ms, rate sampling interval: 10ms
  Thread calibration: mean lat.: 1.154ms, rate sampling interval: 10ms
  Thread calibration: mean lat.: 1.119ms, rate sampling interval: 10ms
  Thread calibration: mean lat.: 1.066ms, rate sampling interval: 10ms
  Thread calibration: mean lat.: 1.097ms, rate sampling interval: 10ms
  Thread calibration: mean lat.: 1.092ms, rate sampling interval: 10ms
  Thread Stats   Avg      Stdev     Max   +/- Stdev
    Latency     1.09ms    1.11ms  89.15ms   97.02%
    Req/Sec     1.31k   317.50     6.44k    70.51%
  Latency Distribution (HdrHistogram - Recorded Latency)
 50.000%    0.99ms
 75.000%    1.33ms
 90.000%    1.69ms
 99.000%    3.75ms
 99.900%   12.32ms
 99.990%   45.47ms
 99.999%   70.91ms
100.000%   89.21ms

  Detailed Percentile spectrum:
       Value   Percentile   TotalCount 1/(1-Percentile)

       0.070     0.000000            1         1.00
       0.396     0.100000      1181318         1.11
       0.571     0.200000      2362991         1.25
       0.721     0.300000      3543537         1.43
       0.860     0.400000      4727075         1.67
       0.991     0.500000      5905208         2.00
       1.055     0.550000      6493430         2.22
       1.119     0.600000      7084404         2.50
       1.183     0.650000      7669166         2.86
       1.252     0.700000      8262492         3.33
       1.329     0.750000      8852784         4.00
       1.372     0.775000      9143337         4.44
       1.421     0.800000      9441763         5.00
       1.475     0.825000      9735366         5.71
       1.536     0.850000     10028078         6.67
       1.606     0.875000     10323526         8.00
       1.646     0.887500     10473711         8.89
       1.689     0.900000     10620903        10.00
       1.737     0.912500     10767738        11.43
       1.792     0.925000     10913326        13.33
       1.860     0.937500     11061147        16.00
       1.900     0.943750     11134546        17.78
       1.946     0.950000     11208041        20.00
       2.001     0.956250     11281639        22.86
       2.071     0.962500     11356955        26.67
       2.165     0.968750     11428939        32.00
       2.235     0.971875     11466639        35.56
       2.323     0.975000     11502830        40.00
       2.449     0.978125     11539468        45.71
       2.643     0.981250     11576518        53.33
       2.925     0.984375     11613303        64.00
       3.105     0.985938     11631825        71.11
       3.315     0.987500     11650178        80.00
       3.567     0.989062     11668518        91.43
       3.895     0.990625     11687009       106.67
       4.299     0.992188     11705485       128.00
       4.571     0.992969     11714597       142.22
       4.927     0.993750     11723819       160.00
       5.403     0.994531     11733095       182.86
       6.079     0.995313     11742279       213.33
       6.843     0.996094     11751456       256.00
       7.303     0.996484     11756067       284.44
       7.779     0.996875     11760712       320.00
       8.175     0.997266     11765288       365.71
       8.719     0.997656     11769921       426.67
       9.575     0.998047     11774514       512.00
      10.119     0.998242     11776817       568.89
      10.631     0.998437     11779111       640.00
      11.279     0.998633     11781409       731.43
      11.911     0.998828     11783737       853.33
      12.399     0.999023     11786019      1024.00
      12.903     0.999121     11787174      1137.78
      13.759     0.999219     11788323      1280.00
      14.631     0.999316     11789477      1462.86
      15.655     0.999414     11790629      1706.67
      16.879     0.999512     11791782      2048.00
      18.031     0.999561     11792355      2275.56
      19.375     0.999609     11792931      2560.00
      21.455     0.999658     11793506      2925.71
      24.031     0.999707     11794084      3413.33
      27.151     0.999756     11794659      4096.00
      29.311     0.999780     11794947      4551.11
      32.015     0.999805     11795235      5120.00
      34.815     0.999829     11795522      5851.43
      38.047     0.999854     11795810      6826.67
      41.919     0.999878     11796100      8192.00
      43.967     0.999890     11796246      9102.22
      45.791     0.999902     11796387     10240.00
      48.159     0.999915     11796530     11702.86
      50.815     0.999927     11796677     13653.33
      53.215     0.999939     11796818     16384.00
      54.495     0.999945     11796890     18204.44
      55.807     0.999951     11796963     20480.00
      56.895     0.999957     11797034     23405.71
      58.207     0.999963     11797106     27306.67
      59.711     0.999969     11797180     32768.00
      60.575     0.999973     11797214     36408.89
      61.887     0.999976     11797252     40960.00
      63.487     0.999979     11797287     46811.43
      64.447     0.999982     11797322     54613.33
      66.559     0.999985     11797358     65536.00
      68.159     0.999986     11797378     72817.78
      69.119     0.999988     11797394     81920.00
      70.527     0.999989     11797412     93622.86
      71.487     0.999991     11797430    109226.67
      72.767     0.999992     11797448    131072.00
      73.343     0.999993     11797459    145635.56
      73.919     0.999994     11797467    163840.00
      74.367     0.999995     11797475    187245.71
      75.263     0.999995     11797484    218453.33
      76.223     0.999996     11797493    262144.00
      77.311     0.999997     11797498    291271.11
      77.951     0.999997     11797502    327680.00
      78.399     0.999997     11797507    374491.43
      79.103     0.999998     11797511    436906.67
      80.447     0.999998     11797516    524288.00
      80.959     0.999998     11797518    582542.22
      82.559     0.999998     11797521    655360.00
      83.007     0.999999     11797523    748982.86
      83.071     0.999999     11797525    873813.33
      83.455     0.999999     11797528   1048576.00
      83.455     0.999999     11797528   1165084.44
      83.647     0.999999     11797529   1310720.00
      83.903     0.999999     11797531   1497965.71
      84.223     0.999999     11797532   1747626.67
      84.415     1.000000     11797533   2097152.00
      84.415     1.000000     11797533   2330168.89
      84.543     1.000000     11797534   2621440.00
      84.799     1.000000     11797535   2995931.43
      84.799     1.000000     11797535   3495253.33
      85.759     1.000000     11797536   4194304.00
      85.759     1.000000     11797536   4660337.78
      85.759     1.000000     11797536   5242880.00
      87.231     1.000000     11797537   5991862.86
      87.231     1.000000     11797537   6990506.67
      87.231     1.000000     11797537   8388608.00
      87.231     1.000000     11797537   9320675.55
      87.231     1.000000     11797537  10485760.00
      89.215     1.000000     11797538  11983725.71
      89.215     1.000000     11797538          inf
#[Mean    =        1.088, StdDeviation   =        1.105]
#[Max     =       89.152, Total count    =     11797538]
#[Buckets =           27, SubBuckets     =         2048]
----------------------------------------------------------
  11998885 requests in 10.00m, 2.00GB read
Requests/sec:  19998.12
Transfer/sec:      3.41MB
