Running 10m test @ http://localhost:9999/math/plus?x=1&y=2
  16 threads and 400 connections
  Thread calibration: mean lat.: 2.167ms, rate sampling interval: 10ms
  Thread calibration: mean lat.: 2.086ms, rate sampling interval: 10ms
  Thread calibration: mean lat.: 2.073ms, rate sampling interval: 10ms
  Thread calibration: mean lat.: 2.154ms, rate sampling interval: 10ms
  Thread calibration: mean lat.: 2.335ms, rate sampling interval: 10ms
  Thread calibration: mean lat.: 2.186ms, rate sampling interval: 10ms
  Thread calibration: mean lat.: 2.313ms, rate sampling interval: 10ms
  Thread calibration: mean lat.: 2.069ms, rate sampling interval: 10ms
  Thread calibration: mean lat.: 2.164ms, rate sampling interval: 10ms
  Thread calibration: mean lat.: 2.152ms, rate sampling interval: 10ms
  Thread calibration: mean lat.: 2.066ms, rate sampling interval: 10ms
  Thread calibration: mean lat.: 2.071ms, rate sampling interval: 10ms
  Thread calibration: mean lat.: 2.210ms, rate sampling interval: 10ms
  Thread calibration: mean lat.: 2.058ms, rate sampling interval: 10ms
  Thread calibration: mean lat.: 2.033ms, rate sampling interval: 10ms
  Thread calibration: mean lat.: 2.089ms, rate sampling interval: 10ms
  Thread Stats   Avg      Stdev     Max   +/- Stdev
    Latency     2.12ms    2.01ms  55.42ms   90.13%
    Req/Sec   658.88    495.08     2.90k    79.03%
  Latency Distribution (HdrHistogram - Recorded Latency)
 50.000%    1.53ms
 75.000%    2.40ms
 90.000%    4.10ms
 99.000%   10.67ms
 99.900%   18.72ms
 99.990%   28.66ms
 99.999%   45.89ms
100.000%   55.46ms

  Detailed Percentile spectrum:
       Value   Percentile   TotalCount 1/(1-Percentile)

       0.089     0.000000            1         1.00
       0.683     0.100000       591377         1.11
       0.936     0.200000      1181703         1.25
       1.140     0.300000      1770620         1.43
       1.327     0.400000      2360106         1.67
       1.534     0.500000      2950348         2.00
       1.655     0.550000      3246158         2.22
       1.789     0.600000      3539994         2.50
       1.945     0.650000      3835355         2.86
       2.141     0.700000      4130004         3.33
       2.405     0.750000      4425574         4.00
       2.573     0.775000      4572563         4.44
       2.777     0.800000      4719703         5.00
       3.023     0.825000      4866989         5.71
       3.309     0.850000      5014193         6.67
       3.655     0.875000      5161801         8.00
       3.867     0.887500      5235299         8.89
       4.103     0.900000      5309409        10.00
       4.371     0.912500      5383478        11.43
       4.691     0.925000      5456282        13.33
       5.111     0.937500      5530250        16.00
       5.367     0.943750      5567307        17.78
       5.655     0.950000      5603995        20.00
       6.007     0.956250      5640800        22.86
       6.415     0.962500      5677621        26.67
       6.915     0.968750      5714445        32.00
       7.227     0.971875      5732809        35.56
       7.603     0.975000      5751251        40.00
       8.031     0.978125      5769695        45.71
       8.511     0.981250      5788268        53.33
       9.119     0.984375      5806594        64.00
       9.495     0.985938      5815670        71.11
       9.927     0.987500      5824919        80.00
      10.383     0.989062      5834138        91.43
      10.871     0.990625      5843377       106.67
      11.439     0.992188      5852522       128.00
      11.791     0.992969      5857235       142.22
      12.167     0.993750      5861817       160.00
      12.615     0.994531      5866352       182.86
      13.247     0.995313      5870971       213.33
      13.999     0.996094      5875573       256.00
      14.423     0.996484      5877874       284.44
      14.871     0.996875      5880196       320.00
      15.367     0.997266      5882495       365.71
      15.895     0.997656      5884787       426.67
      16.495     0.998047      5887145       512.00
      16.831     0.998242      5888277       568.89
      17.215     0.998437      5889412       640.00
      17.647     0.998633      5890565       731.43
      18.175     0.998828      5891694       853.33
      18.799     0.999023      5892865      1024.00
      19.183     0.999121      5893423      1137.78
      19.647     0.999219      5894012      1280.00
      20.143     0.999316      5894579      1462.86
      20.751     0.999414      5895154      1706.67
      21.583     0.999512      5895733      2048.00
      22.015     0.999561      5896012      2275.56
      22.511     0.999609      5896299      2560.00
      23.119     0.999658      5896587      2925.71
      23.839     0.999707      5896875      3413.33
      24.591     0.999756      5897166      4096.00
      25.023     0.999780      5897311      4551.11
      25.487     0.999805      5897454      5120.00
      26.207     0.999829      5897596      5851.43
      26.879     0.999854      5897743      6826.67
      27.791     0.999878      5897884      8192.00
      28.239     0.999890      5897956      9102.22
      28.799     0.999902      5898028     10240.00
      29.535     0.999915      5898102     11702.86
      30.303     0.999927      5898171     13653.33
      31.583     0.999939      5898244     16384.00
      32.143     0.999945      5898279     18204.44
      33.183     0.999951      5898316     20480.00
      34.335     0.999957      5898351     23405.71
      35.679     0.999963      5898387     27306.67
      37.151     0.999969      5898423     32768.00
      38.079     0.999973      5898441     36408.89
      39.327     0.999976      5898459     40960.00
      40.287     0.999979      5898477     46811.43
      41.823     0.999982      5898495     54613.33
      43.167     0.999985      5898513     65536.00
      43.679     0.999986      5898522     72817.78
      44.575     0.999988      5898532     81920.00
      45.247     0.999989      5898540     93622.86
      46.143     0.999991      5898549    109226.67
      47.071     0.999992      5898558    131072.00
      47.551     0.999993      5898563    145635.56
      47.871     0.999994      5898567    163840.00
      48.191     0.999995      5898572    187245.71
      48.959     0.999995      5898576    218453.33
      50.047     0.999996      5898581    262144.00
      50.175     0.999997      5898583    291271.11
      50.367     0.999997      5898586    327680.00
      51.007     0.999997      5898588    374491.43
      51.103     0.999998      5898590    436906.67
      51.455     0.999998      5898592    524288.00
      51.519     0.999998      5898593    582542.22
      51.551     0.999998      5898594    655360.00
      52.447     0.999999      5898597    748982.86
      52.447     0.999999      5898597    873813.33
      54.079     0.999999      5898598   1048576.00
      54.079     0.999999      5898598   1165084.44
      54.143     0.999999      5898599   1310720.00
      54.207     0.999999      5898600   1497965.71
      54.207     0.999999      5898600   1747626.67
      54.591     1.000000      5898601   2097152.00
      54.591     1.000000      5898601   2330168.89
      54.591     1.000000      5898601   2621440.00
      55.071     1.000000      5898602   2995931.43
      55.071     1.000000      5898602   3495253.33
      55.071     1.000000      5898602   4194304.00
      55.071     1.000000      5898602   4660337.78
      55.071     1.000000      5898602   5242880.00
      55.455     1.000000      5898603   5991862.86
      55.455     1.000000      5898603          inf
#[Mean    =        2.115, StdDeviation   =        2.010]
#[Max     =       55.424, Total count    =      5898603]
#[Buckets =           27, SubBuckets     =         2048]
----------------------------------------------------------
  5998242 requests in 10.00m, 1.00GB read
Requests/sec:   9997.09
Transfer/sec:      1.71MB
