Running 10m test @ http://localhost:9999/math/plus?x=1&y=2
  16 threads and 400 connections
  Thread calibration: mean lat.: 4.179ms, rate sampling interval: 16ms
  Thread calibration: mean lat.: 2.292ms, rate sampling interval: 10ms
  Thread calibration: mean lat.: 2.357ms, rate sampling interval: 10ms
  Thread calibration: mean lat.: 4.463ms, rate sampling interval: 17ms
  Thread calibration: mean lat.: 2.370ms, rate sampling interval: 10ms
  Thread calibration: mean lat.: 2.510ms, rate sampling interval: 11ms
  Thread calibration: mean lat.: 2.391ms, rate sampling interval: 10ms
  Thread calibration: mean lat.: 2.316ms, rate sampling interval: 10ms
  Thread calibration: mean lat.: 4.207ms, rate sampling interval: 16ms
  Thread calibration: mean lat.: 2.358ms, rate sampling interval: 10ms
  Thread calibration: mean lat.: 2.280ms, rate sampling interval: 10ms
  Thread calibration: mean lat.: 2.323ms, rate sampling interval: 10ms
  Thread calibration: mean lat.: 2.380ms, rate sampling interval: 10ms
  Thread calibration: mean lat.: 4.143ms, rate sampling interval: 15ms
  Thread calibration: mean lat.: 2.268ms, rate sampling interval: 10ms
  Thread calibration: mean lat.: 3.101ms, rate sampling interval: 11ms
  Thread Stats   Avg      Stdev     Max   +/- Stdev
    Latency     2.98ms    2.57ms  65.79ms   86.18%
    Req/Sec   656.15    423.64     2.50k    72.31%
  Latency Distribution (HdrHistogram - Recorded Latency)
 50.000%    2.05ms
 75.000%    3.80ms
 90.000%    6.39ms
 99.000%   12.66ms
 99.900%   19.02ms
 99.990%   23.42ms
 99.999%   34.17ms
100.000%   65.86ms

  Detailed Percentile spectrum:
       Value   Percentile   TotalCount 1/(1-Percentile)

       0.091     0.000000            1         1.00
       0.904     0.100000       591210         1.11
       1.197     0.200000      1180422         1.25
       1.454     0.300000      1771033         1.43
       1.724     0.400000      2359874         1.67
       2.053     0.500000      2949349         2.00
       2.263     0.550000      3244327         2.22
       2.533     0.600000      3540364         2.50
       2.875     0.650000      3834482         2.86
       3.295     0.700000      4130216         3.33
       3.795     0.750000      4424216         4.00
       4.081     0.775000      4571589         4.44
       4.407     0.800000      4720502         5.00
       4.779     0.825000      4866719         5.71
       5.219     0.850000      5013836         6.67
       5.755     0.875000      5162272         8.00
       6.059     0.887500      5235633         8.89
       6.391     0.900000      5308870        10.00
       6.763     0.912500      5383122        11.43
       7.167     0.925000      5456508        13.33
       7.619     0.937500      5530250        16.00
       7.871     0.943750      5567208        17.78
       8.147     0.950000      5603961        20.00
       8.463     0.956250      5640647        22.86
       8.847     0.962500      5678109        26.67
       9.303     0.968750      5714522        32.00
       9.583     0.971875      5732833        35.56
       9.919     0.975000      5751501        40.00
      10.311     0.978125      5769765        45.71
      10.775     0.981250      5788291        53.33
      11.319     0.984375      5806443        64.00
      11.639     0.985938      5815668        71.11
      11.983     0.987500      5824962        80.00
      12.383     0.989062      5834169        91.43
      12.871     0.990625      5843396       106.67
      13.447     0.992188      5852610       128.00
      13.791     0.992969      5857190       142.22
      14.175     0.993750      5861773       160.00
      14.631     0.994531      5866380       182.86
      15.191     0.995313      5870992       213.33
      15.807     0.996094      5875573       256.00
      16.103     0.996484      5877897       284.44
      16.415     0.996875      5880259       320.00
      16.735     0.997266      5882568       365.71
      17.087     0.997656      5884824       426.67
      17.503     0.998047      5887135       512.00
      17.727     0.998242      5888280       568.89
      17.999     0.998437      5889431       640.00
      18.287     0.998633      5890576       731.43
      18.639     0.998828      5891721       853.33
      19.087     0.999023      5892867      1024.00
      19.359     0.999121      5893430      1137.78
      19.631     0.999219      5894003      1280.00
      19.887     0.999316      5894608      1462.86
      20.111     0.999414      5895155      1706.67
      20.415     0.999512      5895743      2048.00
      20.575     0.999561      5896025      2275.56
      20.767     0.999609      5896307      2560.00
      21.007     0.999658      5896589      2925.71
      21.295     0.999707      5896881      3413.33
      21.599     0.999756      5897168      4096.00
      21.807     0.999780      5897315      4551.11
      22.031     0.999805      5897457      5120.00
      22.287     0.999829      5897601      5851.43
      22.559     0.999854      5897746      6826.67
      22.943     0.999878      5897887      8192.00
      23.167     0.999890      5897961      9102.22
      23.455     0.999902      5898030     10240.00
      23.855     0.999915      5898104     11702.86
      24.239     0.999927      5898175     13653.33
      24.799     0.999939      5898245     16384.00
      25.103     0.999945      5898282     18204.44
      25.583     0.999951      5898318     20480.00
      25.983     0.999957      5898353     23405.71
      26.495     0.999963      5898389     27306.67
      27.615     0.999969      5898427     32768.00
      27.919     0.999973      5898443     36408.89
      28.319     0.999976      5898462     40960.00
      29.087     0.999979      5898479     46811.43
      29.871     0.999982      5898497     54613.33
      31.055     0.999985      5898515     65536.00
      31.743     0.999986      5898524     72817.78
      32.607     0.999988      5898533     81920.00
      33.567     0.999989      5898542     93622.86
      35.167     0.999991      5898551    109226.67
      36.095     0.999992      5898560    131072.00
      38.239     0.999993      5898565    145635.56
      39.647     0.999994      5898569    163840.00
      44.959     0.999995      5898574    187245.71
      48.607     0.999995      5898578    218453.33
      49.183     0.999996      5898583    262144.00
      51.295     0.999997      5898585    291271.11
      52.031     0.999997      5898587    327680.00
      55.455     0.999997      5898590    374491.43
      56.159     0.999998      5898592    436906.67
      59.807     0.999998      5898594    524288.00
      60.319     0.999998      5898595    582542.22
      61.247     0.999998      5898596    655360.00
      62.719     0.999999      5898598    748982.86
      63.007     0.999999      5898599    873813.33
      63.711     0.999999      5898600   1048576.00
      63.711     0.999999      5898600   1165084.44
      64.575     0.999999      5898601   1310720.00
      64.703     0.999999      5898602   1497965.71
      64.703     0.999999      5898602   1747626.67
      65.087     1.000000      5898603   2097152.00
      65.087     1.000000      5898603   2330168.89
      65.087     1.000000      5898603   2621440.00
      65.119     1.000000      5898604   2995931.43
      65.119     1.000000      5898604   3495253.33
      65.119     1.000000      5898604   4194304.00
      65.119     1.000000      5898604   4660337.78
      65.119     1.000000      5898604   5242880.00
      65.855     1.000000      5898605   5991862.86
      65.855     1.000000      5898605          inf
#[Mean    =        2.984, StdDeviation   =        2.574]
#[Max     =       65.792, Total count    =      5898605]
#[Buckets =           27, SubBuckets     =         2048]
----------------------------------------------------------
  5996543 requests in 10.00m, 1.00GB read
Requests/sec:   9994.18
Transfer/sec:      1.71MB
