Running 10m test @ http://localhost:9999/math/plus?x=1&y=2
  16 threads and 400 connections
  Thread calibration: mean lat.: 3.019ms, rate sampling interval: 12ms
  Thread calibration: mean lat.: 2.682ms, rate sampling interval: 10ms
  Thread calibration: mean lat.: 3.064ms, rate sampling interval: 12ms
  Thread calibration: mean lat.: 3.121ms, rate sampling interval: 13ms
  Thread calibration: mean lat.: 2.782ms, rate sampling interval: 10ms
  Thread calibration: mean lat.: 3.003ms, rate sampling interval: 12ms
  Thread calibration: mean lat.: 2.950ms, rate sampling interval: 12ms
  Thread calibration: mean lat.: 3.145ms, rate sampling interval: 13ms
  Thread calibration: mean lat.: 2.972ms, rate sampling interval: 12ms
  Thread calibration: mean lat.: 2.913ms, rate sampling interval: 12ms
  Thread calibration: mean lat.: 2.912ms, rate sampling interval: 11ms
  Thread calibration: mean lat.: 2.853ms, rate sampling interval: 11ms
  Thread calibration: mean lat.: 4.356ms, rate sampling interval: 16ms
  Thread calibration: mean lat.: 3.120ms, rate sampling interval: 12ms
  Thread calibration: mean lat.: 3.083ms, rate sampling interval: 12ms
  Thread calibration: mean lat.: 2.697ms, rate sampling interval: 11ms
  Thread Stats   Avg      Stdev     Max   +/- Stdev
    Latency     2.99ms    2.34ms  59.97ms   81.71%
    Req/Sec   653.69    611.50     3.27k    63.62%
  Latency Distribution (HdrHistogram - Recorded Latency)
 50.000%    2.27ms
 75.000%    3.85ms
 90.000%    6.18ms
 99.000%   11.16ms
 99.900%   15.84ms
 99.990%   28.98ms
 99.999%   49.60ms
100.000%   60.00ms

  Detailed Percentile spectrum:
       Value   Percentile   TotalCount 1/(1-Percentile)

       0.077     0.000000            1         1.00
       0.913     0.100000       590081         1.11
       1.252     0.200000      1181483         1.25
       1.551     0.300000      1770801         1.43
       1.876     0.400000      2360050         1.67
       2.265     0.500000      2951966         2.00
       2.497     0.550000      3245161         2.22
       2.763     0.600000      3539259         2.50
       3.071     0.650000      3835825         2.86
       3.425     0.700000      4130009         3.33
       3.849     0.750000      4424666         4.00
       4.091     0.775000      4571634         4.44
       4.371     0.800000      4719542         5.00
       4.711     0.825000      4866682         5.71
       5.135     0.850000      5014094         6.67
       5.623     0.875000      5161466         8.00
       5.891     0.887500      5235546         8.89
       6.175     0.900000      5308857        10.00
       6.487     0.912500      5382628        11.43
       6.843     0.925000      5456667        13.33
       7.259     0.937500      5530184        16.00
       7.495     0.943750      5566955        17.78
       7.755     0.950000      5604176        20.00
       8.039     0.956250      5640665        22.86
       8.359     0.962500      5677786        26.67
       8.743     0.968750      5714772        32.00
       8.967     0.971875      5732836        35.56
       9.223     0.975000      5751259        40.00
       9.519     0.978125      5770097        45.71
       9.847     0.981250      5788384        53.33
      10.231     0.984375      5806619        64.00
      10.455     0.985938      5816046        71.11
      10.695     0.987500      5825215        80.00
      10.967     0.989062      5834230        91.43
      11.287     0.990625      5843504       106.67
      11.647     0.992188      5852594       128.00
      11.863     0.992969      5857384       142.22
      12.087     0.993750      5861935       160.00
      12.343     0.994531      5866433       182.86
      12.655     0.995313      5871071       213.33
      13.031     0.996094      5875637       256.00
      13.263     0.996484      5877934       284.44
      13.511     0.996875      5880254       320.00
      13.775     0.997266      5882567       365.71
      14.103     0.997656      5884877       426.67
      14.487     0.998047      5887197       512.00
      14.687     0.998242      5888300       568.89
      14.935     0.998437      5889452       640.00
      15.215     0.998633      5890608       731.43
      15.519     0.998828      5891789       853.33
      15.879     0.999023      5892911      1024.00
      16.103     0.999121      5893488      1137.78
      16.343     0.999219      5894061      1280.00
      16.655     0.999316      5894653      1462.86
      17.007     0.999414      5895220      1706.67
      17.487     0.999512      5895797      2048.00
      17.775     0.999561      5896076      2275.56
      18.095     0.999609      5896366      2560.00
      18.527     0.999658      5896661      2925.71
      19.039     0.999707      5896946      3413.33
      19.711     0.999756      5897231      4096.00
      20.143     0.999780      5897374      4551.11
      20.735     0.999805      5897517      5120.00
      21.711     0.999829      5897660      5851.43
      23.055     0.999854      5897804      6826.67
      25.679     0.999878      5897948      8192.00
      27.487     0.999890      5898020      9102.22
      29.279     0.999902      5898092     10240.00
      31.455     0.999915      5898164     11702.86
      33.439     0.999927      5898238     13653.33
      36.031     0.999939      5898310     16384.00
      37.087     0.999945      5898345     18204.44
      38.239     0.999951      5898380     20480.00
      39.487     0.999957      5898416     23405.71
      40.927     0.999963      5898452     27306.67
      42.303     0.999969      5898488     32768.00
      43.263     0.999973      5898507     36408.89
      44.287     0.999976      5898524     40960.00
      45.439     0.999979      5898542     46811.43
      46.527     0.999982      5898560     54613.33
      47.391     0.999985      5898578     65536.00
      47.903     0.999986      5898587     72817.78
      48.703     0.999988      5898596     81920.00
      49.471     0.999989      5898606     93622.86
      49.823     0.999991      5898615    109226.67
      50.431     0.999992      5898623    131072.00
      50.719     0.999993      5898628    145635.56
      51.487     0.999994      5898632    163840.00
      52.031     0.999995      5898637    187245.71
      52.543     0.999995      5898641    218453.33
      53.407     0.999996      5898646    262144.00
      53.695     0.999997      5898648    291271.11
      53.791     0.999997      5898650    327680.00
      54.079     0.999997      5898653    374491.43
      54.303     0.999998      5898655    436906.67
      54.623     0.999998      5898657    524288.00
      54.719     0.999998      5898658    582542.22
      54.815     0.999998      5898659    655360.00
      55.999     0.999999      5898661    748982.86
      56.319     0.999999      5898662    873813.33
      56.511     0.999999      5898663   1048576.00
      56.511     0.999999      5898663   1165084.44
      56.959     0.999999      5898664   1310720.00
      57.919     0.999999      5898665   1497965.71
      57.919     0.999999      5898665   1747626.67
      58.111     1.000000      5898666   2097152.00
      58.111     1.000000      5898666   2330168.89
      58.111     1.000000      5898666   2621440.00
      58.303     1.000000      5898667   2995931.43
      58.303     1.000000      5898667   3495253.33
      58.303     1.000000      5898667   4194304.00
      58.303     1.000000      5898667   4660337.78
      58.303     1.000000      5898667   5242880.00
      59.999     1.000000      5898668   5991862.86
      59.999     1.000000      5898668          inf
#[Mean    =        2.993, StdDeviation   =        2.343]
#[Max     =       59.968, Total count    =      5898668]
#[Buckets =           27, SubBuckets     =         2048]
----------------------------------------------------------
  5997629 requests in 10.00m, 1.00GB read
Requests/sec:   9996.02
Transfer/sec:      1.71MB
