Running 10m test @ http://localhost:9999/math/plus?x=1&y=2
  16 threads and 400 connections
  Thread calibration: mean lat.: 1.279ms, rate sampling interval: 10ms
  Thread calibration: mean lat.: 1.296ms, rate sampling interval: 10ms
  Thread calibration: mean lat.: 1.247ms, rate sampling interval: 10ms
  Thread calibration: mean lat.: 1.315ms, rate sampling interval: 10ms
  Thread calibration: mean lat.: 1.211ms, rate sampling interval: 10ms
  Thread calibration: mean lat.: 1.309ms, rate sampling interval: 10ms
  Thread calibration: mean lat.: 1.300ms, rate sampling interval: 10ms
  Thread calibration: mean lat.: 1.210ms, rate sampling interval: 10ms
  Thread calibration: mean lat.: 1.263ms, rate sampling interval: 10ms
  Thread calibration: mean lat.: 1.291ms, rate sampling interval: 10ms
  Thread calibration: mean lat.: 1.268ms, rate sampling interval: 10ms
  Thread calibration: mean lat.: 1.292ms, rate sampling interval: 10ms
  Thread calibration: mean lat.: 1.246ms, rate sampling interval: 10ms
  Thread calibration: mean lat.: 1.413ms, rate sampling interval: 10ms
  Thread calibration: mean lat.: 1.279ms, rate sampling interval: 10ms
  Thread calibration: mean lat.: 1.225ms, rate sampling interval: 10ms
  Thread Stats   Avg      Stdev     Max   +/- Stdev
    Latency     1.24ms    1.34ms  82.94ms   95.69%
    Req/Sec     1.98k   447.90     7.22k    71.62%
  Latency Distribution (HdrHistogram - Recorded Latency)
 50.000%    1.05ms
 75.000%    1.44ms
 90.000%    1.91ms
 99.000%    6.34ms
 99.900%   16.48ms
 99.990%   37.85ms
 99.999%   61.28ms
100.000%   83.01ms

  Detailed Percentile spectrum:
       Value   Percentile   TotalCount 1/(1-Percentile)

       0.063     0.000000            1         1.00
       0.427     0.100000      1774523         1.11
       0.609     0.200000      3547612         1.25
       0.764     0.300000      5310476         1.43
       0.907     0.400000      7080255         1.67
       1.046     0.500000      8860667         2.00
       1.114     0.550000      9732982         2.22
       1.185     0.600000     10621070         2.50
       1.261     0.650000     11506745         2.86
       1.344     0.700000     12387971         3.33
       1.439     0.750000     13276163         4.00
       1.493     0.775000     13722180         4.44
       1.552     0.800000     14161985         5.00
       1.619     0.825000     14604178         5.71
       1.696     0.850000     15045915         6.67
       1.788     0.875000     15487797         8.00
       1.842     0.887500     15705512         8.89
       1.907     0.900000     15928087        10.00
       1.985     0.912500     16148013        11.43
       2.085     0.925000     16371075        13.33
       2.219     0.937500     16590838        16.00
       2.309     0.943750     16701815        17.78
       2.421     0.950000     16812522        20.00
       2.567     0.956250     16922799        22.86
       2.767     0.962500     17033393        26.67
       3.063     0.968750     17143596        32.00
       3.271     0.971875     17198553        35.56
       3.539     0.975000     17254121        40.00
       3.903     0.978125     17309315        45.71
       4.327     0.981250     17364729        53.33
       4.891     0.984375     17419782        64.00
       5.223     0.985938     17447579        71.11
       5.559     0.987500     17475024        80.00
       5.999     0.989062     17502707        91.43
       6.587     0.990625     17530394       106.67
       7.251     0.992188     17557938       128.00
       7.647     0.992969     17571850       142.22
       8.099     0.993750     17585690       160.00
       8.591     0.994531     17599446       182.86
       9.175     0.995313     17613253       213.33
       9.855     0.996094     17627066       256.00
      10.295     0.996484     17634021       284.44
      10.839     0.996875     17640930       320.00
      11.495     0.997266     17647858       365.71
      12.255     0.997656     17654774       426.67
      13.079     0.998047     17661657       512.00
      13.487     0.998242     17665143       568.89
      13.999     0.998437     17668534       640.00
      14.711     0.998633     17671990       731.43
      15.591     0.998828     17675466       853.33
      16.607     0.999023     17678912      1024.00
      17.199     0.999121     17680672      1137.78
      17.839     0.999219     17682382      1280.00
      18.735     0.999316     17684099      1462.86
      19.919     0.999414     17685822      1706.67
      21.551     0.999512     17687545      2048.00
      22.543     0.999561     17688411      2275.56
      23.663     0.999609     17689281      2560.00
      24.783     0.999658     17690135      2925.71
      26.159     0.999707     17691003      3413.33
      27.999     0.999756     17691868      4096.00
      29.087     0.999780     17692296      4551.11
      30.351     0.999805     17692735      5120.00
      31.583     0.999829     17693159      5851.43
      33.151     0.999854     17693595      6826.67
      35.455     0.999878     17694023      8192.00
      36.799     0.999890     17694243      9102.22
      38.047     0.999902     17694457     10240.00
      39.679     0.999915     17694672     11702.86
      41.951     0.999927     17694887     13653.33
      44.255     0.999939     17695104     16384.00
      45.471     0.999945     17695214     18204.44
      46.495     0.999951     17695320     20480.00
      47.967     0.999957     17695428     23405.71
      49.599     0.999963     17695535     27306.67
      51.103     0.999969     17695644     32768.00
      52.063     0.999973     17695698     36408.89
      53.439     0.999976     17695752     40960.00
      55.135     0.999979     17695808     46811.43
      56.255     0.999982     17695859     54613.33
      58.015     0.999985     17695914     65536.00
      58.751     0.999986     17695940     72817.78
      59.871     0.999988     17695967     81920.00
      60.831     0.999989     17695995     93622.86
      61.887     0.999991     17696021    109226.67
      63.935     0.999992     17696048    131072.00
      65.183     0.999993     17696062    145635.56
      65.983     0.999994     17696075    163840.00
      67.071     0.999995     17696090    187245.71
      68.479     0.999995     17696104    218453.33
      69.759     0.999996     17696116    262144.00
      70.463     0.999997     17696124    291271.11
      70.719     0.999997     17696129    327680.00
      71.679     0.999997     17696136    374491.43
      72.511     0.999998     17696143    436906.67
      73.023     0.999998     17696150    524288.00
      73.151     0.999998     17696154    582542.22
      73.215     0.999998     17696156    655360.00
      73.535     0.999999     17696160    748982.86
      73.983     0.999999     17696163    873813.33
      74.559     0.999999     17696167   1048576.00
      75.007     0.999999     17696168   1165084.44
      75.455     0.999999     17696170   1310720.00
      75.903     0.999999     17696172   1497965.71
      75.967     0.999999     17696173   1747626.67
      76.543     1.000000     17696175   2097152.00
      77.503     1.000000     17696176   2330168.89
      78.143     1.000000     17696177   2621440.00
      78.207     1.000000     17696178   2995931.43
      78.207     1.000000     17696178   3495253.33
      78.335     1.000000     17696180   4194304.00
      78.335     1.000000     17696180   4660337.78
      78.335     1.000000     17696180   5242880.00
      78.527     1.000000     17696181   5991862.86
      78.527     1.000000     17696181   6990506.67
      78.527     1.000000     17696181   8388608.00
      78.655     1.000000     17696182   9320675.55
      78.655     1.000000     17696182  10485760.00
      78.655     1.000000     17696182  11983725.71
      78.655     1.000000     17696182  13981013.34
      78.655     1.000000     17696182  16777216.00
      83.007     1.000000     17696183  18641351.10
      83.007     1.000000     17696183          inf
#[Mean    =        1.239, StdDeviation   =        1.342]
#[Max     =       82.944, Total count    =     17696183]
#[Buckets =           27, SubBuckets     =         2048]
----------------------------------------------------------
  17996359 requests in 10.00m, 3.00GB read
Requests/sec:  29993.89
Transfer/sec:      5.12MB
