Running 10m test @ http://localhost:9999/math/plus?x=1&y=2
  16 threads and 400 connections
  Thread calibration: mean lat.: 1.277ms, rate sampling interval: 10ms
  Thread calibration: mean lat.: 1.259ms, rate sampling interval: 10ms
  Thread calibration: mean lat.: 1.251ms, rate sampling interval: 10ms
  Thread calibration: mean lat.: 1.284ms, rate sampling interval: 10ms
  Thread calibration: mean lat.: 1.248ms, rate sampling interval: 10ms
  Thread calibration: mean lat.: 1.265ms, rate sampling interval: 10ms
  Thread calibration: mean lat.: 1.269ms, rate sampling interval: 10ms
  Thread calibration: mean lat.: 1.278ms, rate sampling interval: 10ms
  Thread calibration: mean lat.: 1.284ms, rate sampling interval: 10ms
  Thread calibration: mean lat.: 1.431ms, rate sampling interval: 10ms
  Thread calibration: mean lat.: 1.292ms, rate sampling interval: 10ms
  Thread calibration: mean lat.: 1.191ms, rate sampling interval: 10ms
  Thread calibration: mean lat.: 1.273ms, rate sampling interval: 10ms
  Thread calibration: mean lat.: 1.234ms, rate sampling interval: 10ms
  Thread calibration: mean lat.: 1.280ms, rate sampling interval: 10ms
  Thread calibration: mean lat.: 1.169ms, rate sampling interval: 10ms
  Thread Stats   Avg      Stdev     Max   +/- Stdev
    Latency     1.23ms    1.29ms  75.14ms   96.44%
    Req/Sec     1.98k   578.10     6.11k    78.79%
  Latency Distribution (HdrHistogram - Recorded Latency)
 50.000%    1.06ms
 75.000%    1.44ms
 90.000%    1.85ms
 99.000%    6.74ms
 99.900%   16.10ms
 99.990%   30.77ms
 99.999%   44.00ms
100.000%   75.20ms

  Detailed Percentile spectrum:
       Value   Percentile   TotalCount 1/(1-Percentile)

       0.064     0.000000            1         1.00
       0.435     0.100000      1773946         1.11
       0.619     0.200000      3542605         1.25
       0.775     0.300000      5314412         1.43
       0.919     0.400000      7082578         1.67
       1.057     0.500000      8850144         2.00
       1.126     0.550000      9744727         2.22
       1.196     0.600000     10620498         2.50
       1.272     0.650000     11508368         2.86
       1.353     0.700000     12389175         3.33
       1.443     0.750000     13273551         4.00
       1.494     0.775000     13721334         4.44
       1.549     0.800000     14163426         5.00
       1.610     0.825000     14605110         5.71
       1.678     0.850000     15042658         6.67
       1.757     0.875000     15484324         8.00
       1.803     0.887500     15708839         8.89
       1.854     0.900000     15928877        10.00
       1.914     0.912500     16149764        11.43
       1.987     0.925000     16371524        13.33
       2.079     0.937500     16590884        16.00
       2.139     0.943750     16702542        17.78
       2.213     0.950000     16813339        20.00
       2.313     0.956250     16923529        22.86
       2.461     0.962500     17033785        26.67
       2.723     0.968750     17143742        32.00
       2.959     0.971875     17198807        35.56
       3.333     0.975000     17254038        40.00
       3.835     0.978125     17309274        45.71
       4.403     0.981250     17364568        53.33
       5.043     0.984375     17419947        64.00
       5.419     0.985938     17447631        71.11
       5.851     0.987500     17475224        80.00
       6.383     0.989062     17502831        91.43
       7.003     0.990625     17530513       106.67
       7.743     0.992188     17558146       128.00
       8.175     0.992969     17571878       142.22
       8.639     0.993750     17585753       160.00
       9.143     0.994531     17599502       182.86
       9.711     0.995313     17613443       213.33
      10.383     0.996094     17627242       256.00
      10.775     0.996484     17634111       284.44
      11.215     0.996875     17640988       320.00
      11.711     0.997266     17647987       365.71
      12.287     0.997656     17654878       426.67
      13.015     0.998047     17661781       512.00
      13.439     0.998242     17665188       568.89
      13.959     0.998437     17668637       640.00
      14.599     0.998633     17672084       731.43
      15.335     0.998828     17675557       853.33
      16.215     0.999023     17678998      1024.00
      16.783     0.999121     17680754      1137.78
      17.391     0.999219     17682473      1280.00
      18.127     0.999316     17684185      1462.86
      19.055     0.999414     17685912      1706.67
      20.175     0.999512     17687643      2048.00
      20.847     0.999561     17688505      2275.56
      21.631     0.999609     17689377      2560.00
      22.607     0.999658     17690242      2925.71
      23.711     0.999707     17691093      3413.33
      24.911     0.999756     17691956      4096.00
      25.583     0.999780     17692392      4551.11
      26.383     0.999805     17692825      5120.00
      27.279     0.999829     17693262      5851.43
      28.303     0.999854     17693684      6826.67
      29.551     0.999878     17694119      8192.00
      30.191     0.999890     17694332      9102.22
      30.927     0.999902     17694554     10240.00
      31.647     0.999915     17694766     11702.86
      32.527     0.999927     17694984     13653.33
      33.663     0.999939     17695199     16384.00
      34.303     0.999945     17695311     18204.44
      35.007     0.999951     17695416     20480.00
      35.647     0.999957     17695523     23405.71
      36.575     0.999963     17695629     27306.67
      37.823     0.999969     17695739     32768.00
      38.399     0.999973     17695792     36408.89
      38.911     0.999976     17695846     40960.00
      39.647     0.999979     17695898     46811.43
      40.543     0.999982     17695952     54613.33
      41.759     0.999985     17696008     65536.00
      42.175     0.999986     17696033     72817.78
      43.039     0.999988     17696060     81920.00
      43.775     0.999989     17696087     93622.86
      44.639     0.999991     17696115    109226.67
      45.791     0.999992     17696141    131072.00
      46.431     0.999993     17696155    145635.56
      46.911     0.999994     17696169    163840.00
      47.583     0.999995     17696182    187245.71
      48.639     0.999995     17696195    218453.33
      49.695     0.999996     17696209    262144.00
      50.975     0.999997     17696216    291271.11
      53.119     0.999997     17696222    327680.00
      56.479     0.999997     17696229    374491.43
      57.919     0.999998     17696237    436906.67
      59.231     0.999998     17696243    524288.00
      60.607     0.999998     17696246    582542.22
      61.535     0.999998     17696249    655360.00
      62.015     0.999999     17696253    748982.86
      62.207     0.999999     17696256    873813.33
      66.239     0.999999     17696260   1048576.00
      67.967     0.999999     17696261   1165084.44
      69.055     0.999999     17696263   1310720.00
      69.375     0.999999     17696265   1497965.71
      69.503     0.999999     17696266   1747626.67
      70.015     1.000000     17696268   2097152.00
      70.079     1.000000     17696269   2330168.89
      70.655     1.000000     17696270   2621440.00
      71.039     1.000000     17696271   2995931.43
      71.039     1.000000     17696271   3495253.33
      72.191     1.000000     17696272   4194304.00
      72.831     1.000000     17696273   4660337.78
      72.831     1.000000     17696273   5242880.00
      73.791     1.000000     17696274   5991862.86
      73.791     1.000000     17696274   6990506.67
      73.791     1.000000     17696274   8388608.00
      74.687     1.000000     17696275   9320675.55
      74.687     1.000000     17696275  10485760.00
      74.687     1.000000     17696275  11983725.71
      74.687     1.000000     17696275  13981013.34
      74.687     1.000000     17696275  16777216.00
      75.199     1.000000     17696276  18641351.10
      75.199     1.000000     17696276          inf
#[Mean    =        1.235, StdDeviation   =        1.286]
#[Max     =       75.136, Total count    =     17696276]
#[Buckets =           27, SubBuckets     =         2048]
----------------------------------------------------------
  17994640 requests in 10.00m, 3.00GB read
Requests/sec:  29991.05
Transfer/sec:      5.12MB
