Running 10m test @ http://localhost:9999/math/plus?x=1&y=2
  16 threads and 400 connections
  Thread calibration: mean lat.: 40.114ms, rate sampling interval: 12ms
  Thread calibration: mean lat.: 61.253ms, rate sampling interval: 260ms
  Thread calibration: mean lat.: 37.241ms, rate sampling interval: 12ms
  Thread calibration: mean lat.: 28.336ms, rate sampling interval: 11ms
  Thread calibration: mean lat.: 1.824ms, rate sampling interval: 10ms
  Thread calibration: mean lat.: 3.137ms, rate sampling interval: 10ms
  Thread calibration: mean lat.: 3.092ms, rate sampling interval: 10ms
  Thread calibration: mean lat.: 7.170ms, rate sampling interval: 10ms
  Thread calibration: mean lat.: 3.501ms, rate sampling interval: 10ms
  Thread calibration: mean lat.: 28.416ms, rate sampling interval: 11ms
  Thread calibration: mean lat.: 48.706ms, rate sampling interval: 16ms
  Thread calibration: mean lat.: 32.037ms, rate sampling interval: 11ms
  Thread calibration: mean lat.: 52.790ms, rate sampling interval: 34ms
  Thread calibration: mean lat.: 2.509ms, rate sampling interval: 10ms
  Thread calibration: mean lat.: 90.429ms, rate sampling interval: 851ms
  Thread calibration: mean lat.: 65.450ms, rate sampling interval: 369ms
  Thread Stats   Avg      Stdev     Max   +/- Stdev
    Latency     3.17ms    1.81ms  38.82ms   75.99%
    Req/Sec   655.38    709.66     2.78k    83.71%
  Latency Distribution (HdrHistogram - Recorded Latency)
 50.000%    2.99ms
 75.000%    4.10ms
 90.000%    5.07ms
 99.000%    9.99ms
 99.900%   16.51ms
 99.990%   22.25ms
 99.999%   32.29ms
100.000%   38.85ms

  Detailed Percentile spectrum:
       Value   Percentile   TotalCount 1/(1-Percentile)

       0.086     0.000000            1         1.00
       1.196     0.100000       590718         1.11
       1.689     0.200000      1179956         1.25
       2.155     0.300000      1771944         1.43
       2.587     0.400000      2362192         1.67
       2.995     0.500000      2949755         2.00
       3.197     0.550000      3245636         2.22
       3.405     0.600000      3541540         2.50
       3.621     0.650000      3834591         2.86
       3.857     0.700000      4131441         3.33
       4.099     0.750000      4427231         4.00
       4.227     0.775000      4575035         4.44
       4.363     0.800000      4722578         5.00
       4.507     0.825000      4866807         5.71
       4.671     0.850000      5016542         6.67
       4.855     0.875000      5163400         8.00
       4.959     0.887500      5237005         8.89
       5.071     0.900000      5310143        10.00
       5.195     0.912500      5384530        11.43
       5.331     0.925000      5457294        13.33
       5.491     0.937500      5531489        16.00
       5.579     0.943750      5567290        17.78
       5.679     0.950000      5603938        20.00
       5.799     0.956250      5641484        22.86
       5.939     0.962500      5678045        26.67
       6.119     0.968750      5714349        32.00
       6.243     0.971875      5733071        35.56
       6.415     0.975000      5751212        40.00
       6.719     0.978125      5769732        45.71
       7.391     0.981250      5788067        53.33
       8.239     0.984375      5806536        64.00
       8.759     0.985938      5815734        71.11
       9.231     0.987500      5825051        80.00
       9.687     0.989062      5834212        91.43
      10.207     0.990625      5843385       106.67
      10.935     0.992188      5852572       128.00
      11.399     0.992969      5857193       142.22
      11.879     0.993750      5861856       160.00
      12.367     0.994531      5866459       182.86
      12.895     0.995313      5871064       213.33
      13.439     0.996094      5875620       256.00
      13.727     0.996484      5877924       284.44
      14.031     0.996875      5880262       320.00
      14.343     0.997266      5882535       365.71
      14.687     0.997656      5884859       426.67
      15.087     0.998047      5887131       512.00
      15.319     0.998242      5888286       568.89
      15.567     0.998437      5889438       640.00
      15.847     0.998633      5890605       731.43
      16.175     0.998828      5891750       853.33
      16.559     0.999023      5892903      1024.00
      16.783     0.999121      5893470      1137.78
      17.055     0.999219      5894043      1280.00
      17.359     0.999316      5894624      1462.86
      17.679     0.999414      5895201      1706.67
      18.063     0.999512      5895777      2048.00
      18.287     0.999561      5896063      2275.56
      18.543     0.999609      5896349      2560.00
      18.815     0.999658      5896647      2925.71
      19.135     0.999707      5896931      3413.33
      19.471     0.999756      5897210      4096.00
      19.711     0.999780      5897360      4551.11
      19.887     0.999805      5897498      5120.00
      20.191     0.999829      5897646      5851.43
      20.559     0.999854      5897787      6826.67
      21.167     0.999878      5897930      8192.00
      21.759     0.999890      5898003      9102.22
      22.351     0.999902      5898074     10240.00
      23.087     0.999915      5898147     11702.86
      23.695     0.999927      5898218     13653.33
      24.159     0.999939      5898290     16384.00
      24.623     0.999945      5898327     18204.44
      25.247     0.999951      5898363     20480.00
      25.775     0.999957      5898399     23405.71
      26.175     0.999963      5898434     27306.67
      27.327     0.999969      5898470     32768.00
      28.399     0.999973      5898488     36408.89
      29.855     0.999976      5898506     40960.00
      30.319     0.999979      5898524     46811.43
      30.831     0.999982      5898542     54613.33
      31.231     0.999985      5898560     65536.00
      31.759     0.999986      5898569     72817.78
      32.079     0.999988      5898578     81920.00
      32.239     0.999989      5898587     93622.86
      32.383     0.999991      5898596    109226.67
      32.767     0.999992      5898605    131072.00
      33.023     0.999993      5898610    145635.56
      33.663     0.999994      5898614    163840.00
      33.983     0.999995      5898619    187245.71
      34.559     0.999995      5898623    218453.33
      34.815     0.999996      5898628    262144.00
      35.103     0.999997      5898630    291271.11
      35.199     0.999997      5898632    327680.00
      35.647     0.999997      5898635    374491.43
      36.031     0.999998      5898637    436906.67
      36.415     0.999998      5898639    524288.00
      36.831     0.999998      5898640    582542.22
      37.375     0.999998      5898641    655360.00
      37.727     0.999999      5898643    748982.86
      38.207     0.999999      5898644    873813.33
      38.239     0.999999      5898645   1048576.00
      38.239     0.999999      5898645   1165084.44
      38.303     0.999999      5898646   1310720.00
      38.431     0.999999      5898647   1497965.71
      38.431     0.999999      5898647   1747626.67
      38.591     1.000000      5898648   2097152.00
      38.591     1.000000      5898648   2330168.89
      38.591     1.000000      5898648   2621440.00
      38.719     1.000000      5898649   2995931.43
      38.719     1.000000      5898649   3495253.33
      38.719     1.000000      5898649   4194304.00
      38.719     1.000000      5898649   4660337.78
      38.719     1.000000      5898649   5242880.00
      38.847     1.000000      5898650   5991862.86
      38.847     1.000000      5898650          inf
#[Mean    =        3.165, StdDeviation   =        1.814]
#[Max     =       38.816, Total count    =      5898650]
#[Buckets =           27, SubBuckets     =         2048]
----------------------------------------------------------
  5997598 requests in 10.00m, 869.40MB read
Requests/sec:   9995.98
Transfer/sec:      1.45MB
