Running 10m test @ http://localhost:9999/math/plus?x=1&y=2
  16 threads and 400 connections
  Thread calibration: mean lat.: 4.643ms, rate sampling interval: 36ms
  Thread calibration: mean lat.: 50.832ms, rate sampling interval: 62ms
  Thread calibration: mean lat.: 38.156ms, rate sampling interval: 53ms
  Thread calibration: mean lat.: 8.673ms, rate sampling interval: 38ms
  Thread calibration: mean lat.: 12.892ms, rate sampling interval: 40ms
  Thread calibration: mean lat.: 38.400ms, rate sampling interval: 54ms
  Thread calibration: mean lat.: 38.356ms, rate sampling interval: 54ms
  Thread calibration: mean lat.: 4.855ms, rate sampling interval: 37ms
  Thread calibration: mean lat.: 8.689ms, rate sampling interval: 38ms
  Thread calibration: mean lat.: 8.685ms, rate sampling interval: 38ms
  Thread calibration: mean lat.: 8.634ms, rate sampling interval: 38ms
  Thread calibration: mean lat.: 21.453ms, rate sampling interval: 44ms
  Thread calibration: mean lat.: 8.661ms, rate sampling interval: 38ms
  Thread calibration: mean lat.: 38.623ms, rate sampling interval: 56ms
  Thread calibration: mean lat.: 38.125ms, rate sampling interval: 54ms
  Thread calibration: mean lat.: 46.590ms, rate sampling interval: 59ms
  Thread Stats   Avg      Stdev     Max   +/- Stdev
    Latency     4.90ms   11.75ms   1.01s    88.15%
    Req/Sec     3.16k   611.26    15.00k    78.81%
  Latency Distribution (HdrHistogram - Recorded Latency)
 50.000%    1.29ms
 75.000%    2.09ms
 90.000%   19.36ms
 99.000%   32.22ms
 99.900%   37.82ms
 99.990%  528.90ms
 99.999%  963.07ms
100.000%    1.01s 

  Detailed Percentile spectrum:
       Value   Percentile   TotalCount 1/(1-Percentile)

       0.054     0.000000            1         1.00
       0.505     0.100000      2951044         1.11
       0.734     0.200000      5909978         1.25
       0.924     0.300000      8854976         1.43
       1.107     0.400000     11807107         1.67
       1.295     0.500000     14751961         2.00
       1.397     0.550000     16224518         2.22
       1.508     0.600000     17704144         2.50
       1.636     0.650000     19173691         2.86
       1.801     0.700000     20646892         3.33
       2.091     0.750000     22123146         4.00
       2.577     0.775000     22858082         4.44
       4.843     0.800000     23595439         5.00
       8.463     0.825000     24333879         5.71
      12.143     0.850000     25070980         6.67
      15.751     0.875000     25808324         8.00
      17.535     0.887500     26176047         8.89
      19.359     0.900000     26546844        10.00
      21.151     0.912500     26915805        11.43
      22.847     0.925000     27284400        13.33
      24.543     0.937500     27653192        16.00
      25.359     0.943750     27837721        17.78
      26.159     0.950000     28020694        20.00
      26.959     0.956250     28203494        22.86
      27.791     0.962500     28388193        26.67
      28.671     0.968750     28572297        32.00
      29.151     0.971875     28666632        35.56
      29.631     0.975000     28758736        40.00
      30.111     0.978125     28848794        45.71
      30.623     0.981250     28942368        53.33
      31.151     0.984375     29034997        64.00
      31.423     0.985938     29080091        71.11
      31.711     0.987500     29125589        80.00
      32.031     0.989062     29173098        91.43
      32.367     0.990625     29219014       106.67
      32.751     0.992188     29264432       128.00
      32.991     0.992969     29289551       142.22
      33.215     0.993750     29310812       160.00
      33.503     0.994531     29334938       182.86
      33.791     0.995313     29355911       213.33
      34.175     0.996094     29378896       256.00
      34.399     0.996484     29390361       284.44
      34.687     0.996875     29402692       320.00
      34.975     0.997266     29413298       365.71
      35.359     0.997656     29424769       426.67
      35.839     0.998047     29436248       512.00
      36.127     0.998242     29441876       568.89
      36.479     0.998437     29447843       640.00
      36.863     0.998633     29453502       731.43
      37.343     0.998828     29459442       853.33
      37.887     0.999023     29465045      1024.00
      38.207     0.999121     29467816      1137.78
      38.591     0.999219     29470887      1280.00
      39.007     0.999316     29473539      1462.86
      39.551     0.999414     29476489      1706.67
      40.255     0.999512     29479391      2048.00
      40.671     0.999561     29480783      2275.56
      41.183     0.999609     29482224      2560.00
      41.823     0.999658     29483616      2925.71
      42.783     0.999707     29485083      3413.33
      44.351     0.999756     29486494      4096.00
      46.111     0.999780     29487220      4551.11
      77.183     0.999805     29487934      5120.00
     192.895     0.999829     29488654      5851.43
     362.751     0.999854     29489377      6826.67
     424.191     0.999878     29490099      8192.00
     481.023     0.999890     29490454      9102.22
     540.159     0.999902     29490816     10240.00
     642.559     0.999915     29491175     11702.86
     679.935     0.999927     29491534     13653.33
     712.703     0.999939     29491907     16384.00
     740.351     0.999945     29492078     18204.44
     768.511     0.999951     29492254     20480.00
     797.695     0.999957     29492434     23405.71
     827.391     0.999963     29492614     27306.67
     856.575     0.999969     29492796     32768.00
     869.375     0.999973     29492884     36408.89
     884.735     0.999976     29492981     40960.00
     900.607     0.999979     29493064     46811.43
     912.895     0.999982     29493156     54613.33
     928.255     0.999985     29493252     65536.00
     936.447     0.999986     29493290     72817.78
     943.103     0.999988     29493335     81920.00
     956.415     0.999989     29493382     93622.86
     969.727     0.999991     29493434    109226.67
     980.991     0.999992     29493481    131072.00
     984.575     0.999993     29493502    145635.56
     987.647     0.999994     29493519    163840.00
     990.207     0.999995     29493538    187245.71
     992.767     0.999995     29493560    218453.33
     995.839     0.999996     29493586    262144.00
     996.863     0.999997     29493599    291271.11
     998.399     0.999997     29493605    327680.00
     999.935     0.999997     29493626    374491.43
    1000.447     0.999998     29493627    436906.67
    1002.495     0.999998     29493650    524288.00
    1002.495     0.999998     29493650    582542.22
    1002.495     0.999998     29493650    655360.00
    1003.519     0.999999     29493656    748982.86
    1004.543     0.999999     29493673    873813.33
    1004.543     0.999999     29493673   1048576.00
    1004.543     0.999999     29493673   1165084.44
    1004.543     0.999999     29493673   1310720.00
    1005.055     0.999999     29493676   1497965.71
    1006.591     0.999999     29493679   1747626.67
    1007.103     1.000000     29493684   2097152.00
    1007.103     1.000000     29493684   2330168.89
    1007.103     1.000000     29493684   2621440.00
    1007.615     1.000000     29493686   2995931.43
    1007.615     1.000000     29493686   3495253.33
    1008.639     1.000000     29493688   4194304.00
    1008.639     1.000000     29493688   4660337.78
    1009.151     1.000000     29493693   5242880.00
    1009.151     1.000000     29493693   5991862.86
    1009.151     1.000000     29493693   6990506.67
    1009.151     1.000000     29493693   8388608.00
    1009.151     1.000000     29493693   9320675.55
    1009.151     1.000000     29493693  10485760.00
    1009.151     1.000000     29493693  11983725.71
    1009.151     1.000000     29493693  13981013.34
    1009.151     1.000000     29493693  16777216.00
    1009.151     1.000000     29493693  18641351.10
    1009.151     1.000000     29493693  20971519.98
    1009.151     1.000000     29493693  23967451.45
    1009.151     1.000000     29493693  27962026.68
    1011.199     1.000000     29493694  33554432.00
    1011.199     1.000000     29493694          inf
#[Mean    =        4.899, StdDeviation   =       11.746]
#[Max     =     1010.688, Total count    =     29493694]
#[Buckets =           27, SubBuckets     =         2048]
----------------------------------------------------------
  29993707 requests in 10.00m, 4.25GB read
Requests/sec:  49989.57
Transfer/sec:      7.25MB
