Running 10m test @ http://localhost:9999/math/plus?x=1&y=2
  16 threads and 400 connections
  Thread calibration: mean lat.: 12.380ms, rate sampling interval: 16ms
  Thread calibration: mean lat.: 2.097ms, rate sampling interval: 10ms
  Thread calibration: mean lat.: 2.748ms, rate sampling interval: 10ms
  Thread calibration: mean lat.: 3.446ms, rate sampling interval: 13ms
  Thread calibration: mean lat.: 4.572ms, rate sampling interval: 14ms
  Thread calibration: mean lat.: 54.052ms, rate sampling interval: 25ms
  Thread calibration: mean lat.: 58.438ms, rate sampling interval: 115ms
  Thread calibration: mean lat.: 46.158ms, rate sampling interval: 18ms
  Thread calibration: mean lat.: 3.588ms, rate sampling interval: 14ms
  Thread calibration: mean lat.: 50.058ms, rate sampling interval: 18ms
  Thread calibration: mean lat.: 24.159ms, rate sampling interval: 15ms
  Thread calibration: mean lat.: 71.279ms, rate sampling interval: 476ms
  Thread calibration: mean lat.: 3.726ms, rate sampling interval: 14ms
  Thread calibration: mean lat.: 49.549ms, rate sampling interval: 18ms
  Thread calibration: mean lat.: 37.558ms, rate sampling interval: 17ms
  Thread calibration: mean lat.: 3.643ms, rate sampling interval: 15ms
  Thread Stats   Avg      Stdev     Max   +/- Stdev
    Latency     3.94ms   12.16ms   1.01s    99.95%
    Req/Sec   648.97    688.16     2.94k    83.98%
  Latency Distribution (HdrHistogram - Recorded Latency)
 50.000%    2.99ms
 75.000%    5.51ms
 90.000%    7.51ms
 99.000%   10.53ms
 99.900%   13.14ms
 99.990%  769.02ms
 99.999%  984.06ms
100.000%    1.01s 

  Detailed Percentile spectrum:
       Value   Percentile   TotalCount 1/(1-Percentile)

       0.069     0.000000            1         1.00
       1.048     0.100000       589917         1.11
       1.467     0.200000      1179929         1.25
       1.859     0.300000      1770423         1.43
       2.303     0.400000      2360113         1.67
       2.987     0.500000      2950282         2.00
       3.453     0.550000      3244854         2.22
       3.957     0.600000      3540263         2.50
       4.451     0.650000      3835133         2.86
       4.959     0.700000      4129554         3.33
       5.507     0.750000      4425550         4.00
       5.807     0.775000      4572963         4.44
       6.119     0.800000      4719033         5.00
       6.447     0.825000      4867586         5.71
       6.791     0.850000      5015419         6.67
       7.143     0.875000      5162916         8.00
       7.319     0.887500      5235758         8.89
       7.507     0.900000      5309541        10.00
       7.703     0.912500      5383747        11.43
       7.911     0.925000      5456453        13.33
       8.135     0.937500      5530473        16.00
       8.263     0.943750      5568570        17.78
       8.391     0.950000      5603719        20.00
       8.543     0.956250      5641336        22.86
       8.711     0.962500      5677809        26.67
       8.919     0.968750      5714785        32.00
       9.047     0.971875      5733384        35.56
       9.199     0.975000      5751892        40.00
       9.383     0.978125      5769690        45.71
       9.631     0.981250      5788491        53.33
       9.919     0.984375      5806773        64.00
      10.079     0.985938      5815930        71.11
      10.247     0.987500      5824999        80.00
      10.423     0.989062      5834276        91.43
      10.615     0.990625      5843439       106.67
      10.823     0.992188      5852540       128.00
      10.943     0.992969      5857250       142.22
      11.071     0.993750      5861940       160.00
      11.215     0.994531      5866564       182.86
      11.367     0.995313      5871152       213.33
      11.543     0.996094      5875656       256.00
      11.647     0.996484      5878050       284.44
      11.759     0.996875      5880267       320.00
      11.887     0.997266      5882602       365.71
      12.023     0.997656      5884878       426.67
      12.199     0.998047      5887111       512.00
      12.319     0.998242      5888324       568.89
      12.463     0.998437      5889431       640.00
      12.647     0.998633      5890577       731.43
      12.871     0.998828      5891724       853.33
      13.183     0.999023      5892878      1024.00
      13.367     0.999121      5893447      1137.78
      13.591     0.999219      5894017      1280.00
      13.895     0.999316      5894592      1462.86
      14.359     0.999414      5895170      1706.67
      15.607     0.999512      5895741      2048.00
      18.719     0.999561      5896030      2275.56
      87.231     0.999609      5896317      2560.00
     203.519     0.999658      5896605      2925.71
     308.479     0.999707      5896893      3413.33
     424.191     0.999756      5897183      4096.00
     488.959     0.999780      5897325      4551.11
     543.231     0.999805      5897471      5120.00
     606.719     0.999829      5897619      5851.43
     659.967     0.999854      5897759      6826.67
     720.383     0.999878      5897901      8192.00
     743.935     0.999890      5897975      9102.22
     773.119     0.999902      5898046     10240.00
     806.399     0.999915      5898118     11702.86
     826.367     0.999927      5898191     13653.33
     863.231     0.999939      5898267     16384.00
     871.935     0.999945      5898297     18204.44
     891.391     0.999951      5898339     20480.00
     902.655     0.999957      5898369     23405.71
     922.623     0.999963      5898405     27306.67
     930.815     0.999969      5898441     32768.00
     941.055     0.999973      5898459     36408.89
     944.639     0.999976      5898484     40960.00
     948.223     0.999979      5898496     46811.43
     966.143     0.999982      5898516     54613.33
     968.703     0.999985      5898532     65536.00
     971.263     0.999986      5898542     72817.78
     972.287     0.999988      5898549     81920.00
     979.967     0.999989      5898559     93622.86
     984.063     0.999991      5898569    109226.67
     984.575     0.999992      5898580    131072.00
     985.087     0.999993      5898581    145635.56
     988.159     0.999994      5898585    163840.00
     999.423     0.999995      5898590    187245.71
    1002.495     0.999995      5898594    218453.33
    1005.567     0.999996      5898599    262144.00
    1006.079     0.999997      5898602    291271.11
    1006.591     0.999997      5898603    327680.00
    1007.103     0.999997      5898609    374491.43
    1007.103     0.999998      5898609    436906.67
    1007.615     0.999998      5898613    524288.00
    1007.615     0.999998      5898613    582542.22
    1007.615     0.999998      5898613    655360.00
    1008.127     0.999999      5898618    748982.86
    1008.127     0.999999      5898618    873813.33
    1008.127     0.999999      5898618   1048576.00
    1008.127     0.999999      5898618   1165084.44
    1008.127     0.999999      5898618   1310720.00
    1008.127     0.999999      5898618   1497965.71
    1008.127     0.999999      5898618   1747626.67
    1008.639     1.000000      5898620   2097152.00
    1008.639     1.000000      5898620   2330168.89
    1008.639     1.000000      5898620   2621440.00
    1008.639     1.000000      5898620   2995931.43
    1008.639     1.000000      5898620   3495253.33
    1008.639     1.000000      5898620   4194304.00
    1008.639     1.000000      5898620   4660337.78
    1008.639     1.000000      5898620   5242880.00
    1009.151     1.000000      5898621   5991862.86
    1009.151     1.000000      5898621          inf
#[Mean    =        3.943, StdDeviation   =       12.163]
#[Max     =     1008.640, Total count    =      5898621]
#[Buckets =           27, SubBuckets     =         2048]
----------------------------------------------------------
  5997610 requests in 10.00m, 869.40MB read
Requests/sec:   9996.00
Transfer/sec:      1.45MB
