Running 10m test @ http://localhost:9999/math/plus?x=1&y=2
  16 threads and 400 connections
  Thread calibration: mean lat.: 166.558ms, rate sampling interval: 596ms
  Thread calibration: mean lat.: 170.543ms, rate sampling interval: 628ms
  Thread calibration: mean lat.: 169.654ms, rate sampling interval: 600ms
  Thread calibration: mean lat.: 417.158ms, rate sampling interval: 2394ms
  Thread calibration: mean lat.: 162.051ms, rate sampling interval: 578ms
  Thread calibration: mean lat.: 200.466ms, rate sampling interval: 655ms
  Thread calibration: mean lat.: 184.660ms, rate sampling interval: 623ms
  Thread calibration: mean lat.: 428.185ms, rate sampling interval: 2422ms
  Thread calibration: mean lat.: 167.417ms, rate sampling interval: 607ms
  Thread calibration: mean lat.: 180.108ms, rate sampling interval: 634ms
  Thread calibration: mean lat.: 424.903ms, rate sampling interval: 2402ms
  Thread calibration: mean lat.: 415.480ms, rate sampling interval: 2396ms
  Thread calibration: mean lat.: 178.414ms, rate sampling interval: 581ms
  Thread calibration: mean lat.: 176.142ms, rate sampling interval: 637ms
  Thread calibration: mean lat.: 173.636ms, rate sampling interval: 625ms
  Thread calibration: mean lat.: 424.372ms, rate sampling interval: 2463ms
  Thread Stats   Avg      Stdev     Max   +/- Stdev
    Latency    13.07s     7.75s   30.33s    58.07%
    Req/Sec     3.59k    96.61     3.92k    74.10%
  Latency Distribution (HdrHistogram - Recorded Latency)
 50.000%   12.80s 
 75.000%   19.71s 
 90.000%   23.69s 
 99.000%   27.57s 
 99.900%   29.05s 
 99.990%   29.80s 
 99.999%   30.21s 
100.000%   30.34s 

  Detailed Percentile spectrum:
       Value   Percentile   TotalCount 1/(1-Percentile)

     269.055     0.000000            3         1.00
    2539.519     0.100000      3387500         1.11
    4943.871     0.200000      6772708         1.25
    7622.655     0.300000     10161779         1.43
   10084.351     0.400000     13545275         1.67
   12804.095     0.500000     16932456         2.00
   14270.463     0.550000     18623032         2.22
   15736.831     0.600000     20321746         2.50
   17088.511     0.650000     22023471         2.86
   18399.231     0.700000     23707306         3.33
   19709.951     0.750000     25392296         4.00
   20381.695     0.775000     26253106         4.44
   21037.055     0.800000     27085959         5.00
   21708.799     0.825000     27948781         5.71
   22347.775     0.850000     28782764         6.67
   23003.135     0.875000     29631997         8.00
   23347.199     0.887500     30058213         8.89
   23691.263     0.900000     30473393        10.00
   24068.095     0.912500     30900811        11.43
   24477.695     0.925000     31324377        13.33
   24920.063     0.937500     31747719        16.00
   25149.439     0.943750     31958367        17.78
   25395.199     0.950000     32173986        20.00
   25640.959     0.956250     32374906        22.86
   25919.487     0.962500     32588978        26.67
   26214.399     0.968750     32798973        32.00
   26378.239     0.971875     32909208        35.56
   26542.079     0.975000     33015323        40.00
   26722.303     0.978125     33120078        45.71
   26918.911     0.981250     33228287        53.33
   27115.519     0.984375     33328423        64.00
   27230.207     0.985938     33382037        71.11
   27361.279     0.987500     33438725        80.00
   27475.967     0.989062     33485615        91.43
   27623.423     0.990625     33540002       106.67
   27787.263     0.992188     33593890       128.00
   27885.567     0.992969     33622326       142.22
   27967.487     0.993750     33645772       160.00
   28065.791     0.994531     33671695       182.86
   28180.479     0.995313     33700842       213.33
   28295.167     0.996094     33725126       256.00
   28360.703     0.996484     33737863       284.44
   28426.239     0.996875     33750294       320.00
   28524.543     0.997266     33765642       365.71
   28606.463     0.997656     33776788       426.67
   28721.151     0.998047     33791696       512.00
   28770.303     0.998242     33796655       568.89
   28835.839     0.998437     33803659       640.00
   28901.375     0.998633     33810362       731.43
   28983.295     0.998828     33817403       853.33
   29065.215     0.999023     33823855      1024.00
   29097.983     0.999121     33826749      1137.78
   29147.135     0.999219     33829871      1280.00
   29196.287     0.999316     33832990      1462.86
   29261.823     0.999414     33836830      1706.67
   29310.975     0.999512     33839537      2048.00
   29343.743     0.999561     33841142      2275.56
   29392.895     0.999609     33843565      2560.00
   29409.279     0.999658     33844437      2925.71
   29458.431     0.999707     33846071      3413.33
   29523.967     0.999756     33847740      4096.00
   29556.735     0.999780     33848501      4551.11
   29605.887     0.999805     33849346      5120.00
   29638.655     0.999829     33850150      5851.43
   29687.807     0.999854     33851027      6826.67
   29736.959     0.999878     33852088      8192.00
   29753.343     0.999890     33852222      9102.22
   29802.495     0.999902     33852798     10240.00
   29818.879     0.999915     33853027     11702.86
   29868.031     0.999927     33853609     13653.33
   29884.415     0.999939     33853871     16384.00
   29933.567     0.999945     33854135     18204.44
   29949.951     0.999951     33854289     20480.00
   29966.335     0.999957     33854556     23405.71
   29982.719     0.999963     33854673     27306.67
   30031.871     0.999969     33854965     32768.00
   30048.255     0.999973     33855027     36408.89
   30081.023     0.999976     33855138     40960.00
   30097.407     0.999979     33855244     46811.43
   30113.791     0.999982     33855313     54613.33
   30146.559     0.999985     33855412     65536.00
   30179.327     0.999986     33855473     72817.78
   30195.711     0.999988     33855530     81920.00
   30212.095     0.999989     33855577     93622.86
   30228.479     0.999991     33855663    109226.67
   30228.479     0.999992     33855663    131072.00
   30244.863     0.999993     33855689    145635.56
   30261.247     0.999994     33855715    163840.00
   30277.631     0.999995     33855754    187245.71
   30294.015     0.999995     33855842    218453.33
   30294.015     0.999996     33855842    262144.00
   30294.015     0.999997     33855842    291271.11
   30294.015     0.999997     33855842    327680.00
   30294.015     0.999997     33855842    374491.43
   30294.015     0.999998     33855842    436906.67
   30310.399     0.999998     33855866    524288.00
   30310.399     0.999998     33855866    582542.22
   30310.399     0.999998     33855866    655360.00
   30326.783     0.999999     33855899    748982.86
   30326.783     0.999999     33855899    873813.33
   30326.783     0.999999     33855899   1048576.00
   30326.783     0.999999     33855899   1165084.44
   30326.783     0.999999     33855899   1310720.00
   30326.783     0.999999     33855899   1497965.71
   30326.783     0.999999     33855899   1747626.67
   30326.783     1.000000     33855899   2097152.00
   30326.783     1.000000     33855899   2330168.89
   30343.167     1.000000     33855912   2621440.00
   30343.167     1.000000     33855912          inf
#[Mean    =    13073.696, StdDeviation   =     7752.093]
#[Max     =    30326.784, Total count    =     33855912]
#[Buckets =           27, SubBuckets     =         2048]
----------------------------------------------------------
  34422763 requests in 10.00m, 4.87GB read
Requests/sec:  57370.99
Transfer/sec:      8.32MB
