Running 10m test @ http://localhost:9999/math/plus?x=1&y=2
  16 threads and 400 connections
  Thread calibration: mean lat.: 24.192ms, rate sampling interval: 55ms
  Thread calibration: mean lat.: 24.100ms, rate sampling interval: 55ms
  Thread calibration: mean lat.: 49.882ms, rate sampling interval: 66ms
  Thread calibration: mean lat.: 11.295ms, rate sampling interval: 49ms
  Thread calibration: mean lat.: 7.084ms, rate sampling interval: 47ms
  Thread calibration: mean lat.: 46.029ms, rate sampling interval: 64ms
  Thread calibration: mean lat.: 32.837ms, rate sampling interval: 60ms
  Thread calibration: mean lat.: 37.351ms, rate sampling interval: 61ms
  Thread calibration: mean lat.: 19.911ms, rate sampling interval: 53ms
  Thread calibration: mean lat.: 6.885ms, rate sampling interval: 47ms
  Thread calibration: mean lat.: 36.880ms, rate sampling interval: 59ms
  Thread calibration: mean lat.: 41.235ms, rate sampling interval: 62ms
  Thread calibration: mean lat.: 6.870ms, rate sampling interval: 47ms
  Thread calibration: mean lat.: 67.178ms, rate sampling interval: 333ms
  Thread calibration: mean lat.: 7.116ms, rate sampling interval: 48ms
  Thread calibration: mean lat.: 6.800ms, rate sampling interval: 47ms
  Thread Stats   Avg      Stdev     Max   +/- Stdev
    Latency     7.05ms    9.05ms  54.43ms   81.97%
    Req/Sec     3.15k   636.33     5.50k    70.81%
  Latency Distribution (HdrHistogram - Recorded Latency)
 50.000%    2.21ms
 75.000%   10.26ms
 90.000%   23.18ms
 99.000%   33.18ms
 99.900%   38.40ms
 99.990%   42.46ms
 99.999%   45.95ms
100.000%   54.46ms

  Detailed Percentile spectrum:
       Value   Percentile   TotalCount 1/(1-Percentile)

       0.063     0.000000            1         1.00
       0.805     0.100000      2955881         1.11
       1.179     0.200000      5906105         1.25
       1.508     0.300000      8848932         1.43
       1.834     0.400000     11801057         1.67
       2.207     0.500000     14752895         2.00
       2.451     0.550000     16229293         2.22
       2.807     0.600000     17699383         2.50
       3.871     0.650000     19172221         2.86
       6.519     0.700000     20645629         3.33
      10.263     0.750000     22120488         4.00
      12.223     0.775000     22858494         4.44
      14.399     0.800000     23594955         5.00
      16.543     0.825000     24335703         5.71
      18.655     0.850000     25072888         6.67
      20.879     0.875000     25808879         8.00
      22.047     0.887500     26178381         8.89
      23.183     0.900000     26549403        10.00
      24.271     0.912500     26914692        11.43
      25.391     0.925000     27285589        13.33
      26.559     0.937500     27650557        16.00
      27.167     0.943750     27836173        17.78
      27.791     0.950000     28023195        20.00
      28.415     0.956250     28207520        22.86
      29.055     0.962500     28390772        26.67
      29.743     0.968750     28573461        32.00
      30.127     0.971875     28667182        35.56
      30.527     0.975000     28757546        40.00
      30.975     0.978125     28850933        45.71
      31.455     0.981250     28942422        53.33
      31.999     0.984375     29034791        64.00
      32.287     0.985938     29079715        71.11
      32.607     0.987500     29125391        80.00
      32.959     0.989062     29172008        91.43
      33.343     0.990625     29217620       106.67
      33.791     0.992188     29264353       128.00
      34.047     0.992969     29287584       142.22
      34.335     0.993750     29311290       160.00
      34.623     0.994531     29333011       182.86
      34.975     0.995313     29356273       213.33
      35.391     0.996094     29379543       256.00
      35.615     0.996484     29390833       284.44
      35.871     0.996875     29402107       320.00
      36.159     0.997266     29413463       365.71
      36.511     0.997656     29425309       426.67
      36.927     0.998047     29436859       512.00
      37.151     0.998242     29442204       568.89
      37.407     0.998437     29447719       640.00
      37.727     0.998633     29453794       731.43
      38.079     0.998828     29459533       853.33
      38.463     0.999023     29465060      1024.00
      38.687     0.999121     29467886      1137.78
      38.943     0.999219     29470766      1280.00
      39.231     0.999316     29473700      1462.86
      39.519     0.999414     29476425      1706.67
      39.903     0.999512     29479456      2048.00
      40.095     0.999561     29480884      2275.56
      40.287     0.999609     29482167      2560.00
      40.543     0.999658     29483729      2925.71
      40.799     0.999707     29485098      3413.33
      41.087     0.999756     29486465      4096.00
      41.279     0.999780     29487279      4551.11
      41.471     0.999805     29488002      5120.00
      41.663     0.999829     29488664      5851.43
      41.887     0.999854     29489347      6826.67
      42.175     0.999878     29490119      8192.00
      42.335     0.999890     29490473      9102.22
      42.495     0.999902     29490822     10240.00
      42.655     0.999915     29491152     11702.86
      42.879     0.999927     29491496     13653.33
      43.135     0.999939     29491864     16384.00
      43.295     0.999945     29492054     18204.44
      43.487     0.999951     29492235     20480.00
      43.647     0.999957     29492396     23405.71
      43.935     0.999963     29492589     27306.67
      44.223     0.999969     29492774     32768.00
      44.351     0.999973     29492846     36408.89
      44.543     0.999976     29492946     40960.00
      44.767     0.999979     29493031     46811.43
      45.023     0.999982     29493119     54613.33
      45.279     0.999985     29493208     65536.00
      45.471     0.999986     29493254     72817.78
      45.663     0.999988     29493303     81920.00
      45.887     0.999989     29493348     93622.86
      46.111     0.999991     29493386    109226.67
      46.431     0.999992     29493434    131072.00
      46.559     0.999993     29493454    145635.56
      46.783     0.999994     29493478    163840.00
      46.975     0.999995     29493500    187245.71
      47.167     0.999995     29493525    218453.33
      47.327     0.999996     29493543    262144.00
      47.423     0.999997     29493554    291271.11
      47.615     0.999997     29493566    327680.00
      47.775     0.999997     29493577    374491.43
      48.095     0.999998     29493589    436906.67
      48.479     0.999998     29493600    524288.00
      48.991     0.999998     29493605    582542.22
      49.247     0.999998     29493610    655360.00
      49.503     0.999999     29493617    748982.86
      49.791     0.999999     29493623    873813.33
      50.047     0.999999     29493627   1048576.00
      50.143     0.999999     29493630   1165084.44
      50.399     0.999999     29493633   1310720.00
      50.847     0.999999     29493636   1497965.71
      51.647     0.999999     29493639   1747626.67
      51.903     1.000000     29493641   2097152.00
      51.999     1.000000     29493643   2330168.89
      52.095     1.000000     29493644   2621440.00
      52.127     1.000000     29493646   2995931.43
      52.191     1.000000     29493647   3495253.33
      53.823     1.000000     29493648   4194304.00
      53.983     1.000000     29493649   4660337.78
      54.047     1.000000     29493650   5242880.00
      54.079     1.000000     29493651   5991862.86
      54.079     1.000000     29493651   6990506.67
      54.175     1.000000     29493652   8388608.00
      54.175     1.000000     29493652   9320675.55
      54.239     1.000000     29493653  10485760.00
      54.239     1.000000     29493653  11983725.71
      54.239     1.000000     29493653  13981013.34
      54.367     1.000000     29493654  16777216.00
      54.367     1.000000     29493654  18641351.10
      54.367     1.000000     29493654  20971519.98
      54.367     1.000000     29493654  23967451.45
      54.367     1.000000     29493654  27962026.68
      54.463     1.000000     29493655  33554432.00
      54.463     1.000000     29493655          inf
#[Mean    =        7.048, StdDeviation   =        9.047]
#[Max     =       54.432, Total count    =     29493655]
#[Buckets =           27, SubBuckets     =         2048]
----------------------------------------------------------
  29996737 requests in 10.00m, 4.25GB read
Requests/sec:  49994.55
Transfer/sec:      7.25MB
