Running 10m test @ http://localhost:9999/math/plus?x=1&y=2
  16 threads and 400 connections
  Thread calibration: mean lat.: 44.994ms, rate sampling interval: 29ms
  Thread calibration: mean lat.: 53.692ms, rate sampling interval: 38ms
  Thread calibration: mean lat.: 24.337ms, rate sampling interval: 20ms
  Thread calibration: mean lat.: 24.657ms, rate sampling interval: 23ms
  Thread calibration: mean lat.: 7.866ms, rate sampling interval: 17ms
  Thread calibration: mean lat.: 36.934ms, rate sampling interval: 28ms
  Thread calibration: mean lat.: 1.912ms, rate sampling interval: 10ms
  Thread calibration: mean lat.: 8.069ms, rate sampling interval: 16ms
  Thread calibration: mean lat.: 36.232ms, rate sampling interval: 23ms
  Thread calibration: mean lat.: 37.471ms, rate sampling interval: 24ms
  Thread calibration: mean lat.: 49.538ms, rate sampling interval: 32ms
  Thread calibration: mean lat.: 61.602ms, rate sampling interval: 238ms
  Thread calibration: mean lat.: 7.730ms, rate sampling interval: 15ms
  Thread calibration: mean lat.: 7.689ms, rate sampling interval: 15ms
  Thread calibration: mean lat.: 28.623ms, rate sampling interval: 21ms
  Thread calibration: mean lat.: 45.566ms, rate sampling interval: 27ms
  Thread Stats   Avg      Stdev     Max   +/- Stdev
    Latency     4.05ms    3.64ms  52.16ms   84.38%
    Req/Sec     1.93k   528.54     8.33k    73.79%
  Latency Distribution (HdrHistogram - Recorded Latency)
 50.000%    3.06ms
 75.000%    4.90ms
 90.000%    9.03ms
 99.000%   17.38ms
 99.900%   23.01ms
 99.990%   32.26ms
 99.999%   39.78ms
100.000%   52.19ms

  Detailed Percentile spectrum:
       Value   Percentile   TotalCount 1/(1-Percentile)

       0.063     0.000000            1         1.00
       0.843     0.100000      1772821         1.11
       1.355     0.200000      3539539         1.25
       1.929     0.300000      5309006         1.43
       2.517     0.400000      7082536         1.67
       3.063     0.500000      8851933         2.00
       3.343     0.550000      9734304         2.22
       3.643     0.600000     10620731         2.50
       3.977     0.650000     11504243         2.86
       4.379     0.700000     12394730         3.33
       4.899     0.750000     13274219         4.00
       5.231     0.775000     13718528         4.44
       5.643     0.800000     14160501         5.00
       6.187     0.825000     14600441         5.71
       6.915     0.850000     15043293         6.67
       7.875     0.875000     15485650         8.00
       8.431     0.887500     15706253         8.89
       9.031     0.900000     15926877        10.00
       9.671     0.912500     16149674        11.43
      10.351     0.925000     16369442        13.33
      11.111     0.937500     16592122        16.00
      11.527     0.943750     16701603        17.78
      11.983     0.950000     16812362        20.00
      12.495     0.956250     16923606        22.86
      13.087     0.962500     17033438        26.67
      13.871     0.968750     17143266        32.00
      14.359     0.971875     17198709        35.56
      14.855     0.975000     17254456        40.00
      15.327     0.978125     17309452        45.71
      15.791     0.981250     17364452        53.33
      16.287     0.984375     17420286        64.00
      16.559     0.985938     17448337        71.11
      16.847     0.987500     17475438        80.00
      17.167     0.989062     17503281        91.43
      17.519     0.990625     17530609       106.67
      17.935     0.992188     17558163       128.00
      18.175     0.992969     17572318       142.22
      18.431     0.993750     17586194       160.00
      18.719     0.994531     17600015       182.86
      19.055     0.995313     17613421       213.33
      19.487     0.996094     17627422       256.00
      19.727     0.996484     17634135       284.44
      19.999     0.996875     17641122       320.00
      20.319     0.997266     17648097       365.71
      20.703     0.997656     17654923       426.67
      21.135     0.998047     17661703       512.00
      21.407     0.998242     17665287       568.89
      21.711     0.998437     17668601       640.00
      22.095     0.998633     17672150       731.43
      22.527     0.998828     17675586       853.33
      23.071     0.999023     17678996      1024.00
      23.423     0.999121     17680728      1137.78
      23.807     0.999219     17682486      1280.00
      24.255     0.999316     17684192      1462.86
      24.815     0.999414     17685912      1706.67
      25.423     0.999512     17687627      2048.00
      25.839     0.999561     17688478      2275.56
      26.319     0.999609     17689344      2560.00
      26.863     0.999658     17690218      2925.71
      27.679     0.999707     17691072      3413.33
      28.575     0.999756     17691935      4096.00
      29.039     0.999780     17692366      4551.11
      29.535     0.999805     17692796      5120.00
      30.191     0.999829     17693229      5851.43
      30.783     0.999854     17693657      6826.67
      31.567     0.999878     17694092      8192.00
      31.903     0.999890     17694308      9102.22
      32.351     0.999902     17694523     10240.00
      32.799     0.999915     17694743     11702.86
      33.247     0.999927     17694957     13653.33
      33.951     0.999939     17695176     16384.00
      34.303     0.999945     17695282     18204.44
      34.591     0.999951     17695385     20480.00
      35.135     0.999957     17695495     23405.71
      35.551     0.999963     17695601     27306.67
      36.031     0.999969     17695711     32768.00
      36.351     0.999973     17695766     36408.89
      36.671     0.999976     17695818     40960.00
      37.055     0.999979     17695875     46811.43
      37.407     0.999982     17695925     54613.33
      37.951     0.999985     17695979     65536.00
      38.431     0.999986     17696006     72817.78
      39.135     0.999988     17696034     81920.00
      39.647     0.999989     17696060     93622.86
      39.839     0.999991     17696088    109226.67
      40.127     0.999992     17696116    131072.00
      40.255     0.999993     17696129    145635.56
      40.575     0.999994     17696141    163840.00
      41.279     0.999995     17696155    187245.71
      41.823     0.999995     17696168    218453.33
      42.527     0.999996     17696182    262144.00
      43.231     0.999997     17696189    291271.11
      43.519     0.999997     17696195    327680.00
      44.479     0.999997     17696202    374491.43
      45.151     0.999998     17696209    436906.67
      45.471     0.999998     17696216    524288.00
      45.759     0.999998     17696219    582542.22
      45.919     0.999998     17696222    655360.00
      46.975     0.999999     17696226    748982.86
      47.327     0.999999     17696229    873813.33
      47.871     0.999999     17696233   1048576.00
      47.999     0.999999     17696234   1165084.44
      48.511     0.999999     17696236   1310720.00
      48.831     0.999999     17696239   1497965.71
      48.831     0.999999     17696239   1747626.67
      49.087     1.000000     17696241   2097152.00
      49.247     1.000000     17696242   2330168.89
      50.463     1.000000     17696243   2621440.00
      50.527     1.000000     17696244   2995931.43
      50.527     1.000000     17696244   3495253.33
      50.591     1.000000     17696245   4194304.00
      51.295     1.000000     17696246   4660337.78
      51.295     1.000000     17696246   5242880.00
      51.455     1.000000     17696247   5991862.86
      51.455     1.000000     17696247   6990506.67
      51.455     1.000000     17696247   8388608.00
      51.551     1.000000     17696248   9320675.55
      51.551     1.000000     17696248  10485760.00
      51.551     1.000000     17696248  11983725.71
      51.551     1.000000     17696248  13981013.34
      51.551     1.000000     17696248  16777216.00
      52.191     1.000000     17696249  18641351.10
      52.191     1.000000     17696249          inf
#[Mean    =        4.052, StdDeviation   =        3.638]
#[Max     =       52.160, Total count    =     17696249]
#[Buckets =           27, SubBuckets     =         2048]
----------------------------------------------------------
  17996058 requests in 10.00m, 2.55GB read
Requests/sec:  29993.36
Transfer/sec:      4.35MB
