Running 10m test @ http://localhost:9999/math/plus?x=1&y=2
  16 threads and 400 connections
  Thread calibration: mean lat.: 1.190ms, rate sampling interval: 10ms
  Thread calibration: mean lat.: 1.177ms, rate sampling interval: 10ms
  Thread calibration: mean lat.: 21.442ms, rate sampling interval: 10ms
  Thread calibration: mean lat.: 1.219ms, rate sampling interval: 10ms
  Thread calibration: mean lat.: 21.648ms, rate sampling interval: 10ms
  Thread calibration: mean lat.: 17.365ms, rate sampling interval: 10ms
  Thread calibration: mean lat.: 25.709ms, rate sampling interval: 10ms
  Thread calibration: mean lat.: 1.251ms, rate sampling interval: 10ms
  Thread calibration: mean lat.: 1.191ms, rate sampling interval: 10ms
  Thread calibration: mean lat.: 1.207ms, rate sampling interval: 10ms
  Thread calibration: mean lat.: 25.535ms, rate sampling interval: 10ms
  Thread calibration: mean lat.: 1.223ms, rate sampling interval: 10ms
  Thread calibration: mean lat.: 17.259ms, rate sampling interval: 10ms
  Thread calibration: mean lat.: 25.479ms, rate sampling interval: 10ms
  Thread calibration: mean lat.: 1.179ms, rate sampling interval: 10ms
  Thread calibration: mean lat.: 17.270ms, rate sampling interval: 10ms
  Thread Stats   Avg      Stdev     Max   +/- Stdev
    Latency     1.33ms    8.46ms   1.00s    99.70%
    Req/Sec     3.30k   426.15     9.89k    82.30%
  Latency Distribution (HdrHistogram - Recorded Latency)
 50.000%    1.10ms
 75.000%    1.52ms
 90.000%    1.91ms
 99.000%    4.80ms
 99.900%   15.45ms
 99.990%  528.90ms
 99.999%  953.85ms
100.000%    1.00s 

  Detailed Percentile spectrum:
       Value   Percentile   TotalCount 1/(1-Percentile)

       0.052     0.000000            1         1.00
       0.425     0.100000      2957500         1.11
       0.634     0.200000      5908166         1.25
       0.805     0.300000      8857670         1.43
       0.958     0.400000     11811150         1.67
       1.104     0.500000     14755664         2.00
       1.178     0.550000     16234439         2.22
       1.255     0.600000     17708316         2.50
       1.337     0.650000     19180275         2.86
       1.424     0.700000     20647687         3.33
       1.520     0.750000     22134232         4.00
       1.571     0.775000     22863246         4.44
       1.626     0.800000     23596165         5.00
       1.687     0.825000     24340621         5.71
       1.753     0.850000     25077516         6.67
       1.827     0.875000     25811317         8.00
       1.869     0.887500     26180526         8.89
       1.915     0.900000     26548973        10.00
       1.967     0.912500     26919342        11.43
       2.027     0.925000     27286136        13.33
       2.101     0.937500     27657947        16.00
       2.145     0.943750     27840879        17.78
       2.197     0.950000     28025252        20.00
       2.259     0.956250     28207364        22.86
       2.337     0.962500     28387799        26.67
       2.449     0.968750     28573352        32.00
       2.527     0.971875     28665371        35.56
       2.635     0.975000     28756515        40.00
       2.803     0.978125     28849372        45.71
       3.079     0.981250     28940872        53.33
       3.537     0.984375     29033120        64.00
       3.823     0.985938     29078979        71.11
       4.135     0.987500     29125288        80.00
       4.515     0.989062     29171429        91.43
       5.031     0.990625     29217313       106.67
       5.747     0.992188     29263479       128.00
       6.259     0.992969     29286392       142.22
       6.895     0.993750     29309509       160.00
       7.575     0.994531     29332435       182.86
       8.063     0.995313     29355611       213.33
       8.607     0.996094     29378613       256.00
       9.023     0.996484     29390104       284.44
       9.615     0.996875     29401591       320.00
      10.455     0.997266     29413120       365.71
      11.415     0.997656     29424602       426.67
      12.143     0.998047     29436130       512.00
      12.511     0.998242     29441909       568.89
      13.095     0.998437     29447658       640.00
      13.903     0.998633     29453409       731.43
      14.743     0.998828     29459198       853.33
      15.559     0.999023     29464981      1024.00
      15.879     0.999121     29467837      1137.78
      16.247     0.999219     29470712      1280.00
      16.735     0.999316     29473619      1462.86
      17.407     0.999414     29476446      1706.67
      18.351     0.999512     29479334      2048.00
      18.895     0.999561     29480776      2275.56
      19.551     0.999609     29482209      2560.00
      20.383     0.999658     29483650      2925.71
      21.471     0.999707     29485081      3413.33
      23.295     0.999756     29486528      4096.00
      25.359     0.999780     29487241      4551.11
      79.551     0.999805     29487962      5120.00
     194.943     0.999829     29488681      5851.43
     309.247     0.999854     29489401      6826.67
     425.215     0.999878     29490125      8192.00
     483.583     0.999890     29490482      9102.22
     539.647     0.999902     29490841     10240.00
     597.503     0.999915     29491201     11702.86
     656.383     0.999927     29491569     13653.33
     713.215     0.999939     29491923     16384.00
     741.375     0.999945     29492103     18204.44
     771.071     0.999951     29492282     20480.00
     800.255     0.999957     29492465     23405.71
     827.903     0.999963     29492641     27306.67
     856.575     0.999969     29492822     32768.00
     871.935     0.999973     29492917     36408.89
     885.759     0.999976     29493002     40960.00
     899.583     0.999979     29493094     46811.43
     914.431     0.999982     29493181     54613.33
     928.767     0.999985     29493271     65536.00
     936.447     0.999986     29493319     72817.78
     944.127     0.999988     29493364     81920.00
     950.783     0.999989     29493406     93622.86
     957.439     0.999991     29493452    109226.67
     965.119     0.999992     29493500    131072.00
     968.191     0.999993     29493519    145635.56
     971.775     0.999994     29493544    163840.00
     975.871     0.999995     29493564    187245.71
     979.967     0.999995     29493594    218453.33
     983.551     0.999996     29493616    262144.00
     984.063     0.999997     29493620    291271.11
     986.623     0.999997     29493631    327680.00
     987.647     0.999997     29493643    374491.43
     990.207     0.999998     29493655    436906.67
     992.255     0.999998     29493665    524288.00
     993.279     0.999998     29493676    582542.22
     993.279     0.999998     29493676    655360.00
     994.815     0.999999     29493682    748982.86
     995.839     0.999999     29493693    873813.33
     995.839     0.999999     29493693   1048576.00
     996.351     0.999999     29493698   1165084.44
     996.863     0.999999     29493700   1310720.00
     997.375     0.999999     29493702   1497965.71
     998.399     0.999999     29493706   1747626.67
     999.423     1.000000     29493715   2097152.00
     999.423     1.000000     29493715   2330168.89
     999.423     1.000000     29493715   2621440.00
     999.423     1.000000     29493715   2995931.43
     999.423     1.000000     29493715   3495253.33
     999.423     1.000000     29493715   4194304.00
     999.423     1.000000     29493715   4660337.78
     999.935     1.000000     29493716   5242880.00
    1000.447     1.000000     29493717   5991862.86
    1000.447     1.000000     29493717   6990506.67
    1000.959     1.000000     29493718   8388608.00
    1000.959     1.000000     29493718   9320675.55
    1001.471     1.000000     29493719  10485760.00
    1001.471     1.000000     29493719  11983725.71
    1001.471     1.000000     29493719  13981013.34
    1001.983     1.000000     29493721  16777216.00
    1001.983     1.000000     29493721          inf
#[Mean    =        1.330, StdDeviation   =        8.464]
#[Max     =     1001.472, Total count    =     29493721]
#[Buckets =           27, SubBuckets     =         2048]
----------------------------------------------------------
  29996912 requests in 10.00m, 4.25GB read
Requests/sec:  49994.96
Transfer/sec:      7.25MB
