Running 10m test @ http://localhost:9999/math/plus?x=1&y=2
  16 threads and 400 connections
  Thread calibration: mean lat.: 21.895ms, rate sampling interval: 10ms
  Thread calibration: mean lat.: 21.910ms, rate sampling interval: 10ms
  Thread calibration: mean lat.: 26.153ms, rate sampling interval: 10ms
  Thread calibration: mean lat.: 1.648ms, rate sampling interval: 10ms
  Thread calibration: mean lat.: 1.688ms, rate sampling interval: 10ms
  Thread calibration: mean lat.: 1.708ms, rate sampling interval: 10ms
  Thread calibration: mean lat.: 1.595ms, rate sampling interval: 10ms
  Thread calibration: mean lat.: 1.658ms, rate sampling interval: 10ms
  Thread calibration: mean lat.: 1.587ms, rate sampling interval: 10ms
  Thread calibration: mean lat.: 1.602ms, rate sampling interval: 10ms
  Thread calibration: mean lat.: 17.855ms, rate sampling interval: 10ms
  Thread calibration: mean lat.: 26.174ms, rate sampling interval: 10ms
  Thread calibration: mean lat.: 26.222ms, rate sampling interval: 10ms
  Thread calibration: mean lat.: 1.669ms, rate sampling interval: 10ms
  Thread calibration: mean lat.: 21.910ms, rate sampling interval: 10ms
  Thread calibration: mean lat.: 17.862ms, rate sampling interval: 10ms
  Thread Stats   Avg      Stdev     Max   +/- Stdev
    Latency     1.65ms    3.00ms 143.62ms   97.51%
    Req/Sec     3.96k   590.53    14.22k    82.52%
  Latency Distribution (HdrHistogram - Recorded Latency)
 50.000%    1.34ms
 75.000%    1.83ms
 90.000%    2.39ms
 99.000%    8.21ms
 99.900%   53.44ms
 99.990%  100.61ms
 99.999%  119.23ms
100.000%  143.74ms

  Detailed Percentile spectrum:
       Value   Percentile   TotalCount 1/(1-Percentile)

       0.064     0.000000            2         1.00
       0.560     0.100000      3543683         1.11
       0.790     0.200000      7089008         1.25
       0.982     0.300000     10622915         1.43
       1.160     0.400000     14161525         1.67
       1.335     0.500000     17708254         2.00
       1.424     0.550000     19468907         2.22
       1.516     0.600000     21236397         2.50
       1.613     0.650000     23012790         2.86
       1.717     0.700000     24784031         3.33
       1.832     0.750000     26550743         4.00
       1.896     0.775000     27440847         4.44
       1.966     0.800000     28325077         5.00
       2.044     0.825000     29200025         5.71
       2.137     0.850000     30098569         6.67
       2.247     0.875000     30980326         8.00
       2.313     0.887500     31419110         8.89
       2.389     0.900000     31855095        10.00
       2.483     0.912500     32299076        11.43
       2.603     0.925000     32741605        13.33
       2.771     0.937500     33184565        16.00
       2.887     0.943750     33404521        17.78
       3.039     0.950000     33623647        20.00
       3.251     0.956250     33845177        22.86
       3.557     0.962500     34065681        26.67
       4.005     0.968750     34287053        32.00
       4.299     0.971875     34397248        35.56
       4.651     0.975000     34508440        40.00
       5.071     0.978125     34618354        45.71
       5.591     0.981250     34728953        53.33
       6.291     0.984375     34839614        64.00
       6.699     0.985938     34895145        71.11
       7.167     0.987500     34950362        80.00
       7.763     0.989062     35005466        91.43
       8.543     0.990625     35061054       106.67
       9.423     0.992188     35116187       128.00
       9.943     0.992969     35143749       142.22
      10.543     0.993750     35171414       160.00
      11.303     0.994531     35198965       182.86
      12.391     0.995313     35226569       213.33
      13.615     0.996094     35254196       256.00
      14.519     0.996484     35268042       284.44
      15.639     0.996875     35281814       320.00
      17.183     0.997266     35295684       365.71
      19.775     0.997656     35309461       426.67
      25.551     0.998047     35323300       512.00
      30.607     0.998242     35330203       568.89
      36.063     0.998437     35337116       640.00
      42.111     0.998633     35344055       731.43
      48.127     0.998828     35350950       853.33
      54.175     0.999023     35357854      1024.00
      57.631     0.999121     35361328      1137.78
      61.215     0.999219     35364783      1280.00
      64.799     0.999316     35368233      1462.86
      68.479     0.999414     35371722      1706.67
      73.023     0.999512     35375140      2048.00
      75.583     0.999561     35376865      2275.56
      78.527     0.999609     35378610      2560.00
      81.535     0.999658     35380313      2925.71
      84.479     0.999707     35382069      3413.33
      87.615     0.999756     35383776      4096.00
      89.343     0.999780     35384643      4551.11
      91.263     0.999805     35385517      5120.00
      93.375     0.999829     35386376      5851.43
      95.615     0.999854     35387242      6826.67
      98.047     0.999878     35388105      8192.00
      99.455     0.999890     35388530      9102.22
     100.863     0.999902     35388954     10240.00
     102.463     0.999915     35389397     11702.86
     104.383     0.999927     35389821     13653.33
     106.367     0.999939     35390259     16384.00
     107.327     0.999945     35390471     18204.44
     108.351     0.999951     35390684     20480.00
     109.311     0.999957     35390896     23405.71
     110.527     0.999963     35391123     27306.67
     111.551     0.999969     35391332     32768.00
     112.127     0.999973     35391437     36408.89
     113.151     0.999976     35391551     40960.00
     113.983     0.999979     35391654     46811.43
     115.135     0.999982     35391761     54613.33
     116.223     0.999985     35391868     65536.00
     116.927     0.999986     35391923     72817.78
     117.759     0.999988     35391981     81920.00
     118.783     0.999989     35392031     93622.86
     120.063     0.999991     35392085    109226.67
     121.279     0.999992     35392140    131072.00
     121.919     0.999993     35392166    145635.56
     122.559     0.999994     35392192    163840.00
     123.455     0.999995     35392219    187245.71
     124.287     0.999995     35392248    218453.33
     125.055     0.999996     35392274    262144.00
     125.439     0.999997     35392290    291271.11
     126.015     0.999997     35392302    327680.00
     126.527     0.999997     35392317    374491.43
     126.847     0.999998     35392328    436906.67
     127.551     0.999998     35392341    524288.00
     127.679     0.999998     35392348    582542.22
     128.255     0.999998     35392354    655360.00
     129.407     0.999999     35392361    748982.86
     130.879     0.999999     35392368    873813.33
     136.575     0.999999     35392375   1048576.00
     137.343     0.999999     35392378   1165084.44
     138.111     0.999999     35392381   1310720.00
     139.007     0.999999     35392386   1497965.71
     139.519     0.999999     35392388   1747626.67
     140.159     1.000000     35392392   2097152.00
     140.287     1.000000     35392393   2330168.89
     140.671     1.000000     35392395   2621440.00
     140.927     1.000000     35392397   2995931.43
     141.055     1.000000     35392398   3495253.33
     141.311     1.000000     35392400   4194304.00
     141.823     1.000000     35392402   4660337.78
     141.823     1.000000     35392402   5242880.00
     142.079     1.000000     35392403   5991862.86
     142.079     1.000000     35392403   6990506.67
     142.335     1.000000     35392404   8388608.00
     142.463     1.000000     35392405   9320675.55
     142.463     1.000000     35392405  10485760.00
     142.591     1.000000     35392406  11983725.71
     142.591     1.000000     35392406  13981013.34
     142.591     1.000000     35392406  16777216.00
     143.359     1.000000     35392407  18641351.10
     143.359     1.000000     35392407  20971519.98
     143.359     1.000000     35392407  23967451.45
     143.359     1.000000     35392407  27962026.68
     143.359     1.000000     35392407  33554432.00
     143.743     1.000000     35392408  37282702.28
     143.743     1.000000     35392408          inf
#[Mean    =        1.653, StdDeviation   =        3.002]
#[Max     =      143.616, Total count    =     35392408]
#[Buckets =           27, SubBuckets     =         2048]
----------------------------------------------------------
  35996141 requests in 10.00m, 5.10GB read
Requests/sec:  59993.73
Transfer/sec:      8.70MB
