Running 10m test @ http://localhost:9999/math/plus?x=1&y=2
  16 threads and 400 connections
  Thread calibration: mean lat.: 1.431ms, rate sampling interval: 10ms
  Thread calibration: mean lat.: 1.459ms, rate sampling interval: 10ms
  Thread calibration: mean lat.: 1.420ms, rate sampling interval: 10ms
  Thread calibration: mean lat.: 5.837ms, rate sampling interval: 10ms
  Thread calibration: mean lat.: 1.608ms, rate sampling interval: 10ms
  Thread calibration: mean lat.: 1.958ms, rate sampling interval: 10ms
  Thread calibration: mean lat.: 1.557ms, rate sampling interval: 10ms
  Thread calibration: mean lat.: 1.457ms, rate sampling interval: 10ms
  Thread calibration: mean lat.: 1.568ms, rate sampling interval: 10ms
  Thread calibration: mean lat.: 2.460ms, rate sampling interval: 10ms
  Thread calibration: mean lat.: 2.467ms, rate sampling interval: 10ms
  Thread calibration: mean lat.: 5.869ms, rate sampling interval: 10ms
  Thread calibration: mean lat.: 2.686ms, rate sampling interval: 10ms
  Thread calibration: mean lat.: 1.587ms, rate sampling interval: 10ms
  Thread calibration: mean lat.: 1.604ms, rate sampling interval: 10ms
  Thread calibration: mean lat.: 5.801ms, rate sampling interval: 10ms
  Thread Stats   Avg      Stdev     Max   +/- Stdev
    Latency     1.76ms    1.08ms  22.45ms   75.40%
    Req/Sec   658.60    570.73     2.78k    76.17%
  Latency Distribution (HdrHistogram - Recorded Latency)
 50.000%    1.51ms
 75.000%    2.29ms
 90.000%    3.14ms
 99.000%    5.29ms
 99.900%    9.38ms
 99.990%   12.84ms
 99.999%   16.74ms
100.000%   22.46ms

  Detailed Percentile spectrum:
       Value   Percentile   TotalCount 1/(1-Percentile)

       0.067     0.000000            1         1.00
       0.668     0.100000       591600         1.11
       0.906     0.200000      1180308         1.25
       1.117     0.300000      1771616         1.43
       1.310     0.400000      2360445         1.67
       1.509     0.500000      2949708         2.00
       1.628     0.550000      3244893         2.22
       1.761     0.600000      3539551         2.50
       1.909     0.650000      3834899         2.86
       2.081     0.700000      4130841         3.33
       2.287     0.750000      4426249         4.00
       2.403     0.775000      4573037         4.44
       2.529     0.800000      4720635         5.00
       2.661     0.825000      4867006         5.71
       2.803     0.850000      5014790         6.67
       2.959     0.875000      5161772         8.00
       3.045     0.887500      5235620         8.89
       3.137     0.900000      5308930        10.00
       3.239     0.912500      5383107        11.43
       3.353     0.925000      5456715        13.33
       3.485     0.937500      5529998        16.00
       3.563     0.943750      5567311        17.78
       3.651     0.950000      5603907        20.00
       3.755     0.956250      5640968        22.86
       3.879     0.962500      5677775        26.67
       4.031     0.968750      5714487        32.00
       4.123     0.971875      5732894        35.56
       4.231     0.975000      5751440        40.00
       4.359     0.978125      5769971        45.71
       4.519     0.981250      5788339        53.33
       4.727     0.984375      5806634        64.00
       4.855     0.985938      5815764        71.11
       5.003     0.987500      5824969        80.00
       5.175     0.989062      5834275        91.43
       5.379     0.990625      5843447       106.67
       5.631     0.992188      5852668       128.00
       5.783     0.992969      5857199       142.22
       5.959     0.993750      5861762       160.00
       6.163     0.994531      5866368       182.86
       6.419     0.995313      5870978       213.33
       6.755     0.996094      5875617       256.00
       6.983     0.996484      5877891       284.44
       7.251     0.996875      5880205       320.00
       7.547     0.997266      5882508       365.71
       7.835     0.997656      5884817       426.67
       8.123     0.998047      5887120       512.00
       8.303     0.998242      5888304       568.89
       8.519     0.998437      5889428       640.00
       8.759     0.998633      5890577       731.43
       9.055     0.998828      5891714       853.33
       9.415     0.999023      5892875      1024.00
       9.631     0.999121      5893442      1137.78
       9.887     0.999219      5894025      1280.00
      10.183     0.999316      5894592      1462.86
      10.623     0.999414      5895173      1706.67
      11.207     0.999512      5895748      2048.00
      11.535     0.999561      5896034      2275.56
      11.711     0.999609      5896338      2560.00
      11.807     0.999658      5896620      2925.71
      11.903     0.999707      5896907      3413.33
      12.039     0.999756      5897194      4096.00
      12.111     0.999780      5897328      4551.11
      12.215     0.999805      5897472      5120.00
      12.343     0.999829      5897619      5851.43
      12.471     0.999854      5897765      6826.67
      12.615     0.999878      5897904      8192.00
      12.735     0.999890      5897978      9102.22
      12.863     0.999902      5898048     10240.00
      13.095     0.999915      5898120     11702.86
      13.327     0.999927      5898194     13653.33
      13.599     0.999939      5898267     16384.00
      13.735     0.999945      5898303     18204.44
      13.895     0.999951      5898337     20480.00
      14.319     0.999957      5898372     23405.71
      14.671     0.999963      5898408     27306.67
      15.351     0.999969      5898444     32768.00
      15.727     0.999973      5898464     36408.89
      15.871     0.999976      5898480     40960.00
      16.055     0.999979      5898499     46811.43
      16.167     0.999982      5898517     54613.33
      16.399     0.999985      5898539     65536.00
      16.447     0.999986      5898543     72817.78
      16.559     0.999988      5898553     81920.00
      16.671     0.999989      5898563     93622.86
      16.831     0.999991      5898572    109226.67
      16.959     0.999992      5898579    131072.00
      17.055     0.999993      5898584    145635.56
      17.167     0.999994      5898588    163840.00
      17.503     0.999995      5898593    187245.71
      17.871     0.999995      5898597    218453.33
      18.399     0.999996      5898602    262144.00
      18.591     0.999997      5898604    291271.11
      19.055     0.999997      5898606    327680.00
      19.567     0.999997      5898609    374491.43
      19.759     0.999998      5898611    436906.67
      19.887     0.999998      5898613    524288.00
      19.903     0.999998      5898614    582542.22
      20.479     0.999998      5898615    655360.00
      21.327     0.999999      5898617    748982.86
      21.455     0.999999      5898618    873813.33
      21.535     0.999999      5898619   1048576.00
      21.535     0.999999      5898619   1165084.44
      21.599     0.999999      5898620   1310720.00
      21.647     0.999999      5898621   1497965.71
      21.647     0.999999      5898621   1747626.67
      22.239     1.000000      5898622   2097152.00
      22.239     1.000000      5898622   2330168.89
      22.239     1.000000      5898622   2621440.00
      22.447     1.000000      5898623   2995931.43
      22.447     1.000000      5898623   3495253.33
      22.447     1.000000      5898623   4194304.00
      22.447     1.000000      5898623   4660337.78
      22.447     1.000000      5898623   5242880.00
      22.463     1.000000      5898624   5991862.86
      22.463     1.000000      5898624          inf
#[Mean    =        1.763, StdDeviation   =        1.085]
#[Max     =       22.448, Total count    =      5898624]
#[Buckets =           27, SubBuckets     =         2048]
----------------------------------------------------------
  5997145 requests in 10.00m, 869.34MB read
Requests/sec:   9995.21
Transfer/sec:      1.45MB
