Running 10m test @ http://localhost:9999/math/plus?x=1&y=2
  16 threads and 400 connections
  Thread calibration: mean lat.: 429.196ms, rate sampling interval: 2121ms
  Thread calibration: mean lat.: 249.868ms, rate sampling interval: 2046ms
  Thread calibration: mean lat.: 389.851ms, rate sampling interval: 2049ms
  Thread calibration: mean lat.: 86.270ms, rate sampling interval: 367ms
  Thread calibration: mean lat.: 76.996ms, rate sampling interval: 337ms
  Thread calibration: mean lat.: 459.216ms, rate sampling interval: 2220ms
  Thread calibration: mean lat.: 621.472ms, rate sampling interval: 2164ms
  Thread calibration: mean lat.: 147.985ms, rate sampling interval: 407ms
  Thread calibration: mean lat.: 407.115ms, rate sampling interval: 2158ms
  Thread calibration: mean lat.: 437.966ms, rate sampling interval: 2156ms
  Thread calibration: mean lat.: 85.687ms, rate sampling interval: 330ms
  Thread calibration: mean lat.: 195.443ms, rate sampling interval: 1959ms
  Thread calibration: mean lat.: 115.987ms, rate sampling interval: 348ms
  Thread calibration: mean lat.: 149.667ms, rate sampling interval: 406ms
  Thread calibration: mean lat.: 126.570ms, rate sampling interval: 393ms
  Thread calibration: mean lat.: 432.144ms, rate sampling interval: 2099ms
  Thread Stats   Avg      Stdev     Max   +/- Stdev
    Latency     7.58s     4.58s   20.97s    61.61%
    Req/Sec     3.66k   118.03     4.37k    75.88%
  Latency Distribution (HdrHistogram - Recorded Latency)
 50.000%    7.52s 
 75.000%   11.10s 
 90.000%   13.81s 
 99.000%   17.69s 
 99.900%   19.46s 
 99.990%   20.35s 
 99.999%   20.89s 
100.000%   20.99s 

  Detailed Percentile spectrum:
       Value   Percentile   TotalCount 1/(1-Percentile)

      92.159     0.000000            1         1.00
    1518.591     0.100000      3448999         1.11
    2977.791     0.200000      6894889         1.25
    4308.991     0.300000     10346287         1.43
    5873.663     0.400000     13789786         1.67
    7524.351     0.500000     17238162         2.00
    8245.247     0.550000     18960340         2.22
    8945.663     0.600000     20691696         2.50
    9650.175     0.650000     22419812         2.86
   10362.879     0.700000     24144310         3.33
   11100.159     0.750000     25867939         4.00
   11476.991     0.775000     26712198         4.44
   11878.399     0.800000     27588069         5.00
   12287.999     0.825000     28439288         5.71
   12746.751     0.850000     29305347         6.67
   13246.463     0.875000     30167160         8.00
   13516.799     0.887500     30600848         8.89
   13811.711     0.900000     31025637        10.00
   14131.199     0.912500     31459153        11.43
   14475.263     0.925000     31885761        13.33
   14868.479     0.937500     32316329        16.00
   15081.471     0.943750     32530203        17.78
   15310.847     0.950000     32744769        20.00
   15572.991     0.956250     32962175        22.86
   15851.519     0.962500     33179320        26.67
   16146.431     0.968750     33392928        32.00
   16302.079     0.971875     33497324        35.56
   16482.303     0.975000     33605306        40.00
   16678.911     0.978125     33714678        45.71
   16891.903     0.981250     33827057        53.33
   17137.663     0.984375     33933099        64.00
   17285.119     0.985938     33986850        71.11
   17432.575     0.987500     34038482        80.00
   17580.031     0.989062     34089703        91.43
   17760.255     0.990625     34145292       106.67
   17973.247     0.992188     34198591       128.00
   18087.935     0.992969     34225503       142.22
   18202.623     0.993750     34254042       160.00
   18317.311     0.994531     34278431       182.86
   18464.767     0.995313     34305534       213.33
   18612.223     0.996094     34332139       256.00
   18694.143     0.996484     34345520       284.44
   18776.063     0.996875     34359764       320.00
   18874.367     0.997266     34374036       365.71
   18972.671     0.997656     34385965       426.67
   19103.743     0.998047     34400503       512.00
   19169.279     0.998242     34406450       568.89
   19234.815     0.998437     34412838       640.00
   19316.735     0.998633     34419916       731.43
   19398.655     0.998828     34427753       853.33
   19464.191     0.999023     34433377      1024.00
   19513.343     0.999121     34437128      1137.78
   19546.111     0.999219     34439762      1280.00
   19611.647     0.999316     34443622      1462.86
   19677.183     0.999414     34447092      1706.67
   19742.719     0.999512     34450255      2048.00
   19775.487     0.999561     34451795      2275.56
   19841.023     0.999609     34453833      2560.00
   19890.175     0.999658     34454908      2925.71
   19972.095     0.999707     34456924      3413.33
   20037.631     0.999756     34458401      4096.00
   20070.399     0.999780     34459210      4551.11
   20119.551     0.999805     34460053      5120.00
   20152.319     0.999829     34460775      5851.43
   20217.855     0.999854     34461633      6826.67
   20283.391     0.999878     34462514      8192.00
   20332.543     0.999890     34463127      9102.22
   20348.927     0.999902     34463338     10240.00
   20398.079     0.999915     34463871     11702.86
   20430.847     0.999927     34464141     13653.33
   20496.383     0.999939     34464552     16384.00
   20529.151     0.999945     34464747     18204.44
   20561.919     0.999951     34464987     20480.00
   20594.687     0.999957     34465204     23405.71
   20627.455     0.999963     34465382     27306.67
   20660.223     0.999969     34465668     32768.00
   20676.607     0.999973     34465707     36408.89
   20709.375     0.999976     34465882     40960.00
   20725.759     0.999979     34465904     46811.43
   20758.527     0.999982     34465994     54613.33
   20807.679     0.999985     34466114     65536.00
   20824.063     0.999986     34466192     72817.78
   20840.447     0.999988     34466211     81920.00
   20873.215     0.999989     34466271     93622.86
   20889.599     0.999991     34466348    109226.67
   20905.983     0.999992     34466453    131072.00
   20905.983     0.999993     34466453    145635.56
   20905.983     0.999994     34466453    163840.00
   20905.983     0.999995     34466453    187245.71
   20922.367     0.999995     34466477    218453.33
   20955.135     0.999996     34466575    262144.00
   20955.135     0.999997     34466575    291271.11
   20955.135     0.999997     34466575    327680.00
   20955.135     0.999997     34466575    374491.43
   20955.135     0.999998     34466575    436906.67
   20955.135     0.999998     34466575    524288.00
   20955.135     0.999998     34466575    582542.22
   20955.135     0.999998     34466575    655360.00
   20971.519     0.999999     34466594    748982.86
   20971.519     0.999999     34466594    873813.33
   20971.519     0.999999     34466594   1048576.00
   20971.519     0.999999     34466594   1165084.44
   20987.903     0.999999     34466623   1310720.00
   20987.903     1.000000     34466623          inf
#[Mean    =     7581.256, StdDeviation   =     4579.938]
#[Max     =    20971.520, Total count    =     34466623]
#[Buckets =           27, SubBuckets     =         2048]
----------------------------------------------------------
  35046608 requests in 10.00m, 4.96GB read
Requests/sec:  58410.81
Transfer/sec:      8.47MB
