Running 60m test @ http://localhost:9999/math/plus?x=1&y=2
  16 threads and 400 connections
  Thread calibration: mean lat.: 1.656ms, rate sampling interval: 10ms
  Thread calibration: mean lat.: 30.159ms, rate sampling interval: 10ms
  Thread calibration: mean lat.: 1.685ms, rate sampling interval: 10ms
  Thread calibration: mean lat.: 5.723ms, rate sampling interval: 10ms
  Thread calibration: mean lat.: 34.414ms, rate sampling interval: 10ms
  Thread calibration: mean lat.: 5.727ms, rate sampling interval: 10ms
  Thread calibration: mean lat.: 38.215ms, rate sampling interval: 10ms
  Thread calibration: mean lat.: 5.675ms, rate sampling interval: 10ms
  Thread calibration: mean lat.: 38.379ms, rate sampling interval: 10ms
  Thread calibration: mean lat.: 22.025ms, rate sampling interval: 10ms
  Thread calibration: mean lat.: 1.709ms, rate sampling interval: 10ms
  Thread calibration: mean lat.: 26.044ms, rate sampling interval: 10ms
  Thread calibration: mean lat.: 1.676ms, rate sampling interval: 10ms
  Thread calibration: mean lat.: 1.643ms, rate sampling interval: 10ms
  Thread calibration: mean lat.: 9.696ms, rate sampling interval: 10ms
  Thread calibration: mean lat.: 38.199ms, rate sampling interval: 10ms
  Thread Stats   Avg      Stdev     Max   +/- Stdev
    Latency     2.14ms    3.91ms  65.47ms   93.44%
    Req/Sec     3.96k   609.32    15.56k    78.01%
  Latency Distribution (HdrHistogram - Recorded Latency)
 50.000%    1.16ms
 75.000%    1.60ms
 90.000%    2.40ms
 99.000%   22.08ms
 99.900%   28.17ms
 99.990%   33.69ms
 99.999%   40.29ms
100.000%   65.50ms

  Detailed Percentile spectrum:
       Value   Percentile   TotalCount 1/(1-Percentile)

       0.061     0.000000            1         1.00
       0.498     0.100000     21632566         1.11
       0.692     0.200000     43192492         1.25
       0.855     0.300000     64675058         1.43
       1.009     0.400000     86214985         1.67
       1.161     0.500000    107715343         2.00
       1.239     0.550000    118522177         2.22
       1.320     0.600000    129326231         2.50
       1.405     0.650000    140046086         2.86
       1.498     0.700000    150848805         3.33
       1.603     0.750000    161637686         4.00
       1.662     0.775000    166953056         4.44
       1.729     0.800000    172313963         5.00
       1.809     0.825000    177743067         5.71
       1.910     0.850000    183115885         6.67
       2.061     0.875000    188520306         8.00
       2.183     0.887500    191190629         8.89
       2.403     0.900000    193856795        10.00
       2.963     0.912500    196549779        11.43
       4.331     0.925000    199238092        13.33
       6.771     0.937500    201931714        16.00
       8.351     0.943750    203278006        17.78
      10.127     0.950000    204624338        20.00
      11.943     0.956250    205973164        22.86
      13.839     0.962500    207320662        26.67
      15.679     0.968750    208664215        32.00
      16.575     0.971875    209341783        35.56
      17.471     0.975000    210017212        40.00
      18.399     0.978125    210691402        45.71
      19.327     0.981250    211365308        53.33
      20.239     0.984375    212032836        64.00
      20.719     0.985938    212369691        71.11
      21.215     0.987500    212703098        80.00
      21.743     0.989062    213041317        91.43
      22.319     0.990625    213379675       106.67
      22.975     0.992188    213712886       128.00
      23.359     0.992969    213883816       142.22
      23.759     0.993750    214049349       160.00
      24.191     0.994531    214220059       182.86
      24.639     0.995313    214387642       213.33
      25.119     0.996094    214552125       256.00
      25.391     0.996484    214635834       284.44
      25.695     0.996875    214720511       320.00
      26.031     0.997266    214804641       365.71
      26.399     0.997656    214887679       426.67
      26.815     0.998047    214971832       512.00
      27.055     0.998242    215016316       568.89
      27.295     0.998437    215057445       640.00
      27.567     0.998633    215099921       731.43
      27.871     0.998828    215141929       853.33
      28.207     0.999023    215182112      1024.00
      28.415     0.999121    215203560      1137.78
      28.655     0.999219    215225446      1280.00
      28.911     0.999316    215245821      1462.86
      29.231     0.999414    215267036      1706.67
      29.615     0.999512    215287572      2048.00
      29.855     0.999561    215297928      2275.56
      30.143     0.999609    215308665      2560.00
      30.463     0.999658    215318848      2925.71
      30.879     0.999707    215329580      3413.33
      31.359     0.999756    215339869      4096.00
      31.647     0.999780    215345359      4551.11
      31.951     0.999805    215350527      5120.00
      32.303     0.999829    215355800      5851.43
      32.687     0.999854    215360915      6826.67
      33.151     0.999878    215366170      8192.00
      33.439     0.999890    215369006      9102.22
      33.759     0.999902    215371594     10240.00
      34.111     0.999915    215374247     11702.86
      34.495     0.999927    215376892     13653.33
      34.911     0.999939    215379369     16384.00
      35.199     0.999945    215380771     18204.44
      35.455     0.999951    215381935     20480.00
      35.807     0.999957    215383262     23405.71
      36.255     0.999963    215384625     27306.67
      36.767     0.999969    215385883     32768.00
      37.087     0.999973    215386549     36408.89
      37.471     0.999976    215387246     40960.00
      37.855     0.999979    215387863     46811.43
      38.335     0.999982    215388519     54613.33
      38.879     0.999985    215389168     65536.00
      39.199     0.999986    215389500     72817.78
      39.583     0.999988    215389830     81920.00
      40.063     0.999989    215390156     93622.86
      40.639     0.999991    215390480    109226.67
      41.311     0.999992    215390816    131072.00
      41.791     0.999993    215390975    145635.56
      42.303     0.999994    215391146    163840.00
      42.783     0.999995    215391304    187245.71
      43.551     0.999995    215391478    218453.33
      44.255     0.999996    215391631    262144.00
      44.895     0.999997    215391713    291271.11
      45.535     0.999997    215391797    327680.00
      46.207     0.999997    215391877    374491.43
      46.911     0.999998    215391963    436906.67
      47.615     0.999998    215392043    524288.00
      48.031     0.999998    215392083    582542.22
      48.607     0.999998    215392124    655360.00
      49.247     0.999999    215392165    748982.86
      50.111     0.999999    215392206    873813.33
      51.007     0.999999    215392246   1048576.00
      51.967     0.999999    215392267   1165084.44
      52.447     0.999999    215392287   1310720.00
      53.471     0.999999    215392309   1497965.71
      54.271     0.999999    215392328   1747626.67
      55.519     1.000000    215392350   2097152.00
      56.159     1.000000    215392360   2330168.89
      56.895     1.000000    215392370   2621440.00
      57.407     1.000000    215392381   2995931.43
      58.047     1.000000    215392390   3495253.33
      58.719     1.000000    215392400   4194304.00
      59.231     1.000000    215392408   4660337.78
      59.295     1.000000    215392410   5242880.00
      60.063     1.000000    215392416   5991862.86
      60.543     1.000000    215392422   6990506.67
      61.055     1.000000    215392426   8388608.00
      61.183     1.000000    215392428   9320675.55
      61.311     1.000000    215392431  10485760.00
      61.759     1.000000    215392434  11983725.71
      61.823     1.000000    215392436  13981013.34
      62.271     1.000000    215392439  16777216.00
      62.367     1.000000    215392440  18641351.10
      62.591     1.000000    215392441  20971519.98
      62.847     1.000000    215392443  23967451.45
      63.039     1.000000    215392444  27962026.68
      63.487     1.000000    215392445  33554432.00
      63.551     1.000000    215392446  37282702.28
      63.551     1.000000    215392446  41943039.96
      63.615     1.000000    215392447  47934902.91
      63.967     1.000000    215392448  55924053.19
      63.967     1.000000    215392448  67108864.00
      64.991     1.000000    215392449  74565404.57
      64.991     1.000000    215392449  83886080.31
      64.991     1.000000    215392449  95869805.31
      65.247     1.000000    215392450 111848106.39
      65.247     1.000000    215392450 134217728.00
      65.247     1.000000    215392450 149130807.90
      65.247     1.000000    215392450 167772160.62
      65.247     1.000000    215392450 191739610.61
      65.503     1.000000    215392451 223696215.56
      65.503     1.000000    215392451          inf
#[Mean    =        2.136, StdDeviation   =        3.913]
#[Max     =       65.472, Total count    =    215392451]
#[Buckets =           27, SubBuckets     =         2048]
----------------------------------------------------------
  215995961 requests in 60.00m, 30.58GB read
Requests/sec:  59998.88
Transfer/sec:      8.70MB
