Running 10m test @ http://localhost:9999/math/plus?x=1&y=2
  16 threads and 400 connections
  Thread calibration: mean lat.: 10.491ms, rate sampling interval: 12ms
  Thread calibration: mean lat.: 35.874ms, rate sampling interval: 29ms
  Thread calibration: mean lat.: 6.480ms, rate sampling interval: 12ms
  Thread calibration: mean lat.: 36.153ms, rate sampling interval: 29ms
  Thread calibration: mean lat.: 36.127ms, rate sampling interval: 29ms
  Thread calibration: mean lat.: 6.420ms, rate sampling interval: 10ms
  Thread calibration: mean lat.: 2.398ms, rate sampling interval: 10ms
  Thread calibration: mean lat.: 2.410ms, rate sampling interval: 10ms
  Thread calibration: mean lat.: 6.421ms, rate sampling interval: 11ms
  Thread calibration: mean lat.: 2.345ms, rate sampling interval: 10ms
  Thread calibration: mean lat.: 35.861ms, rate sampling interval: 28ms
  Thread calibration: mean lat.: 6.507ms, rate sampling interval: 12ms
  Thread calibration: mean lat.: 35.965ms, rate sampling interval: 29ms
  Thread calibration: mean lat.: 35.880ms, rate sampling interval: 29ms
  Thread calibration: mean lat.: 31.575ms, rate sampling interval: 24ms
  Thread calibration: mean lat.: 2.122ms, rate sampling interval: 10ms
  Thread Stats   Avg      Stdev     Max   +/- Stdev
    Latency     2.33ms    3.78ms  44.06ms   89.92%
    Req/Sec     1.96k   486.29     8.33k    77.39%
  Latency Distribution (HdrHistogram - Recorded Latency)
 50.000%    1.15ms
 75.000%    1.62ms
 90.000%    6.20ms
 99.000%   18.70ms
 99.900%   24.75ms
 99.990%   30.46ms
 99.999%   35.74ms
100.000%   44.10ms

  Detailed Percentile spectrum:
       Value   Percentile   TotalCount 1/(1-Percentile)

       0.061     0.000000            1         1.00
       0.461     0.100000      1777254         1.11
       0.659     0.200000      3543317         1.25
       0.835     0.300000      5317794         1.43
       0.998     0.400000      7080763         1.67
       1.154     0.500000      8856240         2.00
       1.232     0.550000      9739530         2.22
       1.314     0.600000     10625041         2.50
       1.402     0.650000     11509029         2.86
       1.501     0.700000     12387352         3.33
       1.622     0.750000     13272334         4.00
       1.697     0.775000     13715911         4.44
       1.791     0.800000     14158578         5.00
       1.924     0.825000     14601172         5.71
       2.167     0.850000     15043437         6.67
       3.417     0.875000     15484405         8.00
       4.839     0.887500     15705871         8.89
       6.195     0.900000     15926828        10.00
       7.467     0.912500     16148223        11.43
       8.903     0.925000     16369338        13.33
      10.447     0.937500     16591054        16.00
      11.223     0.943750     16701315        17.78
      11.983     0.950000     16811761        20.00
      12.767     0.956250     16922538        22.86
      13.615     0.962500     17032692        26.67
      14.527     0.968750     17143807        32.00
      14.999     0.971875     17198789        35.56
      15.495     0.975000     17254127        40.00
      16.031     0.978125     17309579        45.71
      16.623     0.981250     17364837        53.33
      17.279     0.984375     17419873        64.00
      17.647     0.985938     17448203        71.11
      18.031     0.987500     17475984        80.00
      18.431     0.989062     17502840        91.43
      18.895     0.990625     17530944       106.67
      19.423     0.992188     17558607       128.00
      19.711     0.992969     17571825       142.22
      20.047     0.993750     17585844       160.00
      20.415     0.994531     17599530       182.86
      20.847     0.995313     17613722       213.33
      21.327     0.996094     17627140       256.00
      21.615     0.996484     17634216       284.44
      21.919     0.996875     17641084       320.00
      22.255     0.997266     17647998       365.71
      22.639     0.997656     17654866       426.67
      23.103     0.998047     17661697       512.00
      23.375     0.998242     17665302       568.89
      23.663     0.998437     17668648       640.00
      23.983     0.998633     17672056       731.43
      24.351     0.998828     17675490       853.33
      24.815     0.999023     17678998      1024.00
      25.071     0.999121     17680724      1137.78
      25.359     0.999219     17682417      1280.00
      25.727     0.999316     17684163      1462.86
      26.143     0.999414     17685874      1706.67
      26.607     0.999512     17687607      2048.00
      26.863     0.999561     17688466      2275.56
      27.151     0.999609     17689313      2560.00
      27.471     0.999658     17690196      2925.71
      27.823     0.999707     17691067      3413.33
      28.255     0.999756     17691911      4096.00
      28.511     0.999780     17692343      4551.11
      28.783     0.999805     17692786      5120.00
      29.087     0.999829     17693197      5851.43
      29.487     0.999854     17693623      6826.67
      29.967     0.999878     17694064      8192.00
      30.191     0.999890     17694270      9102.22
      30.527     0.999902     17694491     10240.00
      30.895     0.999915     17694711     11702.86
      31.279     0.999927     17694921     13653.33
      31.791     0.999939     17695144     16384.00
      32.079     0.999945     17695245     18204.44
      32.399     0.999951     17695350     20480.00
      32.719     0.999957     17695458     23405.71
      33.119     0.999963     17695572     27306.67
      33.535     0.999969     17695675     32768.00
      33.759     0.999973     17695728     36408.89
      34.047     0.999976     17695784     40960.00
      34.271     0.999979     17695839     46811.43
      34.559     0.999982     17695890     54613.33
      34.943     0.999985     17695944     65536.00
      35.199     0.999986     17695971     72817.78
      35.423     0.999988     17696000     81920.00
      35.615     0.999989     17696026     93622.86
      35.871     0.999991     17696052    109226.67
      36.255     0.999992     17696079    131072.00
      36.511     0.999993     17696096    145635.56
      36.671     0.999994     17696108    163840.00
      36.863     0.999995     17696120    187245.71
      37.119     0.999995     17696133    218453.33
      37.471     0.999996     17696147    262144.00
      37.631     0.999997     17696155    291271.11
      37.727     0.999997     17696160    327680.00
      38.047     0.999997     17696167    374491.43
      38.367     0.999998     17696174    436906.67
      38.751     0.999998     17696181    524288.00
      38.975     0.999998     17696184    582542.22
      39.231     0.999998     17696187    655360.00
      39.295     0.999999     17696191    748982.86
      39.359     0.999999     17696194    873813.33
      39.487     0.999999     17696198   1048576.00
      39.519     0.999999     17696199   1165084.44
      39.807     0.999999     17696201   1310720.00
      40.191     0.999999     17696203   1497965.71
      40.319     0.999999     17696204   1747626.67
      40.767     1.000000     17696206   2097152.00
      41.311     1.000000     17696208   2330168.89
      41.311     1.000000     17696208   2621440.00
      41.631     1.000000     17696209   2995931.43
      41.631     1.000000     17696209   3495253.33
      41.727     1.000000     17696210   4194304.00
      42.015     1.000000     17696211   4660337.78
      42.015     1.000000     17696211   5242880.00
      42.687     1.000000     17696212   5991862.86
      42.687     1.000000     17696212   6990506.67
      42.687     1.000000     17696212   8388608.00
      43.839     1.000000     17696213   9320675.55
      43.839     1.000000     17696213  10485760.00
      43.839     1.000000     17696213  11983725.71
      43.839     1.000000     17696213  13981013.34
      43.839     1.000000     17696213  16777216.00
      44.095     1.000000     17696214  18641351.10
      44.095     1.000000     17696214          inf
#[Mean    =        2.330, StdDeviation   =        3.776]
#[Max     =       44.064, Total count    =     17696214]
#[Buckets =           27, SubBuckets     =         2048]
----------------------------------------------------------
  17996288 requests in 10.00m, 2.55GB read
Requests/sec:  29993.74
Transfer/sec:      4.35MB
