Running 10m test @ http://localhost:9999/math/plus?x=1&y=2
  16 threads and 400 connections
  Thread calibration: mean lat.: 19.821ms, rate sampling interval: 29ms
  Thread calibration: mean lat.: 20.023ms, rate sampling interval: 28ms
  Thread calibration: mean lat.: 15.403ms, rate sampling interval: 25ms
  Thread calibration: mean lat.: 11.429ms, rate sampling interval: 21ms
  Thread calibration: mean lat.: 15.804ms, rate sampling interval: 25ms
  Thread calibration: mean lat.: 11.459ms, rate sampling interval: 21ms
  Thread calibration: mean lat.: 3.056ms, rate sampling interval: 12ms
  Thread calibration: mean lat.: 11.463ms, rate sampling interval: 21ms
  Thread calibration: mean lat.: 3.054ms, rate sampling interval: 12ms
  Thread calibration: mean lat.: 7.304ms, rate sampling interval: 17ms
  Thread calibration: mean lat.: 19.721ms, rate sampling interval: 28ms
  Thread calibration: mean lat.: 3.084ms, rate sampling interval: 13ms
  Thread calibration: mean lat.: 7.346ms, rate sampling interval: 17ms
  Thread calibration: mean lat.: 7.067ms, rate sampling interval: 16ms
  Thread calibration: mean lat.: 15.540ms, rate sampling interval: 25ms
  Thread calibration: mean lat.: 19.864ms, rate sampling interval: 28ms
  Thread Stats   Avg      Stdev     Max   +/- Stdev
    Latency     3.63ms    6.36ms  45.70ms   88.25%
    Req/Sec     3.22k   548.52    10.27k    83.30%
  Latency Distribution (HdrHistogram - Recorded Latency)
 50.000%    1.31ms
 75.000%    1.95ms
 90.000%   12.85ms
 99.000%   27.49ms
 99.900%   32.51ms
 99.990%   36.48ms
 99.999%   40.35ms
100.000%   45.73ms

  Detailed Percentile spectrum:
       Value   Percentile   TotalCount 1/(1-Percentile)

       0.065     0.000000            1         1.00
       0.495     0.100000      2953354         1.11
       0.731     0.200000      5909735         1.25
       0.930     0.300000      8857174         1.43
       1.116     0.400000     11811386         1.67
       1.307     0.500000     14757085         2.00
       1.408     0.550000     16226389         2.22
       1.517     0.600000     17701085         2.50
       1.638     0.650000     19179182         2.86
       1.778     0.700000     20649735         3.33
       1.953     0.750000     22122700         4.00
       2.075     0.775000     22861901         4.44
       2.271     0.800000     23598301         5.00
       2.821     0.825000     24333047         5.71
       5.111     0.850000     25069686         6.67
       8.775     0.875000     25807271         8.00
      10.807     0.887500     26175917         8.89
      12.847     0.900000     26544487        10.00
      15.079     0.912500     26913781        11.43
      17.215     0.925000     27283371        13.33
      19.199     0.937500     27651218        16.00
      20.207     0.943750     27837465        17.78
      21.199     0.950000     28021567        20.00
      22.191     0.956250     28205817        22.86
      23.247     0.962500     28388975        26.67
      24.255     0.968750     28572093        32.00
      24.735     0.971875     28666736        35.56
      25.183     0.975000     28759539        40.00
      25.599     0.978125     28849216        45.71
      26.031     0.981250     28942865        53.33
      26.479     0.984375     29035533        64.00
      26.719     0.985938     29081083        71.11
      26.975     0.987500     29125700        80.00
      27.279     0.989062     29172650        91.43
      27.631     0.990625     29217652       106.67
      28.079     0.992188     29263246       128.00
      28.367     0.992969     29286934       142.22
      28.703     0.993750     29310001       160.00
      29.087     0.994531     29332415       182.86
      29.551     0.995313     29355863       213.33
      30.047     0.996094     29378521       256.00
      30.319     0.996484     29390571       284.44
      30.575     0.996875     29401931       320.00
      30.847     0.997266     29413453       365.71
      31.135     0.997656     29424943       426.67
      31.455     0.998047     29436325       512.00
      31.631     0.998242     29442030       568.89
      31.823     0.998437     29447914       640.00
      32.031     0.998633     29453570       731.43
      32.271     0.998828     29459274       853.33
      32.543     0.999023     29464905      1024.00
      32.703     0.999121     29467777      1137.78
      32.895     0.999219     29470935      1280.00
      33.087     0.999316     29473659      1462.86
      33.343     0.999414     29476680      1706.67
      33.599     0.999512     29479349      2048.00
      33.791     0.999561     29480904      2275.56
      33.983     0.999609     29482287      2560.00
      34.207     0.999658     29483680      2925.71
      34.463     0.999707     29485047      3413.33
      34.815     0.999756     29486450      4096.00
      35.039     0.999780     29487184      4551.11
      35.295     0.999805     29487958      5120.00
      35.551     0.999829     29488671      5851.43
      35.839     0.999854     29489383      6826.67
      36.159     0.999878     29490093      8192.00
      36.319     0.999890     29490418      9102.22
      36.543     0.999902     29490808     10240.00
      36.767     0.999915     29491158     11702.86
      36.991     0.999927     29491502     13653.33
      37.279     0.999939     29491850     16384.00
      37.471     0.999945     29492050     18204.44
      37.631     0.999951     29492210     20480.00
      37.887     0.999957     29492394     23405.71
      38.143     0.999963     29492571     27306.67
      38.463     0.999969     29492756     32768.00
      38.623     0.999973     29492844     36408.89
      38.879     0.999976     29492935     40960.00
      39.103     0.999979     29493027     46811.43
      39.359     0.999982     29493113     54613.33
      39.679     0.999985     29493201     65536.00
      39.807     0.999986     29493247     72817.78
      39.999     0.999988     29493291     81920.00
      40.191     0.999989     29493341     93622.86
      40.511     0.999991     29493391    109226.67
      40.767     0.999992     29493426    131072.00
      40.863     0.999993     29493449    145635.56
      41.119     0.999994     29493473    163840.00
      41.311     0.999995     29493493    187245.71
      41.663     0.999995     29493517    218453.33
      41.919     0.999996     29493541    262144.00
      41.983     0.999997     29493549    291271.11
      42.143     0.999997     29493562    327680.00
      42.303     0.999997     29493572    374491.43
      42.591     0.999998     29493584    436906.67
      42.815     0.999998     29493595    524288.00
      42.943     0.999998     29493601    582542.22
      43.071     0.999998     29493606    655360.00
      43.359     0.999999     29493613    748982.86
      43.487     0.999999     29493617    873813.33
      43.551     0.999999     29493622   1048576.00
      43.615     0.999999     29493625   1165084.44
      43.711     0.999999     29493629   1310720.00
      43.743     0.999999     29493631   1497965.71
      43.807     0.999999     29493635   1747626.67
      43.839     1.000000     29493636   2097152.00
      43.967     1.000000     29493640   2330168.89
      43.967     1.000000     29493640   2621440.00
      43.999     1.000000     29493642   2995931.43
      43.999     1.000000     29493642   3495253.33
      44.031     1.000000     29493644   4194304.00
      44.031     1.000000     29493644   4660337.78
      44.127     1.000000     29493645   5242880.00
      44.415     1.000000     29493646   5991862.86
      44.415     1.000000     29493646   6990506.67
      44.639     1.000000     29493647   8388608.00
      44.639     1.000000     29493647   9320675.55
      45.343     1.000000     29493648  10485760.00
      45.343     1.000000     29493648  11983725.71
      45.343     1.000000     29493648  13981013.34
      45.727     1.000000     29493650  16777216.00
      45.727     1.000000     29493650          inf
#[Mean    =        3.630, StdDeviation   =        6.360]
#[Max     =       45.696, Total count    =     29493650]
#[Buckets =           27, SubBuckets     =         2048]
----------------------------------------------------------
  29996916 requests in 10.00m, 4.25GB read
Requests/sec:  49994.93
Transfer/sec:      7.25MB
