Running 10m test @ http://localhost:9999/math/plus?x=1&y=2
  16 threads and 400 connections
  Thread calibration: mean lat.: 53.667ms, rate sampling interval: 59ms
  Thread calibration: mean lat.: 51.292ms, rate sampling interval: 34ms
  Thread calibration: mean lat.: 63.886ms, rate sampling interval: 247ms
  Thread calibration: mean lat.: 73.860ms, rate sampling interval: 470ms
  Thread calibration: mean lat.: 43.633ms, rate sampling interval: 32ms
  Thread calibration: mean lat.: 62.527ms, rate sampling interval: 246ms
  Thread calibration: mean lat.: 18.949ms, rate sampling interval: 18ms
  Thread calibration: mean lat.: 51.037ms, rate sampling interval: 34ms
  Thread calibration: mean lat.: 62.841ms, rate sampling interval: 244ms
  Thread calibration: mean lat.: 58.085ms, rate sampling interval: 143ms
  Thread calibration: mean lat.: 67.215ms, rate sampling interval: 126ms
  Thread calibration: mean lat.: 27.664ms, rate sampling interval: 23ms
  Thread calibration: mean lat.: 60.344ms, rate sampling interval: 243ms
  Thread calibration: mean lat.: 32.256ms, rate sampling interval: 25ms
  Thread calibration: mean lat.: 66.082ms, rate sampling interval: 393ms
  Thread calibration: mean lat.: 50.222ms, rate sampling interval: 35ms
  Thread Stats   Avg      Stdev     Max   +/- Stdev
    Latency     2.68ms    3.85ms  46.94ms   90.14%
    Req/Sec     1.91k   325.01     5.50k    77.40%
  Latency Distribution (HdrHistogram - Recorded Latency)
 50.000%    1.49ms
 75.000%    2.24ms
 90.000%    6.36ms
 99.000%   19.06ms
 99.900%   25.44ms
 99.990%   32.40ms
 99.999%   38.69ms
100.000%   46.97ms

  Detailed Percentile spectrum:
       Value   Percentile   TotalCount 1/(1-Percentile)

       0.065     0.000000            1         1.00
       0.576     0.100000      1770391         1.11
       0.829     0.200000      3542718         1.25
       1.052     0.300000      5313186         1.43
       1.263     0.400000      7082236         1.67
       1.490     0.500000      8854789         2.00
       1.611     0.550000      9740033         2.22
       1.740     0.600000     10618763         2.50
       1.882     0.650000     11508532         2.86
       2.043     0.700000     12392598         3.33
       2.237     0.750000     13272789         4.00
       2.359     0.775000     13719174         4.44
       2.507     0.800000     14159464         5.00
       2.703     0.825000     14600913         5.71
       3.011     0.850000     15044194         6.67
       3.753     0.875000     15484977         8.00
       4.883     0.887500     15705927         8.89
       6.359     0.900000     15927389        10.00
       7.943     0.912500     16148292        11.43
       9.471     0.925000     16370160        13.33
      10.983     0.937500     16591776        16.00
      11.735     0.943750     16701497        17.78
      12.519     0.950000     16812137        20.00
      13.343     0.956250     16923000        22.86
      14.239     0.962500     17033616        26.67
      15.111     0.968750     17144300        32.00
      15.559     0.971875     17199206        35.56
      16.039     0.975000     17254909        40.00
      16.543     0.978125     17309669        45.71
      17.103     0.981250     17365067        53.33
      17.711     0.984375     17420433        64.00
      18.047     0.985938     17448515        71.11
      18.399     0.987500     17475549        80.00
      18.799     0.989062     17503715        91.43
      19.247     0.990625     17531420       106.67
      19.743     0.992188     17558443       128.00
      20.031     0.992969     17572572       142.22
      20.351     0.993750     17586482       160.00
      20.703     0.994531     17600377       182.86
      21.103     0.995313     17614164       213.33
      21.567     0.996094     17627559       256.00
      21.855     0.996484     17634698       284.44
      22.159     0.996875     17641507       320.00
      22.511     0.997266     17648417       365.71
      22.927     0.997656     17655395       426.67
      23.407     0.998047     17662089       512.00
      23.727     0.998242     17665668       568.89
      24.063     0.998437     17669005       640.00
      24.463     0.998633     17672475       731.43
      24.959     0.998828     17675997       853.33
      25.519     0.999023     17679454      1024.00
      25.871     0.999121     17681146      1137.78
      26.255     0.999219     17682869      1280.00
      26.687     0.999316     17684601      1462.86
      27.183     0.999414     17686305      1706.67
      27.855     0.999512     17688030      2048.00
      28.223     0.999561     17688899      2275.56
      28.591     0.999609     17689745      2560.00
      29.055     0.999658     17690614      2925.71
      29.503     0.999707     17691467      3413.33
      30.079     0.999756     17692330      4096.00
      30.399     0.999780     17692760      4551.11
      30.735     0.999805     17693198      5120.00
      31.103     0.999829     17693633      5851.43
      31.503     0.999854     17694057      6826.67
      31.935     0.999878     17694492      8192.00
      32.191     0.999890     17694712      9102.22
      32.479     0.999902     17694925     10240.00
      32.831     0.999915     17695143     11702.86
      33.183     0.999927     17695350     13653.33
      33.599     0.999939     17695574     16384.00
      33.919     0.999945     17695677     18204.44
      34.303     0.999951     17695791     20480.00
      34.527     0.999957     17695892     23405.71
      34.847     0.999963     17696001     27306.67
      35.231     0.999969     17696108     32768.00
      35.519     0.999973     17696162     36408.89
      35.903     0.999976     17696219     40960.00
      36.351     0.999979     17696271     46811.43
      36.735     0.999982     17696321     54613.33
      37.407     0.999985     17696376     65536.00
      37.727     0.999986     17696403     72817.78
      38.239     0.999988     17696429     81920.00
      38.559     0.999989     17696457     93622.86
      38.783     0.999991     17696485    109226.67
      39.551     0.999992     17696510    131072.00
      39.775     0.999993     17696527    145635.56
      39.871     0.999994     17696538    163840.00
      40.063     0.999995     17696553    187245.71
      40.319     0.999995     17696564    218453.33
      40.799     0.999996     17696579    262144.00
      41.023     0.999997     17696585    291271.11
      41.503     0.999997     17696591    327680.00
      41.919     0.999997     17696599    374491.43
      42.303     0.999998     17696605    436906.67
      43.199     0.999998     17696612    524288.00
      43.327     0.999998     17696615    582542.22
      43.551     0.999998     17696619    655360.00
      43.711     0.999999     17696622    748982.86
      43.743     0.999999     17696625    873813.33
      43.871     0.999999     17696630   1048576.00
      43.871     0.999999     17696630   1165084.44
      44.415     0.999999     17696632   1310720.00
      44.543     0.999999     17696634   1497965.71
      44.607     0.999999     17696635   1747626.67
      44.735     1.000000     17696637   2097152.00
      44.799     1.000000     17696638   2330168.89
      44.831     1.000000     17696639   2621440.00
      44.895     1.000000     17696640   2995931.43
      44.895     1.000000     17696640   3495253.33
      45.183     1.000000     17696641   4194304.00
      45.407     1.000000     17696642   4660337.78
      45.407     1.000000     17696642   5242880.00
      46.463     1.000000     17696643   5991862.86
      46.463     1.000000     17696643   6990506.67
      46.463     1.000000     17696643   8388608.00
      46.847     1.000000     17696644   9320675.55
      46.847     1.000000     17696644  10485760.00
      46.847     1.000000     17696644  11983725.71
      46.847     1.000000     17696644  13981013.34
      46.847     1.000000     17696644  16777216.00
      46.975     1.000000     17696645  18641351.10
      46.975     1.000000     17696645          inf
#[Mean    =        2.683, StdDeviation   =        3.845]
#[Max     =       46.944, Total count    =     17696645]
#[Buckets =           27, SubBuckets     =         2048]
----------------------------------------------------------
  17997520 requests in 10.00m, 2.55GB read
Requests/sec:  29995.85
Transfer/sec:      4.35MB
