Running 10m test @ http://localhost:9999/math/plus?x=1&y=2
  16 threads and 400 connections
  Thread calibration: mean lat.: 6.034ms, rate sampling interval: 10ms
  Thread calibration: mean lat.: 34.385ms, rate sampling interval: 15ms
  Thread calibration: mean lat.: 34.366ms, rate sampling interval: 15ms
  Thread calibration: mean lat.: 1.761ms, rate sampling interval: 10ms
  Thread calibration: mean lat.: 34.360ms, rate sampling interval: 15ms
  Thread calibration: mean lat.: 34.369ms, rate sampling interval: 15ms
  Thread calibration: mean lat.: 1.639ms, rate sampling interval: 10ms
  Thread calibration: mean lat.: 1.840ms, rate sampling interval: 10ms
  Thread calibration: mean lat.: 1.851ms, rate sampling interval: 10ms
  Thread calibration: mean lat.: 1.947ms, rate sampling interval: 10ms
  Thread calibration: mean lat.: 47.801ms, rate sampling interval: 24ms
  Thread calibration: mean lat.: 47.667ms, rate sampling interval: 24ms
  Thread calibration: mean lat.: 6.004ms, rate sampling interval: 10ms
  Thread calibration: mean lat.: 51.290ms, rate sampling interval: 34ms
  Thread calibration: mean lat.: 34.446ms, rate sampling interval: 15ms
  Thread calibration: mean lat.: 23.155ms, rate sampling interval: 10ms
  Thread Stats   Avg      Stdev     Max   +/- Stdev
    Latency     1.81ms    2.38ms  37.06ms   93.40%
    Req/Sec     1.96k   475.67     8.33k    72.95%
  Latency Distribution (HdrHistogram - Recorded Latency)
 50.000%    1.22ms
 75.000%    1.81ms
 90.000%    2.73ms
 99.000%   13.74ms
 99.900%   19.85ms
 99.990%   25.57ms
 99.999%   30.96ms
100.000%   37.09ms

  Detailed Percentile spectrum:
       Value   Percentile   TotalCount 1/(1-Percentile)

       0.061     0.000000            1         1.00
       0.464     0.100000      1776615         1.11
       0.680     0.200000      3546500         1.25
       0.872     0.300000      5310778         1.43
       1.050     0.400000      7080652         1.67
       1.223     0.500000      8849252         2.00
       1.316     0.550000      9740288         2.22
       1.415     0.600000     10618945         2.50
       1.528     0.650000     11509446         2.86
       1.657     0.700000     12391987         3.33
       1.811     0.750000     13275008         4.00
       1.903     0.775000     13717777         4.44
       2.007     0.800000     14160601         5.00
       2.129     0.825000     14605946         5.71
       2.273     0.850000     15045058         6.67
       2.455     0.875000     15486766         8.00
       2.573     0.887500     15706373         8.89
       2.727     0.900000     15927850        10.00
       2.965     0.912500     16148998        11.43
       3.451     0.925000     16369234        13.33
       4.579     0.937500     16590333        16.00
       5.367     0.943750     16701245        17.78
       6.207     0.950000     16811593        20.00
       7.071     0.956250     16922096        22.86
       7.971     0.962500     17032902        26.67
       8.983     0.968750     17144081        32.00
       9.519     0.971875     17199018        35.56
      10.087     0.975000     17254469        40.00
      10.687     0.978125     17309658        45.71
      11.359     0.981250     17364481        53.33
      12.103     0.984375     17419893        64.00
      12.495     0.985938     17447579        71.11
      12.927     0.987500     17475272        80.00
      13.415     0.989062     17502949        91.43
      13.967     0.990625     17530535       106.67
      14.567     0.992188     17558351       128.00
      14.887     0.992969     17572083       142.22
      15.223     0.993750     17585789       160.00
      15.591     0.994531     17599524       182.86
      16.007     0.995313     17613367       213.33
      16.495     0.996094     17627215       256.00
      16.783     0.996484     17634443       284.44
      17.071     0.996875     17641006       320.00
      17.407     0.997266     17647898       365.71
      17.807     0.997656     17655015       426.67
      18.255     0.998047     17661789       512.00
      18.527     0.998242     17665351       568.89
      18.799     0.998437     17668682       640.00
      19.103     0.998633     17672087       731.43
      19.487     0.998828     17675645       853.33
      19.919     0.999023     17679103      1024.00
      20.159     0.999121     17680756      1137.78
      20.447     0.999219     17682461      1280.00
      20.751     0.999316     17684186      1462.86
      21.135     0.999414     17685966      1706.67
      21.567     0.999512     17687641      2048.00
      21.839     0.999561     17688548      2275.56
      22.127     0.999609     17689412      2560.00
      22.431     0.999658     17690238      2925.71
      22.815     0.999707     17691116      3413.33
      23.263     0.999756     17691972      4096.00
      23.519     0.999780     17692415      4551.11
      23.791     0.999805     17692833      5120.00
      24.143     0.999829     17693259      5851.43
      24.575     0.999854     17693704      6826.67
      25.087     0.999878     17694130      8192.00
      25.327     0.999890     17694348      9102.22
      25.615     0.999902     17694559     10240.00
      25.935     0.999915     17694771     11702.86
      26.351     0.999927     17694986     13653.33
      26.895     0.999939     17695205     16384.00
      27.199     0.999945     17695317     18204.44
      27.519     0.999951     17695419     20480.00
      27.919     0.999957     17695525     23405.71
      28.287     0.999963     17695636     27306.67
      28.783     0.999969     17695744     32768.00
      29.007     0.999973     17695799     36408.89
      29.311     0.999976     17695849     40960.00
      29.599     0.999979     17695904     46811.43
      29.855     0.999982     17695957     54613.33
      30.255     0.999985     17696011     65536.00
      30.527     0.999986     17696038     72817.78
      30.687     0.999988     17696068     81920.00
      30.879     0.999989     17696092     93622.86
      31.103     0.999991     17696119    109226.67
      31.519     0.999992     17696146    131072.00
      31.695     0.999993     17696161    145635.56
      31.871     0.999994     17696178    163840.00
      31.999     0.999995     17696187    187245.71
      32.207     0.999995     17696200    218453.33
      32.591     0.999996     17696214    262144.00
      32.799     0.999997     17696221    291271.11
      32.895     0.999997     17696228    327680.00
      33.151     0.999997     17696234    374491.43
      33.311     0.999998     17696242    436906.67
      33.375     0.999998     17696249    524288.00
      33.503     0.999998     17696251    582542.22
      33.599     0.999998     17696254    655360.00
      33.695     0.999999     17696259    748982.86
      33.887     0.999999     17696262    873813.33
      34.239     0.999999     17696265   1048576.00
      34.463     0.999999     17696266   1165084.44
      35.007     0.999999     17696269   1310720.00
      35.327     0.999999     17696270   1497965.71
      35.359     0.999999     17696271   1747626.67
      35.487     1.000000     17696273   2097152.00
      35.583     1.000000     17696274   2330168.89
      35.711     1.000000     17696275   2621440.00
      36.031     1.000000     17696276   2995931.43
      36.031     1.000000     17696276   3495253.33
      36.223     1.000000     17696277   4194304.00
      36.511     1.000000     17696278   4660337.78
      36.511     1.000000     17696278   5242880.00
      36.863     1.000000     17696279   5991862.86
      36.863     1.000000     17696279   6990506.67
      36.863     1.000000     17696279   8388608.00
      36.927     1.000000     17696280   9320675.55
      36.927     1.000000     17696280  10485760.00
      36.927     1.000000     17696280  11983725.71
      36.927     1.000000     17696280  13981013.34
      36.927     1.000000     17696280  16777216.00
      37.087     1.000000     17696281  18641351.10
      37.087     1.000000     17696281          inf
#[Mean    =        1.808, StdDeviation   =        2.375]
#[Max     =       37.056, Total count    =     17696281]
#[Buckets =           27, SubBuckets     =         2048]
----------------------------------------------------------
  17996410 requests in 10.00m, 2.55GB read
Requests/sec:  29994.04
Transfer/sec:      4.35MB
