Running 10m test @ http://localhost:9999/math/plus?x=1&y=2
  16 threads and 400 connections
  Thread calibration: mean lat.: 1.547ms, rate sampling interval: 10ms
  Thread calibration: mean lat.: 47.705ms, rate sampling interval: 25ms
  Thread calibration: mean lat.: 27.436ms, rate sampling interval: 10ms
  Thread calibration: mean lat.: 63.473ms, rate sampling interval: 364ms
  Thread calibration: mean lat.: 17.883ms, rate sampling interval: 10ms
  Thread calibration: mean lat.: 22.067ms, rate sampling interval: 10ms
  Thread calibration: mean lat.: 68.046ms, rate sampling interval: 474ms
  Thread calibration: mean lat.: 13.902ms, rate sampling interval: 10ms
  Thread calibration: mean lat.: 22.884ms, rate sampling interval: 10ms
  Thread calibration: mean lat.: 30.303ms, rate sampling interval: 10ms
  Thread calibration: mean lat.: 1.712ms, rate sampling interval: 10ms
  Thread calibration: mean lat.: 59.765ms, rate sampling interval: 250ms
  Thread calibration: mean lat.: 1.690ms, rate sampling interval: 10ms
  Thread calibration: mean lat.: 56.389ms, rate sampling interval: 129ms
  Thread calibration: mean lat.: 27.393ms, rate sampling interval: 10ms
  Thread calibration: mean lat.: 1.561ms, rate sampling interval: 10ms
  Thread Stats   Avg      Stdev     Max   +/- Stdev
    Latency     1.65ms    1.82ms  46.37ms   96.18%
    Req/Sec     3.29k   501.89    10.44k    79.57%
  Latency Distribution (HdrHistogram - Recorded Latency)
 50.000%    1.37ms
 75.000%    1.97ms
 90.000%    2.59ms
 99.000%   10.32ms
 99.900%   21.93ms
 99.990%   29.77ms
 99.999%   36.00ms
100.000%   46.40ms

  Detailed Percentile spectrum:
       Value   Percentile   TotalCount 1/(1-Percentile)

       0.061     0.000000            1         1.00
       0.498     0.100000      2951285         1.11
       0.742     0.200000      5899347         1.25
       0.962     0.300000      8852937         1.43
       1.166     0.400000     11799073         1.67
       1.367     0.500000     14760500         2.00
       1.470     0.550000     16232461         2.22
       1.578     0.600000     17700447         2.50
       1.695     0.650000     19176095         2.86
       1.823     0.700000     20652110         3.33
       1.967     0.750000     22120446         4.00
       2.047     0.775000     22859990         4.44
       2.133     0.800000     23595577         5.00
       2.229     0.825000     24343916         5.71
       2.333     0.850000     25077865         6.67
       2.451     0.875000     25814475         8.00
       2.517     0.887500     26180037         8.89
       2.591     0.900000     26549559        10.00
       2.675     0.912500     26917034        11.43
       2.777     0.925000     27287133        13.33
       2.911     0.937500     27654902        16.00
       2.997     0.943750     27835635        17.78
       3.111     0.950000     28021518        20.00
       3.269     0.956250     28204387        22.86
       3.515     0.962500     28388674        26.67
       3.877     0.968750     28572056        32.00
       4.131     0.971875     28664335        35.56
       4.499     0.975000     28756999        40.00
       5.047     0.978125     28848558        45.71
       5.843     0.981250     28940906        53.33
       7.107     0.984375     29032984        64.00
       7.835     0.985938     29079000        71.11
       8.487     0.987500     29125397        80.00
       9.503     0.989062     29171268        91.43
      10.927     0.990625     29217411       106.67
      12.183     0.992188     29263459       128.00
      12.911     0.992969     29286464       142.22
      13.847     0.993750     29309521       160.00
      14.863     0.994531     29332490       182.86
      15.839     0.995313     29355648       213.33
      16.863     0.996094     29378773       256.00
      17.391     0.996484     29390172       284.44
      17.951     0.996875     29401801       320.00
      18.527     0.997266     29413354       365.71
      19.119     0.997656     29424604       426.67
      19.775     0.998047     29436256       512.00
      20.127     0.998242     29441973       568.89
      20.527     0.998437     29447748       640.00
      20.959     0.998633     29453456       731.43
      21.455     0.998828     29459319       853.33
      21.999     0.999023     29464979      1024.00
      22.303     0.999121     29467913      1137.78
      22.639     0.999219     29470793      1280.00
      22.991     0.999316     29473597      1462.86
      23.407     0.999414     29476492      1706.67
      23.903     0.999512     29479371      2048.00
      24.207     0.999561     29480756      2275.56
      24.575     0.999609     29482208      2560.00
      25.023     0.999658     29483658      2925.71
      25.567     0.999707     29485102      3413.33
      26.367     0.999756     29486519      4096.00
      26.895     0.999780     29487263      4551.11
      27.391     0.999805     29487969      5120.00
      27.935     0.999829     29488688      5851.43
      28.575     0.999854     29489405      6826.67
      29.247     0.999878     29490136      8192.00
      29.535     0.999890     29490482      9102.22
      29.855     0.999902     29490847     10240.00
      30.207     0.999915     29491196     11702.86
      30.559     0.999927     29491558     13653.33
      31.007     0.999939     29491920     16384.00
      31.263     0.999945     29492097     18204.44
      31.535     0.999951     29492281     20480.00
      31.887     0.999957     29492457     23405.71
      32.271     0.999963     29492638     27306.67
      32.799     0.999969     29492820     32768.00
      33.055     0.999973     29492909     36408.89
      33.471     0.999976     29492999     40960.00
      33.791     0.999979     29493087     46811.43
      34.143     0.999982     29493175     54613.33
      34.591     0.999985     29493264     65536.00
      34.975     0.999986     29493315     72817.78
      35.327     0.999988     29493355     81920.00
      35.775     0.999989     29493400     93622.86
      36.223     0.999991     29493445    109226.67
      36.703     0.999992     29493489    131072.00
      37.023     0.999993     29493513    145635.56
      37.279     0.999994     29493534    163840.00
      37.983     0.999995     29493558    187245.71
      38.399     0.999995     29493582    218453.33
      38.783     0.999996     29493602    262144.00
      39.551     0.999997     29493614    291271.11
      39.967     0.999997     29493624    327680.00
      40.287     0.999997     29493636    374491.43
      40.607     0.999998     29493647    436906.67
      41.343     0.999998     29493660    524288.00
      41.503     0.999998     29493665    582542.22
      41.599     0.999998     29493669    655360.00
      42.207     0.999999     29493675    748982.86
      42.591     0.999999     29493681    873813.33
      42.943     0.999999     29493687   1048576.00
      42.975     0.999999     29493689   1165084.44
      43.935     0.999999     29493692   1310720.00
      44.159     0.999999     29493695   1497965.71
      44.703     0.999999     29493698   1747626.67
      45.119     1.000000     29493701   2097152.00
      45.151     1.000000     29493702   2330168.89
      45.311     1.000000     29493703   2621440.00
      45.567     1.000000     29493706   2995931.43
      45.567     1.000000     29493706   3495253.33
      45.855     1.000000     29493707   4194304.00
      45.951     1.000000     29493708   4660337.78
      46.079     1.000000     29493709   5242880.00
      46.111     1.000000     29493710   5991862.86
      46.111     1.000000     29493710   6990506.67
      46.207     1.000000     29493711   8388608.00
      46.207     1.000000     29493711   9320675.55
      46.271     1.000000     29493712  10485760.00
      46.271     1.000000     29493712  11983725.71
      46.271     1.000000     29493712  13981013.34
      46.367     1.000000     29493713  16777216.00
      46.367     1.000000     29493713  18641351.10
      46.367     1.000000     29493713  20971519.98
      46.367     1.000000     29493713  23967451.45
      46.367     1.000000     29493713  27962026.68
      46.399     1.000000     29493714  33554432.00
      46.399     1.000000     29493714          inf
#[Mean    =        1.654, StdDeviation   =        1.824]
#[Max     =       46.368, Total count    =     29493714]
#[Buckets =           27, SubBuckets     =         2048]
----------------------------------------------------------
  29996682 requests in 10.00m, 4.25GB read
Requests/sec:  49994.55
Transfer/sec:      7.25MB
