Running 60m test @ http://localhost:9999/math/plus?x=1&y=2
  16 threads and 400 connections
  Thread calibration: mean lat.: 73.823ms, rate sampling interval: 482ms
  Thread calibration: mean lat.: 40.654ms, rate sampling interval: 57ms
  Thread calibration: mean lat.: 10.906ms, rate sampling interval: 46ms
  Thread calibration: mean lat.: 40.534ms, rate sampling interval: 57ms
  Thread calibration: mean lat.: 40.643ms, rate sampling interval: 57ms
  Thread calibration: mean lat.: 6.513ms, rate sampling interval: 42ms
  Thread calibration: mean lat.: 47.819ms, rate sampling interval: 63ms
  Thread calibration: mean lat.: 43.418ms, rate sampling interval: 59ms
  Thread calibration: mean lat.: 6.910ms, rate sampling interval: 43ms
  Thread calibration: mean lat.: 47.748ms, rate sampling interval: 62ms
  Thread calibration: mean lat.: 10.924ms, rate sampling interval: 45ms
  Thread calibration: mean lat.: 10.911ms, rate sampling interval: 45ms
  Thread calibration: mean lat.: 11.103ms, rate sampling interval: 44ms
  Thread calibration: mean lat.: 69.162ms, rate sampling interval: 375ms
  Thread calibration: mean lat.: 18.856ms, rate sampling interval: 47ms
  Thread calibration: mean lat.: 65.294ms, rate sampling interval: 257ms
  Thread Stats   Avg      Stdev     Max   +/- Stdev
    Latency     6.37ms   10.16ms   1.01s    85.07%
    Req/Sec     3.79k   649.24    15.34k    73.40%
  Latency Distribution (HdrHistogram - Recorded Latency)
 50.000%    2.17ms
 75.000%    8.22ms
 90.000%   20.91ms
 99.000%   31.66ms
 99.900%   37.28ms
 99.990%   59.42ms
 99.999%  929.28ms
100.000%    1.01s 

  Detailed Percentile spectrum:
       Value   Percentile   TotalCount 1/(1-Percentile)

       0.063     0.000000            1         1.00
       0.791     0.100000     21577459         1.11
       1.177     0.200000     43131064         1.25
       1.499     0.300000     64659345         1.43
       1.820     0.400000     86217573         1.67
       2.171     0.500000    107793254         2.00
       2.379     0.550000    118528507         2.22
       2.649     0.600000    129265213         2.50
       3.117     0.650000    140005949         2.86
       4.763     0.700000    150788297         3.33
       8.223     0.750000    161563923         4.00
      10.031     0.775000    166950921         4.44
      12.023     0.800000    172319133         5.00
      14.223     0.825000    177709259         5.71
      16.463     0.850000    183087140         6.67
      18.687     0.875000    188485986         8.00
      19.791     0.887500    191168137         8.89
      20.911     0.900000    193870369        10.00
      22.047     0.912500    196579367        11.43
      23.183     0.925000    199239568        13.33
      24.351     0.937500    201943408        16.00
      24.943     0.943750    203279636        17.78
      25.567     0.950000    204629810        20.00
      26.239     0.956250    205998190        22.86
      26.943     0.962500    207332574        26.67
      27.727     0.968750    208681212        32.00
      28.159     0.971875    209357908        35.56
      28.607     0.975000    210011544        40.00
      29.103     0.978125    210681710        45.71
      29.663     0.981250    211368808        53.33
      30.271     0.984375    212030305        64.00
      30.623     0.985938    212374215        71.11
      30.991     0.987500    212707044        80.00
      31.391     0.989062    213035905        91.43
      31.855     0.990625    213379573       106.67
      32.367     0.992188    213718261       128.00
      32.639     0.992969    213879736       142.22
      32.959     0.993750    214055211       160.00
      33.279     0.994531    214215715       182.86
      33.663     0.995313    214387918       213.33
      34.079     0.996094    214549953       256.00
      34.335     0.996484    214637998       284.44
      34.623     0.996875    214727165       320.00
      34.911     0.997266    214806726       365.71
      35.263     0.997656    214890955       426.67
      35.679     0.998047    214974634       512.00
      35.903     0.998242    215013228       568.89
      36.191     0.998437    215057459       640.00
      36.511     0.998633    215099699       731.43
      36.863     0.998828    215139157       853.33
      37.343     0.999023    215182666      1024.00
      37.599     0.999121    215202130      1137.78
      37.919     0.999219    215223217      1280.00
      38.303     0.999316    215244300      1462.86
      38.783     0.999414    215266024      1706.67
      39.359     0.999512    215286555      2048.00
      39.711     0.999561    215297059      2275.56
      40.095     0.999609    215307338      2560.00
      40.575     0.999658    215318074      2925.71
      41.119     0.999707    215328333      3413.33
      41.823     0.999756    215338724      4096.00
      42.271     0.999780    215343893      4551.11
      42.847     0.999805    215349274      5120.00
      43.615     0.999829    215354474      5851.43
      44.799     0.999854    215359706      6826.67
      47.103     0.999878    215364944      8192.00
      49.567     0.999890    215367571      9102.22
      71.167     0.999902    215370185     10240.00
     185.471     0.999915    215372816     11702.86
     301.567     0.999927    215375446     13653.33
     418.303     0.999939    215378088     16384.00
     479.743     0.999945    215379388     18204.44
     547.327     0.999951    215380710     20480.00
     601.599     0.999957    215382034     23405.71
     652.287     0.999963    215383340     27306.67
     711.167     0.999969    215384657     32768.00
     739.327     0.999973    215385305     36408.89
     770.559     0.999976    215385965     40960.00
     802.815     0.999979    215386618     46811.43
     837.631     0.999982    215387295     54613.33
     871.423     0.999985    215387943     65536.00
     887.807     0.999986    215388268     72817.78
     906.751     0.999988    215388594     81920.00
     925.183     0.999989    215388922     93622.86
     934.399     0.999991    215389267    109226.67
     942.079     0.999992    215389590    131072.00
     945.151     0.999993    215389741    145635.56
     949.759     0.999994    215389916    163840.00
     953.855     0.999995    215390070    187245.71
     961.535     0.999995    215390245    218453.33
     967.679     0.999996    215390412    262144.00
     971.263     0.999997    215390494    291271.11
     974.847     0.999997    215390563    327680.00
     978.431     0.999997    215390645    374491.43
     983.039     0.999998    215390728    436906.67
     987.135     0.999998    215390818    524288.00
     989.695     0.999998    215390856    582542.22
     991.231     0.999998    215390894    655360.00
     992.767     0.999999    215390934    748982.86
     995.327     0.999999    215390981    873813.33
     996.863     0.999999    215391023   1048576.00
     997.375     0.999999    215391042   1165084.44
     998.399     0.999999    215391061   1310720.00
     998.911     0.999999    215391076   1497965.71
    1000.447     0.999999    215391100   1747626.67
    1001.471     1.000000    215391130   2097152.00
    1001.471     1.000000    215391130   2330168.89
    1001.983     1.000000    215391146   2621440.00
    1002.495     1.000000    215391160   2995931.43
    1002.495     1.000000    215391160   3495253.33
    1003.007     1.000000    215391168   4194304.00
    1003.519     1.000000    215391174   4660337.78
    1004.031     1.000000    215391179   5242880.00
    1005.055     1.000000    215391184   5991862.86
    1005.567     1.000000    215391191   6990506.67
    1006.079     1.000000    215391195   8388608.00
    1006.591     1.000000    215391199   9320675.55
    1006.591     1.000000    215391199  10485760.00
    1007.103     1.000000    215391204  11983725.71
    1007.103     1.000000    215391204  13981013.34
    1007.615     1.000000    215391208  16777216.00
    1007.615     1.000000    215391208  18641351.10
    1008.127     1.000000    215391215  20971519.98
    1008.127     1.000000    215391215  23967451.45
    1008.127     1.000000    215391215  27962026.68
    1008.127     1.000000    215391215  33554432.00
    1008.127     1.000000    215391215  37282702.28
    1008.127     1.000000    215391215  41943039.96
    1008.127     1.000000    215391215  47934902.91
    1008.639     1.000000    215391219  55924053.19
    1008.639     1.000000    215391219          inf
#[Mean    =        6.365, StdDeviation   =       10.157]
#[Max     =     1008.128, Total count    =    215391219]
#[Buckets =           27, SubBuckets     =         2048]
----------------------------------------------------------
  215987591 requests in 60.00m, 30.58GB read
Requests/sec:  59996.54
Transfer/sec:      8.70MB
