Running 10m test @ http://localhost:9999/math/plus?x=1&y=2
  16 threads and 400 connections
  Thread calibration: mean lat.: 26.726ms, rate sampling interval: 10ms
  Thread calibration: mean lat.: 1.941ms, rate sampling interval: 10ms
  Thread calibration: mean lat.: 1.720ms, rate sampling interval: 10ms
  Thread calibration: mean lat.: 1.605ms, rate sampling interval: 10ms
  Thread calibration: mean lat.: 1.661ms, rate sampling interval: 10ms
  Thread calibration: mean lat.: 27.565ms, rate sampling interval: 10ms
  Thread calibration: mean lat.: 5.789ms, rate sampling interval: 10ms
  Thread calibration: mean lat.: 6.051ms, rate sampling interval: 10ms
  Thread calibration: mean lat.: 1.515ms, rate sampling interval: 10ms
  Thread calibration: mean lat.: 52.427ms, rate sampling interval: 17ms
  Thread calibration: mean lat.: 22.576ms, rate sampling interval: 10ms
  Thread calibration: mean lat.: 9.997ms, rate sampling interval: 10ms
  Thread calibration: mean lat.: 1.701ms, rate sampling interval: 10ms
  Thread calibration: mean lat.: 19.055ms, rate sampling interval: 10ms
  Thread calibration: mean lat.: 14.049ms, rate sampling interval: 10ms
  Thread calibration: mean lat.: 1.508ms, rate sampling interval: 10ms
  Thread Stats   Avg      Stdev     Max   +/- Stdev
    Latency     1.55ms  739.77us  23.87ms   72.19%
    Req/Sec   657.93    577.12     2.78k    77.26%
  Latency Distribution (HdrHistogram - Recorded Latency)
 50.000%    1.48ms
 75.000%    1.98ms
 90.000%    2.43ms
 99.000%    3.36ms
 99.900%    7.38ms
 99.990%   14.56ms
 99.999%   20.72ms
100.000%   23.89ms

  Detailed Percentile spectrum:
       Value   Percentile   TotalCount 1/(1-Percentile)

       0.073     0.000000            1         1.00
       0.715     0.100000       590603         1.11
       0.936     0.200000      1182613         1.25
       1.128     0.300000      1771482         1.43
       1.304     0.400000      2360349         1.67
       1.475     0.500000      2952377         2.00
       1.565     0.550000      3247304         2.22
       1.659     0.600000      3539782         2.50
       1.759     0.650000      3835842         2.86
       1.866     0.700000      4131630         3.33
       1.981     0.750000      4424910         4.00
       2.043     0.775000      4572514         4.44
       2.109     0.800000      4722551         5.00
       2.177     0.825000      4868257         5.71
       2.251     0.850000      5014329         6.67
       2.335     0.875000      5162976         8.00
       2.381     0.887500      5235404         8.89
       2.433     0.900000      5309615        10.00
       2.491     0.912500      5384722        11.43
       2.555     0.925000      5457946        13.33
       2.627     0.937500      5530155        16.00
       2.669     0.943750      5567375        17.78
       2.715     0.950000      5604344        20.00
       2.767     0.956250      5641245        22.86
       2.825     0.962500      5677778        26.67
       2.893     0.968750      5714707        32.00
       2.933     0.971875      5733336        35.56
       2.977     0.975000      5751574        40.00
       3.029     0.978125      5770273        45.71
       3.087     0.981250      5788295        53.33
       3.161     0.984375      5806805        64.00
       3.203     0.985938      5815704        71.11
       3.255     0.987500      5825066        80.00
       3.315     0.989062      5834197        91.43
       3.391     0.990625      5843507       106.67
       3.487     0.992188      5852618       128.00
       3.551     0.992969      5857287       142.22
       3.625     0.993750      5861814       160.00
       3.721     0.994531      5866371       182.86
       3.857     0.995313      5870981       213.33
       4.039     0.996094      5875593       256.00
       4.171     0.996484      5877893       284.44
       4.355     0.996875      5880229       320.00
       4.603     0.997266      5882511       365.71
       4.931     0.997656      5884819       426.67
       5.387     0.998047      5887121       512.00
       5.687     0.998242      5888262       568.89
       6.111     0.998437      5889419       640.00
       6.607     0.998633      5890565       731.43
       7.063     0.998828      5891722       853.33
       7.419     0.999023      5892879      1024.00
       7.555     0.999121      5893456      1137.78
       7.731     0.999219      5894034      1280.00
       8.007     0.999316      5894596      1462.86
       8.527     0.999414      5895172      1706.67
       9.159     0.999512      5895748      2048.00
       9.495     0.999561      5896035      2275.56
       9.847     0.999609      5896329      2560.00
      10.191     0.999658      5896616      2925.71
      10.543     0.999707      5896899      3413.33
      11.119     0.999756      5897187      4096.00
      11.471     0.999780      5897332      4551.11
      11.807     0.999805      5897476      5120.00
      12.239     0.999829      5897620      5851.43
      12.887     0.999854      5897764      6826.67
      13.679     0.999878      5897910      8192.00
      14.175     0.999890      5897979      9102.22
      14.647     0.999902      5898052     10240.00
      15.231     0.999915      5898123     11702.86
      15.711     0.999927      5898195     13653.33
      16.207     0.999939      5898267     16384.00
      16.719     0.999945      5898303     18204.44
      17.199     0.999951      5898339     20480.00
      17.663     0.999957      5898376     23405.71
      18.095     0.999963      5898411     27306.67
      18.495     0.999969      5898447     32768.00
      18.735     0.999973      5898465     36408.89
      18.927     0.999976      5898485     40960.00
      19.327     0.999979      5898501     46811.43
      19.743     0.999982      5898520     54613.33
      20.079     0.999985      5898537     65536.00
      20.207     0.999986      5898546     72817.78
      20.351     0.999988      5898555     81920.00
      20.575     0.999989      5898564     93622.86
      20.831     0.999991      5898573    109226.67
      21.183     0.999992      5898583    131072.00
      21.231     0.999993      5898587    145635.56
      21.343     0.999994      5898591    163840.00
      21.407     0.999995      5898596    187245.71
      21.503     0.999995      5898600    218453.33
      21.679     0.999996      5898605    262144.00
      21.807     0.999997      5898609    291271.11
      21.807     0.999997      5898609    327680.00
      21.919     0.999997      5898612    374491.43
      22.063     0.999998      5898615    436906.67
      22.079     0.999998      5898616    524288.00
      22.175     0.999998      5898617    582542.22
      22.207     0.999998      5898620    655360.00
      22.207     0.999999      5898620    748982.86
      22.447     0.999999      5898621    873813.33
      22.943     0.999999      5898622   1048576.00
      22.943     0.999999      5898622   1165084.44
      23.023     0.999999      5898623   1310720.00
      23.071     0.999999      5898624   1497965.71
      23.071     0.999999      5898624   1747626.67
      23.503     1.000000      5898625   2097152.00
      23.503     1.000000      5898625   2330168.89
      23.503     1.000000      5898625   2621440.00
      23.551     1.000000      5898626   2995931.43
      23.551     1.000000      5898626   3495253.33
      23.551     1.000000      5898626   4194304.00
      23.551     1.000000      5898626   4660337.78
      23.551     1.000000      5898626   5242880.00
      23.887     1.000000      5898627   5991862.86
      23.887     1.000000      5898627          inf
#[Mean    =        1.552, StdDeviation   =        0.740]
#[Max     =       23.872, Total count    =      5898627]
#[Buckets =           27, SubBuckets     =         2048]
----------------------------------------------------------
  5997683 requests in 10.00m, 869.42MB read
Requests/sec:   9996.08
Transfer/sec:      1.45MB
