Running 10m test @ http://localhost:9999/math/plus?x=1&y=2
  16 threads and 400 connections
  Thread calibration: mean lat.: 1.242ms, rate sampling interval: 10ms
  Thread calibration: mean lat.: 34.958ms, rate sampling interval: 10ms
  Thread calibration: mean lat.: 1.211ms, rate sampling interval: 10ms
  Thread calibration: mean lat.: 1.083ms, rate sampling interval: 10ms
  Thread calibration: mean lat.: 39.135ms, rate sampling interval: 10ms
  Thread calibration: mean lat.: 1.230ms, rate sampling interval: 10ms
  Thread calibration: mean lat.: 1.203ms, rate sampling interval: 10ms
  Thread calibration: mean lat.: 35.177ms, rate sampling interval: 10ms
  Thread calibration: mean lat.: 26.502ms, rate sampling interval: 10ms
  Thread calibration: mean lat.: 22.446ms, rate sampling interval: 10ms
  Thread calibration: mean lat.: 5.461ms, rate sampling interval: 10ms
  Thread calibration: mean lat.: 17.951ms, rate sampling interval: 10ms
  Thread calibration: mean lat.: 34.940ms, rate sampling interval: 10ms
  Thread calibration: mean lat.: 39.196ms, rate sampling interval: 10ms
  Thread calibration: mean lat.: 18.095ms, rate sampling interval: 10ms
  Thread calibration: mean lat.: 18.075ms, rate sampling interval: 10ms
  Thread Stats   Avg      Stdev     Max   +/- Stdev
    Latency     1.41ms    1.96ms  43.58ms   97.42%
    Req/Sec     3.29k   494.02    13.11k    79.78%
  Latency Distribution (HdrHistogram - Recorded Latency)
 50.000%    1.15ms
 75.000%    1.55ms
 90.000%    1.90ms
 99.000%   12.18ms
 99.900%   23.63ms
 99.990%   29.06ms
 99.999%   34.72ms
100.000%   43.62ms

  Detailed Percentile spectrum:
       Value   Percentile   TotalCount 1/(1-Percentile)

       0.058     0.000000            2         1.00
       0.484     0.100000      2955802         1.11
       0.676     0.200000      5914363         1.25
       0.840     0.300000      8865008         1.43
       0.995     0.400000     11809134         1.67
       1.150     0.500000     14762554         2.00
       1.228     0.550000     16236186         2.22
       1.306     0.600000     17706340         2.50
       1.385     0.650000     19172745         2.86
       1.467     0.700000     20647019         3.33
       1.553     0.750000     22125764         4.00
       1.598     0.775000     22858688         4.44
       1.646     0.800000     23597448         5.00
       1.698     0.825000     24336560         5.71
       1.756     0.850000     25078862         6.67
       1.822     0.875000     25812260         8.00
       1.860     0.887500     26182517         8.89
       1.902     0.900000     26545762        10.00
       1.952     0.912500     26914596        11.43
       2.014     0.925000     27285277        13.33
       2.097     0.937500     27657652        16.00
       2.151     0.943750     27839769        17.78
       2.219     0.950000     28019103        20.00
       2.315     0.956250     28204823        22.86
       2.461     0.962500     28389120        26.67
       2.741     0.968750     28572618        32.00
       3.025     0.971875     28664486        35.56
       3.501     0.975000     28756572        40.00
       4.107     0.978125     28848605        45.71
       5.231     0.981250     28940816        53.33
       7.103     0.984375     29033010        64.00
       8.199     0.985938     29079033        71.11
       9.567     0.987500     29125082        80.00
      11.255     0.989062     29171295        91.43
      12.887     0.990625     29217345       106.67
      14.767     0.992188     29263435       128.00
      15.679     0.992969     29286477       142.22
      16.559     0.993750     29309517       160.00
      17.471     0.994531     29332807       182.86
      18.383     0.995313     29355853       213.33
      19.295     0.996094     29378893       256.00
      19.743     0.996484     29390160       284.44
      20.191     0.996875     29401994       320.00
      20.623     0.997266     29413200       365.71
      21.103     0.997656     29424640       426.67
      21.679     0.998047     29436401       512.00
      21.999     0.998242     29442063       568.89
      22.351     0.998437     29447668       640.00
      22.767     0.998633     29453556       731.43
      23.215     0.998828     29459261       853.33
      23.695     0.999023     29465003      1024.00
      23.951     0.999121     29467869      1137.78
      24.239     0.999219     29470846      1280.00
      24.527     0.999316     29473646      1462.86
      24.847     0.999414     29476461      1706.67
      25.231     0.999512     29479438      2048.00
      25.439     0.999561     29480812      2275.56
      25.679     0.999609     29482240      2560.00
      25.935     0.999658     29483651      2925.71
      26.271     0.999707     29485120      3413.33
      26.703     0.999756     29486547      4096.00
      26.991     0.999780     29487262      4551.11
      27.327     0.999805     29487987      5120.00
      27.663     0.999829     29488710      5851.43
      28.079     0.999854     29489425      6826.67
      28.527     0.999878     29490152      8192.00
      28.799     0.999890     29490499      9102.22
      29.119     0.999902     29490854     10240.00
      29.439     0.999915     29491210     11702.86
      29.823     0.999927     29491570     13653.33
      30.271     0.999939     29491941     16384.00
      30.511     0.999945     29492118     18204.44
      30.767     0.999951     29492295     20480.00
      31.055     0.999957     29492469     23405.71
      31.423     0.999963     29492657     27306.67
      31.791     0.999969     29492831     32768.00
      31.999     0.999973     29492921     36408.89
      32.255     0.999976     29493010     40960.00
      32.527     0.999979     29493100     46811.43
      32.991     0.999982     29493199     54613.33
      33.439     0.999985     29493282     65536.00
      33.791     0.999986     29493326     72817.78
      34.079     0.999988     29493370     81920.00
      34.559     0.999989     29493415     93622.86
      35.071     0.999991     29493458    109226.67
      35.551     0.999992     29493504    131072.00
      35.871     0.999993     29493526    145635.56
      36.159     0.999994     29493550    163840.00
      36.671     0.999995     29493572    187245.71
      37.023     0.999995     29493593    218453.33
      37.567     0.999996     29493620    262144.00
      37.823     0.999997     29493629    291271.11
      38.079     0.999997     29493638    327680.00
      38.495     0.999997     29493651    374491.43
      38.975     0.999998     29493662    436906.67
      39.455     0.999998     29493672    524288.00
      39.551     0.999998     29493679    582542.22
      39.647     0.999998     29493683    655360.00
      39.935     0.999999     29493689    748982.86
      40.351     0.999999     29493695    873813.33
      40.511     0.999999     29493701   1048576.00
      40.703     0.999999     29493703   1165084.44
      40.927     0.999999     29493706   1310720.00
      40.959     0.999999     29493709   1497965.71
      41.215     0.999999     29493713   1747626.67
      41.311     1.000000     29493714   2097152.00
      41.407     1.000000     29493716   2330168.89
      41.503     1.000000     29493717   2621440.00
      41.631     1.000000     29493719   2995931.43
      42.175     1.000000     29493720   3495253.33
      42.687     1.000000     29493721   4194304.00
      43.167     1.000000     29493724   4660337.78
      43.167     1.000000     29493724   5242880.00
      43.167     1.000000     29493724   5991862.86
      43.167     1.000000     29493724   6990506.67
      43.199     1.000000     29493725   8388608.00
      43.199     1.000000     29493725   9320675.55
      43.519     1.000000     29493727  10485760.00
      43.519     1.000000     29493727  11983725.71
      43.519     1.000000     29493727  13981013.34
      43.519     1.000000     29493727  16777216.00
      43.519     1.000000     29493727  18641351.10
      43.519     1.000000     29493727  20971519.98
      43.519     1.000000     29493727  23967451.45
      43.519     1.000000     29493727  27962026.68
      43.615     1.000000     29493728  33554432.00
      43.615     1.000000     29493728          inf
#[Mean    =        1.407, StdDeviation   =        1.962]
#[Max     =       43.584, Total count    =     29493728]
#[Buckets =           27, SubBuckets     =         2048]
----------------------------------------------------------
  29993921 requests in 10.00m, 4.25GB read
Requests/sec:  49989.88
Transfer/sec:      7.25MB
