Running 10m test @ http://localhost:9999/math/plus?x=1&y=2
  16 threads and 400 connections
  Thread calibration: mean lat.: 2.698ms, rate sampling interval: 10ms
  Thread calibration: mean lat.: 34.758ms, rate sampling interval: 33ms
  Thread calibration: mean lat.: 35.121ms, rate sampling interval: 33ms
  Thread calibration: mean lat.: 2.585ms, rate sampling interval: 10ms
  Thread calibration: mean lat.: 67.907ms, rate sampling interval: 454ms
  Thread calibration: mean lat.: 26.990ms, rate sampling interval: 25ms
  Thread calibration: mean lat.: 2.600ms, rate sampling interval: 10ms
  Thread calibration: mean lat.: 31.045ms, rate sampling interval: 29ms
  Thread calibration: mean lat.: 34.949ms, rate sampling interval: 34ms
  Thread calibration: mean lat.: 2.708ms, rate sampling interval: 10ms
  Thread calibration: mean lat.: 55.421ms, rate sampling interval: 118ms
  Thread calibration: mean lat.: 2.517ms, rate sampling interval: 10ms
  Thread calibration: mean lat.: 14.634ms, rate sampling interval: 10ms
  Thread calibration: mean lat.: 27.025ms, rate sampling interval: 23ms
  Thread calibration: mean lat.: 2.662ms, rate sampling interval: 10ms
  Thread calibration: mean lat.: 26.918ms, rate sampling interval: 23ms
  Thread Stats   Avg      Stdev     Max   +/- Stdev
    Latency     3.56ms    5.71ms  53.06ms   88.56%
    Req/Sec     3.92k   736.96    15.56k    76.13%
  Latency Distribution (HdrHistogram - Recorded Latency)
 50.000%    1.52ms
 75.000%    2.27ms
 90.000%   11.33ms
 99.000%   25.92ms
 99.900%   32.13ms
 99.990%   39.78ms
 99.999%   44.74ms
100.000%   53.09ms

  Detailed Percentile spectrum:
       Value   Percentile   TotalCount 1/(1-Percentile)

       0.057     0.000000            1         1.00
       0.630     0.100000      3543670         1.11
       0.893     0.200000      7083444         1.25
       1.109     0.300000     10628473         1.43
       1.310     0.400000     14165188         1.67
       1.518     0.500000     17700676         2.00
       1.630     0.550000     19471178         2.22
       1.751     0.600000     21238651         2.50
       1.887     0.650000     23005516         2.86
       2.051     0.700000     24792189         3.33
       2.267     0.750000     26549904         4.00
       2.423     0.775000     27429366         4.44
       2.669     0.800000     28317791         5.00
       3.223     0.825000     29200190         5.71
       4.831     0.850000     30084843         6.67
       7.859     0.875000     30968545         8.00
       9.519     0.887500     31412162         8.89
      11.327     0.900000     31853426        10.00
      13.287     0.912500     32296053        11.43
      15.183     0.925000     32738316        13.33
      17.007     0.937500     33183782        16.00
      17.919     0.943750     33404063        17.78
      18.831     0.950000     33623606        20.00
      19.727     0.956250     33846137        22.86
      20.639     0.962500     34066329        26.67
      21.679     0.968750     34289101        32.00
      22.239     0.971875     34397197        35.56
      22.847     0.975000     34508566        40.00
      23.471     0.978125     34619872        45.71
      24.079     0.981250     34729593        53.33
      24.703     0.984375     34842232        64.00
      25.007     0.985938     34895147        71.11
      25.343     0.987500     34951149        80.00
      25.695     0.989062     35006066        91.43
      26.095     0.990625     35062084       106.67
      26.559     0.992188     35117208       128.00
      26.815     0.992969     35143733       142.22
      27.135     0.993750     35172599       160.00
      27.487     0.994531     35199410       182.86
      27.919     0.995313     35226790       213.33
      28.463     0.996094     35254356       256.00
      28.783     0.996484     35268048       284.44
      29.151     0.996875     35282106       320.00
      29.551     0.997266     35295684       365.71
      29.999     0.997656     35309686       426.67
      30.479     0.998047     35323459       512.00
      30.751     0.998242     35330483       568.89
      31.039     0.998437     35337280       640.00
      31.375     0.998633     35344312       731.43
      31.743     0.998828     35351042       853.33
      32.191     0.999023     35357982      1024.00
      32.447     0.999121     35361499      1137.78
      32.735     0.999219     35364939      1280.00
      33.055     0.999316     35368289      1462.86
      33.503     0.999414     35371920      1706.67
      34.047     0.999512     35375227      2048.00
      34.367     0.999561     35376946      2275.56
      34.751     0.999609     35378659      2560.00
      35.231     0.999658     35380381      2925.71
      35.807     0.999707     35382126      3413.33
      36.543     0.999756     35383869      4096.00
      36.927     0.999780     35384735      4551.11
      37.407     0.999805     35385587      5120.00
      37.919     0.999829     35386432      5851.43
      38.495     0.999854     35387271      6826.67
      39.135     0.999878     35388150      8192.00
      39.487     0.999890     35388593      9102.22
      39.839     0.999902     35389010     10240.00
      40.223     0.999915     35389431     11702.86
      40.703     0.999927     35389881     13653.33
      41.215     0.999939     35390319     16384.00
      41.471     0.999945     35390533     18204.44
      41.727     0.999951     35390734     20480.00
      41.983     0.999957     35390943     23405.71
      42.303     0.999963     35391168     27306.67
      42.687     0.999969     35391372     32768.00
      42.911     0.999973     35391488     36408.89
      43.103     0.999976     35391591     40960.00
      43.359     0.999979     35391694     46811.43
      43.615     0.999982     35391800     54613.33
      43.999     0.999985     35391912     65536.00
      44.191     0.999986     35391967     72817.78
      44.383     0.999988     35392016     81920.00
      44.639     0.999989     35392069     93622.86
      44.831     0.999991     35392123    109226.67
      45.151     0.999992     35392177    131072.00
      45.343     0.999993     35392207    145635.56
      45.535     0.999994     35392232    163840.00
      45.823     0.999995     35392258    187245.71
      46.239     0.999995     35392286    218453.33
      46.783     0.999996     35392312    262144.00
      47.039     0.999997     35392327    291271.11
      47.327     0.999997     35392339    327680.00
      47.519     0.999997     35392354    374491.43
      47.743     0.999998     35392366    436906.67
      48.063     0.999998     35392380    524288.00
      48.319     0.999998     35392388    582542.22
      48.479     0.999998     35392393    655360.00
      49.247     0.999999     35392400    748982.86
      49.951     0.999999     35392407    873813.33
      50.399     0.999999     35392414   1048576.00
      50.559     0.999999     35392418   1165084.44
      50.879     0.999999     35392420   1310720.00
      51.231     0.999999     35392424   1497965.71
      51.295     0.999999     35392428   1747626.67
      51.615     1.000000     35392431   2097152.00
      51.775     1.000000     35392433   2330168.89
      52.223     1.000000     35392434   2621440.00
      52.383     1.000000     35392436   2995931.43
      52.447     1.000000     35392437   3495253.33
      52.575     1.000000     35392440   4194304.00
      52.575     1.000000     35392440   4660337.78
      52.607     1.000000     35392441   5242880.00
      52.735     1.000000     35392443   5991862.86
      52.735     1.000000     35392443   6990506.67
      52.735     1.000000     35392443   8388608.00
      52.799     1.000000     35392444   9320675.55
      52.799     1.000000     35392444  10485760.00
      52.927     1.000000     35392445  11983725.71
      52.927     1.000000     35392445  13981013.34
      52.927     1.000000     35392445  16777216.00
      52.991     1.000000     35392446  18641351.10
      52.991     1.000000     35392446  20971519.98
      52.991     1.000000     35392446  23967451.45
      52.991     1.000000     35392446  27962026.68
      52.991     1.000000     35392446  33554432.00
      53.087     1.000000     35392447  37282702.28
      53.087     1.000000     35392447          inf
#[Mean    =        3.555, StdDeviation   =        5.706]
#[Max     =       53.056, Total count    =     35392447]
#[Buckets =           27, SubBuckets     =         2048]
----------------------------------------------------------
  35995730 requests in 10.00m, 5.10GB read
Requests/sec:  59992.90
Transfer/sec:      8.70MB
