Running 10m test @ http://localhost:9999/math/plus?x=1&y=2
  16 threads and 400 connections
  Thread calibration: mean lat.: 1.823ms, rate sampling interval: 10ms
  Thread calibration: mean lat.: 18.821ms, rate sampling interval: 10ms
  Thread calibration: mean lat.: 14.422ms, rate sampling interval: 10ms
  Thread calibration: mean lat.: 26.913ms, rate sampling interval: 10ms
  Thread calibration: mean lat.: 10.243ms, rate sampling interval: 10ms
  Thread calibration: mean lat.: 1.830ms, rate sampling interval: 10ms
  Thread calibration: mean lat.: 1.914ms, rate sampling interval: 10ms
  Thread calibration: mean lat.: 18.770ms, rate sampling interval: 10ms
  Thread calibration: mean lat.: 10.143ms, rate sampling interval: 10ms
  Thread calibration: mean lat.: 6.095ms, rate sampling interval: 10ms
  Thread calibration: mean lat.: 1.859ms, rate sampling interval: 10ms
  Thread calibration: mean lat.: 1.889ms, rate sampling interval: 10ms
  Thread calibration: mean lat.: 14.497ms, rate sampling interval: 10ms
  Thread calibration: mean lat.: 18.617ms, rate sampling interval: 10ms
  Thread calibration: mean lat.: 1.843ms, rate sampling interval: 10ms
  Thread calibration: mean lat.: 22.896ms, rate sampling interval: 10ms
  Thread Stats   Avg      Stdev     Max   +/- Stdev
    Latency     1.50ms    2.28ms  43.49ms   96.19%
    Req/Sec     3.29k   538.48    13.89k    81.72%
  Latency Distribution (HdrHistogram - Recorded Latency)
 50.000%    1.11ms
 75.000%    1.53ms
 90.000%    1.97ms
 99.000%   14.94ms
 99.900%   23.95ms
 99.990%   29.81ms
 99.999%   35.39ms
100.000%   43.52ms

  Detailed Percentile spectrum:
       Value   Percentile   TotalCount 1/(1-Percentile)

       0.055     0.000000            1         1.00
       0.445     0.100000      2949487         1.11
       0.640     0.200000      5912840         1.25
       0.803     0.300000      8865416         1.43
       0.956     0.400000     11810689         1.67
       1.107     0.500000     14759639         2.00
       1.184     0.550000     16233824         2.22
       1.264     0.600000     17701564         2.50
       1.348     0.650000     19178623         2.86
       1.436     0.700000     20647603         3.33
       1.531     0.750000     22123380         4.00
       1.583     0.775000     22865773         4.44
       1.639     0.800000     23606344         5.00
       1.700     0.825000     24336401         5.71
       1.771     0.850000     25071307         6.67
       1.858     0.875000     25811071         8.00
       1.910     0.887500     26182701         8.89
       1.970     0.900000     26545929        10.00
       2.047     0.912500     26914700        11.43
       2.157     0.925000     27286334        13.33
       2.341     0.937500     27652179        16.00
       2.509     0.943750     27836457        17.78
       2.785     0.950000     28020885        20.00
       3.217     0.956250     28204858        22.86
       3.853     0.962500     28388570        26.67
       4.911     0.968750     28573077        32.00
       5.723     0.971875     28665137        35.56
       6.815     0.975000     28757390        40.00
       8.035     0.978125     28849505        45.71
       9.543     0.981250     28941933        53.33
      11.447     0.984375     29034174        64.00
      12.319     0.985938     29079972        71.11
      13.343     0.987500     29126131        80.00
      14.343     0.989062     29172345        91.43
      15.335     0.990625     29218227       106.67
      16.383     0.992188     29264354       128.00
      16.959     0.992969     29287460       142.22
      17.567     0.993750     29310808       160.00
      18.191     0.994531     29333602       182.86
      18.847     0.995313     29356477       213.33
      19.567     0.996094     29379585       256.00
      19.951     0.996484     29391002       284.44
      20.399     0.996875     29402801       320.00
      20.879     0.997266     29414261       365.71
      21.407     0.997656     29425779       426.67
      21.983     0.998047     29437060       512.00
      22.303     0.998242     29442794       568.89
      22.639     0.998437     29448529       640.00
      23.039     0.998633     29454365       731.43
      23.503     0.998828     29460192       853.33
      24.015     0.999023     29465864      1024.00
      24.319     0.999121     29468778      1137.78
      24.639     0.999219     29471607      1280.00
      25.007     0.999316     29474438      1462.86
      25.455     0.999414     29477401      1706.67
      25.935     0.999512     29480270      2048.00
      26.207     0.999561     29481673      2275.56
      26.495     0.999609     29483090      2560.00
      26.831     0.999658     29484531      2925.71
      27.215     0.999707     29485964      3413.33
      27.647     0.999756     29487439      4096.00
      27.903     0.999780     29488160      4551.11
      28.159     0.999805     29488845      5120.00
      28.463     0.999829     29489591      5851.43
      28.847     0.999854     29490310      6826.67
      29.263     0.999878     29491004      8192.00
      29.551     0.999890     29491367      9102.22
      29.871     0.999902     29491733     10240.00
      30.207     0.999915     29492080     11702.86
      30.623     0.999927     29492442     13653.33
      31.087     0.999939     29492807     16384.00
      31.311     0.999945     29492978     18204.44
      31.599     0.999951     29493160     20480.00
      31.871     0.999957     29493340     23405.71
      32.191     0.999963     29493518     27306.67
      32.543     0.999969     29493701     32768.00
      32.863     0.999973     29493793     36408.89
      33.119     0.999976     29493880     40960.00
      33.471     0.999979     29493968     46811.43
      33.887     0.999982     29494060     54613.33
      34.271     0.999985     29494150     65536.00
      34.591     0.999986     29494194     72817.78
      34.943     0.999988     29494239     81920.00
      35.199     0.999989     29494284     93622.86
      35.615     0.999991     29494336    109226.67
      35.839     0.999992     29494373    131072.00
      35.935     0.999993     29494397    145635.56
      36.255     0.999994     29494418    163840.00
      36.703     0.999995     29494441    187245.71
      36.991     0.999995     29494463    218453.33
      37.343     0.999996     29494487    262144.00
      37.567     0.999997     29494497    291271.11
      37.855     0.999997     29494508    327680.00
      38.207     0.999997     29494521    374491.43
      38.655     0.999998     29494532    436906.67
      38.879     0.999998     29494543    524288.00
      39.071     0.999998     29494551    582542.22
      39.103     0.999998     29494553    655360.00
      39.295     0.999999     29494559    748982.86
      39.583     0.999999     29494566    873813.33
      40.063     0.999999     29494571   1048576.00
      40.095     0.999999     29494573   1165084.44
      40.319     0.999999     29494576   1310720.00
      40.639     0.999999     29494579   1497965.71
      40.767     0.999999     29494583   1747626.67
      40.863     1.000000     29494584   2097152.00
      41.567     1.000000     29494586   2330168.89
      41.791     1.000000     29494587   2621440.00
      42.143     1.000000     29494589   2995931.43
      42.207     1.000000     29494590   3495253.33
      42.239     1.000000     29494591   4194304.00
      42.463     1.000000     29494592   4660337.78
      42.495     1.000000     29494593   5242880.00
      42.527     1.000000     29494594   5991862.86
      42.527     1.000000     29494594   6990506.67
      42.559     1.000000     29494595   8388608.00
      42.559     1.000000     29494595   9320675.55
      42.623     1.000000     29494596  10485760.00
      42.623     1.000000     29494596  11983725.71
      42.623     1.000000     29494596  13981013.34
      43.423     1.000000     29494597  16777216.00
      43.423     1.000000     29494597  18641351.10
      43.423     1.000000     29494597  20971519.98
      43.423     1.000000     29494597  23967451.45
      43.423     1.000000     29494597  27962026.68
      43.519     1.000000     29494598  33554432.00
      43.519     1.000000     29494598          inf
#[Mean    =        1.498, StdDeviation   =        2.278]
#[Max     =       43.488, Total count    =     29494598]
#[Buckets =           27, SubBuckets     =         2048]
----------------------------------------------------------
  29993857 requests in 10.00m, 4.25GB read
Requests/sec:  49989.73
Transfer/sec:      7.25MB
