Running 10m test @ http://localhost:9999/math/plus?x=1&y=2
  16 threads and 400 connections
  Thread calibration: mean lat.: 11.020ms, rate sampling interval: 10ms
  Thread calibration: mean lat.: 41.160ms, rate sampling interval: 12ms
  Thread calibration: mean lat.: 41.215ms, rate sampling interval: 12ms
  Thread calibration: mean lat.: 14.973ms, rate sampling interval: 10ms
  Thread calibration: mean lat.: 47.061ms, rate sampling interval: 30ms
  Thread calibration: mean lat.: 19.589ms, rate sampling interval: 10ms
  Thread calibration: mean lat.: 73.012ms, rate sampling interval: 581ms
  Thread calibration: mean lat.: 48.192ms, rate sampling interval: 24ms
  Thread calibration: mean lat.: 15.469ms, rate sampling interval: 10ms
  Thread calibration: mean lat.: 53.392ms, rate sampling interval: 21ms
  Thread calibration: mean lat.: 51.355ms, rate sampling interval: 42ms
  Thread calibration: mean lat.: 1.582ms, rate sampling interval: 10ms
  Thread calibration: mean lat.: 42.171ms, rate sampling interval: 15ms
  Thread calibration: mean lat.: 74.495ms, rate sampling interval: 620ms
  Thread calibration: mean lat.: 87.589ms, rate sampling interval: 837ms
  Thread calibration: mean lat.: 42.468ms, rate sampling interval: 19ms
  Thread Stats   Avg      Stdev     Max   +/- Stdev
    Latency     1.95ms   12.23ms   1.01s    99.46%
    Req/Sec     3.92k   632.29    14.28k    79.06%
  Latency Distribution (HdrHistogram - Recorded Latency)
 50.000%    1.38ms
 75.000%    1.92ms
 90.000%    2.54ms
 99.000%   10.10ms
 99.900%   50.97ms
 99.990%  768.51ms
 99.999%  989.18ms
100.000%    1.01s 

  Detailed Percentile spectrum:
       Value   Percentile   TotalCount 1/(1-Percentile)

       0.062     0.000000            1         1.00
       0.590     0.100000      3539749         1.11
       0.834     0.200000      7093451         1.25
       1.031     0.300000     10622770         1.43
       1.208     0.400000     14172355         1.67
       1.384     0.500000     17699340         2.00
       1.477     0.550000     19480163         2.22
       1.574     0.600000     21239176         2.50
       1.679     0.650000     23016415         2.86
       1.792     0.700000     24781775         3.33
       1.917     0.750000     26551893         4.00
       1.987     0.775000     27440847         4.44
       2.063     0.800000     28317530         5.00
       2.149     0.825000     29203440         5.71
       2.249     0.850000     30086268         6.67
       2.373     0.875000     30972823         8.00
       2.449     0.887500     31415651         8.89
       2.539     0.900000     31855426        10.00
       2.653     0.912500     32298366        11.43
       2.809     0.925000     32742107        13.33
       3.041     0.937500     33182660        16.00
       3.211     0.943750     33403404        17.78
       3.437     0.950000     33624045        20.00
       3.729     0.956250     33844159        22.86
       4.107     0.962500     34065808        26.67
       4.623     0.968750     34287712        32.00
       4.947     0.971875     34398148        35.56
       5.327     0.975000     34508281        40.00
       5.803     0.978125     34618446        45.71
       6.443     0.981250     34729168        53.33
       7.359     0.984375     34839732        64.00
       7.967     0.985938     34894706        71.11
       8.687     0.987500     34950418        80.00
       9.543     0.989062     35005632        91.43
      10.503     0.990625     35060773       106.67
      11.711     0.992188     35115886       128.00
      12.415     0.992969     35143628       142.22
      13.215     0.993750     35171330       160.00
      14.103     0.994531     35198984       182.86
      15.287     0.995313     35226621       213.33
      16.895     0.996094     35254182       256.00
      18.015     0.996484     35268044       284.44
      19.711     0.996875     35281851       320.00
      22.143     0.997266     35295653       365.71
      26.063     0.997656     35309449       426.67
      31.407     0.998047     35323305       512.00
      34.399     0.998242     35330208       568.89
      37.759     0.998437     35337088       640.00
      41.695     0.998633     35344010       731.43
      46.399     0.998828     35350924       853.33
      51.711     0.999023     35357843      1024.00
      54.783     0.999121     35361288      1137.78
      58.047     0.999219     35364753      1280.00
      61.951     0.999316     35368220      1462.86
      67.263     0.999414     35371652      1706.67
      75.775     0.999512     35375122      2048.00
      83.071     0.999561     35376840      2275.56
     101.759     0.999609     35378564      2560.00
     196.223     0.999658     35380292      2925.71
     323.071     0.999707     35382022      3413.33
     425.983     0.999756     35383750      4096.00
     484.607     0.999780     35384613      4551.11
     544.767     0.999805     35385477      5120.00
     599.551     0.999829     35386344      5851.43
     658.431     0.999854     35387209      6826.67
     715.263     0.999878     35388071      8192.00
     743.935     0.999890     35388501      9102.22
     774.143     0.999902     35388936     10240.00
     801.279     0.999915     35389364     11702.86
     831.487     0.999927     35389796     13653.33
     862.207     0.999939     35390234     16384.00
     874.495     0.999945     35390449     18204.44
     888.831     0.999951     35390662     20480.00
     906.239     0.999957     35390879     23405.71
     923.647     0.999963     35391099     27306.67
     942.079     0.999969     35391311     32768.00
     950.783     0.999973     35391419     36408.89
     959.487     0.999976     35391524     40960.00
     968.191     0.999979     35391639     46811.43
     976.895     0.999982     35391751     54613.33
     983.039     0.999985     35391858     65536.00
     985.087     0.999986     35391904     72817.78
     987.135     0.999988     35391969     81920.00
     988.671     0.999989     35392027     93622.86
     990.207     0.999991     35392082    109226.67
     991.231     0.999992     35392120    131072.00
     992.255     0.999993     35392158    145635.56
     992.767     0.999994     35392173    163840.00
     993.791     0.999995     35392204    187245.71
     994.815     0.999995     35392230    218453.33
     996.351     0.999996     35392253    262144.00
     997.375     0.999997     35392272    291271.11
     997.887     0.999997     35392290    327680.00
     998.399     0.999997     35392301    374491.43
     998.911     0.999998     35392308    436906.67
     999.935     0.999998     35392321    524288.00
    1000.959     0.999998     35392332    582542.22
    1001.471     0.999998     35392340    655360.00
    1001.983     0.999999     35392348    748982.86
    1001.983     0.999999     35392348    873813.33
    1003.007     0.999999     35392361   1048576.00
    1003.007     0.999999     35392361   1165084.44
    1003.007     0.999999     35392361   1310720.00
    1004.031     0.999999     35392372   1497965.71
    1004.031     0.999999     35392372   1747626.67
    1004.031     1.000000     35392372   2097152.00
    1004.543     1.000000     35392373   2330168.89
    1005.567     1.000000     35392377   2621440.00
    1005.567     1.000000     35392377   2995931.43
    1006.079     1.000000     35392380   3495253.33
    1006.079     1.000000     35392380   4194304.00
    1006.591     1.000000     35392381   4660337.78
    1007.103     1.000000     35392388   5242880.00
    1007.103     1.000000     35392388          inf
#[Mean    =        1.948, StdDeviation   =       12.227]
#[Max     =     1006.592, Total count    =     35392388]
#[Buckets =           27, SubBuckets     =         2048]
----------------------------------------------------------
  35992220 requests in 10.00m, 5.10GB read
Requests/sec:  59987.00
Transfer/sec:      8.70MB
