Running 10m test @ http://localhost:9999/math/plus?x=1&y=2
  16 threads and 400 connections
  Thread calibration: mean lat.: 39.567ms, rate sampling interval: 32ms
  Thread calibration: mean lat.: 48.012ms, rate sampling interval: 39ms
  Thread calibration: mean lat.: 10.683ms, rate sampling interval: 12ms
  Thread calibration: mean lat.: 2.428ms, rate sampling interval: 10ms
  Thread calibration: mean lat.: 39.652ms, rate sampling interval: 34ms
  Thread calibration: mean lat.: 39.833ms, rate sampling interval: 32ms
  Thread calibration: mean lat.: 10.797ms, rate sampling interval: 13ms
  Thread calibration: mean lat.: 35.630ms, rate sampling interval: 32ms
  Thread calibration: mean lat.: 22.979ms, rate sampling interval: 22ms
  Thread calibration: mean lat.: 31.350ms, rate sampling interval: 27ms
  Thread calibration: mean lat.: 64.610ms, rate sampling interval: 362ms
  Thread calibration: mean lat.: 35.304ms, rate sampling interval: 29ms
  Thread calibration: mean lat.: 27.047ms, rate sampling interval: 24ms
  Thread calibration: mean lat.: 80.978ms, rate sampling interval: 711ms
  Thread calibration: mean lat.: 15.339ms, rate sampling interval: 15ms
  Thread calibration: mean lat.: 51.848ms, rate sampling interval: 48ms
  Thread Stats   Avg      Stdev     Max   +/- Stdev
    Latency     2.78ms    4.35ms  53.15ms   89.96%
    Req/Sec     1.94k   519.65     7.50k    79.91%
  Latency Distribution (HdrHistogram - Recorded Latency)
 50.000%    1.40ms
 75.000%    2.11ms
 90.000%    7.19ms
 99.000%   21.33ms
 99.900%   26.91ms
 99.990%   32.83ms
 99.999%   39.87ms
100.000%   53.18ms

  Detailed Percentile spectrum:
       Value   Percentile   TotalCount 1/(1-Percentile)

       0.061     0.000000            1         1.00
       0.546     0.100000      1769911         1.11
       0.800     0.200000      3543747         1.25
       1.010     0.300000      5314648         1.43
       1.199     0.400000      7079348         1.67
       1.404     0.500000      8853561         2.00
       1.515     0.550000      9738812         2.22
       1.635     0.600000     10620844         2.50
       1.767     0.650000     11505926         2.86
       1.919     0.700000     12387518         3.33
       2.105     0.750000     13272599         4.00
       2.223     0.775000     13717369         4.44
       2.365     0.800000     14158131         5.00
       2.553     0.825000     14602524         5.71
       2.835     0.850000     15042153         6.67
       3.519     0.875000     15484332         8.00
       4.895     0.887500     15705748         8.89
       7.187     0.900000     15926711        10.00
       8.895     0.912500     16148197        11.43
      10.615     0.925000     16369123        13.33
      12.447     0.937500     16590971        16.00
      13.407     0.943750     16701210        17.78
      14.327     0.950000     16811838        20.00
      15.191     0.956250     16922853        22.86
      16.063     0.962500     17032976        26.67
      17.023     0.968750     17144612        32.00
      17.535     0.971875     17199923        35.56
      18.063     0.975000     17254845        40.00
      18.623     0.978125     17309875        45.71
      19.231     0.981250     17365659        53.33
      19.887     0.984375     17420135        64.00
      20.255     0.985938     17448482        71.11
      20.623     0.987500     17475174        80.00
      21.055     0.989062     17503685        91.43
      21.519     0.990625     17531171       106.67
      22.047     0.992188     17558580       128.00
      22.335     0.992969     17571965       142.22
      22.671     0.993750     17586206       160.00
      23.023     0.994531     17599837       182.86
      23.407     0.995313     17613410       213.33
      23.855     0.996094     17627447       256.00
      24.095     0.996484     17634199       284.44
      24.367     0.996875     17641028       320.00
      24.671     0.997266     17647922       365.71
      25.023     0.997656     17654921       426.67
      25.423     0.998047     17661765       512.00
      25.663     0.998242     17665325       568.89
      25.919     0.998437     17668753       640.00
      26.207     0.998633     17672190       731.43
      26.543     0.998828     17675545       853.33
      26.959     0.999023     17679061      1024.00
      27.199     0.999121     17680743      1137.78
      27.487     0.999219     17682538      1280.00
      27.791     0.999316     17684265      1462.86
      28.111     0.999414     17685907      1706.67
      28.575     0.999512     17687667      2048.00
      28.831     0.999561     17688546      2275.56
      29.103     0.999609     17689381      2560.00
      29.407     0.999658     17690231      2925.71
      29.791     0.999707     17691123      3413.33
      30.239     0.999756     17691966      4096.00
      30.527     0.999780     17692413      4551.11
      30.863     0.999805     17692835      5120.00
      31.247     0.999829     17693257      5851.43
      31.695     0.999854     17693684      6826.67
      32.255     0.999878     17694121      8192.00
      32.559     0.999890     17694341      9102.22
      32.895     0.999902     17694561     10240.00
      33.311     0.999915     17694772     11702.86
      33.823     0.999927     17694991     13653.33
      34.399     0.999939     17695197     16384.00
      34.687     0.999945     17695307     18204.44
      35.071     0.999951     17695415     20480.00
      35.487     0.999957     17695527     23405.71
      35.903     0.999963     17695636     27306.67
      36.511     0.999969     17695741     32768.00
      36.767     0.999973     17695791     36408.89
      37.119     0.999976     17695846     40960.00
      37.471     0.999979     17695897     46811.43
      37.919     0.999982     17695952     54613.33
      38.559     0.999985     17696009     65536.00
      38.815     0.999986     17696032     72817.78
      39.103     0.999988     17696058     81920.00
      39.551     0.999989     17696086     93622.86
      40.127     0.999991     17696112    109226.67
      40.735     0.999992     17696140    131072.00
      40.991     0.999993     17696153    145635.56
      41.183     0.999994     17696167    163840.00
      41.439     0.999995     17696180    187245.71
      41.919     0.999995     17696194    218453.33
      42.527     0.999996     17696207    262144.00
      42.847     0.999997     17696216    291271.11
      42.911     0.999997     17696220    327680.00
      43.199     0.999997     17696227    374491.43
      43.519     0.999998     17696234    436906.67
      44.063     0.999998     17696241    524288.00
      44.191     0.999998     17696245    582542.22
      44.351     0.999998     17696247    655360.00
      44.575     0.999999     17696252    748982.86
      45.055     0.999999     17696254    873813.33
      45.215     0.999999     17696258   1048576.00
      45.247     0.999999     17696259   1165084.44
      45.311     0.999999     17696261   1310720.00
      45.471     0.999999     17696264   1497965.71
      45.471     0.999999     17696264   1747626.67
      45.919     1.000000     17696266   2097152.00
      46.111     1.000000     17696268   2330168.89
      46.111     1.000000     17696268   2621440.00
      46.591     1.000000     17696269   2995931.43
      46.591     1.000000     17696269   3495253.33
      46.815     1.000000     17696270   4194304.00
      47.359     1.000000     17696271   4660337.78
      47.359     1.000000     17696271   5242880.00
      47.711     1.000000     17696272   5991862.86
      47.711     1.000000     17696272   6990506.67
      47.711     1.000000     17696272   8388608.00
      50.559     1.000000     17696273   9320675.55
      50.559     1.000000     17696273  10485760.00
      50.559     1.000000     17696273  11983725.71
      50.559     1.000000     17696273  13981013.34
      50.559     1.000000     17696273  16777216.00
      53.183     1.000000     17696274  18641351.10
      53.183     1.000000     17696274          inf
#[Mean    =        2.778, StdDeviation   =        4.347]
#[Max     =       53.152, Total count    =     17696274]
#[Buckets =           27, SubBuckets     =         2048]
----------------------------------------------------------
  17996287 requests in 10.00m, 2.55GB read
Requests/sec:  29993.82
Transfer/sec:      4.35MB
