Running 10m test @ http://localhost:9999/math/plus?x=1&y=2
  16 threads and 400 connections
  Thread calibration: mean lat.: 31.432ms, rate sampling interval: 10ms
  Thread calibration: mean lat.: 6.448ms, rate sampling interval: 10ms
  Thread calibration: mean lat.: 53.672ms, rate sampling interval: 57ms
  Thread calibration: mean lat.: 27.238ms, rate sampling interval: 10ms
  Thread calibration: mean lat.: 10.765ms, rate sampling interval: 10ms
  Thread calibration: mean lat.: 48.302ms, rate sampling interval: 44ms
  Thread calibration: mean lat.: 27.106ms, rate sampling interval: 10ms
  Thread calibration: mean lat.: 6.485ms, rate sampling interval: 10ms
  Thread calibration: mean lat.: 35.711ms, rate sampling interval: 12ms
  Thread calibration: mean lat.: 52.521ms, rate sampling interval: 59ms
  Thread calibration: mean lat.: 48.701ms, rate sampling interval: 46ms
  Thread calibration: mean lat.: 53.503ms, rate sampling interval: 60ms
  Thread calibration: mean lat.: 36.526ms, rate sampling interval: 11ms
  Thread calibration: mean lat.: 23.304ms, rate sampling interval: 10ms
  Thread calibration: mean lat.: 6.794ms, rate sampling interval: 10ms
  Thread calibration: mean lat.: 35.738ms, rate sampling interval: 14ms
  Thread Stats   Avg      Stdev     Max   +/- Stdev
    Latency     2.66ms    9.18ms   1.00s    96.44%
    Req/Sec     3.28k   691.90    14.20k    76.28%
  Latency Distribution (HdrHistogram - Recorded Latency)
 50.000%    1.84ms
 75.000%    2.47ms
 90.000%    3.23ms
 99.000%   23.31ms
 99.900%   30.88ms
 99.990%  530.43ms
 99.999%  955.90ms
100.000%    1.00s 

  Detailed Percentile spectrum:
       Value   Percentile   TotalCount 1/(1-Percentile)

       0.061     0.000000            1         1.00
       0.660     0.100000      2952732         1.11
       1.000     0.200000      5904173         1.25
       1.306     0.300000      8855112         1.43
       1.594     0.400000     11806418         1.67
       1.841     0.500000     14751507         2.00
       1.960     0.550000     16228719         2.22
       2.079     0.600000     17699123         2.50
       2.203     0.650000     19186578         2.86
       2.331     0.700000     20646091         3.33
       2.473     0.750000     22135957         4.00
       2.551     0.775000     22874602         4.44
       2.635     0.800000     23597128         5.00
       2.733     0.825000     24336505         5.71
       2.851     0.850000     25080131         6.67
       3.001     0.875000     25810292         8.00
       3.101     0.887500     26181977         8.89
       3.229     0.900000     26547526        10.00
       3.415     0.912500     26915188        11.43
       3.733     0.925000     27282840        13.33
       4.399     0.937500     27650600        16.00
       4.975     0.943750     27834747        17.78
       6.315     0.950000     28019263        20.00
       8.407     0.956250     28203690        22.86
      11.039     0.962500     28387919        26.67
      13.823     0.968750     28572125        32.00
      15.247     0.971875     28664346        35.56
      16.671     0.975000     28756461        40.00
      18.127     0.978125     28849376        45.71
      19.471     0.981250     28940848        53.33
      20.831     0.984375     29033351        64.00
      21.503     0.985938     29078955        71.11
      22.191     0.987500     29125258        80.00
      22.895     0.989062     29171934        91.43
      23.615     0.990625     29218232       106.67
      24.335     0.992188     29263369       128.00
      24.719     0.992969     29286633       142.22
      25.135     0.993750     29310064       160.00
      25.583     0.994531     29332992       182.86
      26.095     0.995313     29356078       213.33
      26.671     0.996094     29378637       256.00
      27.007     0.996484     29390524       284.44
      27.359     0.996875     29401700       320.00
      27.759     0.997266     29413401       365.71
      28.207     0.997656     29424724       426.67
      28.767     0.998047     29436323       512.00
      29.087     0.998242     29442043       568.89
      29.439     0.998437     29447749       640.00
      29.855     0.998633     29453491       731.43
      30.351     0.998828     29459276       853.33
      30.959     0.999023     29464929      1024.00
      31.343     0.999121     29467885      1137.78
      31.759     0.999219     29470743      1280.00
      32.223     0.999316     29473541      1462.86
      32.863     0.999414     29476469      1706.67
      33.759     0.999512     29479351      2048.00
      34.367     0.999561     29480763      2275.56
      35.135     0.999609     29482185      2560.00
      36.159     0.999658     29483612      2925.71
      37.599     0.999707     29485050      3413.33
      39.871     0.999756     29486495      4096.00
      42.207     0.999780     29487212      4551.11
      79.871     0.999805     29487929      5120.00
     195.967     0.999829     29488649      5851.43
     310.783     0.999854     29489369      6826.67
     425.727     0.999878     29490089      8192.00
     483.839     0.999890     29490449      9102.22
     540.671     0.999902     29490811     10240.00
     599.039     0.999915     29491175     11702.86
     655.871     0.999927     29491532     13653.33
     714.239     0.999939     29491890     16384.00
     743.423     0.999945     29492078     18204.44
     771.583     0.999951     29492253     20480.00
     799.743     0.999957     29492434     23405.71
     828.927     0.999963     29492611     27306.67
     857.599     0.999969     29492789     32768.00
     871.935     0.999973     29492880     36408.89
     887.807     0.999976     29492970     40960.00
     900.607     0.999979     29493061     46811.43
     915.455     0.999982     29493153     54613.33
     929.791     0.999985     29493240     65536.00
     935.935     0.999986     29493285     72817.78
     944.127     0.999988     29493334     81920.00
     951.295     0.999989     29493378     93622.86
     959.999     0.999991     29493424    109226.67
     966.143     0.999992     29493464    131072.00
     969.215     0.999993     29493488    145635.56
     972.287     0.999994     29493511    163840.00
     976.383     0.999995     29493534    187245.71
     980.479     0.999995     29493555    218453.33
     983.551     0.999996     29493579    262144.00
     985.599     0.999997     29493589    291271.11
     988.671     0.999997     29493604    327680.00
     989.183     0.999997     29493611    374491.43
     991.743     0.999998     29493624    436906.67
     992.767     0.999998     29493633    524288.00
     994.815     0.999998     29493640    582542.22
     996.351     0.999998     29493652    655360.00
     996.351     0.999999     29493652    748982.86
     996.863     0.999999     29493657    873813.33
     997.375     0.999999     29493662   1048576.00
     998.399     0.999999     29493665   1165084.44
     998.911     0.999999     29493677   1310720.00
     998.911     0.999999     29493677   1497965.71
     998.911     0.999999     29493677   1747626.67
     998.911     1.000000     29493677   2097152.00
     998.911     1.000000     29493677   2330168.89
     999.423     1.000000     29493680   2621440.00
     999.423     1.000000     29493680   2995931.43
     999.935     1.000000     29493685   3495253.33
     999.935     1.000000     29493685   4194304.00
     999.935     1.000000     29493685   4660337.78
     999.935     1.000000     29493685   5242880.00
     999.935     1.000000     29493685   5991862.86
     999.935     1.000000     29493685   6990506.67
    1001.471     1.000000     29493688   8388608.00
    1001.471     1.000000     29493688   9320675.55
    1001.471     1.000000     29493688  10485760.00
    1001.471     1.000000     29493688  11983725.71
    1001.471     1.000000     29493688  13981013.34
    1001.471     1.000000     29493688  16777216.00
    1001.471     1.000000     29493688  18641351.10
    1001.471     1.000000     29493688  20971519.98
    1001.471     1.000000     29493688  23967451.45
    1001.471     1.000000     29493688  27962026.68
    1001.983     1.000000     29493689  33554432.00
    1001.983     1.000000     29493689          inf
#[Mean    =        2.656, StdDeviation   =        9.179]
#[Max     =     1001.472, Total count    =     29493689]
#[Buckets =           27, SubBuckets     =         2048]
----------------------------------------------------------
  29996423 requests in 10.00m, 4.25GB read
Requests/sec:  49994.00
Transfer/sec:      7.25MB
