Running 60m test @ http://localhost:9999/math/plus?x=1&y=2
  16 threads and 400 connections
  Thread calibration: mean lat.: 22.148ms, rate sampling interval: 15ms
  Thread calibration: mean lat.: 14.049ms, rate sampling interval: 12ms
  Thread calibration: mean lat.: 22.180ms, rate sampling interval: 15ms
  Thread calibration: mean lat.: 9.975ms, rate sampling interval: 10ms
  Thread calibration: mean lat.: 26.298ms, rate sampling interval: 17ms
  Thread calibration: mean lat.: 1.837ms, rate sampling interval: 10ms
  Thread calibration: mean lat.: 5.929ms, rate sampling interval: 10ms
  Thread calibration: mean lat.: 1.870ms, rate sampling interval: 10ms
  Thread calibration: mean lat.: 1.844ms, rate sampling interval: 10ms
  Thread calibration: mean lat.: 34.281ms, rate sampling interval: 21ms
  Thread calibration: mean lat.: 34.280ms, rate sampling interval: 21ms
  Thread calibration: mean lat.: 14.117ms, rate sampling interval: 12ms
  Thread calibration: mean lat.: 1.826ms, rate sampling interval: 10ms
  Thread calibration: mean lat.: 26.134ms, rate sampling interval: 17ms
  Thread calibration: mean lat.: 17.998ms, rate sampling interval: 13ms
  Thread calibration: mean lat.: 18.247ms, rate sampling interval: 13ms
  Thread Stats   Avg      Stdev     Max   +/- Stdev
    Latency     1.67ms    2.83ms  44.48ms   92.69%
    Req/Sec     1.96k   280.17     8.33k    80.42%
  Latency Distribution (HdrHistogram - Recorded Latency)
 50.000%    0.96ms
 75.000%    1.31ms
 90.000%    1.88ms
 99.000%   15.30ms
 99.900%   20.14ms
 99.990%   25.90ms
 99.999%   31.33ms
100.000%   44.51ms

  Detailed Percentile spectrum:
       Value   Percentile   TotalCount 1/(1-Percentile)

       0.061     0.000000            1         1.00
       0.371     0.100000     10779615         1.11
       0.539     0.200000     21577654         1.25
       0.688     0.300000     32334389         1.43
       0.830     0.400000     43135216         1.67
       0.964     0.500000     53893034         2.00
       1.029     0.550000     59256132         2.22
       1.094     0.600000     64635417         2.50
       1.160     0.650000     70063019         2.86
       1.230     0.700000     75443533         3.33
       1.309     0.750000     80812984         4.00
       1.355     0.775000     83474075         4.44
       1.409     0.800000     86170315         5.00
       1.474     0.825000     88874198         5.71
       1.557     0.850000     91558766         6.67
       1.674     0.875000     94235075         8.00
       1.757     0.887500     95581645         8.89
       1.878     0.900000     96926821        10.00
       2.155     0.912500     98276265        11.43
       4.159     0.925000     99620837        13.33
       6.163     0.937500    100967369        16.00
       7.259     0.943750    101638906        17.78
       8.319     0.950000    102313651        20.00
       9.407     0.956250    102986396        22.86
      10.487     0.962500    103661042        26.67
      11.503     0.968750    104334180        32.00
      12.015     0.971875    104672206        35.56
      12.527     0.975000    105007436        40.00
      13.047     0.978125    105342842        45.71
      13.591     0.981250    105679731        53.33
      14.159     0.984375    106015850        64.00
      14.455     0.985938    106183391        71.11
      14.767     0.987500    106353980        80.00
      15.095     0.989062    106522294        91.43
      15.447     0.990625    106689137       106.67
      15.839     0.992188    106855270       128.00
      16.063     0.992969    106940589       142.22
      16.303     0.993750    107023654       160.00
      16.575     0.994531    107107347       182.86
      16.895     0.995313    107193326       213.33
      17.263     0.996094    107276869       256.00
      17.471     0.996484    107318176       284.44
      17.711     0.996875    107360516       320.00
      17.983     0.997266    107403489       365.71
      18.287     0.997656    107444655       426.67
      18.655     0.998047    107486280       512.00
      18.879     0.998242    107507866       568.89
      19.119     0.998437    107528028       640.00
      19.423     0.998633    107550075       731.43
      19.759     0.998828    107570199       853.33
      20.191     0.999023    107591218      1024.00
      20.447     0.999121    107601603      1137.78
      20.751     0.999219    107612316      1280.00
      21.087     0.999316    107622886      1462.86
      21.471     0.999414    107633348      1706.67
      21.935     0.999512    107643848      2048.00
      22.207     0.999561    107649116      2275.56
      22.495     0.999609    107654333      2560.00
      22.831     0.999658    107659555      2925.71
      23.215     0.999707    107664745      3413.33
      23.663     0.999756    107670034      4096.00
      23.919     0.999780    107672624      4551.11
      24.207     0.999805    107675240      5120.00
      24.543     0.999829    107677893      5851.43
      24.927     0.999854    107680479      6826.67
      25.391     0.999878    107683105      8192.00
      25.663     0.999890    107684430      9102.22
      25.967     0.999902    107685789     10240.00
      26.287     0.999915    107687051     11702.86
      26.671     0.999927    107688361     13653.33
      27.119     0.999939    107689681     16384.00
      27.407     0.999945    107690356     18204.44
      27.695     0.999951    107690991     20480.00
      28.031     0.999957    107691664     23405.71
      28.383     0.999963    107692301     27306.67
      28.831     0.999969    107692970     32768.00
      29.071     0.999973    107693284     36408.89
      29.343     0.999976    107693625     40960.00
      29.647     0.999979    107693951     46811.43
      29.999     0.999982    107694273     54613.33
      30.447     0.999985    107694608     65536.00
      30.687     0.999986    107694769     72817.78
      30.927     0.999988    107694932     81920.00
      31.215     0.999989    107695095     93622.86
      31.439     0.999991    107695258    109226.67
      31.775     0.999992    107695420    131072.00
      32.015     0.999993    107695502    145635.56
      32.303     0.999994    107695587    163840.00
      32.607     0.999995    107695671    187245.71
      32.895     0.999995    107695751    218453.33
      33.279     0.999996    107695831    262144.00
      33.535     0.999997    107695874    291271.11
      33.855     0.999997    107695918    327680.00
      34.175     0.999997    107695960    374491.43
      34.399     0.999998    107695998    436906.67
      34.751     0.999998    107696040    524288.00
      35.167     0.999998    107696057    582542.22
      35.583     0.999998    107696077    655360.00
      35.935     0.999999    107696098    748982.86
      36.351     0.999999    107696120    873813.33
      36.799     0.999999    107696139   1048576.00
      37.055     0.999999    107696150   1165084.44
      37.279     0.999999    107696161   1310720.00
      37.471     0.999999    107696170   1497965.71
      37.631     0.999999    107696180   1747626.67
      37.951     1.000000    107696190   2097152.00
      38.271     1.000000    107696197   2330168.89
      38.591     1.000000    107696200   2621440.00
      39.039     1.000000    107696206   2995931.43
      39.135     1.000000    107696211   3495253.33
      39.679     1.000000    107696216   4194304.00
      39.903     1.000000    107696218   4660337.78
      40.095     1.000000    107696221   5242880.00
      40.351     1.000000    107696224   5991862.86
      40.703     1.000000    107696226   6990506.67
      41.119     1.000000    107696230   8388608.00
      41.119     1.000000    107696230   9320675.55
      41.151     1.000000    107696231  10485760.00
      41.727     1.000000    107696233  11983725.71
      41.887     1.000000    107696234  13981013.34
      42.079     1.000000    107696236  16777216.00
      42.079     1.000000    107696236  18641351.10
      42.079     1.000000    107696236  20971519.98
      42.239     1.000000    107696237  23967451.45
      43.999     1.000000    107696238  27962026.68
      43.999     1.000000    107696238  33554432.00
      44.095     1.000000    107696239  37282702.28
      44.095     1.000000    107696239  41943039.96
      44.095     1.000000    107696239  47934902.91
      44.351     1.000000    107696240  55924053.19
      44.351     1.000000    107696240  67108864.00
      44.351     1.000000    107696240  74565404.57
      44.351     1.000000    107696240  83886080.31
      44.351     1.000000    107696240  95869805.31
      44.511     1.000000    107696241 111848106.39
      44.511     1.000000    107696241          inf
#[Mean    =        1.669, StdDeviation   =        2.827]
#[Max     =       44.480, Total count    =    107696241]
#[Buckets =           27, SubBuckets     =         2048]
----------------------------------------------------------
  107998202 requests in 60.00m, 15.29GB read
Requests/sec:  29999.50
Transfer/sec:      4.35MB
