Running 60m test @ http://localhost:9999/math/plus?x=1&y=2
  16 threads and 400 connections
  Thread calibration: mean lat.: 41.936ms, rate sampling interval: 59ms
  Thread calibration: mean lat.: 12.597ms, rate sampling interval: 29ms
  Thread calibration: mean lat.: 41.947ms, rate sampling interval: 59ms
  Thread calibration: mean lat.: 41.926ms, rate sampling interval: 58ms
  Thread calibration: mean lat.: 43.283ms, rate sampling interval: 57ms
  Thread calibration: mean lat.: 24.777ms, rate sampling interval: 39ms
  Thread calibration: mean lat.: 41.893ms, rate sampling interval: 58ms
  Thread calibration: mean lat.: 41.808ms, rate sampling interval: 58ms
  Thread calibration: mean lat.: 12.207ms, rate sampling interval: 29ms
  Thread calibration: mean lat.: 12.162ms, rate sampling interval: 29ms
  Thread calibration: mean lat.: 3.770ms, rate sampling interval: 19ms
  Thread calibration: mean lat.: 12.134ms, rate sampling interval: 30ms
  Thread calibration: mean lat.: 12.637ms, rate sampling interval: 30ms
  Thread calibration: mean lat.: 12.206ms, rate sampling interval: 30ms
  Thread calibration: mean lat.: 41.930ms, rate sampling interval: 59ms
  Thread calibration: mean lat.: 7.740ms, rate sampling interval: 23ms
  Thread Stats   Avg      Stdev     Max   +/- Stdev
    Latency     4.28ms    9.31ms   1.00s    88.75%
    Req/Sec     3.18k   603.54     9.64k    80.64%
  Latency Distribution (HdrHistogram - Recorded Latency)
 50.000%    1.28ms
 75.000%    1.90ms
 90.000%   16.40ms
 99.000%   34.27ms
 99.900%   39.33ms
 99.990%   47.17ms
 99.999%  859.65ms
100.000%    1.00s 

  Detailed Percentile spectrum:
       Value   Percentile   TotalCount 1/(1-Percentile)

       0.060     0.000000            4         1.00
       0.486     0.100000     17956908         1.11
       0.719     0.200000     35913026         1.25
       0.919     0.300000     53905131         1.43
       1.104     0.400000     71856023         1.67
       1.285     0.500000     89812488         2.00
       1.379     0.550000     98805996         2.22
       1.481     0.600000    107772580         2.50
       1.595     0.650000    116703699         2.86
       1.730     0.700000    125700827         3.33
       1.898     0.750000    134622774         4.00
       2.014     0.775000    139119302         4.44
       2.195     0.800000    143610700         5.00
       2.683     0.825000    148085467         5.71
       5.803     0.850000    152571814         6.67
      11.087     0.875000    157060165         8.00
      13.599     0.887500    159301387         8.89
      16.399     0.900000    161550839        10.00
      18.911     0.912500    163802008        11.43
      21.407     0.925000    166044870        13.33
      24.111     0.937500    168279584        16.00
      25.375     0.943750    169400614        17.78
      26.559     0.950000    170528988        20.00
      27.695     0.956250    171647844        22.86
      28.815     0.962500    172772896        26.67
      29.871     0.968750    173895164        32.00
      30.351     0.971875    174445620        35.56
      30.847     0.975000    175024322        40.00
      31.359     0.978125    175583018        45.71
      31.935     0.981250    176130814        53.33
      32.639     0.984375    176691088        64.00
      33.055     0.985938    176978557        71.11
      33.503     0.987500    177264573        80.00
      33.983     0.989062    177547815        91.43
      34.495     0.990625    177826384       106.67
      35.039     0.992188    178099744       128.00
      35.327     0.992969    178237809       142.22
      35.647     0.993750    178384689       160.00
      35.967     0.994531    178524179       182.86
      36.287     0.995313    178653197       213.33
      36.703     0.996094    178802728       256.00
      36.895     0.996484    178863739       284.44
      37.151     0.996875    178937986       320.00
      37.407     0.997266    179004654       365.71
      37.727     0.997656    179078522       426.67
      38.079     0.998047    179148105       512.00
      38.271     0.998242    179181422       568.89
      38.495     0.998437    179217155       640.00
      38.719     0.998633    179248745       731.43
      39.007     0.998828    179283766       853.33
      39.359     0.999023    179318799      1024.00
      39.583     0.999121    179337314      1137.78
      39.807     0.999219    179353550      1280.00
      40.095     0.999316    179371022      1462.86
      40.479     0.999414    179389683      1706.67
      40.927     0.999512    179406879      2048.00
      41.183     0.999561    179415007      2275.56
      41.535     0.999609    179424196      2560.00
      41.919     0.999658    179432485      2925.71
      42.431     0.999707    179441519      3413.33
      43.039     0.999756    179449994      4096.00
      43.423     0.999780    179454263      4551.11
      43.871     0.999805    179458676      5120.00
      44.447     0.999829    179463137      5851.43
      45.119     0.999854    179467428      6826.67
      46.015     0.999878    179471852      8192.00
      46.591     0.999890    179473993      9102.22
      47.327     0.999902    179476163     10240.00
      48.319     0.999915    179478369     11702.86
      50.367     0.999927    179480547     13653.33
     126.143     0.999939    179482725     16384.00
     214.015     0.999945    179483822     18204.44
     302.079     0.999951    179484921     20480.00
     389.887     0.999957    179486012     23405.71
     477.695     0.999963    179487107     27306.67
     564.223     0.999969    179488203     32768.00
     608.767     0.999973    179488754     36408.89
     652.287     0.999976    179489301     40960.00
     696.319     0.999979    179489851     46811.43
     740.351     0.999982    179490395     54613.33
     783.359     0.999985    179490944     65536.00
     805.887     0.999986    179491216     72817.78
     827.391     0.999988    179491494     81920.00
     849.919     0.999989    179491766     93622.86
     872.959     0.999991    179492039    109226.67
     893.951     0.999992    179492321    131072.00
     905.215     0.999993    179492454    145635.56
     915.455     0.999994    179492585    163840.00
     926.719     0.999995    179492728    187245.71
     939.007     0.999995    179492860    218453.33
     949.759     0.999996    179492999    262144.00
     953.855     0.999997    179493064    291271.11
     958.975     0.999997    179493133    327680.00
     965.119     0.999997    179493202    374491.43
     970.751     0.999998    179493277    436906.67
     975.359     0.999998    179493339    524288.00
     978.431     0.999998    179493374    582542.22
     981.503     0.999998    179493407    655360.00
     983.551     0.999999    179493442    748982.86
     986.623     0.999999    179493476    873813.33
     989.695     0.999999    179493509   1048576.00
     990.719     0.999999    179493534   1165084.44
     991.231     0.999999    179493549   1310720.00
     993.791     0.999999    179493562   1497965.71
     994.815     0.999999    179493578   1747626.67
     995.839     1.000000    179493601   2097152.00
     996.863     1.000000    179493605   2330168.89
     997.887     1.000000    179493623   2621440.00
     997.887     1.000000    179493623   2995931.43
     998.399     1.000000    179493634   3495253.33
     998.911     1.000000    179493644   4194304.00
     998.911     1.000000    179493644   4660337.78
     999.935     1.000000    179493651   5242880.00
     999.935     1.000000    179493651   5991862.86
    1002.495     1.000000    179493664   6990506.67
    1002.495     1.000000    179493664   8388608.00
    1002.495     1.000000    179493664   9320675.55
    1002.495     1.000000    179493664  10485760.00
    1003.007     1.000000    179493672  11983725.71
    1003.007     1.000000    179493672  13981013.34
    1003.007     1.000000    179493672  16777216.00
    1003.007     1.000000    179493672  18641351.10
    1003.007     1.000000    179493672  20971519.98
    1003.519     1.000000    179493680  23967451.45
    1003.519     1.000000    179493680          inf
#[Mean    =        4.276, StdDeviation   =        9.314]
#[Max     =     1003.008, Total count    =    179493680]
#[Buckets =           27, SubBuckets     =         2048]
----------------------------------------------------------
  179993445 requests in 60.00m, 25.48GB read
Requests/sec:  49998.17
Transfer/sec:      7.25MB
