Running 10m test @ http://localhost:9999/math/plus?x=1&y=2
  16 threads and 400 connections
  Thread calibration: mean lat.: 5.661ms, rate sampling interval: 10ms
  Thread calibration: mean lat.: 9.910ms, rate sampling interval: 10ms
  Thread calibration: mean lat.: 14.027ms, rate sampling interval: 10ms
  Thread calibration: mean lat.: 5.661ms, rate sampling interval: 10ms
  Thread calibration: mean lat.: 1.354ms, rate sampling interval: 10ms
  Thread calibration: mean lat.: 1.354ms, rate sampling interval: 10ms
  Thread calibration: mean lat.: 9.923ms, rate sampling interval: 10ms
  Thread calibration: mean lat.: 9.811ms, rate sampling interval: 10ms
  Thread calibration: mean lat.: 9.859ms, rate sampling interval: 10ms
  Thread calibration: mean lat.: 26.033ms, rate sampling interval: 10ms
  Thread calibration: mean lat.: 9.852ms, rate sampling interval: 10ms
  Thread calibration: mean lat.: 22.175ms, rate sampling interval: 10ms
  Thread calibration: mean lat.: 13.582ms, rate sampling interval: 10ms
  Thread calibration: mean lat.: 1.375ms, rate sampling interval: 10ms
  Thread calibration: mean lat.: 9.844ms, rate sampling interval: 10ms
  Thread calibration: mean lat.: 14.053ms, rate sampling interval: 10ms
  Thread Stats   Avg      Stdev     Max   +/- Stdev
    Latency     1.32ms    1.69ms  36.10ms   96.05%
    Req/Sec     1.98k   439.27     6.89k    80.36%
  Latency Distribution (HdrHistogram - Recorded Latency)
 50.000%    1.04ms
 75.000%    1.43ms
 90.000%    1.85ms
 99.000%   10.66ms
 99.900%   17.93ms
 99.990%   23.93ms
 99.999%   30.54ms
100.000%   36.13ms

  Detailed Percentile spectrum:
       Value   Percentile   TotalCount 1/(1-Percentile)

       0.063     0.000000            1         1.00
       0.396     0.100000      1770069         1.11
       0.582     0.200000      3542588         1.25
       0.746     0.300000      5315860         1.43
       0.898     0.400000      7085988         1.67
       1.043     0.500000      8849864         2.00
       1.114     0.550000      9733580         2.22
       1.185     0.600000     10622207         2.50
       1.259     0.650000     11509444         2.86
       1.339     0.700000     12397523         3.33
       1.429     0.750000     13275768         4.00
       1.480     0.775000     13720105         4.44
       1.535     0.800000     14157968         5.00
       1.597     0.825000     14604399         5.71
       1.666     0.850000     15046587         6.67
       1.747     0.875000     15488789         8.00
       1.794     0.887500     15706401         8.89
       1.850     0.900000     15930152        10.00
       1.916     0.912500     16147923        11.43
       2.003     0.925000     16370103        13.33
       2.131     0.937500     16592499        16.00
       2.229     0.943750     16701692        17.78
       2.381     0.950000     16812373        20.00
       2.659     0.956250     16922156        22.86
       3.281     0.962500     17032723        26.67
       4.427     0.968750     17143477        32.00
       5.143     0.971875     17198691        35.56
       5.867     0.975000     17254077        40.00
       6.735     0.978125     17309293        45.71
       7.687     0.981250     17364538        53.33
       8.631     0.984375     17420010        64.00
       9.151     0.985938     17447483        71.11
       9.703     0.987500     17475076        80.00
      10.295     0.989062     17502946        91.43
      10.935     0.990625     17530456       106.67
      11.655     0.992188     17558273       128.00
      11.991     0.992969     17572001       142.22
      12.359     0.993750     17585902       160.00
      12.807     0.994531     17599563       182.86
      13.351     0.995313     17613391       213.33
      13.975     0.996094     17627201       256.00
      14.311     0.996484     17634123       284.44
      14.671     0.996875     17641031       320.00
      15.079     0.997266     17647956       365.71
      15.527     0.997656     17654856       426.67
      16.015     0.998047     17661740       512.00
      16.303     0.998242     17665141       568.89
      16.639     0.998437     17668575       640.00
      17.039     0.998633     17672058       731.43
      17.487     0.998828     17675514       853.33
      17.999     0.999023     17679014      1024.00
      18.287     0.999121     17680687      1137.78
      18.591     0.999219     17682414      1280.00
      18.943     0.999316     17684135      1462.86
      19.375     0.999414     17685896      1706.67
      19.855     0.999512     17687615      2048.00
      20.143     0.999561     17688498      2275.56
      20.447     0.999609     17689334      2560.00
      20.783     0.999658     17690204      2925.71
      21.183     0.999707     17691067      3413.33
      21.647     0.999756     17691923      4096.00
      21.919     0.999780     17692335      4551.11
      22.207     0.999805     17692785      5120.00
      22.543     0.999829     17693206      5851.43
      22.927     0.999854     17693650      6826.67
      23.407     0.999878     17694075      8192.00
      23.679     0.999890     17694284      9102.22
      23.999     0.999902     17694500     10240.00
      24.447     0.999915     17694716     11702.86
      24.879     0.999927     17694929     13653.33
      25.359     0.999939     17695147     16384.00
      25.679     0.999945     17695254     18204.44
      26.031     0.999951     17695360     20480.00
      26.447     0.999957     17695472     23405.71
      26.831     0.999963     17695580     27306.67
      27.359     0.999969     17695685     32768.00
      27.679     0.999973     17695741     36408.89
      27.999     0.999976     17695792     40960.00
      28.527     0.999979     17695847     46811.43
      28.991     0.999982     17695901     54613.33
      29.567     0.999985     17695953     65536.00
      29.871     0.999986     17695981     72817.78
      30.191     0.999988     17696008     81920.00
      30.447     0.999989     17696036     93622.86
      30.719     0.999991     17696062    109226.67
      31.087     0.999992     17696088    131072.00
      31.215     0.999993     17696102    145635.56
      31.359     0.999994     17696115    163840.00
      31.583     0.999995     17696129    187245.71
      31.759     0.999995     17696142    218453.33
      32.047     0.999996     17696156    262144.00
      32.175     0.999997     17696163    291271.11
      32.335     0.999997     17696170    327680.00
      32.607     0.999997     17696176    374491.43
      32.799     0.999998     17696183    436906.67
      32.991     0.999998     17696190    524288.00
      33.087     0.999998     17696193    582542.22
      33.215     0.999998     17696196    655360.00
      33.375     0.999999     17696200    748982.86
      33.599     0.999999     17696203    873813.33
      33.759     0.999999     17696207   1048576.00
      33.823     0.999999     17696208   1165084.44
      33.919     0.999999     17696210   1310720.00
      34.111     0.999999     17696212   1497965.71
      34.143     0.999999     17696214   1747626.67
      34.591     1.000000     17696215   2097152.00
      34.751     1.000000     17696216   2330168.89
      34.911     1.000000     17696218   2621440.00
      34.911     1.000000     17696218   2995931.43
      34.911     1.000000     17696218   3495253.33
      34.975     1.000000     17696219   4194304.00
      35.327     1.000000     17696220   4660337.78
      35.327     1.000000     17696220   5242880.00
      35.423     1.000000     17696221   5991862.86
      35.423     1.000000     17696221   6990506.67
      35.423     1.000000     17696221   8388608.00
      35.487     1.000000     17696222   9320675.55
      35.487     1.000000     17696222  10485760.00
      35.487     1.000000     17696222  11983725.71
      35.487     1.000000     17696222  13981013.34
      35.487     1.000000     17696222  16777216.00
      36.127     1.000000     17696223  18641351.10
      36.127     1.000000     17696223          inf
#[Mean    =        1.324, StdDeviation   =        1.693]
#[Max     =       36.096, Total count    =     17696223]
#[Buckets =           27, SubBuckets     =         2048]
----------------------------------------------------------
  17996454 requests in 10.00m, 2.55GB read
Requests/sec:  29994.12
Transfer/sec:      4.35MB
