Running 10m test @ http://localhost:9999/math/plus?x=1&y=2
  16 threads and 400 connections
  Thread calibration: mean lat.: 15.342ms, rate sampling interval: 25ms
  Thread calibration: mean lat.: 48.011ms, rate sampling interval: 46ms
  Thread calibration: mean lat.: 3.011ms, rate sampling interval: 19ms
  Thread calibration: mean lat.: 3.016ms, rate sampling interval: 19ms
  Thread calibration: mean lat.: 3.067ms, rate sampling interval: 19ms
  Thread calibration: mean lat.: 3.065ms, rate sampling interval: 19ms
  Thread calibration: mean lat.: 27.536ms, rate sampling interval: 31ms
  Thread calibration: mean lat.: 40.561ms, rate sampling interval: 40ms
  Thread calibration: mean lat.: 7.170ms, rate sampling interval: 22ms
  Thread calibration: mean lat.: 11.294ms, rate sampling interval: 23ms
  Thread calibration: mean lat.: 36.129ms, rate sampling interval: 37ms
  Thread calibration: mean lat.: 3.026ms, rate sampling interval: 20ms
  Thread calibration: mean lat.: 11.475ms, rate sampling interval: 24ms
  Thread calibration: mean lat.: 43.981ms, rate sampling interval: 41ms
  Thread calibration: mean lat.: 43.920ms, rate sampling interval: 41ms
  Thread calibration: mean lat.: 43.897ms, rate sampling interval: 41ms
  Thread Stats   Avg      Stdev     Max   +/- Stdev
    Latency     2.49ms    9.37ms   1.00s    93.38%
    Req/Sec     1.92k   291.33     5.00k    78.97%
  Latency Distribution (HdrHistogram - Recorded Latency)
 50.000%    1.01ms
 75.000%    1.42ms
 90.000%    7.13ms
 99.000%   19.92ms
 99.900%   26.06ms
 99.990%  526.34ms
 99.999%  951.29ms
100.000%    1.00s 

  Detailed Percentile spectrum:
       Value   Percentile   TotalCount 1/(1-Percentile)

       0.060     0.000000            1         1.00
       0.391     0.100000      1775421         1.11
       0.567     0.200000      3539391         1.25
       0.723     0.300000      5318725         1.43
       0.869     0.400000      7087724         1.67
       1.011     0.500000      8852858         2.00
       1.083     0.550000      9745590         2.22
       1.155     0.600000     10628605         2.50
       1.231     0.650000     11513929         2.86
       1.315     0.700000     12390853         3.33
       1.422     0.750000     13278937         4.00
       1.489     0.775000     13716452         4.44
       1.573     0.800000     14158547         5.00
       1.687     0.825000     14600251         5.71
       1.877     0.850000     15042256         6.67
       3.435     0.875000     15484711         8.00
       5.587     0.887500     15706227         8.89
       7.131     0.900000     15927265        10.00
       8.871     0.912500     16148844        11.43
      10.655     0.925000     16369585        13.33
      12.399     0.937500     16591253        16.00
      13.271     0.943750     16702132        17.78
      14.079     0.950000     16812588        20.00
      14.839     0.956250     16923344        22.86
      15.623     0.962500     17033629        26.67
      16.463     0.968750     17143871        32.00
      16.895     0.971875     17200362        35.56
      17.327     0.975000     17256431        40.00
      17.759     0.978125     17309822        45.71
      18.239     0.981250     17364981        53.33
      18.783     0.984375     17421751        64.00
      19.071     0.985938     17449060        71.11
      19.375     0.987500     17476097        80.00
      19.711     0.989062     17503970        91.43
      20.079     0.990625     17531379       106.67
      20.511     0.992188     17559105       128.00
      20.751     0.992969     17572936       142.22
      21.007     0.993750     17586354       160.00
      21.311     0.994531     17600544       182.86
      21.647     0.995313     17614187       213.33
      22.047     0.996094     17627977       256.00
      22.287     0.996484     17634944       284.44
      22.559     0.996875     17641732       320.00
      22.879     0.997266     17648552       365.71
      23.263     0.997656     17655490       426.67
      23.743     0.998047     17662223       512.00
      24.047     0.998242     17665784       568.89
      24.399     0.998437     17669211       640.00
      24.815     0.998633     17672607       731.43
      25.391     0.998828     17676083       853.33
      26.159     0.999023     17679483      1024.00
      26.655     0.999121     17681254      1137.78
      27.231     0.999219     17682958      1280.00
      27.887     0.999316     17684679      1462.86
      28.671     0.999414     17686410      1706.67
      29.791     0.999512     17688131      2048.00
      30.447     0.999561     17688983      2275.56
      31.231     0.999609     17689852      2560.00
      32.095     0.999658     17690717      2925.71
      33.343     0.999707     17691581      3413.33
      35.039     0.999756     17692452      4096.00
      36.575     0.999780     17692875      4551.11
      77.055     0.999805     17693303      5120.00
     192.255     0.999829     17693735      5851.43
     305.919     0.999854     17694167      6826.67
     421.887     0.999878     17694599      8192.00
     479.487     0.999890     17694815      9102.22
     538.111     0.999902     17695032     10240.00
     595.455     0.999915     17695249     11702.86
     652.287     0.999927     17695464     13653.33
     710.655     0.999939     17695683     16384.00
     739.327     0.999945     17695787     18204.44
     766.975     0.999951     17695895     20480.00
     797.695     0.999957     17696006     23405.71
     825.343     0.999963     17696112     27306.67
     854.015     0.999969     17696220     32768.00
     868.863     0.999973     17696273     36408.89
     883.711     0.999976     17696328     40960.00
     898.047     0.999979     17696384     46811.43
     911.871     0.999982     17696435     54613.33
     925.695     0.999985     17696491     65536.00
     932.351     0.999986     17696517     72817.78
     940.031     0.999988     17696544     81920.00
     947.711     0.999989     17696571     93622.86
     955.391     0.999991     17696597    109226.67
     962.559     0.999992     17696625    131072.00
     966.143     0.999993     17696642    145635.56
     970.239     0.999994     17696651    163840.00
     972.799     0.999995     17696667    187245.71
     976.895     0.999995     17696678    218453.33
     979.455     0.999996     17696692    262144.00
     982.015     0.999997     17696699    291271.11
     984.063     0.999997     17696705    327680.00
     985.599     0.999997     17696716    374491.43
     986.623     0.999998     17696720    436906.67
     989.183     0.999998     17696726    524288.00
     990.207     0.999998     17696730    582542.22
     990.719     0.999998     17696734    655360.00
     991.743     0.999999     17696736    748982.86
     992.255     0.999999     17696742    873813.33
     992.767     0.999999     17696743   1048576.00
     993.279     0.999999     17696745   1165084.44
     994.815     0.999999     17696747   1310720.00
     995.327     0.999999     17696750   1497965.71
     995.327     0.999999     17696750   1747626.67
     995.839     1.000000     17696751   2097152.00
     996.863     1.000000     17696752   2330168.89
     998.399     1.000000     17696753   2621440.00
     999.423     1.000000     17696754   2995931.43
     999.423     1.000000     17696754   3495253.33
     999.935     1.000000     17696755   4194304.00
    1001.983     1.000000     17696759   4660337.78
    1001.983     1.000000     17696759          inf
#[Mean    =        2.491, StdDeviation   =        9.374]
#[Max     =     1001.472, Total count    =     17696759]
#[Buckets =           27, SubBuckets     =         2048]
----------------------------------------------------------
  17998113 requests in 10.00m, 2.55GB read
Requests/sec:  29996.84
Transfer/sec:      4.35MB
