Running 10m test @ http://localhost:9999/math/plus?x=1&y=2
  16 threads and 400 connections
  Thread calibration: mean lat.: 2.604ms, rate sampling interval: 16ms
  Thread calibration: mean lat.: 2.590ms, rate sampling interval: 15ms
  Thread calibration: mean lat.: 2.584ms, rate sampling interval: 15ms
  Thread calibration: mean lat.: 2.606ms, rate sampling interval: 15ms
  Thread calibration: mean lat.: 2.789ms, rate sampling interval: 17ms
  Thread calibration: mean lat.: 2.545ms, rate sampling interval: 15ms
  Thread calibration: mean lat.: 2.602ms, rate sampling interval: 16ms
  Thread calibration: mean lat.: 2.588ms, rate sampling interval: 16ms
  Thread calibration: mean lat.: 2.666ms, rate sampling interval: 16ms
  Thread calibration: mean lat.: 2.648ms, rate sampling interval: 16ms
  Thread calibration: mean lat.: 2.576ms, rate sampling interval: 15ms
  Thread calibration: mean lat.: 2.756ms, rate sampling interval: 16ms
  Thread calibration: mean lat.: 2.741ms, rate sampling interval: 16ms
  Thread calibration: mean lat.: 2.623ms, rate sampling interval: 16ms
  Thread calibration: mean lat.: 2.743ms, rate sampling interval: 17ms
  Thread calibration: mean lat.: 2.654ms, rate sampling interval: 16ms
  Thread Stats   Avg      Stdev     Max   +/- Stdev
    Latency     2.49ms    3.82ms  39.84ms   87.62%
    Req/Sec     1.94k   366.65     5.86k    80.79%
  Latency Distribution (HdrHistogram - Recorded Latency)
 50.000%    1.11ms
 75.000%    1.63ms
 90.000%    8.30ms
 99.000%   16.94ms
 99.900%   22.17ms
 99.990%   28.03ms
 99.999%   33.22ms
100.000%   39.87ms

  Detailed Percentile spectrum:
       Value   Percentile   TotalCount 1/(1-Percentile)

       0.062     0.000000            1         1.00
       0.420     0.100000      1773788         1.11
       0.615     0.200000      3548623         1.25
       0.787     0.300000      5319087         1.43
       0.950     0.400000      7083801         1.67
       1.109     0.500000      8851434         2.00
       1.190     0.550000      9741271         2.22
       1.275     0.600000     10622636         2.50
       1.369     0.650000     11503754         2.86
       1.481     0.700000     12388789         3.33
       1.629     0.750000     13274819         4.00
       1.734     0.775000     13715613         4.44
       1.895     0.800000     14159216         5.00
       2.321     0.825000     14599921         5.71
       4.175     0.850000     15042422         6.67
       6.211     0.875000     15484393         8.00
       7.243     0.887500     15706198         8.89
       8.295     0.900000     15927789        10.00
       9.359     0.912500     16148343        11.43
      10.399     0.925000     16370268        13.33
      11.423     0.937500     16591355        16.00
      11.943     0.943750     16701169        17.78
      12.479     0.950000     16812851        20.00
      13.031     0.956250     16923363        22.86
      13.607     0.962500     17034105        26.67
      14.199     0.968750     17144380        32.00
      14.511     0.971875     17200093        35.56
      14.831     0.975000     17255052        40.00
      15.175     0.978125     17310297        45.71
      15.543     0.981250     17365089        53.33
      15.967     0.984375     17420485        64.00
      16.199     0.985938     17447887        71.11
      16.463     0.987500     17475844        80.00
      16.751     0.989062     17503123        91.43
      17.087     0.990625     17531267       106.67
      17.455     0.992188     17558267       128.00
      17.679     0.992969     17572353       142.22
      17.919     0.993750     17586276       160.00
      18.191     0.994531     17600015       182.86
      18.511     0.995313     17614095       213.33
      18.879     0.996094     17627384       256.00
      19.103     0.996484     17634318       284.44
      19.359     0.996875     17641296       320.00
      19.647     0.997266     17648243       365.71
      19.983     0.997656     17654987       426.67
      20.431     0.998047     17662068       512.00
      20.687     0.998242     17665537       568.89
      20.975     0.998437     17668893       640.00
      21.327     0.998633     17672345       731.43
      21.743     0.998828     17675760       853.33
      22.239     0.999023     17679207      1024.00
      22.527     0.999121     17680898      1137.78
      22.863     0.999219     17682676      1280.00
      23.231     0.999316     17684379      1462.86
      23.647     0.999414     17686113      1706.67
      24.159     0.999512     17687858      2048.00
      24.415     0.999561     17688675      2275.56
      24.735     0.999609     17689561      2560.00
      25.055     0.999658     17690402      2925.71
      25.455     0.999707     17691285      3413.33
      25.903     0.999756     17692129      4096.00
      26.175     0.999780     17692580      4551.11
      26.431     0.999805     17692998      5120.00
      26.751     0.999829     17693449      5851.43
      27.103     0.999854     17693858      6826.67
      27.487     0.999878     17694287      8192.00
      27.791     0.999890     17694508      9102.22
      28.079     0.999902     17694728     10240.00
      28.367     0.999915     17694938     11702.86
      28.719     0.999927     17695151     13653.33
      29.199     0.999939     17695373     16384.00
      29.423     0.999945     17695482     18204.44
      29.743     0.999951     17695589     20480.00
      30.031     0.999957     17695694     23405.71
      30.431     0.999963     17695802     27306.67
      30.927     0.999969     17695911     32768.00
      31.151     0.999973     17695961     36408.89
      31.407     0.999976     17696016     40960.00
      31.727     0.999979     17696070     46811.43
      32.015     0.999982     17696123     54613.33
      32.399     0.999985     17696177     65536.00
      32.591     0.999986     17696204     72817.78
      32.831     0.999988     17696231     81920.00
      33.087     0.999989     17696260     93622.86
      33.311     0.999991     17696285    109226.67
      33.759     0.999992     17696313    131072.00
      34.143     0.999993     17696326    145635.56
      34.431     0.999994     17696340    163840.00
      34.879     0.999995     17696353    187245.71
      35.167     0.999995     17696366    218453.33
      35.423     0.999996     17696380    262144.00
      35.615     0.999997     17696388    291271.11
      35.871     0.999997     17696396    327680.00
      36.063     0.999997     17696400    374491.43
      36.287     0.999998     17696407    436906.67
      36.415     0.999998     17696415    524288.00
      36.479     0.999998     17696417    582542.22
      36.575     0.999998     17696420    655360.00
      36.863     0.999999     17696424    748982.86
      37.119     0.999999     17696427    873813.33
      37.407     0.999999     17696431   1048576.00
      37.439     0.999999     17696432   1165084.44
      37.567     0.999999     17696434   1310720.00
      37.727     0.999999     17696436   1497965.71
      37.855     0.999999     17696437   1747626.67
      38.079     1.000000     17696439   2097152.00
      38.175     1.000000     17696440   2330168.89
      38.367     1.000000     17696442   2621440.00
      38.367     1.000000     17696442   2995931.43
      38.367     1.000000     17696442   3495253.33
      38.495     1.000000     17696443   4194304.00
      38.591     1.000000     17696444   4660337.78
      38.591     1.000000     17696444   5242880.00
      39.039     1.000000     17696445   5991862.86
      39.039     1.000000     17696445   6990506.67
      39.039     1.000000     17696445   8388608.00
      39.519     1.000000     17696446   9320675.55
      39.519     1.000000     17696446  10485760.00
      39.519     1.000000     17696446  11983725.71
      39.519     1.000000     17696446  13981013.34
      39.519     1.000000     17696446  16777216.00
      39.871     1.000000     17696447  18641351.10
      39.871     1.000000     17696447          inf
#[Mean    =        2.491, StdDeviation   =        3.820]
#[Max     =       39.840, Total count    =     17696447]
#[Buckets =           27, SubBuckets     =         2048]
----------------------------------------------------------
  17994604 requests in 10.00m, 2.55GB read
Requests/sec:  29991.02
Transfer/sec:      4.35MB
