Running 10m test @ http://localhost:9999/math/plus?x=1&y=2
  16 threads and 400 connections
  Thread calibration: mean lat.: 3.128ms, rate sampling interval: 13ms
  Thread calibration: mean lat.: 28.445ms, rate sampling interval: 13ms
  Thread calibration: mean lat.: 40.935ms, rate sampling interval: 17ms
  Thread calibration: mean lat.: 7.311ms, rate sampling interval: 13ms
  Thread calibration: mean lat.: 5.906ms, rate sampling interval: 16ms
  Thread calibration: mean lat.: 32.974ms, rate sampling interval: 14ms
  Thread calibration: mean lat.: 45.658ms, rate sampling interval: 18ms
  Thread calibration: mean lat.: 36.550ms, rate sampling interval: 16ms
  Thread calibration: mean lat.: 11.755ms, rate sampling interval: 13ms
  Thread calibration: mean lat.: 3.095ms, rate sampling interval: 13ms
  Thread calibration: mean lat.: 20.748ms, rate sampling interval: 14ms
  Thread calibration: mean lat.: 49.577ms, rate sampling interval: 18ms
  Thread calibration: mean lat.: 40.647ms, rate sampling interval: 16ms
  Thread calibration: mean lat.: 55.532ms, rate sampling interval: 25ms
  Thread calibration: mean lat.: 49.370ms, rate sampling interval: 17ms
  Thread calibration: mean lat.: 41.019ms, rate sampling interval: 16ms
  Thread Stats   Avg      Stdev     Max   +/- Stdev
    Latency     3.68ms    2.61ms  33.86ms   66.90%
    Req/Sec   646.90    356.29     1.92k    71.92%
  Latency Distribution (HdrHistogram - Recorded Latency)
 50.000%    2.88ms
 75.000%    5.74ms
 90.000%    7.25ms
 99.000%   10.73ms
 99.900%   16.27ms
 99.990%   19.76ms
 99.999%   24.46ms
100.000%   33.89ms

  Detailed Percentile spectrum:
       Value   Percentile   TotalCount 1/(1-Percentile)

       0.065     0.000000            1         1.00
       0.911     0.100000       590784         1.11
       1.282     0.200000      1180247         1.25
       1.669     0.300000      1770783         1.43
       2.209     0.400000      2360795         1.67
       2.883     0.500000      2949359         2.00
       3.355     0.550000      3244421         2.22
       3.977     0.600000      3539417         2.50
       4.639     0.650000      3834868         2.86
       5.239     0.700000      4129421         3.33
       5.739     0.750000      4425518         4.00
       5.971     0.775000      4573363         4.44
       6.199     0.800000      4721521         5.00
       6.431     0.825000      4868128         5.71
       6.675     0.850000      5014883         6.67
       6.947     0.875000      5162885         8.00
       7.091     0.887500      5235696         8.89
       7.247     0.900000      5309555        10.00
       7.419     0.912500      5383563        11.43
       7.603     0.925000      5457433        13.33
       7.811     0.937500      5530374        16.00
       7.927     0.943750      5567550        17.78
       8.051     0.950000      5603924        20.00
       8.191     0.956250      5640754        22.86
       8.359     0.962500      5678274        26.67
       8.559     0.968750      5715079        32.00
       8.679     0.971875      5733591        35.56
       8.823     0.975000      5752058        40.00
       8.991     0.978125      5769708        45.71
       9.223     0.981250      5788520        53.33
       9.551     0.984375      5806796        64.00
       9.791     0.985938      5815991        71.11
      10.095     0.987500      5824973        80.00
      10.471     0.989062      5834194        91.43
      10.911     0.990625      5843443       106.67
      11.431     0.992188      5852590       128.00
      11.735     0.992969      5857186       142.22
      12.087     0.993750      5861827       160.00
      12.503     0.994531      5866434       182.86
      12.967     0.995313      5871015       213.33
      13.463     0.996094      5875611       256.00
      13.735     0.996484      5877943       284.44
      14.023     0.996875      5880282       320.00
      14.319     0.997266      5882561       365.71
      14.647     0.997656      5884867       426.67
      15.031     0.998047      5887168       512.00
      15.239     0.998242      5888317       568.89
      15.463     0.998437      5889464       640.00
      15.711     0.998633      5890591       731.43
      15.991     0.998828      5891757       853.33
      16.311     0.999023      5892893      1024.00
      16.495     0.999121      5893489      1137.78
      16.687     0.999219      5894056      1280.00
      16.895     0.999316      5894635      1462.86
      17.167     0.999414      5895215      1706.67
      17.439     0.999512      5895798      2048.00
      17.583     0.999561      5896062      2275.56
      17.759     0.999609      5896357      2560.00
      17.951     0.999658      5896648      2925.71
      18.175     0.999707      5896929      3413.33
      18.415     0.999756      5897218      4096.00
      18.575     0.999780      5897362      4551.11
      18.751     0.999805      5897506      5120.00
      18.959     0.999829      5897647      5851.43
      19.199     0.999854      5897794      6826.67
      19.439     0.999878      5897933      8192.00
      19.599     0.999890      5898007      9102.22
      19.775     0.999902      5898076     10240.00
      20.079     0.999915      5898151     11702.86
      20.383     0.999927      5898222     13653.33
      20.783     0.999939      5898292     16384.00
      21.023     0.999945      5898330     18204.44
      21.215     0.999951      5898364     20480.00
      21.439     0.999957      5898400     23405.71
      21.727     0.999963      5898436     27306.67
      22.063     0.999969      5898472     32768.00
      22.191     0.999973      5898494     36408.89
      22.335     0.999976      5898509     40960.00
      22.527     0.999979      5898529     46811.43
      22.799     0.999982      5898545     54613.33
      23.119     0.999985      5898562     65536.00
      23.407     0.999986      5898571     72817.78
      23.711     0.999988      5898580     81920.00
      24.271     0.999989      5898590     93622.86
      24.831     0.999991      5898598    109226.67
      25.679     0.999992      5898607    131072.00
      26.575     0.999993      5898612    145635.56
      26.991     0.999994      5898616    163840.00
      27.615     0.999995      5898621    187245.71
      27.967     0.999995      5898625    218453.33
      28.607     0.999996      5898630    262144.00
      28.831     0.999997      5898632    291271.11
      29.519     0.999997      5898634    327680.00
      29.695     0.999997      5898637    374491.43
      29.903     0.999998      5898639    436906.67
      30.191     0.999998      5898641    524288.00
      30.399     0.999998      5898642    582542.22
      30.559     0.999998      5898643    655360.00
      31.039     0.999999      5898646    748982.86
      31.039     0.999999      5898646    873813.33
      31.055     0.999999      5898647   1048576.00
      31.055     0.999999      5898647   1165084.44
      31.087     0.999999      5898648   1310720.00
      31.471     0.999999      5898649   1497965.71
      31.471     0.999999      5898649   1747626.67
      32.015     1.000000      5898650   2097152.00
      32.015     1.000000      5898650   2330168.89
      32.015     1.000000      5898650   2621440.00
      32.143     1.000000      5898651   2995931.43
      32.143     1.000000      5898651   3495253.33
      32.143     1.000000      5898651   4194304.00
      32.143     1.000000      5898651   4660337.78
      32.143     1.000000      5898651   5242880.00
      33.887     1.000000      5898652   5991862.86
      33.887     1.000000      5898652          inf
#[Mean    =        3.677, StdDeviation   =        2.606]
#[Max     =       33.856, Total count    =      5898652]
#[Buckets =           27, SubBuckets     =         2048]
----------------------------------------------------------
  5998810 requests in 10.00m, 869.58MB read
Requests/sec:   9998.07
Transfer/sec:      1.45MB
