Running 10m test @ http://localhost:9999/math/plus?x=1&y=2
  16 threads and 400 connections
  Thread calibration: mean lat.: 1.782ms, rate sampling interval: 10ms
  Thread calibration: mean lat.: 1.791ms, rate sampling interval: 10ms
  Thread calibration: mean lat.: 1.828ms, rate sampling interval: 10ms
  Thread calibration: mean lat.: 1.805ms, rate sampling interval: 10ms
  Thread calibration: mean lat.: 35.693ms, rate sampling interval: 24ms
  Thread calibration: mean lat.: 44.434ms, rate sampling interval: 31ms
  Thread calibration: mean lat.: 18.519ms, rate sampling interval: 10ms
  Thread calibration: mean lat.: 23.358ms, rate sampling interval: 12ms
  Thread calibration: mean lat.: 2.013ms, rate sampling interval: 10ms
  Thread calibration: mean lat.: 1.819ms, rate sampling interval: 10ms
  Thread calibration: mean lat.: 1.820ms, rate sampling interval: 10ms
  Thread calibration: mean lat.: 23.333ms, rate sampling interval: 13ms
  Thread calibration: mean lat.: 18.497ms, rate sampling interval: 10ms
  Thread calibration: mean lat.: 1.809ms, rate sampling interval: 10ms
  Thread calibration: mean lat.: 31.770ms, rate sampling interval: 21ms
  Thread calibration: mean lat.: 1.954ms, rate sampling interval: 10ms
  Thread Stats   Avg      Stdev     Max   +/- Stdev
    Latency     1.59ms    2.52ms  42.24ms   94.40%
    Req/Sec     1.97k   568.42     8.67k    82.51%
  Latency Distribution (HdrHistogram - Recorded Latency)
 50.000%    1.07ms
 75.000%    1.45ms
 90.000%    1.88ms
 99.000%   15.11ms
 99.900%   20.98ms
 99.990%   30.17ms
 99.999%   35.58ms
100.000%   42.27ms

  Detailed Percentile spectrum:
       Value   Percentile   TotalCount 1/(1-Percentile)

       0.066     0.000000            2         1.00
       0.420     0.100000      1774106         1.11
       0.605     0.200000      3543419         1.25
       0.766     0.300000      5312936         1.43
       0.919     0.400000      7079760         1.67
       1.068     0.500000      8856965         2.00
       1.140     0.550000      9742416         2.22
       1.212     0.600000     10624106         2.50
       1.286     0.650000     11511261         2.86
       1.364     0.700000     12393572         3.33
       1.450     0.750000     13274246         4.00
       1.498     0.775000     13715042         4.44
       1.551     0.800000     14159544         5.00
       1.610     0.825000     14603366         5.71
       1.678     0.850000     15043363         6.67
       1.763     0.875000     15485770         8.00
       1.816     0.887500     15707024         8.89
       1.881     0.900000     15928272        10.00
       1.967     0.912500     16149505        11.43
       2.111     0.925000     16369956        13.33
       2.833     0.937500     16590291        16.00
       4.063     0.943750     16700954        17.78
       5.303     0.950000     16811489        20.00
       6.643     0.956250     16922288        22.86
       8.007     0.962500     17032998        26.67
       9.367     0.968750     17143431        32.00
      10.111     0.971875     17198792        35.56
      10.871     0.975000     17253963        40.00
      11.647     0.978125     17309447        45.71
      12.463     0.981250     17365042        53.33
      13.311     0.984375     17419799        64.00
      13.783     0.985938     17447738        71.11
      14.271     0.987500     17475186        80.00
      14.783     0.989062     17502907        91.43
      15.335     0.990625     17530694       106.67
      15.927     0.992188     17558050       128.00
      16.255     0.992969     17571910       142.22
      16.607     0.993750     17586004       160.00
      16.975     0.994531     17599766       182.86
      17.375     0.995313     17613355       213.33
      17.839     0.996094     17627578       256.00
      18.079     0.996484     17634301       284.44
      18.351     0.996875     17641320       320.00
      18.639     0.997266     17647908       365.71
      18.991     0.997656     17655051       426.67
      19.391     0.998047     17661923       512.00
      19.615     0.998242     17665201       568.89
      19.887     0.998437     17668701       640.00
      20.191     0.998633     17672103       731.43
      20.575     0.998828     17675611       853.33
      21.039     0.999023     17679030      1024.00
      21.311     0.999121     17680793      1137.78
      21.615     0.999219     17682472      1280.00
      21.999     0.999316     17684245      1462.86
      22.463     0.999414     17685975      1706.67
      23.023     0.999512     17687713      2048.00
      23.359     0.999561     17688552      2275.56
      23.791     0.999609     17689397      2560.00
      24.303     0.999658     17690275      2925.71
      24.975     0.999707     17691119      3413.33
      25.807     0.999756     17691981      4096.00
      26.303     0.999780     17692409      4551.11
      26.943     0.999805     17692855      5120.00
      27.519     0.999829     17693276      5851.43
      28.239     0.999854     17693709      6826.67
      29.087     0.999878     17694136      8192.00
      29.631     0.999890     17694352      9102.22
      30.319     0.999902     17694574     10240.00
      31.007     0.999915     17694788     11702.86
      31.615     0.999927     17695004     13653.33
      32.191     0.999939     17695223     16384.00
      32.495     0.999945     17695325     18204.44
      32.863     0.999951     17695436     20480.00
      33.183     0.999957     17695548     23405.71
      33.503     0.999963     17695649     27306.67
      33.855     0.999969     17695761     32768.00
      34.047     0.999973     17695810     36408.89
      34.239     0.999976     17695869     40960.00
      34.431     0.999979     17695919     46811.43
      34.687     0.999982     17695979     54613.33
      34.943     0.999985     17696034     65536.00
      35.103     0.999986     17696056     72817.78
      35.263     0.999988     17696081     81920.00
      35.455     0.999989     17696108     93622.86
      35.743     0.999991     17696138    109226.67
      35.935     0.999992     17696166    131072.00
      36.063     0.999993     17696180    145635.56
      36.255     0.999994     17696190    163840.00
      36.511     0.999995     17696204    187245.71
      36.735     0.999995     17696215    218453.33
      37.055     0.999996     17696229    262144.00
      37.247     0.999997     17696236    291271.11
      37.439     0.999997     17696242    327680.00
      37.759     0.999997     17696249    374491.43
      38.047     0.999998     17696259    436906.67
      38.239     0.999998     17696263    524288.00
      38.367     0.999998     17696266    582542.22
      38.463     0.999998     17696270    655360.00
      38.527     0.999999     17696273    748982.86
      38.719     0.999999     17696276    873813.33
      39.103     0.999999     17696281   1048576.00
      39.103     0.999999     17696281   1165084.44
      39.231     0.999999     17696283   1310720.00
      39.487     0.999999     17696285   1497965.71
      39.775     0.999999     17696286   1747626.67
      40.063     1.000000     17696288   2097152.00
      40.287     1.000000     17696290   2330168.89
      40.287     1.000000     17696290   2621440.00
      40.671     1.000000     17696291   2995931.43
      40.671     1.000000     17696291   3495253.33
      40.927     1.000000     17696292   4194304.00
      41.631     1.000000     17696293   4660337.78
      41.631     1.000000     17696293   5242880.00
      41.695     1.000000     17696294   5991862.86
      41.695     1.000000     17696294   6990506.67
      41.695     1.000000     17696294   8388608.00
      41.727     1.000000     17696295   9320675.55
      41.727     1.000000     17696295  10485760.00
      41.727     1.000000     17696295  11983725.71
      41.727     1.000000     17696295  13981013.34
      41.727     1.000000     17696295  16777216.00
      42.271     1.000000     17696296  18641351.10
      42.271     1.000000     17696296          inf
#[Mean    =        1.592, StdDeviation   =        2.521]
#[Max     =       42.240, Total count    =     17696296]
#[Buckets =           27, SubBuckets     =         2048]
----------------------------------------------------------
  17992858 requests in 10.00m, 2.55GB read
Requests/sec:  29988.00
Transfer/sec:      4.35MB
