Running 10m test @ http://localhost:9999/math/plus?x=1&y=2
  16 threads and 400 connections
  Thread calibration: mean lat.: 25.076ms, rate sampling interval: 49ms
  Thread calibration: mean lat.: 9.040ms, rate sampling interval: 37ms
  Thread calibration: mean lat.: 9.052ms, rate sampling interval: 38ms
  Thread calibration: mean lat.: 4.515ms, rate sampling interval: 34ms
  Thread calibration: mean lat.: 25.149ms, rate sampling interval: 50ms
  Thread calibration: mean lat.: 21.046ms, rate sampling interval: 46ms
  Thread calibration: mean lat.: 4.448ms, rate sampling interval: 34ms
  Thread calibration: mean lat.: 4.438ms, rate sampling interval: 33ms
  Thread calibration: mean lat.: 4.718ms, rate sampling interval: 37ms
  Thread calibration: mean lat.: 25.181ms, rate sampling interval: 51ms
  Thread calibration: mean lat.: 4.623ms, rate sampling interval: 35ms
  Thread calibration: mean lat.: 4.471ms, rate sampling interval: 33ms
  Thread calibration: mean lat.: 29.277ms, rate sampling interval: 51ms
  Thread calibration: mean lat.: 16.487ms, rate sampling interval: 43ms
  Thread calibration: mean lat.: 12.605ms, rate sampling interval: 41ms
  Thread calibration: mean lat.: 4.494ms, rate sampling interval: 34ms
  Thread Stats   Avg      Stdev     Max   +/- Stdev
    Latency     4.64ms    7.79ms  50.82ms   86.42%
    Req/Sec     3.17k   567.52     6.38k    80.07%
  Latency Distribution (HdrHistogram - Recorded Latency)
 50.000%    1.43ms
 75.000%    2.24ms
 90.000%   17.98ms
 99.000%   31.77ms
 99.900%   36.99ms
 99.990%   42.14ms
 99.999%   46.21ms
100.000%   50.85ms

  Detailed Percentile spectrum:
       Value   Percentile   TotalCount 1/(1-Percentile)

       0.064     0.000000            1         1.00
       0.599     0.100000      2951611         1.11
       0.849     0.200000      5900764         1.25
       1.047     0.300000      8848956         1.43
       1.234     0.400000     11803969         1.67
       1.431     0.500000     14750447         2.00
       1.540     0.550000     16233677         2.22
       1.657     0.600000     17698057         2.50
       1.791     0.650000     19178089         2.86
       1.958     0.700000     20645897         3.33
       2.237     0.750000     22125575         4.00
       2.563     0.775000     22859480         4.44
       3.807     0.800000     23595074         5.00
       6.499     0.825000     24332651         5.71
      10.255     0.850000     25070961         6.67
      14.183     0.875000     25807448         8.00
      16.135     0.887500     26177071         8.89
      17.983     0.900000     26545194        10.00
      19.919     0.912500     26915028        11.43
      21.855     0.925000     27281892        13.33
      23.679     0.937500     27653429        16.00
      24.543     0.943750     27834819        17.78
      25.423     0.950000     28019279        20.00
      26.335     0.956250     28206063        22.86
      27.215     0.962500     28389588        26.67
      28.063     0.968750     28572537        32.00
      28.495     0.971875     28665082        35.56
      28.943     0.975000     28758028        40.00
      29.407     0.978125     28850831        45.71
      29.903     0.981250     28942541        53.33
      30.463     0.984375     29034654        64.00
      30.783     0.985938     29080719        71.11
      31.135     0.987500     29126426        80.00
      31.519     0.989062     29171579        91.43
      31.967     0.990625     29218312       106.67
      32.463     0.992188     29263967       128.00
      32.735     0.992969     29287423       142.22
      33.023     0.993750     29310323       160.00
      33.343     0.994531     29333553       182.86
      33.695     0.995313     29356282       213.33
      34.111     0.996094     29379987       256.00
      34.335     0.996484     29391335       284.44
      34.559     0.996875     29401631       320.00
      34.847     0.997266     29413533       365.71
      35.167     0.997656     29425161       426.67
      35.551     0.998047     29436925       512.00
      35.743     0.998242     29441913       568.89
      35.999     0.998437     29447940       640.00
      36.287     0.998633     29453716       731.43
      36.639     0.998828     29459569       853.33
      37.023     0.999023     29464986      1024.00
      37.279     0.999121     29468016      1137.78
      37.535     0.999219     29470718      1280.00
      37.855     0.999316     29473743      1462.86
      38.207     0.999414     29476528      1706.67
      38.623     0.999512     29479307      2048.00
      38.879     0.999561     29480832      2275.56
      39.167     0.999609     29482248      2560.00
      39.487     0.999658     29483713      2925.71
      39.839     0.999707     29485121      3413.33
      40.255     0.999756     29486568      4096.00
      40.479     0.999780     29487264      4551.11
      40.703     0.999805     29487934      5120.00
      40.991     0.999829     29488663      5851.43
      41.311     0.999854     29489379      6826.67
      41.727     0.999878     29490107      8192.00
      41.951     0.999890     29490458      9102.22
      42.207     0.999902     29490847     10240.00
      42.463     0.999915     29491200     11702.86
      42.719     0.999927     29491528     13653.33
      43.103     0.999939     29491892     16384.00
      43.327     0.999945     29492083     18204.44
      43.519     0.999951     29492258     20480.00
      43.775     0.999957     29492443     23405.71
      44.031     0.999963     29492612     27306.67
      44.351     0.999969     29492786     32768.00
      44.575     0.999973     29492879     36408.89
      44.799     0.999976     29492973     40960.00
      44.991     0.999979     29493060     46811.43
      45.279     0.999982     29493150     54613.33
      45.599     0.999985     29493238     65536.00
      45.759     0.999986     29493278     72817.78
      45.951     0.999988     29493330     81920.00
      46.111     0.999989     29493374     93622.86
      46.367     0.999991     29493413    109226.67
      46.655     0.999992     29493460    131072.00
      46.815     0.999993     29493484    145635.56
      46.975     0.999994     29493504    163840.00
      47.199     0.999995     29493528    187245.71
      47.391     0.999995     29493549    218453.33
      47.711     0.999996     29493573    262144.00
      47.807     0.999997     29493582    291271.11
      47.871     0.999997     29493595    327680.00
      48.031     0.999997     29493606    374491.43
      48.223     0.999998     29493616    436906.67
      48.383     0.999998     29493628    524288.00
      48.511     0.999998     29493634    582542.22
      48.735     0.999998     29493639    655360.00
      48.831     0.999999     29493644    748982.86
      48.991     0.999999     29493650    873813.33
      49.375     0.999999     29493655   1048576.00
      49.535     0.999999     29493659   1165084.44
      49.663     0.999999     29493662   1310720.00
      49.727     0.999999     29493664   1497965.71
      49.951     0.999999     29493667   1747626.67
      50.015     1.000000     29493669   2097152.00
      50.079     1.000000     29493671   2330168.89
      50.111     1.000000     29493672   2621440.00
      50.335     1.000000     29493674   2995931.43
      50.367     1.000000     29493676   3495253.33
      50.367     1.000000     29493676   4194304.00
      50.399     1.000000     29493677   4660337.78
      50.431     1.000000     29493679   5242880.00
      50.431     1.000000     29493679   5991862.86
      50.431     1.000000     29493679   6990506.67
      50.527     1.000000     29493681   8388608.00
      50.527     1.000000     29493681   9320675.55
      50.527     1.000000     29493681  10485760.00
      50.527     1.000000     29493681  11983725.71
      50.527     1.000000     29493681  13981013.34
      50.559     1.000000     29493682  16777216.00
      50.559     1.000000     29493682  18641351.10
      50.559     1.000000     29493682  20971519.98
      50.559     1.000000     29493682  23967451.45
      50.559     1.000000     29493682  27962026.68
      50.847     1.000000     29493683  33554432.00
      50.847     1.000000     29493683          inf
#[Mean    =        4.636, StdDeviation   =        7.791]
#[Max     =       50.816, Total count    =     29493683]
#[Buckets =           27, SubBuckets     =         2048]
----------------------------------------------------------
  29993710 requests in 10.00m, 4.25GB read
Requests/sec:  49989.48
Transfer/sec:      7.25MB
