Running 10m test @ http://localhost:9999/math/plus?x=1&y=2
  16 threads and 400 connections
  Thread calibration: mean lat.: 44.379ms, rate sampling interval: 44ms
  Thread calibration: mean lat.: 11.586ms, rate sampling interval: 21ms
  Thread calibration: mean lat.: 19.759ms, rate sampling interval: 26ms
  Thread calibration: mean lat.: 3.519ms, rate sampling interval: 17ms
  Thread calibration: mean lat.: 32.371ms, rate sampling interval: 35ms
  Thread calibration: mean lat.: 3.431ms, rate sampling interval: 17ms
  Thread calibration: mean lat.: 3.429ms, rate sampling interval: 17ms
  Thread calibration: mean lat.: 27.991ms, rate sampling interval: 33ms
  Thread calibration: mean lat.: 40.396ms, rate sampling interval: 41ms
  Thread calibration: mean lat.: 11.592ms, rate sampling interval: 21ms
  Thread calibration: mean lat.: 3.390ms, rate sampling interval: 17ms
  Thread calibration: mean lat.: 7.516ms, rate sampling interval: 19ms
  Thread calibration: mean lat.: 44.899ms, rate sampling interval: 46ms
  Thread calibration: mean lat.: 68.939ms, rate sampling interval: 464ms
  Thread calibration: mean lat.: 11.674ms, rate sampling interval: 21ms
  Thread calibration: mean lat.: 3.471ms, rate sampling interval: 17ms
  Thread Stats   Avg      Stdev     Max   +/- Stdev
    Latency     2.31ms    9.05ms   1.00s    96.38%
    Req/Sec     3.85k   422.73     9.56k    80.79%
  Latency Distribution (HdrHistogram - Recorded Latency)
 50.000%    1.43ms
 75.000%    1.98ms
 90.000%    2.80ms
 99.000%   20.29ms
 99.900%   26.96ms
 99.990%  529.92ms
 99.999%  955.39ms
100.000%    1.00s 

  Detailed Percentile spectrum:
       Value   Percentile   TotalCount 1/(1-Percentile)

       0.063     0.000000            2         1.00
       0.619     0.100000      3549153         1.11
       0.870     0.200000      7085995         1.25
       1.067     0.300000     10619772         1.43
       1.248     0.400000     14160359         1.67
       1.430     0.500000     17702382         2.00
       1.525     0.550000     19475031         2.22
       1.625     0.600000     21247199         2.50
       1.731     0.650000     23019455         2.86
       1.846     0.700000     24785936         3.33
       1.977     0.750000     26549750         4.00
       2.051     0.775000     27432866         4.44
       2.135     0.800000     28327133         5.00
       2.231     0.825000     29209259         5.71
       2.349     0.850000     30089328         6.67
       2.511     0.875000     30972902         8.00
       2.629     0.887500     31416925         8.89
       2.803     0.900000     31856041        10.00
       3.123     0.912500     32296303        11.43
       3.781     0.925000     32738192        13.33
       5.027     0.937500     33180932        16.00
       6.031     0.943750     33401764        17.78
       7.443     0.950000     33622934        20.00
       9.151     0.956250     33844766        22.86
      10.951     0.962500     34065756        26.67
      13.031     0.968750     34286644        32.00
      14.103     0.971875     34397752        35.56
      15.127     0.975000     34508306        40.00
      16.111     0.978125     34618865        45.71
      17.087     0.981250     34730473        53.33
      18.143     0.984375     34840639        64.00
      18.735     0.985938     34896075        71.11
      19.343     0.987500     34951006        80.00
      19.935     0.989062     35005867        91.43
      20.511     0.990625     35060678       106.67
      21.103     0.992188     35117363       128.00
      21.391     0.992969     35144301       142.22
      21.695     0.993750     35171348       160.00
      22.031     0.994531     35199193       182.86
      22.415     0.995313     35227304       213.33
      22.847     0.996094     35254188       256.00
      23.135     0.996484     35268653       284.44
      23.455     0.996875     35282389       320.00
      23.855     0.997266     35296171       365.71
      24.351     0.997656     35309848       426.67
      24.959     0.998047     35323476       512.00
      25.295     0.998242     35330235       568.89
      25.663     0.998437     35337174       640.00
      26.079     0.998633     35344198       731.43
      26.511     0.998828     35350982       853.33
      27.023     0.999023     35358031      1024.00
      27.311     0.999121     35361514      1137.78
      27.599     0.999219     35364911      1280.00
      27.919     0.999316     35368378      1462.86
      28.271     0.999414     35371757      1706.67
      28.687     0.999512     35375176      2048.00
      28.943     0.999561     35376952      2275.56
      29.247     0.999609     35378663      2560.00
      29.663     0.999658     35380352      2925.71
      30.303     0.999707     35382069      3413.33
      31.727     0.999756     35383809      4096.00
      34.047     0.999780     35384661      4551.11
      80.767     0.999805     35385522      5120.00
     195.711     0.999829     35386386      5851.43
     310.271     0.999854     35387250      6826.67
     426.495     0.999878     35388114      8192.00
     483.583     0.999890     35388549      9102.22
     541.695     0.999902     35388981     10240.00
     600.063     0.999915     35389414     11702.86
     656.383     0.999927     35389845     13653.33
     714.239     0.999939     35390275     16384.00
     742.911     0.999945     35390492     18204.44
     772.095     0.999951     35390708     20480.00
     800.767     0.999957     35390926     23405.71
     830.463     0.999963     35391144     27306.67
     858.623     0.999969     35391358     32768.00
     872.959     0.999973     35391464     36408.89
     887.295     0.999976     35391577     40960.00
     901.119     0.999979     35391678     46811.43
     915.967     0.999982     35391792     54613.33
     930.303     0.999985     35391901     65536.00
     936.959     0.999986     35391948     72817.78
     943.615     0.999988     35392002     81920.00
     951.807     0.999989     35392058     93622.86
     958.975     0.999991     35392112    109226.67
     966.655     0.999992     35392166    131072.00
     970.239     0.999993     35392191    145635.56
     973.823     0.999994     35392218    163840.00
     977.407     0.999995     35392250    187245.71
     981.503     0.999995     35392277    218453.33
     984.063     0.999996     35392301    262144.00
     986.623     0.999997     35392316    291271.11
     988.159     0.999997     35392327    327680.00
     990.207     0.999997     35392346    374491.43
     991.231     0.999998     35392353    436906.67
     993.279     0.999998     35392367    524288.00
     994.303     0.999998     35392374    582542.22
     996.351     0.999998     35392389    655360.00
     996.351     0.999999     35392389    748982.86
     997.375     0.999999     35392396    873813.33
     997.887     0.999999     35392403   1048576.00
     998.911     0.999999     35392404   1165084.44
     999.423     0.999999     35392413   1310720.00
     999.423     0.999999     35392413   1497965.71
     999.935     0.999999     35392416   1747626.67
    1000.959     1.000000     35392421   2097152.00
    1000.959     1.000000     35392421   2330168.89
    1000.959     1.000000     35392421   2621440.00
    1001.471     1.000000     35392426   2995931.43
    1001.471     1.000000     35392426   3495253.33
    1001.471     1.000000     35392426   4194304.00
    1003.007     1.000000     35392427   4660337.78
    1003.519     1.000000     35392434   5242880.00
    1003.519     1.000000     35392434          inf
#[Mean    =        2.308, StdDeviation   =        9.045]
#[Max     =     1003.008, Total count    =     35392434]
#[Buckets =           27, SubBuckets     =         2048]
----------------------------------------------------------
  35995563 requests in 10.00m, 5.10GB read
Requests/sec:  59992.62
Transfer/sec:      8.70MB
