Running 10m test @ http://localhost:9999/math/plus?x=1&y=2
  16 threads and 400 connections
  Thread calibration: mean lat.: 10.988ms, rate sampling interval: 10ms
  Thread calibration: mean lat.: 2.733ms, rate sampling interval: 10ms
  Thread calibration: mean lat.: 2.647ms, rate sampling interval: 10ms
  Thread calibration: mean lat.: 31.022ms, rate sampling interval: 28ms
  Thread calibration: mean lat.: 2.635ms, rate sampling interval: 10ms
  Thread calibration: mean lat.: 31.034ms, rate sampling interval: 27ms
  Thread calibration: mean lat.: 23.078ms, rate sampling interval: 22ms
  Thread calibration: mean lat.: 2.656ms, rate sampling interval: 10ms
  Thread calibration: mean lat.: 31.102ms, rate sampling interval: 27ms
  Thread calibration: mean lat.: 2.655ms, rate sampling interval: 10ms
  Thread calibration: mean lat.: 2.588ms, rate sampling interval: 10ms
  Thread calibration: mean lat.: 2.712ms, rate sampling interval: 10ms
  Thread calibration: mean lat.: 2.600ms, rate sampling interval: 10ms
  Thread calibration: mean lat.: 2.704ms, rate sampling interval: 10ms
  Thread calibration: mean lat.: 2.537ms, rate sampling interval: 10ms
  Thread calibration: mean lat.: 31.014ms, rate sampling interval: 27ms
  Thread Stats   Avg      Stdev     Max   +/- Stdev
    Latency     2.40ms    3.97ms  76.10ms   91.84%
    Req/Sec     3.94k   596.16    12.56k    76.73%
  Latency Distribution (HdrHistogram - Recorded Latency)
 50.000%    1.27ms
 75.000%    1.80ms
 90.000%    3.86ms
 99.000%   20.94ms
 99.900%   26.69ms
 99.990%   39.07ms
 99.999%   62.01ms
100.000%   76.16ms

  Detailed Percentile spectrum:
       Value   Percentile   TotalCount 1/(1-Percentile)

       0.065     0.000000            2         1.00
       0.554     0.100000      3544640         1.11
       0.763     0.200000      7085035         1.25
       0.938     0.300000     10621107         1.43
       1.104     0.400000     14165145         1.67
       1.273     0.500000     17697619         2.00
       1.362     0.550000     19475884         2.22
       1.456     0.600000     21244382         2.50
       1.557     0.650000     23007225         2.86
       1.669     0.700000     24778341         3.33
       1.800     0.750000     26554811         4.00
       1.877     0.775000     27439003         4.44
       1.967     0.800000     28314175         5.00
       2.083     0.825000     29203314         5.71
       2.253     0.850000     30091635         6.67
       2.583     0.875000     30969703         8.00
       2.969     0.887500     31412358         8.89
       3.857     0.900000     31853543        10.00
       5.447     0.912500     32296267        11.43
       7.579     0.925000     32738467        13.33
       9.871     0.937500     33181587        16.00
      11.039     0.943750     33402228        17.78
      12.255     0.950000     33623744        20.00
      13.495     0.956250     33844365        22.86
      14.719     0.962500     34065411        26.67
      15.895     0.968750     34286947        32.00
      16.479     0.971875     34397155        35.56
      17.087     0.975000     34507966        40.00
      17.791     0.978125     34620215        45.71
      18.575     0.981250     34729971        53.33
      19.439     0.984375     34841027        64.00
      19.871     0.985938     34896656        71.11
      20.287     0.987500     34951649        80.00
      20.687     0.989062     35005442        91.43
      21.103     0.990625     35062031       106.67
      21.519     0.992188     35117715       128.00
      21.727     0.992969     35143740       142.22
      21.967     0.993750     35171367       160.00
      22.239     0.994531     35199717       182.86
      22.543     0.995313     35227847       213.33
      22.895     0.996094     35255162       256.00
      23.087     0.996484     35268026       284.44
      23.327     0.996875     35282292       320.00
      23.599     0.997266     35296009       365.71
      23.951     0.997656     35309777       426.67
      24.415     0.998047     35323354       512.00
      24.735     0.998242     35330338       568.89
      25.119     0.998437     35337197       640.00
      25.583     0.998633     35344118       731.43
      26.143     0.998828     35351038       853.33
      26.767     0.999023     35357875      1024.00
      27.103     0.999121     35361331      1137.78
      27.455     0.999219     35364788      1280.00
      27.807     0.999316     35368360      1462.86
      28.191     0.999414     35371818      1706.67
      28.607     0.999512     35375155      2048.00
      28.863     0.999561     35376930      2275.56
      29.135     0.999609     35378623      2560.00
      29.455     0.999658     35380378      2925.71
      29.871     0.999707     35382063      3413.33
      30.559     0.999756     35383774      4096.00
      31.055     0.999780     35384636      4551.11
      31.839     0.999805     35385506      5120.00
      32.959     0.999829     35386376      5851.43
      34.463     0.999854     35387229      6826.67
      36.447     0.999878     35388110      8192.00
      37.823     0.999890     35388527      9102.22
      39.359     0.999902     35388959     10240.00
      41.311     0.999915     35389391     11702.86
      43.359     0.999927     35389823     13653.33
      45.759     0.999939     35390254     16384.00
      47.263     0.999945     35390469     18204.44
      48.735     0.999951     35390684     20480.00
      50.143     0.999957     35390903     23405.71
      51.551     0.999963     35391116     27306.67
      52.863     0.999969     35391333     32768.00
      53.695     0.999973     35391443     36408.89
      54.655     0.999976     35391551     40960.00
      55.775     0.999979     35391656     46811.43
      57.183     0.999982     35391766     54613.33
      58.751     0.999985     35391873     65536.00
      59.519     0.999986     35391927     72817.78
      60.383     0.999988     35391980     81920.00
      61.503     0.999989     35392034     93622.86
      62.719     0.999991     35392088    109226.67
      63.871     0.999992     35392142    131072.00
      64.351     0.999993     35392169    145635.56
      64.895     0.999994     35392196    163840.00
      65.407     0.999995     35392223    187245.71
      65.855     0.999995     35392250    218453.33
      66.367     0.999996     35392280    262144.00
      66.623     0.999997     35392294    291271.11
      66.815     0.999997     35392304    327680.00
      67.263     0.999997     35392321    374491.43
      67.391     0.999998     35392333    436906.67
      67.967     0.999998     35392346    524288.00
      68.223     0.999998     35392353    582542.22
      68.351     0.999998     35392358    655360.00
      68.735     0.999999     35392366    748982.86
      69.119     0.999999     35392373    873813.33
      69.439     0.999999     35392380   1048576.00
      70.015     0.999999     35392383   1165084.44
      70.079     0.999999     35392385   1310720.00
      70.335     0.999999     35392389   1497965.71
      70.847     0.999999     35392392   1747626.67
      71.679     1.000000     35392396   2097152.00
      71.871     1.000000     35392397   2330168.89
      71.935     1.000000     35392399   2621440.00
      72.127     1.000000     35392401   2995931.43
      72.191     1.000000     35392402   3495253.33
      72.383     1.000000     35392404   4194304.00
      72.511     1.000000     35392406   4660337.78
      72.511     1.000000     35392406   5242880.00
      72.959     1.000000     35392407   5991862.86
      72.959     1.000000     35392407   6990506.67
      73.471     1.000000     35392408   8388608.00
      73.919     1.000000     35392409   9320675.55
      73.919     1.000000     35392409  10485760.00
      74.111     1.000000     35392410  11983725.71
      74.111     1.000000     35392410  13981013.34
      74.111     1.000000     35392410  16777216.00
      75.199     1.000000     35392411  18641351.10
      75.199     1.000000     35392411  20971519.98
      75.199     1.000000     35392411  23967451.45
      75.199     1.000000     35392411  27962026.68
      75.199     1.000000     35392411  33554432.00
      76.159     1.000000     35392412  37282702.28
      76.159     1.000000     35392412          inf
#[Mean    =        2.396, StdDeviation   =        3.966]
#[Max     =       76.096, Total count    =     35392412]
#[Buckets =           27, SubBuckets     =         2048]
----------------------------------------------------------
  35995824 requests in 10.00m, 5.10GB read
Requests/sec:  59993.11
Transfer/sec:      8.70MB
