Running 10m test @ http://localhost:9999/math/plus?x=1&y=2
  16 threads and 400 connections
  Thread calibration: mean lat.: 1.835ms, rate sampling interval: 10ms
  Thread calibration: mean lat.: 1.750ms, rate sampling interval: 10ms
  Thread calibration: mean lat.: 6.065ms, rate sampling interval: 10ms
  Thread calibration: mean lat.: 35.697ms, rate sampling interval: 10ms
  Thread calibration: mean lat.: 57.311ms, rate sampling interval: 132ms
  Thread calibration: mean lat.: 1.867ms, rate sampling interval: 10ms
  Thread calibration: mean lat.: 10.268ms, rate sampling interval: 10ms
  Thread calibration: mean lat.: 10.316ms, rate sampling interval: 10ms
  Thread calibration: mean lat.: 27.536ms, rate sampling interval: 10ms
  Thread calibration: mean lat.: 2.869ms, rate sampling interval: 10ms
  Thread calibration: mean lat.: 40.142ms, rate sampling interval: 10ms
  Thread calibration: mean lat.: 2.901ms, rate sampling interval: 10ms
  Thread calibration: mean lat.: 35.701ms, rate sampling interval: 10ms
  Thread calibration: mean lat.: 36.015ms, rate sampling interval: 10ms
  Thread calibration: mean lat.: 19.037ms, rate sampling interval: 10ms
  Thread calibration: mean lat.: 1.953ms, rate sampling interval: 10ms
  Thread Stats   Avg      Stdev     Max   +/- Stdev
    Latency     2.00ms    1.06ms  23.81ms   68.15%
    Req/Sec   657.84    507.33     2.78k    78.55%
  Latency Distribution (HdrHistogram - Recorded Latency)
 50.000%    1.84ms
 75.000%    2.68ms
 90.000%    3.40ms
 99.000%    4.97ms
 99.900%    7.67ms
 99.990%   10.30ms
 99.999%   13.13ms
100.000%   23.82ms

  Detailed Percentile spectrum:
       Value   Percentile   TotalCount 1/(1-Percentile)

       0.077     0.000000            1         1.00
       0.767     0.100000       590235         1.11
       1.048     0.200000      1181100         1.25
       1.294     0.300000      1771697         1.43
       1.544     0.400000      2359488         1.67
       1.844     0.500000      2949792         2.00
       2.003     0.550000      3246044         2.22
       2.165     0.600000      3540983         2.50
       2.331     0.650000      3836371         2.86
       2.503     0.700000      4131129         3.33
       2.685     0.750000      4424751         4.00
       2.783     0.775000      4572176         4.44
       2.887     0.800000      4719517         5.00
       2.999     0.825000      4868922         5.71
       3.117     0.850000      5015012         6.67
       3.249     0.875000      5162579         8.00
       3.321     0.887500      5235473         8.89
       3.399     0.900000      5309728        10.00
       3.481     0.912500      5382627        11.43
       3.575     0.925000      5457657        13.33
       3.679     0.937500      5531120        16.00
       3.739     0.943750      5567930        17.78
       3.803     0.950000      5603796        20.00
       3.877     0.956250      5640904        22.86
       3.961     0.962500      5677554        26.67
       4.063     0.968750      5714584        32.00
       4.123     0.971875      5732949        35.56
       4.195     0.975000      5751963        40.00
       4.279     0.978125      5770289        45.71
       4.383     0.981250      5788341        53.33
       4.527     0.984375      5806948        64.00
       4.615     0.985938      5815808        71.11
       4.727     0.987500      5825187        80.00
       4.867     0.989062      5834232        91.43
       5.047     0.990625      5843462       106.67
       5.271     0.992188      5852636       128.00
       5.403     0.992969      5857218       142.22
       5.551     0.993750      5861855       160.00
       5.711     0.994531      5866442       182.86
       5.899     0.995313      5871081       213.33
       6.119     0.996094      5875637       256.00
       6.255     0.996484      5877948       284.44
       6.411     0.996875      5880284       320.00
       6.587     0.997266      5882539       365.71
       6.795     0.997656      5884858       426.67
       7.015     0.998047      5887147       512.00
       7.123     0.998242      5888323       568.89
       7.239     0.998437      5889452       640.00
       7.371     0.998633      5890605       731.43
       7.523     0.998828      5891777       853.33
       7.691     0.999023      5892921      1024.00
       7.779     0.999121      5893487      1137.78
       7.891     0.999219      5894069      1280.00
       8.011     0.999316      5894642      1462.86
       8.167     0.999414      5895217      1706.67
       8.359     0.999512      5895789      2048.00
       8.487     0.999561      5896084      2275.56
       8.655     0.999609      5896363      2560.00
       8.823     0.999658      5896651      2925.71
       9.071     0.999707      5896940      3413.33
       9.343     0.999756      5897225      4096.00
       9.495     0.999780      5897372      4551.11
       9.631     0.999805      5897519      5120.00
       9.767     0.999829      5897659      5851.43
       9.911     0.999854      5897805      6826.67
      10.103     0.999878      5897952      8192.00
      10.207     0.999890      5898021      9102.22
      10.319     0.999902      5898094     10240.00
      10.455     0.999915      5898163     11702.86
      10.687     0.999927      5898233     13653.33
      10.935     0.999939      5898306     16384.00
      11.031     0.999945      5898343     18204.44
      11.119     0.999951      5898379     20480.00
      11.223     0.999957      5898413     23405.71
      11.367     0.999963      5898449     27306.67
      11.647     0.999969      5898485     32768.00
      11.727     0.999973      5898504     36408.89
      11.831     0.999976      5898521     40960.00
      11.959     0.999979      5898539     46811.43
      12.151     0.999982      5898557     54613.33
      12.655     0.999985      5898575     65536.00
      12.783     0.999986      5898584     72817.78
      12.927     0.999988      5898593     81920.00
      13.071     0.999989      5898602     93622.86
      13.215     0.999991      5898611    109226.67
      13.415     0.999992      5898620    131072.00
      13.559     0.999993      5898625    145635.56
      13.839     0.999994      5898629    163840.00
      14.175     0.999995      5898634    187245.71
      14.319     0.999995      5898638    218453.33
      14.527     0.999996      5898643    262144.00
      14.719     0.999997      5898645    291271.11
      14.951     0.999997      5898648    327680.00
      15.079     0.999997      5898650    374491.43
      15.207     0.999998      5898652    436906.67
      15.239     0.999998      5898654    524288.00
      15.439     0.999998      5898655    582542.22
      15.503     0.999998      5898656    655360.00
      15.943     0.999999      5898658    748982.86
      16.703     0.999999      5898659    873813.33
      17.487     0.999999      5898660   1048576.00
      17.487     0.999999      5898660   1165084.44
      17.647     0.999999      5898661   1310720.00
      18.191     0.999999      5898662   1497965.71
      18.191     0.999999      5898662   1747626.67
      18.303     1.000000      5898664   2097152.00
      18.303     1.000000      5898664   2330168.89
      18.303     1.000000      5898664   2621440.00
      18.303     1.000000      5898664   2995931.43
      18.303     1.000000      5898664   3495253.33
      18.303     1.000000      5898664   4194304.00
      18.303     1.000000      5898664   4660337.78
      18.303     1.000000      5898664   5242880.00
      23.823     1.000000      5898665   5991862.86
      23.823     1.000000      5898665          inf
#[Mean    =        1.999, StdDeviation   =        1.064]
#[Max     =       23.808, Total count    =      5898665]
#[Buckets =           27, SubBuckets     =         2048]
----------------------------------------------------------
  5998323 requests in 10.00m, 869.51MB read
Requests/sec:   9997.22
Transfer/sec:      1.45MB
