Running 10m test @ http://localhost:9999/math/plus?x=1&y=2
  16 threads and 400 connections
  Thread calibration: mean lat.: 20.483ms, rate sampling interval: 30ms
  Thread calibration: mean lat.: 16.246ms, rate sampling interval: 27ms
  Thread calibration: mean lat.: 3.432ms, rate sampling interval: 15ms
  Thread calibration: mean lat.: 16.197ms, rate sampling interval: 27ms
  Thread calibration: mean lat.: 20.390ms, rate sampling interval: 31ms
  Thread calibration: mean lat.: 3.467ms, rate sampling interval: 16ms
  Thread calibration: mean lat.: 3.487ms, rate sampling interval: 16ms
  Thread calibration: mean lat.: 3.393ms, rate sampling interval: 17ms
  Thread calibration: mean lat.: 3.344ms, rate sampling interval: 15ms
  Thread calibration: mean lat.: 3.491ms, rate sampling interval: 16ms
  Thread calibration: mean lat.: 3.415ms, rate sampling interval: 16ms
  Thread calibration: mean lat.: 3.616ms, rate sampling interval: 15ms
  Thread calibration: mean lat.: 3.489ms, rate sampling interval: 16ms
  Thread calibration: mean lat.: 20.399ms, rate sampling interval: 31ms
  Thread calibration: mean lat.: 20.304ms, rate sampling interval: 30ms
  Thread calibration: mean lat.: 20.466ms, rate sampling interval: 31ms
  Thread Stats   Avg      Stdev     Max   +/- Stdev
    Latency     2.26ms    3.31ms  56.22ms   94.71%
    Req/Sec     3.22k   433.37    11.33k    84.89%
  Latency Distribution (HdrHistogram - Recorded Latency)
 50.000%    1.55ms
 75.000%    2.20ms
 90.000%    3.16ms
 99.000%   20.33ms
 99.900%   29.53ms
 99.990%   37.25ms
 99.999%   46.01ms
100.000%   56.26ms

  Detailed Percentile spectrum:
       Value   Percentile   TotalCount 1/(1-Percentile)

       0.055     0.000000            1         1.00
       0.571     0.100000      2953759         1.11
       0.870     0.200000      5899785         1.25
       1.109     0.300000      8857949         1.43
       1.327     0.400000     11801830         1.67
       1.548     0.500000     14753615         2.00
       1.659     0.550000     16223625         2.22
       1.776     0.600000     17696905         2.50
       1.904     0.650000     19178947         2.86
       2.044     0.700000     20654145         3.33
       2.205     0.750000     22128905         4.00
       2.297     0.775000     22862864         4.44
       2.401     0.800000     23607324         5.00
       2.519     0.825000     24342990         5.71
       2.661     0.850000     25077368         6.67
       2.849     0.875000     25810577         8.00
       2.979     0.887500     26179515         8.89
       3.157     0.900000     26546657        10.00
       3.439     0.912500     26913826        11.43
       3.897     0.925000     27282680        13.33
       4.591     0.937500     27650895        16.00
       5.143     0.943750     27834884        17.78
       6.007     0.950000     28019446        20.00
       7.319     0.956250     28203457        22.86
       8.935     0.962500     28388241        26.67
      11.167     0.968750     28571956        32.00
      12.391     0.971875     28664637        35.56
      13.727     0.975000     28756294        40.00
      15.095     0.978125     28848700        45.71
      16.383     0.981250     28940683        53.33
      17.743     0.984375     29033457        64.00
      18.431     0.985938     29079742        71.11
      19.135     0.987500     29125571        80.00
      19.871     0.989062     29171480        91.43
      20.655     0.990625     29217554       106.67
      21.519     0.992188     29263286       128.00
      21.999     0.992969     29286769       142.22
      22.511     0.993750     29309971       160.00
      23.071     0.994531     29332660       182.86
      23.711     0.995313     29355404       213.33
      24.463     0.996094     29378659       256.00
      24.895     0.996484     29390277       284.44
      25.359     0.996875     29401616       320.00
      25.855     0.997266     29412990       365.71
      26.463     0.997656     29424677       426.67
      27.135     0.998047     29436177       512.00
      27.519     0.998242     29441890       568.89
      27.935     0.998437     29447614       640.00
      28.431     0.998633     29453439       731.43
      28.975     0.998828     29459139       853.33
      29.631     0.999023     29464921      1024.00
      29.999     0.999121     29467804      1137.78
      30.415     0.999219     29470591      1280.00
      30.911     0.999316     29473477      1462.86
      31.423     0.999414     29476379      1706.67
      31.983     0.999512     29479296      2048.00
      32.287     0.999561     29480686      2275.56
      32.639     0.999609     29482150      2560.00
      33.055     0.999658     29483571      2925.71
      33.567     0.999707     29485047      3413.33
      34.143     0.999756     29486461      4096.00
      34.527     0.999780     29487215      4551.11
      34.911     0.999805     29487902      5120.00
      35.327     0.999829     29488609      5851.43
      35.839     0.999854     29489362      6826.67
      36.447     0.999878     29490033      8192.00
      36.895     0.999890     29490418      9102.22
      37.343     0.999902     29490754     10240.00
      37.919     0.999915     29491118     11702.86
      38.559     0.999927     29491477     13653.33
      39.359     0.999939     29491839     16384.00
      39.839     0.999945     29492019     18204.44
      40.287     0.999951     29492205     20480.00
      40.767     0.999957     29492375     23405.71
      41.407     0.999963     29492555     27306.67
      42.207     0.999969     29492736     32768.00
      42.719     0.999973     29492827     36408.89
      43.199     0.999976     29492914     40960.00
      43.615     0.999979     29493008     46811.43
      44.159     0.999982     29493093     54613.33
      44.735     0.999985     29493183     65536.00
      45.023     0.999986     29493228     72817.78
      45.343     0.999988     29493274     81920.00
      45.759     0.999989     29493318     93622.86
      46.399     0.999991     29493363    109226.67
      46.975     0.999992     29493408    131072.00
      47.295     0.999993     29493430    145635.56
      47.487     0.999994     29493453    163840.00
      47.743     0.999995     29493475    187245.71
      48.223     0.999995     29493497    218453.33
      48.607     0.999996     29493521    262144.00
      48.927     0.999997     29493531    291271.11
      49.343     0.999997     29493543    327680.00
      49.663     0.999997     29493556    374491.43
      49.887     0.999998     29493566    436906.67
      50.175     0.999998     29493578    524288.00
      50.271     0.999998     29493582    582542.22
      50.367     0.999998     29493591    655360.00
      50.431     0.999999     29493593    748982.86
      50.719     0.999999     29493599    873813.33
      50.943     0.999999     29493604   1048576.00
      51.007     0.999999     29493608   1165084.44
      51.135     0.999999     29493610   1310720.00
      51.551     0.999999     29493613   1497965.71
      51.679     0.999999     29493616   1747626.67
      52.223     1.000000     29493618   2097152.00
      52.415     1.000000     29493620   2330168.89
      52.511     1.000000     29493621   2621440.00
      52.799     1.000000     29493623   2995931.43
      52.895     1.000000     29493624   3495253.33
      53.055     1.000000     29493625   4194304.00
      53.247     1.000000     29493626   4660337.78
      53.791     1.000000     29493627   5242880.00
      53.855     1.000000     29493628   5991862.86
      53.855     1.000000     29493628   6990506.67
      54.719     1.000000     29493629   8388608.00
      54.719     1.000000     29493629   9320675.55
      55.295     1.000000     29493630  10485760.00
      55.295     1.000000     29493630  11983725.71
      55.295     1.000000     29493630  13981013.34
      55.391     1.000000     29493631  16777216.00
      55.391     1.000000     29493631  18641351.10
      55.391     1.000000     29493631  20971519.98
      55.391     1.000000     29493631  23967451.45
      55.391     1.000000     29493631  27962026.68
      56.255     1.000000     29493632  33554432.00
      56.255     1.000000     29493632          inf
#[Mean    =        2.257, StdDeviation   =        3.307]
#[Max     =       56.224, Total count    =     29493632]
#[Buckets =           27, SubBuckets     =         2048]
----------------------------------------------------------
  29993806 requests in 10.00m, 4.25GB read
Requests/sec:  49989.64
Transfer/sec:      7.25MB
