Running 60m test @ http://localhost:9999/math/plus?x=1&y=2
  16 threads and 400 connections
  Thread calibration: mean lat.: 6.769ms, rate sampling interval: 17ms
  Thread calibration: mean lat.: 6.670ms, rate sampling interval: 16ms
  Thread calibration: mean lat.: 2.592ms, rate sampling interval: 15ms
  Thread calibration: mean lat.: 2.512ms, rate sampling interval: 15ms
  Thread calibration: mean lat.: 6.678ms, rate sampling interval: 17ms
  Thread calibration: mean lat.: 6.685ms, rate sampling interval: 16ms
  Thread calibration: mean lat.: 6.714ms, rate sampling interval: 17ms
  Thread calibration: mean lat.: 2.503ms, rate sampling interval: 15ms
  Thread calibration: mean lat.: 6.807ms, rate sampling interval: 17ms
  Thread calibration: mean lat.: 10.933ms, rate sampling interval: 19ms
  Thread calibration: mean lat.: 2.527ms, rate sampling interval: 15ms
  Thread calibration: mean lat.: 10.847ms, rate sampling interval: 18ms
  Thread calibration: mean lat.: 10.800ms, rate sampling interval: 18ms
  Thread calibration: mean lat.: 2.673ms, rate sampling interval: 16ms
  Thread calibration: mean lat.: 10.852ms, rate sampling interval: 18ms
  Thread calibration: mean lat.: 2.591ms, rate sampling interval: 15ms
  Thread Stats   Avg      Stdev     Max   +/- Stdev
    Latency     1.66ms    2.72ms  48.45ms   92.40%
    Req/Sec     1.94k   280.06     6.27k    83.66%
  Latency Distribution (HdrHistogram - Recorded Latency)
 50.000%    0.97ms
 75.000%    1.32ms
 90.000%    1.93ms
 99.000%   14.54ms
 99.900%   19.69ms
 99.990%   27.01ms
 99.999%   33.89ms
100.000%   48.48ms

  Detailed Percentile spectrum:
       Value   Percentile   TotalCount 1/(1-Percentile)

       0.062     0.000000            3         1.00
       0.368     0.100000     10788823         1.11
       0.536     0.200000     21584368         1.25
       0.687     0.300000     32330641         1.43
       0.832     0.400000     43124809         1.67
       0.972     0.500000     53868185         2.00
       1.040     0.550000     59280452         2.22
       1.107     0.600000     64685082         2.50
       1.174     0.650000     70053966         2.86
       1.244     0.700000     75391414         3.33
       1.322     0.750000     80781836         4.00
       1.368     0.775000     83490776         4.44
       1.421     0.800000     86171896         5.00
       1.486     0.825000     88879361         5.71
       1.569     0.850000     91557594         6.67
       1.689     0.875000     94248660         8.00
       1.780     0.887500     95585958         8.89
       1.933     0.900000     96927989        10.00
       2.697     0.912500     98273943        11.43
       4.519     0.925000     99620687        13.33
       6.319     0.937500    100965829        16.00
       7.243     0.943750    101641149        17.78
       8.163     0.950000    102312434        20.00
       9.119     0.956250    102986912        22.86
      10.039     0.962500    103662356        26.67
      10.983     0.968750    104335223        32.00
      11.463     0.971875    104671827        35.56
      11.935     0.975000    105006180        40.00
      12.415     0.978125    105343983        45.71
      12.903     0.981250    105677305        53.33
      13.439     0.984375    106014865        64.00
      13.727     0.985938    106183654        71.11
      14.031     0.987500    106353489        80.00
      14.343     0.989062    106518544        91.43
      14.687     0.990625    106689663       106.67
      15.063     0.992188    106855214       128.00
      15.279     0.992969    106940124       142.22
      15.519     0.993750    107025045       160.00
      15.783     0.994531    107107992       182.86
      16.095     0.995313    107192536       213.33
      16.479     0.996094    107278134       256.00
      16.687     0.996484    107317962       284.44
      16.943     0.996875    107361495       320.00
      17.231     0.997266    107403868       365.71
      17.551     0.997656    107443925       426.67
      17.967     0.998047    107486380       512.00
      18.223     0.998242    107507567       568.89
      18.511     0.998437    107528920       640.00
      18.847     0.998633    107549749       731.43
      19.247     0.998828    107570181       853.33
      19.775     0.999023    107591504      1024.00
      20.079     0.999121    107601767      1137.78
      20.431     0.999219    107612507      1280.00
      20.831     0.999316    107622833      1462.86
      21.295     0.999414    107633407      1706.67
      21.871     0.999512    107643833      2048.00
      22.223     0.999561    107649146      2275.56
      22.591     0.999609    107654377      2560.00
      23.023     0.999658    107659479      2925.71
      23.551     0.999707    107664731      3413.33
      24.175     0.999756    107670041      4096.00
      24.495     0.999780    107672618      4551.11
      24.863     0.999805    107675270      5120.00
      25.263     0.999829    107677866      5851.43
      25.759     0.999854    107680498      6826.67
      26.367     0.999878    107683155      8192.00
      26.703     0.999890    107684437      9102.22
      27.087     0.999902    107685744     10240.00
      27.519     0.999915    107687084     11702.86
      28.015     0.999927    107688366     13653.33
      28.575     0.999939    107689692     16384.00
      28.895     0.999945    107690333     18204.44
      29.263     0.999951    107691013     20480.00
      29.663     0.999957    107691659     23405.71
      30.127     0.999963    107692317     27306.67
      30.687     0.999969    107692964     32768.00
      30.991     0.999973    107693294     36408.89
      31.359     0.999976    107693627     40960.00
      31.759     0.999979    107693963     46811.43
      32.159     0.999982    107694279     54613.33
      32.639     0.999985    107694610     65536.00
      32.927     0.999986    107694780     72817.78
      33.247     0.999988    107694938     81920.00
      33.631     0.999989    107695100     93622.86
      34.111     0.999991    107695263    109226.67
      34.623     0.999992    107695432    131072.00
      34.943     0.999993    107695516    145635.56
      35.359     0.999994    107695591    163840.00
      35.935     0.999995    107695674    187245.71
      36.607     0.999995    107695758    218453.33
      37.375     0.999996    107695840    262144.00
      37.983     0.999997    107695883    291271.11
      38.367     0.999997    107695920    327680.00
      38.879     0.999997    107695963    374491.43
      39.647     0.999998    107696004    436906.67
      40.223     0.999998    107696043    524288.00
      40.703     0.999998    107696066    582542.22
      41.055     0.999998    107696085    655360.00
      41.503     0.999999    107696105    748982.86
      41.951     0.999999    107696125    873813.33
      43.071     0.999999    107696147   1048576.00
      43.263     0.999999    107696156   1165084.44
      43.679     0.999999    107696166   1310720.00
      43.999     0.999999    107696177   1497965.71
      44.287     0.999999    107696187   1747626.67
      44.575     1.000000    107696197   2097152.00
      44.863     1.000000    107696203   2330168.89
      45.023     1.000000    107696207   2621440.00
      45.375     1.000000    107696213   2995931.43
      45.567     1.000000    107696218   3495253.33
      45.695     1.000000    107696223   4194304.00
      45.791     1.000000    107696225   4660337.78
      45.887     1.000000    107696228   5242880.00
      46.367     1.000000    107696231   5991862.86
      46.527     1.000000    107696234   6990506.67
      46.591     1.000000    107696237   8388608.00
      46.591     1.000000    107696237   9320675.55
      46.655     1.000000    107696238  10485760.00
      46.751     1.000000    107696240  11983725.71
      46.943     1.000000    107696241  13981013.34
      47.359     1.000000    107696242  16777216.00
      47.487     1.000000    107696243  18641351.10
      47.487     1.000000    107696243  20971519.98
      47.615     1.000000    107696244  23967451.45
      47.679     1.000000    107696245  27962026.68
      47.679     1.000000    107696245  33554432.00
      47.743     1.000000    107696246  37282702.28
      47.743     1.000000    107696246  41943039.96
      47.743     1.000000    107696246  47934902.91
      48.223     1.000000    107696247  55924053.19
      48.223     1.000000    107696247  67108864.00
      48.223     1.000000    107696247  74565404.57
      48.223     1.000000    107696247  83886080.31
      48.223     1.000000    107696247  95869805.31
      48.479     1.000000    107696248 111848106.39
      48.479     1.000000    107696248          inf
#[Mean    =        1.659, StdDeviation   =        2.724]
#[Max     =       48.448, Total count    =    107696248]
#[Buckets =           27, SubBuckets     =         2048]
----------------------------------------------------------
  107996495 requests in 60.00m, 15.29GB read
Requests/sec:  29999.02
Transfer/sec:      4.35MB
