Running 10m test @ http://localhost:9999/math/plus?x=1&y=2
  16 threads and 400 connections
  Thread calibration: mean lat.: 11.901ms, rate sampling interval: 12ms
  Thread calibration: mean lat.: 41.953ms, rate sampling interval: 15ms
  Thread calibration: mean lat.: 1.923ms, rate sampling interval: 10ms
  Thread calibration: mean lat.: 12.121ms, rate sampling interval: 14ms
  Thread calibration: mean lat.: 1.923ms, rate sampling interval: 10ms
  Thread calibration: mean lat.: 49.780ms, rate sampling interval: 16ms
  Thread calibration: mean lat.: 1.662ms, rate sampling interval: 10ms
  Thread calibration: mean lat.: 49.978ms, rate sampling interval: 16ms
  Thread calibration: mean lat.: 1.726ms, rate sampling interval: 10ms
  Thread calibration: mean lat.: 16.096ms, rate sampling interval: 12ms
  Thread calibration: mean lat.: 15.996ms, rate sampling interval: 13ms
  Thread calibration: mean lat.: 11.545ms, rate sampling interval: 12ms
  Thread calibration: mean lat.: 1.814ms, rate sampling interval: 10ms
  Thread calibration: mean lat.: 11.913ms, rate sampling interval: 13ms
  Thread calibration: mean lat.: 76.349ms, rate sampling interval: 602ms
  Thread calibration: mean lat.: 81.276ms, rate sampling interval: 691ms
  Thread Stats   Avg      Stdev     Max   +/- Stdev
    Latency     2.97ms    2.12ms  26.80ms   73.42%
    Req/Sec   653.52    823.04     2.78k    83.42%
  Latency Distribution (HdrHistogram - Recorded Latency)
 50.000%    2.09ms
 75.000%    4.38ms
 90.000%    6.42ms
 99.000%    8.30ms
 99.900%   11.40ms
 99.990%   17.61ms
 99.999%   23.92ms
100.000%   26.82ms

  Detailed Percentile spectrum:
       Value   Percentile   TotalCount 1/(1-Percentile)

       0.094     0.000000            1         1.00
       0.986     0.100000       590846         1.11
       1.266     0.200000      1181302         1.25
       1.497     0.300000      1771531         1.43
       1.758     0.400000      2360869         1.67
       2.087     0.500000      2952191         2.00
       2.297     0.550000      3246606         2.22
       2.587     0.600000      3539600         2.50
       3.041     0.650000      3835019         2.86
       3.673     0.700000      4129111         3.33
       4.379     0.750000      4425133         4.00
       4.723     0.775000      4571513         4.44
       5.071     0.800000      4719925         5.00
       5.411     0.825000      4867816         5.71
       5.743     0.850000      5015285         6.67
       6.079     0.875000      5162338         8.00
       6.251     0.887500      5236657         8.89
       6.423     0.900000      5309549        10.00
       6.603     0.912500      5383778        11.43
       6.791     0.925000      5457625        13.33
       6.987     0.937500      5531040        16.00
       7.091     0.943750      5567791        17.78
       7.199     0.950000      5603946        20.00
       7.319     0.956250      5640980        22.86
       7.447     0.962500      5677873        26.67
       7.583     0.968750      5714546        32.00
       7.659     0.971875      5733212        35.56
       7.743     0.975000      5751584        40.00
       7.835     0.978125      5770123        45.71
       7.931     0.981250      5788747        53.33
       8.035     0.984375      5806553        64.00
       8.099     0.985938      5816263        71.11
       8.163     0.987500      5824945        80.00
       8.239     0.989062      5834149        91.43
       8.335     0.990625      5844046       106.67
       8.439     0.992188      5853021       128.00
       8.503     0.992969      5857698       142.22
       8.575     0.993750      5862157       160.00
       8.655     0.994531      5866508       182.86
       8.759     0.995313      5871058       213.33
       8.903     0.996094      5875627       256.00
       8.999     0.996484      5877932       284.44
       9.119     0.996875      5880261       320.00
       9.279     0.997266      5882607       365.71
       9.495     0.997656      5884858       426.67
       9.831     0.998047      5887153       512.00
      10.063     0.998242      5888297       568.89
      10.351     0.998437      5889475       640.00
      10.671     0.998633      5890610       731.43
      11.031     0.998828      5891768       853.33
      11.447     0.999023      5892919      1024.00
      11.703     0.999121      5893488      1137.78
      11.951     0.999219      5894062      1280.00
      12.215     0.999316      5894645      1462.86
      12.543     0.999414      5895220      1706.67
      12.919     0.999512      5895790      2048.00
      13.119     0.999561      5896080      2275.56
      13.351     0.999609      5896360      2560.00
      13.599     0.999658      5896648      2925.71
      13.895     0.999707      5896936      3413.33
      14.255     0.999756      5897226      4096.00
      14.599     0.999780      5897374      4551.11
      14.879     0.999805      5897514      5120.00
      15.247     0.999829      5897660      5851.43
      15.743     0.999854      5897802      6826.67
      16.415     0.999878      5897947      8192.00
      16.847     0.999890      5898017      9102.22
      17.711     0.999902      5898088     10240.00
      18.367     0.999915      5898164     11702.86
      18.975     0.999927      5898232     13653.33
      19.823     0.999939      5898304     16384.00
      20.047     0.999945      5898343     18204.44
      20.399     0.999951      5898376     20480.00
      20.655     0.999957      5898412     23405.71
      20.911     0.999963      5898449     27306.67
      21.423     0.999969      5898484     32768.00
      21.695     0.999973      5898502     36408.89
      21.967     0.999976      5898520     40960.00
      22.159     0.999979      5898538     46811.43
      22.287     0.999982      5898558     54613.33
      22.751     0.999985      5898574     65536.00
      23.151     0.999986      5898583     72817.78
      23.727     0.999988      5898592     81920.00
      23.887     0.999989      5898603     93622.86
      23.999     0.999991      5898611    109226.67
      24.239     0.999992      5898619    131072.00
      24.703     0.999993      5898624    145635.56
      24.831     0.999994      5898628    163840.00
      25.055     0.999995      5898633    187245.71
      25.151     0.999995      5898638    218453.33
      25.263     0.999996      5898642    262144.00
      25.295     0.999997      5898644    291271.11
      25.327     0.999997      5898646    327680.00
      25.551     0.999997      5898649    374491.43
      25.679     0.999998      5898651    436906.67
      25.743     0.999998      5898653    524288.00
      25.807     0.999998      5898655    582542.22
      25.807     0.999998      5898655    655360.00
      25.855     0.999999      5898657    748982.86
      25.919     0.999999      5898658    873813.33
      26.063     0.999999      5898659   1048576.00
      26.063     0.999999      5898659   1165084.44
      26.111     0.999999      5898660   1310720.00
      26.127     0.999999      5898661   1497965.71
      26.127     0.999999      5898661   1747626.67
      26.271     1.000000      5898662   2097152.00
      26.271     1.000000      5898662   2330168.89
      26.271     1.000000      5898662   2621440.00
      26.495     1.000000      5898663   2995931.43
      26.495     1.000000      5898663   3495253.33
      26.495     1.000000      5898663   4194304.00
      26.495     1.000000      5898663   4660337.78
      26.495     1.000000      5898663   5242880.00
      26.815     1.000000      5898664   5991862.86
      26.815     1.000000      5898664          inf
#[Mean    =        2.969, StdDeviation   =        2.121]
#[Max     =       26.800, Total count    =      5898664]
#[Buckets =           27, SubBuckets     =         2048]
----------------------------------------------------------
  5996497 requests in 10.00m, 869.24MB read
Requests/sec:   9994.12
Transfer/sec:      1.45MB
