Running 10m test @ http://localhost:9999/math/plus?x=1&y=2
  16 threads and 400 connections
  Thread calibration: mean lat.: 23.022ms, rate sampling interval: 10ms
  Thread calibration: mean lat.: 31.851ms, rate sampling interval: 15ms
  Thread calibration: mean lat.: 48.990ms, rate sampling interval: 41ms
  Thread calibration: mean lat.: 10.390ms, rate sampling interval: 10ms
  Thread calibration: mean lat.: 40.339ms, rate sampling interval: 29ms
  Thread calibration: mean lat.: 1.908ms, rate sampling interval: 10ms
  Thread calibration: mean lat.: 1.865ms, rate sampling interval: 10ms
  Thread calibration: mean lat.: 10.365ms, rate sampling interval: 10ms
  Thread calibration: mean lat.: 1.918ms, rate sampling interval: 10ms
  Thread calibration: mean lat.: 40.824ms, rate sampling interval: 29ms
  Thread calibration: mean lat.: 57.915ms, rate sampling interval: 146ms
  Thread calibration: mean lat.: 1.841ms, rate sampling interval: 10ms
  Thread calibration: mean lat.: 40.127ms, rate sampling interval: 28ms
  Thread calibration: mean lat.: 57.852ms, rate sampling interval: 146ms
  Thread calibration: mean lat.: 27.634ms, rate sampling interval: 10ms
  Thread calibration: mean lat.: 1.836ms, rate sampling interval: 10ms
  Thread Stats   Avg      Stdev     Max   +/- Stdev
    Latency     2.17ms    9.05ms   1.00s    96.19%
    Req/Sec     1.97k   405.51     8.33k    74.71%
  Latency Distribution (HdrHistogram - Recorded Latency)
 50.000%    1.22ms
 75.000%    1.70ms
 90.000%    2.55ms
 99.000%   19.81ms
 99.900%   29.81ms
 99.990%  526.34ms
 99.999%  952.83ms
100.000%    1.00s 

  Detailed Percentile spectrum:
       Value   Percentile   TotalCount 1/(1-Percentile)

       0.066     0.000000            1         1.00
       0.487     0.100000      1774371         1.11
       0.712     0.200000      3544931         1.25
       0.897     0.300000      5315431         1.43
       1.061     0.400000      7082305         1.67
       1.218     0.500000      8853296         2.00
       1.300     0.550000      9738823         2.22
       1.386     0.600000     10622666         2.50
       1.479     0.650000     11506696         2.86
       1.582     0.700000     12389254         3.33
       1.698     0.750000     13273814         4.00
       1.764     0.775000     13716424         4.44
       1.839     0.800000     14160646         5.00
       1.927     0.825000     14603278         5.71
       2.037     0.850000     15042655         6.67
       2.201     0.875000     15486386         8.00
       2.329     0.887500     15707513         8.89
       2.553     0.900000     15927322        10.00
       3.241     0.912500     16147817        11.43
       4.563     0.925000     16369145        13.33
       6.295     0.937500     16590336        16.00
       7.379     0.943750     16700975        17.78
       8.567     0.950000     16811725        20.00
       9.919     0.956250     16922123        22.86
      11.359     0.962500     17032649        26.67
      12.927     0.968750     17143386        32.00
      13.775     0.971875     17198559        35.56
      14.663     0.975000     17254333        40.00
      15.543     0.978125     17309553        45.71
      16.463     0.981250     17364646        53.33
      17.503     0.984375     17420425        64.00
      18.079     0.985938     17447644        71.11
      18.703     0.987500     17475460        80.00
      19.375     0.989062     17502997        91.43
      20.095     0.990625     17530359       106.67
      20.943     0.992188     17558315       128.00
      21.407     0.992969     17571946       142.22
      21.919     0.993750     17585703       160.00
      22.479     0.994531     17599517       182.86
      23.151     0.995313     17613531       213.33
      23.935     0.996094     17627353       256.00
      24.383     0.996484     17634118       284.44
      24.895     0.996875     17641050       320.00
      25.471     0.997266     17647880       365.71
      26.143     0.997656     17654862       426.67
      26.911     0.998047     17661684       512.00
      27.375     0.998242     17665116       568.89
      27.903     0.998437     17668642       640.00
      28.463     0.998633     17672027       731.43
      29.135     0.998828     17675510       853.33
      29.903     0.999023     17678974      1024.00
      30.335     0.999121     17680710      1137.78
      30.815     0.999219     17682448      1280.00
      31.423     0.999316     17684136      1462.86
      32.127     0.999414     17685893      1706.67
      32.895     0.999512     17687582      2048.00
      33.375     0.999561     17688448      2275.56
      33.951     0.999609     17689329      2560.00
      34.623     0.999658     17690181      2925.71
      35.551     0.999707     17691052      3413.33
      37.215     0.999756     17691902      4096.00
      39.231     0.999780     17692337      4551.11
      78.143     0.999805     17692766      5120.00
     192.895     0.999829     17693197      5851.43
     306.943     0.999854     17693630      6826.67
     421.119     0.999878     17694061      8192.00
     481.791     0.999890     17694277      9102.22
     538.623     0.999902     17694495     10240.00
     593.919     0.999915     17694709     11702.86
     653.311     0.999927     17694926     13653.33
     712.703     0.999939     17695141     16384.00
     739.839     0.999945     17695250     18204.44
     767.487     0.999951     17695359     20480.00
     798.719     0.999957     17695465     23405.71
     826.367     0.999963     17695573     27306.67
     854.015     0.999969     17695684     32768.00
     868.863     0.999973     17695736     36408.89
     884.735     0.999976     17695789     40960.00
     898.559     0.999979     17695843     46811.43
     912.895     0.999982     17695898     54613.33
     927.231     0.999985     17695955     65536.00
     933.887     0.999986     17695984     72817.78
     940.543     0.999988     17696009     81920.00
     948.223     0.999989     17696035     93622.86
     954.367     0.999991     17696059    109226.67
     962.047     0.999992     17696086    131072.00
     967.167     0.999993     17696100    145635.56
     970.239     0.999994     17696113    163840.00
     976.895     0.999995     17696127    187245.71
     978.943     0.999995     17696144    218453.33
     981.503     0.999996     17696154    262144.00
     984.575     0.999997     17696162    291271.11
     985.599     0.999997     17696168    327680.00
     987.135     0.999997     17696176    374491.43
     988.159     0.999998     17696181    436906.67
     990.207     0.999998     17696188    524288.00
     991.743     0.999998     17696195    582542.22
     991.743     0.999998     17696195    655360.00
     993.279     0.999999     17696201    748982.86
     993.279     0.999999     17696201    873813.33
     993.791     0.999999     17696208   1048576.00
     993.791     0.999999     17696208   1165084.44
     993.791     0.999999     17696208   1310720.00
     994.303     0.999999     17696210   1497965.71
     995.327     0.999999     17696211   1747626.67
     996.351     1.000000     17696213   2097152.00
     998.399     1.000000     17696215   2330168.89
     998.399     1.000000     17696215   2621440.00
     998.911     1.000000     17696218   2995931.43
     998.911     1.000000     17696218   3495253.33
     998.911     1.000000     17696218   4194304.00
     998.911     1.000000     17696218   4660337.78
     998.911     1.000000     17696218   5242880.00
     999.935     1.000000     17696219   5991862.86
     999.935     1.000000     17696219   6990506.67
     999.935     1.000000     17696219   8388608.00
    1000.447     1.000000     17696220   9320675.55
    1000.447     1.000000     17696220  10485760.00
    1000.447     1.000000     17696220  11983725.71
    1000.447     1.000000     17696220  13981013.34
    1000.447     1.000000     17696220  16777216.00
    1001.983     1.000000     17696221  18641351.10
    1001.983     1.000000     17696221          inf
#[Mean    =        2.166, StdDeviation   =        9.054]
#[Max     =     1001.472, Total count    =     17696221]
#[Buckets =           27, SubBuckets     =         2048]
----------------------------------------------------------
  17998023 requests in 10.00m, 2.55GB read
Requests/sec:  29996.67
Transfer/sec:      4.35MB
