Running 10m test @ http://localhost:9999/math/plus?x=1&y=2
  16 threads and 400 connections
  Thread calibration: mean lat.: 27.039ms, rate sampling interval: 10ms
  Thread calibration: mean lat.: 27.026ms, rate sampling interval: 10ms
  Thread calibration: mean lat.: 73.915ms, rate sampling interval: 594ms
  Thread calibration: mean lat.: 26.879ms, rate sampling interval: 10ms
  Thread calibration: mean lat.: 1.466ms, rate sampling interval: 10ms
  Thread calibration: mean lat.: 6.122ms, rate sampling interval: 10ms
  Thread calibration: mean lat.: 48.119ms, rate sampling interval: 10ms
  Thread calibration: mean lat.: 14.605ms, rate sampling interval: 10ms
  Thread calibration: mean lat.: 10.526ms, rate sampling interval: 10ms
  Thread calibration: mean lat.: 1.902ms, rate sampling interval: 10ms
  Thread calibration: mean lat.: 53.031ms, rate sampling interval: 11ms
  Thread calibration: mean lat.: 52.940ms, rate sampling interval: 10ms
  Thread calibration: mean lat.: 1.778ms, rate sampling interval: 10ms
  Thread calibration: mean lat.: 44.442ms, rate sampling interval: 10ms
  Thread calibration: mean lat.: 14.586ms, rate sampling interval: 10ms
  Thread calibration: mean lat.: 1.555ms, rate sampling interval: 10ms
  Thread Stats   Avg      Stdev     Max   +/- Stdev
    Latency     1.86ms    1.02ms  29.39ms   70.06%
    Req/Sec   658.12    580.89     2.78k    71.57%
  Latency Distribution (HdrHistogram - Recorded Latency)
 50.000%    1.66ms
 75.000%    2.46ms
 90.000%    3.24ms
 99.000%    4.65ms
 99.900%    6.17ms
 99.990%   14.10ms
 99.999%   23.02ms
100.000%   29.41ms

  Detailed Percentile spectrum:
       Value   Percentile   TotalCount 1/(1-Percentile)

       0.075     0.000000            1         1.00
       0.734     0.100000       591533         1.11
       0.992     0.200000      1181726         1.25
       1.213     0.300000      1772246         1.43
       1.424     0.400000      2359991         1.67
       1.657     0.500000      2950512         2.00
       1.788     0.550000      3244439         2.22
       1.932     0.600000      3540522         2.50
       2.089     0.650000      3834821         2.86
       2.265     0.700000      4129945         3.33
       2.465     0.750000      4425543         4.00
       2.573     0.775000      4573541         4.44
       2.685     0.800000      4720235         5.00
       2.805     0.825000      4867951         5.71
       2.933     0.850000      5013974         6.67
       3.077     0.875000      5162682         8.00
       3.157     0.887500      5236660         8.89
       3.245     0.900000      5310047        10.00
       3.347     0.912500      5383029        11.43
       3.469     0.925000      5457197        13.33
       3.613     0.937500      5530784        16.00
       3.695     0.943750      5567046        17.78
       3.787     0.950000      5604543        20.00
       3.885     0.956250      5641177        22.86
       3.989     0.962500      5677938        26.67
       4.103     0.968750      5715114        32.00
       4.163     0.971875      5733250        35.56
       4.227     0.975000      5751412        40.00
       4.299     0.978125      5770278        45.71
       4.375     0.981250      5788805        53.33
       4.459     0.984375      5807135        64.00
       4.503     0.985938      5815766        71.11
       4.555     0.987500      5825357        80.00
       4.611     0.989062      5834692        91.43
       4.671     0.990625      5843501       106.67
       4.743     0.992188      5852672       128.00
       4.787     0.992969      5857605       142.22
       4.831     0.993750      5862015       160.00
       4.883     0.994531      5866509       182.86
       4.943     0.995313      5871062       213.33
       5.015     0.996094      5875648       256.00
       5.063     0.996484      5878102       284.44
       5.111     0.996875      5880256       320.00
       5.175     0.997266      5882676       365.71
       5.255     0.997656      5884911       426.67
       5.359     0.998047      5887175       512.00
       5.431     0.998242      5888352       568.89
       5.535     0.998437      5889484       640.00
       5.683     0.998633      5890630       731.43
       5.903     0.998828      5891789       853.33
       6.223     0.999023      5892934      1024.00
       6.451     0.999121      5893509      1137.78
       6.739     0.999219      5894080      1280.00
       7.115     0.999316      5894658      1462.86
       7.575     0.999414      5895234      1706.67
       8.131     0.999512      5895808      2048.00
       8.439     0.999561      5896097      2275.56
       8.767     0.999609      5896384      2560.00
       9.247     0.999658      5896673      2925.71
       9.815     0.999707      5896963      3413.33
      10.479     0.999756      5897250      4096.00
      10.847     0.999780      5897396      4551.11
      11.263     0.999805      5897536      5120.00
      11.775     0.999829      5897682      5851.43
      12.263     0.999854      5897826      6826.67
      13.007     0.999878      5897969      8192.00
      13.599     0.999890      5898041      9102.22
      14.255     0.999902      5898112     10240.00
      14.815     0.999915      5898184     11702.86
      15.519     0.999927      5898257     13653.33
      16.351     0.999939      5898328     16384.00
      16.943     0.999945      5898364     18204.44
      17.471     0.999951      5898401     20480.00
      17.871     0.999957      5898438     23405.71
      18.415     0.999963      5898473     27306.67
      19.199     0.999969      5898509     32768.00
      19.695     0.999973      5898526     36408.89
      20.095     0.999976      5898545     40960.00
      20.607     0.999979      5898562     46811.43
      21.119     0.999982      5898580     54613.33
      21.631     0.999985      5898598     65536.00
      22.063     0.999986      5898607     72817.78
      22.383     0.999988      5898616     81920.00
      22.847     0.999989      5898625     93622.86
      23.423     0.999991      5898634    109226.67
      23.743     0.999992      5898643    131072.00
      24.095     0.999993      5898648    145635.56
      24.207     0.999994      5898652    163840.00
      24.319     0.999995      5898657    187245.71
      24.735     0.999995      5898661    218453.33
      24.991     0.999996      5898666    262144.00
      25.455     0.999997      5898668    291271.11
      25.759     0.999997      5898670    327680.00
      26.335     0.999997      5898673    374491.43
      26.655     0.999998      5898675    436906.67
      26.767     0.999998      5898677    524288.00
      26.847     0.999998      5898678    582542.22
      26.927     0.999998      5898679    655360.00
      27.247     0.999999      5898681    748982.86
      27.295     0.999999      5898682    873813.33
      27.439     0.999999      5898683   1048576.00
      27.439     0.999999      5898683   1165084.44
      27.951     0.999999      5898685   1310720.00
      27.951     0.999999      5898685   1497965.71
      27.951     0.999999      5898685   1747626.67
      28.031     1.000000      5898687   2097152.00
      28.031     1.000000      5898687   2330168.89
      28.031     1.000000      5898687   2621440.00
      28.031     1.000000      5898687   2995931.43
      28.031     1.000000      5898687   3495253.33
      28.031     1.000000      5898687   4194304.00
      28.031     1.000000      5898687   4660337.78
      28.031     1.000000      5898687   5242880.00
      29.407     1.000000      5898688   5991862.86
      29.407     1.000000      5898688          inf
#[Mean    =        1.862, StdDeviation   =        1.018]
#[Max     =       29.392, Total count    =      5898688]
#[Buckets =           27, SubBuckets     =         2048]
----------------------------------------------------------
  5998304 requests in 10.00m, 869.51MB read
Requests/sec:   9997.17
Transfer/sec:      1.45MB
