Running 60m test @ http://localhost:9999/math/plus?x=1&y=2
  16 threads and 400 connections
  Thread calibration: mean lat.: 19.706ms, rate sampling interval: 55ms
  Thread calibration: mean lat.: 11.499ms, rate sampling interval: 51ms
  Thread calibration: mean lat.: 11.318ms, rate sampling interval: 52ms
  Thread calibration: mean lat.: 6.842ms, rate sampling interval: 50ms
  Thread calibration: mean lat.: 32.249ms, rate sampling interval: 60ms
  Thread calibration: mean lat.: 19.667ms, rate sampling interval: 56ms
  Thread calibration: mean lat.: 15.313ms, rate sampling interval: 52ms
  Thread calibration: mean lat.: 6.858ms, rate sampling interval: 50ms
  Thread calibration: mean lat.: 6.286ms, rate sampling interval: 49ms
  Thread calibration: mean lat.: 6.872ms, rate sampling interval: 50ms
  Thread calibration: mean lat.: 15.605ms, rate sampling interval: 53ms
  Thread calibration: mean lat.: 19.758ms, rate sampling interval: 55ms
  Thread calibration: mean lat.: 23.977ms, rate sampling interval: 58ms
  Thread calibration: mean lat.: 23.868ms, rate sampling interval: 56ms
  Thread calibration: mean lat.: 6.765ms, rate sampling interval: 49ms
  Thread calibration: mean lat.: 11.354ms, rate sampling interval: 51ms
  Thread Stats   Avg      Stdev     Max   +/- Stdev
    Latency     6.52ms    9.68ms  73.02ms   83.34%
    Req/Sec     3.16k   656.94     6.72k    74.09%
  Latency Distribution (HdrHistogram - Recorded Latency)
 50.000%    1.80ms
 75.000%    6.19ms
 90.000%   24.29ms
 99.000%   36.19ms
 99.900%   40.64ms
 99.990%   46.59ms
 99.999%   52.06ms
100.000%   73.09ms

  Detailed Percentile spectrum:
       Value   Percentile   TotalCount 1/(1-Percentile)

       0.058     0.000000            1         1.00
       0.645     0.100000     17979505         1.11
       0.947     0.200000     35919130         1.25
       1.214     0.300000     53857222         1.43
       1.492     0.400000     71822435         1.67
       1.805     0.500000     89748269         2.00
       1.987     0.550000     98756691         2.22
       2.199     0.600000    107703790         2.50
       2.471     0.650000    116711473         2.86
       2.989     0.700000    125647876         3.33
       6.191     0.750000    134624967         4.00
       9.351     0.775000    139109196         4.44
      12.007     0.800000    143598809         5.00
      15.143     0.825000    148086295         5.71
      18.127     0.850000    152584250         6.67
      21.071     0.875000    157078318         8.00
      22.687     0.887500    159302765         8.89
      24.287     0.900000    161554303        10.00
      25.775     0.912500    163810394        11.43
      27.199     0.925000    166045423        13.33
      28.687     0.937500    168285217        16.00
      29.423     0.943750    169403165        17.78
      30.159     0.950000    170536183        20.00
      30.895     0.956250    171650394        22.86
      31.679     0.962500    172780421        26.67
      32.511     0.968750    173886728        32.00
      32.991     0.971875    174477874        35.56
      33.471     0.975000    175038375        40.00
      33.951     0.978125    175574351        45.71
      34.495     0.981250    176154871        53.33
      35.039     0.984375    176698528        64.00
      35.327     0.985938    176970803        71.11
      35.647     0.987500    177256731        80.00
      35.999     0.989062    177553433        91.43
      36.351     0.990625    177828255       106.67
      36.735     0.992188    178100125       128.00
      36.959     0.992969    178244071       142.22
      37.183     0.993750    178376157       160.00
      37.439     0.994531    178514621       182.86
      37.727     0.995313    178653169       213.33
      38.079     0.996094    178799198       256.00
      38.271     0.996484    178869527       284.44
      38.495     0.996875    178942794       320.00
      38.719     0.997266    179007873       365.71
      39.007     0.997656    179079965       426.67
      39.327     0.998047    179146987       512.00
      39.519     0.998242    179180998       568.89
      39.743     0.998437    179216087       640.00
      39.999     0.998633    179250201       731.43
      40.319     0.998828    179285874       853.33
      40.703     0.999023    179320311      1024.00
      40.927     0.999121    179336921      1137.78
      41.215     0.999219    179355450      1280.00
      41.535     0.999316    179372631      1462.86
      41.919     0.999414    179390100      1706.67
      42.399     0.999512    179407203      2048.00
      42.655     0.999561    179415216      2275.56
      42.975     0.999609    179424382      2560.00
      43.327     0.999658    179433027      2925.71
      43.743     0.999707    179441978      3413.33
      44.223     0.999756    179450580      4096.00
      44.511     0.999780    179455032      4551.11
      44.831     0.999805    179459321      5120.00
      45.183     0.999829    179463351      5851.43
      45.599     0.999854    179467809      6826.67
      46.079     0.999878    179472153      8192.00
      46.367     0.999890    179474497      9102.22
      46.655     0.999902    179476601     10240.00
      46.975     0.999915    179478692     11702.86
      47.391     0.999927    179481036     13653.33
      47.839     0.999939    179483146     16384.00
      48.095     0.999945    179484260     18204.44
      48.383     0.999951    179485295     20480.00
      48.703     0.999957    179486454     23405.71
      49.055     0.999963    179487511     27306.67
      49.503     0.999969    179488612     32768.00
      49.759     0.999973    179489141     36408.89
      50.079     0.999976    179489684     40960.00
      50.431     0.999979    179490238     46811.43
      50.783     0.999982    179490777     54613.33
      51.167     0.999985    179491299     65536.00
      51.455     0.999986    179491603     72817.78
      51.647     0.999988    179491847     81920.00
      51.903     0.999989    179492118     93622.86
      52.255     0.999991    179492401    109226.67
      52.639     0.999992    179492668    131072.00
      52.831     0.999993    179492796    145635.56
      53.151     0.999994    179492941    163840.00
      53.407     0.999995    179493066    187245.71
      53.887     0.999995    179493218    218453.33
      54.335     0.999996    179493340    262144.00
      54.655     0.999997    179493411    291271.11
      54.879     0.999997    179493478    327680.00
      55.231     0.999997    179493545    374491.43
      55.519     0.999998    179493616    436906.67
      55.903     0.999998    179493681    524288.00
      56.127     0.999998    179493715    582542.22
      56.543     0.999998    179493751    655360.00
      56.991     0.999999    179493785    748982.86
      57.343     0.999999    179493819    873813.33
      57.887     0.999999    179493854   1048576.00
      58.207     0.999999    179493870   1165084.44
      58.719     0.999999    179493887   1310720.00
      59.391     0.999999    179493905   1497965.71
      59.999     0.999999    179493921   1747626.67
      60.543     1.000000    179493938   2097152.00
      60.735     1.000000    179493946   2330168.89
      61.727     1.000000    179493956   2621440.00
      62.495     1.000000    179493964   2995931.43
      63.167     1.000000    179493972   3495253.33
      63.359     1.000000    179493982   4194304.00
      63.775     1.000000    179493985   4660337.78
      63.967     1.000000    179493990   5242880.00
      64.383     1.000000    179493994   5991862.86
      65.151     1.000000    179493999   6990506.67
      65.247     1.000000    179494002   8388608.00
      65.599     1.000000    179494004   9320675.55
      65.855     1.000000    179494006  10485760.00
      66.175     1.000000    179494009  11983725.71
      66.431     1.000000    179494011  13981013.34
      66.495     1.000000    179494013  16777216.00
      66.623     1.000000    179494014  18641351.10
      67.071     1.000000    179494015  20971519.98
      67.199     1.000000    179494016  23967451.45
      67.775     1.000000    179494017  27962026.68
      68.223     1.000000    179494018  33554432.00
      69.055     1.000000    179494019  37282702.28
      69.055     1.000000    179494019  41943039.96
      69.567     1.000000    179494020  47934902.91
      69.567     1.000000    179494020  55924053.19
      70.079     1.000000    179494021  67108864.00
      70.079     1.000000    179494021  74565404.57
      70.079     1.000000    179494021  83886080.31
      71.103     1.000000    179494022  95869805.31
      71.103     1.000000    179494022 111848106.39
      71.103     1.000000    179494022 134217728.00
      71.103     1.000000    179494022 149130807.90
      71.103     1.000000    179494022 167772160.62
      73.087     1.000000    179494023 191739610.61
      73.087     1.000000    179494023          inf
#[Mean    =        6.518, StdDeviation   =        9.676]
#[Max     =       73.024, Total count    =    179494023]
#[Buckets =           27, SubBuckets     =         2048]
----------------------------------------------------------
  179993732 requests in 60.00m, 25.48GB read
Requests/sec:  49998.25
Transfer/sec:      7.25MB
