Running 60m test @ http://localhost:9999/math/plus?x=1&y=2
  16 threads and 400 connections
  Thread calibration: mean lat.: 38.357ms, rate sampling interval: 45ms
  Thread calibration: mean lat.: 29.351ms, rate sampling interval: 41ms
  Thread calibration: mean lat.: 38.324ms, rate sampling interval: 44ms
  Thread calibration: mean lat.: 29.047ms, rate sampling interval: 39ms
  Thread calibration: mean lat.: 8.346ms, rate sampling interval: 30ms
  Thread calibration: mean lat.: 42.736ms, rate sampling interval: 46ms
  Thread calibration: mean lat.: 33.373ms, rate sampling interval: 43ms
  Thread calibration: mean lat.: 8.149ms, rate sampling interval: 28ms
  Thread calibration: mean lat.: 38.483ms, rate sampling interval: 44ms
  Thread calibration: mean lat.: 38.385ms, rate sampling interval: 45ms
  Thread calibration: mean lat.: 8.347ms, rate sampling interval: 29ms
  Thread calibration: mean lat.: 8.436ms, rate sampling interval: 30ms
  Thread calibration: mean lat.: 55.068ms, rate sampling interval: 59ms
  Thread calibration: mean lat.: 67.624ms, rate sampling interval: 390ms
  Thread calibration: mean lat.: 8.289ms, rate sampling interval: 28ms
  Thread calibration: mean lat.: 63.354ms, rate sampling interval: 269ms
  Thread Stats   Avg      Stdev     Max   +/- Stdev
    Latency     3.16ms    5.74ms  50.98ms   90.44%
    Req/Sec     3.80k   475.49     8.00k    86.63%
  Latency Distribution (HdrHistogram - Recorded Latency)
 50.000%    1.34ms
 75.000%    1.89ms
 90.000%    8.00ms
 99.000%   27.79ms
 99.900%   33.31ms
 99.990%   38.69ms
 99.999%   43.23ms
100.000%   51.01ms

  Detailed Percentile spectrum:
       Value   Percentile   TotalCount 1/(1-Percentile)

       0.057     0.000000            5         1.00
       0.584     0.100000     21540607         1.11
       0.805     0.200000     43146197         1.25
       0.988     0.300000     64737979         1.43
       1.160     0.400000     86212106         1.67
       1.335     0.500000    107794344         2.00
       1.427     0.550000    118575091         2.22
       1.524     0.600000    129294481         2.50
       1.629     0.650000    140101640         2.86
       1.746     0.700000    150849277         3.33
       1.889     0.750000    161592420         4.00
       1.978     0.775000    166930546         4.44
       2.093     0.800000    172341940         5.00
       2.261     0.825000    177721589         5.71
       2.581     0.850000    183096998         6.67
       3.773     0.875000    188469729         8.00
       5.495     0.887500    191161329         8.89
       7.999     0.900000    193853294        10.00
      10.591     0.912500    196548076        11.43
      13.439     0.925000    199240873        13.33
      16.247     0.937500    201931749        16.00
      17.599     0.943750    203287712        17.78
      18.943     0.950000    204624717        20.00
      20.287     0.956250    205970340        22.86
      21.599     0.962500    207330446        26.67
      22.831     0.968750    208678999        32.00
      23.423     0.971875    209349552        35.56
      24.015     0.975000    210017830        40.00
      24.639     0.978125    210688897        45.71
      25.327     0.981250    211361398        53.33
      26.111     0.984375    212033616        64.00
      26.543     0.985938    212367687        71.11
      27.007     0.987500    212706357        80.00
      27.487     0.989062    213040510        91.43
      27.983     0.990625    213373158       106.67
      28.527     0.992188    213715818       128.00
      28.815     0.992969    213886894       142.22
      29.103     0.993750    214048012       160.00
      29.423     0.994531    214215763       182.86
      29.791     0.995313    214389648       213.33
      30.191     0.996094    214553913       256.00
      30.431     0.996484    214640034       284.44
      30.687     0.996875    214722431       320.00
      30.975     0.997266    214804392       365.71
      31.327     0.997656    214890092       426.67
      31.727     0.998047    214971983       512.00
      31.967     0.998242    215014488       568.89
      32.239     0.998437    215057080       640.00
      32.543     0.998633    215098098       731.43
      32.927     0.998828    215141377       853.33
      33.375     0.999023    215183199      1024.00
      33.631     0.999121    215203625      1137.78
      33.919     0.999219    215224527      1280.00
      34.271     0.999316    215246915      1462.86
      34.623     0.999414    215266564      1706.67
      35.071     0.999512    215287989      2048.00
      35.327     0.999561    215298770      2275.56
      35.583     0.999609    215308537      2560.00
      35.903     0.999658    215319321      2925.71
      36.255     0.999707    215329662      3413.33
      36.671     0.999756    215340033      4096.00
      36.927     0.999780    215345576      4551.11
      37.183     0.999805    215350485      5120.00
      37.503     0.999829    215355888      5851.43
      37.855     0.999854    215361242      6826.67
      38.239     0.999878    215366250      8192.00
      38.495     0.999890    215369087      9102.22
      38.751     0.999902    215371619     10240.00
      39.039     0.999915    215374246     11702.86
      39.359     0.999927    215376806     13653.33
      39.743     0.999939    215379346     16384.00
      39.999     0.999945    215380742     18204.44
      40.255     0.999951    215382071     20480.00
      40.511     0.999957    215383258     23405.71
      40.831     0.999963    215384645     27306.67
      41.183     0.999969    215385905     32768.00
      41.375     0.999973    215386564     36408.89
      41.631     0.999976    215387290     40960.00
      41.887     0.999979    215387906     46811.43
      42.175     0.999982    215388563     54613.33
      42.495     0.999985    215389214     65536.00
      42.687     0.999986    215389521     72817.78
      42.911     0.999988    215389877     81920.00
      43.135     0.999989    215390204     93622.86
      43.391     0.999991    215390512    109226.67
      43.679     0.999992    215390830    131072.00
      43.839     0.999993    215390989    145635.56
      44.031     0.999994    215391158    163840.00
      44.223     0.999995    215391309    187245.71
      44.447     0.999995    215391476    218453.33
      44.767     0.999996    215391647    262144.00
      44.927     0.999997    215391728    291271.11
      45.055     0.999997    215391802    327680.00
      45.247     0.999997    215391886    374491.43
      45.439     0.999998    215391968    436906.67
      45.695     0.999998    215392053    524288.00
      45.823     0.999998    215392093    582542.22
      45.951     0.999998    215392133    655360.00
      46.079     0.999999    215392174    748982.86
      46.239     0.999999    215392215    873813.33
      46.367     0.999999    215392254   1048576.00
      46.495     0.999999    215392277   1165084.44
      46.591     0.999999    215392297   1310720.00
      46.687     0.999999    215392318   1497965.71
      46.815     0.999999    215392340   1747626.67
      47.007     1.000000    215392359   2097152.00
      47.071     1.000000    215392369   2330168.89
      47.135     1.000000    215392380   2621440.00
      47.199     1.000000    215392389   2995931.43
      47.391     1.000000    215392401   3495253.33
      47.487     1.000000    215392409   4194304.00
      47.551     1.000000    215392414   4660337.78
      47.647     1.000000    215392418   5242880.00
      47.839     1.000000    215392426   5991862.86
      47.903     1.000000    215392429   6990506.67
      48.031     1.000000    215392434   8388608.00
      48.127     1.000000    215392437   9320675.55
      48.255     1.000000    215392440  10485760.00
      48.319     1.000000    215392442  11983725.71
      48.447     1.000000    215392444  13981013.34
      48.639     1.000000    215392447  16777216.00
      48.671     1.000000    215392450  18641351.10
      48.671     1.000000    215392450  20971519.98
      48.735     1.000000    215392451  23967451.45
      48.863     1.000000    215392452  27962026.68
      49.023     1.000000    215392453  33554432.00
      49.055     1.000000    215392455  37282702.28
      49.055     1.000000    215392455  41943039.96
      49.055     1.000000    215392455  47934902.91
      49.343     1.000000    215392456  55924053.19
      49.343     1.000000    215392456  67108864.00
      49.791     1.000000    215392457  74565404.57
      49.791     1.000000    215392457  83886080.31
      49.791     1.000000    215392457  95869805.31
      49.919     1.000000    215392458 111848106.39
      49.919     1.000000    215392458 134217728.00
      49.919     1.000000    215392458 149130807.90
      49.919     1.000000    215392458 167772160.62
      49.919     1.000000    215392458 191739610.61
      51.007     1.000000    215392459 223696215.56
      51.007     1.000000    215392459          inf
#[Mean    =        3.158, StdDeviation   =        5.741]
#[Max     =       50.976, Total count    =    215392459]
#[Buckets =           27, SubBuckets     =         2048]
----------------------------------------------------------
  215995881 requests in 60.00m, 30.58GB read
Requests/sec:  59998.87
Transfer/sec:      8.70MB
