Running 10m test @ http://localhost:9999/math/plus?x=1&y=2
  16 threads and 400 connections
  Thread calibration: mean lat.: 2.973ms, rate sampling interval: 10ms
  Thread calibration: mean lat.: 35.687ms, rate sampling interval: 44ms
  Thread calibration: mean lat.: 19.348ms, rate sampling interval: 26ms
  Thread calibration: mean lat.: 11.586ms, rate sampling interval: 17ms
  Thread calibration: mean lat.: 3.112ms, rate sampling interval: 10ms
  Thread calibration: mean lat.: 2.807ms, rate sampling interval: 10ms
  Thread calibration: mean lat.: 7.230ms, rate sampling interval: 11ms
  Thread calibration: mean lat.: 47.719ms, rate sampling interval: 59ms
  Thread calibration: mean lat.: 2.987ms, rate sampling interval: 10ms
  Thread calibration: mean lat.: 2.973ms, rate sampling interval: 10ms
  Thread calibration: mean lat.: 47.767ms, rate sampling interval: 58ms
  Thread calibration: mean lat.: 3.085ms, rate sampling interval: 10ms
  Thread calibration: mean lat.: 43.825ms, rate sampling interval: 55ms
  Thread calibration: mean lat.: 7.535ms, rate sampling interval: 11ms
  Thread calibration: mean lat.: 23.478ms, rate sampling interval: 32ms
  Thread calibration: mean lat.: 2.864ms, rate sampling interval: 10ms
  Thread Stats   Avg      Stdev     Max   +/- Stdev
    Latency     3.28ms    6.25ms  47.84ms   89.98%
    Req/Sec     3.27k   732.81    13.10k    78.11%
  Latency Distribution (HdrHistogram - Recorded Latency)
 50.000%    1.24ms
 75.000%    1.79ms
 90.000%    9.57ms
 99.000%   28.78ms
 99.900%   33.50ms
 99.990%   38.27ms
 99.999%   42.37ms
100.000%   47.87ms

  Detailed Percentile spectrum:
       Value   Percentile   TotalCount 1/(1-Percentile)

       0.060     0.000000            2         1.00
       0.470     0.100000      2949278         1.11
       0.704     0.200000      5910623         1.25
       0.893     0.300000      8849830         1.43
       1.067     0.400000     11804766         1.67
       1.238     0.500000     14749065         2.00
       1.328     0.550000     16236223         2.22
       1.425     0.600000     17702732         2.50
       1.531     0.650000     19181347         2.86
       1.648     0.700000     20652841         3.33
       1.786     0.750000     22125569         4.00
       1.870     0.775000     22860349         4.44
       1.974     0.800000     23594783         5.00
       2.123     0.825000     24338234         5.71
       2.411     0.850000     25071149         6.67
       4.375     0.875000     25806229         8.00
       6.923     0.887500     26174876         8.89
       9.575     0.900000     26544103        10.00
      12.551     0.912500     26912001        11.43
      15.359     0.925000     27281380        13.33
      18.223     0.937500     27650378        16.00
      19.695     0.943750     27834513        17.78
      21.039     0.950000     28019937        20.00
      22.303     0.956250     28203369        22.86
      23.583     0.962500     28386609        26.67
      24.831     0.968750     28571705        32.00
      25.407     0.971875     28665064        35.56
      25.935     0.975000     28757196        40.00
      26.431     0.978125     28847449        45.71
      26.959     0.981250     28941237        53.33
      27.519     0.984375     29032867        64.00
      27.823     0.985938     29078242        71.11
      28.159     0.987500     29124364        80.00
      28.543     0.989062     29171562        91.43
      28.959     0.990625     29216014       106.67
      29.471     0.992188     29262746       128.00
      29.759     0.992969     29285840       142.22
      30.063     0.993750     29308592       160.00
      30.383     0.994531     29331388       182.86
      30.735     0.995313     29354512       213.33
      31.103     0.996094     29377176       256.00
      31.311     0.996484     29388736       284.44
      31.535     0.996875     29400438       320.00
      31.775     0.997266     29411973       365.71
      32.047     0.997656     29423623       426.67
      32.351     0.998047     29434893       512.00
      32.527     0.998242     29440623       568.89
      32.735     0.998437     29446537       640.00
      32.959     0.998633     29452283       731.43
      33.215     0.998828     29457771       853.33
      33.535     0.999023     29463629      1024.00
      33.727     0.999121     29466534      1137.78
      33.951     0.999219     29469450      1280.00
      34.207     0.999316     29472418      1462.86
      34.495     0.999414     29475239      1706.67
      34.847     0.999512     29478152      2048.00
      35.039     0.999561     29479489      2275.56
      35.263     0.999609     29480882      2560.00
      35.519     0.999658     29482242      2925.71
      35.839     0.999707     29483682      3413.33
      36.255     0.999756     29485163      4096.00
      36.511     0.999780     29485906      4551.11
      36.799     0.999805     29486613      5120.00
      37.119     0.999829     29487301      5851.43
      37.471     0.999854     29488000      6826.67
      37.855     0.999878     29488729      8192.00
      38.079     0.999890     29489090      9102.22
      38.335     0.999902     29489468     10240.00
      38.591     0.999915     29489828     11702.86
      38.879     0.999927     29490179     13653.33
      39.199     0.999939     29490517     16384.00
      39.423     0.999945     29490699     18204.44
      39.647     0.999951     29490896     20480.00
      39.903     0.999957     29491083     23405.71
      40.159     0.999963     29491245     27306.67
      40.479     0.999969     29491431     32768.00
      40.703     0.999973     29491519     36408.89
      40.927     0.999976     29491602     40960.00
      41.151     0.999979     29491692     46811.43
      41.439     0.999982     29491782     54613.33
      41.727     0.999985     29491871     65536.00
      41.887     0.999986     29491912     72817.78
      42.079     0.999988     29491961     81920.00
      42.303     0.999989     29492009     93622.86
      42.527     0.999991     29492055    109226.67
      42.719     0.999992     29492095    131072.00
      42.847     0.999993     29492118    145635.56
      42.975     0.999994     29492137    163840.00
      43.167     0.999995     29492164    187245.71
      43.359     0.999995     29492184    218453.33
      43.583     0.999996     29492205    262144.00
      43.775     0.999997     29492218    291271.11
      43.903     0.999997     29492230    327680.00
      44.031     0.999997     29492239    374491.43
      44.191     0.999998     29492250    436906.67
      44.351     0.999998     29492264    524288.00
      44.415     0.999998     29492267    582542.22
      44.575     0.999998     29492273    655360.00
      44.735     0.999999     29492278    748982.86
      44.927     0.999999     29492284    873813.33
      45.087     0.999999     29492289   1048576.00
      45.247     0.999999     29492292   1165084.44
      45.439     0.999999     29492295   1310720.00
      45.695     0.999999     29492298   1497965.71
      46.783     0.999999     29492301   1747626.67
      47.071     1.000000     29492303   2097152.00
      47.167     1.000000     29492305   2330168.89
      47.295     1.000000     29492308   2621440.00
      47.295     1.000000     29492308   2995931.43
      47.359     1.000000     29492309   3495253.33
      47.455     1.000000     29492311   4194304.00
      47.455     1.000000     29492311   4660337.78
      47.583     1.000000     29492312   5242880.00
      47.615     1.000000     29492313   5991862.86
      47.615     1.000000     29492313   6990506.67
      47.679     1.000000     29492314   8388608.00
      47.679     1.000000     29492314   9320675.55
      47.711     1.000000     29492315  10485760.00
      47.711     1.000000     29492315  11983725.71
      47.711     1.000000     29492315  13981013.34
      47.807     1.000000     29492316  16777216.00
      47.807     1.000000     29492316  18641351.10
      47.807     1.000000     29492316  20971519.98
      47.807     1.000000     29492316  23967451.45
      47.807     1.000000     29492316  27962026.68
      47.871     1.000000     29492317  33554432.00
      47.871     1.000000     29492317          inf
#[Mean    =        3.282, StdDeviation   =        6.253]
#[Max     =       47.840, Total count    =     29492317]
#[Buckets =           27, SubBuckets     =         2048]
----------------------------------------------------------
  29989499 requests in 10.00m, 4.25GB read
Requests/sec:  49982.38
Transfer/sec:      7.25MB
