Running 10m test @ http://localhost:9999/math/plus?x=1&y=2
  16 threads and 400 connections
  Thread calibration: mean lat.: 1.455ms, rate sampling interval: 10ms
  Thread calibration: mean lat.: 23.017ms, rate sampling interval: 10ms
  Thread calibration: mean lat.: 27.285ms, rate sampling interval: 10ms
  Thread calibration: mean lat.: 10.094ms, rate sampling interval: 10ms
  Thread calibration: mean lat.: 31.103ms, rate sampling interval: 10ms
  Thread calibration: mean lat.: 23.098ms, rate sampling interval: 10ms
  Thread calibration: mean lat.: 35.426ms, rate sampling interval: 10ms
  Thread calibration: mean lat.: 1.578ms, rate sampling interval: 10ms
  Thread calibration: mean lat.: 6.013ms, rate sampling interval: 10ms
  Thread calibration: mean lat.: 61.711ms, rate sampling interval: 275ms
  Thread calibration: mean lat.: 22.860ms, rate sampling interval: 10ms
  Thread calibration: mean lat.: 27.282ms, rate sampling interval: 10ms
  Thread calibration: mean lat.: 53.388ms, rate sampling interval: 14ms
  Thread calibration: mean lat.: 1.541ms, rate sampling interval: 10ms
  Thread calibration: mean lat.: 5.889ms, rate sampling interval: 10ms
  Thread calibration: mean lat.: 27.069ms, rate sampling interval: 10ms
  Thread Stats   Avg      Stdev     Max   +/- Stdev
    Latency     2.02ms    1.23ms  23.82ms   73.49%
    Req/Sec   659.06    652.34     2.78k    70.85%
  Latency Distribution (HdrHistogram - Recorded Latency)
 50.000%    1.68ms
 75.000%    2.56ms
 90.000%    3.93ms
 99.000%    5.62ms
 99.900%    7.13ms
 99.990%   10.82ms
 99.999%   16.99ms
100.000%   23.84ms

  Detailed Percentile spectrum:
       Value   Percentile   TotalCount 1/(1-Percentile)

       0.084     0.000000            1         1.00
       0.766     0.100000       590853         1.11
       1.045     0.200000      1181449         1.25
       1.266     0.300000      1771698         1.43
       1.466     0.400000      2362007         1.67
       1.684     0.500000      2949797         2.00
       1.806     0.550000      3245957         2.22
       1.940     0.600000      3539811         2.50
       2.097     0.650000      3836923         2.86
       2.293     0.700000      4129766         3.33
       2.559     0.750000      4425380         4.00
       2.719     0.775000      4572370         4.44
       2.895     0.800000      4720006         5.00
       3.091     0.825000      4866864         5.71
       3.333     0.850000      5014929         6.67
       3.615     0.875000      5161446         8.00
       3.769     0.887500      5235264         8.89
       3.929     0.900000      5309552        10.00
       4.089     0.912500      5382874        11.43
       4.255     0.925000      5456766        13.33
       4.435     0.937500      5530779        16.00
       4.531     0.943750      5568117        17.78
       4.631     0.950000      5604961        20.00
       4.735     0.956250      5641082        22.86
       4.851     0.962500      5678523        26.67
       4.975     0.968750      5714499        32.00
       5.047     0.971875      5733756        35.56
       5.119     0.975000      5751654        40.00
       5.199     0.978125      5770023        45.71
       5.287     0.981250      5788485        53.33
       5.387     0.984375      5806827        64.00
       5.443     0.985938      5815819        71.11
       5.507     0.987500      5825152        80.00
       5.579     0.989062      5834581        91.43
       5.659     0.990625      5843742       106.67
       5.751     0.992188      5852695       128.00
       5.807     0.992969      5857272       142.22
       5.871     0.993750      5861928       160.00
       5.947     0.994531      5866603       182.86
       6.031     0.995313      5871089       213.33
       6.135     0.996094      5875687       256.00
       6.199     0.996484      5878053       284.44
       6.275     0.996875      5880385       320.00
       6.359     0.997266      5882647       365.71
       6.459     0.997656      5884893       426.67
       6.587     0.998047      5887227       512.00
       6.663     0.998242      5888357       568.89
       6.755     0.998437      5889520       640.00
       6.851     0.998633      5890633       731.43
       6.987     0.998828      5891792       853.33
       7.155     0.999023      5892934      1024.00
       7.259     0.999121      5893512      1137.78
       7.391     0.999219      5894095      1280.00
       7.539     0.999316      5894678      1462.86
       7.719     0.999414      5895240      1706.67
       7.931     0.999512      5895817      2048.00
       8.067     0.999561      5896100      2275.56
       8.231     0.999609      5896390      2560.00
       8.439     0.999658      5896675      2925.71
       8.679     0.999707      5896969      3413.33
       9.015     0.999756      5897253      4096.00
       9.215     0.999780      5897398      4551.11
       9.431     0.999805      5897540      5120.00
       9.687     0.999829      5897684      5851.43
       9.975     0.999854      5897831      6826.67
      10.375     0.999878      5897971      8192.00
      10.591     0.999890      5898046      9102.22
      10.855     0.999902      5898116     10240.00
      11.127     0.999915      5898187     11702.86
      11.415     0.999927      5898259     13653.33
      11.831     0.999939      5898332     16384.00
      11.999     0.999945      5898367     18204.44
      12.183     0.999951      5898403     20480.00
      12.439     0.999957      5898439     23405.71
      12.831     0.999963      5898475     27306.67
      13.143     0.999969      5898511     32768.00
      13.623     0.999973      5898529     36408.89
      14.119     0.999976      5898547     40960.00
      14.719     0.999979      5898565     46811.43
      15.375     0.999982      5898583     54613.33
      15.791     0.999985      5898601     65536.00
      16.031     0.999986      5898610     72817.78
      16.303     0.999988      5898619     81920.00
      16.783     0.999989      5898628     93622.86
      17.279     0.999991      5898637    109226.67
      17.679     0.999992      5898646    131072.00
      17.919     0.999993      5898651    145635.56
      18.047     0.999994      5898655    163840.00
      18.351     0.999995      5898660    187245.71
      18.447     0.999995      5898664    218453.33
      18.607     0.999996      5898669    262144.00
      18.671     0.999997      5898671    291271.11
      18.719     0.999997      5898673    327680.00
      18.927     0.999997      5898676    374491.43
      18.943     0.999998      5898678    436906.67
      19.007     0.999998      5898680    524288.00
      19.071     0.999998      5898681    582542.22
      19.103     0.999998      5898682    655360.00
      19.247     0.999999      5898684    748982.86
      19.519     0.999999      5898685    873813.33
      20.207     0.999999      5898686   1048576.00
      20.207     0.999999      5898686   1165084.44
      20.255     0.999999      5898687   1310720.00
      20.271     0.999999      5898688   1497965.71
      20.271     0.999999      5898688   1747626.67
      20.351     1.000000      5898689   2097152.00
      20.351     1.000000      5898689   2330168.89
      20.351     1.000000      5898689   2621440.00
      22.319     1.000000      5898690   2995931.43
      22.319     1.000000      5898690   3495253.33
      22.319     1.000000      5898690   4194304.00
      22.319     1.000000      5898690   4660337.78
      22.319     1.000000      5898690   5242880.00
      23.839     1.000000      5898691   5991862.86
      23.839     1.000000      5898691          inf
#[Mean    =        2.020, StdDeviation   =        1.231]
#[Max     =       23.824, Total count    =      5898691]
#[Buckets =           27, SubBuckets     =         2048]
----------------------------------------------------------
  5997656 requests in 10.00m, 869.41MB read
Requests/sec:   9996.09
Transfer/sec:      1.45MB
