Running 60m test @ http://localhost:9999/math/plus?x=1&y=2
  16 threads and 400 connections
  Thread calibration: mean lat.: 14.406ms, rate sampling interval: 10ms
  Thread calibration: mean lat.: 61.362ms, rate sampling interval: 236ms
  Thread calibration: mean lat.: 26.833ms, rate sampling interval: 10ms
  Thread calibration: mean lat.: 34.694ms, rate sampling interval: 11ms
  Thread calibration: mean lat.: 51.025ms, rate sampling interval: 50ms
  Thread calibration: mean lat.: 38.408ms, rate sampling interval: 17ms
  Thread calibration: mean lat.: 55.531ms, rate sampling interval: 124ms
  Thread calibration: mean lat.: 10.017ms, rate sampling interval: 10ms
  Thread calibration: mean lat.: 34.659ms, rate sampling interval: 11ms
  Thread calibration: mean lat.: 26.806ms, rate sampling interval: 10ms
  Thread calibration: mean lat.: 34.656ms, rate sampling interval: 10ms
  Thread calibration: mean lat.: 6.017ms, rate sampling interval: 10ms
  Thread calibration: mean lat.: 5.926ms, rate sampling interval: 10ms
  Thread calibration: mean lat.: 34.576ms, rate sampling interval: 10ms
  Thread calibration: mean lat.: 43.598ms, rate sampling interval: 29ms
  Thread calibration: mean lat.: 35.263ms, rate sampling interval: 10ms
  Thread Stats   Avg      Stdev     Max   +/- Stdev
    Latency     3.08ms    8.66ms   1.01s    92.03%
    Req/Sec     3.94k   692.47    30.67k    79.55%
  Latency Distribution (HdrHistogram - Recorded Latency)
 50.000%    1.30ms
 75.000%    1.86ms
 90.000%    7.98ms
 99.000%   25.84ms
 99.900%   31.38ms
 99.990%  283.90ms
 99.999%  929.79ms
100.000%    1.01s 

  Detailed Percentile spectrum:
       Value   Percentile   TotalCount 1/(1-Percentile)

       0.062     0.000000            2         1.00
       0.538     0.100000     21613361         1.11
       0.760     0.200000     43100698         1.25
       0.948     0.300000     64691900         1.43
       1.124     0.400000     86238544         1.67
       1.297     0.500000    107797749         2.00
       1.387     0.550000    118516655         2.22
       1.482     0.600000    129237541         2.50
       1.587     0.650000    140040945         2.86
       1.708     0.700000    150791933         3.33
       1.857     0.750000    161590528         4.00
       1.951     0.775000    166945415         4.44
       2.073     0.800000    172325967         5.00
       2.261     0.825000    177731929         5.71
       2.685     0.850000    183093775         6.67
       4.343     0.875000    188473655         8.00
       5.967     0.887500    191162351         8.89
       7.983     0.900000    193857642        10.00
      10.263     0.912500    196548878        11.43
      12.647     0.925000    199241592        13.33
      15.127     0.937500    201934718        16.00
      16.319     0.943750    203278481        17.78
      17.503     0.950000    204636833        20.00
      18.687     0.956250    205983232        22.86
      19.839     0.962500    207316947        26.67
      21.007     0.968750    208678075        32.00
      21.583     0.971875    209345903        35.56
      22.175     0.975000    210013984        40.00
      22.815     0.978125    210686294        45.71
      23.519     0.981250    211356672        53.33
      24.287     0.984375    212028343        64.00
      24.703     0.985938    212374731        71.11
      25.119     0.987500    212707158        80.00
      25.567     0.989062    213047337        91.43
      26.031     0.990625    213379302       106.67
      26.527     0.992188    213714112       128.00
      26.799     0.992969    213885960       142.22
      27.071     0.993750    214048271       160.00
      27.375     0.994531    214216341       182.86
      27.727     0.995313    214390193       213.33
      28.111     0.996094    214554917       256.00
      28.335     0.996484    214639052       284.44
      28.591     0.996875    214723791       320.00
      28.863     0.997266    214803650       365.71
      29.199     0.997656    214887670       426.67
      29.615     0.998047    214971823       512.00
      29.871     0.998242    215014944       568.89
      30.159     0.998437    215056483       640.00
      30.511     0.998633    215099316       731.43
      30.927     0.998828    215140556       853.33
      31.455     0.999023    215182984      1024.00
      31.759     0.999121    215203417      1137.78
      32.111     0.999219    215224552      1280.00
      32.495     0.999316    215245215      1462.86
      32.991     0.999414    215267491      1706.67
      33.535     0.999512    215287498      2048.00
      33.887     0.999561    215298198      2275.56
      34.271     0.999609    215308403      2560.00
      34.751     0.999658    215318910      2925.71
      35.359     0.999707    215329545      3413.33
      36.191     0.999756    215339927      4096.00
      36.799     0.999780    215345147      4551.11
      37.631     0.999805    215350506      5120.00
      38.847     0.999829    215355680      5851.43
      41.535     0.999854    215360905      6826.67
     131.199     0.999878    215366139      8192.00
     212.607     0.999890    215368768      9102.22
     301.055     0.999902    215371399     10240.00
     392.703     0.999915    215374029     11702.86
     480.767     0.999927    215376660     13653.33
     565.247     0.999939    215379289     16384.00
     613.887     0.999945    215380602     18204.44
     660.479     0.999951    215381915     20480.00
     695.295     0.999957    215383243     23405.71
     738.815     0.999963    215384545     27306.67
     783.359     0.999969    215385869     32768.00
     804.863     0.999973    215386523     36408.89
     826.367     0.999976    215387178     40960.00
     848.383     0.999979    215387830     46811.43
     870.399     0.999982    215388489     54613.33
     892.415     0.999985    215389151     65536.00
     903.679     0.999986    215389484     72817.78
     914.431     0.999988    215389809     81920.00
     925.183     0.999989    215390143     93622.86
     935.935     0.999991    215390460    109226.67
     947.199     0.999992    215390799    131072.00
     952.831     0.999993    215390960    145635.56
     957.951     0.999994    215391123    163840.00
     963.071     0.999995    215391281    187245.71
     969.215     0.999995    215391464    218453.33
     974.335     0.999996    215391619    262144.00
     977.407     0.999997    215391702    291271.11
     979.967     0.999997    215391782    327680.00
     982.527     0.999997    215391862    374491.43
     985.599     0.999998    215391956    436906.67
     988.671     0.999998    215392035    524288.00
     989.695     0.999998    215392067    582542.22
     991.231     0.999998    215392108    655360.00
     992.767     0.999999    215392161    748982.86
     994.303     0.999999    215392191    873813.33
     995.327     0.999999    215392228   1048576.00
     995.839     0.999999    215392253   1165084.44
     996.351     0.999999    215392269   1310720.00
     997.375     0.999999    215392301   1497965.71
     997.887     0.999999    215392315   1747626.67
     998.399     1.000000    215392336   2097152.00
     998.911     1.000000    215392350   2330168.89
     998.911     1.000000    215392350   2621440.00
     999.423     1.000000    215392362   2995931.43
     999.935     1.000000    215392372   3495253.33
    1000.447     1.000000    215392380   4194304.00
    1000.959     1.000000    215392392   4660337.78
    1000.959     1.000000    215392392   5242880.00
    1001.471     1.000000    215392401   5991862.86
    1001.471     1.000000    215392401   6990506.67
    1001.983     1.000000    215392413   8388608.00
    1001.983     1.000000    215392413   9320675.55
    1001.983     1.000000    215392413  10485760.00
    1002.495     1.000000    215392416  11983725.71
    1002.495     1.000000    215392416  13981013.34
    1003.007     1.000000    215392419  16777216.00
    1003.519     1.000000    215392423  18641351.10
    1003.519     1.000000    215392423  20971519.98
    1003.519     1.000000    215392423  23967451.45
    1004.031     1.000000    215392427  27962026.68
    1004.031     1.000000    215392427  33554432.00
    1004.031     1.000000    215392427  37282702.28
    1004.031     1.000000    215392427  41943039.96
    1004.031     1.000000    215392427  47934902.91
    1004.543     1.000000    215392428  55924053.19
    1004.543     1.000000    215392428  67108864.00
    1005.567     1.000000    215392430  74565404.57
    1005.567     1.000000    215392430  83886080.31
    1005.567     1.000000    215392430  95869805.31
    1005.567     1.000000    215392430 111848106.39
    1005.567     1.000000    215392430 134217728.00
    1005.567     1.000000    215392430 149130807.90
    1005.567     1.000000    215392430 167772160.62
    1005.567     1.000000    215392430 191739610.61
    1006.591     1.000000    215392431 223696215.56
    1006.591     1.000000    215392431          inf
#[Mean    =        3.083, StdDeviation   =        8.656]
#[Max     =     1006.080, Total count    =    215392431]
#[Buckets =           27, SubBuckets     =         2048]
----------------------------------------------------------
  215995926 requests in 60.00m, 30.58GB read
Requests/sec:  59998.88
Transfer/sec:      8.70MB
