Running 10m test @ http://localhost:9999/math/plus?x=1&y=2
  16 threads and 400 connections
  Thread calibration: mean lat.: 22.922ms, rate sampling interval: 10ms
  Thread calibration: mean lat.: 36.617ms, rate sampling interval: 10ms
  Thread calibration: mean lat.: 36.314ms, rate sampling interval: 10ms
  Thread calibration: mean lat.: 44.858ms, rate sampling interval: 10ms
  Thread calibration: mean lat.: 1.879ms, rate sampling interval: 10ms
  Thread calibration: mean lat.: 36.264ms, rate sampling interval: 10ms
  Thread calibration: mean lat.: 2.017ms, rate sampling interval: 10ms
  Thread calibration: mean lat.: 1.992ms, rate sampling interval: 10ms
  Thread calibration: mean lat.: 1.662ms, rate sampling interval: 10ms
  Thread calibration: mean lat.: 18.298ms, rate sampling interval: 10ms
  Thread calibration: mean lat.: 1.865ms, rate sampling interval: 10ms
  Thread calibration: mean lat.: 2.008ms, rate sampling interval: 10ms
  Thread calibration: mean lat.: 32.089ms, rate sampling interval: 10ms
  Thread calibration: mean lat.: 53.076ms, rate sampling interval: 32ms
  Thread calibration: mean lat.: 10.525ms, rate sampling interval: 10ms
  Thread calibration: mean lat.: 40.447ms, rate sampling interval: 10ms
  Thread Stats   Avg      Stdev     Max   +/- Stdev
    Latency     2.04ms    8.48ms   1.01s    99.94%
    Req/Sec   657.07    506.97     3.11k    77.51%
  Latency Distribution (HdrHistogram - Recorded Latency)
 50.000%    1.69ms
 75.000%    2.52ms
 90.000%    3.43ms
 99.000%    4.92ms
 99.900%    8.81ms
 99.990%  529.41ms
 99.999%  956.41ms
100.000%    1.01s 

  Detailed Percentile spectrum:
       Value   Percentile   TotalCount 1/(1-Percentile)

       0.075     0.000000            1         1.00
       0.804     0.100000       590767         1.11
       1.054     0.200000      1180341         1.25
       1.264     0.300000      1769636         1.43
       1.465     0.400000      2362020         1.67
       1.692     0.500000      2951444         2.00
       1.823     0.550000      3245682         2.22
       1.967     0.600000      3539336         2.50
       2.129     0.650000      3836810         2.86
       2.309     0.700000      4129718         3.33
       2.521     0.750000      4425367         4.00
       2.643     0.775000      4572399         4.44
       2.777     0.800000      4720662         5.00
       2.919     0.825000      4868201         5.71
       3.071     0.850000      5014503         6.67
       3.241     0.875000      5162664         8.00
       3.333     0.887500      5235062         8.89
       3.435     0.900000      5309703        10.00
       3.543     0.912500      5383333        11.43
       3.659     0.925000      5457306        13.33
       3.785     0.937500      5530554        16.00
       3.857     0.943750      5567663        17.78
       3.935     0.950000      5604463        20.00
       4.015     0.956250      5640928        22.86
       4.107     0.962500      5678524        26.67
       4.207     0.968750      5714323        32.00
       4.267     0.971875      5733109        35.56
       4.331     0.975000      5751258        40.00
       4.407     0.978125      5770500        45.71
       4.491     0.981250      5788730        53.33
       4.595     0.984375      5806770        64.00
       4.663     0.985938      5816129        71.11
       4.743     0.987500      5825227        80.00
       4.843     0.989062      5834188        91.43
       4.975     0.990625      5843545       106.67
       5.143     0.992188      5852616       128.00
       5.247     0.992969      5857213       142.22
       5.375     0.993750      5861829       160.00
       5.531     0.994531      5866458       182.86
       5.739     0.995313      5871043       213.33
       6.027     0.996094      5875597       256.00
       6.199     0.996484      5877914       284.44
       6.399     0.996875      5880211       320.00
       6.647     0.997266      5882531       365.71
       6.927     0.997656      5884829       426.67
       7.335     0.998047      5887117       512.00
       7.563     0.998242      5888293       568.89
       7.799     0.998437      5889423       640.00
       8.099     0.998633      5890573       731.43
       8.455     0.998828      5891731       853.33
       8.871     0.999023      5892880      1024.00
       9.119     0.999121      5893463      1137.78
       9.495     0.999219      5894034      1280.00
       9.975     0.999316      5894609      1462.86
      10.583     0.999414      5895181      1706.67
      11.175     0.999512      5895755      2048.00
      11.511     0.999561      5896047      2275.56
      11.871     0.999609      5896332      2560.00
      12.527     0.999658      5896619      2925.71
      13.503     0.999707      5896907      3413.33
      15.743     0.999756      5897196      4096.00
      18.671     0.999780      5897339      4551.11
      80.575     0.999805      5897483      5120.00
     199.423     0.999829      5897628      5851.43
     311.039     0.999854      5897771      6826.67
     422.911     0.999878      5897915      8192.00
     483.327     0.999890      5897987      9102.22
     541.695     0.999902      5898060     10240.00
     601.087     0.999915      5898131     11702.86
     658.943     0.999927      5898204     13653.33
     716.287     0.999939      5898275     16384.00
     741.887     0.999945      5898311     18204.44
     774.143     0.999951      5898347     20480.00
     801.791     0.999957      5898383     23405.71
     825.855     0.999963      5898419     27306.67
     859.647     0.999969      5898457     32768.00
     876.031     0.999973      5898473     36408.89
     885.759     0.999976      5898491     40960.00
     900.607     0.999979      5898510     46811.43
     919.039     0.999982      5898527     54613.33
     929.279     0.999985      5898545     65536.00
     938.495     0.999986      5898555     72817.78
     943.103     0.999988      5898565     81920.00
     954.879     0.999989      5898572     93622.86
     961.023     0.999991      5898582    109226.67
     965.631     0.999992      5898592    131072.00
     970.239     0.999993      5898595    145635.56
     975.359     0.999994      5898600    163840.00
     979.455     0.999995      5898607    187245.71
     980.479     0.999995      5898608    218453.33
     983.551     0.999996      5898614    262144.00
     984.063     0.999997      5898617    291271.11
     984.063     0.999997      5898617    327680.00
     995.839     0.999997      5898620    374491.43
     996.863     0.999998      5898623    436906.67
    1001.983     0.999998      5898627    524288.00
    1001.983     0.999998      5898627    582542.22
    1001.983     0.999998      5898627    655360.00
    1002.495     0.999999      5898629    748982.86
    1002.495     0.999999      5898629    873813.33
    1006.079     0.999999      5898631   1048576.00
    1006.079     0.999999      5898631   1165084.44
    1006.079     0.999999      5898631   1310720.00
    1006.591     0.999999      5898635   1497965.71
    1006.591     1.000000      5898635          inf
#[Mean    =        2.044, StdDeviation   =        8.481]
#[Max     =     1006.080, Total count    =      5898635]
#[Buckets =           27, SubBuckets     =         2048]
----------------------------------------------------------
  5998897 requests in 10.00m, 869.59MB read
Requests/sec:   9998.18
Transfer/sec:      1.45MB
