Running 10m test @ http://localhost:9999/math/plus?x=1&y=2
  16 threads and 400 connections
  Thread calibration: mean lat.: 7.161ms, rate sampling interval: 10ms
  Thread calibration: mean lat.: 2.656ms, rate sampling interval: 10ms
  Thread calibration: mean lat.: 64.802ms, rate sampling interval: 368ms
  Thread calibration: mean lat.: 37.032ms, rate sampling interval: 17ms
  Thread calibration: mean lat.: 2.360ms, rate sampling interval: 10ms
  Thread calibration: mean lat.: 1.803ms, rate sampling interval: 10ms
  Thread calibration: mean lat.: 2.881ms, rate sampling interval: 11ms
  Thread calibration: mean lat.: 11.240ms, rate sampling interval: 11ms
  Thread calibration: mean lat.: 7.128ms, rate sampling interval: 10ms
  Thread calibration: mean lat.: 20.208ms, rate sampling interval: 15ms
  Thread calibration: mean lat.: 65.574ms, rate sampling interval: 378ms
  Thread calibration: mean lat.: 19.437ms, rate sampling interval: 11ms
  Thread calibration: mean lat.: 65.606ms, rate sampling interval: 380ms
  Thread calibration: mean lat.: 48.903ms, rate sampling interval: 19ms
  Thread calibration: mean lat.: 11.340ms, rate sampling interval: 11ms
  Thread calibration: mean lat.: 2.796ms, rate sampling interval: 10ms
  Thread Stats   Avg      Stdev     Max   +/- Stdev
    Latency     4.04ms   26.38ms   1.01s    99.79%
    Req/Sec   658.20    634.00     3.20k    67.31%
  Latency Distribution (HdrHistogram - Recorded Latency)
 50.000%    2.40ms
 75.000%    3.84ms
 90.000%    5.98ms
 99.000%   10.73ms
 99.900%  525.31ms
 99.990%  949.25ms
 99.999%  997.38ms
100.000%    1.01s 

  Detailed Percentile spectrum:
       Value   Percentile   TotalCount 1/(1-Percentile)

       0.092     0.000000            1         1.00
       0.978     0.100000       591031         1.11
       1.331     0.200000      1180694         1.25
       1.645     0.300000      1770827         1.43
       1.996     0.400000      2360933         1.67
       2.397     0.500000      2951783         2.00
       2.623     0.550000      3245115         2.22
       2.873     0.600000      3539302         2.50
       3.153     0.650000      3834883         2.86
       3.467     0.700000      4130320         3.33
       3.839     0.750000      4424743         4.00
       4.051     0.775000      4572366         4.44
       4.291     0.800000      4720141         5.00
       4.579     0.825000      4867897         5.71
       4.931     0.850000      5015209         6.67
       5.375     0.875000      5161304         8.00
       5.655     0.887500      5235181         8.89
       5.979     0.900000      5308794        10.00
       6.343     0.912500      5382682        11.43
       6.755     0.925000      5456462        13.33
       7.207     0.937500      5530222        16.00
       7.439     0.943750      5567298        17.78
       7.703     0.950000      5604231        20.00
       7.959     0.956250      5641081        22.86
       8.271     0.962500      5678106        26.67
       8.631     0.968750      5714790        32.00
       8.831     0.971875      5733100        35.56
       9.055     0.975000      5751560        40.00
       9.303     0.978125      5769977        45.71
       9.583     0.981250      5788403        53.33
       9.911     0.984375      5806586        64.00
      10.103     0.985938      5815833        71.11
      10.319     0.987500      5825108        80.00
      10.567     0.989062      5834218        91.43
      10.855     0.990625      5843402       106.67
      11.207     0.992188      5852610       128.00
      11.407     0.992969      5857220       142.22
      11.671     0.993750      5861872       160.00
      11.951     0.994531      5866456       182.86
      12.407     0.995313      5871030       213.33
      13.215     0.996094      5875614       256.00
      13.791     0.996484      5877900       284.44
      14.511     0.996875      5880209       320.00
      15.495     0.997266      5882511       365.71
      17.087     0.997656      5884808       426.67
      74.879     0.998047      5887111       512.00
     166.143     0.998242      5888262       568.89
     259.455     0.998437      5889415       640.00
     351.487     0.998633      5890566       731.43
     443.647     0.998828      5891719       853.33
     536.575     0.999023      5892872      1024.00
     581.631     0.999121      5893450      1137.78
     626.687     0.999219      5894025      1280.00
     675.327     0.999316      5894598      1462.86
     719.359     0.999414      5895175      1706.67
     765.951     0.999512      5895752      2048.00
     787.967     0.999561      5896039      2275.56
     811.519     0.999609      5896327      2560.00
     835.583     0.999658      5896619      2925.71
     857.599     0.999707      5896903      3413.33
     882.175     0.999756      5897192      4096.00
     892.415     0.999780      5897337      4551.11
     903.679     0.999805      5897479      5120.00
     915.967     0.999829      5897629      5851.43
     926.719     0.999854      5897768      6826.67
     938.495     0.999878      5897912      8192.00
     944.639     0.999890      5897983      9102.22
     951.295     0.999902      5898061     10240.00
     956.415     0.999915      5898131     11702.86
     963.071     0.999927      5898207     13653.33
     966.655     0.999939      5898270     16384.00
     970.239     0.999945      5898309     18204.44
     973.311     0.999951      5898347     20480.00
     975.871     0.999957      5898380     23405.71
     978.943     0.999963      5898416     27306.67
     982.015     0.999969      5898450     32768.00
     983.039     0.999973      5898474     36408.89
     984.575     0.999976      5898491     40960.00
     986.623     0.999979      5898504     46811.43
     990.207     0.999982      5898522     54613.33
     994.303     0.999985      5898547     65536.00
     994.815     0.999986      5898557     72817.78
     995.327     0.999988      5898558     81920.00
     996.863     0.999989      5898568     93622.86
     997.887     0.999991      5898580    109226.67
     998.911     0.999992      5898585    131072.00
     999.423     0.999993      5898591    145635.56
    1000.447     0.999994      5898594    163840.00
    1001.471     0.999995      5898599    187245.71
    1002.495     0.999995      5898603    218453.33
    1003.519     0.999996      5898611    262144.00
    1003.519     0.999997      5898611    291271.11
    1004.031     0.999997      5898621    327680.00
    1004.031     0.999997      5898621    374491.43
    1004.031     0.999998      5898621    436906.67
    1004.031     0.999998      5898621    524288.00
    1004.031     0.999998      5898621    582542.22
    1004.031     0.999998      5898621    655360.00
    1004.543     0.999999      5898623    748982.86
    1005.055     0.999999      5898624    873813.33
    1005.567     0.999999      5898627   1048576.00
    1005.567     0.999999      5898627   1165084.44
    1005.567     0.999999      5898627   1310720.00
    1005.567     0.999999      5898627   1497965.71
    1005.567     0.999999      5898627   1747626.67
    1006.591     1.000000      5898630   2097152.00
    1006.591     1.000000      5898630          inf
#[Mean    =        4.044, StdDeviation   =       26.381]
#[Max     =     1006.080, Total count    =      5898630]
#[Buckets =           27, SubBuckets     =         2048]
----------------------------------------------------------
  5997612 requests in 10.00m, 0.93GB read
Requests/sec:   9995.79
Transfer/sec:      1.58MB
