Running 10m test @ http://localhost:9999/math/plus?x=1&y=2
  16 threads and 400 connections
  Thread calibration: mean lat.: 10.437ms, rate sampling interval: 10ms
  Thread calibration: mean lat.: 6.377ms, rate sampling interval: 10ms
  Thread calibration: mean lat.: 18.983ms, rate sampling interval: 13ms
  Thread calibration: mean lat.: 14.660ms, rate sampling interval: 10ms
  Thread calibration: mean lat.: 23.264ms, rate sampling interval: 13ms
  Thread calibration: mean lat.: 36.090ms, rate sampling interval: 16ms
  Thread calibration: mean lat.: 19.032ms, rate sampling interval: 13ms
  Thread calibration: mean lat.: 3.796ms, rate sampling interval: 14ms
  Thread calibration: mean lat.: 3.935ms, rate sampling interval: 14ms
  Thread calibration: mean lat.: 6.704ms, rate sampling interval: 10ms
  Thread calibration: mean lat.: 40.439ms, rate sampling interval: 17ms
  Thread calibration: mean lat.: 11.101ms, rate sampling interval: 14ms
  Thread calibration: mean lat.: 18.949ms, rate sampling interval: 11ms
  Thread calibration: mean lat.: 10.573ms, rate sampling interval: 12ms
  Thread calibration: mean lat.: 1.481ms, rate sampling interval: 10ms
  Thread calibration: mean lat.: 6.573ms, rate sampling interval: 10ms
  Thread Stats   Avg      Stdev     Max   +/- Stdev
    Latency     3.29ms   20.62ms   1.01s    99.86%
    Req/Sec   656.27    534.53     3.00k    67.66%
  Latency Distribution (HdrHistogram - Recorded Latency)
 50.000%    1.86ms
 75.000%    3.46ms
 90.000%    5.80ms
 99.000%   11.05ms
 99.900%  212.86ms
 99.990%  922.62ms
 99.999%  995.33ms
100.000%    1.01s 

  Detailed Percentile spectrum:
       Value   Percentile   TotalCount 1/(1-Percentile)

       0.076     0.000000            1         1.00
       0.699     0.100000       590664         1.11
       0.992     0.200000      1181652         1.25
       1.249     0.300000      1770577         1.43
       1.521     0.400000      2359821         1.67
       1.859     0.500000      2950080         2.00
       2.067     0.550000      3245021         2.22
       2.313     0.600000      3539291         2.50
       2.615     0.650000      3835581         2.86
       2.983     0.700000      4130068         3.33
       3.457     0.750000      4423941         4.00
       3.741     0.775000      4571976         4.44
       4.043     0.800000      4719372         5.00
       4.383     0.825000      4867188         5.71
       4.771     0.850000      5014509         6.67
       5.235     0.875000      5161964         8.00
       5.503     0.887500      5235749         8.89
       5.799     0.900000      5308843        10.00
       6.139     0.912500      5383053        11.43
       6.527     0.925000      5456347        13.33
       6.987     0.937500      5530452        16.00
       7.239     0.943750      5566942        17.78
       7.511     0.950000      5604054        20.00
       7.811     0.956250      5640799        22.86
       8.123     0.962500      5677490        26.67
       8.503     0.968750      5714307        32.00
       8.727     0.971875      5733307        35.56
       8.967     0.975000      5751289        40.00
       9.247     0.978125      5769870        45.71
       9.567     0.981250      5788196        53.33
       9.959     0.984375      5806478        64.00
      10.207     0.985938      5815839        71.11
      10.487     0.987500      5825040        80.00
      10.815     0.989062      5834119        91.43
      11.231     0.990625      5843296       106.67
      11.767     0.992188      5852519       128.00
      12.087     0.992969      5857189       142.22
      12.567     0.993750      5861733       160.00
      13.215     0.994531      5866344       182.86
      13.999     0.995313      5870944       213.33
      14.983     0.996094      5875555       256.00
      15.527     0.996484      5877865       284.44
      16.103     0.996875      5880146       320.00
      16.863     0.997266      5882473       365.71
      17.919     0.997656      5884777       426.67
      19.439     0.998047      5887066       512.00
      20.303     0.998242      5888217       568.89
      21.743     0.998437      5889355       640.00
      24.831     0.998633      5890507       731.43
      77.183     0.998828      5891659       853.33
     232.575     0.999023      5892814      1024.00
     309.247     0.999121      5893389      1137.78
     385.279     0.999219      5893965      1280.00
     462.591     0.999316      5894539      1462.86
     537.087     0.999414      5895115      1706.67
     614.399     0.999512      5895692      2048.00
     652.799     0.999561      5895989      2275.56
     692.223     0.999609      5896278      2560.00
     731.647     0.999658      5896563      2925.71
     769.023     0.999707      5896844      3413.33
     808.447     0.999756      5897134      4096.00
     827.391     0.999780      5897279      4551.11
     846.847     0.999805      5897420      5120.00
     864.767     0.999829      5897568      5851.43
     886.271     0.999854      5897712      6826.67
     903.679     0.999878      5897852      8192.00
     912.895     0.999890      5897924      9102.22
     924.671     0.999902      5897999     10240.00
     931.839     0.999915      5898070     11702.86
     943.103     0.999927      5898142     13653.33
     952.319     0.999939      5898211     16384.00
     956.415     0.999945      5898247     18204.44
     964.095     0.999951      5898284     20480.00
     967.679     0.999957      5898328     23405.71
     971.263     0.999963      5898355     27306.67
     973.311     0.999969      5898391     32768.00
     975.871     0.999973      5898411     36408.89
     980.991     0.999976      5898427     40960.00
     984.063     0.999979      5898451     46811.43
     985.599     0.999982      5898466     54613.33
     991.231     0.999985      5898483     65536.00
     992.255     0.999986      5898490     72817.78
     992.767     0.999988      5898499     81920.00
     995.327     0.999989      5898512     93622.86
     995.839     0.999991      5898518    109226.67
     998.399     0.999992      5898528    131072.00
     999.423     0.999993      5898531    145635.56
    1003.007     0.999994      5898535    163840.00
    1004.031     0.999995      5898543    187245.71
    1004.543     0.999995      5898549    218453.33
    1004.543     0.999996      5898549    262144.00
    1005.055     0.999997      5898554    291271.11
    1005.055     0.999997      5898554    327680.00
    1005.567     0.999997      5898557    374491.43
    1006.079     0.999998      5898559    436906.67
    1006.591     0.999998      5898561    524288.00
    1006.591     0.999998      5898561    582542.22
    1007.103     0.999998      5898562    655360.00
    1008.639     0.999999      5898568    748982.86
    1008.639     0.999999      5898568    873813.33
    1008.639     0.999999      5898568   1048576.00
    1008.639     0.999999      5898568   1165084.44
    1008.639     0.999999      5898568   1310720.00
    1008.639     0.999999      5898568   1497965.71
    1008.639     0.999999      5898568   1747626.67
    1009.663     1.000000      5898569   2097152.00
    1009.663     1.000000      5898569   2330168.89
    1009.663     1.000000      5898569   2621440.00
    1010.175     1.000000      5898570   2995931.43
    1010.175     1.000000      5898570   3495253.33
    1010.175     1.000000      5898570   4194304.00
    1010.175     1.000000      5898570   4660337.78
    1010.175     1.000000      5898570   5242880.00
    1010.687     1.000000      5898571   5991862.86
    1010.687     1.000000      5898571          inf
#[Mean    =        3.293, StdDeviation   =       20.621]
#[Max     =     1010.176, Total count    =      5898571]
#[Buckets =           27, SubBuckets     =         2048]
----------------------------------------------------------
  5997627 requests in 10.00m, 0.93GB read
Requests/sec:   9995.81
Transfer/sec:      1.58MB
