Running 10m test @ http://localhost:9999/math/plus?x=1&y=2
  16 threads and 400 connections
  Thread calibration: mean lat.: 2.281ms, rate sampling interval: 10ms
  Thread calibration: mean lat.: 2.403ms, rate sampling interval: 10ms
  Thread calibration: mean lat.: 15.357ms, rate sampling interval: 11ms
  Thread calibration: mean lat.: 2.550ms, rate sampling interval: 10ms
  Thread calibration: mean lat.: 1.732ms, rate sampling interval: 10ms
  Thread calibration: mean lat.: 2.504ms, rate sampling interval: 10ms
  Thread calibration: mean lat.: 2.450ms, rate sampling interval: 10ms
  Thread calibration: mean lat.: 2.410ms, rate sampling interval: 10ms
  Thread calibration: mean lat.: 2.434ms, rate sampling interval: 10ms
  Thread calibration: mean lat.: 1.735ms, rate sampling interval: 10ms
  Thread calibration: mean lat.: 67.007ms, rate sampling interval: 408ms
  Thread calibration: mean lat.: 58.252ms, rate sampling interval: 134ms
  Thread calibration: mean lat.: 2.012ms, rate sampling interval: 10ms
  Thread calibration: mean lat.: 62.625ms, rate sampling interval: 287ms
  Thread calibration: mean lat.: 2.454ms, rate sampling interval: 10ms
  Thread calibration: mean lat.: 62.183ms, rate sampling interval: 263ms
  Thread Stats   Avg      Stdev     Max   +/- Stdev
    Latency     2.70ms   12.00ms   1.01s    99.90%
    Req/Sec   658.52    740.05     3.00k    85.37%
  Latency Distribution (HdrHistogram - Recorded Latency)
 50.000%    1.90ms
 75.000%    3.18ms
 90.000%    5.07ms
 99.000%    8.97ms
 99.900%   14.72ms
 99.990%  765.44ms
 99.999%  975.87ms
100.000%    1.01s 

  Detailed Percentile spectrum:
       Value   Percentile   TotalCount 1/(1-Percentile)

       0.084     0.000000            1         1.00
       0.805     0.100000       591197         1.11
       1.094     0.200000      1180634         1.25
       1.340     0.300000      1770075         1.43
       1.598     0.400000      2360394         1.67
       1.897     0.500000      2951044         2.00
       2.073     0.550000      3246986         2.22
       2.277     0.600000      3540758         2.50
       2.519     0.650000      3834978         2.86
       2.815     0.700000      4129168         3.33
       3.181     0.750000      4424850         4.00
       3.399     0.775000      4571798         4.44
       3.645     0.800000      4719568         5.00
       3.925     0.825000      4867167         5.71
       4.247     0.850000      5015216         6.67
       4.619     0.875000      5161642         8.00
       4.831     0.887500      5235418         8.89
       5.067     0.900000      5309933        10.00
       5.319     0.912500      5383524        11.43
       5.599     0.925000      5456565        13.33
       5.935     0.937500      5530515        16.00
       6.127     0.943750      5567219        17.78
       6.339     0.950000      5604302        20.00
       6.567     0.956250      5640893        22.86
       6.819     0.962500      5677735        26.67
       7.099     0.968750      5714380        32.00
       7.263     0.971875      5732743        35.56
       7.447     0.975000      5751521        40.00
       7.643     0.978125      5769764        45.71
       7.879     0.981250      5788214        53.33
       8.159     0.984375      5806644        64.00
       8.335     0.985938      5815800        71.11
       8.543     0.987500      5825026        80.00
       8.791     0.989062      5834191        91.43
       9.095     0.990625      5843400       106.67
       9.455     0.992188      5852668       128.00
       9.663     0.992969      5857249       142.22
       9.927     0.993750      5861858       160.00
      10.247     0.994531      5866403       182.86
      10.639     0.995313      5871013       213.33
      11.063     0.996094      5875640       256.00
      11.319     0.996484      5877939       284.44
      11.599     0.996875      5880202       320.00
      11.911     0.997266      5882546       365.71
      12.255     0.997656      5884833       426.67
      12.687     0.998047      5887106       512.00
      12.975     0.998242      5888283       568.89
      13.287     0.998437      5889427       640.00
      13.679     0.998633      5890576       731.43
      14.159     0.998828      5891731       853.33
      14.807     0.999023      5892872      1024.00
      15.199     0.999121      5893447      1137.78
      15.703     0.999219      5894017      1280.00
      16.311     0.999316      5894598      1462.86
      17.359     0.999414      5895174      1706.67
      19.279     0.999512      5895745      2048.00
      21.311     0.999561      5896034      2275.56
      80.959     0.999609      5896321      2560.00
     194.047     0.999658      5896609      2925.71
     308.991     0.999707      5896897      3413.33
     424.703     0.999756      5897185      4096.00
     484.607     0.999780      5897330      4551.11
     537.599     0.999805      5897473      5120.00
     595.967     0.999829      5897618      5851.43
     654.335     0.999854      5897764      6826.67
     712.703     0.999878      5897905      8192.00
     742.399     0.999890      5897980      9102.22
     771.071     0.999902      5898050     10240.00
     797.183     0.999915      5898122     11702.86
     829.439     0.999927      5898198     13653.33
     856.063     0.999939      5898269     16384.00
     869.887     0.999945      5898301     18204.44
     887.295     0.999951      5898339     20480.00
     897.535     0.999957      5898373     23405.71
     916.479     0.999963      5898411     27306.67
     927.743     0.999969      5898445     32768.00
     935.935     0.999973      5898465     36408.89
     942.079     0.999976      5898481     40960.00
     950.271     0.999979      5898502     46811.43
     958.975     0.999982      5898517     54613.33
     967.167     0.999985      5898535     65536.00
     969.727     0.999986      5898544     72817.78
     972.799     0.999988      5898553     81920.00
     974.335     0.999989      5898563     93622.86
     977.407     0.999991      5898571    109226.67
     982.527     0.999992      5898582    131072.00
     985.087     0.999993      5898585    145635.56
     988.159     0.999994      5898592    163840.00
     990.719     0.999995      5898594    187245.71
     993.279     0.999995      5898598    218453.33
     994.303     0.999996      5898603    262144.00
     995.327     0.999997      5898605    291271.11
     996.351     0.999997      5898607    327680.00
     997.887     0.999997      5898610    374491.43
     998.399     0.999998      5898612    436906.67
     999.935     0.999998      5898614    524288.00
    1001.471     0.999998      5898615    582542.22
    1003.519     0.999998      5898617    655360.00
    1004.031     0.999999      5898619    748982.86
    1004.031     0.999999      5898619    873813.33
    1005.567     0.999999      5898623   1048576.00
    1005.567     0.999999      5898623   1165084.44
    1005.567     0.999999      5898623   1310720.00
    1005.567     0.999999      5898623   1497965.71
    1005.567     0.999999      5898623   1747626.67
    1005.567     1.000000      5898623   2097152.00
    1005.567     1.000000      5898623   2330168.89
    1005.567     1.000000      5898623   2621440.00
    1006.079     1.000000      5898624   2995931.43
    1006.079     1.000000      5898624   3495253.33
    1006.079     1.000000      5898624   4194304.00
    1006.079     1.000000      5898624   4660337.78
    1006.079     1.000000      5898624   5242880.00
    1007.615     1.000000      5898625   5991862.86
    1007.615     1.000000      5898625          inf
#[Mean    =        2.696, StdDeviation   =       12.003]
#[Max     =     1007.104, Total count    =      5898625]
#[Buckets =           27, SubBuckets     =         2048]
----------------------------------------------------------
  5997054 requests in 10.00m, 0.93GB read
Requests/sec:   9995.03
Transfer/sec:      1.58MB
