Running 10m test @ http://localhost:9999/math/plus?x=1&y=2
  16 threads and 400 connections
  Thread calibration: mean lat.: 2.033ms, rate sampling interval: 10ms
  Thread calibration: mean lat.: 2.082ms, rate sampling interval: 10ms
  Thread calibration: mean lat.: 27.728ms, rate sampling interval: 10ms
  Thread calibration: mean lat.: 6.460ms, rate sampling interval: 10ms
  Thread calibration: mean lat.: 1.853ms, rate sampling interval: 10ms
  Thread calibration: mean lat.: 2.067ms, rate sampling interval: 10ms
  Thread calibration: mean lat.: 6.284ms, rate sampling interval: 10ms
  Thread calibration: mean lat.: 2.060ms, rate sampling interval: 10ms
  Thread calibration: mean lat.: 2.467ms, rate sampling interval: 10ms
  Thread calibration: mean lat.: 2.283ms, rate sampling interval: 10ms
  Thread calibration: mean lat.: 10.614ms, rate sampling interval: 10ms
  Thread calibration: mean lat.: 2.238ms, rate sampling interval: 10ms
  Thread calibration: mean lat.: 2.145ms, rate sampling interval: 10ms
  Thread calibration: mean lat.: 2.075ms, rate sampling interval: 10ms
  Thread calibration: mean lat.: 2.005ms, rate sampling interval: 10ms
  Thread calibration: mean lat.: 27.677ms, rate sampling interval: 10ms
  Thread Stats   Avg      Stdev     Max   +/- Stdev
    Latency     2.39ms   14.48ms   1.01s    99.91%
    Req/Sec   659.57    622.30     3.33k    70.44%
  Latency Distribution (HdrHistogram - Recorded Latency)
 50.000%    1.63ms
 75.000%    2.70ms
 90.000%    4.06ms
 99.000%    7.52ms
 99.900%   15.78ms
 99.990%  838.14ms
 99.999%  979.46ms
100.000%    1.01s 

  Detailed Percentile spectrum:
       Value   Percentile   TotalCount 1/(1-Percentile)

       0.077     0.000000            2         1.00
       0.667     0.100000       590386         1.11
       0.926     0.200000      1180458         1.25
       1.151     0.300000      1769986         1.43
       1.368     0.400000      2360108         1.67
       1.627     0.500000      2951309         2.00
       1.782     0.550000      3245658         2.22
       1.959     0.600000      3540688         2.50
       2.165     0.650000      3834591         2.86
       2.411     0.700000      4129195         3.33
       2.701     0.750000      4424355         4.00
       2.865     0.775000      4572682         4.44
       3.045     0.800000      4719715         5.00
       3.245     0.825000      4867468         5.71
       3.469     0.850000      5013899         6.67
       3.735     0.875000      5161475         8.00
       3.889     0.887500      5235577         8.89
       4.059     0.900000      5309320        10.00
       4.255     0.912500      5383248        11.43
       4.479     0.925000      5456876        13.33
       4.739     0.937500      5530042        16.00
       4.891     0.943750      5566960        17.78
       5.063     0.950000      5604463        20.00
       5.251     0.956250      5640833        22.86
       5.467     0.962500      5677618        26.67
       5.727     0.968750      5714725        32.00
       5.875     0.971875      5732880        35.56
       6.047     0.975000      5751323        40.00
       6.243     0.978125      5769657        45.71
       6.471     0.981250      5788196        53.33
       6.751     0.984375      5806472        64.00
       6.923     0.985938      5815699        71.11
       7.127     0.987500      5824916        80.00
       7.363     0.989062      5834086        91.43
       7.643     0.990625      5843313       106.67
       7.979     0.992188      5852573       128.00
       8.171     0.992969      5857115       142.22
       8.399     0.993750      5861742       160.00
       8.671     0.994531      5866366       182.86
       9.007     0.995313      5871006       213.33
       9.439     0.996094      5875555       256.00
       9.727     0.996484      5877893       284.44
      10.063     0.996875      5880145       320.00
      10.519     0.997266      5882462       365.71
      11.111     0.997656      5884770       426.67
      11.879     0.998047      5887059       512.00
      12.399     0.998242      5888212       568.89
      13.015     0.998437      5889367       640.00
      13.751     0.998633      5890517       731.43
      14.735     0.998828      5891664       853.33
      15.967     0.999023      5892820      1024.00
      16.991     0.999121      5893395      1137.78
      18.175     0.999219      5893967      1280.00
      20.495     0.999316      5894543      1462.86
      72.831     0.999414      5895118      1706.67
     227.199     0.999512      5895694      2048.00
     302.335     0.999561      5895983      2275.56
     380.927     0.999609      5896271      2560.00
     457.215     0.999658      5896558      2925.71
     533.503     0.999707      5896846      3413.33
     610.303     0.999756      5897134      4096.00
     648.191     0.999780      5897278      4551.11
     688.127     0.999805      5897425      5120.00
     728.063     0.999829      5897568      5851.43
     763.903     0.999854      5897713      6826.67
     802.815     0.999878      5897862      8192.00
     821.759     0.999890      5897929      9102.22
     842.239     0.999902      5897998     10240.00
     860.671     0.999915      5898071     11702.86
     881.663     0.999927      5898147     13653.33
     898.559     0.999939      5898215     16384.00
     908.287     0.999945      5898251     18204.44
     917.503     0.999951      5898286     20480.00
     927.743     0.999957      5898322     23405.71
     936.959     0.999963      5898358     27306.67
     947.199     0.999969      5898396     32768.00
     952.319     0.999973      5898415     36408.89
     955.903     0.999976      5898432     40960.00
     961.535     0.999979      5898448     46811.43
     966.143     0.999982      5898467     54613.33
     971.775     0.999985      5898487     65536.00
     972.799     0.999986      5898499     72817.78
     974.335     0.999988      5898504     81920.00
     977.919     0.999989      5898512     93622.86
     980.479     0.999991      5898521    109226.67
     982.527     0.999992      5898532    131072.00
     983.039     0.999993      5898536    145635.56
     983.551     0.999994      5898538    163840.00
     990.719     0.999995      5898543    187245.71
     993.279     0.999995      5898547    218453.33
     997.375     0.999996      5898553    262144.00
     997.887     0.999997      5898557    291271.11
     997.887     0.999997      5898557    327680.00
    1000.447     0.999997      5898561    374491.43
    1000.447     0.999998      5898561    436906.67
    1001.983     0.999998      5898563    524288.00
    1002.495     0.999998      5898564    582542.22
    1003.007     0.999998      5898567    655360.00
    1003.007     0.999999      5898567    748982.86
    1003.519     0.999999      5898570    873813.33
    1003.519     0.999999      5898570   1048576.00
    1003.519     0.999999      5898570   1165084.44
    1003.519     0.999999      5898570   1310720.00
    1004.031     0.999999      5898571   1497965.71
    1004.031     0.999999      5898571   1747626.67
    1005.055     1.000000      5898573   2097152.00
    1005.055     1.000000      5898573   2330168.89
    1005.055     1.000000      5898573   2621440.00
    1005.055     1.000000      5898573   2995931.43
    1005.055     1.000000      5898573   3495253.33
    1005.055     1.000000      5898573   4194304.00
    1005.055     1.000000      5898573   4660337.78
    1005.055     1.000000      5898573   5242880.00
    1008.127     1.000000      5898574   5991862.86
    1008.127     1.000000      5898574          inf
#[Mean    =        2.392, StdDeviation   =       14.480]
#[Max     =     1007.616, Total count    =      5898574]
#[Buckets =           27, SubBuckets     =         2048]
----------------------------------------------------------
  5997096 requests in 10.00m, 0.93GB read
Requests/sec:   9995.12
Transfer/sec:      1.58MB
