Running 10m test @ http://localhost:9999/math/plus?x=1&y=2
  16 threads and 400 connections
  Thread calibration: mean lat.: 5.259ms, rate sampling interval: 22ms
  Thread calibration: mean lat.: 4.940ms, rate sampling interval: 21ms
  Thread calibration: mean lat.: 29.353ms, rate sampling interval: 27ms
  Thread calibration: mean lat.: 4.747ms, rate sampling interval: 20ms
  Thread calibration: mean lat.: 8.616ms, rate sampling interval: 20ms
  Thread calibration: mean lat.: 4.802ms, rate sampling interval: 21ms
  Thread calibration: mean lat.: 4.788ms, rate sampling interval: 20ms
  Thread calibration: mean lat.: 34.689ms, rate sampling interval: 36ms
  Thread calibration: mean lat.: 33.570ms, rate sampling interval: 29ms
  Thread calibration: mean lat.: 13.241ms, rate sampling interval: 24ms
  Thread calibration: mean lat.: 4.715ms, rate sampling interval: 20ms
  Thread calibration: mean lat.: 29.493ms, rate sampling interval: 27ms
  Thread calibration: mean lat.: 4.346ms, rate sampling interval: 19ms
  Thread calibration: mean lat.: 55.060ms, rate sampling interval: 74ms
  Thread calibration: mean lat.: 55.956ms, rate sampling interval: 100ms
  Thread calibration: mean lat.: 5.086ms, rate sampling interval: 22ms
  Thread Stats   Avg      Stdev     Max   +/- Stdev
    Latency     7.68ms   26.13ms   1.44s    98.21%
    Req/Sec     3.21k   587.64    10.17k    75.24%
  Latency Distribution (HdrHistogram - Recorded Latency)
 50.000%    4.07ms
 75.000%    7.59ms
 90.000%   12.98ms
 99.000%   53.89ms
 99.900%  411.65ms
 99.990%  887.81ms
 99.999%    1.27s 
100.000%    1.44s 

  Detailed Percentile spectrum:
       Value   Percentile   TotalCount 1/(1-Percentile)

       0.073     0.000000            1         1.00
       1.137     0.100000      2952949         1.11
       1.732     0.200000      5901549         1.25
       2.387     0.300000      8850347         1.43
       3.163     0.400000     11797554         1.67
       4.065     0.500000     14749191         2.00
       4.583     0.550000     16229569         2.22
       5.179     0.600000     17705546         2.50
       5.855     0.650000     19176440         2.86
       6.659     0.700000     20648196         3.33
       7.587     0.750000     22126065         4.00
       8.099     0.775000     22862778         4.44
       8.759     0.800000     23602101         5.00
       9.551     0.825000     24339159         5.71
      10.487     0.850000     25074159         6.67
      11.583     0.875000     25810367         8.00
      12.175     0.887500     26179921         8.89
      12.975     0.900000     26547456        10.00
      13.943     0.912500     26914764        11.43
      15.135     0.925000     27283054        13.33
      16.479     0.937500     27650467        16.00
      17.471     0.943750     27837455        17.78
      18.623     0.950000     28020480        20.00
      19.903     0.956250     28204254        22.86
      21.647     0.962500     28388272        26.67
      23.919     0.968750     28572646        32.00
      25.455     0.971875     28665006        35.56
      27.359     0.975000     28757174        40.00
      29.663     0.978125     28848688        45.71
      32.751     0.981250     28940934        53.33
      37.247     0.984375     29033399        64.00
      40.255     0.985938     29079265        71.11
      44.255     0.987500     29125449        80.00
      49.631     0.989062     29171363        91.43
      57.311     0.990625     29217416       106.67
      69.247     0.992188     29263485       128.00
      78.463     0.992969     29286451       142.22
      90.623     0.993750     29309581       160.00
     107.071     0.994531     29332557       182.86
     128.639     0.995313     29355581       213.33
     158.079     0.996094     29378679       256.00
     175.871     0.996484     29390133       284.44
     196.351     0.996875     29401711       320.00
     219.391     0.997266     29413176       365.71
     247.551     0.997656     29424726       426.67
     281.599     0.998047     29436225       512.00
     301.311     0.998242     29442041       568.89
     323.839     0.998437     29447766       640.00
     348.415     0.998633     29453494       731.43
     379.647     0.998828     29459279       853.33
     416.767     0.999023     29465037      1024.00
     440.831     0.999121     29467906      1137.78
     466.431     0.999219     29470780      1280.00
     495.615     0.999316     29473664      1462.86
     531.967     0.999414     29476543      1706.67
     573.951     0.999512     29479446      2048.00
     594.943     0.999561     29480876      2275.56
     618.495     0.999609     29482302      2560.00
     645.631     0.999658     29483747      2925.71
     673.279     0.999707     29485188      3413.33
     709.119     0.999756     29486630      4096.00
     731.647     0.999780     29487337      4551.11
     752.639     0.999805     29488076      5120.00
     774.655     0.999829     29488781      5851.43
     801.791     0.999854     29489496      6826.67
     845.823     0.999878     29490216      8192.00
     870.399     0.999890     29490576      9102.22
     891.391     0.999902     29490938     10240.00
     909.823     0.999915     29491299     11702.86
     934.911     0.999927     29491657     13653.33
     970.239     0.999939     29492019     16384.00
     992.255     0.999945     29492196     18204.44
    1015.807     0.999951     29492377     20480.00
    1045.503     0.999957     29492559     23405.71
    1076.223     0.999963     29492741     27306.67
    1106.943     0.999969     29492916     32768.00
    1124.351     0.999973     29493012     36408.89
    1141.759     0.999976     29493101     40960.00
    1157.119     0.999979     29493190     46811.43
    1171.455     0.999982     29493279     54613.33
    1197.055     0.999985     29493367     65536.00
    1214.463     0.999986     29493412     72817.78
    1234.943     0.999988     29493457     81920.00
    1257.471     0.999989     29493502     93622.86
    1289.215     0.999991     29493546    109226.67
    1318.911     0.999992     29493591    131072.00
    1329.151     0.999993     29493615    145635.56
    1343.487     0.999994     29493636    163840.00
    1354.751     0.999995     29493659    187245.71
    1363.967     0.999995     29493681    218453.33
    1374.207     0.999996     29493710    262144.00
    1379.327     0.999997     29493716    291271.11
    1382.399     0.999997     29493726    327680.00
    1388.543     0.999997     29493738    374491.43
    1392.639     0.999998     29493749    436906.67
    1396.735     0.999998     29493760    524288.00
    1400.831     0.999998     29493766    582542.22
    1402.879     0.999998     29493771    655360.00
    1405.951     0.999999     29493781    748982.86
    1407.999     0.999999     29493783    873813.33
    1411.071     0.999999     29493788   1048576.00
    1413.119     0.999999     29493791   1165084.44
    1415.167     0.999999     29493794   1310720.00
    1417.215     0.999999     29493797   1497965.71
    1420.287     0.999999     29493800   1747626.67
    1421.311     1.000000     29493802   2097152.00
    1426.431     1.000000     29493805   2330168.89
    1426.431     1.000000     29493805   2621440.00
    1427.455     1.000000     29493807   2995931.43
    1428.479     1.000000     29493808   3495253.33
    1430.527     1.000000     29493810   4194304.00
    1430.527     1.000000     29493810   4660337.78
    1433.599     1.000000     29493812   5242880.00
    1433.599     1.000000     29493812   5991862.86
    1433.599     1.000000     29493812   6990506.67
    1434.623     1.000000     29493814   8388608.00
    1434.623     1.000000     29493814   9320675.55
    1434.623     1.000000     29493814  10485760.00
    1434.623     1.000000     29493814  11983725.71
    1434.623     1.000000     29493814  13981013.34
    1435.647     1.000000     29493815  16777216.00
    1435.647     1.000000     29493815  18641351.10
    1435.647     1.000000     29493815  20971519.98
    1435.647     1.000000     29493815  23967451.45
    1435.647     1.000000     29493815  27962026.68
    1436.671     1.000000     29493816  33554432.00
    1436.671     1.000000     29493816          inf
#[Mean    =        7.680, StdDeviation   =       26.128]
#[Max     =     1435.648, Total count    =     29493816]
#[Buckets =           27, SubBuckets     =         2048]
----------------------------------------------------------
  29993626 requests in 10.00m, 4.64GB read
Requests/sec:  49989.40
Transfer/sec:      7.91MB
