Running 10m test @ http://localhost:9999/math/plus?x=1&y=2
  16 threads and 400 connections
  Thread calibration: mean lat.: 3.108ms, rate sampling interval: 14ms
  Thread calibration: mean lat.: 3.173ms, rate sampling interval: 13ms
  Thread calibration: mean lat.: 20.124ms, rate sampling interval: 14ms
  Thread calibration: mean lat.: 3.578ms, rate sampling interval: 15ms
  Thread calibration: mean lat.: 3.518ms, rate sampling interval: 15ms
  Thread calibration: mean lat.: 3.471ms, rate sampling interval: 15ms
  Thread calibration: mean lat.: 20.337ms, rate sampling interval: 16ms
  Thread calibration: mean lat.: 4.349ms, rate sampling interval: 18ms
  Thread calibration: mean lat.: 25.263ms, rate sampling interval: 19ms
  Thread calibration: mean lat.: 4.402ms, rate sampling interval: 17ms
  Thread calibration: mean lat.: 3.421ms, rate sampling interval: 16ms
  Thread calibration: mean lat.: 3.218ms, rate sampling interval: 14ms
  Thread calibration: mean lat.: 3.267ms, rate sampling interval: 14ms
  Thread calibration: mean lat.: 3.275ms, rate sampling interval: 15ms
  Thread calibration: mean lat.: 31.872ms, rate sampling interval: 15ms
  Thread calibration: mean lat.: 37.602ms, rate sampling interval: 21ms
  Thread Stats   Avg      Stdev     Max   +/- Stdev
    Latency     3.52ms    8.82ms   1.00s    97.72%
    Req/Sec   647.80    425.06     2.25k    63.76%
  Latency Distribution (HdrHistogram - Recorded Latency)
 50.000%    2.26ms
 75.000%    4.45ms
 90.000%    7.70ms
 99.000%   14.95ms
 99.900%   23.85ms
 99.990%  516.86ms
 99.999%  943.10ms
100.000%    1.00s 

  Detailed Percentile spectrum:
       Value   Percentile   TotalCount 1/(1-Percentile)

       0.094     0.000000            2         1.00
       0.827     0.100000       589990         1.11
       1.150     0.200000      1181361         1.25
       1.444     0.300000      1770331         1.43
       1.797     0.400000      2359451         1.67
       2.263     0.500000      2951232         2.00
       2.555     0.550000      3244380         2.22
       2.899     0.600000      3540103         2.50
       3.305     0.650000      3834474         2.86
       3.807     0.700000      4129798         3.33
       4.447     0.750000      4425288         4.00
       4.831     0.775000      4572401         4.44
       5.263     0.800000      4718930         5.00
       5.759     0.825000      4867243         5.71
       6.327     0.850000      5013889         6.67
       6.971     0.875000      5161601         8.00
       7.327     0.887500      5235266         8.89
       7.695     0.900000      5308977        10.00
       8.115     0.912500      5383001        11.43
       8.615     0.925000      5456920        13.33
       9.215     0.937500      5530047        16.00
       9.559     0.943750      5567315        17.78
       9.935     0.950000      5603746        20.00
      10.375     0.956250      5641061        22.86
      10.863     0.962500      5677870        26.67
      11.415     0.968750      5714418        32.00
      11.719     0.971875      5733071        35.56
      12.063     0.975000      5751462        40.00
      12.463     0.978125      5769659        45.71
      12.943     0.981250      5788249        53.33
      13.519     0.984375      5806632        64.00
      13.847     0.985938      5815638        71.11
      14.231     0.987500      5824878        80.00
      14.663     0.989062      5834119        91.43
      15.167     0.990625      5843408       106.67
      15.759     0.992188      5852507       128.00
      16.119     0.992969      5857181       142.22
      16.543     0.993750      5861882       160.00
      17.023     0.994531      5866379       182.86
      17.599     0.995313      5871053       213.33
      18.287     0.996094      5875627       256.00
      18.687     0.996484      5877913       284.44
      19.151     0.996875      5880185       320.00
      19.647     0.997266      5882476       365.71
      20.287     0.997656      5884807       426.67
      21.055     0.998047      5887086       512.00
      21.535     0.998242      5888232       568.89
      22.031     0.998437      5889395       640.00
      22.591     0.998633      5890529       731.43
      23.231     0.998828      5891687       853.33
      23.951     0.999023      5892848      1024.00
      24.399     0.999121      5893419      1137.78
      24.879     0.999219      5893993      1280.00
      25.487     0.999316      5894559      1462.86
      26.223     0.999414      5895136      1706.67
      27.119     0.999512      5895710      2048.00
      27.647     0.999561      5895999      2275.56
      28.239     0.999609      5896283      2560.00
      29.215     0.999658      5896573      2925.71
      30.527     0.999707      5896861      3413.33
      33.599     0.999756      5897147      4096.00
      36.735     0.999780      5897290      4551.11
      67.711     0.999805      5897434      5120.00
     183.295     0.999829      5897578      5851.43
     297.727     0.999854      5897722      6826.67
     412.415     0.999878      5897867      8192.00
     473.087     0.999890      5897941      9102.22
     528.895     0.999902      5898011     10240.00
     583.679     0.999915      5898082     11702.86
     644.095     0.999927      5898157     13653.33
     697.855     0.999939      5898226     16384.00
     732.671     0.999945      5898262     18204.44
     758.271     0.999951      5898300     20480.00
     790.527     0.999957      5898336     23405.71
     817.663     0.999963      5898371     27306.67
     843.775     0.999969      5898406     32768.00
     858.111     0.999973      5898424     36408.89
     873.471     0.999976      5898442     40960.00
     889.343     0.999979      5898461     46811.43
     903.679     0.999982      5898479     54613.33
     916.479     0.999985      5898496     65536.00
     924.159     0.999986      5898507     72817.78
     932.863     0.999988      5898516     81920.00
     937.471     0.999989      5898523     93622.86
     943.615     0.999991      5898532    109226.67
     952.831     0.999992      5898542    131072.00
     957.439     0.999993      5898548    145635.56
     958.463     0.999994      5898551    163840.00
     963.071     0.999995      5898555    187245.71
     967.679     0.999995      5898561    218453.33
     971.775     0.999996      5898564    262144.00
     972.287     0.999997      5898568    291271.11
     972.287     0.999997      5898568    327680.00
     976.383     0.999997      5898571    374491.43
     976.895     0.999998      5898574    436906.67
     977.407     0.999998      5898575    524288.00
     978.431     0.999998      5898576    582542.22
     982.527     0.999998      5898577    655360.00
     983.039     0.999999      5898580    748982.86
     983.039     0.999999      5898580    873813.33
     983.551     0.999999      5898581   1048576.00
     983.551     0.999999      5898581   1165084.44
     984.063     0.999999      5898583   1310720.00
     984.063     0.999999      5898583   1497965.71
     984.063     0.999999      5898583   1747626.67
     997.887     1.000000      5898584   2097152.00
     997.887     1.000000      5898584   2330168.89
     997.887     1.000000      5898584   2621440.00
    1003.007     1.000000      5898585   2995931.43
    1003.007     1.000000      5898585   3495253.33
    1003.007     1.000000      5898585   4194304.00
    1003.007     1.000000      5898585   4660337.78
    1003.007     1.000000      5898585   5242880.00
    1003.519     1.000000      5898586   5991862.86
    1003.519     1.000000      5898586          inf
#[Mean    =        3.516, StdDeviation   =        8.819]
#[Max     =     1003.008, Total count    =      5898586]
#[Buckets =           27, SubBuckets     =         2048]
----------------------------------------------------------
  5997686 requests in 10.00m, 0.93GB read
Requests/sec:   9996.14
Transfer/sec:      1.58MB
