Running 10m test @ http://localhost:9999/math/plus?x=1&y=2
  16 threads and 400 connections
  Thread calibration: mean lat.: 6.693ms, rate sampling interval: 29ms
  Thread calibration: mean lat.: 6.559ms, rate sampling interval: 29ms
  Thread calibration: mean lat.: 6.497ms, rate sampling interval: 29ms
  Thread calibration: mean lat.: 6.309ms, rate sampling interval: 28ms
  Thread calibration: mean lat.: 5.875ms, rate sampling interval: 26ms
  Thread calibration: mean lat.: 5.877ms, rate sampling interval: 25ms
  Thread calibration: mean lat.: 14.160ms, rate sampling interval: 28ms
  Thread calibration: mean lat.: 10.873ms, rate sampling interval: 31ms
  Thread calibration: mean lat.: 6.317ms, rate sampling interval: 28ms
  Thread calibration: mean lat.: 5.741ms, rate sampling interval: 25ms
  Thread calibration: mean lat.: 14.511ms, rate sampling interval: 32ms
  Thread calibration: mean lat.: 5.796ms, rate sampling interval: 25ms
  Thread calibration: mean lat.: 13.868ms, rate sampling interval: 27ms
  Thread calibration: mean lat.: 6.713ms, rate sampling interval: 29ms
  Thread calibration: mean lat.: 6.330ms, rate sampling interval: 28ms
  Thread calibration: mean lat.: 9.947ms, rate sampling interval: 27ms
  Thread Stats   Avg      Stdev     Max   +/- Stdev
    Latency     5.71ms   19.75ms   1.10s    98.54%
    Req/Sec     3.19k   446.39     9.96k    76.16%
  Latency Distribution (HdrHistogram - Recorded Latency)
 50.000%    3.06ms
 75.000%    5.74ms
 90.000%    9.77ms
 99.000%   34.62ms
 99.900%  331.26ms
 99.990%  667.65ms
 99.999%  858.11ms
100.000%    1.10s 

  Detailed Percentile spectrum:
       Value   Percentile   TotalCount 1/(1-Percentile)

       0.068     0.000000            1         1.00
       0.966     0.100000      2954180         1.11
       1.410     0.200000      5905568         1.25
       1.860     0.300000      8849702         1.43
       2.395     0.400000     11799541         1.67
       3.061     0.500000     14749809         2.00
       3.449     0.550000     16224039         2.22
       3.887     0.600000     17700655         2.50
       4.391     0.650000     19174579         2.86
       4.999     0.700000     20651888         3.33
       5.743     0.750000     22120190         4.00
       6.183     0.775000     22862163         4.44
       6.683     0.800000     23595307         5.00
       7.251     0.825000     24335326         5.71
       7.879     0.850000     25070573         6.67
       8.687     0.875000     25811008         8.00
       9.191     0.887500     26178205         8.89
       9.767     0.900000     26545084        10.00
      10.423     0.912500     26914463        11.43
      11.199     0.925000     27283993        13.33
      12.087     0.937500     27650708        16.00
      12.687     0.943750     27836620        17.78
      13.423     0.950000     28020687        20.00
      14.279     0.956250     28204504        22.86
      15.319     0.962500     28387994        26.67
      16.607     0.968750     28572929        32.00
      17.535     0.971875     28665250        35.56
      18.623     0.975000     28756544        40.00
      19.919     0.978125     28849247        45.71
      21.759     0.981250     28941161        53.33
      24.255     0.984375     29032838        64.00
      26.127     0.985938     29079161        71.11
      28.463     0.987500     29125121        80.00
      31.823     0.989062     29171127        91.43
      37.023     0.990625     29217182       106.67
      45.791     0.992188     29263174       128.00
      52.703     0.992969     29286233       142.22
      62.207     0.993750     29309247       160.00
      75.007     0.994531     29332350       182.86
      91.455     0.995313     29355297       213.33
     113.087     0.996094     29378356       256.00
     126.655     0.996484     29389901       284.44
     142.847     0.996875     29401412       320.00
     162.815     0.997266     29412943       365.71
     187.903     0.997656     29424474       426.67
     219.135     0.998047     29435974       512.00
     236.671     0.998242     29441728       568.89
     255.871     0.998437     29447501       640.00
     277.503     0.998633     29453244       731.43
     303.615     0.998828     29459002       853.33
     334.847     0.999023     29464746      1024.00
     351.231     0.999121     29467651      1137.78
     369.919     0.999219     29470516      1280.00
     392.191     0.999316     29473392      1462.86
     418.303     0.999414     29476302      1706.67
     444.927     0.999512     29479155      2048.00
     458.239     0.999561     29480585      2275.56
     473.855     0.999609     29482028      2560.00
     491.263     0.999658     29483482      2925.71
     510.719     0.999707     29484913      3413.33
     536.575     0.999756     29486377      4096.00
     550.911     0.999780     29487097      4551.11
     566.271     0.999805     29487798      5120.00
     585.215     0.999829     29488521      5851.43
     606.207     0.999854     29489233      6826.67
     635.391     0.999878     29489949      8192.00
     652.287     0.999890     29490307      9102.22
     671.231     0.999902     29490668     10240.00
     689.151     0.999915     29491030     11702.86
     707.583     0.999927     29491397     13653.33
     727.551     0.999939     29491749     16384.00
     739.327     0.999945     29491936     18204.44
     754.687     0.999951     29492108     20480.00
     767.999     0.999957     29492288     23405.71
     778.751     0.999963     29492468     27306.67
     796.159     0.999969     29492655     32768.00
     802.815     0.999973     29492741     36408.89
     810.495     0.999976     29492832     40960.00
     817.151     0.999979     29492923     46811.43
     824.319     0.999982     29493009     54613.33
     834.559     0.999985     29493101     65536.00
     839.679     0.999986     29493144     72817.78
     845.823     0.999988     29493186     81920.00
     853.503     0.999989     29493232     93622.86
     863.743     0.999991     29493279    109226.67
     877.567     0.999992     29493322    131072.00
     893.439     0.999993     29493344    145635.56
     912.895     0.999994     29493366    163840.00
     927.231     0.999995     29493389    187245.71
     946.175     0.999995     29493411    218453.33
     967.679     0.999996     29493436    262144.00
     973.311     0.999997     29493446    291271.11
     990.719     0.999997     29493456    327680.00
    1013.759     0.999997     29493468    374491.43
    1023.487     0.999998     29493479    436906.67
    1060.863     0.999998     29493490    524288.00
    1069.055     0.999998     29493496    582542.22
    1072.127     0.999998     29493501    655360.00
    1075.199     0.999999     29493507    748982.86
    1076.223     0.999999     29493513    873813.33
    1080.319     0.999999     29493518   1048576.00
    1083.391     0.999999     29493522   1165084.44
    1084.415     0.999999     29493525   1310720.00
    1085.439     0.999999     29493527   1497965.71
    1087.487     0.999999     29493531   1747626.67
    1088.511     1.000000     29493534   2097152.00
    1088.511     1.000000     29493534   2330168.89
    1089.535     1.000000     29493536   2621440.00
    1090.559     1.000000     29493538   2995931.43
    1090.559     1.000000     29493538   3495253.33
    1091.583     1.000000     29493540   4194304.00
    1091.583     1.000000     29493540   4660337.78
    1092.607     1.000000     29493541   5242880.00
    1094.655     1.000000     29493543   5991862.86
    1094.655     1.000000     29493543   6990506.67
    1094.655     1.000000     29493543   8388608.00
    1094.655     1.000000     29493543   9320675.55
    1095.679     1.000000     29493544  10485760.00
    1095.679     1.000000     29493544  11983725.71
    1095.679     1.000000     29493544  13981013.34
    1097.727     1.000000     29493545  16777216.00
    1097.727     1.000000     29493545  18641351.10
    1097.727     1.000000     29493545  20971519.98
    1097.727     1.000000     29493545  23967451.45
    1097.727     1.000000     29493545  27962026.68
    1100.799     1.000000     29493546  33554432.00
    1100.799     1.000000     29493546          inf
#[Mean    =        5.709, StdDeviation   =       19.751]
#[Max     =     1099.776, Total count    =     29493546]
#[Buckets =           27, SubBuckets     =         2048]
----------------------------------------------------------
  29993077 requests in 10.00m, 4.64GB read
Requests/sec:  49988.35
Transfer/sec:      7.91MB
