Running 10m test @ http://localhost:9999/math/plus?x=1&y=2
  16 threads and 400 connections
  Thread calibration: mean lat.: 32.668ms, rate sampling interval: 164ms
  Thread calibration: mean lat.: 50.040ms, rate sampling interval: 153ms
  Thread calibration: mean lat.: 142.670ms, rate sampling interval: 1431ms
  Thread calibration: mean lat.: 91.989ms, rate sampling interval: 589ms
  Thread calibration: mean lat.: 49.202ms, rate sampling interval: 159ms
  Thread calibration: mean lat.: 26.771ms, rate sampling interval: 71ms
  Thread calibration: mean lat.: 70.375ms, rate sampling interval: 351ms
  Thread calibration: mean lat.: 86.993ms, rate sampling interval: 496ms
  Thread calibration: mean lat.: 96.304ms, rate sampling interval: 746ms
  Thread calibration: mean lat.: 148.342ms, rate sampling interval: 1411ms
  Thread calibration: mean lat.: 143.257ms, rate sampling interval: 1221ms
  Thread calibration: mean lat.: 36.588ms, rate sampling interval: 71ms
  Thread calibration: mean lat.: 160.191ms, rate sampling interval: 1517ms
  Thread calibration: mean lat.: 53.232ms, rate sampling interval: 220ms
  Thread calibration: mean lat.: 31.093ms, rate sampling interval: 120ms
  Thread calibration: mean lat.: 32.120ms, rate sampling interval: 100ms
  Thread Stats   Avg      Stdev     Max   +/- Stdev
    Latency     6.78ms   17.02ms   1.02s    97.32%
    Req/Sec     3.77k   214.59     7.03k    80.58%
  Latency Distribution (HdrHistogram - Recorded Latency)
 50.000%    4.18ms
 75.000%    7.58ms
 90.000%   12.61ms
 99.000%   41.22ms
 99.900%  228.74ms
 99.990%  716.29ms
 99.999%  976.38ms
100.000%    1.02s 

  Detailed Percentile spectrum:
       Value   Percentile   TotalCount 1/(1-Percentile)

       0.054     0.000000            2         1.00
       1.150     0.100000      3543690         1.11
       1.756     0.200000      7083923         1.25
       2.447     0.300000     10626276         1.43
       3.251     0.400000     14157236         1.67
       4.179     0.500000     17709691         2.00
       4.695     0.550000     19471206         2.22
       5.259     0.600000     21243417         2.50
       5.907     0.650000     23008977         2.86
       6.647     0.700000     24775902         3.33
       7.579     0.750000     26547458         4.00
       8.131     0.775000     27431759         4.44
       8.767     0.800000     28316552         5.00
       9.487     0.825000     29201858         5.71
      10.327     0.850000     30089413         6.67
      11.335     0.875000     30968960         8.00
      11.911     0.887500     31411757         8.89
      12.615     0.900000     31855015        10.00
      13.423     0.912500     32298162        11.43
      14.447     0.925000     32738240        13.33
      15.791     0.937500     33182619        16.00
      16.623     0.943750     33403107        17.78
      17.567     0.950000     33624541        20.00
      18.687     0.956250     33846167        22.86
      20.111     0.962500     34067400        26.67
      22.047     0.968750     34288097        32.00
      23.263     0.971875     34397373        35.56
      24.703     0.975000     34507895        40.00
      26.447     0.978125     34618554        45.71
      28.783     0.981250     34729198        53.33
      31.807     0.984375     34839807        64.00
      33.759     0.985938     34895002        71.11
      36.159     0.987500     34950260        80.00
      39.103     0.989062     35005962        91.43
      42.879     0.990625     35061161       106.67
      47.935     0.992188     35116141       128.00
      51.359     0.992969     35143890       142.22
      55.551     0.993750     35171528       160.00
      60.895     0.994531     35199193       182.86
      68.351     0.995313     35226778       213.33
      79.679     0.996094     35254507       256.00
      87.487     0.996484     35268308       284.44
      96.959     0.996875     35282061       320.00
     109.183     0.997266     35295881       365.71
     125.183     0.997656     35309690       426.67
     145.919     0.998047     35323585       512.00
     158.207     0.998242     35330496       568.89
     172.031     0.998437     35337395       640.00
     187.903     0.998633     35344266       731.43
     208.127     0.998828     35351175       853.33
     232.319     0.999023     35358101      1024.00
     247.551     0.999121     35361546      1137.78
     264.191     0.999219     35365012      1280.00
     283.647     0.999316     35368497      1462.86
     305.151     0.999414     35371921      1706.67
     335.103     0.999512     35375373      2048.00
     351.743     0.999561     35377090      2275.56
     371.711     0.999609     35378820      2560.00
     398.335     0.999658     35380545      2925.71
     434.431     0.999707     35382285      3413.33
     469.503     0.999756     35384005      4096.00
     492.799     0.999780     35384872      4551.11
     524.799     0.999805     35385730      5120.00
     564.735     0.999829     35386598      5851.43
     601.087     0.999854     35387464      6826.67
     657.919     0.999878     35388322      8192.00
     686.079     0.999890     35388758      9102.22
     724.479     0.999902     35389190     10240.00
     769.535     0.999915     35389619     11702.86
     815.103     0.999927     35390048     13653.33
     857.087     0.999939     35390483     16384.00
     871.423     0.999945     35390700     18204.44
     887.807     0.999951     35390914     20480.00
     903.167     0.999957     35391139     23405.71
     910.847     0.999963     35391348     27306.67
     920.063     0.999969     35391562     32768.00
     925.695     0.999973     35391668     36408.89
     933.375     0.999976     35391777     40960.00
     942.591     0.999979     35391887     46811.43
     951.807     0.999982     35391993     54613.33
     961.023     0.999985     35392104     65536.00
     964.607     0.999986     35392156     72817.78
     969.215     0.999988     35392211     81920.00
     973.823     0.999989     35392262     93622.86
     978.943     0.999991     35392316    109226.67
     984.575     0.999992     35392372    131072.00
     987.135     0.999993     35392401    145635.56
     989.183     0.999994     35392432    163840.00
     990.719     0.999995     35392454    187245.71
     993.279     0.999995     35392479    218453.33
     995.839     0.999996     35392506    262144.00
     997.375     0.999997     35392523    291271.11
     998.399     0.999997     35392536    327680.00
     999.935     0.999997     35392546    374491.43
    1000.959     0.999998     35392559    436906.67
    1002.495     0.999998     35392575    524288.00
    1004.031     0.999998     35392581    582542.22
    1004.543     0.999998     35392591    655360.00
    1005.055     0.999999     35392593    748982.86
    1006.591     0.999999     35392604    873813.33
    1007.615     0.999999     35392609   1048576.00
    1008.127     0.999999     35392610   1165084.44
    1008.639     0.999999     35392613   1310720.00
    1009.663     0.999999     35392619   1497965.71
    1010.175     0.999999     35392623   1747626.67
    1010.687     1.000000     35392627   2097152.00
    1010.687     1.000000     35392627   2330168.89
    1010.687     1.000000     35392627   2621440.00
    1011.711     1.000000     35392629   2995931.43
    1012.223     1.000000     35392632   3495253.33
    1012.223     1.000000     35392632   4194304.00
    1013.247     1.000000     35392633   4660337.78
    1013.759     1.000000     35392635   5242880.00
    1013.759     1.000000     35392635   5991862.86
    1013.759     1.000000     35392635   6990506.67
    1014.271     1.000000     35392636   8388608.00
    1014.783     1.000000     35392638   9320675.55
    1014.783     1.000000     35392638  10485760.00
    1014.783     1.000000     35392638  11983725.71
    1014.783     1.000000     35392638  13981013.34
    1014.783     1.000000     35392638  16777216.00
    1015.807     1.000000     35392639  18641351.10
    1015.807     1.000000     35392639  20971519.98
    1015.807     1.000000     35392639  23967451.45
    1015.807     1.000000     35392639  27962026.68
    1015.807     1.000000     35392639  33554432.00
    1016.319     1.000000     35392640  37282702.28
    1016.319     1.000000     35392640          inf
#[Mean    =        6.776, StdDeviation   =       17.016]
#[Max     =     1015.808, Total count    =     35392640]
#[Buckets =           27, SubBuckets     =         2048]
----------------------------------------------------------
  35995009 requests in 10.00m, 5.56GB read
Requests/sec:  59991.70
Transfer/sec:      9.50MB
