Running 10m test @ http://localhost:9999/math/plus?x=1&y=2
  16 threads and 400 connections
  Thread calibration: mean lat.: 21.685ms, rate sampling interval: 20ms
  Thread calibration: mean lat.: 48.748ms, rate sampling interval: 31ms
  Thread calibration: mean lat.: 54.344ms, rate sampling interval: 41ms
  Thread calibration: mean lat.: 25.559ms, rate sampling interval: 21ms
  Thread calibration: mean lat.: 2.867ms, rate sampling interval: 14ms
  Thread calibration: mean lat.: 4.410ms, rate sampling interval: 16ms
  Thread calibration: mean lat.: 4.403ms, rate sampling interval: 16ms
  Thread calibration: mean lat.: 34.877ms, rate sampling interval: 23ms
  Thread calibration: mean lat.: 47.515ms, rate sampling interval: 32ms
  Thread calibration: mean lat.: 39.517ms, rate sampling interval: 25ms
  Thread calibration: mean lat.: 26.003ms, rate sampling interval: 22ms
  Thread calibration: mean lat.: 5.355ms, rate sampling interval: 20ms
  Thread calibration: mean lat.: 21.785ms, rate sampling interval: 20ms
  Thread calibration: mean lat.: 25.899ms, rate sampling interval: 23ms
  Thread calibration: mean lat.: 21.872ms, rate sampling interval: 21ms
  Thread calibration: mean lat.: 43.650ms, rate sampling interval: 29ms
  Thread Stats   Avg      Stdev     Max   +/- Stdev
    Latency     5.00ms   12.68ms   1.01s    98.52%
    Req/Sec     3.22k   603.35    10.47k    75.24%
  Latency Distribution (HdrHistogram - Recorded Latency)
 50.000%    3.64ms
 75.000%    5.96ms
 90.000%    8.77ms
 99.000%   20.66ms
 99.900%  164.99ms
 99.990%  570.88ms
 99.999%  959.49ms
100.000%    1.01s 

  Detailed Percentile spectrum:
       Value   Percentile   TotalCount 1/(1-Percentile)

       0.059     0.000000            1         1.00
       0.993     0.100000      2951170         1.11
       1.556     0.200000      5900001         1.25
       2.169     0.300000      8854782         1.43
       2.871     0.400000     11803626         1.67
       3.643     0.500000     14747618         2.00
       4.043     0.550000     16227226         2.22
       4.467     0.600000     17703807         2.50
       4.919     0.650000     19175766         2.86
       5.415     0.700000     20655674         3.33
       5.959     0.750000     22126447         4.00
       6.267     0.775000     22864246         4.44
       6.619     0.800000     23602319         5.00
       7.031     0.825000     24335532         5.71
       7.503     0.850000     25069725         6.67
       7.987     0.875000     25807426         8.00
       8.327     0.887500     26179949         8.89
       8.767     0.900000     26546173        10.00
       9.327     0.912500     26913603        11.43
      10.007     0.925000     27285637        13.33
      10.855     0.937500     27651425        16.00
      11.359     0.943750     27835968        17.78
      11.823     0.950000     28020657        20.00
      12.351     0.956250     28205680        22.86
      13.063     0.962500     28389403        26.67
      13.919     0.968750     28573330        32.00
      14.399     0.971875     28664673        35.56
      14.967     0.975000     28757330        40.00
      15.567     0.978125     28849042        45.71
      16.175     0.981250     28941678        53.33
      17.327     0.984375     29033813        64.00
      18.079     0.985938     29079731        71.11
      18.991     0.987500     29125188        80.00
      19.951     0.989062     29171837        91.43
      21.263     0.990625     29217633       106.67
      23.039     0.992188     29263508       128.00
      24.047     0.992969     29286517       142.22
      25.791     0.993750     29309540       160.00
      28.239     0.994531     29332592       182.86
      31.951     0.995313     29355548       213.33
      39.103     0.996094     29378635       256.00
      44.607     0.996484     29390110       284.44
      52.031     0.996875     29401628       320.00
      62.143     0.997266     29413161       365.71
      75.583     0.997656     29424680       426.67
      93.567     0.998047     29436200       512.00
     103.999     0.998242     29441985       568.89
     115.903     0.998437     29447734       640.00
     129.791     0.998633     29453473       731.43
     147.071     0.998828     29459251       853.33
     167.679     0.999023     29465009      1024.00
     180.095     0.999121     29467884      1137.78
     193.023     0.999219     29470760      1280.00
     208.255     0.999316     29473628      1462.86
     227.071     0.999414     29476520      1706.67
     250.239     0.999512     29479399      2048.00
     263.167     0.999561     29480846      2275.56
     278.527     0.999609     29482269      2560.00
     295.679     0.999658     29483724      2925.71
     315.647     0.999707     29485152      3413.33
     342.527     0.999756     29486591      4096.00
     356.351     0.999780     29487324      4551.11
     373.247     0.999805     29488030      5120.00
     401.663     0.999829     29488748      5851.43
     435.199     0.999854     29489470      6826.67
     488.703     0.999878     29490191      8192.00
     542.719     0.999890     29490551      9102.22
     575.999     0.999902     29490910     10240.00
     620.543     0.999915     29491268     11702.86
     666.623     0.999927     29491629     13653.33
     720.895     0.999939     29491988     16384.00
     752.639     0.999945     29492169     18204.44
     781.823     0.999951     29492348     20480.00
     807.423     0.999957     29492532     23405.71
     837.119     0.999963     29492709     27306.67
     865.279     0.999969     29492898     32768.00
     878.079     0.999973     29492979     36408.89
     890.879     0.999976     29493068     40960.00
     905.215     0.999979     29493160     46811.43
     919.039     0.999982     29493250     54613.33
     937.983     0.999985     29493338     65536.00
     946.175     0.999986     29493384     72817.78
     952.831     0.999988     29493429     81920.00
     957.951     0.999989     29493474     93622.86
     963.583     0.999991     29493523    109226.67
     967.167     0.999992     29493566    131072.00
     971.775     0.999993     29493589    145635.56
     974.847     0.999994     29493608    163840.00
     980.991     0.999995     29493633    187245.71
     983.039     0.999995     29493654    218453.33
     987.647     0.999996     29493680    262144.00
     988.671     0.999997     29493687    291271.11
     990.207     0.999997     29493699    327680.00
     991.231     0.999997     29493710    374491.43
     995.327     0.999998     29493724    436906.67
     997.375     0.999998     29493734    524288.00
     997.887     0.999998     29493740    582542.22
     998.399     0.999998     29493749    655360.00
     998.399     0.999999     29493749    748982.86
     998.911     0.999999     29493761    873813.33
     998.911     0.999999     29493761   1048576.00
    1000.447     0.999999     29493764   1165084.44
    1001.471     0.999999     29493767   1310720.00
    1001.983     0.999999     29493772   1497965.71
    1001.983     0.999999     29493772   1747626.67
    1002.495     1.000000     29493774   2097152.00
    1004.031     1.000000     29493780   2330168.89
    1004.031     1.000000     29493780   2621440.00
    1004.031     1.000000     29493780   2995931.43
    1004.031     1.000000     29493780   3495253.33
    1004.543     1.000000     29493786   4194304.00
    1004.543     1.000000     29493786   4660337.78
    1004.543     1.000000     29493786   5242880.00
    1004.543     1.000000     29493786   5991862.86
    1004.543     1.000000     29493786   6990506.67
    1004.543     1.000000     29493786   8388608.00
    1004.543     1.000000     29493786   9320675.55
    1004.543     1.000000     29493786  10485760.00
    1004.543     1.000000     29493786  11983725.71
    1004.543     1.000000     29493786  13981013.34
    1005.055     1.000000     29493787  16777216.00
    1005.055     1.000000     29493787  18641351.10
    1005.055     1.000000     29493787  20971519.98
    1005.055     1.000000     29493787  23967451.45
    1005.055     1.000000     29493787  27962026.68
    1005.567     1.000000     29493788  33554432.00
    1005.567     1.000000     29493788          inf
#[Mean    =        4.997, StdDeviation   =       12.676]
#[Max     =     1005.056, Total count    =     29493788]
#[Buckets =           27, SubBuckets     =         2048]
----------------------------------------------------------
  29989888 requests in 10.00m, 4.64GB read
Requests/sec:  49983.06
Transfer/sec:      7.91MB
