Running 10m test @ http://localhost:9999/math/plus?x=1&y=2
  16 threads and 400 connections
  Thread calibration: mean lat.: 19.829ms, rate sampling interval: 62ms
  Thread calibration: mean lat.: 34.854ms, rate sampling interval: 109ms
  Thread calibration: mean lat.: 17.033ms, rate sampling interval: 45ms
  Thread calibration: mean lat.: 18.593ms, rate sampling interval: 53ms
  Thread calibration: mean lat.: 18.049ms, rate sampling interval: 55ms
  Thread calibration: mean lat.: 44.151ms, rate sampling interval: 160ms
  Thread calibration: mean lat.: 43.257ms, rate sampling interval: 158ms
  Thread calibration: mean lat.: 30.633ms, rate sampling interval: 99ms
  Thread calibration: mean lat.: 36.258ms, rate sampling interval: 103ms
  Thread calibration: mean lat.: 48.951ms, rate sampling interval: 203ms
  Thread calibration: mean lat.: 39.549ms, rate sampling interval: 108ms
  Thread calibration: mean lat.: 40.574ms, rate sampling interval: 135ms
  Thread calibration: mean lat.: 53.845ms, rate sampling interval: 263ms
  Thread calibration: mean lat.: 21.544ms, rate sampling interval: 57ms
  Thread calibration: mean lat.: 47.808ms, rate sampling interval: 194ms
  Thread calibration: mean lat.: 18.067ms, rate sampling interval: 47ms
  Thread Stats   Avg      Stdev     Max   +/- Stdev
    Latency     4.73ms   17.98ms   1.01s    98.70%
    Req/Sec     3.15k   221.31     7.72k    81.68%
  Latency Distribution (HdrHistogram - Recorded Latency)
 50.000%    2.74ms
 75.000%    4.91ms
 90.000%    8.15ms
 99.000%   26.91ms
 99.900%  228.86ms
 99.990%  849.41ms
 99.999%  988.16ms
100.000%    1.01s 

  Detailed Percentile spectrum:
       Value   Percentile   TotalCount 1/(1-Percentile)

       0.058     0.000000            1         1.00
       0.882     0.100000      2955561         1.11
       1.296     0.200000      5899870         1.25
       1.706     0.300000      8849199         1.43
       2.175     0.400000     11801524         1.67
       2.743     0.500000     14755248         2.00
       3.069     0.550000     16224245         2.22
       3.431     0.600000     17699651         2.50
       3.841     0.650000     19175337         2.86
       4.315     0.700000     20654168         3.33
       4.911     0.750000     22122381         4.00
       5.275     0.775000     22860717         4.44
       5.691     0.800000     23596001         5.00
       6.175     0.825000     24336090         5.71
       6.727     0.850000     25071025         6.67
       7.387     0.875000     25811048         8.00
       7.763     0.887500     26178899         8.89
       8.155     0.900000     26545995        10.00
       8.703     0.912500     26915317        11.43
       9.423     0.925000     27284091        13.33
      10.343     0.937500     27651027        16.00
      10.871     0.943750     27835435        17.78
      11.455     0.950000     28020837        20.00
      12.063     0.956250     28203500        22.86
      12.967     0.962500     28388183        26.67
      14.223     0.968750     28572387        32.00
      14.959     0.971875     28664874        35.56
      15.775     0.975000     28756676        40.00
      16.815     0.978125     28849055        45.71
      18.399     0.981250     28941243        53.33
      20.287     0.984375     29033471        64.00
      21.663     0.985938     29079070        71.11
      23.327     0.987500     29125311        80.00
      25.311     0.989062     29171209        91.43
      28.031     0.990625     29217429       106.67
      31.823     0.992188     29263503       128.00
      34.335     0.992969     29286400       142.22
      37.471     0.993750     29309475       160.00
      41.535     0.994531     29332480       182.86
      47.295     0.995313     29355528       213.33
      56.095     0.996094     29378560       256.00
      62.815     0.996484     29390118       284.44
      71.935     0.996875     29401665       320.00
      83.839     0.997266     29413124       365.71
      99.391     0.997656     29424659       426.67
     121.599     0.998047     29436163       512.00
     135.807     0.998242     29441962       568.89
     153.343     0.998437     29447707       640.00
     174.463     0.998633     29453451       731.43
     200.831     0.998828     29459214       853.33
     233.471     0.999023     29464975      1024.00
     253.055     0.999121     29467850      1137.78
     275.711     0.999219     29470744      1280.00
     303.359     0.999316     29473608      1462.86
     337.407     0.999414     29476508      1706.67
     382.463     0.999512     29479370      2048.00
     416.767     0.999561     29480818      2275.56
     460.031     0.999609     29482247      2560.00
     509.183     0.999658     29483687      2925.71
     569.855     0.999707     29485132      3413.33
     631.295     0.999756     29486567      4096.00
     665.599     0.999780     29487290      4551.11
     701.439     0.999805     29488008      5120.00
     742.911     0.999829     29488737      5851.43
     781.311     0.999854     29489447      6826.67
     817.663     0.999878     29490176      8192.00
     834.559     0.999890     29490533      9102.22
     852.479     0.999902     29490889     10240.00
     872.447     0.999915     29491251     11702.86
     890.367     0.999927     29491608     13653.33
     909.823     0.999939     29491973     16384.00
     919.551     0.999945     29492154     18204.44
     930.815     0.999951     29492330     20480.00
     939.519     0.999957     29492512     23405.71
     949.247     0.999963     29492692     27306.67
     958.975     0.999969     29492872     32768.00
     963.583     0.999973     29492971     36408.89
     967.679     0.999976     29493055     40960.00
     972.287     0.999979     29493145     46811.43
     975.871     0.999982     29493228     54613.33
     980.991     0.999985     29493321     65536.00
     983.039     0.999986     29493366     72817.78
     985.599     0.999988     29493414     81920.00
     987.647     0.999989     29493463     93622.86
     989.695     0.999991     29493500    109226.67
     991.743     0.999992     29493548    131072.00
     992.767     0.999993     29493567    145635.56
     994.303     0.999994     29493591    163840.00
     995.839     0.999995     29493620    187245.71
     996.351     0.999995     29493634    218453.33
     997.887     0.999996     29493663    262144.00
     998.399     0.999997     29493686    291271.11
     998.399     0.999997     29493686    327680.00
     998.911     0.999997     29493698    374491.43
     999.423     0.999998     29493708    436906.67
     999.935     0.999998     29493717    524288.00
     999.935     0.999998     29493717    582542.22
    1000.447     0.999998     29493722    655360.00
    1000.959     0.999999     29493732    748982.86
    1001.471     0.999999     29493737    873813.33
    1001.983     0.999999     29493744   1048576.00
    1001.983     0.999999     29493744   1165084.44
    1002.495     0.999999     29493750   1310720.00
    1002.495     0.999999     29493750   1497965.71
    1003.519     0.999999     29493753   1747626.67
    1003.519     1.000000     29493753   2097152.00
    1004.031     1.000000     29493761   2330168.89
    1004.031     1.000000     29493761   2621440.00
    1004.031     1.000000     29493761   2995931.43
    1004.031     1.000000     29493761   3495253.33
    1004.031     1.000000     29493761   4194304.00
    1004.031     1.000000     29493761   4660337.78
    1004.543     1.000000     29493765   5242880.00
    1004.543     1.000000     29493765   5991862.86
    1004.543     1.000000     29493765   6990506.67
    1004.543     1.000000     29493765   8388608.00
    1004.543     1.000000     29493765   9320675.55
    1004.543     1.000000     29493765  10485760.00
    1004.543     1.000000     29493765  11983725.71
    1004.543     1.000000     29493765  13981013.34
    1005.055     1.000000     29493766  16777216.00
    1005.055     1.000000     29493766  18641351.10
    1005.055     1.000000     29493766  20971519.98
    1005.055     1.000000     29493766  23967451.45
    1005.055     1.000000     29493766  27962026.68
    1007.103     1.000000     29493767  33554432.00
    1007.103     1.000000     29493767          inf
#[Mean    =        4.735, StdDeviation   =       17.981]
#[Max     =     1006.592, Total count    =     29493767]
#[Buckets =           27, SubBuckets     =         2048]
----------------------------------------------------------
  29996614 requests in 10.00m, 4.64GB read
Requests/sec:  49994.43
Transfer/sec:      7.91MB
