Running 10m test @ http://localhost:9999/math/plus?x=1&y=2
  16 threads and 400 connections
  Thread calibration: mean lat.: 2.165ms, rate sampling interval: 10ms
  Thread calibration: mean lat.: 31.138ms, rate sampling interval: 10ms
  Thread calibration: mean lat.: 2.123ms, rate sampling interval: 10ms
  Thread calibration: mean lat.: 2.151ms, rate sampling interval: 10ms
  Thread calibration: mean lat.: 2.223ms, rate sampling interval: 10ms
  Thread calibration: mean lat.: 19.226ms, rate sampling interval: 10ms
  Thread calibration: mean lat.: 2.313ms, rate sampling interval: 10ms
  Thread calibration: mean lat.: 2.477ms, rate sampling interval: 10ms
  Thread calibration: mean lat.: 23.152ms, rate sampling interval: 11ms
  Thread calibration: mean lat.: 14.690ms, rate sampling interval: 10ms
  Thread calibration: mean lat.: 2.283ms, rate sampling interval: 10ms
  Thread calibration: mean lat.: 14.849ms, rate sampling interval: 10ms
  Thread calibration: mean lat.: 23.323ms, rate sampling interval: 10ms
  Thread calibration: mean lat.: 22.891ms, rate sampling interval: 11ms
  Thread calibration: mean lat.: 2.179ms, rate sampling interval: 10ms
  Thread calibration: mean lat.: 14.395ms, rate sampling interval: 10ms
  Thread Stats   Avg      Stdev     Max   +/- Stdev
    Latency     2.60ms   16.64ms   1.01s    99.90%
    Req/Sec   659.42    635.73     3.22k    66.83%
  Latency Distribution (HdrHistogram - Recorded Latency)
 50.000%    1.72ms
 75.000%    2.86ms
 90.000%    4.18ms
 99.000%    8.17ms
 99.900%   18.58ms
 99.990%  873.47ms
 99.999%  980.99ms
100.000%    1.01s 

  Detailed Percentile spectrum:
       Value   Percentile   TotalCount 1/(1-Percentile)

       0.076     0.000000            1         1.00
       0.699     0.100000       591265         1.11
       0.971     0.200000      1180508         1.25
       1.208     0.300000      1770523         1.43
       1.440     0.400000      2359798         1.67
       1.723     0.500000      2950602         2.00
       1.893     0.550000      3245798         2.22
       2.087     0.600000      3540413         2.50
       2.311     0.650000      3835677         2.86
       2.565     0.700000      4129643         3.33
       2.857     0.750000      4424071         4.00
       3.023     0.775000      4572803         4.44
       3.199     0.800000      4719296         5.00
       3.393     0.825000      4867386         5.71
       3.611     0.850000      5013924         6.67
       3.869     0.875000      5161631         8.00
       4.011     0.887500      5235069         8.89
       4.175     0.900000      5310340        10.00
       4.359     0.912500      5383155        11.43
       4.579     0.925000      5456678        13.33
       4.859     0.937500      5530580        16.00
       5.027     0.943750      5567525        17.78
       5.219     0.950000      5604166        20.00
       5.447     0.956250      5640891        22.86
       5.719     0.962500      5677835        26.67
       6.047     0.968750      5714666        32.00
       6.235     0.971875      5732891        35.56
       6.447     0.975000      5751375        40.00
       6.691     0.978125      5769660        45.71
       6.967     0.981250      5788020        53.33
       7.303     0.984375      5806531        64.00
       7.503     0.985938      5815790        71.11
       7.727     0.987500      5824949        80.00
       7.991     0.989062      5834199        91.43
       8.303     0.990625      5843440       106.67
       8.695     0.992188      5852675       128.00
       8.927     0.992969      5857149       142.22
       9.223     0.993750      5861876       160.00
       9.583     0.994531      5866384       182.86
      10.031     0.995313      5870991       213.33
      10.591     0.996094      5875592       256.00
      10.927     0.996484      5877933       284.44
      11.303     0.996875      5880203       320.00
      11.783     0.997266      5882519       365.71
      12.287     0.997656      5884820       426.67
      13.079     0.998047      5887116       512.00
      13.631     0.998242      5888270       568.89
      14.335     0.998437      5889403       640.00
      15.183     0.998633      5890555       731.43
      16.399     0.998828      5891712       853.33
      18.991     0.999023      5892860      1024.00
      22.575     0.999121      5893435      1137.78
      70.911     0.999219      5894011      1280.00
     187.007     0.999316      5894587      1462.86
     302.079     0.999414      5895163      1706.67
     414.463     0.999512      5895740      2048.00
     473.599     0.999561      5896031      2275.56
     533.503     0.999609      5896322      2560.00
     589.311     0.999658      5896604      2925.71
     648.191     0.999707      5896895      3413.33
     703.999     0.999756      5897179      4096.00
     733.695     0.999780      5897327      4551.11
     762.879     0.999805      5897467      5120.00
     790.527     0.999829      5897611      5851.43
     818.175     0.999854      5897757      6826.67
     849.919     0.999878      5897899      8192.00
     863.231     0.999890      5897974      9102.22
     875.519     0.999902      5898046     10240.00
     892.927     0.999915      5898118     11702.86
     907.263     0.999927      5898189     13653.33
     921.599     0.999939      5898260     16384.00
     928.767     0.999945      5898298     18204.44
     933.887     0.999951      5898334     20480.00
     942.591     0.999957      5898368     23405.71
     949.759     0.999963      5898406     27306.67
     954.367     0.999969      5898439     32768.00
     959.999     0.999973      5898457     36408.89
     964.095     0.999976      5898478     40960.00
     967.679     0.999979      5898493     46811.43
     970.751     0.999982      5898511     54613.33
     972.799     0.999985      5898529     65536.00
     973.823     0.999986      5898538     72817.78
     975.871     0.999988      5898547     81920.00
     978.431     0.999989      5898556     93622.86
     982.527     0.999991      5898566    109226.67
     984.063     0.999992      5898577    131072.00
     985.599     0.999993      5898579    145635.56
     990.207     0.999994      5898584    163840.00
     992.255     0.999995      5898588    187245.71
     995.327     0.999995      5898592    218453.33
     996.863     0.999996      5898598    262144.00
     997.375     0.999997      5898599    291271.11
     999.423     0.999997      5898601    327680.00
    1000.959     0.999997      5898605    374491.43
    1001.471     0.999998      5898607    436906.67
    1001.983     0.999998      5898608    524288.00
    1002.495     0.999998      5898612    582542.22
    1002.495     0.999998      5898612    655360.00
    1002.495     0.999999      5898612    748982.86
    1003.519     0.999999      5898615    873813.33
    1003.519     0.999999      5898615   1048576.00
    1003.519     0.999999      5898615   1165084.44
    1003.519     0.999999      5898615   1310720.00
    1004.031     0.999999      5898616   1497965.71
    1004.031     0.999999      5898616   1747626.67
    1005.055     1.000000      5898618   2097152.00
    1005.055     1.000000      5898618   2330168.89
    1005.055     1.000000      5898618   2621440.00
    1005.055     1.000000      5898618   2995931.43
    1005.055     1.000000      5898618   3495253.33
    1005.055     1.000000      5898618   4194304.00
    1005.055     1.000000      5898618   4660337.78
    1005.055     1.000000      5898618   5242880.00
    1005.567     1.000000      5898619   5991862.86
    1005.567     1.000000      5898619          inf
#[Mean    =        2.601, StdDeviation   =       16.643]
#[Max     =     1005.056, Total count    =      5898619]
#[Buckets =           27, SubBuckets     =         2048]
----------------------------------------------------------
  5997752 requests in 10.00m, 0.93GB read
Requests/sec:   9996.26
Transfer/sec:      1.58MB
