Running 10m test @ http://localhost:9999/math/plus?x=1&y=2
  16 threads and 400 connections
  Thread calibration: mean lat.: 1.705ms, rate sampling interval: 10ms
  Thread calibration: mean lat.: 5.666ms, rate sampling interval: 10ms
  Thread calibration: mean lat.: 43.430ms, rate sampling interval: 11ms
  Thread calibration: mean lat.: 1.580ms, rate sampling interval: 10ms
  Thread calibration: mean lat.: 9.759ms, rate sampling interval: 10ms
  Thread calibration: mean lat.: 1.606ms, rate sampling interval: 10ms
  Thread calibration: mean lat.: 1.632ms, rate sampling interval: 10ms
  Thread calibration: mean lat.: 26.969ms, rate sampling interval: 10ms
  Thread calibration: mean lat.: 1.618ms, rate sampling interval: 10ms
  Thread calibration: mean lat.: 14.448ms, rate sampling interval: 10ms
  Thread calibration: mean lat.: 18.023ms, rate sampling interval: 10ms
  Thread calibration: mean lat.: 18.080ms, rate sampling interval: 10ms
  Thread calibration: mean lat.: 1.566ms, rate sampling interval: 10ms
  Thread calibration: mean lat.: 5.837ms, rate sampling interval: 10ms
  Thread calibration: mean lat.: 1.676ms, rate sampling interval: 10ms
  Thread calibration: mean lat.: 5.800ms, rate sampling interval: 10ms
  Thread Stats   Avg      Stdev     Max   +/- Stdev
    Latency     1.73ms   11.94ms   1.00s    99.87%
    Req/Sec     1.98k   527.85     9.50k    72.81%
  Latency Distribution (HdrHistogram - Recorded Latency)
 50.000%    1.17ms
 75.000%    1.84ms
 90.000%    2.97ms
 99.000%    6.10ms
 99.900%   15.88ms
 99.990%  764.41ms
 99.999%  976.90ms
100.000%    1.00s 

  Detailed Percentile spectrum:
       Value   Percentile   TotalCount 1/(1-Percentile)

       0.056     0.000000            2         1.00
       0.429     0.100000      1772929         1.11
       0.644     0.200000      3541324         1.25
       0.827     0.300000      5313776         1.43
       0.998     0.400000      7082599         1.67
       1.169     0.500000      8857177         2.00
       1.267     0.550000      9741195         2.22
       1.379     0.600000     10623613         2.50
       1.506     0.650000     11504752         2.86
       1.656     0.700000     12390700         3.33
       1.839     0.750000     13272398         4.00
       1.952     0.775000     13716931         4.44
       2.083     0.800000     14159449         5.00
       2.239     0.825000     14599354         5.71
       2.427     0.850000     15041859         6.67
       2.663     0.875000     15487134         8.00
       2.803     0.887500     15706393         8.89
       2.969     0.900000     15928325        10.00
       3.165     0.912500     16149477        11.43
       3.403     0.925000     16369249        13.33
       3.701     0.937500     16590785        16.00
       3.873     0.943750     16701476        17.78
       4.057     0.950000     16811498        20.00
       4.263     0.956250     16922193        22.86
       4.495     0.962500     17032637        26.67
       4.767     0.968750     17143851        32.00
       4.919     0.971875     17199598        35.56
       5.079     0.975000     17254719        40.00
       5.235     0.978125     17309111        45.71
       5.407     0.981250     17365044        53.33
       5.603     0.984375     17420373        64.00
       5.715     0.985938     17447949        71.11
       5.839     0.987500     17475099        80.00
       5.991     0.989062     17502970        91.43
       6.179     0.990625     17530554       106.67
       6.435     0.992188     17558066       128.00
       6.603     0.992969     17571791       142.22
       6.823     0.993750     17585589       160.00
       7.135     0.994531     17599505       182.86
       7.611     0.995313     17613258       213.33
       8.335     0.996094     17627144       256.00
       8.815     0.996484     17634041       284.44
       9.391     0.996875     17640943       320.00
      10.127     0.997266     17647787       365.71
      10.935     0.997656     17654708       426.67
      11.815     0.998047     17661664       512.00
      12.215     0.998242     17665116       568.89
      12.719     0.998437     17668558       640.00
      13.439     0.998633     17671990       731.43
      14.559     0.998828     17675452       853.33
      16.071     0.999023     17678888      1024.00
      16.991     0.999121     17680641      1137.78
      18.191     0.999219     17682349      1280.00
      19.823     0.999316     17684086      1462.86
      22.127     0.999414     17685810      1706.67
      25.967     0.999512     17687530      2048.00
      31.615     0.999561     17688393      2275.56
      78.399     0.999609     17689257      2560.00
     195.071     0.999658     17690122      2925.71
     309.503     0.999707     17690985      3413.33
     423.423     0.999756     17691849      4096.00
     483.071     0.999780     17692281      4551.11
     540.159     0.999805     17692713      5120.00
     596.991     0.999829     17693152      5851.43
     655.871     0.999854     17693581      6826.67
     711.679     0.999878     17694009      8192.00
     741.887     0.999890     17694225      9102.22
     770.047     0.999902     17694455     10240.00
     798.207     0.999915     17694658     11702.86
     828.927     0.999927     17694876     13653.33
     856.575     0.999939     17695098     16384.00
     870.911     0.999945     17695199     18204.44
     884.735     0.999951     17695308     20480.00
     899.583     0.999957     17695413     23405.71
     914.943     0.999963     17695525     27306.67
     929.279     0.999969     17695633     32768.00
     936.447     0.999973     17695683     36408.89
     942.591     0.999976     17695739     40960.00
     950.783     0.999979     17695796     46811.43
     956.927     0.999982     17695848     54613.33
     965.119     0.999985     17695903     65536.00
     968.703     0.999986     17695926     72817.78
     970.751     0.999988     17695955     81920.00
     976.383     0.999989     17695980     93622.86
     978.943     0.999991     17696010    109226.67
     983.039     0.999992     17696036    131072.00
     983.551     0.999993     17696052    145635.56
     987.135     0.999994     17696063    163840.00
     989.183     0.999995     17696078    187245.71
     989.695     0.999995     17696088    218453.33
     990.719     0.999996     17696102    262144.00
     992.255     0.999997     17696111    291271.11
     993.279     0.999997     17696117    327680.00
     994.815     0.999997     17696123    374491.43
     995.839     0.999998     17696131    436906.67
     996.351     0.999998     17696137    524288.00
     996.863     0.999998     17696143    582542.22
     996.863     0.999998     17696143    655360.00
     998.399     0.999999     17696147    748982.86
    1000.447     0.999999     17696151    873813.33
    1001.471     0.999999     17696153   1048576.00
    1001.983     0.999999     17696156   1165084.44
    1001.983     0.999999     17696156   1310720.00
    1002.495     0.999999     17696161   1497965.71
    1002.495     0.999999     17696161   1747626.67
    1002.495     1.000000     17696161   2097152.00
    1003.007     1.000000     17696165   2330168.89
    1003.007     1.000000     17696165   2621440.00
    1003.007     1.000000     17696165   2995931.43
    1003.007     1.000000     17696165   3495253.33
    1003.007     1.000000     17696165   4194304.00
    1003.519     1.000000     17696166   4660337.78
    1003.519     1.000000     17696166   5242880.00
    1004.031     1.000000     17696169   5991862.86
    1004.031     1.000000     17696169          inf
#[Mean    =        1.730, StdDeviation   =       11.944]
#[Max     =     1003.520, Total count    =     17696169]
#[Buckets =           27, SubBuckets     =         2048]
----------------------------------------------------------
  17998126 requests in 10.00m, 2.78GB read
Requests/sec:  29996.90
Transfer/sec:      4.75MB
