Running 10m test @ http://localhost:9999/math/plus?x=1&y=2
  16 threads and 400 connections
  Thread calibration: mean lat.: 5.127ms, rate sampling interval: 32ms
  Thread calibration: mean lat.: 6.144ms, rate sampling interval: 38ms
  Thread calibration: mean lat.: 5.349ms, rate sampling interval: 33ms
  Thread calibration: mean lat.: 5.148ms, rate sampling interval: 32ms
  Thread calibration: mean lat.: 5.155ms, rate sampling interval: 30ms
  Thread calibration: mean lat.: 5.719ms, rate sampling interval: 34ms
  Thread calibration: mean lat.: 5.177ms, rate sampling interval: 31ms
  Thread calibration: mean lat.: 5.186ms, rate sampling interval: 32ms
  Thread calibration: mean lat.: 5.223ms, rate sampling interval: 32ms
  Thread calibration: mean lat.: 5.704ms, rate sampling interval: 35ms
  Thread calibration: mean lat.: 5.912ms, rate sampling interval: 34ms
  Thread calibration: mean lat.: 5.309ms, rate sampling interval: 33ms
  Thread calibration: mean lat.: 5.137ms, rate sampling interval: 32ms
  Thread calibration: mean lat.: 5.316ms, rate sampling interval: 34ms
  Thread calibration: mean lat.: 5.337ms, rate sampling interval: 33ms
  Thread calibration: mean lat.: 5.191ms, rate sampling interval: 32ms
  Thread Stats   Avg      Stdev     Max   +/- Stdev
    Latency     4.15ms    7.56ms  91.65ms   89.83%
    Req/Sec     1.91k   407.99     6.90k    79.57%
  Latency Distribution (HdrHistogram - Recorded Latency)
 50.000%    1.39ms
 75.000%    2.82ms
 90.000%   11.96ms
 99.000%   37.98ms
 99.900%   53.82ms
 99.990%   65.86ms
 99.999%   76.61ms
100.000%   91.71ms

  Detailed Percentile spectrum:
       Value   Percentile   TotalCount 1/(1-Percentile)

       0.072     0.000000            1         1.00
       0.521     0.100000      1773941         1.11
       0.764     0.200000      3546510         1.25
       0.970     0.300000      5312804         1.43
       1.168     0.400000      7083477         1.67
       1.394     0.500000      8850254         2.00
       1.536     0.550000      9733117         2.22
       1.712     0.600000     10619076         2.50
       1.944     0.650000     11502503         2.86
       2.287     0.700000     12389986         3.33
       2.821     0.750000     13274217         4.00
       3.231     0.775000     13714512         4.44
       3.863     0.800000     14157575         5.00
       4.899     0.825000     14600578         5.71
       6.355     0.850000     15041870         6.67
       8.647     0.875000     15484808         8.00
      10.223     0.887500     15706082         8.89
      11.959     0.900000     15927017        10.00
      13.959     0.912500     16148355        11.43
      16.215     0.925000     16369045        13.33
      18.735     0.937500     16590653        16.00
      20.111     0.943750     16701209        17.78
      21.599     0.950000     16812116        20.00
      23.199     0.956250     16922865        22.86
      24.975     0.962500     17032901        26.67
      27.023     0.968750     17143714        32.00
      28.175     0.971875     17198540        35.56
      29.455     0.975000     17254164        40.00
      30.831     0.978125     17309085        45.71
      32.367     0.981250     17364435        53.33
      34.111     0.984375     17420221        64.00
      35.071     0.985938     17447953        71.11
      36.095     0.987500     17475518        80.00
      37.215     0.989062     17502609        91.43
      38.527     0.990625     17530657       106.67
      39.999     0.992188     17558096       128.00
      40.863     0.992969     17572028       142.22
      41.791     0.993750     17585937       160.00
      42.783     0.994531     17599405       182.86
      43.935     0.995313     17613217       213.33
      45.279     0.996094     17627160       256.00
      46.015     0.996484     17633991       284.44
      46.815     0.996875     17640931       320.00
      47.711     0.997266     17647870       365.71
      48.703     0.997656     17654681       426.67
      49.855     0.998047     17661583       512.00
      50.495     0.998242     17665062       568.89
      51.231     0.998437     17668597       640.00
      51.999     0.998633     17671949       731.43
      52.895     0.998828     17675417       853.33
      53.951     0.999023     17678853      1024.00
      54.559     0.999121     17680605      1137.78
      55.231     0.999219     17682319      1280.00
      55.967     0.999316     17684028      1462.86
      56.831     0.999414     17685766      1706.67
      57.823     0.999512     17687474      2048.00
      58.399     0.999561     17688349      2275.56
      58.975     0.999609     17689204      2560.00
      59.711     0.999658     17690068      2925.71
      60.479     0.999707     17690917      3413.33
      61.407     0.999756     17691794      4096.00
      61.919     0.999780     17692217      4551.11
      62.495     0.999805     17692646      5120.00
      63.199     0.999829     17693088      5851.43
      63.935     0.999854     17693518      6826.67
      64.831     0.999878     17693947      8192.00
      65.375     0.999890     17694163      9102.22
      65.983     0.999902     17694379     10240.00
      66.559     0.999915     17694587     11702.86
      67.391     0.999927     17694802     13653.33
      68.287     0.999939     17695020     16384.00
      68.863     0.999945     17695131     18204.44
      69.503     0.999951     17695238     20480.00
      70.207     0.999957     17695342     23405.71
      70.975     0.999963     17695452     27306.67
      71.871     0.999969     17695562     32768.00
      72.383     0.999973     17695618     36408.89
      73.023     0.999976     17695667     40960.00
      73.535     0.999979     17695723     46811.43
      74.239     0.999982     17695776     54613.33
      75.071     0.999985     17695831     65536.00
      75.455     0.999986     17695857     72817.78
      75.775     0.999988     17695883     81920.00
      76.351     0.999989     17695910     93622.86
      76.863     0.999991     17695938    109226.67
      77.695     0.999992     17695963    131072.00
      78.143     0.999993     17695978    145635.56
      78.527     0.999994     17695990    163840.00
      79.295     0.999995     17696006    187245.71
      79.871     0.999995     17696017    218453.33
      80.575     0.999996     17696031    262144.00
      81.087     0.999997     17696038    291271.11
      81.215     0.999997     17696044    327680.00
      81.535     0.999997     17696051    374491.43
      82.367     0.999998     17696060    436906.67
      83.199     0.999998     17696065    524288.00
      83.519     0.999998     17696068    582542.22
      84.095     0.999998     17696072    655360.00
      84.543     0.999999     17696075    748982.86
      85.183     0.999999     17696078    873813.33
      85.887     0.999999     17696082   1048576.00
      86.207     0.999999     17696083   1165084.44
      86.463     0.999999     17696085   1310720.00
      86.591     0.999999     17696087   1497965.71
      86.655     0.999999     17696088   1747626.67
      87.039     1.000000     17696090   2097152.00
      87.743     1.000000     17696091   2330168.89
      87.935     1.000000     17696092   2621440.00
      88.383     1.000000     17696093   2995931.43
      88.383     1.000000     17696093   3495253.33
      88.447     1.000000     17696094   4194304.00
      90.047     1.000000     17696095   4660337.78
      90.047     1.000000     17696095   5242880.00
      90.111     1.000000     17696096   5991862.86
      90.111     1.000000     17696096   6990506.67
      90.111     1.000000     17696096   8388608.00
      91.519     1.000000     17696097   9320675.55
      91.519     1.000000     17696097  10485760.00
      91.519     1.000000     17696097  11983725.71
      91.519     1.000000     17696097  13981013.34
      91.519     1.000000     17696097  16777216.00
      91.711     1.000000     17696098  18641351.10
      91.711     1.000000     17696098          inf
#[Mean    =        4.149, StdDeviation   =        7.561]
#[Max     =       91.648, Total count    =     17696098]
#[Buckets =           27, SubBuckets     =         2048]
----------------------------------------------------------
  17990963 requests in 10.00m, 2.78GB read
Requests/sec:  29984.72
Transfer/sec:      4.75MB
