Running 10m test @ http://localhost:9999/math/plus?x=1&y=2
  16 threads and 400 connections
  Thread calibration: mean lat.: 3.186ms, rate sampling interval: 11ms
  Thread calibration: mean lat.: 11.986ms, rate sampling interval: 15ms
  Thread calibration: mean lat.: 3.061ms, rate sampling interval: 13ms
  Thread calibration: mean lat.: 11.807ms, rate sampling interval: 16ms
  Thread calibration: mean lat.: 33.430ms, rate sampling interval: 18ms
  Thread calibration: mean lat.: 37.407ms, rate sampling interval: 17ms
  Thread calibration: mean lat.: 81.146ms, rate sampling interval: 689ms
  Thread calibration: mean lat.: 37.490ms, rate sampling interval: 19ms
  Thread calibration: mean lat.: 6.936ms, rate sampling interval: 11ms
  Thread calibration: mean lat.: 50.083ms, rate sampling interval: 22ms
  Thread calibration: mean lat.: 11.279ms, rate sampling interval: 13ms
  Thread calibration: mean lat.: 72.973ms, rate sampling interval: 504ms
  Thread calibration: mean lat.: 6.886ms, rate sampling interval: 12ms
  Thread calibration: mean lat.: 3.223ms, rate sampling interval: 15ms
  Thread calibration: mean lat.: 76.635ms, rate sampling interval: 607ms
  Thread calibration: mean lat.: 60.187ms, rate sampling interval: 146ms
  Thread Stats   Avg      Stdev     Max   +/- Stdev
    Latency     3.62ms   12.13ms   1.01s    99.87%
    Req/Sec   652.25    505.57     2.79k    66.51%
  Latency Distribution (HdrHistogram - Recorded Latency)
 50.000%    2.58ms
 75.000%    4.80ms
 90.000%    7.47ms
 99.000%   11.60ms
 99.900%   16.48ms
 99.990%  765.95ms
 99.999%  974.34ms
100.000%    1.01s 

  Detailed Percentile spectrum:
       Value   Percentile   TotalCount 1/(1-Percentile)

       0.073     0.000000            2         1.00
       0.817     0.100000       590627         1.11
       1.170     0.200000      1180965         1.25
       1.512     0.300000      1770278         1.43
       1.978     0.400000      2360340         1.67
       2.583     0.500000      2949996         2.00
       2.923     0.550000      3244551         2.22
       3.289     0.600000      3539806         2.50
       3.705     0.650000      3835151         2.86
       4.203     0.700000      4130768         3.33
       4.799     0.750000      4424998         4.00
       5.139     0.775000      4572032         4.44
       5.515     0.800000      4720221         5.00
       5.927     0.825000      4867101         5.71
       6.379     0.850000      5013878         6.67
       6.891     0.875000      5161783         8.00
       7.171     0.887500      5235631         8.89
       7.467     0.900000      5309093        10.00
       7.775     0.912500      5383046        11.43
       8.103     0.925000      5456658        13.33
       8.471     0.937500      5531100        16.00
       8.671     0.943750      5568201        17.78
       8.887     0.950000      5604854        20.00
       9.119     0.956250      5641014        22.86
       9.383     0.962500      5678252        26.67
       9.679     0.968750      5714942        32.00
       9.847     0.971875      5733032        35.56
      10.039     0.975000      5751435        40.00
      10.263     0.978125      5770162        45.71
      10.511     0.981250      5788365        53.33
      10.807     0.984375      5806678        64.00
      10.983     0.985938      5815924        71.11
      11.191     0.987500      5825112        80.00
      11.431     0.989062      5834206        91.43
      11.719     0.990625      5843386       106.67
      12.079     0.992188      5852623       128.00
      12.295     0.992969      5857188       142.22
      12.543     0.993750      5861837       160.00
      12.831     0.994531      5866376       182.86
      13.167     0.995313      5870980       213.33
      13.551     0.996094      5875567       256.00
      13.767     0.996484      5877889       284.44
      14.007     0.996875      5880185       320.00
      14.271     0.997266      5882509       365.71
      14.551     0.997656      5884783       426.67
      14.911     0.998047      5887062       512.00
      15.127     0.998242      5888213       568.89
      15.391     0.998437      5889378       640.00
      15.695     0.998633      5890525       731.43
      16.063     0.998828      5891672       853.33
      16.559     0.999023      5892837      1024.00
      16.911     0.999121      5893411      1137.78
      17.439     0.999219      5893983      1280.00
      18.095     0.999316      5894549      1462.86
      18.895     0.999414      5895131      1706.67
      20.287     0.999512      5895700      2048.00
      22.415     0.999561      5895988      2275.56
      82.623     0.999609      5896275      2560.00
     191.871     0.999658      5896564      2925.71
     307.711     0.999707      5896852      3413.33
     423.935     0.999756      5897141      4096.00
     483.583     0.999780      5897283      4551.11
     540.159     0.999805      5897427      5120.00
     596.991     0.999829      5897572      5851.43
     653.311     0.999854      5897717      6826.67
     712.191     0.999878      5897860      8192.00
     741.375     0.999890      5897931      9102.22
     771.583     0.999902      5898005     10240.00
     799.743     0.999915      5898075     11702.86
     829.439     0.999927      5898148     13653.33
     854.527     0.999939      5898220     16384.00
     871.423     0.999945      5898257     18204.44
     886.783     0.999951      5898293     20480.00
     897.535     0.999957      5898327     23405.71
     911.871     0.999963      5898364     27306.67
     927.743     0.999969      5898399     32768.00
     932.863     0.999973      5898418     36408.89
     943.103     0.999976      5898440     40960.00
     951.807     0.999979      5898459     46811.43
     956.415     0.999982      5898471     54613.33
     966.655     0.999985      5898492     65536.00
     967.679     0.999986      5898498     72817.78
     970.751     0.999988      5898509     81920.00
     972.287     0.999989      5898517     93622.86
     976.895     0.999991      5898527    109226.67
     983.039     0.999992      5898537    131072.00
     983.551     0.999993      5898541    145635.56
     984.575     0.999994      5898543    163840.00
     989.695     0.999995      5898551    187245.71
     992.255     0.999995      5898552    218453.33
     994.815     0.999996      5898557    262144.00
     996.351     0.999997      5898563    291271.11
     996.351     0.999997      5898563    327680.00
     999.935     0.999997      5898566    374491.43
     999.935     0.999998      5898566    436906.67
    1002.495     0.999998      5898568    524288.00
    1003.007     0.999998      5898569    582542.22
    1004.543     0.999998      5898572    655360.00
    1004.543     0.999999      5898572    748982.86
    1005.055     0.999999      5898575    873813.33
    1005.055     0.999999      5898575   1048576.00
    1005.055     0.999999      5898575   1165084.44
    1005.055     0.999999      5898575   1310720.00
    1006.079     0.999999      5898576   1497965.71
    1006.079     0.999999      5898576   1747626.67
    1008.639     1.000000      5898577   2097152.00
    1008.639     1.000000      5898577   2330168.89
    1008.639     1.000000      5898577   2621440.00
    1009.151     1.000000      5898579   2995931.43
    1009.151     1.000000      5898579          inf
#[Mean    =        3.623, StdDeviation   =       12.130]
#[Max     =     1008.640, Total count    =      5898579]
#[Buckets =           27, SubBuckets     =         2048]
----------------------------------------------------------
  5998790 requests in 10.00m, 0.93GB read
Requests/sec:   9998.03
Transfer/sec:      1.58MB
