Running 10m test @ http://localhost:9999/math/plus?x=1&y=2
  16 threads and 400 connections
  Thread calibration: mean lat.: 2.097ms, rate sampling interval: 10ms
  Thread calibration: mean lat.: 1.791ms, rate sampling interval: 10ms
  Thread calibration: mean lat.: 1.771ms, rate sampling interval: 10ms
  Thread calibration: mean lat.: 1.874ms, rate sampling interval: 10ms
  Thread calibration: mean lat.: 1.653ms, rate sampling interval: 10ms
  Thread calibration: mean lat.: 1.702ms, rate sampling interval: 10ms
  Thread calibration: mean lat.: 6.061ms, rate sampling interval: 10ms
  Thread calibration: mean lat.: 1.635ms, rate sampling interval: 10ms
  Thread calibration: mean lat.: 1.717ms, rate sampling interval: 10ms
  Thread calibration: mean lat.: 1.660ms, rate sampling interval: 10ms
  Thread calibration: mean lat.: 27.815ms, rate sampling interval: 10ms
  Thread calibration: mean lat.: 5.959ms, rate sampling interval: 10ms
  Thread calibration: mean lat.: 1.659ms, rate sampling interval: 10ms
  Thread calibration: mean lat.: 23.030ms, rate sampling interval: 10ms
  Thread calibration: mean lat.: 1.671ms, rate sampling interval: 10ms
  Thread calibration: mean lat.: 23.071ms, rate sampling interval: 10ms
  Thread Stats   Avg      Stdev     Max   +/- Stdev
    Latency     1.85ms   11.90ms   1.00s    99.94%
    Req/Sec   659.86    637.20     3.11k    66.57%
  Latency Distribution (HdrHistogram - Recorded Latency)
 50.000%    1.40ms
 75.000%    2.03ms
 90.000%    2.90ms
 99.000%    5.50ms
 99.900%   11.79ms
 99.990%  762.88ms
 99.999%  975.36ms
100.000%    1.00s 

  Detailed Percentile spectrum:
       Value   Percentile   TotalCount 1/(1-Percentile)

       0.073     0.000000            1         1.00
       0.612     0.100000       590689         1.11
       0.846     0.200000      1180345         1.25
       1.042     0.300000      1772244         1.43
       1.218     0.400000      2361113         1.67
       1.396     0.500000      2949373         2.00
       1.496     0.550000      3244661         2.22
       1.605     0.600000      3540287         2.50
       1.727     0.650000      3835344         2.86
       1.866     0.700000      4129381         3.33
       2.030     0.750000      4425007         4.00
       2.127     0.775000      4574023         4.44
       2.235     0.800000      4721001         5.00
       2.359     0.825000      4867017         5.71
       2.507     0.850000      5015025         6.67
       2.683     0.875000      5161771         8.00
       2.787     0.887500      5235967         8.89
       2.903     0.900000      5309744        10.00
       3.035     0.912500      5382466        11.43
       3.195     0.925000      5456547        13.33
       3.389     0.937500      5530372        16.00
       3.503     0.943750      5566827        17.78
       3.633     0.950000      5604033        20.00
       3.787     0.956250      5640632        22.86
       3.967     0.962500      5677672        26.67
       4.179     0.968750      5714365        32.00
       4.303     0.971875      5732953        35.56
       4.443     0.975000      5751412        40.00
       4.599     0.978125      5769880        45.71
       4.775     0.981250      5788116        53.33
       4.983     0.984375      5806521        64.00
       5.103     0.985938      5815598        71.11
       5.243     0.987500      5825017        80.00
       5.395     0.989062      5834190        91.43
       5.583     0.990625      5843357       106.67
       5.827     0.992188      5852534       128.00
       5.983     0.992969      5857110       142.22
       6.171     0.993750      5861718       160.00
       6.415     0.994531      5866347       182.86
       6.695     0.995313      5870948       213.33
       7.043     0.996094      5875507       256.00
       7.291     0.996484      5877837       284.44
       7.539     0.996875      5880118       320.00
       7.863     0.997266      5882419       365.71
       8.239     0.997656      5884747       426.67
       8.719     0.998047      5887039       512.00
       9.095     0.998242      5888190       568.89
       9.623     0.998437      5889345       640.00
      10.423     0.998633      5890485       731.43
      11.111     0.998828      5891640       853.33
      11.871     0.999023      5892787      1024.00
      12.239     0.999121      5893366      1137.78
      12.639     0.999219      5893939      1280.00
      13.223     0.999316      5894521      1462.86
      14.463     0.999414      5895090      1706.67
      15.903     0.999512      5895667      2048.00
      17.519     0.999561      5895954      2275.56
      78.655     0.999609      5896242      2560.00
     193.023     0.999658      5896530      2925.71
     309.503     0.999707      5896818      3413.33
     423.679     0.999756      5897107      4096.00
     482.303     0.999780      5897250      4551.11
     537.599     0.999805      5897394      5120.00
     594.943     0.999829      5897538      5851.43
     652.799     0.999854      5897682      6826.67
     711.679     0.999878      5897827      8192.00
     741.887     0.999890      5897899      9102.22
     768.511     0.999902      5897970     10240.00
     797.183     0.999915      5898043     11702.86
     827.903     0.999927      5898115     13653.33
     854.527     0.999939      5898186     16384.00
     869.887     0.999945      5898222     18204.44
     884.735     0.999951      5898260     20480.00
     898.047     0.999957      5898294     23405.71
     913.407     0.999963      5898332     27306.67
     927.231     0.999969      5898367     32768.00
     934.399     0.999973      5898384     36408.89
     942.079     0.999976      5898402     40960.00
     950.271     0.999979      5898423     46811.43
     957.951     0.999982      5898440     54613.33
     964.607     0.999985      5898457     65536.00
     967.167     0.999986      5898466     72817.78
     970.751     0.999988      5898474     81920.00
     973.823     0.999989      5898483     93622.86
     976.895     0.999991      5898493    109226.67
     982.527     0.999992      5898503    131072.00
     983.039     0.999993      5898506    145635.56
     985.599     0.999994      5898510    163840.00
     989.183     0.999995      5898517    187245.71
     991.231     0.999995      5898519    218453.33
     993.791     0.999996      5898524    262144.00
     994.815     0.999997      5898526    291271.11
     995.839     0.999997      5898531    327680.00
     995.839     0.999997      5898531    374491.43
     996.863     0.999998      5898533    436906.67
     998.399     0.999998      5898535    524288.00
     998.911     0.999998      5898536    582542.22
    1001.471     0.999998      5898537    655360.00
    1003.519     0.999999      5898541    748982.86
    1003.519     0.999999      5898541    873813.33
    1003.519     0.999999      5898541   1048576.00
    1003.519     0.999999      5898541   1165084.44
    1004.031     0.999999      5898545   1310720.00
    1004.031     0.999999      5898545   1497965.71
    1004.031     0.999999      5898545   1747626.67
    1004.031     1.000000      5898545   2097152.00
    1004.031     1.000000      5898545   2330168.89
    1004.031     1.000000      5898545   2621440.00
    1004.031     1.000000      5898545   2995931.43
    1004.031     1.000000      5898545   3495253.33
    1004.031     1.000000      5898545   4194304.00
    1004.031     1.000000      5898545   4660337.78
    1004.031     1.000000      5898545   5242880.00
    1004.543     1.000000      5898546   5991862.86
    1004.543     1.000000      5898546          inf
#[Mean    =        1.851, StdDeviation   =       11.899]
#[Max     =     1004.032, Total count    =      5898546]
#[Buckets =           27, SubBuckets     =         2048]
----------------------------------------------------------
  5997067 requests in 10.00m, 0.93GB read
Requests/sec:   9995.01
Transfer/sec:      1.58MB
