Running 10m test @ http://localhost:9999/math/plus?x=1&y=2
  16 threads and 400 connections
  Thread calibration: mean lat.: 2.174ms, rate sampling interval: 10ms
  Thread calibration: mean lat.: 2.488ms, rate sampling interval: 10ms
  Thread calibration: mean lat.: 2.349ms, rate sampling interval: 10ms
  Thread calibration: mean lat.: 2.088ms, rate sampling interval: 10ms
  Thread calibration: mean lat.: 2.291ms, rate sampling interval: 10ms
  Thread calibration: mean lat.: 2.348ms, rate sampling interval: 10ms
  Thread calibration: mean lat.: 2.374ms, rate sampling interval: 10ms
  Thread calibration: mean lat.: 2.354ms, rate sampling interval: 10ms
  Thread calibration: mean lat.: 2.239ms, rate sampling interval: 10ms
  Thread calibration: mean lat.: 2.115ms, rate sampling interval: 10ms
  Thread calibration: mean lat.: 2.315ms, rate sampling interval: 10ms
  Thread calibration: mean lat.: 2.489ms, rate sampling interval: 10ms
  Thread calibration: mean lat.: 2.185ms, rate sampling interval: 10ms
  Thread calibration: mean lat.: 2.167ms, rate sampling interval: 10ms
  Thread calibration: mean lat.: 2.393ms, rate sampling interval: 10ms
  Thread calibration: mean lat.: 2.402ms, rate sampling interval: 10ms
  Thread Stats   Avg      Stdev     Max   +/- Stdev
    Latency     1.80ms   12.30ms   1.00s    98.24%
    Req/Sec     1.98k   401.47    13.56k    78.40%
  Latency Distribution (HdrHistogram - Recorded Latency)
 50.000%    1.00ms
 75.000%    1.37ms
 90.000%    1.87ms
 99.000%   20.01ms
 99.900%   40.64ms
 99.990%  763.90ms
 99.999%  975.87ms
100.000%    1.00s 

  Detailed Percentile spectrum:
       Value   Percentile   TotalCount 1/(1-Percentile)

       0.065     0.000000            1         1.00
       0.388     0.100000      1774988         1.11
       0.569     0.200000      3549582         1.25
       0.723     0.300000      5317420         1.43
       0.864     0.400000      7079382         1.67
       0.999     0.500000      8850252         2.00
       1.066     0.550000      9744772         2.22
       1.132     0.600000     10621547         2.50
       1.202     0.650000     11503047         2.86
       1.279     0.700000     12391355         3.33
       1.369     0.750000     13272938         4.00
       1.422     0.775000     13717870         4.44
       1.482     0.800000     14163699         5.00
       1.550     0.825000     14602116         5.71
       1.631     0.850000     15045148         6.67
       1.731     0.875000     15485064         8.00
       1.794     0.887500     15706959         8.89
       1.871     0.900000     15926806        10.00
       1.974     0.912500     16148514        11.43
       2.137     0.925000     16371098        13.33
       2.457     0.937500     16590653        16.00
       2.747     0.943750     16701182        17.78
       3.243     0.950000     16811537        20.00
       4.123     0.956250     16922125        22.86
       5.439     0.962500     17032808        26.67
       7.495     0.968750     17143349        32.00
       8.759     0.971875     17198654        35.56
      10.135     0.975000     17253928        40.00
      11.687     0.978125     17309282        45.71
      13.415     0.981250     17364523        53.33
      15.431     0.984375     17419772        64.00
      16.559     0.985938     17447664        71.11
      17.775     0.987500     17475070        80.00
      19.135     0.989062     17502837        91.43
      20.655     0.990625     17530606       106.67
      22.383     0.992188     17558172       128.00
      23.343     0.992969     17571921       142.22
      24.415     0.993750     17585664       160.00
      25.647     0.994531     17599576       182.86
      27.023     0.995313     17613429       213.33
      28.639     0.996094     17627243       256.00
      29.567     0.996484     17634085       284.44
      30.591     0.996875     17641005       320.00
      31.759     0.997266     17647930       365.71
      33.055     0.997656     17654779       426.67
      34.623     0.998047     17661789       512.00
      35.519     0.998242     17665168       568.89
      36.511     0.998437     17668613       640.00
      37.663     0.998633     17672065       731.43
      39.071     0.998828     17675515       853.33
      40.863     0.999023     17678981      1024.00
      41.983     0.999121     17680736      1137.78
      43.359     0.999219     17682435      1280.00
      44.927     0.999316     17684150      1462.86
      47.231     0.999414     17685883      1706.67
      51.199     0.999512     17687609      2048.00
      55.327     0.999561     17688467      2275.56
      87.423     0.999609     17689332      2560.00
     193.791     0.999658     17690195      2925.71
     308.735     0.999707     17691061      3413.33
     423.167     0.999756     17691923      4096.00
     481.791     0.999780     17692360      4551.11
     538.623     0.999805     17692787      5120.00
     595.967     0.999829     17693221      5851.43
     654.847     0.999854     17693661      6826.67
     711.167     0.999878     17694083      8192.00
     740.863     0.999890     17694299      9102.22
     769.535     0.999902     17694518     10240.00
     797.183     0.999915     17694731     11702.86
     827.903     0.999927     17694956     13653.33
     855.551     0.999939     17695166     16384.00
     868.863     0.999945     17695271     18204.44
     884.735     0.999951     17695382     20480.00
     898.559     0.999957     17695487     23405.71
     913.919     0.999963     17695598     27306.67
     928.255     0.999969     17695708     32768.00
     934.911     0.999973     17695757     36408.89
     941.567     0.999976     17695812     40960.00
     948.223     0.999979     17695865     46811.43
     955.903     0.999982     17695920     54613.33
     963.071     0.999985     17695973     65536.00
     967.679     0.999986     17696000     72817.78
     970.751     0.999988     17696029     81920.00
     974.847     0.999989     17696059     93622.86
     977.407     0.999991     17696082    109226.67
     981.503     0.999992     17696111    131072.00
     983.039     0.999993     17696122    145635.56
     985.087     0.999994     17696136    163840.00
     987.647     0.999995     17696154    187245.71
     988.671     0.999995     17696167    218453.33
     990.207     0.999996     17696181    262144.00
     990.719     0.999997     17696185    291271.11
     992.767     0.999997     17696192    327680.00
     993.791     0.999997     17696200    374491.43
     994.815     0.999998     17696210    436906.67
     994.815     0.999998     17696210    524288.00
     995.327     0.999998     17696217    582542.22
     995.327     0.999998     17696217    655360.00
     995.839     0.999999     17696220    748982.86
     997.375     0.999999     17696223    873813.33
     999.423     0.999999     17696228   1048576.00
     999.423     0.999999     17696228   1165084.44
    1000.447     0.999999     17696230   1310720.00
    1000.959     0.999999     17696233   1497965.71
    1000.959     0.999999     17696233   1747626.67
    1001.471     1.000000     17696242   2097152.00
    1001.471     1.000000     17696242   2330168.89
    1001.471     1.000000     17696242   2621440.00
    1001.471     1.000000     17696242   2995931.43
    1001.471     1.000000     17696242   3495253.33
    1001.471     1.000000     17696242   4194304.00
    1001.471     1.000000     17696242   4660337.78
    1001.471     1.000000     17696242   5242880.00
    1001.471     1.000000     17696242   5991862.86
    1001.471     1.000000     17696242   6990506.67
    1001.471     1.000000     17696242   8388608.00
    1001.471     1.000000     17696242   9320675.55
    1001.471     1.000000     17696242  10485760.00
    1001.471     1.000000     17696242  11983725.71
    1001.471     1.000000     17696242  13981013.34
    1001.471     1.000000     17696242  16777216.00
    1001.983     1.000000     17696243  18641351.10
    1001.983     1.000000     17696243          inf
#[Mean    =        1.798, StdDeviation   =       12.302]
#[Max     =     1001.472, Total count    =     17696243]
#[Buckets =           27, SubBuckets     =         2048]
----------------------------------------------------------
  17998160 requests in 10.00m, 2.78GB read
Requests/sec:  29996.97
Transfer/sec:      4.75MB
