Running 10m test @ http://localhost:9999/math/plus?x=1&y=2
  16 threads and 400 connections
  Thread calibration: mean lat.: 144.727ms, rate sampling interval: 899ms
  Thread calibration: mean lat.: 259.961ms, rate sampling interval: 1513ms
  Thread calibration: mean lat.: 153.989ms, rate sampling interval: 897ms
  Thread calibration: mean lat.: 212.097ms, rate sampling interval: 1233ms
  Thread calibration: mean lat.: 158.307ms, rate sampling interval: 790ms
  Thread calibration: mean lat.: 224.095ms, rate sampling interval: 1390ms
  Thread calibration: mean lat.: 143.694ms, rate sampling interval: 987ms
  Thread calibration: mean lat.: 222.983ms, rate sampling interval: 1199ms
  Thread calibration: mean lat.: 173.185ms, rate sampling interval: 976ms
  Thread calibration: mean lat.: 240.624ms, rate sampling interval: 1422ms
  Thread calibration: mean lat.: 125.579ms, rate sampling interval: 673ms
  Thread calibration: mean lat.: 222.316ms, rate sampling interval: 1391ms
  Thread calibration: mean lat.: 169.191ms, rate sampling interval: 1069ms
  Thread calibration: mean lat.: 132.714ms, rate sampling interval: 843ms
  Thread calibration: mean lat.: 120.438ms, rate sampling interval: 713ms
  Thread calibration: mean lat.: 145.053ms, rate sampling interval: 674ms
  Thread Stats   Avg      Stdev     Max   +/- Stdev
    Latency     4.26s     8.66s    2.89m    92.19%
    Req/Sec     3.70k   655.05     7.17k    69.47%
  Latency Distribution (HdrHistogram - Recorded Latency)
 50.000%    1.49s 
 75.000%    4.23s 
 90.000%   10.59s 
 99.000%   43.61s 
 99.900%    1.57m 
 99.990%    2.61m 
 99.999%    2.87m 
100.000%    2.89m 

  Detailed Percentile spectrum:
       Value   Percentile   TotalCount 1/(1-Percentile)

       0.090     0.000000            1         1.00
     134.783     0.100000      3493949         1.11
     341.247     0.200000      6990210         1.25
     618.495     0.300000     10482040         1.43
     988.159     0.400000     13978982         1.67
    1494.015     0.500000     17472859         2.00
    1820.671     0.550000     19217039         2.22
    2220.031     0.600000     20966866         2.50
    2715.647     0.650000     22714347         2.86
    3362.815     0.700000     24460230         3.33
    4231.167     0.750000     26205955         4.00
    4796.415     0.775000     27082343         4.44
    5468.159     0.800000     27954857         5.00
    6291.455     0.825000     28826572         5.71
    7331.839     0.850000     29699354         6.67
    8691.711     0.875000     30573270         8.00
    9560.063     0.887500     31009141         8.89
   10592.255     0.900000     31446583        10.00
   11837.439     0.912500     31882629        11.43
   13328.383     0.925000     32318343        13.33
   15155.199     0.937500     32755859        16.00
   16285.695     0.943750     32973892        17.78
   17580.031     0.950000     33191307        20.00
   19054.591     0.956250     33409951        22.86
   21004.287     0.962500     33628584        26.67
   23379.967     0.968750     33847533        32.00
   24707.071     0.971875     33955760        35.56
   26329.087     0.975000     34065486        40.00
   28262.399     0.978125     34174661        45.71
   30703.615     0.981250     34283298        53.33
   34045.951     0.984375     34392374        64.00
   36339.711     0.985938     34447551        71.11
   39157.759     0.987500     34501485        80.00
   42008.575     0.989062     34556089        91.43
   44564.479     0.990625     34611089       106.67
   47349.759     0.992188     34665554       128.00
   49020.927     0.992969     34693006       142.22
   50593.791     0.993750     34720218       160.00
   52723.711     0.994531     34747149       182.86
   56131.583     0.995313     34774485       213.33
   60194.815     0.996094     34801794       256.00
   62849.023     0.996484     34815383       284.44
   65372.159     0.996875     34829056       320.00
   67764.223     0.997266     34842973       365.71
   69795.839     0.997656     34856352       426.67
   72744.959     0.998047     34870091       512.00
   75104.255     0.998242     34876820       568.89
   77070.335     0.998437     34883609       640.00
   81133.567     0.998633     34890417       731.43
   88539.135     0.998828     34897230       853.33
   94765.055     0.999023     34904125      1024.00
   98107.391     0.999121     34907528      1137.78
  104202.239     0.999219     34910906      1280.00
  108462.079     0.999316     34914315      1462.86
  114753.535     0.999414     34917694      1706.67
  119078.911     0.999512     34921106      2048.00
  122290.175     0.999561     34922834      2275.56
  131334.143     0.999609     34924520      2560.00
  142475.263     0.999658     34926234      2925.71
  143917.055     0.999707     34927967      3413.33
  146014.207     0.999756     34929694      4096.00
  147849.215     0.999780     34930555      4551.11
  150732.799     0.999805     34931355      5120.00
  152698.879     0.999829     34932216      5851.43
  154009.599     0.999854     34933126      6826.67
  155582.463     0.999878     34933980      8192.00
  156106.751     0.999890     34934394      9102.22
  156762.111     0.999902     34934798     10240.00
  157941.759     0.999915     34935201     11702.86
  160694.271     0.999927     34935624     13653.33
  161087.487     0.999939     34936075     16384.00
  161349.631     0.999945     34936283     18204.44
  162398.207     0.999951     34936470     20480.00
  164757.503     0.999957     34936677     23405.71
  167116.799     0.999963     34936893     27306.67
  168689.663     0.999969     34937095     32768.00
  169607.167     0.999973     34937220     36408.89
  170524.671     0.999976     34937314     40960.00
  171573.247     0.999979     34937479     46811.43
  171704.319     0.999982     34937630     54613.33
  171704.319     0.999985     34937630     65536.00
  171835.391     0.999986     34937736     72817.78
  171835.391     0.999988     34937736     81920.00
  172097.535     0.999989     34937824     93622.86
  172228.607     0.999991     34937878    109226.67
  172359.679     0.999992     34937910    131072.00
  172490.751     0.999993     34937961    145635.56
  172490.751     0.999994     34937961    163840.00
  172621.823     0.999995     34937989    187245.71
  172752.895     0.999995     34938019    218453.33
  172883.967     0.999996     34938053    262144.00
  172883.967     0.999997     34938053    291271.11
  173015.039     0.999997     34938085    327680.00
  173015.039     0.999997     34938085    374491.43
  173015.039     0.999998     34938085    436906.67
  173146.111     0.999998     34938141    524288.00
  173146.111     0.999998     34938141    582542.22
  173146.111     0.999998     34938141    655360.00
  173146.111     0.999999     34938141    748982.86
  173146.111     0.999999     34938141    873813.33
  173146.111     0.999999     34938141   1048576.00
  173146.111     0.999999     34938141   1165084.44
  173146.111     0.999999     34938141   1310720.00
  173146.111     0.999999     34938141   1497965.71
  173277.183     0.999999     34938161   1747626.67
  173277.183     1.000000     34938161          inf
#[Mean    =     4261.314, StdDeviation   =     8656.692]
#[Max     =   173146.112, Total count    =     34938161]
#[Buckets =           27, SubBuckets     =         2048]
----------------------------------------------------------
  35508221 requests in 10.00m, 5.49GB read
Requests/sec:  59180.54
Transfer/sec:      9.37MB
