Running 10m test @ http://localhost:9999/math/plus?x=1&y=2
  16 threads and 400 connections
  Thread calibration: mean lat.: 2.111ms, rate sampling interval: 10ms
  Thread calibration: mean lat.: 1.978ms, rate sampling interval: 10ms
  Thread calibration: mean lat.: 2.144ms, rate sampling interval: 10ms
  Thread calibration: mean lat.: 18.943ms, rate sampling interval: 10ms
  Thread calibration: mean lat.: 27.635ms, rate sampling interval: 10ms
  Thread calibration: mean lat.: 2.126ms, rate sampling interval: 10ms
  Thread calibration: mean lat.: 47.288ms, rate sampling interval: 15ms
  Thread calibration: mean lat.: 2.606ms, rate sampling interval: 10ms
  Thread calibration: mean lat.: 2.892ms, rate sampling interval: 10ms
  Thread calibration: mean lat.: 2.879ms, rate sampling interval: 10ms
  Thread calibration: mean lat.: 64.229ms, rate sampling interval: 368ms
  Thread calibration: mean lat.: 51.934ms, rate sampling interval: 22ms
  Thread calibration: mean lat.: 64.483ms, rate sampling interval: 368ms
  Thread calibration: mean lat.: 6.417ms, rate sampling interval: 10ms
  Thread calibration: mean lat.: 32.097ms, rate sampling interval: 10ms
  Thread calibration: mean lat.: 6.320ms, rate sampling interval: 10ms
  Thread Stats   Avg      Stdev     Max   +/- Stdev
    Latency     2.25ms    1.53ms  54.50ms   78.35%
    Req/Sec   659.11    671.86     2.78k    86.79%
  Latency Distribution (HdrHistogram - Recorded Latency)
 50.000%    1.86ms
 75.000%    2.92ms
 90.000%    4.18ms
 99.000%    7.49ms
 99.900%   11.47ms
 99.990%   20.24ms
 99.999%   30.24ms
100.000%   54.53ms

  Detailed Percentile spectrum:
       Value   Percentile   TotalCount 1/(1-Percentile)

       0.080     0.000000            1         1.00
       0.784     0.100000       591464         1.11
       1.073     0.200000      1181023         1.25
       1.317     0.300000      1770098         1.43
       1.569     0.400000      2361428         1.67
       1.856     0.500000      2950287         2.00
       2.018     0.550000      3245054         2.22
       2.201     0.600000      3541801         2.50
       2.407     0.650000      3835383         2.86
       2.643     0.700000      4129197         3.33
       2.919     0.750000      4424961         4.00
       3.075     0.775000      4572316         4.44
       3.245     0.800000      4719839         5.00
       3.431     0.825000      4867447         5.71
       3.639     0.850000      5014297         6.67
       3.881     0.875000      5161285         8.00
       4.019     0.887500      5235586         8.89
       4.175     0.900000      5309604        10.00
       4.355     0.912500      5383747        11.43
       4.563     0.925000      5456978        13.33
       4.815     0.937500      5530017        16.00
       4.967     0.943750      5567338        17.78
       5.135     0.950000      5604363        20.00
       5.327     0.956250      5641115        22.86
       5.547     0.962500      5677663        26.67
       5.811     0.968750      5714712        32.00
       5.967     0.971875      5732875        35.56
       6.147     0.975000      5751425        40.00
       6.351     0.978125      5769619        45.71
       6.587     0.981250      5788049        53.33
       6.867     0.984375      5806582        64.00
       7.019     0.985938      5815809        71.11
       7.187     0.987500      5825009        80.00
       7.371     0.989062      5834113        91.43
       7.579     0.990625      5843318       106.67
       7.823     0.992188      5852541       128.00
       7.971     0.992969      5857206       142.22
       8.139     0.993750      5861795       160.00
       8.335     0.994531      5866483       182.86
       8.559     0.995313      5870968       213.33
       8.855     0.996094      5875605       256.00
       9.039     0.996484      5877927       284.44
       9.231     0.996875      5880255       320.00
       9.455     0.997266      5882508       365.71
       9.735     0.997656      5884810       426.67
      10.103     0.998047      5887126       512.00
      10.311     0.998242      5888253       568.89
      10.559     0.998437      5889416       640.00
      10.839     0.998633      5890562       731.43
      11.159     0.998828      5891703       853.33
      11.511     0.999023      5892854      1024.00
      11.719     0.999121      5893430      1137.78
      11.959     0.999219      5894003      1280.00
      12.263     0.999316      5894589      1462.86
      12.591     0.999414      5895162      1706.67
      12.967     0.999512      5895729      2048.00
      13.263     0.999561      5896019      2275.56
      13.583     0.999609      5896306      2560.00
      13.975     0.999658      5896593      2925.71
      14.543     0.999707      5896881      3413.33
      15.191     0.999756      5897173      4096.00
      15.655     0.999780      5897312      4551.11
      16.167     0.999805      5897456      5120.00
      17.007     0.999829      5897603      5851.43
      17.919     0.999854      5897745      6826.67
      19.071     0.999878      5897888      8192.00
      19.743     0.999890      5897960      9102.22
      20.399     0.999902      5898033     10240.00
      21.199     0.999915      5898104     11702.86
      21.823     0.999927      5898177     13653.33
      22.735     0.999939      5898249     16384.00
      23.327     0.999945      5898284     18204.44
      23.759     0.999951      5898320     20480.00
      24.223     0.999957      5898356     23405.71
      24.991     0.999963      5898392     27306.67
      25.887     0.999969      5898428     32768.00
      26.207     0.999973      5898446     36408.89
      26.735     0.999976      5898465     40960.00
      27.295     0.999979      5898482     46811.43
      28.031     0.999982      5898500     54613.33
      28.559     0.999985      5898518     65536.00
      28.863     0.999986      5898527     72817.78
      29.359     0.999988      5898536     81920.00
      30.159     0.999989      5898545     93622.86
      31.103     0.999991      5898554    109226.67
      31.599     0.999992      5898563    131072.00
      32.511     0.999993      5898568    145635.56
      34.751     0.999994      5898572    163840.00
      43.135     0.999995      5898577    187245.71
      43.775     0.999995      5898581    218453.33
      45.375     0.999996      5898586    262144.00
      46.239     0.999997      5898588    291271.11
      48.415     0.999997      5898590    327680.00
      49.215     0.999997      5898593    374491.43
      49.791     0.999998      5898595    436906.67
      50.303     0.999998      5898597    524288.00
      50.591     0.999998      5898599    582542.22
      50.591     0.999998      5898599    655360.00
      52.479     0.999999      5898601    748982.86
      52.671     0.999999      5898602    873813.33
      52.831     0.999999      5898603   1048576.00
      52.831     0.999999      5898603   1165084.44
      53.503     0.999999      5898604   1310720.00
      54.399     0.999999      5898605   1497965.71
      54.399     0.999999      5898605   1747626.67
      54.463     1.000000      5898607   2097152.00
      54.463     1.000000      5898607   2330168.89
      54.463     1.000000      5898607   2621440.00
      54.463     1.000000      5898607   2995931.43
      54.463     1.000000      5898607   3495253.33
      54.463     1.000000      5898607   4194304.00
      54.463     1.000000      5898607   4660337.78
      54.463     1.000000      5898607   5242880.00
      54.527     1.000000      5898608   5991862.86
      54.527     1.000000      5898608          inf
#[Mean    =        2.250, StdDeviation   =        1.529]
#[Max     =       54.496, Total count    =      5898608]
#[Buckets =           27, SubBuckets     =         2048]
----------------------------------------------------------
  5997618 requests in 10.00m, 0.93GB read
Requests/sec:   9996.04
Transfer/sec:      1.58MB
