Running 10m test @ http://localhost:9999/math/plus?x=1&y=2
  16 threads and 400 connections
  Thread calibration: mean lat.: 32.326ms, rate sampling interval: 39ms
  Thread calibration: mean lat.: 3.665ms, rate sampling interval: 20ms
  Thread calibration: mean lat.: 3.761ms, rate sampling interval: 22ms
  Thread calibration: mean lat.: 3.122ms, rate sampling interval: 17ms
  Thread calibration: mean lat.: 3.733ms, rate sampling interval: 23ms
  Thread calibration: mean lat.: 41.751ms, rate sampling interval: 49ms
  Thread calibration: mean lat.: 28.396ms, rate sampling interval: 38ms
  Thread calibration: mean lat.: 16.698ms, rate sampling interval: 30ms
  Thread calibration: mean lat.: 3.538ms, rate sampling interval: 20ms
  Thread calibration: mean lat.: 20.258ms, rate sampling interval: 31ms
  Thread calibration: mean lat.: 57.791ms, rate sampling interval: 121ms
  Thread calibration: mean lat.: 16.243ms, rate sampling interval: 29ms
  Thread calibration: mean lat.: 7.735ms, rate sampling interval: 23ms
  Thread calibration: mean lat.: 25.433ms, rate sampling interval: 38ms
  Thread calibration: mean lat.: 32.460ms, rate sampling interval: 39ms
  Thread calibration: mean lat.: 3.880ms, rate sampling interval: 22ms
  Thread Stats   Avg      Stdev     Max   +/- Stdev
    Latency     3.55ms   10.70ms   1.00s    93.09%
    Req/Sec     1.92k   442.79     9.38k    78.23%
  Latency Distribution (HdrHistogram - Recorded Latency)
 50.000%    1.23ms
 75.000%    2.03ms
 90.000%    9.37ms
 99.000%   34.53ms
 99.900%   51.87ms
 99.990%  527.87ms
 99.999%  951.29ms
100.000%    1.00s 

  Detailed Percentile spectrum:
       Value   Percentile   TotalCount 1/(1-Percentile)

       0.063     0.000000            1         1.00
       0.465     0.100000      1769864         1.11
       0.686     0.200000      3544775         1.25
       0.875     0.300000      5318069         1.43
       1.053     0.400000      7086139         1.67
       1.233     0.500000      8851540         2.00
       1.334     0.550000      9736102         2.22
       1.449     0.600000     10624563         2.50
       1.585     0.650000     11505612         2.86
       1.761     0.700000     12390130         3.33
       2.028     0.750000     13273825         4.00
       2.247     0.775000     13715043         4.44
       2.599     0.800000     14158359         5.00
       3.243     0.825000     14599914         5.71
       4.463     0.850000     15042356         6.67
       6.407     0.875000     15484182         8.00
       7.795     0.887500     15705895         8.89
       9.367     0.900000     15926717        10.00
      11.143     0.912500     16148217        11.43
      13.167     0.925000     16369765        13.33
      15.535     0.937500     16590346        16.00
      16.863     0.943750     16701407        17.78
      18.287     0.950000     16812140        20.00
      19.839     0.956250     16922426        22.86
      21.567     0.962500     17032997        26.67
      23.551     0.968750     17143792        32.00
      24.639     0.971875     17198698        35.56
      25.871     0.975000     17254473        40.00
      27.215     0.978125     17309331        45.71
      28.767     0.981250     17364781        53.33
      30.527     0.984375     17420013        64.00
      31.519     0.985938     17447435        71.11
      32.575     0.987500     17475019        80.00
      33.759     0.989062     17502909        91.43
      35.103     0.990625     17530742       106.67
      36.639     0.992188     17558313       128.00
      37.471     0.992969     17571831       142.22
      38.431     0.993750     17585635       160.00
      39.487     0.994531     17599425       182.86
      40.735     0.995313     17613521       213.33
      42.143     0.996094     17627242       256.00
      42.943     0.996484     17634177       284.44
      43.807     0.996875     17640930       320.00
      44.799     0.997266     17647882       365.71
      45.919     0.997656     17654846       426.67
      47.167     0.998047     17661633       512.00
      47.903     0.998242     17665128       568.89
      48.735     0.998437     17668584       640.00
      49.663     0.998633     17672024       731.43
      50.719     0.998828     17675485       853.33
      52.031     0.999023     17678965      1024.00
      52.799     0.999121     17680639      1137.78
      53.663     0.999219     17682364      1280.00
      54.783     0.999316     17684128      1462.86
      56.031     0.999414     17685865      1706.67
      57.503     0.999512     17687547      2048.00
      58.463     0.999561     17688417      2275.56
      59.583     0.999609     17689287      2560.00
      60.959     0.999658     17690146      2925.71
      63.039     0.999707     17691009      3413.33
      66.431     0.999756     17691872      4096.00
      69.631     0.999780     17692299      4551.11
      82.303     0.999805     17692730      5120.00
     191.615     0.999829     17693162      5851.43
     310.783     0.999854     17693594      6826.67
     423.423     0.999878     17694026      8192.00
     481.791     0.999890     17694244      9102.22
     538.623     0.999902     17694460     10240.00
     603.647     0.999915     17694674     11702.86
     676.863     0.999927     17694891     13653.33
     711.679     0.999939     17695109     16384.00
     740.351     0.999945     17695214     18204.44
     768.511     0.999951     17695322     20480.00
     798.207     0.999957     17695430     23405.71
     825.855     0.999963     17695538     27306.67
     856.063     0.999969     17695646     32768.00
     870.399     0.999973     17695701     36408.89
     884.735     0.999976     17695760     40960.00
     898.047     0.999979     17695810     46811.43
     912.895     0.999982     17695864     54613.33
     927.231     0.999985     17695916     65536.00
     935.423     0.999986     17695945     72817.78
     942.591     0.999988     17695970     81920.00
     949.247     0.999989     17695997     93622.86
     956.415     0.999991     17696026    109226.67
     963.583     0.999992     17696052    131072.00
     966.655     0.999993     17696066    145635.56
     970.239     0.999994     17696078    163840.00
     975.359     0.999995     17696095    187245.71
     977.407     0.999995     17696106    218453.33
     982.015     0.999996     17696121    262144.00
     983.039     0.999997     17696127    291271.11
     984.575     0.999997     17696132    327680.00
     988.159     0.999997     17696139    374491.43
     989.695     0.999998     17696146    436906.67
     991.231     0.999998     17696157    524288.00
     991.231     0.999998     17696157    582542.22
     991.743     0.999998     17696159    655360.00
     992.767     0.999999     17696163    748982.86
     993.791     0.999999     17696166    873813.33
     994.815     0.999999     17696170   1048576.00
     995.327     0.999999     17696171   1165084.44
     996.351     0.999999     17696175   1310720.00
     996.351     0.999999     17696175   1497965.71
     996.863     0.999999     17696178   1747626.67
     996.863     1.000000     17696178   2097152.00
     997.375     1.000000     17696180   2330168.89
     997.375     1.000000     17696180   2621440.00
     997.887     1.000000     17696181   2995931.43
     997.887     1.000000     17696181   3495253.33
     998.399     1.000000     17696182   4194304.00
     998.911     1.000000     17696183   4660337.78
     998.911     1.000000     17696183   5242880.00
    1001.983     1.000000     17696184   5991862.86
    1001.983     1.000000     17696184   6990506.67
    1001.983     1.000000     17696184   8388608.00
    1003.007     1.000000     17696186   9320675.55
    1003.007     1.000000     17696186          inf
#[Mean    =        3.548, StdDeviation   =       10.701]
#[Max     =     1002.496, Total count    =     17696186]
#[Buckets =           27, SubBuckets     =         2048]
----------------------------------------------------------
  17994581 requests in 10.00m, 2.78GB read
Requests/sec:  29990.92
Transfer/sec:      4.75MB
