Running 10m test @ http://localhost:9999/math/plus?x=1&y=2
  16 threads and 400 connections
  Thread calibration: mean lat.: 4.533ms, rate sampling interval: 21ms
  Thread calibration: mean lat.: 4.762ms, rate sampling interval: 22ms
  Thread calibration: mean lat.: 3.993ms, rate sampling interval: 17ms
  Thread calibration: mean lat.: 4.580ms, rate sampling interval: 20ms
  Thread calibration: mean lat.: 4.092ms, rate sampling interval: 19ms
  Thread calibration: mean lat.: 4.967ms, rate sampling interval: 26ms
  Thread calibration: mean lat.: 8.554ms, rate sampling interval: 23ms
  Thread calibration: mean lat.: 4.083ms, rate sampling interval: 19ms
  Thread calibration: mean lat.: 4.353ms, rate sampling interval: 21ms
  Thread calibration: mean lat.: 4.229ms, rate sampling interval: 18ms
  Thread calibration: mean lat.: 8.624ms, rate sampling interval: 22ms
  Thread calibration: mean lat.: 3.990ms, rate sampling interval: 18ms
  Thread calibration: mean lat.: 8.252ms, rate sampling interval: 21ms
  Thread calibration: mean lat.: 3.652ms, rate sampling interval: 16ms
  Thread calibration: mean lat.: 3.893ms, rate sampling interval: 17ms
  Thread calibration: mean lat.: 4.741ms, rate sampling interval: 21ms
  Thread Stats   Avg      Stdev     Max   +/- Stdev
    Latency     3.34ms   12.79ms   1.01s    96.99%
    Req/Sec     1.93k   427.71     9.31k    75.50%
  Latency Distribution (HdrHistogram - Recorded Latency)
 50.000%    1.63ms
 75.000%    3.17ms
 90.000%    6.63ms
 99.000%   25.71ms
 99.900%   45.66ms
 99.990%  769.02ms
 99.999%  979.46ms
100.000%    1.01s 

  Detailed Percentile spectrum:
       Value   Percentile   TotalCount 1/(1-Percentile)

       0.061     0.000000            1         1.00
       0.560     0.100000      1771399         1.11
       0.833     0.200000      3539828         1.25
       1.071     0.300000      5312280         1.43
       1.317     0.400000      7082880         1.67
       1.629     0.500000      8851038         2.00
       1.825     0.550000      9733156         2.22
       2.069     0.600000     10619202         2.50
       2.371     0.650000     11504028         2.86
       2.731     0.700000     12389408         3.33
       3.167     0.750000     13273508         4.00
       3.435     0.775000     13717279         4.44
       3.753     0.800000     14159051         5.00
       4.155     0.825000     14600858         5.71
       4.727     0.850000     15043095         6.67
       5.531     0.875000     15485516         8.00
       6.051     0.887500     15706774         8.89
       6.631     0.900000     15926733        10.00
       7.367     0.912500     16148265        11.43
       8.359     0.925000     16370286        13.33
       9.759     0.937500     16590393        16.00
      10.607     0.943750     16701095        17.78
      11.559     0.950000     16811864        20.00
      12.663     0.956250     16922660        22.86
      14.047     0.962500     17032744        26.67
      15.791     0.968750     17143357        32.00
      16.783     0.971875     17198984        35.56
      17.855     0.975000     17254391        40.00
      19.071     0.978125     17309379        45.71
      20.447     0.981250     17364652        53.33
      22.047     0.984375     17420175        64.00
      22.911     0.985938     17447684        71.11
      23.887     0.987500     17475150        80.00
      24.975     0.989062     17502828        91.43
      26.255     0.990625     17530735       106.67
      27.839     0.992188     17558173       128.00
      28.783     0.992969     17572107       142.22
      29.823     0.993750     17585916       160.00
      30.959     0.994531     17599637       182.86
      32.271     0.995313     17613513       213.33
      33.791     0.996094     17627453       256.00
      34.655     0.996484     17634336       284.44
      35.615     0.996875     17641079       320.00
      36.703     0.997266     17648015       365.71
      37.887     0.997656     17654873       426.67
      39.391     0.998047     17661864       512.00
      40.255     0.998242     17665318       568.89
      41.343     0.998437     17668763       640.00
      42.559     0.998633     17672176       731.43
      44.063     0.998828     17675621       853.33
      45.919     0.999023     17679100      1024.00
      47.103     0.999121     17680799      1137.78
      48.479     0.999219     17682528      1280.00
      50.175     0.999316     17684247      1462.86
      52.607     0.999414     17685967      1706.67
      56.831     0.999512     17687705      2048.00
      60.895     0.999561     17688558      2275.56
      82.687     0.999609     17689422      2560.00
     196.095     0.999658     17690291      2925.71
     313.343     0.999707     17691150      3413.33
     429.311     0.999756     17692018      4096.00
     485.119     0.999780     17692447      4551.11
     542.719     0.999805     17692880      5120.00
     602.111     0.999829     17693314      5851.43
     656.895     0.999854     17693743      6826.67
     715.775     0.999878     17694183      8192.00
     743.935     0.999890     17694398      9102.22
     773.631     0.999902     17694607     10240.00
     802.815     0.999915     17694825     11702.86
     830.975     0.999927     17695042     13653.33
     859.647     0.999939     17695254     16384.00
     875.519     0.999945     17695366     18204.44
     888.831     0.999951     17695475     20480.00
     902.655     0.999957     17695586     23405.71
     916.479     0.999963     17695692     27306.67
     930.815     0.999969     17695796     32768.00
     939.007     0.999973     17695851     36408.89
     947.711     0.999976     17695902     40960.00
     952.831     0.999979     17695956     46811.43
     962.047     0.999982     17696010     54613.33
     969.215     0.999985     17696066     65536.00
     970.751     0.999986     17696095     72817.78
     976.383     0.999988     17696123     81920.00
     978.431     0.999989     17696149     93622.86
     982.015     0.999991     17696173    109226.67
     985.087     0.999992     17696201    131072.00
     989.183     0.999993     17696215    145635.56
     989.695     0.999994     17696233    163840.00
     990.207     0.999995     17696242    187245.71
     992.767     0.999995     17696254    218453.33
     996.351     0.999996     17696283    262144.00
     996.351     0.999997     17696283    291271.11
     996.351     0.999997     17696283    327680.00
     996.863     0.999997     17696292    374491.43
     998.399     0.999998     17696294    436906.67
    1001.983     0.999998     17696301    524288.00
    1003.519     0.999998     17696305    582542.22
    1004.031     0.999998     17696308    655360.00
    1004.543     0.999999     17696312    748982.86
    1005.055     0.999999     17696327    873813.33
    1005.055     0.999999     17696327   1048576.00
    1005.055     0.999999     17696327   1165084.44
    1005.055     0.999999     17696327   1310720.00
    1005.055     0.999999     17696327   1497965.71
    1005.055     0.999999     17696327   1747626.67
    1005.055     1.000000     17696327   2097152.00
    1005.055     1.000000     17696327   2330168.89
    1005.567     1.000000     17696334   2621440.00
    1005.567     1.000000     17696334          inf
#[Mean    =        3.336, StdDeviation   =       12.788]
#[Max     =     1005.056, Total count    =     17696334]
#[Buckets =           27, SubBuckets     =         2048]
----------------------------------------------------------
  17997878 requests in 10.00m, 2.78GB read
Requests/sec:  29996.49
Transfer/sec:      4.75MB
