Running 10m test @ http://localhost:9999/math/plus?x=1&y=2
  16 threads and 400 connections
  Thread calibration: mean lat.: 1.651ms, rate sampling interval: 10ms
  Thread calibration: mean lat.: 34.147ms, rate sampling interval: 10ms
  Thread calibration: mean lat.: 5.659ms, rate sampling interval: 10ms
  Thread calibration: mean lat.: 1.281ms, rate sampling interval: 10ms
  Thread calibration: mean lat.: 5.505ms, rate sampling interval: 10ms
  Thread calibration: mean lat.: 5.957ms, rate sampling interval: 10ms
  Thread calibration: mean lat.: 17.858ms, rate sampling interval: 10ms
  Thread calibration: mean lat.: 5.477ms, rate sampling interval: 10ms
  Thread calibration: mean lat.: 30.132ms, rate sampling interval: 10ms
  Thread calibration: mean lat.: 30.204ms, rate sampling interval: 10ms
  Thread calibration: mean lat.: 30.172ms, rate sampling interval: 10ms
  Thread calibration: mean lat.: 30.102ms, rate sampling interval: 10ms
  Thread calibration: mean lat.: 1.467ms, rate sampling interval: 10ms
  Thread calibration: mean lat.: 1.539ms, rate sampling interval: 10ms
  Thread calibration: mean lat.: 1.139ms, rate sampling interval: 10ms
  Thread calibration: mean lat.: 25.917ms, rate sampling interval: 10ms
  Thread Stats   Avg      Stdev     Max   +/- Stdev
    Latency     1.80ms   14.64ms   1.00s    99.78%
    Req/Sec     1.98k   585.92    10.11k    75.76%
  Latency Distribution (HdrHistogram - Recorded Latency)
 50.000%    1.17ms
 75.000%    1.72ms
 90.000%    2.65ms
 99.000%    7.22ms
 99.900%   24.86ms
 99.990%  844.29ms
 99.999%  986.11ms
100.000%    1.00s 

  Detailed Percentile spectrum:
       Value   Percentile   TotalCount 1/(1-Percentile)

       0.070     0.000000            2         1.00
       0.458     0.100000      1776363         1.11
       0.667     0.200000      3546797         1.25
       0.844     0.300000      5311100         1.43
       1.007     0.400000      7084090         1.67
       1.167     0.500000      8857105         2.00
       1.253     0.550000      9736934         2.22
       1.347     0.600000     10625156         2.50
       1.451     0.650000     11504603         2.86
       1.572     0.700000     12392181         3.33
       1.717     0.750000     13272877         4.00
       1.805     0.775000     13714747         4.44
       1.909     0.800000     14160155         5.00
       2.035     0.825000     14602409         5.71
       2.193     0.850000     15042240         6.67
       2.395     0.875000     15484868         8.00
       2.515     0.887500     15706568         8.89
       2.651     0.900000     15929436        10.00
       2.809     0.912500     16149823        11.43
       3.001     0.925000     16370498        13.33
       3.243     0.937500     16591677        16.00
       3.391     0.943750     16701575        17.78
       3.563     0.950000     16812078        20.00
       3.755     0.956250     16922165        22.86
       3.977     0.962500     17033307        26.67
       4.255     0.968750     17144187        32.00
       4.435     0.971875     17199556        35.56
       4.663     0.975000     17254562        40.00
       4.951     0.978125     17309800        45.71
       5.255     0.981250     17365098        53.33
       5.639     0.984375     17420106        64.00
       5.915     0.985938     17447739        71.11
       6.299     0.987500     17475114        80.00
       6.807     0.989062     17502845        91.43
       7.575     0.990625     17530431       106.67
       8.551     0.992188     17558013       128.00
       9.199     0.992969     17571862       142.22
       9.959     0.993750     17585681       160.00
      10.695     0.994531     17599558       182.86
      11.455     0.995313     17613344       213.33
      12.311     0.996094     17627157       256.00
      12.959     0.996484     17634069       284.44
      13.679     0.996875     17640978       320.00
      14.655     0.997266     17647846       365.71
      15.871     0.997656     17654785       426.67
      17.375     0.998047     17661741       512.00
      18.335     0.998242     17665132       568.89
      19.471     0.998437     17668598       640.00
      20.911     0.998633     17672069       731.43
      22.783     0.998828     17675497       853.33
      25.231     0.999023     17678961      1024.00
      26.991     0.999121     17680691      1137.78
      29.519     0.999219     17682412      1280.00
      34.175     0.999316     17684136      1462.86
      80.959     0.999414     17685865      1706.67
     234.495     0.999512     17687593      2048.00
     310.271     0.999561     17688464      2275.56
     388.095     0.999609     17689322      2560.00
     462.847     0.999658     17690185      2925.71
     542.719     0.999707     17691071      3413.33
     617.983     0.999756     17691920      4096.00
     656.383     0.999780     17692358      4551.11
     695.295     0.999805     17692782      5120.00
     733.183     0.999829     17693209      5851.43
     771.071     0.999854     17693643      6826.67
     809.471     0.999878     17694082      8192.00
     829.439     0.999890     17694304      9102.22
     848.895     0.999902     17694507     10240.00
     868.863     0.999915     17694735     11702.86
     887.295     0.999927     17694938     13653.33
     905.727     0.999939     17695156     16384.00
     915.455     0.999945     17695262     18204.44
     924.671     0.999951     17695369     20480.00
     935.423     0.999957     17695483     23405.71
     943.615     0.999963     17695590     27306.67
     955.391     0.999969     17695694     32768.00
     957.951     0.999973     17695750     36408.89
     963.583     0.999976     17695803     40960.00
     968.703     0.999979     17695857     46811.43
     972.287     0.999982     17695909     54613.33
     976.383     0.999985     17695963     65536.00
     980.991     0.999986     17695990     72817.78
     982.527     0.999988     17696028     81920.00
     985.087     0.999989     17696052     93622.86
     988.159     0.999991     17696073    109226.67
     989.695     0.999992     17696098    131072.00
     990.719     0.999993     17696117    145635.56
     991.743     0.999994     17696129    163840.00
     994.303     0.999995     17696142    187245.71
     995.327     0.999995     17696161    218453.33
     995.839     0.999996     17696170    262144.00
     996.351     0.999997     17696180    291271.11
     996.351     0.999997     17696180    327680.00
     996.863     0.999997     17696190    374491.43
     998.911     0.999998     17696194    436906.67
    1001.983     0.999998     17696205    524288.00
    1001.983     0.999998     17696205    582542.22
    1002.495     0.999998     17696215    655360.00
    1002.495     0.999999     17696215    748982.86
    1002.495     0.999999     17696215    873813.33
    1003.007     0.999999     17696226   1048576.00
    1003.007     0.999999     17696226   1165084.44
    1003.007     0.999999     17696226   1310720.00
    1003.007     0.999999     17696226   1497965.71
    1003.007     0.999999     17696226   1747626.67
    1003.007     1.000000     17696226   2097152.00
    1003.007     1.000000     17696226   2330168.89
    1003.519     1.000000     17696229   2621440.00
    1003.519     1.000000     17696229   2995931.43
    1003.519     1.000000     17696229   3495253.33
    1003.519     1.000000     17696229   4194304.00
    1004.031     1.000000     17696231   4660337.78
    1004.031     1.000000     17696231   5242880.00
    1004.031     1.000000     17696231   5991862.86
    1004.031     1.000000     17696231   6990506.67
    1004.031     1.000000     17696231   8388608.00
    1004.543     1.000000     17696233   9320675.55
    1004.543     1.000000     17696233          inf
#[Mean    =        1.801, StdDeviation   =       14.642]
#[Max     =     1004.032, Total count    =     17696233]
#[Buckets =           27, SubBuckets     =         2048]
----------------------------------------------------------
  17996064 requests in 10.00m, 2.78GB read
Requests/sec:  29993.40
Transfer/sec:      4.75MB
