Running 10m test @ http://localhost:9999/math/plus?x=1&y=2
  16 threads and 400 connections
  Thread calibration: mean lat.: 1.888ms, rate sampling interval: 10ms
  Thread calibration: mean lat.: 26.459ms, rate sampling interval: 10ms
  Thread calibration: mean lat.: 2.025ms, rate sampling interval: 10ms
  Thread calibration: mean lat.: 2.168ms, rate sampling interval: 10ms
  Thread calibration: mean lat.: 2.051ms, rate sampling interval: 10ms
  Thread calibration: mean lat.: 2.266ms, rate sampling interval: 10ms
  Thread calibration: mean lat.: 2.121ms, rate sampling interval: 10ms
  Thread calibration: mean lat.: 1.952ms, rate sampling interval: 10ms
  Thread calibration: mean lat.: 18.524ms, rate sampling interval: 10ms
  Thread calibration: mean lat.: 1.945ms, rate sampling interval: 10ms
  Thread calibration: mean lat.: 1.623ms, rate sampling interval: 10ms
  Thread calibration: mean lat.: 14.212ms, rate sampling interval: 10ms
  Thread calibration: mean lat.: 18.355ms, rate sampling interval: 10ms
  Thread calibration: mean lat.: 10.138ms, rate sampling interval: 10ms
  Thread calibration: mean lat.: 1.991ms, rate sampling interval: 10ms
  Thread calibration: mean lat.: 26.712ms, rate sampling interval: 10ms
  Thread Stats   Avg      Stdev     Max   +/- Stdev
    Latency     2.09ms    9.17ms   1.00s    97.42%
    Req/Sec     1.99k   532.68    12.00k    80.19%
  Latency Distribution (HdrHistogram - Recorded Latency)
 50.000%    1.18ms
 75.000%    1.76ms
 90.000%    2.88ms
 99.000%   22.69ms
 99.900%   42.49ms
 99.990%  527.36ms
 99.999%  951.29ms
100.000%    1.00s 

  Detailed Percentile spectrum:
       Value   Percentile   TotalCount 1/(1-Percentile)

       0.074     0.000000            1         1.00
       0.457     0.100000      1774450         1.11
       0.668     0.200000      3539300         1.25
       0.850     0.300000      5318402         1.43
       1.017     0.400000      7082650         1.67
       1.182     0.500000      8857854         2.00
       1.270     0.550000      9737917         2.22
       1.367     0.600000     10622164         2.50
       1.477     0.650000     11505209         2.86
       1.606     0.700000     12391824         3.33
       1.761     0.750000     13272393         4.00
       1.855     0.775000     13715488         4.44
       1.967     0.800000     14159622         5.00
       2.107     0.825000     14603695         5.71
       2.287     0.850000     15044894         6.67
       2.529     0.875000     15485498         8.00
       2.685     0.887500     15707164         8.89
       2.877     0.900000     15926983        10.00
       3.133     0.912500     16147864        11.43
       3.511     0.925000     16369133        13.33
       4.147     0.937500     16590780        16.00
       4.679     0.943750     16701161        17.78
       5.359     0.950000     16811587        20.00
       6.175     0.956250     16922363        22.86
       7.127     0.962500     17033008        26.67
       8.799     0.968750     17143313        32.00
      10.143     0.971875     17198737        35.56
      11.671     0.975000     17254032        40.00
      13.367     0.978125     17309268        45.71
      15.359     0.981250     17364655        53.33
      17.583     0.984375     17420010        64.00
      18.847     0.985938     17447600        71.11
      20.191     0.987500     17475078        80.00
      21.711     0.989062     17502802        91.43
      23.391     0.990625     17530474       106.67
      25.263     0.992188     17558178       128.00
      26.287     0.992969     17571863       142.22
      27.455     0.993750     17585762       160.00
      28.735     0.994531     17599640       182.86
      30.159     0.995313     17613422       213.33
      31.759     0.996094     17627160       256.00
      32.671     0.996484     17634116       284.44
      33.663     0.996875     17641162       320.00
      34.751     0.997266     17648010       365.71
      35.967     0.997656     17654784       426.67
      37.407     0.998047     17661710       512.00
      38.239     0.998242     17665219       568.89
      39.135     0.998437     17668622       640.00
      40.127     0.998633     17672125       731.43
      41.279     0.998828     17675567       853.33
      42.655     0.999023     17678994      1024.00
      43.519     0.999121     17680752      1137.78
      44.479     0.999219     17682476      1280.00
      45.567     0.999316     17684168      1462.86
      46.911     0.999414     17685898      1706.67
      48.607     0.999512     17687626      2048.00
      49.663     0.999561     17688490      2275.56
      50.943     0.999609     17689355      2560.00
      52.479     0.999658     17690222      2925.71
      54.847     0.999707     17691085      3413.33
      59.295     0.999756     17691944      4096.00
      64.351     0.999780     17692373      4551.11
      78.527     0.999805     17692803      5120.00
     192.127     0.999829     17693235      5851.43
     308.991     0.999854     17693669      6826.67
     422.143     0.999878     17694099      8192.00
     480.511     0.999890     17694318      9102.22
     537.599     0.999902     17694531     10240.00
     594.431     0.999915     17694747     11702.86
     652.287     0.999927     17694963     13653.33
     710.143     0.999939     17695180     16384.00
     738.815     0.999945     17695287     18204.44
     766.975     0.999951     17695395     20480.00
     796.159     0.999957     17695504     23405.71
     825.855     0.999963     17695612     27306.67
     852.991     0.999969     17695719     32768.00
     868.351     0.999973     17695773     36408.89
     883.199     0.999976     17695828     40960.00
     898.559     0.999979     17695881     46811.43
     912.383     0.999982     17695936     54613.33
     926.719     0.999985     17695989     65536.00
     932.863     0.999986     17696017     72817.78
     940.543     0.999988     17696046     81920.00
     947.199     0.999989     17696070     93622.86
     954.879     0.999991     17696098    109226.67
     962.047     0.999992     17696124    131072.00
     965.631     0.999993     17696138    145635.56
     969.215     0.999994     17696153    163840.00
     973.311     0.999995     17696168    187245.71
     976.383     0.999995     17696179    218453.33
     980.479     0.999996     17696194    262144.00
     982.015     0.999997     17696199    291271.11
     983.551     0.999997     17696205    327680.00
     985.599     0.999997     17696212    374491.43
     987.135     0.999998     17696220    436906.67
     989.183     0.999998     17696228    524288.00
     989.695     0.999998     17696229    582542.22
     991.231     0.999998     17696234    655360.00
     992.255     0.999999     17696238    748982.86
     992.767     0.999999     17696241    873813.33
     993.279     0.999999     17696244   1048576.00
     993.279     0.999999     17696244   1165084.44
     994.303     0.999999     17696246   1310720.00
     995.327     0.999999     17696249   1497965.71
     995.327     0.999999     17696249   1747626.67
     996.351     1.000000     17696251   2097152.00
     997.887     1.000000     17696253   2330168.89
     997.887     1.000000     17696253   2621440.00
     999.423     1.000000     17696255   2995931.43
     999.423     1.000000     17696255   3495253.33
     999.423     1.000000     17696255   4194304.00
    1000.959     1.000000     17696256   4660337.78
    1000.959     1.000000     17696256   5242880.00
    1001.471     1.000000     17696257   5991862.86
    1001.471     1.000000     17696257   6990506.67
    1001.471     1.000000     17696257   8388608.00
    1001.983     1.000000     17696258   9320675.55
    1001.983     1.000000     17696258  10485760.00
    1001.983     1.000000     17696258  11983725.71
    1001.983     1.000000     17696258  13981013.34
    1001.983     1.000000     17696258  16777216.00
    1003.007     1.000000     17696259  18641351.10
    1003.007     1.000000     17696259          inf
#[Mean    =        2.087, StdDeviation   =        9.165]
#[Max     =     1002.496, Total count    =     17696259]
#[Buckets =           27, SubBuckets     =         2048]
----------------------------------------------------------
  17996385 requests in 10.00m, 2.78GB read
Requests/sec:  29994.01
Transfer/sec:      4.75MB
