Running 10m test @ http://localhost:9999/math/plus?x=1&y=2
  16 threads and 400 connections
  Thread calibration: mean lat.: 2.679ms, rate sampling interval: 10ms
  Thread calibration: mean lat.: 2.900ms, rate sampling interval: 11ms
  Thread calibration: mean lat.: 2.682ms, rate sampling interval: 11ms
  Thread calibration: mean lat.: 2.609ms, rate sampling interval: 10ms
  Thread calibration: mean lat.: 2.925ms, rate sampling interval: 12ms
  Thread calibration: mean lat.: 2.766ms, rate sampling interval: 10ms
  Thread calibration: mean lat.: 2.738ms, rate sampling interval: 11ms
  Thread calibration: mean lat.: 2.851ms, rate sampling interval: 11ms
  Thread calibration: mean lat.: 2.825ms, rate sampling interval: 11ms
  Thread calibration: mean lat.: 2.611ms, rate sampling interval: 10ms
  Thread calibration: mean lat.: 2.656ms, rate sampling interval: 10ms
  Thread calibration: mean lat.: 2.788ms, rate sampling interval: 11ms
  Thread calibration: mean lat.: 2.846ms, rate sampling interval: 11ms
  Thread calibration: mean lat.: 2.869ms, rate sampling interval: 12ms
  Thread calibration: mean lat.: 2.880ms, rate sampling interval: 11ms
  Thread calibration: mean lat.: 2.874ms, rate sampling interval: 11ms
  Thread Stats   Avg      Stdev     Max   +/- Stdev
    Latency     3.64ms   10.70ms   1.01s    98.09%
    Req/Sec     3.32k     0.89k   15.56k    77.74%
  Latency Distribution (HdrHistogram - Recorded Latency)
 50.000%    2.22ms
 75.000%    4.05ms
 90.000%    7.01ms
 99.000%   19.09ms
 99.900%  105.60ms
 99.990%  539.14ms
 99.999%  955.90ms
100.000%    1.01s 

  Detailed Percentile spectrum:
       Value   Percentile   TotalCount 1/(1-Percentile)

       0.066     0.000000            1         1.00
       0.752     0.100000      2950128         1.11
       1.103     0.200000      5900790         1.25
       1.431     0.300000      8849897         1.43
       1.789     0.400000     11798883         1.67
       2.225     0.500000     14753528         2.00
       2.489     0.550000     16230011         2.22
       2.789     0.600000     17698410         2.50
       3.143     0.650000     19178171         2.86
       3.553     0.700000     20645561         3.33
       4.045     0.750000     22120315         4.00
       4.339     0.775000     22861905         4.44
       4.679     0.800000     23599997         5.00
       5.087     0.825000     24332639         5.71
       5.583     0.850000     25074305         6.67
       6.199     0.875000     25807551         8.00
       6.579     0.887500     26178791         8.89
       7.007     0.900000     26545849        10.00
       7.491     0.912500     26913825        11.43
       7.991     0.925000     27283103        13.33
       8.679     0.937500     27653081        16.00
       9.111     0.943750     27835528        17.78
       9.623     0.950000     28021262        20.00
      10.223     0.956250     28205122        22.86
      10.935     0.962500     28388565        26.67
      11.735     0.968750     28572314        32.00
      12.159     0.971875     28664531        35.56
      12.759     0.975000     28756391        40.00
      13.511     0.978125     28849011        45.71
      14.439     0.981250     28940691        53.33
      15.583     0.984375     29033272        64.00
      16.183     0.985938     29079032        71.11
      17.087     0.987500     29125323        80.00
      18.255     0.989062     29171307        91.43
      19.679     0.990625     29217560       106.67
      21.647     0.992188     29263360       128.00
      23.087     0.992969     29286497       142.22
      24.799     0.993750     29309390       160.00
      27.343     0.994531     29332418       182.86
      30.911     0.995313     29355388       213.33
      36.191     0.996094     29378506       256.00
      39.807     0.996484     29389998       284.44
      44.255     0.996875     29401532       320.00
      50.047     0.997266     29413004       365.71
      57.375     0.997656     29424514       426.67
      66.431     0.998047     29436099       512.00
      71.935     0.998242     29441837       568.89
      78.463     0.998437     29447554       640.00
      86.399     0.998633     29453337       731.43
      95.487     0.998828     29459069       853.33
     107.263     0.999023     29464837      1024.00
     114.687     0.999121     29467713      1137.78
     123.135     0.999219     29470599      1280.00
     132.863     0.999316     29473471      1462.86
     145.407     0.999414     29476377      1706.67
     160.511     0.999512     29479254      2048.00
     169.727     0.999561     29480692      2275.56
     180.991     0.999609     29482118      2560.00
     195.071     0.999658     29483555      2925.71
     213.119     0.999707     29484997      3413.33
     237.951     0.999756     29486433      4096.00
     254.207     0.999780     29487150      4551.11
     274.175     0.999805     29487871      5120.00
     297.471     0.999829     29488593      5851.43
     343.551     0.999854     29489310      6826.67
     428.031     0.999878     29490032      8192.00
     487.167     0.999890     29490391      9102.22
     549.375     0.999902     29490755     10240.00
     607.231     0.999915     29491114     11702.86
     656.895     0.999927     29491470     13653.33
     715.263     0.999939     29491835     16384.00
     752.127     0.999945     29492010     18204.44
     781.311     0.999951     29492193     20480.00
     807.935     0.999957     29492377     23405.71
     830.975     0.999963     29492550     27306.67
     860.159     0.999969     29492730     32768.00
     880.127     0.999973     29492822     36408.89
     892.415     0.999976     29492910     40960.00
     903.679     0.999979     29493003     46811.43
     915.455     0.999982     29493090     54613.33
     930.815     0.999985     29493182     65536.00
     938.495     0.999986     29493227     72817.78
     946.175     0.999988     29493271     81920.00
     953.855     0.999989     29493316     93622.86
     959.999     0.999991     29493364    109226.67
     967.167     0.999992     29493408    131072.00
     971.775     0.999993     29493428    145635.56
     976.383     0.999994     29493452    163840.00
     978.943     0.999995     29493475    187245.71
     982.015     0.999995     29493495    218453.33
     985.087     0.999996     29493519    262144.00
     986.111     0.999997     29493534    291271.11
     987.135     0.999997     29493541    327680.00
     990.719     0.999997     29493552    374491.43
     992.255     0.999998     29493563    436906.67
     994.815     0.999998     29493577    524288.00
     995.327     0.999998     29493580    582542.22
     996.863     0.999998     29493588    655360.00
     997.887     0.999999     29493594    748982.86
     998.399     0.999999     29493599    873813.33
     998.911     0.999999     29493604   1048576.00
     999.423     0.999999     29493608   1165084.44
     999.423     0.999999     29493608   1310720.00
     999.935     0.999999     29493613   1497965.71
    1000.447     0.999999     29493616   1747626.67
    1000.447     1.000000     29493616   2097152.00
    1001.471     1.000000     29493618   2330168.89
    1001.983     1.000000     29493622   2621440.00
    1001.983     1.000000     29493622   2995931.43
    1001.983     1.000000     29493622   3495253.33
    1002.495     1.000000     29493625   4194304.00
    1002.495     1.000000     29493625   4660337.78
    1002.495     1.000000     29493625   5242880.00
    1003.007     1.000000     29493627   5991862.86
    1003.007     1.000000     29493627   6990506.67
    1003.007     1.000000     29493627   8388608.00
    1003.007     1.000000     29493627   9320675.55
    1003.519     1.000000     29493628  10485760.00
    1003.519     1.000000     29493628  11983725.71
    1003.519     1.000000     29493628  13981013.34
    1004.031     1.000000     29493629  16777216.00
    1004.031     1.000000     29493629  18641351.10
    1004.031     1.000000     29493629  20971519.98
    1004.031     1.000000     29493629  23967451.45
    1004.031     1.000000     29493629  27962026.68
    1006.079     1.000000     29493630  33554432.00
    1006.079     1.000000     29493630          inf
#[Mean    =        3.637, StdDeviation   =       10.697]
#[Max     =     1005.568, Total count    =     29493630]
#[Buckets =           27, SubBuckets     =         2048]
----------------------------------------------------------
  29996596 requests in 10.00m, 4.64GB read
Requests/sec:  49994.40
Transfer/sec:      7.91MB
