Running 10m test @ http://localhost:9999/math/plus?x=1&y=2
  16 threads and 400 connections
  Thread calibration: mean lat.: 1.353ms, rate sampling interval: 10ms
  Thread calibration: mean lat.: 1.316ms, rate sampling interval: 10ms
  Thread calibration: mean lat.: 1.304ms, rate sampling interval: 10ms
  Thread calibration: mean lat.: 1.492ms, rate sampling interval: 10ms
  Thread calibration: mean lat.: 1.433ms, rate sampling interval: 10ms
  Thread calibration: mean lat.: 18.152ms, rate sampling interval: 10ms
  Thread calibration: mean lat.: 1.372ms, rate sampling interval: 10ms
  Thread calibration: mean lat.: 1.361ms, rate sampling interval: 10ms
  Thread calibration: mean lat.: 22.285ms, rate sampling interval: 10ms
  Thread calibration: mean lat.: 1.467ms, rate sampling interval: 10ms
  Thread calibration: mean lat.: 1.357ms, rate sampling interval: 10ms
  Thread calibration: mean lat.: 18.195ms, rate sampling interval: 10ms
  Thread calibration: mean lat.: 1.326ms, rate sampling interval: 10ms
  Thread calibration: mean lat.: 9.814ms, rate sampling interval: 10ms
  Thread calibration: mean lat.: 1.291ms, rate sampling interval: 10ms
  Thread calibration: mean lat.: 1.391ms, rate sampling interval: 10ms
  Thread Stats   Avg      Stdev     Max   +/- Stdev
    Latency     1.49ms   14.57ms   1.00s    99.88%
    Req/Sec     1.98k   366.86    10.33k    71.90%
  Latency Distribution (HdrHistogram - Recorded Latency)
 50.000%    1.02ms
 75.000%    1.41ms
 90.000%    1.86ms
 99.000%    5.69ms
 99.900%   18.37ms
 99.990%  842.75ms
 99.999%  984.06ms
100.000%    1.00s 

  Detailed Percentile spectrum:
       Value   Percentile   TotalCount 1/(1-Percentile)

       0.061     0.000000            1         1.00
       0.395     0.100000      1774528         1.11
       0.580     0.200000      3544095         1.25
       0.739     0.300000      5318969         1.43
       0.885     0.400000      7082142         1.67
       1.025     0.500000      8855103         2.00
       1.094     0.550000      9740926         2.22
       1.164     0.600000     10627139         2.50
       1.238     0.650000     11511768         2.86
       1.319     0.700000     12395618         3.33
       1.411     0.750000     13274880         4.00
       1.464     0.775000     13721631         4.44
       1.522     0.800000     14162471         5.00
       1.587     0.825000     14605388         5.71
       1.660     0.850000     15042494         6.67
       1.748     0.875000     15486686         8.00
       1.800     0.887500     15708799         8.89
       1.859     0.900000     15927395        10.00
       1.930     0.912500     16150197        11.43
       2.017     0.925000     16371100        13.33
       2.133     0.937500     16592478        16.00
       2.207     0.943750     16702222        17.78
       2.297     0.950000     16811411        20.00
       2.413     0.956250     16923428        22.86
       2.561     0.962500     17033794        26.67
       2.765     0.968750     17143976        32.00
       2.903     0.971875     17198645        35.56
       3.089     0.975000     17254146        40.00
       3.343     0.978125     17309300        45.71
       3.719     0.981250     17364466        53.33
       4.287     0.984375     17419986        64.00
       4.655     0.985938     17447482        71.11
       5.039     0.987500     17475149        80.00
       5.427     0.989062     17502703        91.43
       5.879     0.990625     17530518       106.67
       6.491     0.992188     17557970       128.00
       6.923     0.992969     17571833       142.22
       7.483     0.993750     17585658       160.00
       8.019     0.994531     17599482       182.86
       8.535     0.995313     17613294       213.33
       9.303     0.996094     17627155       256.00
       9.831     0.996484     17634019       284.44
      10.511     0.996875     17640962       320.00
      11.223     0.997266     17647855       365.71
      11.991     0.997656     17654790       426.67
      12.919     0.998047     17661689       512.00
      13.551     0.998242     17665126       568.89
      14.407     0.998437     17668577       640.00
      15.343     0.998633     17672040       731.43
      16.655     0.998828     17675497       853.33
      18.655     0.999023     17678937      1024.00
      20.287     0.999121     17680673      1137.78
      22.863     0.999219     17682394      1280.00
      27.663     0.999316     17684118      1462.86
      78.015     0.999414     17685845      1706.67
     231.807     0.999512     17687578      2048.00
     308.991     0.999561     17688442      2275.56
     385.279     0.999609     17689305      2560.00
     462.335     0.999658     17690166      2925.71
     538.623     0.999707     17691031      3413.33
     616.447     0.999756     17691897      4096.00
     655.359     0.999780     17692332      4551.11
     692.223     0.999805     17692758      5120.00
     731.135     0.999829     17693196      5851.43
     770.047     0.999854     17693629      6826.67
     808.959     0.999878     17694060      8192.00
     827.391     0.999890     17694272      9102.22
     845.823     0.999902     17694487     10240.00
     865.279     0.999915     17694704     11702.86
     884.735     0.999927     17694923     13653.33
     903.679     0.999939     17695134     16384.00
     913.919     0.999945     17695247     18204.44
     923.135     0.999951     17695350     20480.00
     932.351     0.999957     17695460     23405.71
     942.591     0.999963     17695568     27306.67
     951.295     0.999969     17695674     32768.00
     956.415     0.999973     17695728     36408.89
     961.535     0.999976     17695782     40960.00
     965.631     0.999979     17695836     46811.43
     970.751     0.999982     17695889     54613.33
     976.383     0.999985     17695949     65536.00
     977.919     0.999986     17695970     72817.78
     980.991     0.999988     17696002     81920.00
     983.551     0.999989     17696025     93622.86
     985.599     0.999991     17696052    109226.67
     988.159     0.999992     17696078    131072.00
     989.183     0.999993     17696092    145635.56
     990.719     0.999994     17696114    163840.00
     991.231     0.999995     17696128    187245.71
     991.743     0.999995     17696133    218453.33
     993.791     0.999996     17696149    262144.00
     994.303     0.999997     17696153    291271.11
     995.327     0.999997     17696159    327680.00
     996.351     0.999997     17696175    374491.43
     996.351     0.999998     17696175    436906.67
     996.863     0.999998     17696183    524288.00
     996.863     0.999998     17696183    582542.22
     997.375     0.999998     17696188    655360.00
     997.887     0.999999     17696191    748982.86
     998.911     0.999999     17696193    873813.33
    1000.959     0.999999     17696199   1048576.00
    1000.959     0.999999     17696199   1165084.44
    1001.471     0.999999     17696200   1310720.00
    1001.983     0.999999     17696209   1497965.71
    1001.983     0.999999     17696209   1747626.67
    1001.983     1.000000     17696209   2097152.00
    1001.983     1.000000     17696209   2330168.89
    1001.983     1.000000     17696209   2621440.00
    1001.983     1.000000     17696209   2995931.43
    1001.983     1.000000     17696209   3495253.33
    1001.983     1.000000     17696209   4194304.00
    1002.495     1.000000     17696212   4660337.78
    1002.495     1.000000     17696212   5242880.00
    1002.495     1.000000     17696212   5991862.86
    1002.495     1.000000     17696212   6990506.67
    1002.495     1.000000     17696212   8388608.00
    1002.495     1.000000     17696212   9320675.55
    1002.495     1.000000     17696212  10485760.00
    1002.495     1.000000     17696212  11983725.71
    1002.495     1.000000     17696212  13981013.34
    1002.495     1.000000     17696212  16777216.00
    1003.007     1.000000     17696213  18641351.10
    1003.007     1.000000     17696213          inf
#[Mean    =        1.495, StdDeviation   =       14.567]
#[Max     =     1002.496, Total count    =     17696213]
#[Buckets =           27, SubBuckets     =         2048]
----------------------------------------------------------
  17998128 requests in 10.00m, 2.78GB read
Requests/sec:  29996.75
Transfer/sec:      4.75MB
