Running 10m test @ http://localhost:9999/math/plus?x=1&y=2
  16 threads and 400 connections
  Thread calibration: mean lat.: 2.141ms, rate sampling interval: 10ms
  Thread calibration: mean lat.: 2.125ms, rate sampling interval: 10ms
  Thread calibration: mean lat.: 1.548ms, rate sampling interval: 10ms
  Thread calibration: mean lat.: 2.099ms, rate sampling interval: 10ms
  Thread calibration: mean lat.: 1.912ms, rate sampling interval: 10ms
  Thread calibration: mean lat.: 78.237ms, rate sampling interval: 556ms
  Thread calibration: mean lat.: 67.302ms, rate sampling interval: 344ms
  Thread calibration: mean lat.: 75.452ms, rate sampling interval: 560ms
  Thread calibration: mean lat.: 2.202ms, rate sampling interval: 10ms
  Thread calibration: mean lat.: 81.091ms, rate sampling interval: 658ms
  Thread calibration: mean lat.: 1.976ms, rate sampling interval: 10ms
  Thread calibration: mean lat.: 80.015ms, rate sampling interval: 659ms
  Thread calibration: mean lat.: 1.963ms, rate sampling interval: 10ms
  Thread calibration: mean lat.: 80.557ms, rate sampling interval: 658ms
  Thread calibration: mean lat.: 80.860ms, rate sampling interval: 662ms
  Thread calibration: mean lat.: 2.090ms, rate sampling interval: 10ms
  Thread Stats   Avg      Stdev     Max   +/- Stdev
    Latency     3.08ms    2.68ms  46.98ms   82.08%
    Req/Sec   661.86    476.53     3.11k    77.80%
  Latency Distribution (HdrHistogram - Recorded Latency)
 50.000%    1.96ms
 75.000%    4.29ms
 90.000%    7.31ms
 99.000%   11.30ms
 99.900%   14.85ms
 99.990%   20.16ms
 99.999%   29.97ms
100.000%   47.01ms

  Detailed Percentile spectrum:
       Value   Percentile   TotalCount 1/(1-Percentile)

       0.086     0.000000            1         1.00
       0.759     0.100000       591616         1.11
       1.053     0.200000      1181706         1.25
       1.312     0.300000      1770966         1.43
       1.585     0.400000      2359587         1.67
       1.959     0.500000      2950254         2.00
       2.203     0.550000      3246246         2.22
       2.515     0.600000      3539519         2.50
       2.939     0.650000      3834302         2.86
       3.529     0.700000      4129768         3.33
       4.287     0.750000      4425235         4.00
       4.723     0.775000      4572716         4.44
       5.195     0.800000      4719989         5.00
       5.687     0.825000      4866948         5.71
       6.211     0.850000      5014990         6.67
       6.751     0.875000      5161716         8.00
       7.023     0.887500      5235183         8.89
       7.307     0.900000      5309365        10.00
       7.611     0.912500      5382704        11.43
       7.943     0.925000      5456842        13.33
       8.327     0.937500      5531111        16.00
       8.535     0.943750      5567782        17.78
       8.759     0.950000      5605062        20.00
       8.999     0.956250      5641388        22.86
       9.271     0.962500      5677905        26.67
       9.583     0.968750      5714791        32.00
       9.759     0.971875      5733327        35.56
       9.951     0.975000      5751626        40.00
      10.167     0.978125      5769947        45.71
      10.415     0.981250      5788212        53.33
      10.695     0.984375      5806676        64.00
      10.847     0.985938      5815991        71.11
      11.007     0.987500      5825264        80.00
      11.183     0.989062      5834407        91.43
      11.399     0.990625      5843703       106.67
      11.647     0.992188      5852803       128.00
      11.791     0.992969      5857375       142.22
      11.951     0.993750      5861937       160.00
      12.135     0.994531      5866491       182.86
      12.359     0.995313      5871173       213.33
      12.623     0.996094      5875729       256.00
      12.775     0.996484      5878054       284.44
      12.951     0.996875      5880401       320.00
      13.143     0.997266      5882625       365.71
      13.391     0.997656      5884920       426.67
      13.703     0.998047      5887258       512.00
      13.887     0.998242      5888392       568.89
      14.087     0.998437      5889519       640.00
      14.343     0.998633      5890688       731.43
      14.615     0.998828      5891851       853.33
      14.887     0.999023      5892992      1024.00
      15.047     0.999121      5893549      1137.78
      15.231     0.999219      5894146      1280.00
      15.431     0.999316      5894703      1462.86
      15.655     0.999414      5895290      1706.67
      15.943     0.999512      5895851      2048.00
      16.143     0.999561      5896147      2275.56
      16.375     0.999609      5896427      2560.00
      16.687     0.999658      5896715      2925.71
      17.055     0.999707      5897001      3413.33
      17.551     0.999756      5897293      4096.00
      17.807     0.999780      5897443      4551.11
      18.079     0.999805      5897580      5120.00
      18.495     0.999829      5897723      5851.43
      18.959     0.999854      5897868      6826.67
      19.391     0.999878      5898009      8192.00
      19.791     0.999890      5898081      9102.22
      20.271     0.999902      5898154     10240.00
      20.783     0.999915      5898225     11702.86
      21.327     0.999927      5898297     13653.33
      22.063     0.999939      5898369     16384.00
      22.543     0.999945      5898405     18204.44
      23.151     0.999951      5898441     20480.00
      23.935     0.999957      5898478     23405.71
      24.575     0.999963      5898513     27306.67
      25.391     0.999969      5898551     32768.00
      25.679     0.999973      5898567     36408.89
      26.143     0.999976      5898585     40960.00
      26.479     0.999979      5898603     46811.43
      27.087     0.999982      5898621     54613.33
      27.535     0.999985      5898639     65536.00
      28.063     0.999986      5898648     72817.78
      29.023     0.999988      5898658     81920.00
      29.391     0.999989      5898666     93622.86
      30.191     0.999991      5898675    109226.67
      31.103     0.999992      5898684    131072.00
      31.599     0.999993      5898689    145635.56
      31.903     0.999994      5898693    163840.00
      32.575     0.999995      5898698    187245.71
      33.343     0.999995      5898702    218453.33
      34.527     0.999996      5898707    262144.00
      35.199     0.999997      5898709    291271.11
      35.551     0.999997      5898711    327680.00
      36.095     0.999997      5898715    374491.43
      36.223     0.999998      5898716    436906.67
      36.479     0.999998      5898718    524288.00
      36.639     0.999998      5898719    582542.22
      37.727     0.999998      5898720    655360.00
      39.359     0.999999      5898722    748982.86
      40.799     0.999999      5898723    873813.33
      40.831     0.999999      5898724   1048576.00
      40.831     0.999999      5898724   1165084.44
      41.407     0.999999      5898725   1310720.00
      46.367     0.999999      5898726   1497965.71
      46.367     0.999999      5898726   1747626.67
      46.591     1.000000      5898727   2097152.00
      46.591     1.000000      5898727   2330168.89
      46.591     1.000000      5898727   2621440.00
      46.751     1.000000      5898728   2995931.43
      46.751     1.000000      5898728   3495253.33
      46.751     1.000000      5898728   4194304.00
      46.751     1.000000      5898728   4660337.78
      46.751     1.000000      5898728   5242880.00
      47.007     1.000000      5898729   5991862.86
      47.007     1.000000      5898729          inf
#[Mean    =        3.076, StdDeviation   =        2.682]
#[Max     =       46.976, Total count    =      5898729]
#[Buckets =           27, SubBuckets     =         2048]
----------------------------------------------------------
  5994776 requests in 10.00m, 0.93GB read
Requests/sec:   9991.26
Transfer/sec:      1.58MB
