Running 10m test @ http://localhost:9999/math/plus?x=1&y=2
  16 threads and 400 connections
  Thread calibration: mean lat.: 4.000ms, rate sampling interval: 14ms
  Thread calibration: mean lat.: 4.096ms, rate sampling interval: 15ms
  Thread calibration: mean lat.: 3.290ms, rate sampling interval: 11ms
  Thread calibration: mean lat.: 8.343ms, rate sampling interval: 15ms
  Thread calibration: mean lat.: 3.433ms, rate sampling interval: 14ms
  Thread calibration: mean lat.: 8.076ms, rate sampling interval: 14ms
  Thread calibration: mean lat.: 12.622ms, rate sampling interval: 17ms
  Thread calibration: mean lat.: 38.192ms, rate sampling interval: 26ms
  Thread calibration: mean lat.: 3.853ms, rate sampling interval: 14ms
  Thread calibration: mean lat.: 8.101ms, rate sampling interval: 15ms
  Thread calibration: mean lat.: 3.621ms, rate sampling interval: 13ms
  Thread calibration: mean lat.: 33.103ms, rate sampling interval: 21ms
  Thread calibration: mean lat.: 16.466ms, rate sampling interval: 16ms
  Thread calibration: mean lat.: 12.286ms, rate sampling interval: 15ms
  Thread calibration: mean lat.: 41.880ms, rate sampling interval: 26ms
  Thread calibration: mean lat.: 4.032ms, rate sampling interval: 13ms
  Thread Stats   Avg      Stdev     Max   +/- Stdev
    Latency     5.12ms   26.26ms   1.02s    99.44%
    Req/Sec     3.27k   778.33    17.90k    75.63%
  Latency Distribution (HdrHistogram - Recorded Latency)
 50.000%    3.04ms
 75.000%    5.20ms
 90.000%    7.80ms
 99.000%   19.90ms
 99.900%  486.65ms
 99.990%  954.37ms
 99.999%  999.93ms
100.000%    1.02s 

  Detailed Percentile spectrum:
       Value   Percentile   TotalCount 1/(1-Percentile)

       0.065     0.000000            1         1.00
       0.895     0.100000      2952552         1.11
       1.364     0.200000      5902822         1.25
       1.848     0.300000      8852403         1.43
       2.399     0.400000     11801589         1.67
       3.043     0.500000     14748386         2.00
       3.405     0.550000     16227297         2.22
       3.791     0.600000     17696897         2.50
       4.203     0.650000     19177333         2.86
       4.663     0.700000     20648498         3.33
       5.195     0.750000     22124490         4.00
       5.495     0.775000     22866035         4.44
       5.823     0.800000     23596548         5.00
       6.195     0.825000     24337254         5.71
       6.623     0.850000     25075296         6.67
       7.147     0.875000     25811286         8.00
       7.451     0.887500     26175927         8.89
       7.795     0.900000     26547360        10.00
       8.139     0.912500     26913719        11.43
       8.655     0.925000     27284412        13.33
       9.383     0.937500     27650992        16.00
       9.855     0.943750     27834852        17.78
      10.407     0.950000     28020024        20.00
      11.039     0.956250     28203850        22.86
      11.759     0.962500     28388733        26.67
      12.503     0.968750     28572831        32.00
      13.031     0.971875     28665475        35.56
      13.631     0.975000     28756818        40.00
      14.319     0.978125     28848816        45.71
      15.127     0.981250     28940971        53.33
      16.023     0.984375     29033117        64.00
      16.719     0.985938     29079650        71.11
      17.727     0.987500     29125350        80.00
      19.039     0.989062     29171403        91.43
      20.591     0.990625     29217258       106.67
      23.119     0.992188     29263339       128.00
      24.847     0.992969     29286464       142.22
      27.775     0.993750     29309424       160.00
      31.919     0.994531     29332422       182.86
      39.455     0.995313     29355453       213.33
      53.919     0.996094     29378491       256.00
      64.703     0.996484     29390028       284.44
      79.295     0.996875     29401539       320.00
      97.279     0.997266     29413045       365.71
     123.775     0.997656     29424575       426.67
     162.303     0.998047     29436100       512.00
     196.095     0.998242     29441860       568.89
     240.255     0.998437     29447611       640.00
     307.199     0.998633     29453384       731.43
     399.871     0.998828     29459132       853.33
     497.663     0.999023     29464889      1024.00
     550.911     0.999121     29467793      1137.78
     599.039     0.999219     29470655      1280.00
     652.287     0.999316     29473533      1462.86
     700.927     0.999414     29476426      1706.67
     752.127     0.999512     29479293      2048.00
     778.751     0.999561     29480731      2275.56
     805.887     0.999609     29482206      2560.00
     829.439     0.999658     29483612      2925.71
     857.087     0.999707     29485063      3413.33
     884.735     0.999756     29486494      4096.00
     895.999     0.999780     29487237      4551.11
     907.263     0.999805     29487952      5120.00
     918.527     0.999829     29488681      5851.43
     930.303     0.999854     29489372      6826.67
     943.103     0.999878     29490134      8192.00
     949.759     0.999890     29490464      9102.22
     955.391     0.999902     29490841     10240.00
     961.535     0.999915     29491187     11702.86
     967.679     0.999927     29491535     13653.33
     974.847     0.999939     29491900     16384.00
     977.919     0.999945     29492071     18204.44
     981.503     0.999951     29492271     20480.00
     984.063     0.999957     29492445     23405.71
     987.647     0.999963     29492638     27306.67
     990.719     0.999969     29492797     32768.00
     992.255     0.999973     29492891     36408.89
     994.303     0.999976     29492997     40960.00
     995.839     0.999979     29493090     46811.43
     996.863     0.999982     29493168     54613.33
     998.399     0.999985     29493253     65536.00
     998.911     0.999986     29493308     72817.78
     999.423     0.999988     29493368     81920.00
     999.935     0.999989     29493405     93622.86
    1000.447     0.999991     29493423    109226.67
    1001.471     0.999992     29493473    131072.00
    1001.983     0.999993     29493491    145635.56
    1003.007     0.999994     29493530    163840.00
    1003.519     0.999995     29493558    187245.71
    1003.519     0.999995     29493558    218453.33
    1004.543     0.999996     29493599    262144.00
    1004.543     0.999997     29493599    291271.11
    1005.055     0.999997     29493609    327680.00
    1005.567     0.999997     29493620    374491.43
    1006.079     0.999998     29493642    436906.67
    1006.079     0.999998     29493642    524288.00
    1006.079     0.999998     29493642    582542.22
    1006.591     0.999998     29493649    655360.00
    1007.103     0.999999     29493658    748982.86
    1007.103     0.999999     29493658    873813.33
    1007.615     0.999999     29493668   1048576.00
    1007.615     0.999999     29493668   1165084.44
    1008.127     0.999999     29493671   1310720.00
    1008.639     0.999999     29493675   1497965.71
    1008.639     0.999999     29493675   1747626.67
    1010.175     1.000000     29493677   2097152.00
    1011.199     1.000000     29493684   2330168.89
    1011.199     1.000000     29493684   2621440.00
    1011.199     1.000000     29493684   2995931.43
    1011.199     1.000000     29493684   3495253.33
    1011.199     1.000000     29493684   4194304.00
    1011.711     1.000000     29493685   4660337.78
    1012.223     1.000000     29493686   5242880.00
    1012.735     1.000000     29493687   5991862.86
    1012.735     1.000000     29493687   6990506.67
    1013.247     1.000000     29493689   8388608.00
    1013.247     1.000000     29493689   9320675.55
    1013.247     1.000000     29493689  10485760.00
    1013.247     1.000000     29493689  11983725.71
    1013.247     1.000000     29493689  13981013.34
    1017.343     1.000000     29493691  16777216.00
    1017.343     1.000000     29493691          inf
#[Mean    =        5.117, StdDeviation   =       26.260]
#[Max     =     1016.832, Total count    =     29493691]
#[Buckets =           27, SubBuckets     =         2048]
----------------------------------------------------------
  29993432 requests in 10.00m, 4.64GB read
Requests/sec:  49989.10
Transfer/sec:      7.91MB
