Running 10m test @ http://localhost:9999/math/plus?x=1&y=2
  16 threads and 400 connections
  Thread calibration: mean lat.: 2.787ms, rate sampling interval: 12ms
  Thread calibration: mean lat.: 2.799ms, rate sampling interval: 11ms
  Thread calibration: mean lat.: 27.521ms, rate sampling interval: 13ms
  Thread calibration: mean lat.: 2.603ms, rate sampling interval: 10ms
  Thread calibration: mean lat.: 2.743ms, rate sampling interval: 11ms
  Thread calibration: mean lat.: 2.718ms, rate sampling interval: 11ms
  Thread calibration: mean lat.: 24.607ms, rate sampling interval: 15ms
  Thread calibration: mean lat.: 2.927ms, rate sampling interval: 12ms
  Thread calibration: mean lat.: 2.771ms, rate sampling interval: 11ms
  Thread calibration: mean lat.: 7.159ms, rate sampling interval: 11ms
  Thread calibration: mean lat.: 6.756ms, rate sampling interval: 11ms
  Thread calibration: mean lat.: 15.147ms, rate sampling interval: 13ms
  Thread calibration: mean lat.: 2.734ms, rate sampling interval: 11ms
  Thread calibration: mean lat.: 7.136ms, rate sampling interval: 12ms
  Thread calibration: mean lat.: 2.723ms, rate sampling interval: 11ms
  Thread calibration: mean lat.: 36.534ms, rate sampling interval: 17ms
  Thread Stats   Avg      Stdev     Max   +/- Stdev
    Latency     3.47ms    6.57ms 407.81ms   95.70%
    Req/Sec     3.30k     0.88k   12.33k    76.77%
  Latency Distribution (HdrHistogram - Recorded Latency)
 50.000%    2.22ms
 75.000%    4.01ms
 90.000%    6.98ms
 99.000%   17.14ms
 99.900%   96.64ms
 99.990%  231.04ms
 99.999%  324.61ms
100.000%  408.06ms

  Detailed Percentile spectrum:
       Value   Percentile   TotalCount 1/(1-Percentile)

       0.064     0.000000            1         1.00
       0.741     0.100000      2956897         1.11
       1.093     0.200000      5905755         1.25
       1.425     0.300000      8855369         1.43
       1.784     0.400000     11800967         1.67
       2.219     0.500000     14758140         2.00
       2.475     0.550000     16224091         2.22
       2.771     0.600000     17704264         2.50
       3.117     0.650000     19175185         2.86
       3.525     0.700000     20648897         3.33
       4.013     0.750000     22125410         4.00
       4.303     0.775000     22861217         4.44
       4.643     0.800000     23599219         5.00
       5.055     0.825000     24338530         5.71
       5.555     0.850000     25073391         6.67
       6.179     0.875000     25807035         8.00
       6.555     0.887500     26175726         8.89
       6.983     0.900000     26545110        10.00
       7.455     0.912500     26913008        11.43
       7.931     0.925000     27284322        13.33
       8.551     0.937500     27650592        16.00
       8.959     0.943750     27837252        17.78
       9.423     0.950000     28019185        20.00
       9.975     0.956250     28204967        22.86
      10.639     0.962500     28388946        26.67
      11.415     0.968750     28573505        32.00
      11.815     0.971875     28665611        35.56
      12.231     0.975000     28757008        40.00
      12.839     0.978125     28849126        45.71
      13.615     0.981250     28941090        53.33
      14.615     0.984375     29032847        64.00
      15.215     0.985938     29079304        71.11
      15.823     0.987500     29125077        80.00
      16.527     0.989062     29171487        91.43
      17.615     0.990625     29217288       106.67
      19.087     0.992188     29263267       128.00
      19.919     0.992969     29286423       142.22
      21.039     0.993750     29309473       160.00
      22.703     0.994531     29332449       182.86
      24.927     0.995313     29355438       213.33
      28.879     0.996094     29378441       256.00
      31.999     0.996484     29389954       284.44
      36.159     0.996875     29401525       320.00
      41.823     0.997266     29413047       365.71
      49.215     0.997656     29424516       426.67
      58.559     0.998047     29436040       512.00
      63.871     0.998242     29441795       568.89
      69.695     0.998437     29447557       640.00
      77.055     0.998633     29453331       731.43
      86.527     0.998828     29459111       853.33
      98.239     0.999023     29464838      1024.00
     105.279     0.999121     29467719      1137.78
     113.215     0.999219     29470602      1280.00
     121.983     0.999316     29473471      1462.86
     132.223     0.999414     29476380      1706.67
     143.743     0.999512     29479236      2048.00
     150.143     0.999561     29480687      2275.56
     156.671     0.999609     29482126      2560.00
     163.967     0.999658     29483582      2925.71
     172.543     0.999707     29485005      3413.33
     183.295     0.999756     29486443      4096.00
     189.439     0.999780     29487156      4551.11
     195.839     0.999805     29487874      5120.00
     203.391     0.999829     29488601      5851.43
     211.583     0.999854     29489318      6826.67
     220.671     0.999878     29490036      8192.00
     225.791     0.999890     29490396      9102.22
     232.063     0.999902     29490754     10240.00
     238.719     0.999915     29491113     11702.86
     246.015     0.999927     29491473     13653.33
     254.463     0.999939     29491836     16384.00
     260.223     0.999945     29492013     18204.44
     266.495     0.999951     29492193     20480.00
     272.383     0.999957     29492374     23405.71
     278.527     0.999963     29492556     27306.67
     286.719     0.999969     29492736     32768.00
     290.815     0.999973     29492822     36408.89
     295.679     0.999976     29492913     40960.00
     300.031     0.999979     29493002     46811.43
     306.175     0.999982     29493094     54613.33
     312.575     0.999985     29493184     65536.00
     316.159     0.999986     29493227     72817.78
     319.999     0.999988     29493273     81920.00
     323.327     0.999989     29493317     93622.86
     326.911     0.999991     29493365    109226.67
     332.031     0.999992     29493407    131072.00
     333.567     0.999993     29493430    145635.56
     335.615     0.999994     29493455    163840.00
     338.687     0.999995     29493477    187245.71
     341.759     0.999995     29493498    218453.33
     346.367     0.999996     29493520    262144.00
     350.719     0.999997     29493531    291271.11
     354.559     0.999997     29493543    327680.00
     359.423     0.999997     29493554    374491.43
     363.263     0.999998     29493565    436906.67
     367.359     0.999998     29493576    524288.00
     371.199     0.999998     29493582    582542.22
     373.503     0.999998     29493587    655360.00
     377.087     0.999999     29493594    748982.86
     379.391     0.999999     29493600    873813.33
     381.695     0.999999     29493604   1048576.00
     382.719     0.999999     29493607   1165084.44
     384.255     0.999999     29493610   1310720.00
     385.279     0.999999     29493614   1497965.71
     386.815     0.999999     29493616   1747626.67
     387.839     1.000000     29493618   2097152.00
     389.375     1.000000     29493620   2330168.89
     390.655     1.000000     29493621   2621440.00
     393.983     1.000000     29493623   2995931.43
     394.751     1.000000     29493624   3495253.33
     397.567     1.000000     29493625   4194304.00
     399.871     1.000000     29493626   4660337.78
     400.383     1.000000     29493627   5242880.00
     400.895     1.000000     29493629   5991862.86
     400.895     1.000000     29493629   6990506.67
     400.895     1.000000     29493629   8388608.00
     400.895     1.000000     29493629   9320675.55
     402.431     1.000000     29493630  10485760.00
     402.431     1.000000     29493630  11983725.71
     402.431     1.000000     29493630  13981013.34
     406.015     1.000000     29493631  16777216.00
     406.015     1.000000     29493631  18641351.10
     406.015     1.000000     29493631  20971519.98
     406.015     1.000000     29493631  23967451.45
     406.015     1.000000     29493631  27962026.68
     408.063     1.000000     29493632  33554432.00
     408.063     1.000000     29493632          inf
#[Mean    =        3.471, StdDeviation   =        6.568]
#[Max     =      407.808, Total count    =     29493632]
#[Buckets =           27, SubBuckets     =         2048]
----------------------------------------------------------
  29996764 requests in 10.00m, 4.64GB read
Requests/sec:  49994.58
Transfer/sec:      7.91MB
