Running 10m test @ http://localhost:9999/math/plus?x=1&y=2
  16 threads and 400 connections
  Thread calibration: mean lat.: 278.694ms, rate sampling interval: 1712ms
  Thread calibration: mean lat.: 163.106ms, rate sampling interval: 898ms
  Thread calibration: mean lat.: 491.838ms, rate sampling interval: 2623ms
  Thread calibration: mean lat.: 370.757ms, rate sampling interval: 2230ms
  Thread calibration: mean lat.: 422.839ms, rate sampling interval: 2322ms
  Thread calibration: mean lat.: 379.510ms, rate sampling interval: 2075ms
  Thread calibration: mean lat.: 257.262ms, rate sampling interval: 1428ms
  Thread calibration: mean lat.: 474.879ms, rate sampling interval: 2637ms
  Thread calibration: mean lat.: 305.602ms, rate sampling interval: 1638ms
  Thread calibration: mean lat.: 304.932ms, rate sampling interval: 1910ms
  Thread calibration: mean lat.: 265.451ms, rate sampling interval: 1556ms
  Thread calibration: mean lat.: 291.017ms, rate sampling interval: 1682ms
  Thread calibration: mean lat.: 188.682ms, rate sampling interval: 990ms
  Thread calibration: mean lat.: 346.103ms, rate sampling interval: 1694ms
  Thread calibration: mean lat.: 209.891ms, rate sampling interval: 1178ms
  Thread calibration: mean lat.: 231.095ms, rate sampling interval: 1200ms
  Thread Stats   Avg      Stdev     Max   +/- Stdev
    Latency    13.26s    23.24s    3.23m    88.80%
    Req/Sec     3.57k   521.86     5.99k    69.63%
  Latency Distribution (HdrHistogram - Recorded Latency)
 50.000%    3.24s 
 75.000%   14.37s 
 90.000%   40.37s 
 99.000%    1.93m 
 99.900%    2.62m 
 99.990%    3.04m 
 99.999%    3.16m 
100.000%    3.23m 

  Detailed Percentile spectrum:
       Value   Percentile   TotalCount 1/(1-Percentile)

       0.098     0.000000            1         1.00
     212.351     0.100000      3370630         1.11
     553.471     0.200000      6743920         1.25
    1069.055     0.300000     10111259         1.43
    1879.039     0.400000     13482933         1.67
    3244.031     0.500000     16854362         2.00
    4292.607     0.550000     18541103         2.22
    5763.071     0.600000     20221236         2.50
    7782.399     0.650000     21907705         2.86
   10502.143     0.700000     23593753         3.33
   14368.767     0.750000     25277104         4.00
   16793.599     0.775000     26122043         4.44
   19660.799     0.800000     26961427         5.00
   23265.279     0.825000     27804261         5.71
   27525.119     0.850000     28648785         6.67
   33193.983     0.875000     29488961         8.00
   36405.247     0.887500     29913477         8.89
   40370.175     0.900000     30333252        10.00
   44892.159     0.912500     30755065        11.43
   50266.111     0.925000     31176086        13.33
   56262.655     0.937500     31597039        16.00
   59572.223     0.943750     31806766        17.78
   63766.527     0.950000     32017619        20.00
   68091.903     0.956250     32228163        22.86
   73007.103     0.962500     32438999        26.67
   79167.487     0.968750     32649049        32.00
   83099.647     0.971875     32754597        35.56
   87031.807     0.975000     32858774        40.00
   91357.183     0.978125     32965423        45.71
   95944.703     0.981250     33070323        53.33
  101711.871     0.984375     33175744        64.00
  105185.279     0.985938     33227882        71.11
  109379.583     0.987500     33280719        80.00
  113246.207     0.989062     33333041        91.43
  117571.583     0.990625     33385825       106.67
  122159.103     0.992188     33438493       128.00
  124387.327     0.992969     33464977       142.22
  126550.015     0.993750     33491059       160.00
  128647.167     0.994531     33517424       182.86
  131071.999     0.995313     33543891       213.33
  134152.191     0.996094     33570000       256.00
  136839.167     0.996484     33583179       284.44
  140115.967     0.996875     33596540       320.00
  142868.479     0.997266     33609997       365.71
  145096.703     0.997656     33622566       426.67
  147455.999     0.998047     33635487       512.00
  149159.935     0.998242     33642299       568.89
  150470.655     0.998437     33649276       640.00
  151781.375     0.998633     33655342       731.43
  154664.959     0.998828     33661939       853.33
  157417.471     0.999023     33668796      1024.00
  158334.975     0.999121     33671884      1137.78
  159514.623     0.999219     33675124      1280.00
  160694.271     0.999316     33678270      1462.86
  162922.495     0.999414     33681551      1706.67
  164757.503     0.999512     33684843      2048.00
  166199.295     0.999561     33686515      2275.56
  167510.015     0.999609     33688121      2560.00
  169345.023     0.999658     33689800      2925.71
  170786.815     0.999707     33691463      3413.33
  171966.463     0.999756     33693194      4096.00
  172621.823     0.999780     33693907      4551.11
  174063.615     0.999805     33694741      5120.00
  175636.479     0.999829     33695561      5851.43
  178126.847     0.999854     33696375      6826.67
  180879.359     0.999878     33697204      8192.00
  181403.647     0.999890     33697587      9102.22
  182452.223     0.999902     33697998     10240.00
  183369.727     0.999915     33698445     11702.86
  184287.231     0.999927     33698876     13653.33
  184811.519     0.999939     33699257     16384.00
  185073.663     0.999945     33699442     18204.44
  185335.807     0.999951     33699670     20480.00
  185729.023     0.999957     33699877     23405.71
  186122.239     0.999963     33700070     27306.67
  186515.455     0.999969     33700294     32768.00
  186646.527     0.999973     33700398     36408.89
  186777.599     0.999976     33700482     40960.00
  186908.671     0.999979     33700583     46811.43
  187039.743     0.999982     33700674     54613.33
  187301.887     0.999985     33700763     65536.00
  187957.247     0.999986     33700823     72817.78
  188481.535     0.999988     33700866     81920.00
  189530.111     0.999989     33700944     93622.86
  189792.255     0.999991     33700992    109226.67
  190316.543     0.999992     33701022    131072.00
  190578.687     0.999993     33701074    145635.56
  190578.687     0.999994     33701074    163840.00
  190709.759     0.999995     33701122    187245.71
  190840.831     0.999995     33701141    218453.33
  190971.903     0.999996     33701153    262144.00
  191234.047     0.999997     33701167    291271.11
  191889.407     0.999997     33701175    327680.00
  192151.551     0.999997     33701193    374491.43
  192413.695     0.999998     33701201    436906.67
  192544.767     0.999998     33701217    524288.00
  192675.839     0.999998     33701229    582542.22
  192675.839     0.999998     33701229    655360.00
  192806.911     0.999999     33701238    748982.86
  192937.983     0.999999     33701244    873813.33
  193069.055     0.999999     33701252   1048576.00
  193069.055     0.999999     33701252   1165084.44
  193069.055     0.999999     33701252   1310720.00
  193200.127     0.999999     33701257   1497965.71
  193331.199     0.999999     33701262   1747626.67
  193331.199     1.000000     33701262   2097152.00
  193462.271     1.000000     33701265   2330168.89
  193462.271     1.000000     33701265   2621440.00
  193593.343     1.000000     33701267   2995931.43
  193724.415     1.000000     33701277   3495253.33
  193724.415     1.000000     33701277          inf
#[Mean    =    13257.043, StdDeviation   =    23235.945]
#[Max     =   193593.344, Total count    =     33701277]
#[Buckets =           27, SubBuckets     =         2048]
----------------------------------------------------------
  34266509 requests in 10.00m, 5.30GB read
Requests/sec:  57110.96
Transfer/sec:      9.04MB
