Running 10m test @ http://localhost:9999/math/plus?x=1&y=2
  16 threads and 400 connections
  Thread calibration: mean lat.: 456.121ms, rate sampling interval: 2566ms
  Thread calibration: mean lat.: 198.317ms, rate sampling interval: 1135ms
  Thread calibration: mean lat.: 236.883ms, rate sampling interval: 1333ms
  Thread calibration: mean lat.: 226.697ms, rate sampling interval: 1192ms
  Thread calibration: mean lat.: 329.638ms, rate sampling interval: 1718ms
  Thread calibration: mean lat.: 339.944ms, rate sampling interval: 2045ms
  Thread calibration: mean lat.: 280.425ms, rate sampling interval: 1511ms
  Thread calibration: mean lat.: 317.009ms, rate sampling interval: 1977ms
  Thread calibration: mean lat.: 349.386ms, rate sampling interval: 1943ms
  Thread calibration: mean lat.: 390.888ms, rate sampling interval: 2228ms
  Thread calibration: mean lat.: 257.634ms, rate sampling interval: 1529ms
  Thread calibration: mean lat.: 184.503ms, rate sampling interval: 1026ms
  Thread calibration: mean lat.: 339.543ms, rate sampling interval: 2018ms
  Thread calibration: mean lat.: 271.671ms, rate sampling interval: 1343ms
  Thread calibration: mean lat.: 467.253ms, rate sampling interval: 2670ms
  Thread calibration: mean lat.: 143.349ms, rate sampling interval: 754ms
  Thread Stats   Avg      Stdev     Max   +/- Stdev
    Latency    16.30s    25.77s    3.36m    86.38%
    Req/Sec     3.54k   521.08     6.07k    69.00%
  Latency Distribution (HdrHistogram - Recorded Latency)
 50.000%    3.90s 
 75.000%   20.74s 
 90.000%    0.88m 
 99.000%    1.90m 
 99.900%    2.68m 
 99.990%    3.06m 
 99.999%    3.32m 
100.000%    3.36m 

  Detailed Percentile spectrum:
       Value   Percentile   TotalCount 1/(1-Percentile)

       0.085     0.000000            1         1.00
     172.927     0.100000      3336750         1.11
     486.143     0.200000      6673767         1.25
    1022.975     0.300000     10010505         1.43
    1988.607     0.400000     13346666         1.67
    3897.343     0.500000     16683934         2.00
    5545.983     0.550000     18353002         2.22
    7839.743     0.600000     20019933         2.50
   10854.399     0.650000     21690691         2.86
   15056.895     0.700000     23358690         3.33
   20742.143     0.750000     25028513         4.00
   24117.247     0.775000     25859421         4.44
   28540.927     0.800000     26694546         5.00
   33587.199     0.825000     27531921         5.71
   38699.007     0.850000     28365811         6.67
   45318.143     0.875000     29196451         8.00
   48889.855     0.887500     29612395         8.89
   52559.871     0.900000     30031263        10.00
   56786.943     0.912500     30447478        11.43
   61308.927     0.925000     30863729        13.33
   66191.359     0.937500     31281826        16.00
   69140.479     0.943750     31489681        17.78
   72810.495     0.950000     31699093        20.00
   77201.407     0.956250     31906998        22.86
   82378.751     0.962500     32116681        26.67
   88211.455     0.968750     32325137        32.00
   91160.575     0.971875     32429877        35.56
   94765.055     0.975000     32533453        40.00
   97845.247     0.978125     32636871        45.71
  101122.047     0.981250     32742086        53.33
  104988.671     0.984375     32846361        64.00
  107020.287     0.985938     32897442        71.11
  109182.975     0.987500     32949076        80.00
  112001.023     0.989062     33002102        91.43
  115212.287     0.990625     33053621       106.67
  119341.055     0.992188     33105854       128.00
  121700.351     0.992969     33131479       142.22
  124911.615     0.993750     33158236       160.00
  127533.055     0.994531     33183960       182.86
  130678.783     0.995313     33209705       213.33
  134479.871     0.996094     33236575       256.00
  136314.879     0.996484     33249061       284.44
  138543.103     0.996875     33262375       320.00
  140640.255     0.997266     33275165       365.71
  144048.127     0.997656     33288388       426.67
  149159.935     0.998047     33301019       512.00
  151519.231     0.998242     33307615       568.89
  153092.095     0.998437     33314008       640.00
  154927.103     0.998633     33320733       731.43
  157679.615     0.998828     33327084       853.33
  161873.919     0.999023     33333643      1024.00
  164102.143     0.999121     33336745      1137.78
  166199.295     0.999219     33340065      1280.00
  167510.015     0.999316     33343431      1462.86
  168951.807     0.999414     33346663      1706.67
  170917.887     0.999512     33349842      2048.00
  172359.679     0.999561     33351507      2275.56
  173146.111     0.999609     33353059      2560.00
  174325.759     0.999658     33354734      2925.71
  176160.767     0.999707     33356327      3413.33
  177209.343     0.999756     33357971      4096.00
  177995.775     0.999780     33358843      4551.11
  178782.207     0.999805     33359602      5120.00
  180223.999     0.999829     33360391      5851.43
  181796.863     0.999854     33361226      6826.67
  182976.511     0.999878     33362088      8192.00
  183369.727     0.999890     33362496      9102.22
  183762.943     0.999902     33362836     10240.00
  184287.231     0.999915     33363280     11702.86
  185597.951     0.999927     33363630     13653.33
  188088.319     0.999939     33364041     16384.00
  189792.255     0.999945     33364243     18204.44
  190185.471     0.999951     33364484     20480.00
  190971.903     0.999957     33364650     23405.71
  192937.983     0.999963     33364849     27306.67
  194379.775     0.999969     33365090     32768.00
  194510.847     0.999973     33365186     36408.89
  195166.207     0.999976     33365271     40960.00
  195821.567     0.999979     33365367     46811.43
  196739.071     0.999982     33365461     54613.33
  198311.935     0.999985     33365563     65536.00
  198574.079     0.999986     33365623     72817.78
  199098.367     0.999988     33365703     81920.00
  199229.439     0.999989     33365718     93622.86
  199753.727     0.999991     33365774    109226.67
  200146.943     0.999992     33365846    131072.00
  200146.943     0.999993     33365846    145635.56
  200278.015     0.999994     33365889    163840.00
  200409.087     0.999995     33365909    187245.71
  200540.159     0.999995     33365923    218453.33
  200671.231     0.999996     33365943    262144.00
  200802.303     0.999997     33365959    291271.11
  200933.375     0.999997     33365981    327680.00
  200933.375     0.999997     33365981    374491.43
  201195.519     0.999998     33366003    436906.67
  201326.591     0.999998     33366013    524288.00
  201326.591     0.999998     33366013    582542.22
  201588.735     0.999998     33366039    655360.00
  201588.735     0.999999     33366039    748982.86
  201588.735     0.999999     33366039    873813.33
  201588.735     0.999999     33366039   1048576.00
  201719.807     0.999999     33366059   1165084.44
  201719.807     0.999999     33366059   1310720.00
  201719.807     0.999999     33366059   1497965.71
  201719.807     0.999999     33366059   1747626.67
  201719.807     1.000000     33366059   2097152.00
  201719.807     1.000000     33366059   2330168.89
  201719.807     1.000000     33366059   2621440.00
  201719.807     1.000000     33366059   2995931.43
  201850.879     1.000000     33366070   3495253.33
  201850.879     1.000000     33366070          inf
#[Mean    =    16304.369, StdDeviation   =    25774.569]
#[Max     =   201719.808, Total count    =     33366070]
#[Buckets =           27, SubBuckets     =         2048]
----------------------------------------------------------
  33929800 requests in 10.00m, 5.25GB read
Requests/sec:  56549.78
Transfer/sec:      8.95MB
