Running 10m test @ http://localhost:9999/math/plus?x=1&y=2
  16 threads and 400 connections
  Thread calibration: mean lat.: 19.078ms, rate sampling interval: 10ms
  Thread calibration: mean lat.: 10.528ms, rate sampling interval: 10ms
  Thread calibration: mean lat.: 2.143ms, rate sampling interval: 10ms
  Thread calibration: mean lat.: 2.177ms, rate sampling interval: 10ms
  Thread calibration: mean lat.: 2.005ms, rate sampling interval: 10ms
  Thread calibration: mean lat.: 15.009ms, rate sampling interval: 10ms
  Thread calibration: mean lat.: 2.436ms, rate sampling interval: 10ms
  Thread calibration: mean lat.: 2.089ms, rate sampling interval: 10ms
  Thread calibration: mean lat.: 2.111ms, rate sampling interval: 10ms
  Thread calibration: mean lat.: 6.465ms, rate sampling interval: 10ms
  Thread calibration: mean lat.: 2.224ms, rate sampling interval: 10ms
  Thread calibration: mean lat.: 2.217ms, rate sampling interval: 10ms
  Thread calibration: mean lat.: 2.266ms, rate sampling interval: 10ms
  Thread calibration: mean lat.: 27.248ms, rate sampling interval: 10ms
  Thread calibration: mean lat.: 2.155ms, rate sampling interval: 10ms
  Thread calibration: mean lat.: 2.247ms, rate sampling interval: 10ms
  Thread Stats   Avg      Stdev     Max   +/- Stdev
    Latency     3.67ms   26.90ms   1.01s    99.61%
    Req/Sec     3.34k     0.91k   18.22k    79.66%
  Latency Distribution (HdrHistogram - Recorded Latency)
 50.000%    1.78ms
 75.000%    2.98ms
 90.000%    5.00ms
 99.000%   15.43ms
 99.900%  532.48ms
 99.990%  956.41ms
 99.999%  997.89ms
100.000%    1.01s 

  Detailed Percentile spectrum:
       Value   Percentile   TotalCount 1/(1-Percentile)

       0.055     0.000000            1         1.00
       0.662     0.100000      2951171         1.11
       0.955     0.200000      5906630         1.25
       1.215     0.300000      8851262         1.43
       1.483     0.400000     11805374         1.67
       1.781     0.500000     14754968         2.00
       1.953     0.550000     16228202         2.22
       2.149     0.600000     17706336         2.50
       2.377     0.650000     19182046         2.86
       2.647     0.700000     20647266         3.33
       2.983     0.750000     22127786         4.00
       3.183     0.775000     22858179         4.44
       3.413     0.800000     23596671         5.00
       3.683     0.825000     24332899         5.71
       3.999     0.850000     25073441         6.67
       4.395     0.875000     25808620         8.00
       4.663     0.887500     26178488         8.89
       4.999     0.900000     26545078        10.00
       5.427     0.912500     26914704        11.43
       5.971     0.925000     27282268        13.33
       6.691     0.937500     27650542        16.00
       7.115     0.943750     27835268        17.78
       7.539     0.950000     28019066        20.00
       7.923     0.956250     28203759        22.86
       8.407     0.962500     28389276        26.67
       9.111     0.968750     28573668        32.00
       9.575     0.971875     28665410        35.56
      10.135     0.975000     28756642        40.00
      10.815     0.978125     28848716        45.71
      11.559     0.981250     28941462        53.33
      12.359     0.984375     29033247        64.00
      12.975     0.985938     29079441        71.11
      13.759     0.987500     29125185        80.00
      14.783     0.989062     29171305        91.43
      15.847     0.990625     29217448       106.67
      17.439     0.992188     29263294       128.00
      18.671     0.992969     29286313       142.22
      19.999     0.993750     29309608       160.00
      22.095     0.994531     29332444       182.86
      25.087     0.995313     29355465       213.33
      30.543     0.996094     29378492       256.00
      35.071     0.996484     29390029       284.44
      42.175     0.996875     29401544       320.00
      54.239     0.997266     29413038       365.71
      76.159     0.997656     29424568       426.67
     125.119     0.998047     29436078       512.00
     184.575     0.998242     29441838       568.89
     269.567     0.998437     29447600       640.00
     359.423     0.998633     29453369       731.43
     452.095     0.998828     29459128       853.33
     544.255     0.999023     29464897      1024.00
     590.335     0.999121     29467783      1137.78
     636.927     0.999219     29470652      1280.00
     683.007     0.999316     29473558      1462.86
     729.599     0.999414     29476426      1706.67
     775.167     0.999512     29479299      2048.00
     798.719     0.999561     29480747      2275.56
     820.735     0.999609     29482181      2560.00
     844.799     0.999658     29483618      2925.71
     866.303     0.999707     29485055      3413.33
     888.319     0.999756     29486514      4096.00
     900.095     0.999780     29487223      4551.11
     911.359     0.999805     29487936      5120.00
     923.135     0.999829     29488659      5851.43
     934.911     0.999854     29489373      6826.67
     946.175     0.999878     29490104      8192.00
     951.807     0.999890     29490469      9102.22
     957.439     0.999902     29490810     10240.00
     963.583     0.999915     29491192     11702.86
     969.215     0.999927     29491544     13653.33
     975.359     0.999939     29491919     16384.00
     977.919     0.999945     29492082     18204.44
     980.479     0.999951     29492259     20480.00
     983.551     0.999957     29492458     23405.71
     986.111     0.999963     29492603     27306.67
     988.671     0.999969     29492803     32768.00
     990.719     0.999973     29492888     36408.89
     991.743     0.999976     29492963     40960.00
     993.279     0.999979     29493067     46811.43
     994.815     0.999982     29493180     54613.33
     995.327     0.999985     29493239     65536.00
     996.351     0.999986     29493311     72817.78
     996.863     0.999988     29493333     81920.00
     997.887     0.999989     29493388     93622.86
     998.399     0.999991     29493420    109226.67
     999.423     0.999992     29493498    131072.00
     999.423     0.999993     29493498    145635.56
     999.935     0.999994     29493527    163840.00
     999.935     0.999995     29493527    187245.71
    1000.447     0.999995     29493555    218453.33
    1000.959     0.999996     29493572    262144.00
    1001.471     0.999997     29493586    291271.11
    1001.983     0.999997     29493598    327680.00
    1002.495     0.999997     29493623    374491.43
    1002.495     0.999998     29493623    436906.67
    1003.007     0.999998     29493638    524288.00
    1003.007     0.999998     29493638    582542.22
    1003.007     0.999998     29493638    655360.00
    1003.519     0.999999     29493648    748982.86
    1004.031     0.999999     29493655    873813.33
    1004.031     0.999999     29493655   1048576.00
    1004.543     0.999999     29493666   1165084.44
    1004.543     0.999999     29493666   1310720.00
    1004.543     0.999999     29493666   1497965.71
    1004.543     0.999999     29493666   1747626.67
    1006.079     1.000000     29493668   2097152.00
    1006.591     1.000000     29493671   2330168.89
    1006.591     1.000000     29493671   2621440.00
    1008.127     1.000000     29493678   2995931.43
    1008.127     1.000000     29493678   3495253.33
    1008.127     1.000000     29493678   4194304.00
    1008.127     1.000000     29493678   4660337.78
    1008.127     1.000000     29493678   5242880.00
    1008.127     1.000000     29493678   5991862.86
    1008.127     1.000000     29493678   6990506.67
    1008.639     1.000000     29493682   8388608.00
    1008.639     1.000000     29493682          inf
#[Mean    =        3.670, StdDeviation   =       26.901]
#[Max     =     1008.128, Total count    =     29493682]
#[Buckets =           27, SubBuckets     =         2048]
----------------------------------------------------------
  29996534 requests in 10.00m, 4.64GB read
Requests/sec:  49994.30
Transfer/sec:      7.91MB
