Running 10m test @ http://localhost:9999/math/plus?x=1&y=2
  16 threads and 400 connections
  Thread calibration: mean lat.: 12.714ms, rate sampling interval: 30ms
  Thread calibration: mean lat.: 84.874ms, rate sampling interval: 745ms
  Thread calibration: mean lat.: 42.284ms, rate sampling interval: 51ms
  Thread calibration: mean lat.: 41.904ms, rate sampling interval: 49ms
  Thread calibration: mean lat.: 28.927ms, rate sampling interval: 33ms
  Thread calibration: mean lat.: 25.097ms, rate sampling interval: 34ms
  Thread calibration: mean lat.: 7.852ms, rate sampling interval: 20ms
  Thread calibration: mean lat.: 50.441ms, rate sampling interval: 69ms
  Thread calibration: mean lat.: 80.353ms, rate sampling interval: 668ms
  Thread calibration: mean lat.: 17.113ms, rate sampling interval: 30ms
  Thread calibration: mean lat.: 67.746ms, rate sampling interval: 394ms
  Thread calibration: mean lat.: 4.181ms, rate sampling interval: 24ms
  Thread calibration: mean lat.: 3.406ms, rate sampling interval: 19ms
  Thread calibration: mean lat.: 51.302ms, rate sampling interval: 67ms
  Thread calibration: mean lat.: 8.471ms, rate sampling interval: 25ms
  Thread calibration: mean lat.: 38.074ms, rate sampling interval: 48ms
  Thread Stats   Avg      Stdev     Max   +/- Stdev
    Latency     3.94ms    7.16ms  95.62ms   90.14%
    Req/Sec     1.91k   445.86     8.65k    76.23%
  Latency Distribution (HdrHistogram - Recorded Latency)
 50.000%    1.44ms
 75.000%    2.80ms
 90.000%   10.90ms
 99.000%   36.48ms
 99.900%   52.93ms
 99.990%   65.18ms
 99.999%   75.97ms
100.000%   95.68ms

  Detailed Percentile spectrum:
       Value   Percentile   TotalCount 1/(1-Percentile)

       0.066     0.000000            1         1.00
       0.503     0.100000      1775699         1.11
       0.755     0.200000      3541246         1.25
       0.978     0.300000      5315144         1.43
       1.191     0.400000      7080715         1.67
       1.438     0.500000      8852920         2.00
       1.583     0.550000      9733633         2.22
       1.757     0.600000     10619328         2.50
       1.988     0.650000     11504530         2.86
       2.321     0.700000     12388484         3.33
       2.803     0.750000     13272534         4.00
       3.133     0.775000     13715406         4.44
       3.575     0.800000     14158561         5.00
       4.243     0.825000     14600602         5.71
       5.383     0.850000     15041952         6.67
       7.759     0.875000     15484397         8.00
       9.255     0.887500     15705950         8.89
      10.903     0.900000     15927361        10.00
      12.767     0.912500     16147892        11.43
      14.927     0.925000     16369545        13.33
      17.375     0.937500     16590986        16.00
      18.735     0.943750     16701448        17.78
      20.191     0.950000     16811583        20.00
      21.775     0.956250     16922433        22.86
      23.503     0.962500     17033313        26.67
      25.471     0.968750     17143954        32.00
      26.591     0.971875     17199225        35.56
      27.855     0.975000     17254397        40.00
      29.247     0.978125     17309589        45.71
      30.783     0.981250     17364503        53.33
      32.527     0.984375     17419865        64.00
      33.503     0.985938     17447756        71.11
      34.559     0.987500     17475258        80.00
      35.711     0.989062     17502795        91.43
      37.023     0.990625     17530799       106.67
      38.495     0.992188     17558138       128.00
      39.359     0.992969     17572047       142.22
      40.287     0.993750     17585744       160.00
      41.375     0.994531     17599650       182.86
      42.591     0.995313     17613648       213.33
      43.967     0.996094     17627363       256.00
      44.767     0.996484     17634321       284.44
      45.599     0.996875     17641032       320.00
      46.527     0.997266     17648092       365.71
      47.583     0.997656     17654832       426.67
      48.799     0.998047     17661829       512.00
      49.439     0.998242     17665223       568.89
      50.175     0.998437     17668655       640.00
      51.007     0.998633     17672167       731.43
      51.935     0.998828     17675519       853.33
      53.055     0.999023     17679055      1024.00
      53.695     0.999121     17680777      1137.78
      54.431     0.999219     17682468      1280.00
      55.263     0.999316     17684215      1462.86
      56.159     0.999414     17685912      1706.67
      57.247     0.999512     17687639      2048.00
      57.855     0.999561     17688526      2275.56
      58.495     0.999609     17689396      2560.00
      59.167     0.999658     17690222      2925.71
      59.967     0.999707     17691088      3413.33
      60.991     0.999756     17691958      4096.00
      61.439     0.999780     17692383      4551.11
      62.047     0.999805     17692816      5120.00
      62.623     0.999829     17693240      5851.43
      63.327     0.999854     17693670      6826.67
      64.191     0.999878     17694102      8192.00
      64.767     0.999890     17694319      9102.22
      65.311     0.999902     17694532     10240.00
      65.919     0.999915     17694752     11702.86
      66.751     0.999927     17694973     13653.33
      67.839     0.999939     17695189     16384.00
      68.287     0.999945     17695284     18204.44
      68.927     0.999951     17695401     20480.00
      69.375     0.999957     17695500     23405.71
      70.271     0.999963     17695613     27306.67
      71.167     0.999969     17695723     32768.00
      71.679     0.999973     17695772     36408.89
      72.255     0.999976     17695824     40960.00
      72.959     0.999979     17695878     46811.43
      73.599     0.999982     17695931     54613.33
      74.431     0.999985     17695986     65536.00
      74.751     0.999986     17696012     72817.78
      75.327     0.999988     17696045     81920.00
      75.775     0.999989     17696071     93622.86
      76.543     0.999991     17696095    109226.67
      77.823     0.999992     17696121    131072.00
      78.527     0.999993     17696136    145635.56
      79.359     0.999994     17696147    163840.00
      79.871     0.999995     17696164    187245.71
      80.575     0.999995     17696175    218453.33
      81.855     0.999996     17696188    262144.00
      82.239     0.999997     17696197    291271.11
      82.367     0.999997     17696201    327680.00
      82.687     0.999997     17696208    374491.43
      83.007     0.999998     17696215    436906.67
      83.711     0.999998     17696222    524288.00
      83.903     0.999998     17696227    582542.22
      83.967     0.999998     17696230    655360.00
      84.095     0.999999     17696232    748982.86
      84.671     0.999999     17696235    873813.33
      84.927     0.999999     17696239   1048576.00
      84.991     0.999999     17696240   1165084.44
      85.119     0.999999     17696242   1310720.00
      85.695     0.999999     17696244   1497965.71
      85.887     0.999999     17696245   1747626.67
      86.911     1.000000     17696247   2097152.00
      87.551     1.000000     17696248   2330168.89
      88.831     1.000000     17696249   2621440.00
      89.087     1.000000     17696250   2995931.43
      89.087     1.000000     17696250   3495253.33
      89.279     1.000000     17696251   4194304.00
      89.599     1.000000     17696252   4660337.78
      89.599     1.000000     17696252   5242880.00
      92.351     1.000000     17696253   5991862.86
      92.351     1.000000     17696253   6990506.67
      92.351     1.000000     17696253   8388608.00
      95.039     1.000000     17696254   9320675.55
      95.039     1.000000     17696254  10485760.00
      95.039     1.000000     17696254  11983725.71
      95.039     1.000000     17696254  13981013.34
      95.039     1.000000     17696254  16777216.00
      95.679     1.000000     17696255  18641351.10
      95.679     1.000000     17696255          inf
#[Mean    =        3.939, StdDeviation   =        7.162]
#[Max     =       95.616, Total count    =     17696255]
#[Buckets =           27, SubBuckets     =         2048]
----------------------------------------------------------
  17996102 requests in 10.00m, 2.78GB read
Requests/sec:  29993.47
Transfer/sec:      4.75MB
