Running 10m test @ http://localhost:9999/math/plus?x=1&y=2
  16 threads and 400 connections
  Thread calibration: mean lat.: 54.872ms, rate sampling interval: 137ms
  Thread calibration: mean lat.: 53.058ms, rate sampling interval: 156ms
  Thread calibration: mean lat.: 6.964ms, rate sampling interval: 25ms
  Thread calibration: mean lat.: 7.167ms, rate sampling interval: 28ms
  Thread calibration: mean lat.: 5.490ms, rate sampling interval: 20ms
  Thread calibration: mean lat.: 16.312ms, rate sampling interval: 30ms
  Thread calibration: mean lat.: 13.585ms, rate sampling interval: 22ms
  Thread calibration: mean lat.: 6.687ms, rate sampling interval: 23ms
  Thread calibration: mean lat.: 6.424ms, rate sampling interval: 22ms
  Thread calibration: mean lat.: 5.532ms, rate sampling interval: 20ms
  Thread calibration: mean lat.: 6.290ms, rate sampling interval: 24ms
  Thread calibration: mean lat.: 14.468ms, rate sampling interval: 23ms
  Thread calibration: mean lat.: 14.509ms, rate sampling interval: 25ms
  Thread calibration: mean lat.: 19.118ms, rate sampling interval: 25ms
  Thread calibration: mean lat.: 66.248ms, rate sampling interval: 339ms
  Thread calibration: mean lat.: 6.929ms, rate sampling interval: 25ms
  Thread Stats   Avg      Stdev     Max   +/- Stdev
    Latency     5.37ms   15.23ms   1.01s    97.81%
    Req/Sec     3.85k   672.76    10.71k    77.25%
  Latency Distribution (HdrHistogram - Recorded Latency)
 50.000%    3.07ms
 75.000%    5.72ms
 90.000%    9.70ms
 99.000%   35.55ms
 99.900%  221.31ms
 99.990%  551.42ms
 99.999%  960.51ms
100.000%    1.01s 

  Detailed Percentile spectrum:
       Value   Percentile   TotalCount 1/(1-Percentile)

       0.059     0.000000            1         1.00
       0.918     0.100000      3544984         1.11
       1.361     0.200000      7082924         1.25
       1.823     0.300000     10618059         1.43
       2.385     0.400000     14162714         1.67
       3.073     0.500000     17702802         2.00
       3.471     0.550000     19466295         2.22
       3.921     0.600000     21240672         2.50
       4.427     0.650000     23011640         2.86
       5.015     0.700000     24782858         3.33
       5.719     0.750000     26548627         4.00
       6.143     0.775000     27435228         4.44
       6.615     0.800000     28317721         5.00
       7.179     0.825000     29203837         5.71
       7.843     0.850000     30085711         6.67
       8.671     0.875000     30973048         8.00
       9.151     0.887500     31416697         8.89
       9.703     0.900000     31856452        10.00
      10.359     0.912500     32299478        11.43
      11.127     0.925000     32739086        13.33
      12.103     0.937500     33182920        16.00
      12.719     0.943750     33403001        17.78
      13.423     0.950000     33624302        20.00
      14.319     0.956250     33845393        22.86
      15.455     0.962500     34065352        26.67
      16.959     0.968750     34287541        32.00
      17.919     0.971875     34398212        35.56
      19.103     0.975000     34508851        40.00
      20.623     0.978125     34618610        45.71
      22.671     0.981250     34729148        53.33
      25.551     0.984375     34840000        64.00
      27.487     0.985938     34894939        71.11
      29.967     0.987500     34950233        80.00
      33.151     0.989062     35005585        91.43
      37.471     0.990625     35060980       106.67
      43.775     0.992188     35116035       128.00
      48.223     0.992969     35143850       142.22
      54.015     0.993750     35171336       160.00
      61.631     0.994531     35199004       182.86
      72.255     0.995313     35226675       213.33
      86.719     0.996094     35254307       256.00
      95.999     0.996484     35268176       284.44
     107.199     0.996875     35281997       320.00
     120.383     0.997266     35295770       365.71
     135.807     0.997656     35309641       426.67
     154.239     0.998047     35323452       512.00
     165.503     0.998242     35330355       568.89
     177.407     0.998437     35337255       640.00
     190.719     0.998633     35344188       731.43
     205.951     0.998828     35351091       853.33
     223.615     0.999023     35357978      1024.00
     233.087     0.999121     35361436      1137.78
     243.711     0.999219     35364890      1280.00
     257.023     0.999316     35368343      1462.86
     272.639     0.999414     35371799      1706.67
     290.815     0.999512     35375257      2048.00
     300.799     0.999561     35377020      2275.56
     313.599     0.999609     35378711      2560.00
     328.703     0.999658     35380456      2925.71
     346.623     0.999707     35382173      3413.33
     367.103     0.999756     35383904      4096.00
     382.207     0.999780     35384753      4551.11
     397.055     0.999805     35385627      5120.00
     414.719     0.999829     35386488      5851.43
     438.527     0.999854     35387351      6826.67
     480.255     0.999878     35388211      8192.00
     512.255     0.999890     35388642      9102.22
     562.687     0.999902     35389078     10240.00
     618.495     0.999915     35389507     11702.86
     669.695     0.999927     35389938     13653.33
     715.263     0.999939     35390370     16384.00
     751.615     0.999945     35390590     18204.44
     776.703     0.999951     35390801     20480.00
     805.887     0.999957     35391022     23405.71
     835.583     0.999963     35391238     27306.67
     860.159     0.999969     35391450     32768.00
     879.103     0.999973     35391557     36408.89
     897.023     0.999976     35391671     40960.00
     908.287     0.999979     35391773     46811.43
     924.159     0.999982     35391881     54613.33
     941.055     0.999985     35391989     65536.00
     946.175     0.999986     35392050     72817.78
     950.783     0.999988     35392102     81920.00
     958.463     0.999989     35392155     93622.86
     965.119     0.999991     35392208    109226.67
     973.823     0.999992     35392259    131072.00
     976.895     0.999993     35392288    145635.56
     978.943     0.999994     35392318    163840.00
     981.503     0.999995     35392342    187245.71
     983.551     0.999995     35392370    218453.33
     986.623     0.999996     35392395    262144.00
     989.183     0.999997     35392409    291271.11
     991.231     0.999997     35392422    327680.00
     994.303     0.999997     35392438    374491.43
     995.839     0.999998     35392449    436906.67
     997.375     0.999998     35392465    524288.00
     997.887     0.999998     35392471    582542.22
     998.399     0.999998     35392476    655360.00
     999.423     0.999999     35392486    748982.86
     999.935     0.999999     35392495    873813.33
    1000.447     0.999999     35392500   1048576.00
    1000.447     0.999999     35392500   1165084.44
    1000.959     0.999999     35392505   1310720.00
    1001.471     0.999999     35392509   1497965.71
    1001.471     0.999999     35392509   1747626.67
    1002.495     1.000000     35392516   2097152.00
    1002.495     1.000000     35392516   2330168.89
    1002.495     1.000000     35392516   2621440.00
    1003.007     1.000000     35392521   2995931.43
    1003.007     1.000000     35392521   3495253.33
    1003.007     1.000000     35392521   4194304.00
    1003.519     1.000000     35392524   4660337.78
    1003.519     1.000000     35392524   5242880.00
    1003.519     1.000000     35392524   5991862.86
    1003.519     1.000000     35392524   6990506.67
    1004.543     1.000000     35392525   8388608.00
    1006.079     1.000000     35392526   9320675.55
    1006.079     1.000000     35392526  10485760.00
    1006.591     1.000000     35392529  11983725.71
    1006.591     1.000000     35392529          inf
#[Mean    =        5.375, StdDeviation   =       15.232]
#[Max     =     1006.080, Total count    =     35392529]
#[Buckets =           27, SubBuckets     =         2048]
----------------------------------------------------------
  35992001 requests in 10.00m, 5.56GB read
Requests/sec:  59986.75
Transfer/sec:      9.50MB
