Running 10m test @ http://localhost:9999/math/plus?x=1&y=2
  16 threads and 400 connections
  Thread calibration: mean lat.: 1.065ms, rate sampling interval: 10ms
  Thread calibration: mean lat.: 1.144ms, rate sampling interval: 10ms
  Thread calibration: mean lat.: 1.107ms, rate sampling interval: 10ms
  Thread calibration: mean lat.: 1.050ms, rate sampling interval: 10ms
  Thread calibration: mean lat.: 1.105ms, rate sampling interval: 10ms
  Thread calibration: mean lat.: 1.125ms, rate sampling interval: 10ms
  Thread calibration: mean lat.: 1.049ms, rate sampling interval: 10ms
  Thread calibration: mean lat.: 1.105ms, rate sampling interval: 10ms
  Thread calibration: mean lat.: 1.102ms, rate sampling interval: 10ms
  Thread calibration: mean lat.: 1.160ms, rate sampling interval: 10ms
  Thread calibration: mean lat.: 1.114ms, rate sampling interval: 10ms
  Thread calibration: mean lat.: 1.091ms, rate sampling interval: 10ms
  Thread calibration: mean lat.: 1.083ms, rate sampling interval: 10ms
  Thread calibration: mean lat.: 1.151ms, rate sampling interval: 10ms
  Thread calibration: mean lat.: 1.108ms, rate sampling interval: 10ms
  Thread calibration: mean lat.: 1.143ms, rate sampling interval: 10ms
  Thread Stats   Avg      Stdev     Max   +/- Stdev
    Latency     1.30ms   11.92ms   1.00s    99.91%
    Req/Sec     1.98k   398.52    10.00k    71.63%
  Latency Distribution (HdrHistogram - Recorded Latency)
 50.000%    0.97ms
 75.000%    1.33ms
 90.000%    1.72ms
 99.000%    4.49ms
 99.900%   12.64ms
 99.990%  764.93ms
 99.999%  977.41ms
100.000%    1.00s 

  Detailed Percentile spectrum:
       Value   Percentile   TotalCount 1/(1-Percentile)

       0.056     0.000000            1         1.00
       0.371     0.100000      1771294         1.11
       0.544     0.200000      3546125         1.25
       0.695     0.300000      5316597         1.43
       0.834     0.400000      7079685         1.67
       0.968     0.500000      8851289         2.00
       1.034     0.550000      9736898         2.22
       1.101     0.600000     10626821         2.50
       1.169     0.650000     11504400         2.86
       1.243     0.700000     12388214         3.33
       1.327     0.750000     13274034         4.00
       1.374     0.775000     13717231         4.44
       1.426     0.800000     14164232         5.00
       1.483     0.825000     14600131         5.71
       1.550     0.850000     15047139         6.67
       1.628     0.875000     15488710         8.00
       1.673     0.887500     15708654         8.89
       1.723     0.900000     15927368        10.00
       1.782     0.912500     16149641        11.43
       1.852     0.925000     16369250        13.33
       1.943     0.937500     16591615        16.00
       2.000     0.943750     16701932        17.78
       2.071     0.950000     16812987        20.00
       2.161     0.956250     16922423        22.86
       2.285     0.962500     17033048        26.67
       2.467     0.968750     17144035        32.00
       2.589     0.971875     17198643        35.56
       2.747     0.975000     17254441        40.00
       2.949     0.978125     17309617        45.71
       3.211     0.981250     17364732        53.33
       3.561     0.984375     17419957        64.00
       3.775     0.985938     17447430        71.11
       4.011     0.987500     17475231        80.00
       4.291     0.989062     17502850        91.43
       4.655     0.990625     17530476       106.67
       5.127     0.992188     17558151       128.00
       5.407     0.992969     17571930       142.22
       5.755     0.993750     17585721       160.00
       6.191     0.994531     17599528       182.86
       6.743     0.995313     17613393       213.33
       7.483     0.996094     17627169       256.00
       7.947     0.996484     17634089       284.44
       8.391     0.996875     17641056       320.00
       8.959     0.997266     17647903       365.71
       9.567     0.997656     17654833       426.67
      10.231     0.998047     17661755       512.00
      10.583     0.998242     17665233       568.89
      10.935     0.998437     17668625       640.00
      11.415     0.998633     17672099       731.43
      12.007     0.998828     17675547       853.33
      12.735     0.999023     17678978      1024.00
      13.263     0.999121     17680704      1137.78
      13.967     0.999219     17682431      1280.00
      14.935     0.999316     17684169      1462.86
      16.095     0.999414     17685889      1706.67
      18.319     0.999512     17687618      2048.00
      21.871     0.999561     17688478      2275.56
      80.767     0.999609     17689342      2560.00
     194.559     0.999658     17690208      2925.71
     309.503     0.999707     17691070      3413.33
     425.727     0.999756     17691934      4096.00
     482.559     0.999780     17692366      4551.11
     540.159     0.999805     17692798      5120.00
     597.503     0.999829     17693232      5851.43
     656.383     0.999854     17693664      6826.67
     713.727     0.999878     17694098      8192.00
     741.887     0.999890     17694311      9102.22
     770.559     0.999902     17694532     10240.00
     799.231     0.999915     17694742     11702.86
     828.927     0.999927     17694961     13653.33
     857.087     0.999939     17695175     16384.00
     870.911     0.999945     17695284     18204.44
     885.759     0.999951     17695392     20480.00
     900.095     0.999957     17695499     23405.71
     915.455     0.999963     17695609     27306.67
     928.767     0.999969     17695714     32768.00
     935.935     0.999973     17695768     36408.89
     943.103     0.999976     17695824     40960.00
     950.783     0.999979     17695880     46811.43
     958.463     0.999982     17695933     54613.33
     965.631     0.999985     17695984     65536.00
     969.727     0.999986     17696012     72817.78
     972.799     0.999988     17696043     81920.00
     975.871     0.999989     17696066     93622.86
     979.967     0.999991     17696094    109226.67
     983.039     0.999992     17696120    131072.00
     985.087     0.999993     17696134    145635.56
     987.647     0.999994     17696150    163840.00
     988.671     0.999995     17696160    187245.71
     989.695     0.999995     17696173    218453.33
     991.743     0.999996     17696188    262144.00
     992.767     0.999997     17696194    291271.11
     993.791     0.999997     17696202    327680.00
     995.327     0.999997     17696210    374491.43
     995.839     0.999998     17696216    436906.67
     996.351     0.999998     17696223    524288.00
     996.863     0.999998     17696224    582542.22
     997.887     0.999998     17696227    655360.00
     998.399     0.999999     17696232    748982.86
     999.935     0.999999     17696235    873813.33
    1000.959     0.999999     17696239   1048576.00
    1000.959     0.999999     17696239   1165084.44
    1001.471     0.999999     17696246   1310720.00
    1001.471     0.999999     17696246   1497965.71
    1001.471     0.999999     17696246   1747626.67
    1001.471     1.000000     17696246   2097152.00
    1001.983     1.000000     17696248   2330168.89
    1001.983     1.000000     17696248   2621440.00
    1002.495     1.000000     17696250   2995931.43
    1002.495     1.000000     17696250   3495253.33
    1002.495     1.000000     17696250   4194304.00
    1003.007     1.000000     17696252   4660337.78
    1003.007     1.000000     17696252   5242880.00
    1003.007     1.000000     17696252   5991862.86
    1003.007     1.000000     17696252   6990506.67
    1003.007     1.000000     17696252   8388608.00
    1003.519     1.000000     17696253   9320675.55
    1003.519     1.000000     17696253  10485760.00
    1003.519     1.000000     17696253  11983725.71
    1003.519     1.000000     17696253  13981013.34
    1003.519     1.000000     17696253  16777216.00
    1004.031     1.000000     17696254  18641351.10
    1004.031     1.000000     17696254          inf
#[Mean    =        1.296, StdDeviation   =       11.917]
#[Max     =     1003.520, Total count    =     17696254]
#[Buckets =           27, SubBuckets     =         2048]
----------------------------------------------------------
  17998231 requests in 10.00m, 2.78GB read
Requests/sec:  29997.09
Transfer/sec:      4.75MB
