Running 10m test @ http://localhost:9999/math/plus?x=1&y=2
  16 threads and 400 connections
  Thread calibration: mean lat.: 7.836ms, rate sampling interval: 15ms
  Thread calibration: mean lat.: 2.830ms, rate sampling interval: 13ms
  Thread calibration: mean lat.: 28.835ms, rate sampling interval: 19ms
  Thread calibration: mean lat.: 3.899ms, rate sampling interval: 15ms
  Thread calibration: mean lat.: 8.150ms, rate sampling interval: 17ms
  Thread calibration: mean lat.: 7.927ms, rate sampling interval: 15ms
  Thread calibration: mean lat.: 3.941ms, rate sampling interval: 15ms
  Thread calibration: mean lat.: 28.849ms, rate sampling interval: 19ms
  Thread calibration: mean lat.: 7.978ms, rate sampling interval: 15ms
  Thread calibration: mean lat.: 16.493ms, rate sampling interval: 17ms
  Thread calibration: mean lat.: 7.919ms, rate sampling interval: 15ms
  Thread calibration: mean lat.: 24.493ms, rate sampling interval: 17ms
  Thread calibration: mean lat.: 25.454ms, rate sampling interval: 19ms
  Thread calibration: mean lat.: 8.161ms, rate sampling interval: 16ms
  Thread calibration: mean lat.: 28.890ms, rate sampling interval: 18ms
  Thread calibration: mean lat.: 3.974ms, rate sampling interval: 15ms
  Thread Stats   Avg      Stdev     Max   +/- Stdev
    Latency     4.01ms   13.21ms   1.01s    99.08%
    Req/Sec     3.90k     0.87k   15.46k    76.57%
  Latency Distribution (HdrHistogram - Recorded Latency)
 50.000%    2.71ms
 75.000%    4.77ms
 90.000%    7.50ms
 99.000%   16.75ms
 99.900%  102.91ms
 99.990%  774.66ms
 99.999%  980.99ms
100.000%    1.01s 

  Detailed Percentile spectrum:
       Value   Percentile   TotalCount 1/(1-Percentile)

       0.055     0.000000            1         1.00
       0.836     0.100000      3543176         1.11
       1.239     0.200000      7082112         1.25
       1.649     0.300000     10621608         1.43
       2.131     0.400000     14165753         1.67
       2.713     0.500000     17702096         2.00
       3.041     0.550000     19470246         2.22
       3.401     0.600000     21244081         2.50
       3.799     0.650000     23013670         2.86
       4.247     0.700000     24784325         3.33
       4.767     0.750000     26553666         4.00
       5.059     0.775000     27434997         4.44
       5.387     0.800000     28317653         5.00
       5.767     0.825000     29202537         5.71
       6.215     0.850000     30090193         6.67
       6.763     0.875000     30972492         8.00
       7.107     0.887500     31412410         8.89
       7.503     0.900000     31853916        10.00
       7.963     0.912500     32297405        11.43
       8.527     0.925000     32739044        13.33
       9.175     0.937500     33181585        16.00
       9.559     0.943750     33403761        17.78
       9.999     0.950000     33623658        20.00
      10.463     0.956250     33846201        22.86
      11.015     0.962500     34067467        26.67
      11.655     0.968750     34288176        32.00
      12.015     0.971875     34397982        35.56
      12.447     0.975000     34508401        40.00
      12.943     0.978125     34619814        45.71
      13.543     0.981250     34729433        53.33
      14.367     0.984375     34839824        64.00
      14.879     0.985938     34895534        71.11
      15.503     0.987500     34950535        80.00
      16.215     0.989062     35005598        91.43
      17.119     0.990625     35061610       106.67
      18.255     0.992188     35116613       128.00
      18.927     0.992969     35143689       142.22
      19.791     0.993750     35171285       160.00
      20.975     0.994531     35199063       182.86
      22.655     0.995313     35226595       213.33
      25.215     0.996094     35254264       256.00
      27.167     0.996484     35268109       284.44
      30.111     0.996875     35281924       320.00
      34.463     0.997266     35295769       365.71
      41.119     0.997656     35309566       426.67
      51.135     0.998047     35323372       512.00
      57.599     0.998242     35330273       568.89
      65.663     0.998437     35337221       640.00
      75.839     0.998633     35344124       731.43
      88.575     0.998828     35351002       853.33
     105.087     0.999023     35357911      1024.00
     115.391     0.999121     35361381      1137.78
     127.935     0.999219     35364829      1280.00
     144.639     0.999316     35368301      1462.86
     163.967     0.999414     35371758      1706.67
     189.567     0.999512     35375193      2048.00
     206.719     0.999561     35376926      2275.56
     227.711     0.999609     35378650      2560.00
     260.351     0.999658     35380377      2925.71
     331.263     0.999707     35382106      3413.33
     429.311     0.999756     35383834      4096.00
     485.887     0.999780     35384697      4551.11
     545.791     0.999805     35385564      5120.00
     601.599     0.999829     35386425      5851.43
     659.455     0.999854     35387289      6826.67
     718.335     0.999878     35388154      8192.00
     746.495     0.999890     35388587      9102.22
     782.335     0.999902     35389024     10240.00
     805.887     0.999915     35389451     11702.86
     832.511     0.999927     35389881     13653.33
     862.207     0.999939     35390314     16384.00
     881.663     0.999945     35390529     18204.44
     893.439     0.999951     35390747     20480.00
     905.215     0.999957     35390975     23405.71
     918.015     0.999963     35391178     27306.67
     934.911     0.999969     35391401     32768.00
     942.079     0.999973     35391502     36408.89
     947.199     0.999976     35391615     40960.00
     953.343     0.999979     35391722     46811.43
     962.047     0.999982     35391829     54613.33
     968.703     0.999985     35391933     65536.00
     972.287     0.999986     35391993     72817.78
     976.895     0.999988     35392048     81920.00
     979.455     0.999989     35392097     93622.86
     983.039     0.999991     35392150    109226.67
     986.623     0.999992     35392215    131072.00
     988.159     0.999993     35392237    145635.56
     989.695     0.999994     35392259    163840.00
     991.231     0.999995     35392285    187245.71
     994.303     0.999995     35392315    218453.33
     995.839     0.999996     35392348    262144.00
     996.351     0.999997     35392359    291271.11
     997.375     0.999997     35392371    327680.00
     997.887     0.999997     35392385    374491.43
     998.399     0.999998     35392396    436906.67
     998.911     0.999998     35392409    524288.00
     999.423     0.999998     35392418    582542.22
     999.935     0.999998     35392427    655360.00
     999.935     0.999999     35392427    748982.86
    1000.447     0.999999     35392435    873813.33
    1001.471     0.999999     35392444   1048576.00
    1001.471     0.999999     35392444   1165084.44
    1001.983     0.999999     35392450   1310720.00
    1001.983     0.999999     35392450   1497965.71
    1002.495     0.999999     35392455   1747626.67
    1003.007     1.000000     35392460   2097152.00
    1003.007     1.000000     35392460   2330168.89
    1003.007     1.000000     35392460   2621440.00
    1003.519     1.000000     35392463   2995931.43
    1003.519     1.000000     35392463   3495253.33
    1004.031     1.000000     35392466   4194304.00
    1004.031     1.000000     35392466   4660337.78
    1004.543     1.000000     35392468   5242880.00
    1004.543     1.000000     35392468   5991862.86
    1004.543     1.000000     35392468   6990506.67
    1005.055     1.000000     35392469   8388608.00
    1006.079     1.000000     35392471   9320675.55
    1006.079     1.000000     35392471  10485760.00
    1006.079     1.000000     35392471  11983725.71
    1006.079     1.000000     35392471  13981013.34
    1006.079     1.000000     35392471  16777216.00
    1007.615     1.000000     35392472  18641351.10
    1007.615     1.000000     35392472  20971519.98
    1007.615     1.000000     35392472  23967451.45
    1007.615     1.000000     35392472  27962026.68
    1007.615     1.000000     35392472  33554432.00
    1009.151     1.000000     35392473  37282702.28
    1009.151     1.000000     35392473          inf
#[Mean    =        4.009, StdDeviation   =       13.215]
#[Max     =     1008.640, Total count    =     35392473]
#[Buckets =           27, SubBuckets     =         2048]
----------------------------------------------------------
  35988575 requests in 10.00m, 5.56GB read
Requests/sec:  59981.05
Transfer/sec:      9.50MB
