Running 10m test @ http://localhost:9999/math/plus?x=1&y=2
  16 threads and 400 connections
  Thread calibration: mean lat.: 7.991ms, rate sampling interval: 32ms
  Thread calibration: mean lat.: 7.874ms, rate sampling interval: 32ms
  Thread calibration: mean lat.: 7.729ms, rate sampling interval: 32ms
  Thread calibration: mean lat.: 7.571ms, rate sampling interval: 32ms
  Thread calibration: mean lat.: 8.543ms, rate sampling interval: 35ms
  Thread calibration: mean lat.: 7.592ms, rate sampling interval: 31ms
  Thread calibration: mean lat.: 7.823ms, rate sampling interval: 32ms
  Thread calibration: mean lat.: 7.600ms, rate sampling interval: 31ms
  Thread calibration: mean lat.: 7.274ms, rate sampling interval: 31ms
  Thread calibration: mean lat.: 7.862ms, rate sampling interval: 32ms
  Thread calibration: mean lat.: 8.789ms, rate sampling interval: 37ms
  Thread calibration: mean lat.: 8.137ms, rate sampling interval: 35ms
  Thread calibration: mean lat.: 7.663ms, rate sampling interval: 31ms
  Thread calibration: mean lat.: 7.483ms, rate sampling interval: 32ms
  Thread calibration: mean lat.: 7.063ms, rate sampling interval: 29ms
  Thread calibration: mean lat.: 8.803ms, rate sampling interval: 38ms
  Thread Stats   Avg      Stdev     Max   +/- Stdev
    Latency    13.33ms   46.62ms   2.01s    98.19%
    Req/Sec     3.82k   628.80    11.69k    74.12%
  Latency Distribution (HdrHistogram - Recorded Latency)
 50.000%    6.77ms
 75.000%   12.29ms
 90.000%   21.15ms
 99.000%  118.08ms
 99.900%  742.91ms
 99.990%    1.35s 
 99.999%    1.81s 
100.000%    2.01s 

  Detailed Percentile spectrum:
       Value   Percentile   TotalCount 1/(1-Percentile)

       0.057     0.000000            1         1.00
       1.692     0.100000      3541219         1.11
       2.829     0.200000      7081956         1.25
       4.035     0.300000     10618755         1.43
       5.323     0.400000     14163864         1.67
       6.771     0.500000     17701787         2.00
       7.603     0.550000     19466858         2.22
       8.535     0.600000     21248520         2.50
       9.575     0.650000     23004902         2.86
      10.807     0.700000     24780237         3.33
      12.287     0.750000     26544751         4.00
      13.175     0.775000     27431128         4.44
      14.207     0.800000     28319546         5.00
      15.415     0.825000     29201504         5.71
      16.879     0.850000     30085366         6.67
      18.703     0.875000     30968388         8.00
      19.839     0.887500     31416396         8.89
      21.151     0.900000     31857697        10.00
      22.719     0.912500     32297002        11.43
      24.671     0.925000     32738453        13.33
      27.183     0.937500     33180419        16.00
      28.783     0.943750     33403035        17.78
      30.687     0.950000     33622763        20.00
      33.055     0.956250     33844820        22.86
      36.095     0.962500     34064876        26.67
      40.287     0.968750     34286283        32.00
      43.103     0.971875     34397215        35.56
      46.623     0.975000     34507454        40.00
      51.391     0.978125     34618312        45.71
      58.111     0.981250     34728719        53.33
      68.607     0.984375     34839209        64.00
      76.607     0.985938     34894418        71.11
      87.999     0.987500     34949860        80.00
     104.639     0.989062     35005002        91.43
     128.959     0.990625     35060333       106.67
     164.607     0.992188     35115715       128.00
     188.671     0.992969     35143259       142.22
     217.727     0.993750     35170961       160.00
     252.671     0.994531     35198543       182.86
     296.447     0.995313     35226204       213.33
     349.695     0.996094     35253865       256.00
     379.903     0.996484     35267691       284.44
     413.439     0.996875     35281460       320.00
     450.559     0.997266     35295317       365.71
     492.799     0.997656     35309113       426.67
     544.255     0.998047     35322965       512.00
     573.439     0.998242     35329913       568.89
     605.695     0.998437     35336815       640.00
     646.143     0.998633     35343698       731.43
     694.271     0.998828     35350614       853.33
     751.615     0.999023     35357497      1024.00
     786.431     0.999121     35360968      1137.78
     823.807     0.999219     35364409      1280.00
     865.791     0.999316     35367866      1462.86
     918.015     0.999414     35371313      1706.67
     971.775     0.999512     35374780      2048.00
     997.375     0.999561     35376501      2275.56
    1030.143     0.999609     35378229      2560.00
    1062.911     0.999658     35379991      2925.71
    1101.823     0.999707     35381688      3413.33
    1150.975     0.999756     35383421      4096.00
    1177.599     0.999780     35384273      4551.11
    1204.223     0.999805     35385151      5120.00
    1234.943     0.999829     35386013      5851.43
    1262.591     0.999854     35386879      6826.67
    1299.455     0.999878     35387727      8192.00
    1326.079     0.999890     35388173      9102.22
    1355.775     0.999902     35388595     10240.00
    1389.567     0.999915     35389026     11702.86
    1428.479     0.999927     35389461     13653.33
    1478.655     0.999939     35389888     16384.00
    1502.207     0.999945     35390106     18204.44
    1518.591     0.999951     35390325     20480.00
    1540.095     0.999957     35390535     23405.71
    1577.983     0.999963     35390750     27306.67
    1604.607     0.999969     35390966     32768.00
    1623.039     0.999973     35391080     36408.89
    1648.639     0.999976     35391182     40960.00
    1684.479     0.999979     35391294     46811.43
    1710.079     0.999982     35391401     54613.33
    1751.039     0.999985     35391506     65536.00
    1766.399     0.999986     35391562     72817.78
    1788.927     0.999988     35391615     81920.00
    1806.335     0.999989     35391674     93622.86
    1815.551     0.999991     35391723    109226.67
    1829.887     0.999992     35391779    131072.00
    1835.007     0.999993     35391804    145635.56
    1839.103     0.999994     35391832    163840.00
    1847.295     0.999995     35391859    187245.71
    1862.655     0.999995     35391886    218453.33
    1887.231     0.999996     35391911    262144.00
    1905.663     0.999997     35391925    291271.11
    1921.023     0.999997     35391938    327680.00
    1926.143     0.999997     35391953    374491.43
    1930.239     0.999998     35391965    436906.67
    1935.359     0.999998     35391979    524288.00
    1939.455     0.999998     35391986    582542.22
    1944.575     0.999998     35391992    655360.00
    1952.767     0.999999     35392000    748982.86
    1960.959     0.999999     35392007    873813.33
    1967.103     0.999999     35392014   1048576.00
    1969.151     0.999999     35392016   1165084.44
    1975.295     0.999999     35392019   1310720.00
    1978.367     0.999999     35392023   1497965.71
    1985.535     0.999999     35392026   1747626.67
    1992.703     1.000000     35392031   2097152.00
    1992.703     1.000000     35392031   2330168.89
    1994.751     1.000000     35392033   2621440.00
    1995.775     1.000000     35392035   2995931.43
    1997.823     1.000000     35392036   3495253.33
    1999.871     1.000000     35392039   4194304.00
    1999.871     1.000000     35392039   4660337.78
    2000.895     1.000000     35392040   5242880.00
    2001.919     1.000000     35392042   5991862.86
    2001.919     1.000000     35392042   6990506.67
    2001.919     1.000000     35392042   8388608.00
    2003.967     1.000000     35392044   9320675.55
    2003.967     1.000000     35392044  10485760.00
    2003.967     1.000000     35392044  11983725.71
    2003.967     1.000000     35392044  13981013.34
    2003.967     1.000000     35392044  16777216.00
    2007.039     1.000000     35392045  18641351.10
    2007.039     1.000000     35392045  20971519.98
    2007.039     1.000000     35392045  23967451.45
    2007.039     1.000000     35392045  27962026.68
    2007.039     1.000000     35392045  33554432.00
    2008.063     1.000000     35392046  37282702.28
    2008.063     1.000000     35392046          inf
#[Mean    =       13.332, StdDeviation   =       46.616]
#[Max     =     2007.040, Total count    =     35392046]
#[Buckets =           27, SubBuckets     =         2048]
----------------------------------------------------------
  35995607 requests in 10.00m, 5.56GB read
Requests/sec:  59992.72
Transfer/sec:      9.50MB
