Running 10m test @ http://localhost:9999/math/plus?x=1&y=2
  16 threads and 400 connections
  Thread calibration: mean lat.: 158.905ms, rate sampling interval: 601ms
  Thread calibration: mean lat.: 253.875ms, rate sampling interval: 1539ms
  Thread calibration: mean lat.: 126.071ms, rate sampling interval: 751ms
  Thread calibration: mean lat.: 176.562ms, rate sampling interval: 992ms
  Thread calibration: mean lat.: 199.664ms, rate sampling interval: 1283ms
  Thread calibration: mean lat.: 149.606ms, rate sampling interval: 899ms
  Thread calibration: mean lat.: 124.358ms, rate sampling interval: 759ms
  Thread calibration: mean lat.: 180.391ms, rate sampling interval: 991ms
  Thread calibration: mean lat.: 224.710ms, rate sampling interval: 1464ms
  Thread calibration: mean lat.: 141.778ms, rate sampling interval: 804ms
  Thread calibration: mean lat.: 186.350ms, rate sampling interval: 1033ms
  Thread calibration: mean lat.: 222.675ms, rate sampling interval: 1384ms
  Thread calibration: mean lat.: 104.279ms, rate sampling interval: 633ms
  Thread calibration: mean lat.: 155.416ms, rate sampling interval: 990ms
  Thread calibration: mean lat.: 130.886ms, rate sampling interval: 743ms
  Thread calibration: mean lat.: 252.968ms, rate sampling interval: 1634ms
  Thread Stats   Avg      Stdev     Max   +/- Stdev
    Latency     4.39s     9.50s    2.07m    92.67%
    Req/Sec     3.71k   547.50     5.99k    69.63%
  Latency Distribution (HdrHistogram - Recorded Latency)
 50.000%    1.30s 
 75.000%    3.99s 
 90.000%   10.57s 
 99.000%   49.94s 
 99.900%    1.67m 
 99.990%    1.95m 
 99.999%    2.06m 
100.000%    2.07m 

  Detailed Percentile spectrum:
       Value   Percentile   TotalCount 1/(1-Percentile)

       0.098     0.000000            1         1.00
     104.383     0.100000      3493108         1.11
     271.359     0.200000      6985686         1.25
     505.599     0.300000     10480899         1.43
     832.511     0.400000     13975379         1.67
    1299.455     0.500000     17467944         2.00
    1611.775     0.550000     19215664         2.22
    2001.919     0.600000     20959368         2.50
    2494.463     0.650000     22706264         2.86
    3127.295     0.700000     24450107         3.33
    3993.599     0.750000     26199560         4.00
    4558.847     0.775000     27074721         4.44
    5246.975     0.800000     27946018         5.00
    6107.135     0.825000     28818602         5.71
    7180.287     0.850000     29691432         6.67
    8626.175     0.875000     30565311         8.00
    9519.103     0.887500     31000482         8.89
   10567.679     0.900000     31437184        10.00
   11911.167     0.912500     31872421        11.43
   13656.063     0.925000     32310482        13.33
   15589.375     0.937500     32745526        16.00
   16826.367     0.943750     32965190        17.78
   18382.847     0.950000     33183983        20.00
   20430.847     0.956250     33400945        22.86
   23166.975     0.962500     33619315        26.67
   26853.375     0.968750     33837030        32.00
   29458.431     0.971875     33946279        35.56
   32735.231     0.975000     34055541        40.00
   35717.119     0.978125     34165481        45.71
   38961.151     0.981250     34274365        53.33
   42729.471     0.984375     34383001        64.00
   44466.175     0.985938     34437990        71.11
   46202.879     0.987500     34491791        80.00
   48365.567     0.989062     34546277        91.43
   51216.383     0.990625     34601008       106.67
   55246.847     0.992188     34655611       128.00
   57016.319     0.992969     34682807       142.22
   58687.487     0.993750     34710049       160.00
   60850.175     0.994531     34737690       182.86
   62783.487     0.995313     34764591       213.33
   66912.255     0.996094     34791973       256.00
   70909.951     0.996484     34805507       284.44
   75497.471     0.996875     34819316       320.00
   78643.199     0.997266     34832946       365.71
   81592.319     0.997656     34846599       426.67
   84148.223     0.998047     34860176       512.00
   85131.263     0.998242     34866940       568.89
   86704.127     0.998437     34873857       640.00
   90046.463     0.998633     34880636       731.43
   94240.767     0.998828     34887376       853.33
  100925.439     0.999023     34894214      1024.00
  102629.375     0.999121     34897683      1137.78
  105119.743     0.999219     34901039      1280.00
  106627.071     0.999316     34904635      1462.86
  108134.399     0.999414     34907840      1706.67
  109969.407     0.999512     34911318      2048.00
  110624.767     0.999561     34913003      2275.56
  111411.199     0.999609     34914724      2560.00
  112656.383     0.999658     34916445      2925.71
  113573.887     0.999707     34918190      3413.33
  114622.463     0.999756     34919801      4096.00
  115081.215     0.999780     34920640      4551.11
  115474.431     0.999805     34921534      5120.00
  115867.647     0.999829     34922379      5851.43
  116326.399     0.999854     34923297      6826.67
  116719.615     0.999878     34924157      8192.00
  116916.223     0.999890     34924491      9102.22
  117374.975     0.999902     34924906     10240.00
  120455.167     0.999915     34925318     11702.86
  120979.455     0.999927     34925763     13653.33
  121241.599     0.999939     34926172     16384.00
  121372.671     0.999945     34926399     18204.44
  121569.279     0.999951     34926603     20480.00
  121962.495     0.999957     34926819     23405.71
  122355.711     0.999963     34927051     27306.67
  122683.391     0.999969     34927254     32768.00
  122945.535     0.999973     34927368     36408.89
  123076.607     0.999976     34927453     40960.00
  123207.679     0.999979     34927553     46811.43
  123404.287     0.999982     34927702     54613.33
  123535.359     0.999985     34927800     65536.00
  123600.895     0.999986     34927849     72817.78
  123666.431     0.999988     34927894     81920.00
  123731.967     0.999989     34927955     93622.86
  123797.503     0.999991     34928017    109226.67
  123863.039     0.999992     34928076    131072.00
  123863.039     0.999993     34928076    145635.56
  123928.575     0.999994     34928122    163840.00
  123928.575     0.999995     34928122    187245.71
  123994.111     0.999995     34928172    218453.33
  123994.111     0.999996     34928172    262144.00
  124059.647     0.999997     34928218    291271.11
  124059.647     0.999997     34928218    327680.00
  124059.647     0.999997     34928218    374491.43
  124125.183     0.999998     34928246    436906.67
  124125.183     0.999998     34928246    524288.00
  124125.183     0.999998     34928246    582542.22
  124125.183     0.999998     34928246    655360.00
  124190.719     0.999999     34928267    748982.86
  124190.719     0.999999     34928267    873813.33
  124190.719     0.999999     34928267   1048576.00
  124256.255     0.999999     34928288   1165084.44
  124256.255     0.999999     34928288   1310720.00
  124256.255     0.999999     34928288   1497965.71
  124256.255     0.999999     34928288   1747626.67
  124256.255     1.000000     34928288   2097152.00
  124256.255     1.000000     34928288   2330168.89
  124256.255     1.000000     34928288   2621440.00
  124256.255     1.000000     34928288   2995931.43
  124321.791     1.000000     34928298   3495253.33
  124321.791     1.000000     34928298          inf
#[Mean    =     4386.876, StdDeviation   =     9501.263]
#[Max     =   124256.256, Total count    =     34928298]
#[Buckets =           27, SubBuckets     =         2048]
----------------------------------------------------------
  35507574 requests in 10.00m, 5.49GB read
Requests/sec:  59179.38
Transfer/sec:      9.37MB
