Running 10m test @ http://localhost:9999/math/plus?x=1&y=2
  16 threads and 400 connections
  Thread calibration: mean lat.: 1.299ms, rate sampling interval: 10ms
  Thread calibration: mean lat.: 13.750ms, rate sampling interval: 10ms
  Thread calibration: mean lat.: 9.585ms, rate sampling interval: 10ms
  Thread calibration: mean lat.: 1.414ms, rate sampling interval: 10ms
  Thread calibration: mean lat.: 1.349ms, rate sampling interval: 10ms
  Thread calibration: mean lat.: 1.295ms, rate sampling interval: 10ms
  Thread calibration: mean lat.: 13.542ms, rate sampling interval: 10ms
  Thread calibration: mean lat.: 1.302ms, rate sampling interval: 10ms
  Thread calibration: mean lat.: 9.589ms, rate sampling interval: 10ms
  Thread calibration: mean lat.: 22.039ms, rate sampling interval: 10ms
  Thread calibration: mean lat.: 1.409ms, rate sampling interval: 10ms
  Thread calibration: mean lat.: 21.771ms, rate sampling interval: 10ms
  Thread calibration: mean lat.: 1.335ms, rate sampling interval: 10ms
  Thread calibration: mean lat.: 1.230ms, rate sampling interval: 10ms
  Thread calibration: mean lat.: 1.379ms, rate sampling interval: 10ms
  Thread calibration: mean lat.: 1.267ms, rate sampling interval: 10ms
  Thread Stats   Avg      Stdev     Max   +/- Stdev
    Latency     1.49ms   11.95ms   1.00s    99.83%
    Req/Sec     1.98k   458.66     8.22k    72.60%
  Latency Distribution (HdrHistogram - Recorded Latency)
 50.000%    1.09ms
 75.000%    1.52ms
 90.000%    2.05ms
 99.000%    6.09ms
 99.900%   17.15ms
 99.990%  764.93ms
 99.999%  977.41ms
100.000%    1.00s 

  Detailed Percentile spectrum:
       Value   Percentile   TotalCount 1/(1-Percentile)

       0.072     0.000000            1         1.00
       0.419     0.100000      1776669         1.11
       0.612     0.200000      3540914         1.25
       0.782     0.300000      5319937         1.43
       0.936     0.400000      7078759         1.67
       1.085     0.500000      8848171         2.00
       1.159     0.550000      9734996         2.22
       1.237     0.600000     10626928         2.50
       1.321     0.650000     11508719         2.86
       1.416     0.700000     12393216         3.33
       1.523     0.750000     13274210         4.00
       1.583     0.775000     13714945         4.44
       1.650     0.800000     14159192         5.00
       1.725     0.825000     14599932         5.71
       1.812     0.850000     15044061         6.67
       1.917     0.875000     15487488         8.00
       1.980     0.887500     15708473         8.89
       2.053     0.900000     15927404        10.00
       2.143     0.912500     16151361        11.43
       2.253     0.925000     16372259        13.33
       2.393     0.937500     16592132        16.00
       2.481     0.943750     16702555        17.78
       2.585     0.950000     16812762        20.00
       2.713     0.956250     16922640        22.86
       2.885     0.962500     17032660        26.67
       3.149     0.968750     17143743        32.00
       3.345     0.971875     17198624        35.56
       3.619     0.975000     17254091        40.00
       3.993     0.978125     17309222        45.71
       4.455     0.981250     17364409        53.33
       4.931     0.984375     17420068        64.00
       5.175     0.985938     17447595        71.11
       5.439     0.987500     17475107        80.00
       5.795     0.989062     17502881        91.43
       6.319     0.990625     17530447       106.67
       6.927     0.992188     17558007       128.00
       7.359     0.992969     17571875       142.22
       7.823     0.993750     17585636       160.00
       8.367     0.994531     17599425       182.86
       9.079     0.995313     17613389       213.33
       9.887     0.996094     17627117       256.00
      10.391     0.996484     17634061       284.44
      10.999     0.996875     17640901       320.00
      11.711     0.997266     17647864       365.71
      12.287     0.997656     17654801       426.67
      12.999     0.998047     17661640       512.00
      13.351     0.998242     17665103       568.89
      13.887     0.998437     17668552       640.00
      14.679     0.998633     17672022       731.43
      15.815     0.998828     17675475       853.33
      17.375     0.999023     17678937      1024.00
      18.479     0.999121     17680648      1137.78
      19.855     0.999219     17682383      1280.00
      21.871     0.999316     17684112      1462.86
      24.719     0.999414     17685830      1706.67
      30.335     0.999512     17687556      2048.00
      36.479     0.999561     17688420      2275.56
      78.847     0.999609     17689284      2560.00
     194.943     0.999658     17690148      2925.71
     310.015     0.999707     17691015      3413.33
     425.471     0.999756     17691876      4096.00
     484.351     0.999780     17692308      4551.11
     542.719     0.999805     17692741      5120.00
     598.527     0.999829     17693177      5851.43
     655.871     0.999854     17693607      6826.67
     713.727     0.999878     17694036      8192.00
     741.887     0.999890     17694255      9102.22
     770.047     0.999902     17694468     10240.00
     799.231     0.999915     17694684     11702.86
     827.903     0.999927     17694903     13653.33
     857.599     0.999939     17695119     16384.00
     871.423     0.999945     17695224     18204.44
     886.271     0.999951     17695332     20480.00
     901.119     0.999957     17695442     23405.71
     914.431     0.999963     17695549     27306.67
     928.767     0.999969     17695656     32768.00
     936.447     0.999973     17695711     36408.89
     943.103     0.999976     17695768     40960.00
     950.783     0.999979     17695824     46811.43
     957.951     0.999982     17695872     54613.33
     964.607     0.999985     17695928     65536.00
     967.679     0.999986     17695954     72817.78
     971.775     0.999988     17695981     81920.00
     975.359     0.999989     17696008     93622.86
     978.943     0.999991     17696034    109226.67
     982.015     0.999992     17696061    131072.00
     984.575     0.999993     17696076    145635.56
     987.135     0.999994     17696096    163840.00
     988.159     0.999995     17696106    187245.71
     989.695     0.999995     17696118    218453.33
     991.231     0.999996     17696131    262144.00
     992.767     0.999997     17696137    291271.11
     993.279     0.999997     17696142    327680.00
     993.791     0.999997     17696151    374491.43
     994.815     0.999998     17696156    436906.67
     995.839     0.999998     17696164    524288.00
     996.863     0.999998     17696167    582542.22
     997.375     0.999998     17696170    655360.00
     998.399     0.999999     17696174    748982.86
     999.423     0.999999     17696176    873813.33
     999.935     0.999999     17696180   1048576.00
    1000.447     0.999999     17696183   1165084.44
    1000.447     0.999999     17696183   1310720.00
    1001.471     0.999999     17696187   1497965.71
    1001.471     0.999999     17696187   1747626.67
    1001.983     1.000000     17696189   2097152.00
    1001.983     1.000000     17696189   2330168.89
    1002.495     1.000000     17696191   2621440.00
    1002.495     1.000000     17696191   2995931.43
    1002.495     1.000000     17696191   3495253.33
    1003.007     1.000000     17696194   4194304.00
    1003.007     1.000000     17696194   4660337.78
    1003.007     1.000000     17696194   5242880.00
    1003.007     1.000000     17696194   5991862.86
    1003.007     1.000000     17696194   6990506.67
    1003.007     1.000000     17696194   8388608.00
    1003.519     1.000000     17696195   9320675.55
    1003.519     1.000000     17696195  10485760.00
    1003.519     1.000000     17696195  11983725.71
    1003.519     1.000000     17696195  13981013.34
    1003.519     1.000000     17696195  16777216.00
    1004.031     1.000000     17696196  18641351.10
    1004.031     1.000000     17696196          inf
#[Mean    =        1.487, StdDeviation   =       11.950]
#[Max     =     1003.520, Total count    =     17696196]
#[Buckets =           27, SubBuckets     =         2048]
----------------------------------------------------------
  17996324 requests in 10.00m, 2.78GB read
Requests/sec:  29993.84
Transfer/sec:      4.75MB
