Running 10m test @ http://localhost:9999/math/plus?x=1&y=2
  16 threads and 400 connections
  Thread calibration: mean lat.: 8.303ms, rate sampling interval: 16ms
  Thread calibration: mean lat.: 3.405ms, rate sampling interval: 14ms
  Thread calibration: mean lat.: 11.503ms, rate sampling interval: 14ms
  Thread calibration: mean lat.: 3.965ms, rate sampling interval: 16ms
  Thread calibration: mean lat.: 4.120ms, rate sampling interval: 16ms
  Thread calibration: mean lat.: 4.114ms, rate sampling interval: 15ms
  Thread calibration: mean lat.: 7.711ms, rate sampling interval: 15ms
  Thread calibration: mean lat.: 7.584ms, rate sampling interval: 14ms
  Thread calibration: mean lat.: 3.894ms, rate sampling interval: 15ms
  Thread calibration: mean lat.: 3.877ms, rate sampling interval: 15ms
  Thread calibration: mean lat.: 3.982ms, rate sampling interval: 16ms
  Thread calibration: mean lat.: 3.896ms, rate sampling interval: 15ms
  Thread calibration: mean lat.: 4.160ms, rate sampling interval: 15ms
  Thread calibration: mean lat.: 4.422ms, rate sampling interval: 16ms
  Thread calibration: mean lat.: 3.701ms, rate sampling interval: 14ms
  Thread calibration: mean lat.: 4.106ms, rate sampling interval: 15ms
  Thread Stats   Avg      Stdev     Max   +/- Stdev
    Latency     3.80ms    9.87ms   1.01s    98.23%
    Req/Sec     3.92k     0.93k   13.21k    76.68%
  Latency Distribution (HdrHistogram - Recorded Latency)
 50.000%    2.56ms
 75.000%    4.68ms
 90.000%    7.63ms
 99.000%   16.14ms
 99.900%   69.95ms
 99.990%  532.99ms
 99.999%  957.95ms
100.000%    1.01s 

  Detailed Percentile spectrum:
       Value   Percentile   TotalCount 1/(1-Percentile)

       0.051     0.000000            1         1.00
       0.823     0.100000      3540784         1.11
       1.209     0.200000      7083013         1.25
       1.588     0.300000     10621198         1.43
       2.025     0.400000     14162459         1.67
       2.559     0.500000     17699025         2.00
       2.871     0.550000     19470704         2.22
       3.223     0.600000     21236248         2.50
       3.631     0.650000     23009451         2.86
       4.107     0.700000     24775658         3.33
       4.679     0.750000     26550634         4.00
       5.007     0.775000     27431565         4.44
       5.379     0.800000     28315989         5.00
       5.807     0.825000     29199052         5.71
       6.299     0.850000     30084870         6.67
       6.891     0.875000     30972218         8.00
       7.239     0.887500     31412150         8.89
       7.627     0.900000     31855493        10.00
       8.075     0.912500     32297612        11.43
       8.599     0.925000     32743447        13.33
       9.191     0.937500     33183177        16.00
       9.543     0.943750     33401896        17.78
       9.951     0.950000     33626640        20.00
      10.391     0.956250     33844802        22.86
      10.927     0.962500     34066090        26.67
      11.575     0.968750     34288929        32.00
      11.943     0.971875     34399144        35.56
      12.383     0.975000     34509031        40.00
      12.871     0.978125     34618961        45.71
      13.455     0.981250     34729689        53.33
      14.183     0.984375     34840102        64.00
      14.615     0.985938     34895354        71.11
      15.143     0.987500     34950833        80.00
      15.719     0.989062     35005682        91.43
      16.463     0.990625     35061687       106.67
      17.359     0.992188     35116143       128.00
      17.935     0.992969     35143640       142.22
      18.607     0.993750     35171773       160.00
      19.471     0.994531     35199187       182.86
      20.543     0.995313     35226533       213.33
      22.095     0.996094     35254208       256.00
      23.167     0.996484     35268117       284.44
      24.607     0.996875     35281862       320.00
      26.655     0.997266     35295728       365.71
      29.951     0.997656     35309512       426.67
      35.551     0.998047     35323335       512.00
      39.487     0.998242     35330250       568.89
      44.415     0.998437     35337172       640.00
      50.751     0.998633     35344077       731.43
      59.711     0.998828     35350963       853.33
      71.615     0.999023     35357894      1024.00
      78.975     0.999121     35361352      1137.78
      87.615     0.999219     35364800      1280.00
      97.663     0.999316     35368242      1462.86
     110.079     0.999414     35371701      1706.67
     126.335     0.999512     35375160      2048.00
     136.191     0.999561     35376892      2275.56
     145.791     0.999609     35378612      2560.00
     158.591     0.999658     35380342      2925.71
     173.567     0.999707     35382068      3413.33
     197.247     0.999756     35383799      4096.00
     215.935     0.999780     35384658      4551.11
     240.895     0.999805     35385522      5120.00
     271.871     0.999829     35386390      5851.43
     326.655     0.999854     35387250      6826.67
     443.903     0.999878     35388117      8192.00
     488.447     0.999890     35388549      9102.22
     544.255     0.999902     35388981     10240.00
     603.135     0.999915     35389411     11702.86
     665.087     0.999927     35389842     13653.33
     717.311     0.999939     35390274     16384.00
     745.471     0.999945     35390494     18204.44
     778.239     0.999951     35390710     20480.00
     804.351     0.999957     35390922     23405.71
     838.143     0.999963     35391142     27306.67
     866.815     0.999969     35391355     32768.00
     880.127     0.999973     35391463     36408.89
     891.903     0.999976     35391571     40960.00
     903.167     0.999979     35391681     46811.43
     915.967     0.999982     35391787     54613.33
     931.327     0.999985     35391898     65536.00
     940.031     0.999986     35391948     72817.78
     947.711     0.999988     35392003     81920.00
     955.391     0.999989     35392056     93622.86
     963.071     0.999991     35392111    109226.67
     970.239     0.999992     35392171    131072.00
     972.799     0.999993     35392193    145635.56
     975.871     0.999994     35392218    163840.00
     978.943     0.999995     35392246    187245.71
     983.039     0.999995     35392273    218453.33
     986.623     0.999996     35392300    262144.00
     988.671     0.999997     35392317    291271.11
     990.207     0.999997     35392328    327680.00
     991.743     0.999997     35392341    374491.43
     993.791     0.999998     35392353    436906.67
     996.351     0.999998     35392369    524288.00
     996.863     0.999998     35392374    582542.22
     997.375     0.999998     35392381    655360.00
     998.399     0.999999     35392391    748982.86
     998.911     0.999999     35392394    873813.33
     999.935     0.999999     35392403   1048576.00
    1000.447     0.999999     35392408   1165084.44
    1000.447     0.999999     35392408   1310720.00
    1000.959     0.999999     35392414   1497965.71
    1000.959     0.999999     35392414   1747626.67
    1001.471     1.000000     35392419   2097152.00
    1001.471     1.000000     35392419   2330168.89
    1001.983     1.000000     35392422   2621440.00
    1002.495     1.000000     35392424   2995931.43
    1002.495     1.000000     35392424   3495253.33
    1003.007     1.000000     35392426   4194304.00
    1003.519     1.000000     35392428   4660337.78
    1003.519     1.000000     35392428   5242880.00
    1004.031     1.000000     35392429   5991862.86
    1004.031     1.000000     35392429   6990506.67
    1005.055     1.000000     35392433   8388608.00
    1005.055     1.000000     35392433   9320675.55
    1005.055     1.000000     35392433  10485760.00
    1005.055     1.000000     35392433  11983725.71
    1005.055     1.000000     35392433  13981013.34
    1005.055     1.000000     35392433  16777216.00
    1005.055     1.000000     35392433  18641351.10
    1005.055     1.000000     35392433  20971519.98
    1005.055     1.000000     35392433  23967451.45
    1005.055     1.000000     35392433  27962026.68
    1005.055     1.000000     35392433  33554432.00
    1006.079     1.000000     35392434  37282702.28
    1006.079     1.000000     35392434          inf
#[Mean    =        3.797, StdDeviation   =        9.872]
#[Max     =     1005.568, Total count    =     35392434]
#[Buckets =           27, SubBuckets     =         2048]
----------------------------------------------------------
  35995296 requests in 10.00m, 5.56GB read
Requests/sec:  59992.18
Transfer/sec:      9.50MB
