Running 10m test @ http://localhost:9999/math/plus?x=1&y=2
  16 threads and 400 connections
  Thread calibration: mean lat.: 15.545ms, rate sampling interval: 69ms
  Thread calibration: mean lat.: 31.542ms, rate sampling interval: 102ms
  Thread calibration: mean lat.: 20.005ms, rate sampling interval: 87ms
  Thread calibration: mean lat.: 29.767ms, rate sampling interval: 152ms
  Thread calibration: mean lat.: 57.523ms, rate sampling interval: 142ms
  Thread calibration: mean lat.: 39.973ms, rate sampling interval: 152ms
  Thread calibration: mean lat.: 22.607ms, rate sampling interval: 106ms
  Thread calibration: mean lat.: 18.487ms, rate sampling interval: 92ms
  Thread calibration: mean lat.: 21.588ms, rate sampling interval: 86ms
  Thread calibration: mean lat.: 36.820ms, rate sampling interval: 137ms
  Thread calibration: mean lat.: 23.290ms, rate sampling interval: 71ms
  Thread calibration: mean lat.: 59.768ms, rate sampling interval: 157ms
  Thread calibration: mean lat.: 24.007ms, rate sampling interval: 89ms
  Thread calibration: mean lat.: 17.512ms, rate sampling interval: 82ms
  Thread calibration: mean lat.: 21.075ms, rate sampling interval: 76ms
  Thread calibration: mean lat.: 25.635ms, rate sampling interval: 73ms
  Thread Stats   Avg      Stdev     Max   +/- Stdev
    Latency    70.20ms  196.95ms   5.46s    94.59%
    Req/Sec     3.77k   439.16     9.89k    76.20%
  Latency Distribution (HdrHistogram - Recorded Latency)
 50.000%   17.73ms
 75.000%   50.05ms
 90.000%  146.30ms
 99.000%  963.58ms
 99.900%    2.47s 
 99.990%    3.64s 
 99.999%    4.66s 
100.000%    5.46s 

  Detailed Percentile spectrum:
       Value   Percentile   TotalCount 1/(1-Percentile)

       0.053     0.000000            1         1.00
       3.641     0.100000      3539336         1.11
       6.307     0.200000      7082628         1.25
       9.215     0.300000     10624220         1.43
      12.783     0.400000     14163046         1.67
      17.727     0.500000     17702829         2.00
      21.087     0.550000     19468474         2.22
      25.391     0.600000     21235885         2.50
      31.087     0.650000     23005244         2.86
      38.879     0.700000     24776274         3.33
      50.047     0.750000     26547698         4.00
      57.567     0.775000     27431505         4.44
      66.879     0.800000     28313539         5.00
      78.783     0.825000     29198625         5.71
      94.335     0.850000     30084723         6.67
     115.647     0.875000     30968018         8.00
     129.407     0.887500     31410739         8.89
     146.303     0.900000     31853174        10.00
     167.551     0.912500     32297110        11.43
     194.943     0.925000     32738794        13.33
     232.575     0.937500     33180040        16.00
     257.407     0.943750     33401257        17.78
     287.743     0.950000     33623144        20.00
     326.143     0.956250     33844594        22.86
     374.015     0.962500     34065635        26.67
     435.455     0.968750     34285969        32.00
     473.599     0.971875     34396698        35.56
     519.935     0.975000     34507274        40.00
     576.511     0.978125     34618523        45.71
     644.095     0.981250     34728452        53.33
     730.111     0.984375     34839044        64.00
     782.335     0.985938     34894306        71.11
     841.727     0.987500     34949754        80.00
     913.407     0.989062     35005134        91.43
    1000.447     0.990625     35060335       106.67
    1107.967     0.992188     35115485       128.00
    1169.407     0.992969     35143183       142.22
    1238.015     0.993750     35170680       160.00
    1319.935     0.994531     35198401       182.86
    1413.119     0.995313     35226227       213.33
    1526.783     0.996094     35253740       256.00
    1591.295     0.996484     35267487       284.44
    1661.951     0.996875     35281284       320.00
    1744.895     0.997266     35295167       365.71
    1840.127     0.997656     35308943       426.67
    1974.271     0.998047     35322811       512.00
    2056.191     0.998242     35329744       568.89
    2150.399     0.998437     35336710       640.00
    2246.655     0.998633     35343572       731.43
    2353.151     0.998828     35350461       853.33
    2492.415     0.999023     35357403      1024.00
    2576.383     0.999121     35360795      1137.78
    2668.543     0.999219     35364225      1280.00
    2775.039     0.999316     35367708      1462.86
    2887.679     0.999414     35371188      1706.67
    2992.127     0.999512     35374617      2048.00
    3041.279     0.999561     35376380      2275.56
    3098.623     0.999609     35378067      2560.00
    3164.159     0.999658     35379802      2925.71
    3229.695     0.999707     35381507      3413.33
    3293.183     0.999756     35383239      4096.00
    3338.239     0.999780     35384108      4551.11
    3395.583     0.999805     35384995      5120.00
    3446.783     0.999829     35385846      5851.43
    3504.127     0.999854     35386686      6826.67
    3577.855     0.999878     35387559      8192.00
    3610.623     0.999890     35387993      9102.22
    3647.487     0.999902     35388440     10240.00
    3684.351     0.999915     35388846     11702.86
    3739.647     0.999927     35389287     13653.33
    3794.943     0.999939     35389719     16384.00
    3821.567     0.999945     35389939     18204.44
    3844.095     0.999951     35390149     20480.00
    3885.055     0.999957     35390369     23405.71
    3934.207     0.999963     35390579     27306.67
    4055.039     0.999969     35390794     32768.00
    4122.623     0.999973     35390900     36408.89
    4186.111     0.999976     35391010     40960.00
    4259.839     0.999979     35391122     46811.43
    4333.567     0.999982     35391222     54613.33
    4399.103     0.999985     35391334     65536.00
    4427.775     0.999986     35391388     72817.78
    4493.311     0.999988     35391442     81920.00
    4571.135     0.999989     35391492     93622.86
    4759.551     0.999991     35391546    109226.67
    4923.391     0.999992     35391601    131072.00
    4980.735     0.999993     35391627    145635.56
    5087.231     0.999994     35391654    163840.00
    5218.303     0.999995     35391682    187245.71
    5271.551     0.999995     35391718    218453.33
    5275.647     0.999996     35391738    262144.00
    5283.839     0.999997     35391753    291271.11
    5304.319     0.999997     35391765    327680.00
    5345.279     0.999997     35391776    374491.43
    5373.951     0.999998     35391789    436906.67
    5382.143     0.999998     35391813    524288.00
    5382.143     0.999998     35391813    582542.22
    5386.239     0.999998     35391820    655360.00
    5390.335     0.999999     35391826    748982.86
    5398.527     0.999999     35391830    873813.33
    5414.911     0.999999     35391840   1048576.00
    5414.911     0.999999     35391840   1165084.44
    5423.103     0.999999     35391846   1310720.00
    5427.199     0.999999     35391848   1497965.71
    5435.391     0.999999     35391852   1747626.67
    5443.583     1.000000     35391854   2097152.00
    5447.679     1.000000     35391858   2330168.89
    5447.679     1.000000     35391858   2621440.00
    5451.775     1.000000     35391859   2995931.43
    5455.871     1.000000     35391864   3495253.33
    5455.871     1.000000     35391864   4194304.00
    5455.871     1.000000     35391864   4660337.78
    5455.871     1.000000     35391864   5242880.00
    5459.967     1.000000     35391870   5991862.86
    5459.967     1.000000     35391870          inf
#[Mean    =       70.204, StdDeviation   =      196.953]
#[Max     =     5455.872, Total count    =     35391870]
#[Buckets =           27, SubBuckets     =         2048]
----------------------------------------------------------
  35990425 requests in 10.00m, 5.56GB read
Requests/sec:  59983.70
Transfer/sec:      9.50MB
