Running 10m test @ http://localhost:9999/math/plus?x=1&y=2
  16 threads and 400 connections
  Thread calibration: mean lat.: 1.354ms, rate sampling interval: 10ms
  Thread calibration: mean lat.: 1.431ms, rate sampling interval: 10ms
  Thread calibration: mean lat.: 1.439ms, rate sampling interval: 10ms
  Thread calibration: mean lat.: 1.471ms, rate sampling interval: 10ms
  Thread calibration: mean lat.: 1.542ms, rate sampling interval: 10ms
  Thread calibration: mean lat.: 1.617ms, rate sampling interval: 10ms
  Thread calibration: mean lat.: 1.448ms, rate sampling interval: 10ms
  Thread calibration: mean lat.: 1.466ms, rate sampling interval: 10ms
  Thread calibration: mean lat.: 1.419ms, rate sampling interval: 10ms
  Thread calibration: mean lat.: 1.371ms, rate sampling interval: 10ms
  Thread calibration: mean lat.: 1.432ms, rate sampling interval: 10ms
  Thread calibration: mean lat.: 1.369ms, rate sampling interval: 10ms
  Thread calibration: mean lat.: 1.342ms, rate sampling interval: 10ms
  Thread calibration: mean lat.: 1.346ms, rate sampling interval: 10ms
  Thread calibration: mean lat.: 1.455ms, rate sampling interval: 10ms
  Thread calibration: mean lat.: 1.577ms, rate sampling interval: 10ms
  Thread Stats   Avg      Stdev     Max   +/- Stdev
    Latency     1.49ms    1.03ms  35.62ms   87.41%
    Req/Sec   659.14    637.36     2.78k    70.31%
  Latency Distribution (HdrHistogram - Recorded Latency)
 50.000%    1.32ms
 75.000%    1.79ms
 90.000%    2.39ms
 99.000%    5.45ms
 99.900%   11.63ms
 99.990%   16.36ms
 99.999%   24.24ms
100.000%   35.65ms

  Detailed Percentile spectrum:
       Value   Percentile   TotalCount 1/(1-Percentile)

       0.062     0.000000            2         1.00
       0.611     0.100000       590196         1.11
       0.826     0.200000      1180523         1.25
       1.011     0.300000      1771112         1.43
       1.170     0.400000      2361320         1.67
       1.319     0.500000      2951398         2.00
       1.394     0.550000      3245041         2.22
       1.475     0.600000      3539483         2.50
       1.566     0.650000      3836121         2.86
       1.668     0.700000      4129697         3.33
       1.787     0.750000      4426166         4.00
       1.854     0.775000      4571547         4.44
       1.930     0.800000      4719672         5.00
       2.015     0.825000      4867051         5.71
       2.115     0.850000      5015580         6.67
       2.235     0.875000      5161789         8.00
       2.307     0.887500      5235949         8.89
       2.389     0.900000      5308912        10.00
       2.487     0.912500      5383031        11.43
       2.605     0.925000      5457156        13.33
       2.751     0.937500      5530147        16.00
       2.841     0.943750      5566993        17.78
       2.947     0.950000      5604016        20.00
       3.073     0.956250      5640855        22.86
       3.229     0.962500      5677567        26.67
       3.429     0.968750      5714559        32.00
       3.555     0.971875      5733005        35.56
       3.703     0.975000      5751334        40.00
       3.887     0.978125      5769670        45.71
       4.115     0.981250      5788293        53.33
       4.415     0.984375      5806485        64.00
       4.623     0.985938      5815819        71.11
       4.875     0.987500      5824968        80.00
       5.207     0.989062      5834195        91.43
       5.647     0.990625      5843347       106.67
       6.211     0.992188      5852542       128.00
       6.555     0.992969      5857193       142.22
       6.915     0.993750      5861778       160.00
       7.315     0.994531      5866401       182.86
       7.763     0.995313      5871001       213.33
       8.279     0.996094      5875623       256.00
       8.567     0.996484      5877899       284.44
       8.879     0.996875      5880221       320.00
       9.223     0.997266      5882501       365.71
       9.615     0.997656      5884836       426.67
      10.063     0.998047      5887134       512.00
      10.311     0.998242      5888257       568.89
      10.607     0.998437      5889427       640.00
      10.935     0.998633      5890580       731.43
      11.287     0.998828      5891715       853.33
      11.687     0.999023      5892864      1024.00
      11.919     0.999121      5893446      1137.78
      12.159     0.999219      5894029      1280.00
      12.431     0.999316      5894610      1462.86
      12.719     0.999414      5895176      1706.67
      13.111     0.999512      5895756      2048.00
      13.319     0.999561      5896036      2275.56
      13.567     0.999609      5896322      2560.00
      13.855     0.999658      5896613      2925.71
      14.175     0.999707      5896896      3413.33
      14.575     0.999756      5897192      4096.00
      14.775     0.999780      5897328      4551.11
      15.031     0.999805      5897474      5120.00
      15.287     0.999829      5897616      5851.43
      15.551     0.999854      5897765      6826.67
      15.919     0.999878      5897903      8192.00
      16.143     0.999890      5897977      9102.22
      16.415     0.999902      5898048     10240.00
      16.719     0.999915      5898121     11702.86
      17.087     0.999927      5898193     13653.33
      17.503     0.999939      5898265     16384.00
      17.679     0.999945      5898299     18204.44
      17.967     0.999951      5898335     20480.00
      18.287     0.999957      5898374     23405.71
      18.655     0.999963      5898412     27306.67
      19.103     0.999969      5898443     32768.00
      19.407     0.999973      5898461     36408.89
      19.759     0.999976      5898479     40960.00
      20.543     0.999979      5898498     46811.43
      21.151     0.999982      5898515     54613.33
      22.143     0.999985      5898533     65536.00
      22.479     0.999986      5898542     72817.78
      23.167     0.999988      5898551     81920.00
      23.551     0.999989      5898560     93622.86
      24.575     0.999991      5898569    109226.67
      25.071     0.999992      5898578    131072.00
      25.311     0.999993      5898583    145635.56
      25.631     0.999994      5898587    163840.00
      26.575     0.999995      5898592    187245.71
      26.671     0.999995      5898596    218453.33
      28.063     0.999996      5898601    262144.00
      28.127     0.999997      5898603    291271.11
      28.143     0.999997      5898606    327680.00
      28.319     0.999997      5898608    374491.43
      28.431     0.999998      5898610    436906.67
      28.575     0.999998      5898612    524288.00
      28.767     0.999998      5898613    582542.22
      28.863     0.999998      5898614    655360.00
      29.775     0.999999      5898616    748982.86
      30.111     0.999999      5898617    873813.33
      30.271     0.999999      5898618   1048576.00
      30.271     0.999999      5898618   1165084.44
      30.399     0.999999      5898619   1310720.00
      30.591     0.999999      5898620   1497965.71
      30.591     0.999999      5898620   1747626.67
      33.023     1.000000      5898621   2097152.00
      33.023     1.000000      5898621   2330168.89
      33.023     1.000000      5898621   2621440.00
      35.519     1.000000      5898622   2995931.43
      35.519     1.000000      5898622   3495253.33
      35.519     1.000000      5898622   4194304.00
      35.519     1.000000      5898622   4660337.78
      35.519     1.000000      5898622   5242880.00
      35.647     1.000000      5898623   5991862.86
      35.647     1.000000      5898623          inf
#[Mean    =        1.493, StdDeviation   =        1.031]
#[Max     =       35.616, Total count    =      5898623]
#[Buckets =           27, SubBuckets     =         2048]
----------------------------------------------------------
  5996541 requests in 10.00m, 0.86GB read
Requests/sec:   9994.19
Transfer/sec:      1.47MB
