Running 10m test @ http://localhost:9999/math/plus?x=1&y=2
  16 threads and 400 connections
  Thread calibration: mean lat.: 1.335ms, rate sampling interval: 10ms
  Thread calibration: mean lat.: 1.482ms, rate sampling interval: 10ms
  Thread calibration: mean lat.: 1.408ms, rate sampling interval: 10ms
  Thread calibration: mean lat.: 1.365ms, rate sampling interval: 10ms
  Thread calibration: mean lat.: 1.486ms, rate sampling interval: 10ms
  Thread calibration: mean lat.: 1.474ms, rate sampling interval: 10ms
  Thread calibration: mean lat.: 1.389ms, rate sampling interval: 10ms
  Thread calibration: mean lat.: 1.346ms, rate sampling interval: 10ms
  Thread calibration: mean lat.: 1.439ms, rate sampling interval: 10ms
  Thread calibration: mean lat.: 1.239ms, rate sampling interval: 10ms
  Thread calibration: mean lat.: 1.381ms, rate sampling interval: 10ms
  Thread calibration: mean lat.: 1.099ms, rate sampling interval: 10ms
  Thread calibration: mean lat.: 1.583ms, rate sampling interval: 10ms
  Thread calibration: mean lat.: 1.307ms, rate sampling interval: 10ms
  Thread calibration: mean lat.: 1.505ms, rate sampling interval: 10ms
  Thread calibration: mean lat.: 1.072ms, rate sampling interval: 10ms
  Thread Stats   Avg      Stdev     Max   +/- Stdev
    Latency     1.43ms    2.63ms 121.86ms   97.01%
    Req/Sec     3.95k   688.90     9.56k    69.79%
  Latency Distribution (HdrHistogram - Recorded Latency)
 50.000%    1.03ms
 75.000%    1.42ms
 90.000%    1.83ms
 99.000%   16.28ms
 99.900%   30.80ms
 99.990%   45.09ms
 99.999%   65.31ms
100.000%  121.92ms

  Detailed Percentile spectrum:
       Value   Percentile   TotalCount 1/(1-Percentile)

       0.056     0.000000            1         1.00
       0.410     0.100000      3540346         1.11
       0.595     0.200000      7094171         1.25
       0.749     0.300000     10621083         1.43
       0.891     0.400000     14177107         1.67
       1.029     0.500000     17708959         2.00
       1.099     0.550000     19478542         2.22
       1.171     0.600000     21244648         2.50
       1.246     0.650000     23007468         2.86
       1.327     0.700000     24786790         3.33
       1.416     0.750000     26548656         4.00
       1.466     0.775000     27438098         4.44
       1.520     0.800000     28319251         5.00
       1.581     0.825000     29210270         5.71
       1.649     0.850000     30087269         6.67
       1.730     0.875000     30969157         8.00
       1.778     0.887500     31413173         8.89
       1.833     0.900000     31855089        10.00
       1.899     0.912500     32297317        11.43
       1.982     0.925000     32738648        13.33
       2.099     0.937500     33186548        16.00
       2.181     0.943750     33405589        17.78
       2.295     0.950000     33624913        20.00
       2.471     0.956250     33844764        22.86
       2.803     0.962500     34066005        26.67
       3.703     0.968750     34286518        32.00
       4.603     0.971875     34397409        35.56
       5.663     0.975000     34507822        40.00
       6.951     0.978125     34618431        45.71
       8.895     0.981250     34728907        53.33
      11.423     0.984375     34839468        64.00
      12.735     0.985938     34894849        71.11
      14.071     0.987500     34950149        80.00
      15.431     0.989062     35005551        91.43
      16.863     0.990625     35061266       106.67
      18.399     0.992188     35116474       128.00
      19.199     0.992969     35143696       142.22
      20.079     0.993750     35171592       160.00
      21.023     0.994531     35198959       182.86
      22.047     0.995313     35226577       213.33
      23.199     0.996094     35254309       256.00
      23.839     0.996484     35268130       284.44
      24.543     0.996875     35282073       320.00
      25.311     0.997266     35295921       365.71
      26.175     0.997656     35309715       426.67
      27.167     0.998047     35323390       512.00
      27.743     0.998242     35330324       568.89
      28.383     0.998437     35337163       640.00
      29.103     0.998633     35344171       731.43
      29.935     0.998828     35351073       853.33
      30.927     0.999023     35357959      1024.00
      31.487     0.999121     35361393      1137.78
      32.111     0.999219     35364839      1280.00
      32.831     0.999316     35368270      1462.86
      33.695     0.999414     35371799      1706.67
      34.687     0.999512     35375200      2048.00
      35.263     0.999561     35376959      2275.56
      35.935     0.999609     35378655      2560.00
      36.735     0.999658     35380384      2925.71
      37.631     0.999707     35382084      3413.33
      38.815     0.999756     35383852      4096.00
      39.455     0.999780     35384680      4551.11
      40.191     0.999805     35385544      5120.00
      41.087     0.999829     35386401      5851.43
      42.239     0.999854     35387283      6826.67
      43.551     0.999878     35388143      8192.00
      44.351     0.999890     35388566      9102.22
      45.279     0.999902     35388997     10240.00
      46.559     0.999915     35389425     11702.86
      47.839     0.999927     35389857     13653.33
      49.535     0.999939     35390294     16384.00
      50.623     0.999945     35390510     18204.44
      51.775     0.999951     35390723     20480.00
      53.023     0.999957     35390939     23405.71
      54.463     0.999963     35391155     27306.67
      56.351     0.999969     35391373     32768.00
      57.343     0.999973     35391481     36408.89
      58.399     0.999976     35391586     40960.00
      59.487     0.999979     35391694     46811.43
      60.767     0.999982     35391800     54613.33
      62.015     0.999985     35391908     65536.00
      62.879     0.999986     35391962     72817.78
      63.743     0.999988     35392016     81920.00
      64.735     0.999989     35392070     93622.86
      65.983     0.999991     35392126    109226.67
      67.071     0.999992     35392178    131072.00
      67.967     0.999993     35392205    145635.56
      69.055     0.999994     35392234    163840.00
      69.887     0.999995     35392259    187245.71
      71.103     0.999995     35392286    218453.33
      72.639     0.999996     35392316    262144.00
      73.471     0.999997     35392327    291271.11
      74.175     0.999997     35392341    327680.00
      75.327     0.999997     35392354    374491.43
      76.927     0.999998     35392367    436906.67
      79.167     0.999998     35392381    524288.00
      80.767     0.999998     35392389    582542.22
      81.535     0.999998     35392394    655360.00
      83.071     0.999999     35392401    748982.86
      83.967     0.999999     35392408    873813.33
      86.207     0.999999     35392415   1048576.00
      87.743     0.999999     35392418   1165084.44
      89.599     0.999999     35392421   1310720.00
      98.751     0.999999     35392425   1497965.71
     100.287     0.999999     35392428   1747626.67
     102.143     1.000000     35392432   2097152.00
     102.783     1.000000     35392433   2330168.89
     103.551     1.000000     35392435   2621440.00
     105.599     1.000000     35392437   2995931.43
     106.623     1.000000     35392438   3495253.33
     112.127     1.000000     35392440   4194304.00
     115.263     1.000000     35392441   4660337.78
     116.223     1.000000     35392442   5242880.00
     117.055     1.000000     35392443   5991862.86
     117.055     1.000000     35392443   6990506.67
     119.423     1.000000     35392444   8388608.00
     119.551     1.000000     35392445   9320675.55
     119.551     1.000000     35392445  10485760.00
     120.383     1.000000     35392446  11983725.71
     120.383     1.000000     35392446  13981013.34
     120.383     1.000000     35392446  16777216.00
     120.895     1.000000     35392447  18641351.10
     120.895     1.000000     35392447  20971519.98
     120.895     1.000000     35392447  23967451.45
     120.895     1.000000     35392447  27962026.68
     120.895     1.000000     35392447  33554432.00
     121.919     1.000000     35392448  37282702.28
     121.919     1.000000     35392448          inf
#[Mean    =        1.432, StdDeviation   =        2.626]
#[Max     =      121.856, Total count    =     35392448]
#[Buckets =           27, SubBuckets     =         2048]
----------------------------------------------------------
  35988156 requests in 10.00m, 5.16GB read
Requests/sec:  59980.11
Transfer/sec:      8.81MB
