Running 10m test @ http://localhost:9999/math/plus?x=1&y=2
  16 threads and 400 connections
  Thread calibration: mean lat.: 1.781ms, rate sampling interval: 10ms
  Thread calibration: mean lat.: 1.578ms, rate sampling interval: 10ms
  Thread calibration: mean lat.: 1.678ms, rate sampling interval: 10ms
  Thread calibration: mean lat.: 1.676ms, rate sampling interval: 10ms
  Thread calibration: mean lat.: 1.406ms, rate sampling interval: 10ms
  Thread calibration: mean lat.: 1.724ms, rate sampling interval: 10ms
  Thread calibration: mean lat.: 1.442ms, rate sampling interval: 10ms
  Thread calibration: mean lat.: 1.650ms, rate sampling interval: 10ms
  Thread calibration: mean lat.: 1.692ms, rate sampling interval: 10ms
  Thread calibration: mean lat.: 1.777ms, rate sampling interval: 10ms
  Thread calibration: mean lat.: 1.624ms, rate sampling interval: 10ms
  Thread calibration: mean lat.: 1.751ms, rate sampling interval: 10ms
  Thread calibration: mean lat.: 2.133ms, rate sampling interval: 10ms
  Thread calibration: mean lat.: 1.693ms, rate sampling interval: 10ms
  Thread calibration: mean lat.: 1.971ms, rate sampling interval: 10ms
  Thread calibration: mean lat.: 1.621ms, rate sampling interval: 10ms
  Thread Stats   Avg      Stdev     Max   +/- Stdev
    Latency     1.62ms  845.11us  33.60ms   75.44%
    Req/Sec   660.40    627.35     2.78k    66.45%
  Latency Distribution (HdrHistogram - Recorded Latency)
 50.000%    1.48ms
 75.000%    2.00ms
 90.000%    2.64ms
 99.000%    4.36ms
 99.900%    7.24ms
 99.990%   12.58ms
 99.999%   18.82ms
100.000%   33.63ms

  Detailed Percentile spectrum:
       Value   Percentile   TotalCount 1/(1-Percentile)

       0.070     0.000000            1         1.00
       0.732     0.100000       590882         1.11
       0.972     0.200000      1181648         1.25
       1.160     0.300000      1773063         1.43
       1.323     0.400000      2361713         1.67
       1.483     0.500000      2951680         2.00
       1.569     0.550000      3246939         2.22
       1.660     0.600000      3540367         2.50
       1.760     0.650000      3835474         2.86
       1.873     0.700000      4130845         3.33
       2.004     0.750000      4425739         4.00
       2.079     0.775000      4572603         4.44
       2.163     0.800000      4720268         5.00
       2.257     0.825000      4868028         5.71
       2.365     0.850000      5015953         6.67
       2.491     0.875000      5162823         8.00
       2.563     0.887500      5236214         8.89
       2.643     0.900000      5309307        10.00
       2.733     0.912500      5383002        11.43
       2.837     0.925000      5456821        13.33
       2.959     0.937500      5530500        16.00
       3.031     0.943750      5567665        17.78
       3.109     0.950000      5603748        20.00
       3.201     0.956250      5640800        22.86
       3.309     0.962500      5677472        26.67
       3.441     0.968750      5714565        32.00
       3.517     0.971875      5732931        35.56
       3.603     0.975000      5751168        40.00
       3.705     0.978125      5769642        45.71
       3.829     0.981250      5788249        53.33
       3.977     0.984375      5806456        64.00
       4.065     0.985938      5815797        71.11
       4.167     0.987500      5825180        80.00
       4.283     0.989062      5834247        91.43
       4.423     0.990625      5843460       106.67
       4.599     0.992188      5852686       128.00
       4.699     0.992969      5857126       142.22
       4.819     0.993750      5861787       160.00
       4.963     0.994531      5866423       182.86
       5.135     0.995313      5870935       213.33
       5.351     0.996094      5875586       256.00
       5.483     0.996484      5877896       284.44
       5.631     0.996875      5880165       320.00
       5.807     0.997266      5882500       365.71
       6.019     0.997656      5884778       426.67
       6.271     0.998047      5887088       512.00
       6.407     0.998242      5888214       568.89
       6.575     0.998437      5889373       640.00
       6.767     0.998633      5890517       731.43
       6.999     0.998828      5891676       853.33
       7.275     0.999023      5892832      1024.00
       7.435     0.999121      5893409      1137.78
       7.615     0.999219      5893978      1280.00
       7.831     0.999316      5894550      1462.86
       8.099     0.999414      5895130      1706.67
       8.455     0.999512      5895702      2048.00
       8.631     0.999561      5895993      2275.56
       8.887     0.999609      5896276      2560.00
       9.231     0.999658      5896565      2925.71
       9.607     0.999707      5896855      3413.33
      10.071     0.999756      5897142      4096.00
      10.359     0.999780      5897287      4551.11
      10.679     0.999805      5897432      5120.00
      11.015     0.999829      5897571      5851.43
      11.511     0.999854      5897716      6826.67
      12.047     0.999878      5897860      8192.00
      12.279     0.999890      5897932      9102.22
      12.623     0.999902      5898004     10240.00
      12.935     0.999915      5898076     11702.86
      13.311     0.999927      5898148     13653.33
      13.927     0.999939      5898221     16384.00
      14.215     0.999945      5898256     18204.44
      14.463     0.999951      5898292     20480.00
      14.775     0.999957      5898328     23405.71
      15.247     0.999963      5898363     27306.67
      15.759     0.999969      5898399     32768.00
      16.183     0.999973      5898417     36408.89
      16.511     0.999976      5898435     40960.00
      16.687     0.999979      5898453     46811.43
      16.863     0.999982      5898471     54613.33
      17.359     0.999985      5898489     65536.00
      17.615     0.999986      5898498     72817.78
      18.143     0.999988      5898507     81920.00
      18.447     0.999989      5898516     93622.86
      18.943     0.999991      5898525    109226.67
      19.743     0.999992      5898534    131072.00
      20.111     0.999993      5898539    145635.56
      20.271     0.999994      5898543    163840.00
      20.639     0.999995      5898548    187245.71
      20.895     0.999995      5898552    218453.33
      21.535     0.999996      5898557    262144.00
      21.839     0.999997      5898559    291271.11
      22.063     0.999997      5898561    327680.00
      23.487     0.999997      5898564    374491.43
      23.999     0.999998      5898566    436906.67
      24.959     0.999998      5898568    524288.00
      25.567     0.999998      5898569    582542.22
      25.663     0.999998      5898570    655360.00
      26.815     0.999999      5898572    748982.86
      27.167     0.999999      5898573    873813.33
      27.295     0.999999      5898574   1048576.00
      27.295     0.999999      5898574   1165084.44
      27.743     0.999999      5898575   1310720.00
      29.567     0.999999      5898576   1497965.71
      29.567     0.999999      5898576   1747626.67
      29.599     1.000000      5898577   2097152.00
      29.599     1.000000      5898577   2330168.89
      29.599     1.000000      5898577   2621440.00
      32.767     1.000000      5898578   2995931.43
      32.767     1.000000      5898578   3495253.33
      32.767     1.000000      5898578   4194304.00
      32.767     1.000000      5898578   4660337.78
      32.767     1.000000      5898578   5242880.00
      33.631     1.000000      5898579   5991862.86
      33.631     1.000000      5898579          inf
#[Mean    =        1.625, StdDeviation   =        0.845]
#[Max     =       33.600, Total count    =      5898579]
#[Buckets =           27, SubBuckets     =         2048]
----------------------------------------------------------
  5997054 requests in 10.00m, 0.86GB read
Requests/sec:   9995.05
Transfer/sec:      1.47MB
