Running 10m test @ http://localhost:9999/math/plus?x=1&y=2
  16 threads and 400 connections
  Thread calibration: mean lat.: 1.427ms, rate sampling interval: 10ms
  Thread calibration: mean lat.: 1.462ms, rate sampling interval: 10ms
  Thread calibration: mean lat.: 1.427ms, rate sampling interval: 10ms
  Thread calibration: mean lat.: 1.502ms, rate sampling interval: 10ms
  Thread calibration: mean lat.: 1.348ms, rate sampling interval: 10ms
  Thread calibration: mean lat.: 1.430ms, rate sampling interval: 10ms
  Thread calibration: mean lat.: 1.441ms, rate sampling interval: 10ms
  Thread calibration: mean lat.: 1.519ms, rate sampling interval: 10ms
  Thread calibration: mean lat.: 1.398ms, rate sampling interval: 10ms
  Thread calibration: mean lat.: 1.412ms, rate sampling interval: 10ms
  Thread calibration: mean lat.: 1.455ms, rate sampling interval: 10ms
  Thread calibration: mean lat.: 1.430ms, rate sampling interval: 10ms
  Thread calibration: mean lat.: 1.377ms, rate sampling interval: 10ms
  Thread calibration: mean lat.: 1.526ms, rate sampling interval: 10ms
  Thread calibration: mean lat.: 1.392ms, rate sampling interval: 10ms
  Thread calibration: mean lat.: 1.438ms, rate sampling interval: 10ms
  Thread Stats   Avg      Stdev     Max   +/- Stdev
    Latency     1.44ms    2.90ms 284.16ms   96.83%
    Req/Sec     3.96k   626.71    15.22k    77.28%
  Latency Distribution (HdrHistogram - Recorded Latency)
 50.000%    1.11ms
 75.000%    1.55ms
 90.000%    2.14ms
 99.000%    9.06ms
 99.900%   25.60ms
 99.990%  122.69ms
 99.999%  244.10ms
100.000%  284.42ms

  Detailed Percentile spectrum:
       Value   Percentile   TotalCount 1/(1-Percentile)

       0.057     0.000000            5         1.00
       0.444     0.100000      3541333         1.11
       0.635     0.200000      7084346         1.25
       0.800     0.300000     10628330         1.43
       0.953     0.400000     14159462         1.67
       1.107     0.500000     17705503         2.00
       1.185     0.550000     19470907         2.22
       1.266     0.600000     21248170         2.50
       1.351     0.650000     23008407         2.86
       1.445     0.700000     24777506         3.33
       1.553     0.750000     26557247         4.00
       1.614     0.775000     27438249         4.44
       1.682     0.800000     28320217         5.00
       1.760     0.825000     29204945         5.71
       1.852     0.850000     30084847         6.67
       1.970     0.875000     30970797         8.00
       2.045     0.887500     31414476         8.89
       2.137     0.900000     31856665        10.00
       2.257     0.912500     32300568        11.43
       2.421     0.925000     32742289        13.33
       2.663     0.937500     33182361        16.00
       2.833     0.943750     33402361        17.78
       3.059     0.950000     33623410        20.00
       3.365     0.956250     33845280        22.86
       3.797     0.962500     34065664        26.67
       4.395     0.968750     34286847        32.00
       4.783     0.971875     34397074        35.56
       5.247     0.975000     34508430        40.00
       5.759     0.978125     34618574        45.71
       6.391     0.981250     34729249        53.33
       7.135     0.984375     34839522        64.00
       7.579     0.985938     34895097        71.11
       8.083     0.987500     34950194        80.00
       8.663     0.989062     35005356        91.43
       9.343     0.990625     35060959       106.67
      10.151     0.992188     35116103       128.00
      10.631     0.992969     35143883       142.22
      11.151     0.993750     35171343       160.00
      11.759     0.994531     35199165       182.86
      12.463     0.995313     35226719       213.33
      13.359     0.996094     35254229       256.00
      13.895     0.996484     35268161       284.44
      14.527     0.996875     35282024       320.00
      15.231     0.997266     35295730       365.71
      16.135     0.997656     35309579       426.67
      17.359     0.998047     35323477       512.00
      18.159     0.998242     35330247       568.89
      19.199     0.998437     35337190       640.00
      20.623     0.998633     35344075       731.43
      22.767     0.998828     35351010       853.33
      26.063     0.999023     35357903      1024.00
      28.399     0.999121     35361368      1137.78
      31.135     0.999219     35364814      1280.00
      34.463     0.999316     35368278      1462.86
      38.431     0.999414     35371738      1706.67
      43.423     0.999512     35375184      2048.00
      46.495     0.999561     35376915      2275.56
      49.983     0.999609     35378634      2560.00
      54.207     0.999658     35380363      2925.71
      59.199     0.999707     35382089      3413.33
      65.407     0.999756     35383814      4096.00
      69.311     0.999780     35384691      4551.11
      74.175     0.999805     35385547      5120.00
      80.767     0.999829     35386406      5851.43
      89.087     0.999854     35387271      6826.67
     101.439     0.999878     35388134      8192.00
     111.231     0.999890     35388567      9102.22
     126.015     0.999902     35388998     10240.00
     145.791     0.999915     35389430     11702.86
     168.319     0.999927     35389867     13653.33
     187.647     0.999939     35390294     16384.00
     194.943     0.999945     35390513     18204.44
     200.447     0.999951     35390728     20480.00
     208.767     0.999957     35390944     23405.71
     217.215     0.999963     35391160     27306.67
     224.383     0.999969     35391375     32768.00
     226.815     0.999973     35391483     36408.89
     228.991     0.999976     35391594     40960.00
     231.551     0.999979     35391699     46811.43
     233.727     0.999982     35391807     54613.33
     237.311     0.999985     35391914     65536.00
     239.359     0.999986     35391972     72817.78
     241.023     0.999988     35392022     81920.00
     243.199     0.999989     35392077     93622.86
     245.759     0.999991     35392130    109226.67
     248.319     0.999992     35392184    131072.00
     249.727     0.999993     35392214    145635.56
     250.879     0.999994     35392238    163840.00
     252.287     0.999995     35392265    187245.71
     253.823     0.999995     35392296    218453.33
     255.359     0.999996     35392321    262144.00
     256.255     0.999997     35392333    291271.11
     257.279     0.999997     35392347    327680.00
     258.175     0.999997     35392360    374491.43
     259.327     0.999998     35392373    436906.67
     260.607     0.999998     35392387    524288.00
     261.247     0.999998     35392394    582542.22
     262.015     0.999998     35392402    655360.00
     263.167     0.999999     35392407    748982.86
     264.959     0.999999     35392414    873813.33
     266.495     0.999999     35392422   1048576.00
     267.263     0.999999     35392424   1165084.44
     267.775     0.999999     35392427   1310720.00
     270.335     0.999999     35392432   1497965.71
     271.359     0.999999     35392434   1747626.67
     272.895     1.000000     35392438   2097152.00
     273.663     1.000000     35392439   2330168.89
     274.431     1.000000     35392441   2621440.00
     275.199     1.000000     35392443   2995931.43
     276.223     1.000000     35392445   3495253.33
     276.991     1.000000     35392446   4194304.00
     278.271     1.000000     35392447   4660337.78
     278.527     1.000000     35392448   5242880.00
     278.783     1.000000     35392450   5991862.86
     278.783     1.000000     35392450   6990506.67
     278.783     1.000000     35392450   8388608.00
     279.807     1.000000     35392451   9320675.55
     279.807     1.000000     35392451  10485760.00
     280.831     1.000000     35392452  11983725.71
     280.831     1.000000     35392452  13981013.34
     280.831     1.000000     35392452  16777216.00
     281.855     1.000000     35392453  18641351.10
     281.855     1.000000     35392453  20971519.98
     281.855     1.000000     35392453  23967451.45
     281.855     1.000000     35392453  27962026.68
     281.855     1.000000     35392453  33554432.00
     284.415     1.000000     35392454  37282702.28
     284.415     1.000000     35392454          inf
#[Mean    =        1.444, StdDeviation   =        2.898]
#[Max     =      284.160, Total count    =     35392454]
#[Buckets =           27, SubBuckets     =         2048]
----------------------------------------------------------
  35992431 requests in 10.00m, 5.16GB read
Requests/sec:  59987.33
Transfer/sec:      8.81MB
