Running 10m test @ http://localhost:9999/math/plus?x=1&y=2
  16 threads and 400 connections
  Thread calibration: mean lat.: 1.655ms, rate sampling interval: 10ms
  Thread calibration: mean lat.: 1.621ms, rate sampling interval: 10ms
  Thread calibration: mean lat.: 1.910ms, rate sampling interval: 10ms
  Thread calibration: mean lat.: 1.653ms, rate sampling interval: 10ms
  Thread calibration: mean lat.: 1.774ms, rate sampling interval: 10ms
  Thread calibration: mean lat.: 1.817ms, rate sampling interval: 10ms
  Thread calibration: mean lat.: 1.739ms, rate sampling interval: 10ms
  Thread calibration: mean lat.: 1.625ms, rate sampling interval: 10ms
  Thread calibration: mean lat.: 1.833ms, rate sampling interval: 10ms
  Thread calibration: mean lat.: 1.765ms, rate sampling interval: 10ms
  Thread calibration: mean lat.: 1.973ms, rate sampling interval: 10ms
  Thread calibration: mean lat.: 1.736ms, rate sampling interval: 10ms
  Thread calibration: mean lat.: 1.823ms, rate sampling interval: 10ms
  Thread calibration: mean lat.: 1.664ms, rate sampling interval: 10ms
  Thread calibration: mean lat.: 1.755ms, rate sampling interval: 10ms
  Thread calibration: mean lat.: 1.844ms, rate sampling interval: 10ms
  Thread Stats   Avg      Stdev     Max   +/- Stdev
    Latency     1.98ms    2.95ms  70.66ms   92.74%
    Req/Sec     1.98k   555.42     6.33k    70.42%
  Latency Distribution (HdrHistogram - Recorded Latency)
 50.000%    1.20ms
 75.000%    1.84ms
 90.000%    3.66ms
 99.000%   16.46ms
 99.900%   29.41ms
 99.990%   40.32ms
 99.999%   50.97ms
100.000%   70.72ms

  Detailed Percentile spectrum:
       Value   Percentile   TotalCount 1/(1-Percentile)

       0.058     0.000000            1         1.00
       0.470     0.100000      1777032         1.11
       0.678     0.200000      3540631         1.25
       0.858     0.300000      5311753         1.43
       1.026     0.400000      7083813         1.67
       1.195     0.500000      8855130         2.00
       1.288     0.550000      9739219         2.22
       1.391     0.600000     10619916         2.50
       1.511     0.650000     11506798         2.86
       1.656     0.700000     12387289         3.33
       1.843     0.750000     13275680         4.00
       1.962     0.775000     13716511         4.44
       2.115     0.800000     14160724         5.00
       2.317     0.825000     14600121         5.71
       2.597     0.850000     15044198         6.67
       3.003     0.875000     15484107         8.00
       3.289     0.887500     15705673         8.89
       3.659     0.900000     15926638        10.00
       4.147     0.912500     16148721        11.43
       4.791     0.925000     16369673        13.33
       5.631     0.937500     16590704        16.00
       6.147     0.943750     16701128        17.78
       6.731     0.950000     16811664        20.00
       7.407     0.956250     16922303        22.86
       8.215     0.962500     17033069        26.67
       9.223     0.968750     17142985        32.00
       9.831     0.971875     17198518        35.56
      10.503     0.975000     17253679        40.00
      11.271     0.978125     17309073        45.71
      12.191     0.981250     17364419        53.33
      13.351     0.984375     17419730        64.00
      14.087     0.985938     17447250        71.11
      14.935     0.987500     17474833        80.00
      15.855     0.989062     17502559        91.43
      16.895     0.990625     17530151       106.67
      18.079     0.992188     17557890       128.00
      18.751     0.992969     17571806       142.22
      19.487     0.993750     17585629       160.00
      20.287     0.994531     17599237       182.86
      21.215     0.995313     17613182       213.33
      22.287     0.996094     17627005       256.00
      22.879     0.996484     17633857       284.44
      23.503     0.996875     17640730       320.00
      24.191     0.997266     17647590       365.71
      24.975     0.997656     17654574       426.67
      25.871     0.998047     17661434       512.00
      26.415     0.998242     17664933       568.89
      27.023     0.998437     17668353       640.00
      27.759     0.998633     17671784       731.43
      28.591     0.998828     17675260       853.33
      29.535     0.999023     17678722      1024.00
      30.079     0.999121     17680444      1137.78
      30.687     0.999219     17682182      1280.00
      31.311     0.999316     17683895      1462.86
      32.063     0.999414     17685625      1706.67
      32.895     0.999512     17687330      2048.00
      33.439     0.999561     17688203      2275.56
      33.983     0.999609     17689072      2560.00
      34.591     0.999658     17689936      2925.71
      35.327     0.999707     17690792      3413.33
      36.223     0.999756     17691685      4096.00
      36.671     0.999780     17692083      4551.11
      37.247     0.999805     17692519      5120.00
      37.823     0.999829     17692946      5851.43
      38.559     0.999854     17693385      6826.67
      39.327     0.999878     17693812      8192.00
      39.871     0.999890     17694032      9102.22
      40.447     0.999902     17694255     10240.00
      41.119     0.999915     17694458     11702.86
      41.919     0.999927     17694681     13653.33
      42.815     0.999939     17694899     16384.00
      43.199     0.999945     17695000     18204.44
      43.807     0.999951     17695107     20480.00
      44.383     0.999957     17695217     23405.71
      45.119     0.999963     17695324     27306.67
      46.047     0.999969     17695434     32768.00
      46.527     0.999973     17695485     36408.89
      47.007     0.999976     17695540     40960.00
      47.551     0.999979     17695592     46811.43
      48.351     0.999982     17695647     54613.33
      49.247     0.999985     17695702     65536.00
      49.599     0.999986     17695728     72817.78
      50.207     0.999988     17695755     81920.00
      50.751     0.999989     17695784     93622.86
      51.359     0.999991     17695808    109226.67
      52.223     0.999992     17695836    131072.00
      52.543     0.999993     17695849    145635.56
      53.119     0.999994     17695862    163840.00
      53.855     0.999995     17695876    187245.71
      54.655     0.999995     17695889    218453.33
      55.359     0.999996     17695903    262144.00
      55.679     0.999997     17695911    291271.11
      55.903     0.999997     17695916    327680.00
      56.223     0.999997     17695924    374491.43
      56.831     0.999998     17695930    436906.67
      57.375     0.999998     17695937    524288.00
      57.663     0.999998     17695941    582542.22
      57.759     0.999998     17695943    655360.00
      58.271     0.999999     17695947    748982.86
      58.495     0.999999     17695950    873813.33
      59.647     0.999999     17695955   1048576.00
      59.647     0.999999     17695955   1165084.44
      60.127     0.999999     17695957   1310720.00
      61.119     0.999999     17695959   1497965.71
      61.215     0.999999     17695960   1747626.67
      61.823     1.000000     17695962   2097152.00
      61.951     1.000000     17695963   2330168.89
      62.207     1.000000     17695964   2621440.00
      63.551     1.000000     17695965   2995931.43
      63.551     1.000000     17695965   3495253.33
      65.503     1.000000     17695966   4194304.00
      66.239     1.000000     17695967   4660337.78
      66.239     1.000000     17695967   5242880.00
      66.367     1.000000     17695968   5991862.86
      66.367     1.000000     17695968   6990506.67
      66.367     1.000000     17695968   8388608.00
      68.479     1.000000     17695969   9320675.55
      68.479     1.000000     17695969  10485760.00
      68.479     1.000000     17695969  11983725.71
      68.479     1.000000     17695969  13981013.34
      68.479     1.000000     17695969  16777216.00
      70.719     1.000000     17695970  18641351.10
      70.719     1.000000     17695970          inf
#[Mean    =        1.979, StdDeviation   =        2.948]
#[Max     =       70.656, Total count    =     17695970]
#[Buckets =           27, SubBuckets     =         2048]
----------------------------------------------------------
  17994322 requests in 10.00m, 2.58GB read
Requests/sec:  29990.55
Transfer/sec:      4.40MB
