Running 10m test @ http://localhost:9999/math/plus?x=1&y=2
  16 threads and 400 connections
  Thread calibration: mean lat.: 2.054ms, rate sampling interval: 10ms
  Thread calibration: mean lat.: 1.780ms, rate sampling interval: 10ms
  Thread calibration: mean lat.: 1.988ms, rate sampling interval: 10ms
  Thread calibration: mean lat.: 2.439ms, rate sampling interval: 10ms
  Thread calibration: mean lat.: 2.340ms, rate sampling interval: 10ms
  Thread calibration: mean lat.: 2.038ms, rate sampling interval: 10ms
  Thread calibration: mean lat.: 2.542ms, rate sampling interval: 10ms
  Thread calibration: mean lat.: 2.540ms, rate sampling interval: 10ms
  Thread calibration: mean lat.: 1.481ms, rate sampling interval: 10ms
  Thread calibration: mean lat.: 2.153ms, rate sampling interval: 10ms
  Thread calibration: mean lat.: 2.127ms, rate sampling interval: 10ms
  Thread calibration: mean lat.: 2.589ms, rate sampling interval: 10ms
  Thread calibration: mean lat.: 2.253ms, rate sampling interval: 10ms
  Thread calibration: mean lat.: 1.937ms, rate sampling interval: 10ms
  Thread calibration: mean lat.: 2.004ms, rate sampling interval: 10ms
  Thread calibration: mean lat.: 2.660ms, rate sampling interval: 10ms
  Thread Stats   Avg      Stdev     Max   +/- Stdev
    Latency     2.17ms    1.33ms  25.02ms   71.60%
    Req/Sec   659.85    669.14     2.78k    84.12%
  Latency Distribution (HdrHistogram - Recorded Latency)
 50.000%    1.85ms
 75.000%    2.90ms
 90.000%    4.05ms
 99.000%    6.09ms
 99.900%    8.75ms
 99.990%   12.77ms
 99.999%   18.72ms
100.000%   25.04ms

  Detailed Percentile spectrum:
       Value   Percentile   TotalCount 1/(1-Percentile)

       0.065     0.000000            1         1.00
       0.759     0.100000       591110         1.11
       1.053     0.200000      1181533         1.25
       1.299     0.300000      1769857         1.43
       1.556     0.400000      2360496         1.67
       1.850     0.500000      2949312         2.00
       2.019     0.550000      3244881         2.22
       2.203     0.600000      3539941         2.50
       2.407     0.650000      3835203         2.86
       2.639     0.700000      4130887         3.33
       2.901     0.750000      4424612         4.00
       3.049     0.775000      4572254         4.44
       3.209     0.800000      4719067         5.00
       3.387     0.825000      4866633         5.71
       3.583     0.850000      5014523         6.67
       3.803     0.875000      5162309         8.00
       3.923     0.887500      5235957         8.89
       4.049     0.900000      5308957        10.00
       4.187     0.912500      5383530        11.43
       4.339     0.925000      5457178        13.33
       4.511     0.937500      5530844        16.00
       4.607     0.943750      5567333        17.78
       4.711     0.950000      5603713        20.00
       4.831     0.956250      5641336        22.86
       4.963     0.962500      5678307        26.67
       5.115     0.968750      5714894        32.00
       5.203     0.971875      5733156        35.56
       5.299     0.975000      5751296        40.00
       5.411     0.978125      5769656        45.71
       5.543     0.981250      5788323        53.33
       5.699     0.984375      5806557        64.00
       5.791     0.985938      5815827        71.11
       5.895     0.987500      5825069        80.00
       6.015     0.989062      5834345        91.43
       6.151     0.990625      5843302       106.67
       6.319     0.992188      5852536       128.00
       6.415     0.992969      5857168       142.22
       6.531     0.993750      5861804       160.00
       6.663     0.994531      5866393       182.86
       6.819     0.995313      5871005       213.33
       7.003     0.996094      5875582       256.00
       7.111     0.996484      5877865       284.44
       7.247     0.996875      5880197       320.00
       7.395     0.997266      5882519       365.71
       7.575     0.997656      5884814       426.67
       7.803     0.998047      5887074       512.00
       7.943     0.998242      5888240       568.89
       8.111     0.998437      5889391       640.00
       8.295     0.998633      5890551       731.43
       8.511     0.998828      5891692       853.33
       8.783     0.999023      5892850      1024.00
       8.951     0.999121      5893424      1137.78
       9.135     0.999219      5893990      1280.00
       9.351     0.999316      5894581      1462.86
       9.583     0.999414      5895145      1706.67
       9.879     0.999512      5895725      2048.00
      10.055     0.999561      5896014      2275.56
      10.247     0.999609      5896299      2560.00
      10.479     0.999658      5896583      2925.71
      10.759     0.999707      5896876      3413.33
      11.111     0.999756      5897156      4096.00
      11.295     0.999780      5897304      4551.11
      11.503     0.999805      5897446      5120.00
      11.751     0.999829      5897586      5851.43
      12.047     0.999854      5897731      6826.67
      12.375     0.999878      5897875      8192.00
      12.551     0.999890      5897951      9102.22
      12.807     0.999902      5898023     10240.00
      13.095     0.999915      5898091     11702.86
      13.439     0.999927      5898162     13653.33
      13.855     0.999939      5898234     16384.00
      14.055     0.999945      5898270     18204.44
      14.295     0.999951      5898306     20480.00
      14.519     0.999957      5898343     23405.71
      14.863     0.999963      5898378     27306.67
      15.295     0.999969      5898414     32768.00
      15.511     0.999973      5898432     36408.89
      15.887     0.999976      5898450     40960.00
      16.223     0.999979      5898468     46811.43
      16.735     0.999982      5898486     54613.33
      17.487     0.999985      5898504     65536.00
      17.919     0.999986      5898513     72817.78
      18.191     0.999988      5898522     81920.00
      18.639     0.999989      5898532     93622.86
      18.831     0.999991      5898540    109226.67
      19.359     0.999992      5898549    131072.00
      19.807     0.999993      5898554    145635.56
      19.983     0.999994      5898558    163840.00
      20.303     0.999995      5898564    187245.71
      20.431     0.999995      5898567    218453.33
      20.767     0.999996      5898572    262144.00
      20.815     0.999997      5898574    291271.11
      21.119     0.999997      5898576    327680.00
      21.535     0.999997      5898579    374491.43
      21.839     0.999998      5898581    436906.67
      22.671     0.999998      5898583    524288.00
      22.751     0.999998      5898584    582542.22
      22.895     0.999998      5898585    655360.00
      23.471     0.999999      5898588    748982.86
      23.471     0.999999      5898588    873813.33
      23.695     0.999999      5898589   1048576.00
      23.695     0.999999      5898589   1165084.44
      23.759     0.999999      5898590   1310720.00
      23.839     0.999999      5898591   1497965.71
      23.839     0.999999      5898591   1747626.67
      24.015     1.000000      5898592   2097152.00
      24.015     1.000000      5898592   2330168.89
      24.015     1.000000      5898592   2621440.00
      24.895     1.000000      5898593   2995931.43
      24.895     1.000000      5898593   3495253.33
      24.895     1.000000      5898593   4194304.00
      24.895     1.000000      5898593   4660337.78
      24.895     1.000000      5898593   5242880.00
      25.039     1.000000      5898594   5991862.86
      25.039     1.000000      5898594          inf
#[Mean    =        2.169, StdDeviation   =        1.330]
#[Max     =       25.024, Total count    =      5898594]
#[Buckets =           27, SubBuckets     =         2048]
----------------------------------------------------------
  5998159 requests in 10.00m, 0.86GB read
Requests/sec:   9996.97
Transfer/sec:      1.47MB
