Running 10m test @ http://localhost:9999/math/plus?x=1&y=2
  16 threads and 400 connections
  Thread calibration: mean lat.: 1.052ms, rate sampling interval: 10ms
  Thread calibration: mean lat.: 1.136ms, rate sampling interval: 10ms
  Thread calibration: mean lat.: 1.094ms, rate sampling interval: 10ms
  Thread calibration: mean lat.: 1.111ms, rate sampling interval: 10ms
  Thread calibration: mean lat.: 1.033ms, rate sampling interval: 10ms
  Thread calibration: mean lat.: 1.124ms, rate sampling interval: 10ms
  Thread calibration: mean lat.: 1.101ms, rate sampling interval: 10ms
  Thread calibration: mean lat.: 1.050ms, rate sampling interval: 10ms
  Thread calibration: mean lat.: 1.042ms, rate sampling interval: 10ms
  Thread calibration: mean lat.: 1.084ms, rate sampling interval: 10ms
  Thread calibration: mean lat.: 1.130ms, rate sampling interval: 10ms
  Thread calibration: mean lat.: 1.202ms, rate sampling interval: 10ms
  Thread calibration: mean lat.: 1.108ms, rate sampling interval: 10ms
  Thread calibration: mean lat.: 1.205ms, rate sampling interval: 10ms
  Thread calibration: mean lat.: 1.035ms, rate sampling interval: 10ms
  Thread calibration: mean lat.: 1.012ms, rate sampling interval: 10ms
  Thread Stats   Avg      Stdev     Max   +/- Stdev
    Latency     1.05ms    0.96ms  61.50ms   96.38%
    Req/Sec     3.29k   437.01     8.78k    72.44%
  Latency Distribution (HdrHistogram - Recorded Latency)
 50.000%    0.95ms
 75.000%    1.31ms
 90.000%    1.65ms
 99.000%    3.32ms
 99.900%   13.77ms
 99.990%   22.58ms
 99.999%   33.34ms
100.000%   61.53ms

  Detailed Percentile spectrum:
       Value   Percentile   TotalCount 1/(1-Percentile)

       0.052     0.000000            1         1.00
       0.342     0.100000      2954583         1.11
       0.518     0.200000      5905887         1.25
       0.674     0.300000      8864882         1.43
       0.817     0.400000     11806377         1.67
       0.955     0.500000     14754418         2.00
       1.023     0.550000     16234931         2.22
       1.092     0.600000     17710615         2.50
       1.162     0.650000     19180137         2.86
       1.235     0.700000     20658864         3.33
       1.314     0.750000     22137266         4.00
       1.357     0.775000     22863682         4.44
       1.404     0.800000     23597150         5.00
       1.456     0.825000     24342382         5.71
       1.513     0.850000     25077670         6.67
       1.578     0.875000     25812076         8.00
       1.615     0.887500     26185255         8.89
       1.655     0.900000     26549274        10.00
       1.700     0.912500     26916458        11.43
       1.751     0.925000     27281761        13.33
       1.812     0.937500     27652560        16.00
       1.847     0.943750     27835568        17.78
       1.887     0.950000     28021488        20.00
       1.932     0.956250     28204601        22.86
       1.985     0.962500     28388325        26.67
       2.053     0.968750     28576220        32.00
       2.095     0.971875     28667377        35.56
       2.147     0.975000     28758722        40.00
       2.215     0.978125     28850854        45.71
       2.307     0.981250     28942257        53.33
       2.441     0.984375     29032872        64.00
       2.543     0.985938     29079475        71.11
       2.695     0.987500     29125185        80.00
       2.985     0.989062     29171270        91.43
       3.615     0.990625     29217228       106.67
       4.467     0.992188     29263443       128.00
       5.007     0.992969     29286335       142.22
       5.691     0.993750     29309414       160.00
       6.467     0.994531     29332463       182.86
       7.371     0.995313     29355469       213.33
       8.159     0.996094     29378562       256.00
       8.623     0.996484     29390107       284.44
       9.175     0.996875     29401595       320.00
       9.807     0.997266     29413175       365.71
      10.439     0.997656     29424600       426.67
      11.231     0.998047     29436140       512.00
      11.679     0.998242     29441865       568.89
      12.103     0.998437     29447727       640.00
      12.575     0.998633     29453423       731.43
      13.151     0.998828     29459151       853.33
      13.855     0.999023     29464911      1024.00
      14.207     0.999121     29467840      1137.78
      14.607     0.999219     29470682      1280.00
      15.071     0.999316     29473535      1462.86
      15.543     0.999414     29476423      1706.67
      15.991     0.999512     29479315      2048.00
      16.311     0.999561     29480736      2275.56
      16.703     0.999609     29482206      2560.00
      17.199     0.999658     29483648      2925.71
      17.711     0.999707     29485056      3413.33
      18.367     0.999756     29486502      4096.00
      18.799     0.999780     29487223      4551.11
      19.343     0.999805     29487942      5120.00
      19.967     0.999829     29488659      5851.43
      20.703     0.999854     29489374      6826.67
      21.583     0.999878     29490095      8192.00
      22.079     0.999890     29490454      9102.22
      22.687     0.999902     29490819     10240.00
      23.423     0.999915     29491177     11702.86
      24.175     0.999927     29491538     13653.33
      25.167     0.999939     29491899     16384.00
      25.679     0.999945     29492074     18204.44
      26.303     0.999951     29492254     20480.00
      27.039     0.999957     29492436     23405.71
      27.759     0.999963     29492614     27306.67
      28.495     0.999969     29492794     32768.00
      28.975     0.999973     29492884     36408.89
      29.471     0.999976     29492975     40960.00
      30.063     0.999979     29493067     46811.43
      30.831     0.999982     29493154     54613.33
      31.583     0.999985     29493244     65536.00
      32.063     0.999986     29493289     72817.78
      32.431     0.999988     29493334     81920.00
      32.991     0.999989     29493379     93622.86
      33.599     0.999991     29493425    109226.67
      34.367     0.999992     29493469    131072.00
      34.751     0.999993     29493493    145635.56
      35.071     0.999994     29493514    163840.00
      35.615     0.999995     29493538    187245.71
      36.383     0.999995     29493559    218453.33
      37.151     0.999996     29493582    262144.00
      37.599     0.999997     29493593    291271.11
      38.239     0.999997     29493604    327680.00
      38.911     0.999997     29493616    374491.43
      39.679     0.999998     29493628    436906.67
      41.215     0.999998     29493638    524288.00
      41.823     0.999998     29493644    582542.22
      42.943     0.999998     29493650    655360.00
      44.351     0.999999     29493655    748982.86
      45.855     0.999999     29493661    873813.33
      47.967     0.999999     29493666   1048576.00
      48.415     0.999999     29493669   1165084.44
      49.567     0.999999     29493672   1310720.00
      50.719     0.999999     29493675   1497965.71
      52.383     0.999999     29493678   1747626.67
      52.671     1.000000     29493680   2097152.00
      53.055     1.000000     29493682   2330168.89
      53.279     1.000000     29493683   2621440.00
      53.407     1.000000     29493685   2995931.43
      54.495     1.000000     29493686   3495253.33
      55.135     1.000000     29493687   4194304.00
      55.455     1.000000     29493688   4660337.78
      55.903     1.000000     29493689   5242880.00
      56.287     1.000000     29493690   5991862.86
      56.287     1.000000     29493690   6990506.67
      56.575     1.000000     29493691   8388608.00
      56.575     1.000000     29493691   9320675.55
      58.175     1.000000     29493692  10485760.00
      58.175     1.000000     29493692  11983725.71
      58.175     1.000000     29493692  13981013.34
      59.743     1.000000     29493693  16777216.00
      59.743     1.000000     29493693  18641351.10
      59.743     1.000000     29493693  20971519.98
      59.743     1.000000     29493693  23967451.45
      59.743     1.000000     29493693  27962026.68
      61.535     1.000000     29493694  33554432.00
      61.535     1.000000     29493694          inf
#[Mean    =        1.046, StdDeviation   =        0.960]
#[Max     =       61.504, Total count    =     29493694]
#[Buckets =           27, SubBuckets     =         2048]
----------------------------------------------------------
  29996706 requests in 10.00m, 4.30GB read
Requests/sec:  49994.53
Transfer/sec:      7.34MB
