Running 10m test @ http://localhost:9999/math/plus?x=1&y=2
  16 threads and 400 connections
  Thread calibration: mean lat.: 2.308ms, rate sampling interval: 10ms
  Thread calibration: mean lat.: 2.255ms, rate sampling interval: 10ms
  Thread calibration: mean lat.: 2.319ms, rate sampling interval: 10ms
  Thread calibration: mean lat.: 2.265ms, rate sampling interval: 10ms
  Thread calibration: mean lat.: 2.257ms, rate sampling interval: 10ms
  Thread calibration: mean lat.: 2.481ms, rate sampling interval: 10ms
  Thread calibration: mean lat.: 1.160ms, rate sampling interval: 10ms
  Thread calibration: mean lat.: 2.399ms, rate sampling interval: 10ms
  Thread calibration: mean lat.: 1.955ms, rate sampling interval: 10ms
  Thread calibration: mean lat.: 2.870ms, rate sampling interval: 10ms
  Thread calibration: mean lat.: 2.400ms, rate sampling interval: 10ms
  Thread calibration: mean lat.: 2.530ms, rate sampling interval: 10ms
  Thread calibration: mean lat.: 2.795ms, rate sampling interval: 10ms
  Thread calibration: mean lat.: 2.805ms, rate sampling interval: 10ms
  Thread calibration: mean lat.: 2.253ms, rate sampling interval: 10ms
  Thread calibration: mean lat.: 2.556ms, rate sampling interval: 10ms
  Thread Stats   Avg      Stdev     Max   +/- Stdev
    Latency     2.26ms    1.60ms  28.46ms   76.66%
    Req/Sec   659.44    676.74     2.78k    82.37%
  Latency Distribution (HdrHistogram - Recorded Latency)
 50.000%    1.83ms
 75.000%    2.98ms
 90.000%    4.42ms
 99.000%    7.63ms
 99.900%   11.06ms
 99.990%   15.41ms
 99.999%   21.61ms
100.000%   28.48ms

  Detailed Percentile spectrum:
       Value   Percentile   TotalCount 1/(1-Percentile)

       0.062     0.000000            1         1.00
       0.692     0.100000       590731         1.11
       0.984     0.200000      1181483         1.25
       1.244     0.300000      1771319         1.43
       1.514     0.400000      2360340         1.67
       1.830     0.500000      2949982         2.00
       2.004     0.550000      3245063         2.22
       2.193     0.600000      3539340         2.50
       2.409     0.650000      3834639         2.86
       2.669     0.700000      4130518         3.33
       2.983     0.750000      4424730         4.00
       3.163     0.775000      4572738         4.44
       3.357     0.800000      4719030         5.00
       3.571     0.825000      4867574         5.71
       3.815     0.850000      5014285         6.67
       4.091     0.875000      5161837         8.00
       4.247     0.887500      5236254         8.89
       4.419     0.900000      5310212        10.00
       4.611     0.912500      5383895        11.43
       4.835     0.925000      5457189        13.33
       5.095     0.937500      5529984        16.00
       5.247     0.943750      5567155        17.78
       5.415     0.950000      5604309        20.00
       5.599     0.956250      5641057        22.86
       5.811     0.962500      5678003        26.67
       6.059     0.968750      5714326        32.00
       6.203     0.971875      5732741        35.56
       6.367     0.975000      5751455        40.00
       6.551     0.978125      5769803        45.71
       6.767     0.981250      5788147        53.33
       7.019     0.984375      5806677        64.00
       7.163     0.985938      5815847        71.11
       7.327     0.987500      5825053        80.00
       7.507     0.989062      5834195        91.43
       7.723     0.990625      5843302       106.67
       7.987     0.992188      5852627       128.00
       8.131     0.992969      5857172       142.22
       8.295     0.993750      5861772       160.00
       8.487     0.994531      5866394       182.86
       8.711     0.995313      5871021       213.33
       8.975     0.996094      5875556       256.00
       9.127     0.996484      5877857       284.44
       9.303     0.996875      5880239       320.00
       9.495     0.997266      5882492       365.71
       9.719     0.997656      5884834       426.67
      10.007     0.998047      5887129       512.00
      10.175     0.998242      5888245       568.89
      10.351     0.998437      5889377       640.00
      10.559     0.998633      5890566       731.43
      10.807     0.998828      5891703       853.33
      11.103     0.999023      5892856      1024.00
      11.279     0.999121      5893429      1137.78
      11.471     0.999219      5894000      1280.00
      11.679     0.999316      5894570      1462.86
      11.911     0.999414      5895149      1706.67
      12.191     0.999512      5895721      2048.00
      12.351     0.999561      5896003      2275.56
      12.551     0.999609      5896290      2560.00
      12.799     0.999658      5896582      2925.71
      13.047     0.999707      5896868      3413.33
      13.415     0.999756      5897152      4096.00
      13.615     0.999780      5897298      4551.11
      13.855     0.999805      5897441      5120.00
      14.119     0.999829      5897587      5851.43
      14.463     0.999854      5897730      6826.67
      14.927     0.999878      5897872      8192.00
      15.231     0.999890      5897945      9102.22
      15.495     0.999902      5898018     10240.00
      15.831     0.999915      5898090     11702.86
      16.183     0.999927      5898160     13653.33
      16.735     0.999939      5898232     16384.00
      17.055     0.999945      5898269     18204.44
      17.391     0.999951      5898305     20480.00
      17.727     0.999957      5898340     23405.71
      18.207     0.999963      5898376     27306.67
      18.511     0.999969      5898415     32768.00
      18.687     0.999973      5898430     36408.89
      19.023     0.999976      5898448     40960.00
      19.423     0.999979      5898467     46811.43
      19.903     0.999982      5898484     54613.33
      20.383     0.999985      5898502     65536.00
      20.575     0.999986      5898511     72817.78
      21.007     0.999988      5898520     81920.00
      21.503     0.999989      5898529     93622.86
      21.775     0.999991      5898538    109226.67
      22.063     0.999992      5898547    131072.00
      22.399     0.999993      5898552    145635.56
      22.591     0.999994      5898556    163840.00
      22.735     0.999995      5898561    187245.71
      22.959     0.999995      5898565    218453.33
      23.135     0.999996      5898570    262144.00
      23.327     0.999997      5898572    291271.11
      23.551     0.999997      5898574    327680.00
      23.759     0.999997      5898577    374491.43
      23.903     0.999998      5898579    436906.67
      24.159     0.999998      5898581    524288.00
      24.239     0.999998      5898582    582542.22
      24.255     0.999998      5898583    655360.00
      24.479     0.999999      5898585    748982.86
      24.559     0.999999      5898587    873813.33
      24.559     0.999999      5898587   1048576.00
      24.559     0.999999      5898587   1165084.44
      25.103     0.999999      5898588   1310720.00
      25.359     0.999999      5898589   1497965.71
      25.359     0.999999      5898589   1747626.67
      26.463     1.000000      5898590   2097152.00
      26.463     1.000000      5898590   2330168.89
      26.463     1.000000      5898590   2621440.00
      27.215     1.000000      5898591   2995931.43
      27.215     1.000000      5898591   3495253.33
      27.215     1.000000      5898591   4194304.00
      27.215     1.000000      5898591   4660337.78
      27.215     1.000000      5898591   5242880.00
      28.479     1.000000      5898592   5991862.86
      28.479     1.000000      5898592          inf
#[Mean    =        2.259, StdDeviation   =        1.604]
#[Max     =       28.464, Total count    =      5898592]
#[Buckets =           27, SubBuckets     =         2048]
----------------------------------------------------------
  5998705 requests in 10.00m, 0.86GB read
Requests/sec:   9997.86
Transfer/sec:      1.47MB
