Running 10m test @ http://localhost:9999/math/plus?x=1&y=2
  16 threads and 400 connections
  Thread calibration: mean lat.: 1.708ms, rate sampling interval: 10ms
  Thread calibration: mean lat.: 1.489ms, rate sampling interval: 10ms
  Thread calibration: mean lat.: 1.597ms, rate sampling interval: 10ms
  Thread calibration: mean lat.: 1.611ms, rate sampling interval: 10ms
  Thread calibration: mean lat.: 1.719ms, rate sampling interval: 10ms
  Thread calibration: mean lat.: 1.524ms, rate sampling interval: 10ms
  Thread calibration: mean lat.: 1.520ms, rate sampling interval: 10ms
  Thread calibration: mean lat.: 1.740ms, rate sampling interval: 10ms
  Thread calibration: mean lat.: 1.486ms, rate sampling interval: 10ms
  Thread calibration: mean lat.: 1.567ms, rate sampling interval: 10ms
  Thread calibration: mean lat.: 1.757ms, rate sampling interval: 10ms
  Thread calibration: mean lat.: 1.751ms, rate sampling interval: 10ms
  Thread calibration: mean lat.: 1.858ms, rate sampling interval: 10ms
  Thread calibration: mean lat.: 1.424ms, rate sampling interval: 10ms
  Thread calibration: mean lat.: 1.567ms, rate sampling interval: 10ms
  Thread calibration: mean lat.: 1.663ms, rate sampling interval: 10ms
  Thread Stats   Avg      Stdev     Max   +/- Stdev
    Latency     1.53ms  845.62us  20.66ms   73.31%
    Req/Sec   659.88    709.40     2.78k    84.62%
  Latency Distribution (HdrHistogram - Recorded Latency)
 50.000%    1.36ms
 75.000%    1.93ms
 90.000%    2.64ms
 99.000%    4.22ms
 99.900%    6.36ms
 99.990%    9.16ms
 99.999%   12.80ms
100.000%   20.67ms

  Detailed Percentile spectrum:
       Value   Percentile   TotalCount 1/(1-Percentile)

       0.056     0.000000            1         1.00
       0.621     0.100000       590287         1.11
       0.850     0.200000      1181956         1.25
       1.038     0.300000      1772029         1.43
       1.202     0.400000      2362846         1.67
       1.363     0.500000      2951172         2.00
       1.450     0.550000      3246717         2.22
       1.547     0.600000      3541742         2.50
       1.656     0.650000      3835252         2.86
       1.782     0.700000      4130617         3.33
       1.929     0.750000      4424615         4.00
       2.013     0.775000      4572362         4.44
       2.107     0.800000      4720186         5.00
       2.213     0.825000      4867762         5.71
       2.335     0.850000      5014656         6.67
       2.477     0.875000      5162212         8.00
       2.557     0.887500      5236309         8.89
       2.643     0.900000      5308855        10.00
       2.739     0.912500      5382903        11.43
       2.847     0.925000      5457122        13.33
       2.969     0.937500      5530723        16.00
       3.039     0.943750      5567701        17.78
       3.115     0.950000      5604386        20.00
       3.201     0.956250      5641089        22.86
       3.299     0.962500      5677504        26.67
       3.417     0.968750      5714325        32.00
       3.487     0.971875      5733142        35.56
       3.563     0.975000      5751184        40.00
       3.653     0.978125      5769852        45.71
       3.763     0.981250      5788037        53.33
       3.897     0.984375      5806548        64.00
       3.973     0.985938      5815905        71.11
       4.055     0.987500      5824878        80.00
       4.155     0.989062      5834326        91.43
       4.271     0.990625      5843391       106.67
       4.411     0.992188      5852681       128.00
       4.495     0.992969      5857279       142.22
       4.591     0.993750      5861872       160.00
       4.703     0.994531      5866479       182.86
       4.831     0.995313      5870988       213.33
       4.991     0.996094      5875566       256.00
       5.083     0.996484      5877891       284.44
       5.195     0.996875      5880215       320.00
       5.319     0.997266      5882491       365.71
       5.471     0.997656      5884779       426.67
       5.655     0.998047      5887104       512.00
       5.767     0.998242      5888269       568.89
       5.883     0.998437      5889388       640.00
       6.023     0.998633      5890565       731.43
       6.187     0.998828      5891700       853.33
       6.379     0.999023      5892848      1024.00
       6.499     0.999121      5893419      1137.78
       6.615     0.999219      5894012      1280.00
       6.763     0.999316      5894572      1462.86
       6.931     0.999414      5895153      1706.67
       7.159     0.999512      5895732      2048.00
       7.283     0.999561      5896018      2275.56
       7.427     0.999609      5896303      2560.00
       7.583     0.999658      5896587      2925.71
       7.759     0.999707      5896879      3413.33
       7.971     0.999756      5897167      4096.00
       8.079     0.999780      5897308      4551.11
       8.215     0.999805      5897454      5120.00
       8.383     0.999829      5897597      5851.43
       8.575     0.999854      5897742      6826.67
       8.863     0.999878      5897888      8192.00
       9.031     0.999890      5897958      9102.22
       9.191     0.999902      5898032     10240.00
       9.407     0.999915      5898100     11702.86
       9.655     0.999927      5898171     13653.33
       9.951     0.999939      5898244     16384.00
      10.191     0.999945      5898279     18204.44
      10.447     0.999951      5898315     20480.00
      10.631     0.999957      5898351     23405.71
      10.935     0.999963      5898387     27306.67
      11.143     0.999969      5898424     32768.00
      11.327     0.999973      5898442     36408.89
      11.487     0.999976      5898459     40960.00
      11.631     0.999979      5898477     46811.43
      11.751     0.999982      5898495     54613.33
      12.127     0.999985      5898513     65536.00
      12.343     0.999986      5898522     72817.78
      12.527     0.999988      5898531     81920.00
      12.695     0.999989      5898540     93622.86
      12.887     0.999991      5898549    109226.67
      13.231     0.999992      5898558    131072.00
      13.351     0.999993      5898563    145635.56
      13.439     0.999994      5898567    163840.00
      13.591     0.999995      5898572    187245.71
      13.663     0.999995      5898576    218453.33
      13.887     0.999996      5898581    262144.00
      13.951     0.999997      5898583    291271.11
      14.079     0.999997      5898585    327680.00
      14.575     0.999997      5898588    374491.43
      14.959     0.999998      5898590    436906.67
      15.383     0.999998      5898592    524288.00
      15.863     0.999998      5898593    582542.22
      15.991     0.999998      5898594    655360.00
      16.719     0.999999      5898596    748982.86
      17.039     0.999999      5898597    873813.33
      17.071     0.999999      5898598   1048576.00
      17.071     0.999999      5898598   1165084.44
      18.079     0.999999      5898599   1310720.00
      18.463     0.999999      5898600   1497965.71
      18.463     0.999999      5898600   1747626.67
      19.295     1.000000      5898601   2097152.00
      19.295     1.000000      5898601   2330168.89
      19.295     1.000000      5898601   2621440.00
      19.615     1.000000      5898602   2995931.43
      19.615     1.000000      5898602   3495253.33
      19.615     1.000000      5898602   4194304.00
      19.615     1.000000      5898602   4660337.78
      19.615     1.000000      5898602   5242880.00
      20.671     1.000000      5898603   5991862.86
      20.671     1.000000      5898603          inf
#[Mean    =        1.529, StdDeviation   =        0.846]
#[Max     =       20.656, Total count    =      5898603]
#[Buckets =           27, SubBuckets     =         2048]
----------------------------------------------------------
  5997052 requests in 10.00m, 0.86GB read
Requests/sec:   9994.98
Transfer/sec:      1.47MB
