Running 10m test @ http://localhost:9999/math/plus?x=1&y=2
  16 threads and 400 connections
  Thread calibration: mean lat.: 1.157ms, rate sampling interval: 10ms
  Thread calibration: mean lat.: 1.157ms, rate sampling interval: 10ms
  Thread calibration: mean lat.: 1.192ms, rate sampling interval: 10ms
  Thread calibration: mean lat.: 1.246ms, rate sampling interval: 10ms
  Thread calibration: mean lat.: 1.213ms, rate sampling interval: 10ms
  Thread calibration: mean lat.: 1.135ms, rate sampling interval: 10ms
  Thread calibration: mean lat.: 1.164ms, rate sampling interval: 10ms
  Thread calibration: mean lat.: 1.254ms, rate sampling interval: 10ms
  Thread calibration: mean lat.: 1.335ms, rate sampling interval: 10ms
  Thread calibration: mean lat.: 1.267ms, rate sampling interval: 10ms
  Thread calibration: mean lat.: 1.082ms, rate sampling interval: 10ms
  Thread calibration: mean lat.: 1.205ms, rate sampling interval: 10ms
  Thread calibration: mean lat.: 1.195ms, rate sampling interval: 10ms
  Thread calibration: mean lat.: 1.207ms, rate sampling interval: 10ms
  Thread calibration: mean lat.: 1.178ms, rate sampling interval: 10ms
  Thread calibration: mean lat.: 1.176ms, rate sampling interval: 10ms
  Thread Stats   Avg      Stdev     Max   +/- Stdev
    Latency     1.08ms    1.21ms  61.63ms   97.78%
    Req/Sec     3.30k   607.64    11.67k    76.18%
  Latency Distribution (HdrHistogram - Recorded Latency)
 50.000%    0.95ms
 75.000%    1.32ms
 90.000%    1.66ms
 99.000%    4.88ms
 99.900%   16.70ms
 99.990%   32.24ms
 99.999%   42.85ms
100.000%   61.66ms

  Detailed Percentile spectrum:
       Value   Percentile   TotalCount 1/(1-Percentile)

       0.051     0.000000            1         1.00
       0.360     0.100000      2951279         1.11
       0.535     0.200000      5907424         1.25
       0.681     0.300000      8849562         1.43
       0.818     0.400000     11804483         1.67
       0.954     0.500000     14767548         2.00
       1.023     0.550000     16233611         2.22
       1.094     0.600000     17716189         2.50
       1.166     0.650000     19187420         2.86
       1.241     0.700000     20657220         3.33
       1.322     0.750000     22130828         4.00
       1.366     0.775000     22867701         4.44
       1.413     0.800000     23604927         5.00
       1.464     0.825000     24341439         5.71
       1.520     0.850000     25077494         6.67
       1.583     0.875000     25811304         8.00
       1.618     0.887500     26180051         8.89
       1.656     0.900000     26544401        10.00
       1.699     0.912500     26914823        11.43
       1.748     0.925000     27281763        13.33
       1.808     0.937500     27654382        16.00
       1.843     0.943750     27838460        17.78
       1.883     0.950000     28020360        20.00
       1.931     0.956250     28206695        22.86
       1.989     0.962500     28388028        26.67
       2.071     0.968750     28573482        32.00
       2.127     0.971875     28665593        35.56
       2.203     0.975000     28758367        40.00
       2.309     0.978125     28849236        45.71
       2.477     0.981250     28940995        53.33
       2.803     0.984375     29032906        64.00
       3.127     0.985938     29079084        71.11
       3.651     0.987500     29125085        80.00
       4.343     0.989062     29171252        91.43
       5.275     0.990625     29217261       106.67
       6.463     0.992188     29263411       128.00
       7.103     0.992969     29286335       142.22
       7.743     0.993750     29309504       160.00
       8.383     0.994531     29332625       182.86
       9.215     0.995313     29355482       213.33
      10.223     0.996094     29378628       256.00
      10.775     0.996484     29390045       284.44
      11.391     0.996875     29401547       320.00
      12.007     0.997266     29413071       365.71
      12.703     0.997656     29424588       426.67
      13.615     0.998047     29436165       512.00
      14.143     0.998242     29441874       568.89
      14.735     0.998437     29447629       640.00
      15.335     0.998633     29453377       731.43
      15.943     0.998828     29459171       853.33
      16.831     0.999023     29464914      1024.00
      17.423     0.999121     29467794      1137.78
      18.095     0.999219     29470684      1280.00
      18.991     0.999316     29473575      1462.86
      20.111     0.999414     29476427      1706.67
      21.519     0.999512     29479301      2048.00
      22.351     0.999561     29480734      2275.56
      23.295     0.999609     29482190      2560.00
      24.319     0.999658     29483617      2925.71
      25.503     0.999707     29485056      3413.33
      26.735     0.999756     29486499      4096.00
      27.487     0.999780     29487233      4551.11
      28.239     0.999805     29487943      5120.00
      29.103     0.999829     29488665      5851.43
      30.095     0.999854     29489380      6826.67
      31.103     0.999878     29490097      8192.00
      31.711     0.999890     29490459      9102.22
      32.367     0.999902     29490830     10240.00
      33.087     0.999915     29491181     11702.86
      33.951     0.999927     29491538     13653.33
      34.911     0.999939     29491901     16384.00
      35.359     0.999945     29492075     18204.44
      35.967     0.999951     29492260     20480.00
      36.639     0.999957     29492438     23405.71
      37.343     0.999963     29492619     27306.67
      38.111     0.999969     29492800     32768.00
      38.623     0.999973     29492894     36408.89
      39.167     0.999976     29492977     40960.00
      39.775     0.999979     29493068     46811.43
      40.511     0.999982     29493160     54613.33
      41.215     0.999985     29493247     65536.00
      41.695     0.999986     29493292     72817.78
      42.079     0.999988     29493335     81920.00
      42.591     0.999989     29493383     93622.86
      43.135     0.999991     29493426    109226.67
      43.711     0.999992     29493471    131072.00
      44.223     0.999993     29493497    145635.56
      44.767     0.999994     29493519    163840.00
      45.247     0.999995     29493539    187245.71
      46.207     0.999995     29493560    218453.33
      47.295     0.999996     29493583    262144.00
      47.871     0.999997     29493595    291271.11
      48.191     0.999997     29493605    327680.00
      48.895     0.999997     29493617    374491.43
      49.439     0.999998     29493628    436906.67
      50.047     0.999998     29493639    524288.00
      50.655     0.999998     29493645    582542.22
      50.847     0.999998     29493650    655360.00
      51.679     0.999999     29493656    748982.86
      52.063     0.999999     29493662    873813.33
      52.575     0.999999     29493667   1048576.00
      52.703     0.999999     29493670   1165084.44
      53.279     0.999999     29493673   1310720.00
      53.759     0.999999     29493676   1497965.71
      54.335     0.999999     29493679   1747626.67
      54.751     1.000000     29493681   2097152.00
      55.007     1.000000     29493683   2330168.89
      55.231     1.000000     29493684   2621440.00
      55.615     1.000000     29493686   2995931.43
      56.671     1.000000     29493688   3495253.33
      56.671     1.000000     29493688   4194304.00
      56.895     1.000000     29493689   4660337.78
      57.055     1.000000     29493690   5242880.00
      57.311     1.000000     29493691   5991862.86
      57.311     1.000000     29493691   6990506.67
      57.535     1.000000     29493692   8388608.00
      57.535     1.000000     29493692   9320675.55
      57.887     1.000000     29493693  10485760.00
      57.887     1.000000     29493693  11983725.71
      57.887     1.000000     29493693  13981013.34
      60.319     1.000000     29493694  16777216.00
      60.319     1.000000     29493694  18641351.10
      60.319     1.000000     29493694  20971519.98
      60.319     1.000000     29493694  23967451.45
      60.319     1.000000     29493694  27962026.68
      61.663     1.000000     29493695  33554432.00
      61.663     1.000000     29493695          inf
#[Mean    =        1.084, StdDeviation   =        1.209]
#[Max     =       61.632, Total count    =     29493695]
#[Buckets =           27, SubBuckets     =         2048]
----------------------------------------------------------
  29990458 requests in 10.00m, 4.30GB read
Requests/sec:  49984.07
Transfer/sec:      7.34MB
