Running 10m test @ http://localhost:9999/math/plus?x=1&y=2
  16 threads and 400 connections
  Thread calibration: mean lat.: 2.372ms, rate sampling interval: 10ms
  Thread calibration: mean lat.: 2.535ms, rate sampling interval: 10ms
  Thread calibration: mean lat.: 2.731ms, rate sampling interval: 10ms
  Thread calibration: mean lat.: 2.402ms, rate sampling interval: 10ms
  Thread calibration: mean lat.: 2.923ms, rate sampling interval: 10ms
  Thread calibration: mean lat.: 2.686ms, rate sampling interval: 10ms
  Thread calibration: mean lat.: 2.578ms, rate sampling interval: 10ms
  Thread calibration: mean lat.: 2.426ms, rate sampling interval: 10ms
  Thread calibration: mean lat.: 2.491ms, rate sampling interval: 10ms
  Thread calibration: mean lat.: 2.425ms, rate sampling interval: 10ms
  Thread calibration: mean lat.: 2.596ms, rate sampling interval: 10ms
  Thread calibration: mean lat.: 2.476ms, rate sampling interval: 10ms
  Thread calibration: mean lat.: 2.516ms, rate sampling interval: 10ms
  Thread calibration: mean lat.: 2.656ms, rate sampling interval: 10ms
  Thread calibration: mean lat.: 2.673ms, rate sampling interval: 10ms
  Thread calibration: mean lat.: 2.605ms, rate sampling interval: 10ms
  Thread Stats   Avg      Stdev     Max   +/- Stdev
    Latency     1.49ms    2.54ms  92.03ms   96.86%
    Req/Sec     3.95k   610.58    12.22k    69.51%
  Latency Distribution (HdrHistogram - Recorded Latency)
 50.000%    1.08ms
 75.000%    1.51ms
 90.000%    2.00ms
 99.000%   15.80ms
 99.900%   30.06ms
 99.990%   42.21ms
 99.999%   53.63ms
100.000%   92.10ms

  Detailed Percentile spectrum:
       Value   Percentile   TotalCount 1/(1-Percentile)

       0.054     0.000000            1         1.00
       0.418     0.100000      3542655         1.11
       0.612     0.200000      7092746         1.25
       0.777     0.300000     10638741         1.43
       0.929     0.400000     14163597         1.67
       1.079     0.500000     17707103         2.00
       1.155     0.550000     19470480         2.22
       1.234     0.600000     21243054         2.50
       1.317     0.650000     23016969         2.86
       1.406     0.700000     24776210         3.33
       1.506     0.750000     26550108         4.00
       1.562     0.775000     27438631         4.44
       1.623     0.800000     28319709         5.00
       1.692     0.825000     29206663         5.71
       1.771     0.850000     30083642         6.67
       1.867     0.875000     30968438         8.00
       1.926     0.887500     31416219         8.89
       1.995     0.900000     31856581        10.00
       2.081     0.912500     32301086        11.43
       2.193     0.925000     32741861        13.33
       2.353     0.937500     33181727        16.00
       2.465     0.943750     33404623        17.78
       2.611     0.950000     33624579        20.00
       2.823     0.956250     33845289        22.86
       3.191     0.962500     34065837        26.67
       4.051     0.968750     34286673        32.00
       4.835     0.971875     34397189        35.56
       5.783     0.975000     34507725        40.00
       6.899     0.978125     34618548        45.71
       8.647     0.981250     34729021        53.33
      11.079     0.984375     34839768        64.00
      12.359     0.985938     34894999        71.11
      13.671     0.987500     34950322        80.00
      14.991     0.989062     35005363        91.43
      16.351     0.990625     35060906       106.67
      17.791     0.992188     35116148       128.00
      18.575     0.992969     35143996       142.22
      19.375     0.993750     35171374       160.00
      20.255     0.994531     35199187       182.86
      21.231     0.995313     35226808       213.33
      22.351     0.996094     35254462       256.00
      22.991     0.996484     35268333       284.44
      23.679     0.996875     35282062       320.00
      24.447     0.997266     35295731       365.71
      25.343     0.997656     35309640       426.67
      26.383     0.998047     35323318       512.00
      26.975     0.998242     35330259       568.89
      27.631     0.998437     35337218       640.00
      28.383     0.998633     35344089       731.43
      29.215     0.998828     35350995       853.33
      30.191     0.999023     35357932      1024.00
      30.735     0.999121     35361404      1137.78
      31.343     0.999219     35364786      1280.00
      32.015     0.999316     35368259      1462.86
      32.799     0.999414     35371760      1706.67
      33.695     0.999512     35375248      2048.00
      34.207     0.999561     35376907      2275.56
      34.815     0.999609     35378630      2560.00
      35.487     0.999658     35380356      2925.71
      36.319     0.999707     35382103      3413.33
      37.311     0.999756     35383841      4096.00
      37.823     0.999780     35384664      4551.11
      38.463     0.999805     35385532      5120.00
      39.167     0.999829     35386390      5851.43
      40.031     0.999854     35387254      6826.67
      41.119     0.999878     35388128      8192.00
      41.695     0.999890     35388552      9102.22
      42.367     0.999902     35388984     10240.00
      43.135     0.999915     35389419     11702.86
      44.063     0.999927     35389849     13653.33
      45.055     0.999939     35390274     16384.00
      45.663     0.999945     35390495     18204.44
      46.335     0.999951     35390711     20480.00
      47.007     0.999957     35390924     23405.71
      47.871     0.999963     35391138     27306.67
      48.863     0.999969     35391354     32768.00
      49.407     0.999973     35391459     36408.89
      49.887     0.999976     35391568     40960.00
      50.527     0.999979     35391682     46811.43
      51.199     0.999982     35391786     54613.33
      51.839     0.999985     35391890     65536.00
      52.255     0.999986     35391946     72817.78
      52.831     0.999988     35391998     81920.00
      53.375     0.999989     35392057     93622.86
      53.951     0.999991     35392106    109226.67
      54.847     0.999992     35392163    131072.00
      55.135     0.999993     35392188    145635.56
      55.775     0.999994     35392215    163840.00
      56.223     0.999995     35392243    187245.71
      56.799     0.999995     35392268    218453.33
      57.727     0.999996     35392295    262144.00
      58.239     0.999997     35392309    291271.11
      59.103     0.999997     35392322    327680.00
      60.063     0.999997     35392337    374491.43
      61.471     0.999998     35392349    436906.67
      62.847     0.999998     35392363    524288.00
      63.711     0.999998     35392370    582542.22
      64.543     0.999998     35392376    655360.00
      65.471     0.999999     35392383    748982.86
      67.327     0.999999     35392390    873813.33
      69.567     0.999999     35392397   1048576.00
      72.383     0.999999     35392400   1165084.44
      73.087     0.999999     35392403   1310720.00
      74.943     0.999999     35392407   1497965.71
      75.519     0.999999     35392410   1747626.67
      76.031     1.000000     35392414   2097152.00
      76.415     1.000000     35392415   2330168.89
      76.927     1.000000     35392417   2621440.00
      77.887     1.000000     35392419   2995931.43
      78.591     1.000000     35392420   3495253.33
      79.359     1.000000     35392422   4194304.00
      82.367     1.000000     35392423   4660337.78
      85.055     1.000000     35392424   5242880.00
      87.167     1.000000     35392425   5991862.86
      87.167     1.000000     35392425   6990506.67
      89.023     1.000000     35392426   8388608.00
      89.599     1.000000     35392427   9320675.55
      89.599     1.000000     35392427  10485760.00
      90.623     1.000000     35392428  11983725.71
      90.623     1.000000     35392428  13981013.34
      90.623     1.000000     35392428  16777216.00
      91.775     1.000000     35392429  18641351.10
      91.775     1.000000     35392429  20971519.98
      91.775     1.000000     35392429  23967451.45
      91.775     1.000000     35392429  27962026.68
      91.775     1.000000     35392429  33554432.00
      92.095     1.000000     35392430  37282702.28
      92.095     1.000000     35392430          inf
#[Mean    =        1.485, StdDeviation   =        2.540]
#[Max     =       92.032, Total count    =     35392430]
#[Buckets =           27, SubBuckets     =         2048]
----------------------------------------------------------
  35995463 requests in 10.00m, 5.16GB read
Requests/sec:  59992.47
Transfer/sec:      8.81MB
