Running 10m test @ http://localhost:9999/math/plus?x=1&y=2
  16 threads and 400 connections
  Thread calibration: mean lat.: 2.073ms, rate sampling interval: 10ms
  Thread calibration: mean lat.: 1.765ms, rate sampling interval: 10ms
  Thread calibration: mean lat.: 1.713ms, rate sampling interval: 10ms
  Thread calibration: mean lat.: 1.762ms, rate sampling interval: 10ms
  Thread calibration: mean lat.: 1.631ms, rate sampling interval: 10ms
  Thread calibration: mean lat.: 1.661ms, rate sampling interval: 10ms
  Thread calibration: mean lat.: 2.010ms, rate sampling interval: 10ms
  Thread calibration: mean lat.: 1.538ms, rate sampling interval: 10ms
  Thread calibration: mean lat.: 1.806ms, rate sampling interval: 10ms
  Thread calibration: mean lat.: 1.963ms, rate sampling interval: 10ms
  Thread calibration: mean lat.: 2.027ms, rate sampling interval: 10ms
  Thread calibration: mean lat.: 1.845ms, rate sampling interval: 10ms
  Thread calibration: mean lat.: 1.965ms, rate sampling interval: 10ms
  Thread calibration: mean lat.: 1.819ms, rate sampling interval: 10ms
  Thread calibration: mean lat.: 2.061ms, rate sampling interval: 10ms
  Thread calibration: mean lat.: 1.982ms, rate sampling interval: 10ms
  Thread Stats   Avg      Stdev     Max   +/- Stdev
    Latency     1.58ms    2.63ms  73.79ms   95.12%
    Req/Sec     1.98k   577.52     6.33k    79.32%
  Latency Distribution (HdrHistogram - Recorded Latency)
 50.000%    1.07ms
 75.000%    1.49ms
 90.000%    2.23ms
 99.000%   14.42ms
 99.900%   31.69ms
 99.990%   45.79ms
 99.999%   58.24ms
100.000%   73.86ms

  Detailed Percentile spectrum:
       Value   Percentile   TotalCount 1/(1-Percentile)

       0.053     0.000000            1         1.00
       0.428     0.100000      1773868         1.11
       0.619     0.200000      3548840         1.25
       0.781     0.300000      5310070         1.43
       0.928     0.400000      7082170         1.67
       1.068     0.500000      8859007         2.00
       1.138     0.550000      9740924         2.22
       1.212     0.600000     10628965         2.50
       1.291     0.650000     11504743         2.86
       1.381     0.700000     12390508         3.33
       1.488     0.750000     13278648         4.00
       1.551     0.775000     13720824         4.44
       1.623     0.800000     14160876         5.00
       1.709     0.825000     14603144         5.71
       1.817     0.850000     15042799         6.67
       1.968     0.875000     15484961         8.00
       2.079     0.887500     15707914         8.89
       2.233     0.900000     15927159        10.00
       2.461     0.912500     16148101        11.43
       2.801     0.925000     16369990        13.33
       3.317     0.937500     16590414        16.00
       3.671     0.943750     16701303        17.78
       4.115     0.950000     16811875        20.00
       4.679     0.956250     16922394        22.86
       5.399     0.962500     17032585        26.67
       6.355     0.968750     17143486        32.00
       6.955     0.971875     17198591        35.56
       7.675     0.975000     17253968        40.00
       8.543     0.978125     17309389        45.71
       9.591     0.981250     17364516        53.33
      10.927     0.984375     17419811        64.00
      11.735     0.985938     17447392        71.11
      12.607     0.987500     17475062        80.00
      13.655     0.989062     17502635        91.43
      14.975     0.990625     17530353       106.67
      16.479     0.992188     17558025       128.00
      17.327     0.992969     17571891       142.22
      18.287     0.993750     17585699       160.00
      19.343     0.994531     17599584       182.86
      20.527     0.995313     17613297       213.33
      21.951     0.996094     17627115       256.00
      22.751     0.996484     17634044       284.44
      23.615     0.996875     17640898       320.00
      24.575     0.997266     17647783       365.71
      25.679     0.997656     17654701       426.67
      26.991     0.998047     17661661       512.00
      27.791     0.998242     17665134       568.89
      28.639     0.998437     17668550       640.00
      29.583     0.998633     17671976       731.43
      30.639     0.998828     17675452       853.33
      31.855     0.999023     17678899      1024.00
      32.543     0.999121     17680646      1137.78
      33.279     0.999219     17682365      1280.00
      34.143     0.999316     17684105      1462.86
      35.103     0.999414     17685825      1706.67
      36.255     0.999512     17687553      2048.00
      36.895     0.999561     17688419      2275.56
      37.567     0.999609     17689269      2560.00
      38.399     0.999658     17690155      2925.71
      39.327     0.999707     17690992      3413.33
      40.543     0.999756     17691870      4096.00
      41.151     0.999780     17692284      4551.11
      41.919     0.999805     17692728      5120.00
      42.719     0.999829     17693152      5851.43
      43.679     0.999854     17693579      6826.67
      44.767     0.999878     17694008      8192.00
      45.311     0.999890     17694235      9102.22
      45.919     0.999902     17694444     10240.00
      46.623     0.999915     17694656     11702.86
      47.519     0.999927     17694876     13653.33
      48.639     0.999939     17695088     16384.00
      49.343     0.999945     17695204     18204.44
      49.919     0.999951     17695305     20480.00
      50.719     0.999957     17695420     23405.71
      51.679     0.999963     17695520     27306.67
      52.543     0.999969     17695629     32768.00
      53.087     0.999973     17695682     36408.89
      53.823     0.999976     17695737     40960.00
      54.367     0.999979     17695791     46811.43
      55.135     0.999982     17695844     54613.33
      56.159     0.999985     17695899     65536.00
      56.767     0.999986     17695926     72817.78
      57.343     0.999988     17695952     81920.00
      58.047     0.999989     17695979     93622.86
      58.527     0.999991     17696006    109226.67
      59.199     0.999992     17696034    131072.00
      59.647     0.999993     17696048    145635.56
      59.999     0.999994     17696060    163840.00
      60.447     0.999995     17696074    187245.71
      61.023     0.999995     17696087    218453.33
      61.951     0.999996     17696102    262144.00
      62.271     0.999997     17696108    291271.11
      62.527     0.999997     17696114    327680.00
      63.007     0.999997     17696122    374491.43
      63.327     0.999998     17696128    436906.67
      64.671     0.999998     17696135    524288.00
      64.831     0.999998     17696138    582542.22
      65.023     0.999998     17696141    655360.00
      65.343     0.999999     17696145    748982.86
      65.663     0.999999     17696148    873813.33
      66.559     0.999999     17696152   1048576.00
      66.879     0.999999     17696154   1165084.44
      66.943     0.999999     17696155   1310720.00
      67.263     0.999999     17696157   1497965.71
      67.327     0.999999     17696158   1747626.67
      67.519     1.000000     17696160   2097152.00
      67.583     1.000000     17696162   2330168.89
      67.583     1.000000     17696162   2621440.00
      67.647     1.000000     17696163   2995931.43
      67.647     1.000000     17696163   3495253.33
      67.711     1.000000     17696164   4194304.00
      68.031     1.000000     17696165   4660337.78
      68.031     1.000000     17696165   5242880.00
      68.799     1.000000     17696166   5991862.86
      68.799     1.000000     17696166   6990506.67
      68.799     1.000000     17696166   8388608.00
      70.143     1.000000     17696167   9320675.55
      70.143     1.000000     17696167  10485760.00
      70.143     1.000000     17696167  11983725.71
      70.143     1.000000     17696167  13981013.34
      70.143     1.000000     17696167  16777216.00
      73.855     1.000000     17696168  18641351.10
      73.855     1.000000     17696168          inf
#[Mean    =        1.577, StdDeviation   =        2.628]
#[Max     =       73.792, Total count    =     17696168]
#[Buckets =           27, SubBuckets     =         2048]
----------------------------------------------------------
  17996157 requests in 10.00m, 2.58GB read
Requests/sec:  29993.56
Transfer/sec:      4.41MB
