Running 10m test @ http://localhost:9999/math/plus?x=1&y=2
  16 threads and 400 connections
  Thread calibration: mean lat.: 1.827ms, rate sampling interval: 10ms
  Thread calibration: mean lat.: 1.812ms, rate sampling interval: 10ms
  Thread calibration: mean lat.: 1.578ms, rate sampling interval: 10ms
  Thread calibration: mean lat.: 1.841ms, rate sampling interval: 10ms
  Thread calibration: mean lat.: 1.668ms, rate sampling interval: 10ms
  Thread calibration: mean lat.: 1.491ms, rate sampling interval: 10ms
  Thread calibration: mean lat.: 1.786ms, rate sampling interval: 10ms
  Thread calibration: mean lat.: 1.626ms, rate sampling interval: 10ms
  Thread calibration: mean lat.: 1.696ms, rate sampling interval: 10ms
  Thread calibration: mean lat.: 1.825ms, rate sampling interval: 10ms
  Thread calibration: mean lat.: 1.596ms, rate sampling interval: 10ms
  Thread calibration: mean lat.: 1.494ms, rate sampling interval: 10ms
  Thread calibration: mean lat.: 1.763ms, rate sampling interval: 10ms
  Thread calibration: mean lat.: 1.929ms, rate sampling interval: 10ms
  Thread calibration: mean lat.: 1.670ms, rate sampling interval: 10ms
  Thread calibration: mean lat.: 1.660ms, rate sampling interval: 10ms
  Thread Stats   Avg      Stdev     Max   +/- Stdev
    Latency     1.41ms    2.67ms  66.30ms   95.45%
    Req/Sec     1.98k   455.07     7.78k    71.52%
  Latency Distribution (HdrHistogram - Recorded Latency)
 50.000%    0.93ms
 75.000%    1.28ms
 90.000%    1.73ms
 99.000%   15.63ms
 99.900%   30.22ms
 99.990%   41.69ms
 99.999%   52.38ms
100.000%   66.37ms

  Detailed Percentile spectrum:
       Value   Percentile   TotalCount 1/(1-Percentile)

       0.054     0.000000            2         1.00
       0.344     0.100000      1774620         1.11
       0.509     0.200000      3548730         1.25
       0.659     0.300000      5318721         1.43
       0.799     0.400000      7081021         1.67
       0.933     0.500000      8855746         2.00
       0.999     0.550000      9745388         2.22
       1.064     0.600000     10620111         2.50
       1.131     0.650000     11508288         2.86
       1.201     0.700000     12389175         3.33
       1.277     0.750000     13274671         4.00
       1.320     0.775000     13717882         4.44
       1.370     0.800000     14164910         5.00
       1.429     0.825000     14604721         5.71
       1.502     0.850000     15046587         6.67
       1.596     0.875000     15487072         8.00
       1.655     0.887500     15708272         8.89
       1.726     0.900000     15927558        10.00
       1.819     0.912500     16147813        11.43
       1.964     0.925000     16369043        13.33
       2.421     0.937500     16590449        16.00
       2.917     0.943750     16700797        17.78
       3.551     0.950000     16811560        20.00
       4.323     0.956250     16922465        22.86
       5.275     0.962500     17032606        26.67
       6.483     0.968750     17143444        32.00
       7.235     0.971875     17198563        35.56
       8.123     0.975000     17253922        40.00
       9.175     0.978125     17309261        45.71
      10.415     0.981250     17364520        53.33
      11.911     0.984375     17419738        64.00
      12.799     0.985938     17447454        71.11
      13.791     0.987500     17475170        80.00
      14.895     0.989062     17502750        91.43
      16.151     0.990625     17530332       106.67
      17.583     0.992188     17558216       128.00
      18.367     0.992969     17571896       142.22
      19.231     0.993750     17585806       160.00
      20.175     0.994531     17599444       182.86
      21.247     0.995313     17613318       213.33
      22.463     0.996094     17627214       256.00
      23.103     0.996484     17634018       284.44
      23.823     0.996875     17640973       320.00
      24.623     0.997266     17647839       365.71
      25.535     0.997656     17654773       426.67
      26.575     0.998047     17661656       512.00
      27.167     0.998242     17665091       568.89
      27.823     0.998437     17668611       640.00
      28.543     0.998633     17672020       731.43
      29.375     0.998828     17675481       853.33
      30.351     0.999023     17678958      1024.00
      30.911     0.999121     17680671      1137.78
      31.519     0.999219     17682411      1280.00
      32.175     0.999316     17684097      1462.86
      32.959     0.999414     17685854      1706.67
      33.855     0.999512     17687579      2048.00
      34.367     0.999561     17688433      2275.56
      34.975     0.999609     17689282      2560.00
      35.647     0.999658     17690181      2925.71
      36.383     0.999707     17691026      3413.33
      37.279     0.999756     17691899      4096.00
      37.791     0.999780     17692317      4551.11
      38.399     0.999805     17692750      5120.00
      39.071     0.999829     17693179      5851.43
      39.839     0.999854     17693615      6826.67
      40.735     0.999878     17694049      8192.00
      41.247     0.999890     17694258      9102.22
      41.823     0.999902     17694471     10240.00
      42.399     0.999915     17694685     11702.86
      43.135     0.999927     17694895     13653.33
      43.967     0.999939     17695114     16384.00
      44.415     0.999945     17695221     18204.44
      45.055     0.999951     17695330     20480.00
      45.695     0.999957     17695436     23405.71
      46.431     0.999963     17695548     27306.67
      47.167     0.999969     17695651     32768.00
      47.647     0.999973     17695706     36408.89
      48.223     0.999976     17695759     40960.00
      48.927     0.999979     17695813     46811.43
      49.599     0.999982     17695869     54613.33
      50.399     0.999985     17695921     65536.00
      50.751     0.999986     17695948     72817.78
      51.391     0.999988     17695979     81920.00
      51.999     0.999989     17696002     93622.86
      52.735     0.999991     17696031    109226.67
      53.247     0.999992     17696056    131072.00
      53.631     0.999993     17696070    145635.56
      54.271     0.999994     17696083    163840.00
      54.783     0.999995     17696098    187245.71
      55.455     0.999995     17696110    218453.33
      55.999     0.999996     17696124    262144.00
      56.319     0.999997     17696131    291271.11
      56.671     0.999997     17696137    327680.00
      57.183     0.999997     17696144    374491.43
      58.175     0.999998     17696151    436906.67
      59.135     0.999998     17696159    524288.00
      59.263     0.999998     17696161    582542.22
      59.839     0.999998     17696164    655360.00
      60.159     0.999999     17696168    748982.86
      60.223     0.999999     17696172    873813.33
      60.831     0.999999     17696175   1048576.00
      61.311     0.999999     17696176   1165084.44
      61.695     0.999999     17696178   1310720.00
      61.759     0.999999     17696180   1497965.71
      62.111     0.999999     17696181   1747626.67
      62.847     1.000000     17696183   2097152.00
      63.071     1.000000     17696184   2330168.89
      63.615     1.000000     17696185   2621440.00
      64.447     1.000000     17696186   2995931.43
      64.447     1.000000     17696186   3495253.33
      64.703     1.000000     17696187   4194304.00
      65.599     1.000000     17696188   4660337.78
      65.599     1.000000     17696188   5242880.00
      65.791     1.000000     17696189   5991862.86
      65.791     1.000000     17696189   6990506.67
      65.791     1.000000     17696189   8388608.00
      66.047     1.000000     17696190   9320675.55
      66.047     1.000000     17696190  10485760.00
      66.047     1.000000     17696190  11983725.71
      66.047     1.000000     17696190  13981013.34
      66.047     1.000000     17696190  16777216.00
      66.367     1.000000     17696191  18641351.10
      66.367     1.000000     17696191          inf
#[Mean    =        1.415, StdDeviation   =        2.671]
#[Max     =       66.304, Total count    =     17696191]
#[Buckets =           27, SubBuckets     =         2048]
----------------------------------------------------------
  17996358 requests in 10.00m, 2.58GB read
Requests/sec:  29993.93
Transfer/sec:      4.41MB
