Running 10m test @ http://localhost:9999/math/plus?x=1&y=2
  16 threads and 400 connections
  Thread calibration: mean lat.: 1.192ms, rate sampling interval: 10ms
  Thread calibration: mean lat.: 1.151ms, rate sampling interval: 10ms
  Thread calibration: mean lat.: 1.205ms, rate sampling interval: 10ms
  Thread calibration: mean lat.: 1.161ms, rate sampling interval: 10ms
  Thread calibration: mean lat.: 1.093ms, rate sampling interval: 10ms
  Thread calibration: mean lat.: 1.185ms, rate sampling interval: 10ms
  Thread calibration: mean lat.: 1.169ms, rate sampling interval: 10ms
  Thread calibration: mean lat.: 1.169ms, rate sampling interval: 10ms
  Thread calibration: mean lat.: 1.163ms, rate sampling interval: 10ms
  Thread calibration: mean lat.: 1.192ms, rate sampling interval: 10ms
  Thread calibration: mean lat.: 1.167ms, rate sampling interval: 10ms
  Thread calibration: mean lat.: 1.274ms, rate sampling interval: 10ms
  Thread calibration: mean lat.: 1.308ms, rate sampling interval: 10ms
  Thread calibration: mean lat.: 1.189ms, rate sampling interval: 10ms
  Thread calibration: mean lat.: 1.190ms, rate sampling interval: 10ms
  Thread calibration: mean lat.: 1.266ms, rate sampling interval: 10ms
  Thread Stats   Avg      Stdev     Max   +/- Stdev
    Latency     1.11ms    1.23ms  60.32ms   97.33%
    Req/Sec     3.29k   502.61     9.22k    74.45%
  Latency Distribution (HdrHistogram - Recorded Latency)
 50.000%    0.98ms
 75.000%    1.34ms
 90.000%    1.71ms
 99.000%    4.88ms
 99.900%   16.91ms
 99.990%   32.77ms
 99.999%   43.39ms
100.000%   60.35ms

  Detailed Percentile spectrum:
       Value   Percentile   TotalCount 1/(1-Percentile)

       0.049     0.000000            1         1.00
       0.358     0.100000      2954854         1.11
       0.538     0.200000      5901526         1.25
       0.694     0.300000      8853824         1.43
       0.839     0.400000     11805690         1.67
       0.977     0.500000     14750235         2.00
       1.045     0.550000     16236962         2.22
       1.113     0.600000     17708432         2.50
       1.182     0.650000     19173213         2.86
       1.256     0.700000     20658800         3.33
       1.337     0.750000     22135186         4.00
       1.382     0.775000     22870256         4.44
       1.431     0.800000     23598322         5.00
       1.487     0.825000     24339931         5.71
       1.550     0.850000     25071243         6.67
       1.625     0.875000     25813326         8.00
       1.667     0.887500     26177809         8.89
       1.714     0.900000     26546819        10.00
       1.767     0.912500     26916708        11.43
       1.827     0.925000     27282965        13.33
       1.898     0.937500     27651968        16.00
       1.940     0.943750     27837253        17.78
       1.988     0.950000     28019523        20.00
       2.047     0.956250     28204935        22.86
       2.123     0.962500     28390100        26.67
       2.229     0.968750     28573849        32.00
       2.301     0.971875     28666370        35.56
       2.391     0.975000     28756804        40.00
       2.515     0.978125     28849659        45.71
       2.699     0.981250     28941383        53.33
       3.035     0.984375     29033099        64.00
       3.333     0.985938     29079160        71.11
       3.785     0.987500     29125139        80.00
       4.367     0.989062     29171362        91.43
       5.307     0.990625     29217327       106.67
       6.551     0.992188     29263378       128.00
       7.195     0.992969     29286476       142.22
       7.759     0.993750     29309553       160.00
       8.319     0.994531     29332571       182.86
       9.199     0.995313     29355489       213.33
      10.287     0.996094     29378592       256.00
      10.903     0.996484     29390096       284.44
      11.415     0.996875     29401584       320.00
      11.967     0.997266     29413179       365.71
      12.615     0.997656     29424674       426.67
      13.543     0.998047     29436129       512.00
      14.079     0.998242     29441883       568.89
      14.719     0.998437     29447647       640.00
      15.343     0.998633     29453418       731.43
      16.031     0.998828     29459206       853.33
      17.071     0.999023     29465000      1024.00
      17.695     0.999121     29467853      1137.78
      18.399     0.999219     29470684      1280.00
      19.327     0.999316     29473574      1462.86
      20.495     0.999414     29476486      1706.67
      22.031     0.999512     29479328      2048.00
      22.863     0.999561     29480776      2275.56
      23.727     0.999609     29482220      2560.00
      24.767     0.999658     29483659      2925.71
      25.983     0.999707     29485090      3413.33
      27.295     0.999756     29486535      4096.00
      27.999     0.999780     29487253      4551.11
      28.767     0.999805     29487974      5120.00
      29.599     0.999829     29488690      5851.43
      30.543     0.999854     29489406      6826.67
      31.631     0.999878     29490129      8192.00
      32.271     0.999890     29490491      9102.22
      32.927     0.999902     29490854     10240.00
      33.791     0.999915     29491209     11702.86
      34.687     0.999927     29491581     13653.33
      35.551     0.999939     29491927     16384.00
      36.063     0.999945     29492110     18204.44
      36.639     0.999951     29492287     20480.00
      37.407     0.999957     29492464     23405.71
      38.143     0.999963     29492647     27306.67
      38.975     0.999969     29492824     32768.00
      39.391     0.999973     29492915     36408.89
      39.871     0.999976     29493007     40960.00
      40.415     0.999979     29493094     46811.43
      41.087     0.999982     29493186     54613.33
      41.791     0.999985     29493274     65536.00
      42.175     0.999986     29493320     72817.78
      42.623     0.999988     29493367     81920.00
      43.167     0.999989     29493409     93622.86
      43.647     0.999991     29493454    109226.67
      44.351     0.999992     29493500    131072.00
      44.703     0.999993     29493525    145635.56
      44.959     0.999994     29493545    163840.00
      45.407     0.999995     29493568    187245.71
      45.855     0.999995     29493590    218453.33
      46.367     0.999996     29493613    262144.00
      46.751     0.999997     29493623    291271.11
      47.071     0.999997     29493636    327680.00
      47.359     0.999997     29493646    374491.43
      47.999     0.999998     29493657    436906.67
      48.415     0.999998     29493668    524288.00
      48.831     0.999998     29493674    582542.22
      49.183     0.999998     29493679    655360.00
      49.855     0.999999     29493685    748982.86
      50.111     0.999999     29493691    873813.33
      50.463     0.999999     29493696   1048576.00
      50.751     0.999999     29493699   1165084.44
      50.911     0.999999     29493703   1310720.00
      51.423     0.999999     29493705   1497965.71
      51.743     0.999999     29493708   1747626.67
      51.967     1.000000     29493710   2097152.00
      52.607     1.000000     29493712   2330168.89
      53.023     1.000000     29493713   2621440.00
      53.567     1.000000     29493715   2995931.43
      55.039     1.000000     29493716   3495253.33
      55.743     1.000000     29493717   4194304.00
      55.935     1.000000     29493718   4660337.78
      56.479     1.000000     29493719   5242880.00
      56.991     1.000000     29493720   5991862.86
      56.991     1.000000     29493720   6990506.67
      57.055     1.000000     29493721   8388608.00
      57.055     1.000000     29493721   9320675.55
      58.591     1.000000     29493722  10485760.00
      58.591     1.000000     29493722  11983725.71
      58.591     1.000000     29493722  13981013.34
      59.327     1.000000     29493723  16777216.00
      59.327     1.000000     29493723  18641351.10
      59.327     1.000000     29493723  20971519.98
      59.327     1.000000     29493723  23967451.45
      59.327     1.000000     29493723  27962026.68
      60.351     1.000000     29493724  33554432.00
      60.351     1.000000     29493724          inf
#[Mean    =        1.107, StdDeviation   =        1.228]
#[Max     =       60.320, Total count    =     29493724]
#[Buckets =           27, SubBuckets     =         2048]
----------------------------------------------------------
  29993702 requests in 10.00m, 4.30GB read
Requests/sec:  49989.52
Transfer/sec:      7.34MB
