Running 10m test @ http://localhost:9999/math/plus?x=1&y=2
  16 threads and 400 connections
  Thread calibration: mean lat.: 2.033ms, rate sampling interval: 10ms
  Thread calibration: mean lat.: 2.187ms, rate sampling interval: 10ms
  Thread calibration: mean lat.: 2.059ms, rate sampling interval: 10ms
  Thread calibration: mean lat.: 2.077ms, rate sampling interval: 10ms
  Thread calibration: mean lat.: 2.220ms, rate sampling interval: 10ms
  Thread calibration: mean lat.: 1.969ms, rate sampling interval: 10ms
  Thread calibration: mean lat.: 1.962ms, rate sampling interval: 10ms
  Thread calibration: mean lat.: 2.160ms, rate sampling interval: 10ms
  Thread calibration: mean lat.: 2.010ms, rate sampling interval: 10ms
  Thread calibration: mean lat.: 1.907ms, rate sampling interval: 10ms
  Thread calibration: mean lat.: 2.131ms, rate sampling interval: 10ms
  Thread calibration: mean lat.: 2.005ms, rate sampling interval: 10ms
  Thread calibration: mean lat.: 1.977ms, rate sampling interval: 10ms
  Thread calibration: mean lat.: 2.112ms, rate sampling interval: 10ms
  Thread calibration: mean lat.: 1.905ms, rate sampling interval: 10ms
  Thread calibration: mean lat.: 1.993ms, rate sampling interval: 10ms
  Thread Stats   Avg      Stdev     Max   +/- Stdev
    Latency     1.62ms    2.76ms  76.48ms   95.35%
    Req/Sec     1.98k   620.06     6.55k    69.62%
  Latency Distribution (HdrHistogram - Recorded Latency)
 50.000%    1.09ms
 75.000%    1.52ms
 90.000%    2.21ms
 99.000%   15.59ms
 99.900%   32.70ms
 99.990%   46.91ms
 99.999%   59.65ms
100.000%   76.54ms

  Detailed Percentile spectrum:
       Value   Percentile   TotalCount 1/(1-Percentile)

       0.059     0.000000            2         1.00
       0.438     0.100000      1775945         1.11
       0.629     0.200000      3543851         1.25
       0.793     0.300000      5308899         1.43
       0.946     0.400000      7088324         1.67
       1.090     0.500000      8850739         2.00
       1.163     0.550000      9734985         2.22
       1.240     0.600000     10618587         2.50
       1.322     0.650000     11502850         2.86
       1.413     0.700000     12388090         3.33
       1.520     0.750000     13274401         4.00
       1.582     0.775000     13714788         4.44
       1.653     0.800000     14157683         5.00
       1.738     0.825000     14602904         5.71
       1.843     0.850000     15042818         6.67
       1.986     0.875000     15486226         8.00
       2.083     0.887500     15705514         8.89
       2.215     0.900000     15927743        10.00
       2.401     0.912500     16149169        11.43
       2.681     0.925000     16368997        13.33
       3.167     0.937500     16590593        16.00
       3.543     0.943750     16701234        17.78
       4.037     0.950000     16811475        20.00
       4.675     0.956250     16922103        22.86
       5.467     0.962500     17032799        26.67
       6.567     0.968750     17143334        32.00
       7.243     0.971875     17198542        35.56
       8.087     0.975000     17253974        40.00
       9.119     0.978125     17309147        45.71
      10.343     0.981250     17364608        53.33
      11.799     0.984375     17419873        64.00
      12.647     0.985938     17447548        71.11
      13.615     0.987500     17475128        80.00
      14.831     0.989062     17502626        91.43
      16.143     0.990625     17530354       106.67
      17.663     0.992188     17558158       128.00
      18.495     0.992969     17571924       142.22
      19.423     0.993750     17585698       160.00
      20.479     0.994531     17599444       182.86
      21.711     0.995313     17613267       213.33
      23.119     0.996094     17627080       256.00
      23.919     0.996484     17634007       284.44
      24.799     0.996875     17640974       320.00
      25.759     0.997266     17647846       365.71
      26.831     0.997656     17654706       426.67
      28.191     0.998047     17661672       512.00
      28.927     0.998242     17665103       568.89
      29.711     0.998437     17668558       640.00
      30.607     0.998633     17671984       731.43
      31.631     0.998828     17675441       853.33
      32.863     0.999023     17678901      1024.00
      33.567     0.999121     17680622      1137.78
      34.367     0.999219     17682395      1280.00
      35.199     0.999316     17684120      1462.86
      36.127     0.999414     17685819      1706.67
      37.279     0.999512     17687572      2048.00
      37.887     0.999561     17688415      2275.56
      38.623     0.999609     17689284      2560.00
      39.487     0.999658     17690142      2925.71
      40.383     0.999707     17690985      3413.33
      41.663     0.999756     17691860      4096.00
      42.399     0.999780     17692295      4551.11
      43.103     0.999805     17692720      5120.00
      43.935     0.999829     17693155      5851.43
      44.767     0.999854     17693577      6826.67
      45.823     0.999878     17694020      8192.00
      46.367     0.999890     17694224      9102.22
      47.039     0.999902     17694451     10240.00
      47.839     0.999915     17694657     11702.86
      48.863     0.999927     17694874     13653.33
      50.015     0.999939     17695090     16384.00
      50.559     0.999945     17695199     18204.44
      51.263     0.999951     17695309     20480.00
      52.159     0.999957     17695415     23405.71
      53.023     0.999963     17695521     27306.67
      53.887     0.999969     17695628     32768.00
      54.463     0.999973     17695683     36408.89
      55.039     0.999976     17695736     40960.00
      55.711     0.999979     17695791     46811.43
      56.351     0.999982     17695844     54613.33
      57.503     0.999985     17695898     65536.00
      58.111     0.999986     17695925     72817.78
      58.655     0.999988     17695953     81920.00
      59.263     0.999989     17695979     93622.86
      59.967     0.999991     17696006    109226.67
      61.087     0.999992     17696033    131072.00
      61.855     0.999993     17696048    145635.56
      62.463     0.999994     17696062    163840.00
      62.751     0.999995     17696076    187245.71
      63.135     0.999995     17696087    218453.33
      63.583     0.999996     17696101    262144.00
      63.839     0.999997     17696108    291271.11
      64.255     0.999997     17696114    327680.00
      64.735     0.999997     17696121    374491.43
      65.183     0.999998     17696128    436906.67
      66.111     0.999998     17696137    524288.00
      66.175     0.999998     17696138    582542.22
      66.623     0.999998     17696141    655360.00
      67.455     0.999999     17696145    748982.86
      67.967     0.999999     17696148    873813.33
      68.351     0.999999     17696152   1048576.00
      68.415     0.999999     17696153   1165084.44
      69.439     0.999999     17696155   1310720.00
      69.887     0.999999     17696157   1497965.71
      69.951     0.999999     17696158   1747626.67
      70.335     1.000000     17696160   2097152.00
      70.719     1.000000     17696161   2330168.89
      71.359     1.000000     17696162   2621440.00
      73.343     1.000000     17696163   2995931.43
      73.343     1.000000     17696163   3495253.33
      74.175     1.000000     17696164   4194304.00
      74.943     1.000000     17696165   4660337.78
      74.943     1.000000     17696165   5242880.00
      75.391     1.000000     17696166   5991862.86
      75.391     1.000000     17696166   6990506.67
      75.391     1.000000     17696166   8388608.00
      75.967     1.000000     17696167   9320675.55
      75.967     1.000000     17696167  10485760.00
      75.967     1.000000     17696167  11983725.71
      75.967     1.000000     17696167  13981013.34
      75.967     1.000000     17696167  16777216.00
      76.543     1.000000     17696168  18641351.10
      76.543     1.000000     17696168          inf
#[Mean    =        1.615, StdDeviation   =        2.759]
#[Max     =       76.480, Total count    =     17696168]
#[Buckets =           27, SubBuckets     =         2048]
----------------------------------------------------------
  17997508 requests in 10.00m, 2.58GB read
Requests/sec:  29995.75
Transfer/sec:      4.41MB
