Running 10m test @ http://localhost:9999/math/plus?x=1&y=2
  16 threads and 400 connections
  Thread calibration: mean lat.: 0.995ms, rate sampling interval: 10ms
  Thread calibration: mean lat.: 1.019ms, rate sampling interval: 10ms
  Thread calibration: mean lat.: 1.045ms, rate sampling interval: 10ms
  Thread calibration: mean lat.: 1.051ms, rate sampling interval: 10ms
  Thread calibration: mean lat.: 1.103ms, rate sampling interval: 10ms
  Thread calibration: mean lat.: 0.997ms, rate sampling interval: 10ms
  Thread calibration: mean lat.: 1.072ms, rate sampling interval: 10ms
  Thread calibration: mean lat.: 1.007ms, rate sampling interval: 10ms
  Thread calibration: mean lat.: 0.994ms, rate sampling interval: 10ms
  Thread calibration: mean lat.: 0.997ms, rate sampling interval: 10ms
  Thread calibration: mean lat.: 1.003ms, rate sampling interval: 10ms
  Thread calibration: mean lat.: 0.977ms, rate sampling interval: 10ms
  Thread calibration: mean lat.: 0.995ms, rate sampling interval: 10ms
  Thread calibration: mean lat.: 1.005ms, rate sampling interval: 10ms
  Thread calibration: mean lat.: 1.029ms, rate sampling interval: 10ms
  Thread calibration: mean lat.: 0.943ms, rate sampling interval: 10ms
  Thread Stats   Avg      Stdev     Max   +/- Stdev
    Latency     1.00ms    0.98ms  68.74ms   97.11%
    Req/Sec     3.30k   477.21    14.89k    75.77%
  Latency Distribution (HdrHistogram - Recorded Latency)
 50.000%    0.91ms
 75.000%    1.25ms
 90.000%    1.55ms
 99.000%    3.90ms
 99.900%   13.22ms
 99.990%   28.33ms
 99.999%   47.55ms
100.000%   68.80ms

  Detailed Percentile spectrum:
       Value   Percentile   TotalCount 1/(1-Percentile)

       0.050     0.000000            3         1.00
       0.340     0.100000      2956997         1.11
       0.505     0.200000      5901990         1.25
       0.649     0.300000      8868353         1.43
       0.781     0.400000     11797637         1.67
       0.911     0.500000     14755897         2.00
       0.976     0.550000     16232811         2.22
       1.041     0.600000     17697357         2.50
       1.108     0.650000     19173745         2.86
       1.176     0.700000     20651314         3.33
       1.247     0.750000     22134901         4.00
       1.285     0.775000     22870833         4.44
       1.326     0.800000     23608768         5.00
       1.371     0.825000     24344205         5.71
       1.422     0.850000     25076884         6.67
       1.481     0.875000     25807394         8.00
       1.516     0.887500     26185593         8.89
       1.553     0.900000     26544575        10.00
       1.596     0.912500     26917637        11.43
       1.644     0.925000     27283863        13.33
       1.703     0.937500     27654348        16.00
       1.738     0.943750     27839217        17.78
       1.777     0.950000     28020395        20.00
       1.825     0.956250     28206675        22.86
       1.880     0.962500     28387774        26.67
       1.952     0.968750     28573946        32.00
       1.999     0.971875     28665490        35.56
       2.063     0.975000     28756918        40.00
       2.169     0.978125     28849182        45.71
       2.369     0.981250     28940957        53.33
       2.723     0.984375     29032865        64.00
       2.967     0.985938     29079023        71.11
       3.265     0.987500     29125282        80.00
       3.631     0.989062     29171284        91.43
       4.087     0.990625     29217231       106.67
       4.683     0.992188     29263521       128.00
       5.071     0.992969     29286380       142.22
       5.519     0.993750     29309479       160.00
       6.051     0.994531     29332413       182.86
       6.675     0.995313     29355541       213.33
       7.427     0.996094     29378529       256.00
       7.891     0.996484     29390083       284.44
       8.319     0.996875     29401588       320.00
       8.895     0.997266     29413100       365.71
       9.615     0.997656     29424593       426.67
      10.439     0.998047     29436132       512.00
      10.895     0.998242     29441866       568.89
      11.391     0.998437     29447640       640.00
      11.935     0.998633     29453408       731.43
      12.487     0.998828     29459143       853.33
      13.319     0.999023     29464926      1024.00
      13.799     0.999121     29467811      1137.78
      14.303     0.999219     29470697      1280.00
      14.855     0.999316     29473542      1462.86
      15.519     0.999414     29476441      1706.67
      16.319     0.999512     29479311      2048.00
      16.879     0.999561     29480760      2275.56
      17.567     0.999609     29482207      2560.00
      18.447     0.999658     29483625      2925.71
      19.663     0.999707     29485080      3413.33
      21.135     0.999756     29486518      4096.00
      22.015     0.999780     29487225      4551.11
      22.959     0.999805     29487946      5120.00
      24.047     0.999829     29488660      5851.43
      25.327     0.999854     29489394      6826.67
      26.751     0.999878     29490105      8192.00
      27.583     0.999890     29490464      9102.22
      28.527     0.999902     29490824     10240.00
      29.599     0.999915     29491182     11702.86
      31.039     0.999927     29491543     13653.33
      32.639     0.999939     29491902     16384.00
      33.535     0.999945     29492084     18204.44
      34.623     0.999951     29492262     20480.00
      35.647     0.999957     29492440     23405.71
      36.927     0.999963     29492624     27306.67
      38.271     0.999969     29492799     32768.00
      39.135     0.999973     29492892     36408.89
      40.063     0.999976     29492979     40960.00
      41.023     0.999979     29493069     46811.43
      42.239     0.999982     29493162     54613.33
      43.743     0.999985     29493249     65536.00
      44.639     0.999986     29493296     72817.78
      45.663     0.999988     29493341     81920.00
      46.847     0.999989     29493384     93622.86
      48.159     0.999991     29493429    109226.67
      50.015     0.999992     29493474    131072.00
      50.751     0.999993     29493497    145635.56
      52.063     0.999994     29493519    163840.00
      53.855     0.999995     29493543    187245.71
      55.135     0.999995     29493564    218453.33
      56.831     0.999996     29493587    262144.00
      57.823     0.999997     29493599    291271.11
      58.367     0.999997     29493609    327680.00
      59.199     0.999997     29493622    374491.43
      60.191     0.999998     29493634    436906.67
      60.831     0.999998     29493644    524288.00
      61.407     0.999998     29493649    582542.22
      61.919     0.999998     29493654    655360.00
      62.303     0.999999     29493660    748982.86
      63.135     0.999999     29493666    873813.33
      63.903     0.999999     29493672   1048576.00
      63.999     0.999999     29493674   1165084.44
      64.191     0.999999     29493677   1310720.00
      64.543     0.999999     29493680   1497965.71
      64.767     0.999999     29493683   1747626.67
      65.023     1.000000     29493685   2097152.00
      65.343     1.000000     29493687   2330168.89
      65.503     1.000000     29493688   2621440.00
      67.647     1.000000     29493690   2995931.43
      67.839     1.000000     29493692   3495253.33
      67.839     1.000000     29493692   4194304.00
      67.903     1.000000     29493693   4660337.78
      68.095     1.000000     29493695   5242880.00
      68.095     1.000000     29493695   5991862.86
      68.095     1.000000     29493695   6990506.67
      68.415     1.000000     29493696   8388608.00
      68.415     1.000000     29493696   9320675.55
      68.543     1.000000     29493697  10485760.00
      68.543     1.000000     29493697  11983725.71
      68.543     1.000000     29493697  13981013.34
      68.671     1.000000     29493698  16777216.00
      68.671     1.000000     29493698  18641351.10
      68.671     1.000000     29493698  20971519.98
      68.671     1.000000     29493698  23967451.45
      68.671     1.000000     29493698  27962026.68
      68.799     1.000000     29493699  33554432.00
      68.799     1.000000     29493699          inf
#[Mean    =        1.005, StdDeviation   =        0.980]
#[Max     =       68.736, Total count    =     29493699]
#[Buckets =           27, SubBuckets     =         2048]
----------------------------------------------------------
  29993828 requests in 10.00m, 4.30GB read
Requests/sec:  49989.59
Transfer/sec:      7.34MB
