Running 10m test @ http://localhost:9999/math/plus?x=1&y=2
  16 threads and 400 connections
  Thread calibration: mean lat.: 1.705ms, rate sampling interval: 10ms
  Thread calibration: mean lat.: 1.887ms, rate sampling interval: 10ms
  Thread calibration: mean lat.: 1.943ms, rate sampling interval: 10ms
  Thread calibration: mean lat.: 1.874ms, rate sampling interval: 10ms
  Thread calibration: mean lat.: 1.887ms, rate sampling interval: 10ms
  Thread calibration: mean lat.: 1.840ms, rate sampling interval: 10ms
  Thread calibration: mean lat.: 1.875ms, rate sampling interval: 10ms
  Thread calibration: mean lat.: 1.884ms, rate sampling interval: 10ms
  Thread calibration: mean lat.: 1.921ms, rate sampling interval: 10ms
  Thread calibration: mean lat.: 3.098ms, rate sampling interval: 11ms
  Thread calibration: mean lat.: 1.805ms, rate sampling interval: 10ms
  Thread calibration: mean lat.: 3.381ms, rate sampling interval: 10ms
  Thread calibration: mean lat.: 2.329ms, rate sampling interval: 10ms
  Thread calibration: mean lat.: 1.892ms, rate sampling interval: 10ms
  Thread calibration: mean lat.: 1.850ms, rate sampling interval: 10ms
  Thread calibration: mean lat.: 2.001ms, rate sampling interval: 10ms
  Thread Stats   Avg      Stdev     Max   +/- Stdev
    Latency     2.07ms    1.46ms  30.14ms   78.73%
    Req/Sec   659.06    594.85     2.78k    72.02%
  Latency Distribution (HdrHistogram - Recorded Latency)
 50.000%    1.62ms
 75.000%    2.59ms
 90.000%    4.17ms
 99.000%    6.89ms
 99.900%    9.68ms
 99.990%   14.00ms
 99.999%   21.41ms
100.000%   30.16ms

  Detailed Percentile spectrum:
       Value   Percentile   TotalCount 1/(1-Percentile)

       0.066     0.000000            1         1.00
       0.719     0.100000       590159         1.11
       0.980     0.200000      1180703         1.25
       1.197     0.300000      1772361         1.43
       1.395     0.400000      2360450         1.67
       1.617     0.500000      2951615         2.00
       1.747     0.550000      3245745         2.22
       1.894     0.600000      3540166         2.50
       2.069     0.650000      3834851         2.86
       2.291     0.700000      4129700         3.33
       2.585     0.750000      4424112         4.00
       2.767     0.775000      4572252         4.44
       2.975     0.800000      4719567         5.00
       3.217     0.825000      4866962         5.71
       3.495     0.850000      5014280         6.67
       3.813     0.875000      5161918         8.00
       3.987     0.887500      5235403         8.89
       4.171     0.900000      5308974        10.00
       4.371     0.912500      5382815        11.43
       4.591     0.925000      5456819        13.33
       4.839     0.937500      5530934        16.00
       4.975     0.943750      5567189        17.78
       5.127     0.950000      5604474        20.00
       5.291     0.956250      5640580        22.86
       5.479     0.962500      5677462        26.67
       5.691     0.968750      5714675        32.00
       5.811     0.971875      5733185        35.56
       5.939     0.975000      5751355        40.00
       6.083     0.978125      5769665        45.71
       6.247     0.981250      5788129        53.33
       6.439     0.984375      5806538        64.00
       6.547     0.985938      5815877        71.11
       6.667     0.987500      5825075        80.00
       6.803     0.989062      5834194        91.43
       6.963     0.990625      5843374       106.67
       7.151     0.992188      5852545       128.00
       7.263     0.992969      5857146       142.22
       7.391     0.993750      5861764       160.00
       7.535     0.994531      5866395       182.86
       7.699     0.995313      5870983       213.33
       7.907     0.996094      5875537       256.00
       8.023     0.996484      5877857       284.44
       8.159     0.996875      5880198       320.00
       8.319     0.997266      5882462       365.71
       8.503     0.997656      5884824       426.67
       8.727     0.998047      5887071       512.00
       8.863     0.998242      5888239       568.89
       9.023     0.998437      5889410       640.00
       9.207     0.998633      5890536       731.43
       9.431     0.998828      5891699       853.33
       9.719     0.999023      5892841      1024.00
       9.879     0.999121      5893392      1137.78
      10.095     0.999219      5893983      1280.00
      10.319     0.999316      5894555      1462.86
      10.575     0.999414      5895129      1706.67
      10.879     0.999512      5895700      2048.00
      11.063     0.999561      5895986      2275.56
      11.271     0.999609      5896272      2560.00
      11.519     0.999658      5896565      2925.71
      11.815     0.999707      5896851      3413.33
      12.135     0.999756      5897132      4096.00
      12.327     0.999780      5897281      4551.11
      12.551     0.999805      5897422      5120.00
      12.767     0.999829      5897564      5851.43
      13.079     0.999854      5897708      6826.67
      13.487     0.999878      5897852      8192.00
      13.767     0.999890      5897924      9102.22
      14.023     0.999902      5897996     10240.00
      14.375     0.999915      5898068     11702.86
      14.775     0.999927      5898140     13653.33
      15.335     0.999939      5898212     16384.00
      15.719     0.999945      5898248     18204.44
      16.039     0.999951      5898285     20480.00
      16.415     0.999957      5898321     23405.71
      16.767     0.999963      5898358     27306.67
      17.375     0.999969      5898392     32768.00
      17.855     0.999973      5898411     36408.89
      18.319     0.999976      5898428     40960.00
      19.071     0.999979      5898446     46811.43
      19.695     0.999982      5898464     54613.33
      20.255     0.999985      5898482     65536.00
      20.751     0.999986      5898491     72817.78
      20.991     0.999988      5898500     81920.00
      21.311     0.999989      5898511     93622.86
      22.127     0.999991      5898519    109226.67
      22.591     0.999992      5898527    131072.00
      23.247     0.999993      5898532    145635.56
      23.599     0.999994      5898536    163840.00
      24.031     0.999995      5898541    187245.71
      24.415     0.999995      5898545    218453.33
      24.847     0.999996      5898550    262144.00
      25.119     0.999997      5898553    291271.11
      25.375     0.999997      5898554    327680.00
      26.335     0.999997      5898557    374491.43
      26.831     0.999998      5898561    436906.67
      26.831     0.999998      5898561    524288.00
      27.279     0.999998      5898562    582542.22
      27.535     0.999998      5898563    655360.00
      28.431     0.999999      5898565    748982.86
      28.559     0.999999      5898566    873813.33
      28.639     0.999999      5898567   1048576.00
      28.639     0.999999      5898567   1165084.44
      28.879     0.999999      5898568   1310720.00
      29.263     0.999999      5898569   1497965.71
      29.263     0.999999      5898569   1747626.67
      29.567     1.000000      5898570   2097152.00
      29.567     1.000000      5898570   2330168.89
      29.567     1.000000      5898570   2621440.00
      29.839     1.000000      5898571   2995931.43
      29.839     1.000000      5898571   3495253.33
      29.839     1.000000      5898571   4194304.00
      29.839     1.000000      5898571   4660337.78
      29.839     1.000000      5898571   5242880.00
      30.159     1.000000      5898572   5991862.86
      30.159     1.000000      5898572          inf
#[Mean    =        2.067, StdDeviation   =        1.457]
#[Max     =       30.144, Total count    =      5898572]
#[Buckets =           27, SubBuckets     =         2048]
----------------------------------------------------------
  5997058 requests in 10.00m, 0.86GB read
Requests/sec:   9995.02
Transfer/sec:      1.47MB
