Running 10m test @ http://localhost:9999/math/plus?x=1&y=2
  16 threads and 400 connections
  Thread calibration: mean lat.: 1.340ms, rate sampling interval: 10ms
  Thread calibration: mean lat.: 1.305ms, rate sampling interval: 10ms
  Thread calibration: mean lat.: 1.333ms, rate sampling interval: 10ms
  Thread calibration: mean lat.: 1.272ms, rate sampling interval: 10ms
  Thread calibration: mean lat.: 1.369ms, rate sampling interval: 10ms
  Thread calibration: mean lat.: 1.333ms, rate sampling interval: 10ms
  Thread calibration: mean lat.: 1.246ms, rate sampling interval: 10ms
  Thread calibration: mean lat.: 1.275ms, rate sampling interval: 10ms
  Thread calibration: mean lat.: 1.383ms, rate sampling interval: 10ms
  Thread calibration: mean lat.: 1.301ms, rate sampling interval: 10ms
  Thread calibration: mean lat.: 1.282ms, rate sampling interval: 10ms
  Thread calibration: mean lat.: 1.403ms, rate sampling interval: 10ms
  Thread calibration: mean lat.: 1.321ms, rate sampling interval: 10ms
  Thread calibration: mean lat.: 1.326ms, rate sampling interval: 10ms
  Thread calibration: mean lat.: 1.277ms, rate sampling interval: 10ms
  Thread calibration: mean lat.: 1.346ms, rate sampling interval: 10ms
  Thread Stats   Avg      Stdev     Max   +/- Stdev
    Latency     1.29ms    1.99ms 178.56ms   97.32%
    Req/Sec     3.96k   612.24    11.00k    74.22%
  Latency Distribution (HdrHistogram - Recorded Latency)
 50.000%    1.05ms
 75.000%    1.44ms
 90.000%    1.86ms
 99.000%    9.06ms
 99.900%   20.11ms
 99.990%   75.46ms
 99.999%  117.95ms
100.000%  178.69ms

  Detailed Percentile spectrum:
       Value   Percentile   TotalCount 1/(1-Percentile)

       0.053     0.000000            1         1.00
       0.413     0.100000      3544245         1.11
       0.601     0.200000      7092349         1.25
       0.759     0.300000     10621266         1.43
       0.906     0.400000     14178457         1.67
       1.047     0.500000     17696683         2.00
       1.119     0.550000     19468627         2.22
       1.194     0.600000     21255320         2.50
       1.270     0.650000     23006776         2.86
       1.352     0.700000     24780442         3.33
       1.443     0.750000     26559079         4.00
       1.493     0.775000     27438894         4.44
       1.548     0.800000     28327957         5.00
       1.608     0.825000     29211418         5.71
       1.676     0.850000     30091221         6.67
       1.756     0.875000     30974447         8.00
       1.803     0.887500     31418661         8.89
       1.856     0.900000     31856839        10.00
       1.919     0.912500     32301329        11.43
       1.995     0.925000     32739397        13.33
       2.097     0.937500     33185484        16.00
       2.163     0.943750     33403674        17.78
       2.247     0.950000     33623342        20.00
       2.361     0.956250     33847322        22.86
       2.523     0.962500     34065829        26.67
       2.813     0.968750     34286885        32.00
       3.095     0.971875     34397404        35.56
       3.619     0.975000     34507688        40.00
       4.483     0.978125     34618346        45.71
       5.503     0.981250     34729247        53.33
       6.551     0.984375     34839681        64.00
       7.123     0.985938     34894966        71.11
       7.795     0.987500     34950202        80.00
       8.567     0.989062     35005516        91.43
       9.367     0.990625     35061084       106.67
      10.143     0.992188     35116269       128.00
      10.623     0.992969     35144031       142.22
      11.103     0.993750     35171330       160.00
      11.647     0.994531     35198979       182.86
      12.303     0.995313     35226580       213.33
      13.127     0.996094     35254444       256.00
      13.543     0.996484     35268158       284.44
      14.063     0.996875     35282043       320.00
      14.711     0.997266     35295792       365.71
      15.359     0.997656     35309697       426.67
      16.079     0.998047     35323429       512.00
      16.591     0.998242     35330461       568.89
      17.183     0.998437     35337246       640.00
      17.919     0.998633     35344148       731.43
      18.927     0.998828     35351047       853.33
      20.319     0.999023     35357947      1024.00
      21.391     0.999121     35361410      1137.78
      22.879     0.999219     35364836      1280.00
      25.295     0.999316     35368289      1462.86
      28.799     0.999414     35371742      1706.67
      33.599     0.999512     35375198      2048.00
      36.543     0.999561     35376935      2275.56
      39.583     0.999609     35378660      2560.00
      42.975     0.999658     35380381      2925.71
      46.879     0.999707     35382111      3413.33
      51.039     0.999756     35383845      4096.00
      53.407     0.999780     35384708      4551.11
      56.383     0.999805     35385567      5120.00
      59.935     0.999829     35386432      5851.43
      64.511     0.999854     35387295      6826.67
      69.631     0.999878     35388159      8192.00
      72.575     0.999890     35388591      9102.22
      76.095     0.999902     35389020     10240.00
      80.127     0.999915     35389459     11702.86
      83.583     0.999927     35389891     13653.33
      87.167     0.999939     35390323     16384.00
      89.023     0.999945     35390539     18204.44
      90.815     0.999951     35390752     20480.00
      92.735     0.999957     35390966     23405.71
      94.847     0.999963     35391182     27306.67
      97.535     0.999969     35391396     32768.00
      99.391     0.999973     35391506     36408.89
     101.375     0.999976     35391615     40960.00
     103.615     0.999979     35391720     46811.43
     105.855     0.999982     35391829     54613.33
     108.799     0.999985     35391936     65536.00
     110.527     0.999986     35391990     72817.78
     113.215     0.999988     35392044     81920.00
     116.799     0.999989     35392099     93622.86
     118.975     0.999991     35392152    109226.67
     122.303     0.999992     35392206    131072.00
     124.415     0.999993     35392234    145635.56
     127.359     0.999994     35392260    163840.00
     130.559     0.999995     35392287    187245.71
     134.015     0.999995     35392314    218453.33
     137.983     0.999996     35392341    262144.00
     141.183     0.999997     35392355    291271.11
     144.767     0.999997     35392368    327680.00
     147.839     0.999997     35392383    374491.43
     150.655     0.999998     35392395    436906.67
     156.159     0.999998     35392409    524288.00
     157.055     0.999998     35392416    582542.22
     157.823     0.999998     35392423    655360.00
     159.231     0.999999     35392429    748982.86
     160.511     0.999999     35392436    873813.33
     161.791     0.999999     35392444   1048576.00
     162.431     0.999999     35392446   1165084.44
     162.687     0.999999     35392449   1310720.00
     163.711     0.999999     35392455   1497965.71
     163.839     0.999999     35392456   1747626.67
     165.375     1.000000     35392460   2097152.00
     165.503     1.000000     35392461   2330168.89
     166.015     1.000000     35392463   2621440.00
     166.271     1.000000     35392465   2995931.43
     166.911     1.000000     35392466   3495253.33
     168.063     1.000000     35392469   4194304.00
     168.063     1.000000     35392469   4660337.78
     171.775     1.000000     35392470   5242880.00
     174.463     1.000000     35392471   5991862.86
     174.463     1.000000     35392471   6990506.67
     175.871     1.000000     35392473   8388608.00
     175.871     1.000000     35392473   9320675.55
     175.871     1.000000     35392473  10485760.00
     178.047     1.000000     35392474  11983725.71
     178.047     1.000000     35392474  13981013.34
     178.047     1.000000     35392474  16777216.00
     178.431     1.000000     35392475  18641351.10
     178.431     1.000000     35392475  20971519.98
     178.431     1.000000     35392475  23967451.45
     178.431     1.000000     35392475  27962026.68
     178.431     1.000000     35392475  33554432.00
     178.687     1.000000     35392476  37282702.28
     178.687     1.000000     35392476          inf
#[Mean    =        1.289, StdDeviation   =        1.994]
#[Max     =      178.560, Total count    =     35392476]
#[Buckets =           27, SubBuckets     =         2048]
----------------------------------------------------------
  35992519 requests in 10.00m, 5.16GB read
Requests/sec:  59987.49
Transfer/sec:      8.81MB
