Running 10m test @ http://localhost:9999/math/plus?x=1&y=2
  16 threads and 400 connections
  Thread calibration: mean lat.: 4.822ms, rate sampling interval: 21ms
  Thread calibration: mean lat.: 6.723ms, rate sampling interval: 28ms
  Thread calibration: mean lat.: 4.244ms, rate sampling interval: 19ms
  Thread calibration: mean lat.: 4.723ms, rate sampling interval: 21ms
  Thread calibration: mean lat.: 5.012ms, rate sampling interval: 22ms
  Thread calibration: mean lat.: 5.854ms, rate sampling interval: 26ms
  Thread calibration: mean lat.: 4.891ms, rate sampling interval: 21ms
  Thread calibration: mean lat.: 4.696ms, rate sampling interval: 21ms
  Thread calibration: mean lat.: 5.120ms, rate sampling interval: 21ms
  Thread calibration: mean lat.: 4.296ms, rate sampling interval: 19ms
  Thread calibration: mean lat.: 4.663ms, rate sampling interval: 21ms
  Thread calibration: mean lat.: 5.284ms, rate sampling interval: 24ms
  Thread calibration: mean lat.: 6.498ms, rate sampling interval: 25ms
  Thread calibration: mean lat.: 5.710ms, rate sampling interval: 26ms
  Thread calibration: mean lat.: 5.443ms, rate sampling interval: 23ms
  Thread calibration: mean lat.: 4.612ms, rate sampling interval: 21ms
  Thread Stats   Avg      Stdev     Max   +/- Stdev
    Latency     9.82ms   58.01ms   2.72s    98.67%
    Req/Sec     3.84k   339.54    10.86k    77.59%
  Latency Distribution (HdrHistogram - Recorded Latency)
 50.000%    2.85ms
 75.000%    6.13ms
 90.000%   13.75ms
 99.000%  104.64ms
 99.900%  990.21ms
 99.990%    1.89s 
 99.999%    2.49s 
100.000%    2.72s 

  Detailed Percentile spectrum:
       Value   Percentile   TotalCount 1/(1-Percentile)

       0.080     0.000000            1         1.00
       0.905     0.100000      3544980         1.11
       1.299     0.200000      7086298         1.25
       1.707     0.300000     10620112         1.43
       2.207     0.400000     14168500         1.67
       2.853     0.500000     17696685         2.00
       3.259     0.550000     19471903         2.22
       3.743     0.600000     21238653         2.50
       4.343     0.650000     23011468         2.86
       5.107     0.700000     24777900         3.33
       6.131     0.750000     26547330         4.00
       6.807     0.775000     27431612         4.44
       7.675     0.800000     28317459         5.00
       8.759     0.825000     29203491         5.71
      10.047     0.850000     30087884         6.67
      11.647     0.875000     30970635         8.00
      12.607     0.887500     31413929         8.89
      13.751     0.900000     31854082        10.00
      15.239     0.912500     32297049        11.43
      17.039     0.925000     32739061        13.33
      19.263     0.937500     33181332        16.00
      20.687     0.943750     33403825        17.78
      22.463     0.950000     33623422        20.00
      24.575     0.956250     33844257        22.86
      27.199     0.962500     34065926        26.67
      30.927     0.968750     34286738        32.00
      33.279     0.971875     34397810        35.56
      36.447     0.975000     34508675        40.00
      40.415     0.978125     34618451        45.71
      46.303     0.981250     34729350        53.33
      55.743     0.984375     34839605        64.00
      63.199     0.985938     34895015        71.11
      74.175     0.987500     34950308        80.00
      90.687     0.989062     35005501        91.43
     115.775     0.990625     35060803       106.67
     153.855     0.992188     35116204       128.00
     177.791     0.992969     35143757       142.22
     205.695     0.993750     35171492       160.00
     238.463     0.994531     35199074       182.86
     283.647     0.995313     35226762       213.33
     345.599     0.996094     35254416       256.00
     384.255     0.996484     35268177       284.44
     432.383     0.996875     35282066       320.00
     485.631     0.997266     35295848       365.71
     551.423     0.997656     35309703       426.67
     641.023     0.998047     35323486       512.00
     702.463     0.998242     35330414       568.89
     765.439     0.998437     35337326       640.00
     840.191     0.998633     35344244       731.43
     914.431     0.998828     35351126       853.33
    1000.447     0.999023     35358061      1024.00
    1048.575     0.999121     35361517      1137.78
    1098.751     0.999219     35365001      1280.00
    1157.119     0.999316     35368432      1462.86
    1226.751     0.999414     35371911      1706.67
    1299.455     0.999512     35375319      2048.00
    1347.583     0.999561     35377055      2275.56
    1395.711     0.999609     35378779      2560.00
    1443.839     0.999658     35380528      2925.71
    1504.255     0.999707     35382248      3413.33
    1566.719     0.999756     35383976      4096.00
    1601.535     0.999780     35384847      4551.11
    1634.303     0.999805     35385700      5120.00
    1667.071     0.999829     35386554      5851.43
    1722.367     0.999854     35387424      6826.67
    1804.287     0.999878     35388283      8192.00
    1847.295     0.999890     35388713      9102.22
    1891.327     0.999902     35389145     10240.00
    1947.647     0.999915     35389580     11702.86
    1995.775     0.999927     35390014     13653.33
    2053.119     0.999939     35390443     16384.00
    2074.623     0.999945     35390661     18204.44
    2105.343     0.999951     35390873     20480.00
    2142.207     0.999957     35391093     23405.71
    2189.311     0.999963     35391307     27306.67
    2240.511     0.999969     35391524     32768.00
    2279.423     0.999973     35391629     36408.89
    2326.527     0.999976     35391735     40960.00
    2369.535     0.999979     35391846     46811.43
    2400.255     0.999982     35391957     54613.33
    2433.023     0.999985     35392063     65536.00
    2447.359     0.999986     35392114     72817.78
    2463.743     0.999988     35392171     81920.00
    2482.175     0.999989     35392223     93622.86
    2500.607     0.999991     35392275    109226.67
    2541.567     0.999992     35392329    131072.00
    2570.239     0.999993     35392356    145635.56
    2600.959     0.999994     35392383    163840.00
    2617.343     0.999995     35392412    187245.71
    2639.871     0.999995     35392441    218453.33
    2652.159     0.999996     35392469    262144.00
    2654.207     0.999997     35392480    291271.11
    2658.303     0.999997     35392497    327680.00
    2662.399     0.999997     35392506    374491.43
    2670.591     0.999998     35392518    436906.67
    2678.783     0.999998     35392534    524288.00
    2684.927     0.999998     35392544    582542.22
    2686.975     0.999998     35392547    655360.00
    2689.023     0.999999     35392554    748982.86
    2691.071     0.999999     35392561    873813.33
    2693.119     0.999999     35392566   1048576.00
    2695.167     0.999999     35392569   1165084.44
    2697.215     0.999999     35392574   1310720.00
    2699.263     0.999999     35392580   1497965.71
    2699.263     0.999999     35392580   1747626.67
    2703.359     1.000000     35392584   2097152.00
    2703.359     1.000000     35392584   2330168.89
    2707.455     1.000000     35392587   2621440.00
    2709.503     1.000000     35392588   2995931.43
    2713.599     1.000000     35392591   3495253.33
    2713.599     1.000000     35392591   4194304.00
    2715.647     1.000000     35392592   4660337.78
    2717.695     1.000000     35392595   5242880.00
    2717.695     1.000000     35392595   5991862.86
    2717.695     1.000000     35392595   6990506.67
    2717.695     1.000000     35392595   8388608.00
    2719.743     1.000000     35392596   9320675.55
    2719.743     1.000000     35392596  10485760.00
    2721.791     1.000000     35392598  11983725.71
    2721.791     1.000000     35392598  13981013.34
    2721.791     1.000000     35392598  16777216.00
    2721.791     1.000000     35392598  18641351.10
    2721.791     1.000000     35392598  20971519.98
    2721.791     1.000000     35392598  23967451.45
    2721.791     1.000000     35392598  27962026.68
    2721.791     1.000000     35392598  33554432.00
    2723.839     1.000000     35392599  37282702.28
    2723.839     1.000000     35392599          inf
#[Mean    =        9.819, StdDeviation   =       58.014]
#[Max     =     2721.792, Total count    =     35392599]
#[Buckets =           27, SubBuckets     =         2048]
----------------------------------------------------------
  35995586 requests in 10.00m, 5.30GB read
Requests/sec:  59992.76
Transfer/sec:      9.04MB
