Running 10m test @ http://localhost:9999/math/plus?x=1&y=2
  16 threads and 400 connections
  Thread calibration: mean lat.: 1.591ms, rate sampling interval: 10ms
  Thread calibration: mean lat.: 1.856ms, rate sampling interval: 10ms
  Thread calibration: mean lat.: 1.480ms, rate sampling interval: 10ms
  Thread calibration: mean lat.: 1.560ms, rate sampling interval: 10ms
  Thread calibration: mean lat.: 1.706ms, rate sampling interval: 10ms
  Thread calibration: mean lat.: 1.502ms, rate sampling interval: 10ms
  Thread calibration: mean lat.: 1.520ms, rate sampling interval: 10ms
  Thread calibration: mean lat.: 1.350ms, rate sampling interval: 10ms
  Thread calibration: mean lat.: 1.528ms, rate sampling interval: 10ms
  Thread calibration: mean lat.: 1.499ms, rate sampling interval: 10ms
  Thread calibration: mean lat.: 1.473ms, rate sampling interval: 10ms
  Thread calibration: mean lat.: 1.524ms, rate sampling interval: 10ms
  Thread calibration: mean lat.: 1.541ms, rate sampling interval: 10ms
  Thread calibration: mean lat.: 1.517ms, rate sampling interval: 10ms
  Thread calibration: mean lat.: 1.567ms, rate sampling interval: 10ms
  Thread calibration: mean lat.: 1.512ms, rate sampling interval: 10ms
  Thread Stats   Avg      Stdev     Max   +/- Stdev
    Latency     1.48ms    0.85ms  30.51ms   78.58%
    Req/Sec   658.88    663.54     2.78k    90.40%
  Latency Distribution (HdrHistogram - Recorded Latency)
 50.000%    1.32ms
 75.000%    1.82ms
 90.000%    2.46ms
 99.000%    4.21ms
 99.900%    7.99ms
 99.990%   14.73ms
 99.999%   20.83ms
100.000%   30.53ms

  Detailed Percentile spectrum:
       Value   Percentile   TotalCount 1/(1-Percentile)

       0.067     0.000000            1         1.00
       0.638     0.100000       590742         1.11
       0.844     0.200000      1179834         1.25
       1.015     0.300000      1771371         1.43
       1.172     0.400000      2362826         1.67
       1.323     0.500000      2952389         2.00
       1.402     0.550000      3244822         2.22
       1.489     0.600000      3540794         2.50
       1.585     0.650000      3835536         2.86
       1.692     0.700000      4130245         3.33
       1.817     0.750000      4425093         4.00
       1.888     0.775000      4571443         4.44
       1.968     0.800000      4720075         5.00
       2.059     0.825000      4868720         5.71
       2.165     0.850000      5015533         6.67
       2.295     0.875000      5161653         8.00
       2.375     0.887500      5236640         8.89
       2.463     0.900000      5309245        10.00
       2.563     0.912500      5382478        11.43
       2.681     0.925000      5456591        13.33
       2.821     0.937500      5530193        16.00
       2.901     0.943750      5567014        17.78
       2.989     0.950000      5603882        20.00
       3.091     0.956250      5640988        22.86
       3.205     0.962500      5677436        26.67
       3.339     0.968750      5714471        32.00
       3.415     0.971875      5732888        35.56
       3.503     0.975000      5751289        40.00
       3.603     0.978125      5769573        45.71
       3.717     0.981250      5788202        53.33
       3.857     0.984375      5806626        64.00
       3.937     0.985938      5815767        71.11
       4.029     0.987500      5824989        80.00
       4.135     0.989062      5834168        91.43
       4.267     0.990625      5843328       106.67
       4.431     0.992188      5852557       128.00
       4.531     0.992969      5857257       142.22
       4.647     0.993750      5861838       160.00
       4.783     0.994531      5866370       182.86
       4.963     0.995313      5871005       213.33
       5.207     0.996094      5875615       256.00
       5.359     0.996484      5877896       284.44
       5.539     0.996875      5880200       320.00
       5.771     0.997266      5882486       365.71
       6.095     0.997656      5884785       426.67
       6.531     0.998047      5887089       512.00
       6.795     0.998242      5888234       568.89
       7.075     0.998437      5889384       640.00
       7.387     0.998633      5890543       731.43
       7.707     0.998828      5891685       853.33
       8.031     0.999023      5892844      1024.00
       8.231     0.999121      5893415      1137.78
       8.503     0.999219      5893998      1280.00
       8.887     0.999316      5894585      1462.86
       9.351     0.999414      5895155      1706.67
       9.919     0.999512      5895724      2048.00
      10.295     0.999561      5896006      2275.56
      10.679     0.999609      5896300      2560.00
      11.039     0.999658      5896584      2925.71
      11.463     0.999707      5896874      3413.33
      11.887     0.999756      5897158      4096.00
      12.151     0.999780      5897301      4551.11
      12.527     0.999805      5897450      5120.00
      12.911     0.999829      5897590      5851.43
      13.399     0.999854      5897734      6826.67
      14.007     0.999878      5897877      8192.00
      14.391     0.999890      5897949      9102.22
      14.799     0.999902      5898021     10240.00
      15.111     0.999915      5898094     11702.86
      15.407     0.999927      5898166     13653.33
      15.775     0.999939      5898237     16384.00
      15.943     0.999945      5898273     18204.44
      16.167     0.999951      5898310     20480.00
      16.431     0.999957      5898347     23405.71
      16.607     0.999963      5898382     27306.67
      17.055     0.999969      5898417     32768.00
      17.295     0.999973      5898435     36408.89
      17.567     0.999976      5898453     40960.00
      18.031     0.999979      5898471     46811.43
      18.623     0.999982      5898489     54613.33
      19.407     0.999985      5898507     65536.00
      19.887     0.999986      5898516     72817.78
      20.143     0.999988      5898526     81920.00
      20.623     0.999989      5898534     93622.86
      21.087     0.999991      5898544    109226.67
      21.455     0.999992      5898552    131072.00
      21.647     0.999993      5898557    145635.56
      21.967     0.999994      5898561    163840.00
      22.399     0.999995      5898567    187245.71
      22.559     0.999995      5898571    218453.33
      23.343     0.999996      5898575    262144.00
      23.919     0.999997      5898577    291271.11
      26.399     0.999997      5898579    327680.00
      27.119     0.999997      5898582    374491.43
      27.231     0.999998      5898584    436906.67
      28.063     0.999998      5898586    524288.00
      28.095     0.999998      5898587    582542.22
      28.127     0.999998      5898588    655360.00
      28.687     0.999999      5898590    748982.86
      28.911     0.999999      5898591    873813.33
      29.023     0.999999      5898592   1048576.00
      29.023     0.999999      5898592   1165084.44
      29.087     0.999999      5898593   1310720.00
      29.295     0.999999      5898594   1497965.71
      29.295     0.999999      5898594   1747626.67
      29.343     1.000000      5898595   2097152.00
      29.343     1.000000      5898595   2330168.89
      29.343     1.000000      5898595   2621440.00
      29.631     1.000000      5898596   2995931.43
      29.631     1.000000      5898596   3495253.33
      29.631     1.000000      5898596   4194304.00
      29.631     1.000000      5898596   4660337.78
      29.631     1.000000      5898596   5242880.00
      30.527     1.000000      5898597   5991862.86
      30.527     1.000000      5898597          inf
#[Mean    =        1.478, StdDeviation   =        0.851]
#[Max     =       30.512, Total count    =      5898597]
#[Buckets =           27, SubBuckets     =         2048]
----------------------------------------------------------
  5996521 requests in 10.00m, 0.88GB read
Requests/sec:   9994.17
Transfer/sec:      1.51MB
