Running 10m test @ http://localhost:9999/math/plus?x=1&y=2
  16 threads and 400 connections
  Thread calibration: mean lat.: 2.665ms, rate sampling interval: 11ms
  Thread calibration: mean lat.: 3.134ms, rate sampling interval: 12ms
  Thread calibration: mean lat.: 3.077ms, rate sampling interval: 11ms
  Thread calibration: mean lat.: 2.849ms, rate sampling interval: 11ms
  Thread calibration: mean lat.: 2.645ms, rate sampling interval: 10ms
  Thread calibration: mean lat.: 2.734ms, rate sampling interval: 11ms
  Thread calibration: mean lat.: 2.680ms, rate sampling interval: 11ms
  Thread calibration: mean lat.: 3.089ms, rate sampling interval: 12ms
  Thread calibration: mean lat.: 2.618ms, rate sampling interval: 10ms
  Thread calibration: mean lat.: 2.874ms, rate sampling interval: 11ms
  Thread calibration: mean lat.: 2.997ms, rate sampling interval: 12ms
  Thread calibration: mean lat.: 3.368ms, rate sampling interval: 13ms
  Thread calibration: mean lat.: 2.829ms, rate sampling interval: 11ms
  Thread calibration: mean lat.: 3.197ms, rate sampling interval: 13ms
  Thread calibration: mean lat.: 2.860ms, rate sampling interval: 11ms
  Thread calibration: mean lat.: 2.767ms, rate sampling interval: 11ms
  Thread Stats   Avg      Stdev     Max   +/- Stdev
    Latency     3.23ms    8.64ms   1.01s    99.91%
    Req/Sec   655.47    590.41     2.50k    50.98%
  Latency Distribution (HdrHistogram - Recorded Latency)
 50.000%    2.58ms
 75.000%    4.51ms
 90.000%    6.22ms
 99.000%    8.64ms
 99.900%   11.73ms
 99.990%  530.94ms
 99.999%  954.88ms
100.000%    1.01s 

  Detailed Percentile spectrum:
       Value   Percentile   TotalCount 1/(1-Percentile)

       0.069     0.000000            1         1.00
       0.895     0.100000       591298         1.11
       1.262     0.200000      1181363         1.25
       1.607     0.300000      1770879         1.43
       2.031     0.400000      2359905         1.67
       2.575     0.500000      2951193         2.00
       2.893     0.550000      3244652         2.22
       3.243     0.600000      3539453         2.50
       3.627     0.650000      3834559         2.86
       4.055     0.700000      4129259         3.33
       4.515     0.750000      4426300         4.00
       4.759     0.775000      4573296         4.44
       5.011     0.800000      4719055         5.00
       5.279     0.825000      4866458         5.71
       5.567     0.850000      5014748         6.67
       5.875     0.875000      5161899         8.00
       6.039     0.887500      5235604         8.89
       6.215     0.900000      5310217        10.00
       6.403     0.912500      5383548        11.43
       6.607     0.925000      5456710        13.33
       6.835     0.937500      5530161        16.00
       6.959     0.943750      5566879        17.78
       7.095     0.950000      5603812        20.00
       7.247     0.956250      5641062        22.86
       7.415     0.962500      5677668        26.67
       7.607     0.968750      5714640        32.00
       7.715     0.971875      5733021        35.56
       7.839     0.975000      5751626        40.00
       7.967     0.978125      5769851        45.71
       8.107     0.981250      5788328        53.33
       8.271     0.984375      5807241        64.00
       8.359     0.985938      5815905        71.11
       8.463     0.987500      5825494        80.00
       8.567     0.989062      5834345        91.43
       8.695     0.990625      5843667       106.67
       8.839     0.992188      5852834       128.00
       8.919     0.992969      5857396       142.22
       9.007     0.993750      5861892       160.00
       9.111     0.994531      5866448       182.86
       9.239     0.995313      5871260       213.33
       9.391     0.996094      5875717       256.00
       9.487     0.996484      5878020       284.44
       9.599     0.996875      5880332       320.00
       9.743     0.997266      5882649       365.71
       9.927     0.997656      5884922       426.67
      10.175     0.998047      5887146       512.00
      10.351     0.998242      5888344       568.89
      10.567     0.998437      5889470       640.00
      10.839     0.998633      5890613       731.43
      11.263     0.998828      5891754       853.33
      11.807     0.999023      5892922      1024.00
      11.959     0.999121      5893500      1137.78
      12.111     0.999219      5894055      1280.00
      12.487     0.999316      5894638      1462.86
      13.119     0.999414      5895206      1706.67
      14.183     0.999512      5895783      2048.00
      14.991     0.999561      5896073      2275.56
      15.999     0.999609      5896359      2560.00
      17.119     0.999658      5896652      2925.71
      18.831     0.999707      5896937      3413.33
      24.287     0.999756      5897222      4096.00
      37.503     0.999780      5897366      4551.11
      76.479     0.999805      5897510      5120.00
     195.199     0.999829      5897655      5851.43
     313.599     0.999854      5897798      6826.67
     423.935     0.999878      5897942      8192.00
     485.631     0.999890      5898014      9102.22
     536.063     0.999902      5898086     10240.00
     597.503     0.999915      5898159     11702.86
     651.263     0.999927      5898230     13653.33
     714.751     0.999939      5898304     16384.00
     742.911     0.999945      5898338     18204.44
     771.583     0.999951      5898375     20480.00
     800.255     0.999957      5898410     23405.71
     832.511     0.999963      5898447     27306.67
     851.455     0.999969      5898483     32768.00
     873.471     0.999973      5898501     36408.89
     889.343     0.999976      5898518     40960.00
     896.511     0.999979      5898536     46811.43
     914.431     0.999982      5898554     54613.33
     931.327     0.999985      5898580     65536.00
     931.839     0.999986      5898584     72817.78
     944.127     0.999988      5898592     81920.00
     953.855     0.999989      5898601     93622.86
     957.439     0.999991      5898609    109226.67
     967.679     0.999992      5898617    131072.00
     971.775     0.999993      5898629    145635.56
     971.775     0.999994      5898629    163840.00
     972.287     0.999995      5898634    187245.71
     974.847     0.999995      5898635    218453.33
     984.063     0.999996      5898640    262144.00
     991.231     0.999997      5898643    291271.11
     991.743     0.999997      5898645    327680.00
     993.791     0.999997      5898648    374491.43
     994.303     0.999998      5898649    436906.67
     995.327     0.999998      5898651    524288.00
     995.839     0.999998      5898652    582542.22
     996.863     0.999998      5898655    655360.00
     996.863     0.999999      5898655    748982.86
     997.375     0.999999      5898656    873813.33
     998.911     0.999999      5898658   1048576.00
     998.911     0.999999      5898658   1165084.44
     998.911     0.999999      5898658   1310720.00
     999.423     0.999999      5898659   1497965.71
     999.423     0.999999      5898659   1747626.67
    1003.007     1.000000      5898660   2097152.00
    1003.007     1.000000      5898660   2330168.89
    1003.007     1.000000      5898660   2621440.00
    1006.079     1.000000      5898661   2995931.43
    1006.079     1.000000      5898661   3495253.33
    1006.079     1.000000      5898661   4194304.00
    1006.079     1.000000      5898661   4660337.78
    1006.079     1.000000      5898661   5242880.00
    1010.175     1.000000      5898662   5991862.86
    1010.175     1.000000      5898662          inf
#[Mean    =        3.231, StdDeviation   =        8.643]
#[Max     =     1009.664, Total count    =      5898662]
#[Buckets =           27, SubBuckets     =         2048]
----------------------------------------------------------
  5998151 requests in 10.00m, 0.88GB read
Requests/sec:   9996.89
Transfer/sec:      1.51MB
