Running 10m test @ http://localhost:9999/math/plus?x=1&y=2
  16 threads and 400 connections
  Thread calibration: mean lat.: 852.918ms, rate sampling interval: 3852ms
  Thread calibration: mean lat.: 799.613ms, rate sampling interval: 3282ms
  Thread calibration: mean lat.: 739.173ms, rate sampling interval: 3180ms
  Thread calibration: mean lat.: 819.348ms, rate sampling interval: 3641ms
  Thread calibration: mean lat.: 762.768ms, rate sampling interval: 3008ms
  Thread calibration: mean lat.: 691.618ms, rate sampling interval: 3235ms
  Thread calibration: mean lat.: 794.623ms, rate sampling interval: 3354ms
  Thread calibration: mean lat.: 1039.571ms, rate sampling interval: 4616ms
  Thread calibration: mean lat.: 602.492ms, rate sampling interval: 2740ms
  Thread calibration: mean lat.: 891.747ms, rate sampling interval: 4038ms
  Thread calibration: mean lat.: 1072.138ms, rate sampling interval: 4567ms
  Thread calibration: mean lat.: 839.929ms, rate sampling interval: 3360ms
  Thread calibration: mean lat.: 972.803ms, rate sampling interval: 4073ms
  Thread calibration: mean lat.: 847.554ms, rate sampling interval: 3981ms
  Thread calibration: mean lat.: 793.068ms, rate sampling interval: 3880ms
  Thread calibration: mean lat.: 774.166ms, rate sampling interval: 3821ms
  Thread Stats   Avg      Stdev     Max   +/- Stdev
    Latency     0.89m     0.90m    5.70m    83.48%
    Req/Sec     3.03k   190.51     3.83k    68.73%
  Latency Distribution (HdrHistogram - Recorded Latency)
 50.000%   38.83s 
 75.000%    1.46m 
 90.000%    2.14m 
 99.000%    3.70m 
 99.900%    4.90m 
 99.990%    5.46m 
 99.999%    5.66m 
100.000%    5.70m 

  Detailed Percentile spectrum:
       Value   Percentile   TotalCount 1/(1-Percentile)

       0.104     0.000000            1         1.00
      75.839     0.100000      2843641         1.11
     653.823     0.200000      5687544         1.25
   11378.687     0.300000      8531238         1.43
   25116.671     0.400000     11376859         1.67
   38830.079     0.500000     14221682         2.00
   47775.743     0.550000     15644746         2.22
   57671.679     0.600000     17064256         2.50
   67829.759     0.650000     18486112         2.86
   77594.623     0.700000     19910206         3.33
   87687.167     0.750000     21334669         4.00
   92798.975     0.775000     22044767         4.44
   98500.607     0.800000     22755952         5.00
  104792.063     0.825000     23459816         5.71
  112001.023     0.850000     24170358         6.67
  119930.879     0.875000     24883166         8.00
  123928.575     0.887500     25241001         8.89
  128516.095     0.900000     25593864        10.00
  134086.655     0.912500     25948497        11.43
  139984.895     0.925000     26308318        13.33
  146014.207     0.937500     26661201        16.00
  149422.079     0.943750     26836366        17.78
  153223.167     0.950000     27015439        20.00
  157548.543     0.956250     27193733        22.86
  162529.279     0.962500     27369883        26.67
  169738.239     0.968750     27547269        32.00
  174325.759     0.971875     27635350        35.56
  179961.855     0.975000     27724732        40.00
  186122.239     0.978125     27813174        45.71
  193462.271     0.981250     27902915        53.33
  201981.951     0.984375     27991137        64.00
  206569.471     0.985938     28035200        71.11
  212074.495     0.987500     28080679        80.00
  217972.735     0.989062     28124612        91.43
  224395.263     0.990625     28168556       106.67
  231997.439     0.992188     28213420       128.00
  236060.671     0.992969     28235603       142.22
  240386.047     0.993750     28257638       160.00
  244711.423     0.994531     28279874       182.86
  249823.231     0.995313     28301844       213.33
  256507.903     0.996094     28323954       256.00
  259915.775     0.996484     28335080       284.44
  263585.791     0.996875     28346280       320.00
  267517.951     0.997266     28357307       365.71
  272891.903     0.997656     28368914       426.67
  277610.495     0.998047     28379878       512.00
  280231.935     0.998242     28385097       568.89
  283115.519     0.998437     28390657       640.00
  287047.679     0.998633     28396445       731.43
  290717.695     0.998828     28402035       853.33
  294387.711     0.999023     28407479      1024.00
  296484.863     0.999121     28410186      1137.78
  298582.015     0.999219     28412995      1280.00
  300679.167     0.999316     28415648      1462.86
  303824.895     0.999414     28418407      1706.67
  306708.479     0.999512     28421122      2048.00
  308543.487     0.999561     28422657      2275.56
  310640.639     0.999609     28424062      2560.00
  312737.791     0.999658     28425324      2925.71
  315097.087     0.999707     28426861      3413.33
  316932.095     0.999756     28428063      4096.00
  318504.959     0.999780     28428804      4551.11
  320077.823     0.999805     28429502      5120.00
  321388.543     0.999829     28430209      5851.43
  322961.407     0.999854     28430878      6826.67
  325058.559     0.999878     28431591      8192.00
  326107.135     0.999890     28431874      9102.22
  327417.855     0.999902     28432214     10240.00
  328990.719     0.999915     28432561     11702.86
  330563.583     0.999927     28432943     13653.33
  332136.447     0.999939     28433292     16384.00
  332922.879     0.999945     28433516     18204.44
  333447.167     0.999951     28433604     20480.00
  334495.743     0.999957     28433824     23405.71
  335282.175     0.999963     28434002     27306.67
  335806.463     0.999969     28434130     32768.00
  336330.751     0.999973     28434260     36408.89
  336592.895     0.999976     28434333     40960.00
  336855.039     0.999979     28434397     46811.43
  337641.471     0.999982     28434472     54613.33
  338427.903     0.999985     28434585     65536.00
  338690.047     0.999986     28434609     72817.78
  338952.191     0.999988     28434661     81920.00
  339214.335     0.999989     28434701     93622.86
  339738.623     0.999991     28434748    109226.67
  340262.911     0.999992     28434804    131072.00
  340262.911     0.999993     28434804    145635.56
  340525.055     0.999994     28434841    163840.00
  340525.055     0.999995     28434841    187245.71
  340787.199     0.999995     28434874    218453.33
  341049.343     0.999996     28434890    262144.00
  341311.487     0.999997     28434925    291271.11
  341311.487     0.999997     28434925    327680.00
  341311.487     0.999997     28434925    374491.43
  341311.487     0.999998     28434925    436906.67
  341573.631     0.999998     28434953    524288.00
  341573.631     0.999998     28434953    582542.22
  341573.631     0.999998     28434953    655360.00
  341573.631     0.999999     28434953    748982.86
  341835.775     0.999999     28434970    873813.33
  341835.775     0.999999     28434970   1048576.00
  341835.775     0.999999     28434970   1165084.44
  341835.775     0.999999     28434970   1310720.00
  341835.775     0.999999     28434970   1497965.71
  342097.919     0.999999     28434988   1747626.67
  342097.919     1.000000     28434988          inf
#[Mean    =    53691.549, StdDeviation   =    53814.288]
#[Max     =   341835.776, Total count    =     28434988]
#[Buckets =           27, SubBuckets     =         2048]
----------------------------------------------------------
  28931960 requests in 10.00m, 4.26GB read
Requests/sec:  48220.08
Transfer/sec:      7.27MB
