Running 10m test @ http://localhost:9999/math/plus?x=1&y=2
  16 threads and 400 connections
  Thread calibration: mean lat.: 1.561ms, rate sampling interval: 10ms
  Thread calibration: mean lat.: 1.574ms, rate sampling interval: 10ms
  Thread calibration: mean lat.: 1.522ms, rate sampling interval: 10ms
  Thread calibration: mean lat.: 1.661ms, rate sampling interval: 10ms
  Thread calibration: mean lat.: 1.566ms, rate sampling interval: 10ms
  Thread calibration: mean lat.: 1.535ms, rate sampling interval: 10ms
  Thread calibration: mean lat.: 1.638ms, rate sampling interval: 10ms
  Thread calibration: mean lat.: 1.581ms, rate sampling interval: 10ms
  Thread calibration: mean lat.: 1.535ms, rate sampling interval: 10ms
  Thread calibration: mean lat.: 1.583ms, rate sampling interval: 10ms
  Thread calibration: mean lat.: 1.539ms, rate sampling interval: 10ms
  Thread calibration: mean lat.: 1.638ms, rate sampling interval: 10ms
  Thread calibration: mean lat.: 1.653ms, rate sampling interval: 10ms
  Thread calibration: mean lat.: 1.557ms, rate sampling interval: 10ms
  Thread calibration: mean lat.: 1.623ms, rate sampling interval: 10ms
  Thread calibration: mean lat.: 1.600ms, rate sampling interval: 10ms
  Thread Stats   Avg      Stdev     Max   +/- Stdev
    Latency     1.29ms    2.06ms  73.60ms   95.94%
    Req/Sec     1.97k   537.16     5.80k    75.87%
  Latency Distribution (HdrHistogram - Recorded Latency)
 50.000%    0.96ms
 75.000%    1.33ms
 90.000%    1.77ms
 99.000%   10.37ms
 99.900%   27.25ms
 99.990%   42.81ms
 99.999%   54.56ms
100.000%   73.66ms

  Detailed Percentile spectrum:
       Value   Percentile   TotalCount 1/(1-Percentile)

       0.057     0.000000            1         1.00
       0.359     0.100000      1773840         1.11
       0.533     0.200000      3541033         1.25
       0.684     0.300000      5311862         1.43
       0.827     0.400000      7085654         1.67
       0.961     0.500000      8854240         2.00
       1.028     0.550000      9741964         2.22
       1.096     0.600000     10623805         2.50
       1.166     0.650000     11512037         2.86
       1.241     0.700000     12398396         3.33
       1.325     0.750000     13275946         4.00
       1.374     0.775000     13722285         4.44
       1.428     0.800000     14163938         5.00
       1.489     0.825000     14599435         5.71
       1.562     0.850000     15045403         6.67
       1.651     0.875000     15487649         8.00
       1.704     0.887500     15705670         8.89
       1.767     0.900000     15928009        10.00
       1.843     0.912500     16148764        11.43
       1.943     0.925000     16369666        13.33
       2.109     0.937500     16591267        16.00
       2.271     0.943750     16701574        17.78
       2.577     0.950000     16811895        20.00
       3.063     0.956250     16922389        22.86
       3.691     0.962500     17032821        26.67
       4.515     0.968750     17143615        32.00
       5.007     0.971875     17198748        35.56
       5.551     0.975000     17254153        40.00
       6.179     0.978125     17309424        45.71
       6.875     0.981250     17364567        53.33
       7.731     0.984375     17419851        64.00
       8.263     0.985938     17447608        71.11
       8.935     0.987500     17475113        80.00
       9.775     0.989062     17502923        91.43
      10.799     0.990625     17530355       106.67
      12.071     0.992188     17558017       128.00
      12.847     0.992969     17571847       142.22
      13.743     0.993750     17585746       160.00
      14.799     0.994531     17599554       182.86
      15.927     0.995313     17613383       213.33
      17.263     0.996094     17627213       256.00
      18.047     0.996484     17634090       284.44
      18.927     0.996875     17640955       320.00
      19.919     0.997266     17647914       365.71
      21.039     0.997656     17654771       426.67
      22.319     0.998047     17661714       512.00
      23.071     0.998242     17665171       568.89
      23.903     0.998437     17668620       640.00
      24.911     0.998633     17672069       731.43
      26.063     0.998828     17675505       853.33
      27.423     0.999023     17678989      1024.00
      28.271     0.999121     17680701      1137.78
      29.183     0.999219     17682421      1280.00
      30.143     0.999316     17684156      1462.86
      31.247     0.999414     17685891      1706.67
      32.543     0.999512     17687612      2048.00
      33.279     0.999561     17688489      2275.56
      34.047     0.999609     17689333      2560.00
      34.943     0.999658     17690196      2925.71
      35.999     0.999707     17691065      3413.33
      37.183     0.999756     17691928      4096.00
      37.919     0.999780     17692370      4551.11
      38.719     0.999805     17692790      5120.00
      39.583     0.999829     17693224      5851.43
      40.543     0.999854     17693652      6826.67
      41.663     0.999878     17694088      8192.00
      42.271     0.999890     17694298      9102.22
      42.943     0.999902     17694524     10240.00
      43.775     0.999915     17694736     11702.86
      44.607     0.999927     17694949     13653.33
      45.567     0.999939     17695166     16384.00
      46.111     0.999945     17695276     18204.44
      46.847     0.999951     17695378     20480.00
      47.615     0.999957     17695488     23405.71
      48.447     0.999963     17695594     27306.67
      49.407     0.999969     17695701     32768.00
      49.887     0.999973     17695756     36408.89
      50.527     0.999976     17695810     40960.00
      51.327     0.999979     17695866     46811.43
      52.191     0.999982     17695917     54613.33
      52.799     0.999985     17695971     65536.00
      53.183     0.999986     17695999     72817.78
      53.599     0.999988     17696025     81920.00
      54.207     0.999989     17696053     93622.86
      55.199     0.999991     17696080    109226.67
      56.127     0.999992     17696106    131072.00
      56.671     0.999993     17696120    145635.56
      57.151     0.999994     17696133    163840.00
      58.143     0.999995     17696147    187245.71
      59.039     0.999995     17696160    218453.33
      60.255     0.999996     17696174    262144.00
      60.703     0.999997     17696181    291271.11
      61.215     0.999997     17696187    327680.00
      61.503     0.999997     17696194    374491.43
      62.015     0.999998     17696201    436906.67
      62.207     0.999998     17696208    524288.00
      62.655     0.999998     17696211    582542.22
      62.943     0.999998     17696214    655360.00
      63.327     0.999999     17696218    748982.86
      63.775     0.999999     17696221    873813.33
      64.767     0.999999     17696225   1048576.00
      64.863     0.999999     17696226   1165084.44
      65.311     0.999999     17696228   1310720.00
      65.983     0.999999     17696230   1497965.71
      66.239     0.999999     17696231   1747626.67
      67.583     1.000000     17696233   2097152.00
      67.903     1.000000     17696234   2330168.89
      68.671     1.000000     17696235   2621440.00
      69.311     1.000000     17696236   2995931.43
      69.311     1.000000     17696236   3495253.33
      69.567     1.000000     17696237   4194304.00
      70.719     1.000000     17696238   4660337.78
      70.719     1.000000     17696238   5242880.00
      72.255     1.000000     17696239   5991862.86
      72.255     1.000000     17696239   6990506.67
      72.255     1.000000     17696239   8388608.00
      73.599     1.000000     17696240   9320675.55
      73.599     1.000000     17696240  10485760.00
      73.599     1.000000     17696240  11983725.71
      73.599     1.000000     17696240  13981013.34
      73.599     1.000000     17696240  16777216.00
      73.663     1.000000     17696241  18641351.10
      73.663     1.000000     17696241          inf
#[Mean    =        1.288, StdDeviation   =        2.065]
#[Max     =       73.600, Total count    =     17696241]
#[Buckets =           27, SubBuckets     =         2048]
----------------------------------------------------------
  17994586 requests in 10.00m, 2.65GB read
Requests/sec:  29990.93
Transfer/sec:      4.52MB
