Running 10m test @ http://localhost:9999/math/plus?x=1&y=2
  16 threads and 400 connections
  Thread calibration: mean lat.: 2.133ms, rate sampling interval: 10ms
  Thread calibration: mean lat.: 2.215ms, rate sampling interval: 10ms
  Thread calibration: mean lat.: 2.082ms, rate sampling interval: 10ms
  Thread calibration: mean lat.: 2.006ms, rate sampling interval: 10ms
  Thread calibration: mean lat.: 2.205ms, rate sampling interval: 10ms
  Thread calibration: mean lat.: 2.388ms, rate sampling interval: 10ms
  Thread calibration: mean lat.: 3.605ms, rate sampling interval: 12ms
  Thread calibration: mean lat.: 2.144ms, rate sampling interval: 10ms
  Thread calibration: mean lat.: 2.135ms, rate sampling interval: 10ms
  Thread calibration: mean lat.: 2.113ms, rate sampling interval: 10ms
  Thread calibration: mean lat.: 2.130ms, rate sampling interval: 10ms
  Thread calibration: mean lat.: 2.176ms, rate sampling interval: 10ms
  Thread calibration: mean lat.: 2.420ms, rate sampling interval: 10ms
  Thread calibration: mean lat.: 2.188ms, rate sampling interval: 10ms
  Thread calibration: mean lat.: 3.286ms, rate sampling interval: 13ms
  Thread calibration: mean lat.: 1.987ms, rate sampling interval: 10ms
  Thread Stats   Avg      Stdev     Max   +/- Stdev
    Latency     2.34ms    1.80ms  25.49ms   80.11%
    Req/Sec   658.72    526.81     2.78k    61.58%
  Latency Distribution (HdrHistogram - Recorded Latency)
 50.000%    1.72ms
 75.000%    3.01ms
 90.000%    5.06ms
 99.000%    8.08ms
 99.900%   10.81ms
 99.990%   15.40ms
 99.999%   19.85ms
100.000%   25.50ms

  Detailed Percentile spectrum:
       Value   Percentile   TotalCount 1/(1-Percentile)

       0.071     0.000000            1         1.00
       0.724     0.100000       590820         1.11
       0.995     0.200000      1179857         1.25
       1.230     0.300000      1771677         1.43
       1.456     0.400000      2361732         1.67
       1.720     0.500000      2949433         2.00
       1.879     0.550000      3245008         2.22
       2.067     0.600000      3540899         2.50
       2.301     0.650000      3834760         2.86
       2.607     0.700000      4129441         3.33
       3.009     0.750000      4424064         4.00
       3.251     0.775000      4571821         4.44
       3.517     0.800000      4718958         5.00
       3.825     0.825000      4866531         5.71
       4.175     0.850000      5015162         6.67
       4.583     0.875000      5162645         8.00
       4.815     0.887500      5236183         8.89
       5.063     0.900000      5309368        10.00
       5.335     0.912500      5382704        11.43
       5.635     0.925000      5456492        13.33
       5.963     0.937500      5530539        16.00
       6.135     0.943750      5567226        17.78
       6.315     0.950000      5604020        20.00
       6.507     0.956250      5641077        22.86
       6.707     0.962500      5677490        26.67
       6.931     0.968750      5714588        32.00
       7.055     0.971875      5732994        35.56
       7.187     0.975000      5751559        40.00
       7.327     0.978125      5770005        45.71
       7.479     0.981250      5788326        53.33
       7.659     0.984375      5806523        64.00
       7.759     0.985938      5815839        71.11
       7.867     0.987500      5824968        80.00
       7.995     0.989062      5834357        91.43
       8.139     0.990625      5843524       106.67
       8.311     0.992188      5852877       128.00
       8.407     0.992969      5857248       142.22
       8.527     0.993750      5862033       160.00
       8.655     0.994531      5866574       182.86
       8.807     0.995313      5871127       213.33
       8.991     0.996094      5875734       256.00
       9.095     0.996484      5878012       284.44
       9.215     0.996875      5880228       320.00
       9.359     0.997266      5882539       365.71
       9.535     0.997656      5884852       426.67
       9.759     0.998047      5887174       512.00
       9.895     0.998242      5888333       568.89
      10.055     0.998437      5889465       640.00
      10.263     0.998633      5890604       731.43
      10.527     0.998828      5891774       853.33
      10.871     0.999023      5892927      1024.00
      11.079     0.999121      5893496      1137.78
      11.279     0.999219      5894063      1280.00
      11.495     0.999316      5894644      1462.86
      11.767     0.999414      5895217      1706.67
      12.007     0.999512      5895799      2048.00
      12.167     0.999561      5896075      2275.56
      12.367     0.999609      5896366      2560.00
      12.599     0.999658      5896646      2925.71
      12.903     0.999707      5896938      3413.33
      13.311     0.999756      5897221      4096.00
      13.599     0.999780      5897367      4551.11
      13.879     0.999805      5897511      5120.00
      14.207     0.999829      5897653      5851.43
      14.567     0.999854      5897798      6826.67
      14.983     0.999878      5897941      8192.00
      15.239     0.999890      5898013      9102.22
      15.455     0.999902      5898086     10240.00
      15.767     0.999915      5898157     11702.86
      15.975     0.999927      5898229     13653.33
      16.287     0.999939      5898301     16384.00
      16.495     0.999945      5898341     18204.44
      16.703     0.999951      5898377     20480.00
      16.895     0.999957      5898412     23405.71
      17.135     0.999963      5898447     27306.67
      17.487     0.999969      5898482     32768.00
      17.743     0.999973      5898500     36408.89
      17.951     0.999976      5898517     40960.00
      18.383     0.999979      5898535     46811.43
      18.703     0.999982      5898553     54613.33
      19.103     0.999985      5898571     65536.00
      19.343     0.999986      5898580     72817.78
      19.679     0.999988      5898590     81920.00
      19.839     0.999989      5898599     93622.86
      19.967     0.999991      5898607    109226.67
      20.271     0.999992      5898616    131072.00
      20.527     0.999993      5898621    145635.56
      21.071     0.999994      5898625    163840.00
      21.695     0.999995      5898630    187245.71
      22.031     0.999995      5898634    218453.33
      23.343     0.999996      5898640    262144.00
      23.631     0.999997      5898641    291271.11
      23.775     0.999997      5898643    327680.00
      23.871     0.999997      5898646    374491.43
      24.159     0.999998      5898648    436906.67
      24.207     0.999998      5898650    524288.00
      24.223     0.999998      5898651    582542.22
      24.415     0.999998      5898652    655360.00
      24.527     0.999999      5898654    748982.86
      24.543     0.999999      5898655    873813.33
      24.703     0.999999      5898656   1048576.00
      24.703     0.999999      5898656   1165084.44
      24.719     0.999999      5898657   1310720.00
      25.135     0.999999      5898658   1497965.71
      25.135     0.999999      5898658   1747626.67
      25.263     1.000000      5898659   2097152.00
      25.263     1.000000      5898659   2330168.89
      25.263     1.000000      5898659   2621440.00
      25.455     1.000000      5898660   2995931.43
      25.455     1.000000      5898660   3495253.33
      25.455     1.000000      5898660   4194304.00
      25.455     1.000000      5898660   4660337.78
      25.455     1.000000      5898660   5242880.00
      25.503     1.000000      5898661   5991862.86
      25.503     1.000000      5898661          inf
#[Mean    =        2.344, StdDeviation   =        1.801]
#[Max     =       25.488, Total count    =      5898661]
#[Buckets =           27, SubBuckets     =         2048]
----------------------------------------------------------
  5997674 requests in 10.00m, 0.88GB read
Requests/sec:   9996.07
Transfer/sec:      1.51MB
