Running 10m test @ http://localhost:9999/math/plus?x=1&y=2
  16 threads and 400 connections
  Thread calibration: mean lat.: 1.674ms, rate sampling interval: 10ms
  Thread calibration: mean lat.: 1.841ms, rate sampling interval: 10ms
  Thread calibration: mean lat.: 1.805ms, rate sampling interval: 10ms
  Thread calibration: mean lat.: 1.826ms, rate sampling interval: 10ms
  Thread calibration: mean lat.: 1.867ms, rate sampling interval: 10ms
  Thread calibration: mean lat.: 1.819ms, rate sampling interval: 10ms
  Thread calibration: mean lat.: 1.761ms, rate sampling interval: 10ms
  Thread calibration: mean lat.: 1.853ms, rate sampling interval: 10ms
  Thread calibration: mean lat.: 1.933ms, rate sampling interval: 10ms
  Thread calibration: mean lat.: 2.010ms, rate sampling interval: 10ms
  Thread calibration: mean lat.: 1.864ms, rate sampling interval: 10ms
  Thread calibration: mean lat.: 1.765ms, rate sampling interval: 10ms
  Thread calibration: mean lat.: 1.751ms, rate sampling interval: 10ms
  Thread calibration: mean lat.: 1.732ms, rate sampling interval: 10ms
  Thread calibration: mean lat.: 1.883ms, rate sampling interval: 10ms
  Thread calibration: mean lat.: 1.700ms, rate sampling interval: 10ms
  Thread Stats   Avg      Stdev     Max   +/- Stdev
    Latency     1.73ms    1.54ms  42.43ms   91.40%
    Req/Sec   659.19    560.29     2.78k    76.31%
  Latency Distribution (HdrHistogram - Recorded Latency)
 50.000%    1.36ms
 75.000%    1.98ms
 90.000%    3.05ms
 99.000%    8.38ms
 99.900%   16.58ms
 99.990%   26.40ms
 99.999%   32.83ms
100.000%   42.46ms

  Detailed Percentile spectrum:
       Value   Percentile   TotalCount 1/(1-Percentile)

       0.078     0.000000            1         1.00
       0.618     0.100000       590149         1.11
       0.834     0.200000      1181622         1.25
       1.017     0.300000      1772212         1.43
       1.185     0.400000      2360116         1.67
       1.355     0.500000      2952490         2.00
       1.448     0.550000      3246089         2.22
       1.552     0.600000      3539980         2.50
       1.672     0.650000      3836340         2.86
       1.812     0.700000      4129735         3.33
       1.984     0.750000      4424204         4.00
       2.089     0.775000      4573632         4.44
       2.209     0.800000      4719891         5.00
       2.357     0.825000      4868040         5.71
       2.535     0.850000      5014329         6.67
       2.759     0.875000      5161855         8.00
       2.893     0.887500      5235329         8.89
       3.049     0.900000      5309568        10.00
       3.231     0.912500      5382634        11.43
       3.449     0.925000      5456443        13.33
       3.725     0.937500      5530346        16.00
       3.891     0.943750      5567095        17.78
       4.079     0.950000      5603728        20.00
       4.303     0.956250      5640648        22.86
       4.575     0.962500      5677427        26.67
       4.931     0.968750      5714291        32.00
       5.167     0.971875      5732889        35.56
       5.459     0.975000      5751158        40.00
       5.839     0.978125      5769641        45.71
       6.323     0.981250      5788124        53.33
       6.951     0.984375      5806507        64.00
       7.315     0.985938      5815699        71.11
       7.703     0.987500      5824949        80.00
       8.107     0.989062      5834122        91.43
       8.567     0.990625      5843370       106.67
       9.103     0.992188      5852591       128.00
       9.415     0.992969      5857162       142.22
       9.775     0.993750      5861787       160.00
      10.175     0.994531      5866365       182.86
      10.679     0.995313      5871010       213.33
      11.263     0.996094      5875581       256.00
      11.607     0.996484      5877878       284.44
      11.991     0.996875      5880212       320.00
      12.439     0.997266      5882498       365.71
      13.007     0.997656      5884797       426.67
      13.711     0.998047      5887098       512.00
      14.151     0.998242      5888244       568.89
      14.639     0.998437      5889413       640.00
      15.215     0.998633      5890550       731.43
      15.895     0.998828      5891704       853.33
      16.687     0.999023      5892852      1024.00
      17.199     0.999121      5893428      1137.78
      17.775     0.999219      5894004      1280.00
      18.431     0.999316      5894592      1462.86
      19.119     0.999414      5895161      1706.67
      19.887     0.999512      5895726      2048.00
      20.383     0.999561      5896016      2275.56
      20.911     0.999609      5896307      2560.00
      21.455     0.999658      5896590      2925.71
      22.111     0.999707      5896878      3413.33
      22.895     0.999756      5897172      4096.00
      23.311     0.999780      5897312      4551.11
      23.679     0.999805      5897456      5120.00
      24.191     0.999829      5897598      5851.43
      24.751     0.999854      5897743      6826.67
      25.551     0.999878      5897890      8192.00
      26.031     0.999890      5897962      9102.22
      26.479     0.999902      5898032     10240.00
      26.943     0.999915      5898104     11702.86
      27.551     0.999927      5898174     13653.33
      28.191     0.999939      5898246     16384.00
      28.591     0.999945      5898283     18204.44
      28.943     0.999951      5898318     20480.00
      29.263     0.999957      5898355     23405.71
      29.871     0.999963      5898391     27306.67
      30.303     0.999969      5898426     32768.00
      30.559     0.999973      5898446     36408.89
      30.831     0.999976      5898462     40960.00
      31.103     0.999979      5898480     46811.43
      31.407     0.999982      5898498     54613.33
      31.839     0.999985      5898517     65536.00
      32.143     0.999986      5898525     72817.78
      32.399     0.999988      5898534     81920.00
      32.751     0.999989      5898545     93622.86
      33.087     0.999991      5898552    109226.67
      33.503     0.999992      5898561    131072.00
      34.143     0.999993      5898566    145635.56
      34.559     0.999994      5898570    163840.00
      35.039     0.999995      5898575    187245.71
      35.295     0.999995      5898579    218453.33
      35.743     0.999996      5898584    262144.00
      35.967     0.999997      5898586    291271.11
      36.863     0.999997      5898588    327680.00
      37.407     0.999997      5898591    374491.43
      37.695     0.999998      5898593    436906.67
      37.855     0.999998      5898596    524288.00
      37.855     0.999998      5898596    582542.22
      38.143     0.999998      5898597    655360.00
      39.295     0.999999      5898599    748982.86
      40.127     0.999999      5898600    873813.33
      40.223     0.999999      5898601   1048576.00
      40.223     0.999999      5898601   1165084.44
      40.383     0.999999      5898602   1310720.00
      40.415     0.999999      5898603   1497965.71
      40.415     0.999999      5898603   1747626.67
      40.639     1.000000      5898604   2097152.00
      40.639     1.000000      5898604   2330168.89
      40.639     1.000000      5898604   2621440.00
      40.767     1.000000      5898605   2995931.43
      40.767     1.000000      5898605   3495253.33
      40.767     1.000000      5898605   4194304.00
      40.767     1.000000      5898605   4660337.78
      40.767     1.000000      5898605   5242880.00
      42.463     1.000000      5898606   5991862.86
      42.463     1.000000      5898606          inf
#[Mean    =        1.725, StdDeviation   =        1.543]
#[Max     =       42.432, Total count    =      5898606]
#[Buckets =           27, SubBuckets     =         2048]
----------------------------------------------------------
  5997672 requests in 10.00m, 0.88GB read
Requests/sec:   9995.96
Transfer/sec:      1.51MB
