Running 10m test @ http://localhost:9999/math/plus?x=1&y=2
  16 threads and 400 connections
  Thread calibration: mean lat.: 2.965ms, rate sampling interval: 12ms
  Thread calibration: mean lat.: 3.215ms, rate sampling interval: 13ms
  Thread calibration: mean lat.: 3.130ms, rate sampling interval: 13ms
  Thread calibration: mean lat.: 3.355ms, rate sampling interval: 13ms
  Thread calibration: mean lat.: 3.098ms, rate sampling interval: 13ms
  Thread calibration: mean lat.: 3.180ms, rate sampling interval: 13ms
  Thread calibration: mean lat.: 3.097ms, rate sampling interval: 12ms
  Thread calibration: mean lat.: 3.154ms, rate sampling interval: 12ms
  Thread calibration: mean lat.: 3.231ms, rate sampling interval: 13ms
  Thread calibration: mean lat.: 3.256ms, rate sampling interval: 13ms
  Thread calibration: mean lat.: 3.139ms, rate sampling interval: 13ms
  Thread calibration: mean lat.: 3.339ms, rate sampling interval: 13ms
  Thread calibration: mean lat.: 3.039ms, rate sampling interval: 11ms
  Thread calibration: mean lat.: 3.119ms, rate sampling interval: 12ms
  Thread calibration: mean lat.: 2.963ms, rate sampling interval: 10ms
  Thread calibration: mean lat.: 3.125ms, rate sampling interval: 13ms
  Thread Stats   Avg      Stdev     Max   +/- Stdev
    Latency     9.56ms   78.77ms   3.45s    98.99%
    Req/Sec     3.26k   551.53     9.25k    76.11%
  Latency Distribution (HdrHistogram - Recorded Latency)
 50.000%    2.23ms
 75.000%    4.29ms
 90.000%    9.15ms
 99.000%   92.93ms
 99.900%    1.25s 
 99.990%    2.75s 
 99.999%    3.26s 
100.000%    3.45s 

  Detailed Percentile spectrum:
       Value   Percentile   TotalCount 1/(1-Percentile)

       0.082     0.000000            1         1.00
       0.773     0.100000      2951834         1.11
       1.126     0.200000      5905232         1.25
       1.445     0.300000      8854822         1.43
       1.798     0.400000     11804898         1.67
       2.235     0.500000     14748042         2.00
       2.505     0.550000     16225125         2.22
       2.817     0.600000     17700580         2.50
       3.201     0.650000     19175927         2.86
       3.673     0.700000     20647566         3.33
       4.291     0.750000     22123320         4.00
       4.695     0.775000     22863003         4.44
       5.191     0.800000     23596549         5.00
       5.807     0.825000     24333213         5.71
       6.583     0.850000     25071913         6.67
       7.615     0.875000     25807568         8.00
       8.287     0.887500     26177674         8.89
       9.151     0.900000     26546107        10.00
      10.207     0.912500     26914156        11.43
      11.399     0.925000     27282992        13.33
      12.775     0.937500     27650047        16.00
      13.623     0.943750     27834453        17.78
      14.567     0.950000     28018708        20.00
      15.655     0.956250     28203473        22.86
      17.119     0.962500     28387838        26.67
      19.247     0.968750     28571605        32.00
      20.559     0.971875     28664256        35.56
      22.191     0.975000     28755949        40.00
      24.191     0.978125     28848339        45.71
      27.647     0.981250     28940427        53.33
      33.375     0.984375     29032574        64.00
      38.943     0.985938     29078657        71.11
      49.119     0.987500     29124634        80.00
      70.271     0.989062     29170690        91.43
     114.879     0.990625     29216761       106.67
     186.751     0.992188     29262813       128.00
     227.711     0.992969     29285917       142.22
     271.871     0.993750     29309001       160.00
     328.703     0.994531     29331980       182.86
     408.319     0.995313     29354992       213.33
     500.991     0.996094     29378038       256.00
     555.007     0.996484     29389548       284.44
     609.791     0.996875     29401159       320.00
     670.207     0.997266     29412592       365.71
     746.495     0.997656     29424168       426.67
     844.799     0.998047     29435649       512.00
     906.751     0.998242     29441403       568.89
     978.943     0.998437     29447160       640.00
    1060.863     0.998633     29452922       731.43
    1157.119     0.998828     29458691       853.33
    1268.735     0.999023     29464464      1024.00
    1339.391     0.999121     29467309      1137.78
    1432.575     0.999219     29470199      1280.00
    1531.903     0.999316     29473086      1462.86
    1632.255     0.999414     29475975      1706.67
    1754.111     0.999512     29478833      2048.00
    1839.103     0.999561     29480278      2275.56
    1921.023     0.999609     29481707      2560.00
    2040.831     0.999658     29483152      2925.71
    2152.447     0.999707     29484594      3413.33
    2295.807     0.999756     29486040      4096.00
    2355.199     0.999780     29486749      4551.11
    2447.359     0.999805     29487473      5120.00
    2510.847     0.999829     29488193      5851.43
    2607.103     0.999854     29488914      6826.67
    2680.831     0.999878     29489638      8192.00
    2715.647     0.999890     29490013      9102.22
    2756.607     0.999902     29490351     10240.00
    2805.759     0.999915     29490715     11702.86
    2873.343     0.999927     29491066     13653.33
    2936.831     0.999939     29491434     16384.00
    2967.551     0.999945     29491606     18204.44
    3004.415     0.999951     29491790     20480.00
    3043.327     0.999957     29491974     23405.71
    3074.047     0.999963     29492148     27306.67
    3104.767     0.999969     29492327     32768.00
    3121.151     0.999973     29492429     36408.89
    3139.583     0.999976     29492509     40960.00
    3158.015     0.999979     29492598     46811.43
    3180.543     0.999982     29492688     54613.33
    3207.167     0.999985     29492781     65536.00
    3229.695     0.999986     29492823     72817.78
    3246.079     0.999988     29492868     81920.00
    3258.367     0.999989     29492916     93622.86
    3268.607     0.999991     29492965    109226.67
    3295.231     0.999992     29493004    131072.00
    3330.047     0.999993     29493024    145635.56
    3342.335     0.999994     29493046    163840.00
    3358.719     0.999995     29493073    187245.71
    3366.911     0.999995     29493091    218453.33
    3383.295     0.999996     29493115    262144.00
    3389.439     0.999997     29493128    291271.11
    3393.535     0.999997     29493138    327680.00
    3401.727     0.999997     29493148    374491.43
    3411.967     0.999998     29493159    436906.67
    3418.111     0.999998     29493170    524288.00
    3428.351     0.999998     29493182    582542.22
    3428.351     0.999998     29493182    655360.00
    3432.447     0.999999     29493189    748982.86
    3434.495     0.999999     29493194    873813.33
    3438.591     0.999999     29493200   1048576.00
    3440.639     0.999999     29493206   1165084.44
    3440.639     0.999999     29493206   1310720.00
    3442.687     0.999999     29493208   1497965.71
    3444.735     0.999999     29493211   1747626.67
    3446.783     1.000000     29493216   2097152.00
    3446.783     1.000000     29493216   2330168.89
    3446.783     1.000000     29493216   2621440.00
    3448.831     1.000000     29493217   2995931.43
    3450.879     1.000000     29493223   3495253.33
    3450.879     1.000000     29493223   4194304.00
    3450.879     1.000000     29493223   4660337.78
    3450.879     1.000000     29493223   5242880.00
    3450.879     1.000000     29493223   5991862.86
    3450.879     1.000000     29493223   6990506.67
    3450.879     1.000000     29493223   8388608.00
    3450.879     1.000000     29493223   9320675.55
    3452.927     1.000000     29493224  10485760.00
    3452.927     1.000000     29493224  11983725.71
    3452.927     1.000000     29493224  13981013.34
    3454.975     1.000000     29493226  16777216.00
    3454.975     1.000000     29493226          inf
#[Mean    =        9.558, StdDeviation   =       78.774]
#[Max     =     3452.928, Total count    =     29493226]
#[Buckets =           27, SubBuckets     =         2048]
----------------------------------------------------------
  29993180 requests in 10.00m, 4.41GB read
Requests/sec:  49988.76
Transfer/sec:      7.53MB
