Running 10m test @ http://localhost:9999/math/plus?x=1&y=2
  16 threads and 400 connections
  Thread calibration: mean lat.: 2.002ms, rate sampling interval: 10ms
  Thread calibration: mean lat.: 1.681ms, rate sampling interval: 10ms
  Thread calibration: mean lat.: 1.813ms, rate sampling interval: 10ms
  Thread calibration: mean lat.: 2.113ms, rate sampling interval: 10ms
  Thread calibration: mean lat.: 2.096ms, rate sampling interval: 10ms
  Thread calibration: mean lat.: 2.028ms, rate sampling interval: 10ms
  Thread calibration: mean lat.: 1.878ms, rate sampling interval: 10ms
  Thread calibration: mean lat.: 1.974ms, rate sampling interval: 10ms
  Thread calibration: mean lat.: 2.027ms, rate sampling interval: 10ms
  Thread calibration: mean lat.: 2.003ms, rate sampling interval: 10ms
  Thread calibration: mean lat.: 1.965ms, rate sampling interval: 10ms
  Thread calibration: mean lat.: 1.991ms, rate sampling interval: 10ms
  Thread calibration: mean lat.: 1.997ms, rate sampling interval: 10ms
  Thread calibration: mean lat.: 1.880ms, rate sampling interval: 10ms
  Thread calibration: mean lat.: 1.922ms, rate sampling interval: 10ms
  Thread calibration: mean lat.: 1.907ms, rate sampling interval: 10ms
  Thread Stats   Avg      Stdev     Max   +/- Stdev
    Latency     1.38ms    1.77ms  75.84ms   96.08%
    Req/Sec     1.98k   501.29     5.67k    68.59%
  Latency Distribution (HdrHistogram - Recorded Latency)
 50.000%    1.10ms
 75.000%    1.57ms
 90.000%    2.30ms
 99.000%    7.71ms
 99.900%   25.44ms
 99.990%   42.78ms
 99.999%   56.70ms
100.000%   75.90ms

  Detailed Percentile spectrum:
       Value   Percentile   TotalCount 1/(1-Percentile)

       0.060     0.000000            1         1.00
       0.416     0.100000      1772119         1.11
       0.619     0.200000      3545490         1.25
       0.790     0.300000      5313575         1.43
       0.948     0.400000      7086692         1.67
       1.097     0.500000      8855366         2.00
       1.172     0.550000      9734420         2.22
       1.254     0.600000     10622426         2.50
       1.343     0.650000     11502704         2.86
       1.448     0.700000     12390287         3.33
       1.574     0.750000     13273395         4.00
       1.648     0.775000     13715900         4.44
       1.734     0.800000     14159341         5.00
       1.834     0.825000     14600396         5.71
       1.955     0.850000     15043111         6.67
       2.107     0.875000     15485479         8.00
       2.199     0.887500     15707567         8.89
       2.301     0.900000     15926723        10.00
       2.419     0.912500     16148999        11.43
       2.555     0.925000     16370308        13.33
       2.717     0.937500     16591543        16.00
       2.811     0.943750     16701797        17.78
       2.917     0.950000     16811834        20.00
       3.043     0.956250     16923595        22.86
       3.199     0.962500     17033540        26.67
       3.429     0.968750     17143900        32.00
       3.605     0.971875     17198533        35.56
       3.875     0.975000     17254081        40.00
       4.299     0.978125     17309164        45.71
       4.899     0.981250     17364660        53.33
       5.679     0.984375     17419743        64.00
       6.167     0.985938     17447450        71.11
       6.707     0.987500     17475142        80.00
       7.299     0.989062     17502751        91.43
       7.995     0.990625     17530416       106.67
       8.911     0.992188     17558126       128.00
       9.511     0.992969     17571907       142.22
      10.231     0.993750     17585627       160.00
      11.103     0.994531     17599448       182.86
      12.135     0.995313     17613331       213.33
      13.503     0.996094     17627100       256.00
      14.447     0.996484     17634012       284.44
      15.559     0.996875     17640930       320.00
      16.767     0.997266     17647894       365.71
      18.127     0.997656     17654811       426.67
      19.647     0.998047     17661692       512.00
      20.559     0.998242     17665174       568.89
      21.599     0.998437     17668602       640.00
      22.863     0.998633     17672054       731.43
      24.175     0.998828     17675493       853.33
      25.615     0.999023     17678960      1024.00
      26.431     0.999121     17680671      1137.78
      27.407     0.999219     17682414      1280.00
      28.655     0.999316     17684140      1462.86
      29.919     0.999414     17685862      1706.67
      31.327     0.999512     17687590      2048.00
      32.031     0.999561     17688448      2275.56
      32.895     0.999609     17689342      2560.00
      33.887     0.999658     17690179      2925.71
      35.103     0.999707     17691042      3413.33
      36.607     0.999756     17691913      4096.00
      37.375     0.999780     17692347      4551.11
      38.175     0.999805     17692775      5120.00
      39.039     0.999829     17693200      5851.43
      40.031     0.999854     17693642      6826.67
      41.407     0.999878     17694081      8192.00
      42.079     0.999890     17694287      9102.22
      42.943     0.999902     17694502     10240.00
      43.743     0.999915     17694715     11702.86
      44.703     0.999927     17694933     13653.33
      45.823     0.999939     17695150     16384.00
      46.431     0.999945     17695254     18204.44
      47.039     0.999951     17695365     20480.00
      47.679     0.999957     17695469     23405.71
      48.703     0.999963     17695577     27306.67
      49.791     0.999969     17695685     32768.00
      50.431     0.999973     17695740     36408.89
      51.103     0.999976     17695792     40960.00
      51.935     0.999979     17695846     46811.43
      52.959     0.999982     17695900     54613.33
      54.271     0.999985     17695956     65536.00
      54.879     0.999986     17695981     72817.78
      55.615     0.999988     17696008     81920.00
      56.191     0.999989     17696035     93622.86
      57.247     0.999991     17696062    109226.67
      58.399     0.999992     17696090    131072.00
      59.135     0.999993     17696103    145635.56
      59.967     0.999994     17696116    163840.00
      60.831     0.999995     17696130    187245.71
      61.855     0.999995     17696143    218453.33
      62.815     0.999996     17696157    262144.00
      63.839     0.999997     17696164    291271.11
      64.351     0.999997     17696171    327680.00
      64.863     0.999997     17696177    374491.43
      65.599     0.999998     17696184    436906.67
      67.647     0.999998     17696192    524288.00
      68.159     0.999998     17696194    582542.22
      68.543     0.999998     17696197    655360.00
      69.695     0.999999     17696201    748982.86
      70.015     0.999999     17696204    873813.33
      71.103     0.999999     17696208   1048576.00
      71.551     0.999999     17696209   1165084.44
      71.871     0.999999     17696211   1310720.00
      72.383     0.999999     17696213   1497965.71
      72.511     0.999999     17696214   1747626.67
      72.575     1.000000     17696216   2097152.00
      72.639     1.000000     17696217   2330168.89
      73.215     1.000000     17696218   2621440.00
      73.279     1.000000     17696219   2995931.43
      73.279     1.000000     17696219   3495253.33
      73.343     1.000000     17696220   4194304.00
      74.047     1.000000     17696221   4660337.78
      74.047     1.000000     17696221   5242880.00
      75.071     1.000000     17696222   5991862.86
      75.071     1.000000     17696222   6990506.67
      75.071     1.000000     17696222   8388608.00
      75.263     1.000000     17696223   9320675.55
      75.263     1.000000     17696223  10485760.00
      75.263     1.000000     17696223  11983725.71
      75.263     1.000000     17696223  13981013.34
      75.263     1.000000     17696223  16777216.00
      75.903     1.000000     17696224  18641351.10
      75.903     1.000000     17696224          inf
#[Mean    =        1.385, StdDeviation   =        1.766]
#[Max     =       75.840, Total count    =     17696224]
#[Buckets =           27, SubBuckets     =         2048]
----------------------------------------------------------
  17997877 requests in 10.00m, 2.65GB read
Requests/sec:  29996.44
Transfer/sec:      4.52MB
