Running 10m test @ http://localhost:9999/math/plus?x=1&y=2
  16 threads and 400 connections
  Thread calibration: mean lat.: 5.437ms, rate sampling interval: 25ms
  Thread calibration: mean lat.: 4.816ms, rate sampling interval: 22ms
  Thread calibration: mean lat.: 5.145ms, rate sampling interval: 24ms
  Thread calibration: mean lat.: 4.996ms, rate sampling interval: 23ms
  Thread calibration: mean lat.: 5.721ms, rate sampling interval: 27ms
  Thread calibration: mean lat.: 5.812ms, rate sampling interval: 25ms
  Thread calibration: mean lat.: 5.407ms, rate sampling interval: 24ms
  Thread calibration: mean lat.: 5.000ms, rate sampling interval: 23ms
  Thread calibration: mean lat.: 5.577ms, rate sampling interval: 26ms
  Thread calibration: mean lat.: 5.462ms, rate sampling interval: 26ms
  Thread calibration: mean lat.: 4.792ms, rate sampling interval: 22ms
  Thread calibration: mean lat.: 6.035ms, rate sampling interval: 28ms
  Thread calibration: mean lat.: 4.842ms, rate sampling interval: 22ms
  Thread calibration: mean lat.: 4.029ms, rate sampling interval: 18ms
  Thread calibration: mean lat.: 4.993ms, rate sampling interval: 23ms
  Thread calibration: mean lat.: 4.836ms, rate sampling interval: 23ms
  Thread Stats   Avg      Stdev     Max   +/- Stdev
    Latency    15.12ms   83.85ms   3.13s    98.18%
    Req/Sec     3.83k   330.68     8.80k    74.67%
  Latency Distribution (HdrHistogram - Recorded Latency)
 50.000%    3.40ms
 75.000%    8.43ms
 90.000%   19.58ms
 99.000%  240.77ms
 99.900%    1.37s 
 99.990%    2.34s 
 99.999%    2.88s 
100.000%    3.13s 

  Detailed Percentile spectrum:
       Value   Percentile   TotalCount 1/(1-Percentile)

       0.095     0.000000            1         1.00
       0.942     0.100000      3543071         1.11
       1.370     0.200000      7085189         1.25
       1.852     0.300000     10621362         1.43
       2.503     0.400000     14161764         1.67
       3.405     0.500000     17700201         2.00
       3.987     0.550000     19467354         2.22
       4.703     0.600000     21242270         2.50
       5.599     0.650000     23006378         2.86
       6.787     0.700000     24776536         3.33
       8.431     0.750000     26546188         4.00
       9.471     0.775000     27430422         4.44
      10.679     0.800000     28319304         5.00
      12.103     0.825000     29200185         5.71
      13.919     0.850000     30084114         6.67
      16.367     0.875000     30970600         8.00
      17.839     0.887500     31411847         8.89
      19.583     0.900000     31855409        10.00
      21.791     0.912500     32297309        11.43
      24.559     0.925000     32739528        13.33
      28.239     0.937500     33182022        16.00
      30.671     0.943750     33401878        17.78
      33.663     0.950000     33624557        20.00
      37.663     0.956250     33844182        22.86
      43.199     0.962500     34065764        26.67
      51.647     0.968750     34287014        32.00
      57.823     0.971875     34397102        35.56
      66.175     0.975000     34508062        40.00
      78.015     0.978125     34618645        45.71
      95.487     0.981250     34729007        53.33
     122.815     0.984375     34839554        64.00
     143.487     0.985938     34895066        71.11
     172.159     0.987500     34950115        80.00
     211.711     0.989062     35005466        91.43
     262.399     0.990625     35060874       106.67
     327.167     0.992188     35115993       128.00
     368.127     0.992969     35143732       142.22
     414.463     0.993750     35171356       160.00
     471.039     0.994531     35198963       182.86
     544.255     0.995313     35226616       213.33
     635.903     0.996094     35254261       256.00
     689.151     0.996484     35268140       284.44
     748.031     0.996875     35281920       320.00
     819.199     0.997266     35295772       365.71
     899.071     0.997656     35309559       426.67
     997.887     0.998047     35323350       512.00
    1055.743     0.998242     35330349       568.89
    1122.303     0.998437     35337228       640.00
    1189.887     0.998633     35344150       731.43
    1281.023     0.998828     35351010       853.33
    1382.399     0.999023     35357934      1024.00
    1439.743     0.999121     35361410      1137.78
    1497.087     0.999219     35364827      1280.00
    1552.383     0.999316     35368318      1462.86
    1608.703     0.999414     35371763      1706.67
    1675.263     0.999512     35375205      2048.00
    1716.223     0.999561     35376928      2275.56
    1771.519     0.999609     35378660      2560.00
    1839.103     0.999658     35380410      2925.71
    1916.927     0.999707     35382109      3413.33
    2020.351     0.999756     35383849      4096.00
    2058.239     0.999780     35384709      4551.11
    2096.127     0.999805     35385572      5120.00
    2136.063     0.999829     35386432      5851.43
    2183.167     0.999854     35387308      6826.67
    2265.087     0.999878     35388168      8192.00
    2306.047     0.999890     35388590      9102.22
    2353.151     0.999902     35389020     10240.00
    2406.399     0.999915     35389451     11702.86
    2469.887     0.999927     35389883     13653.33
    2525.183     0.999939     35390325     16384.00
    2543.615     0.999945     35390541     18204.44
    2568.191     0.999951     35390760     20480.00
    2600.959     0.999957     35390975     23405.71
    2625.535     0.999963     35391192     27306.67
    2650.111     0.999969     35391403     32768.00
    2662.399     0.999973     35391515     36408.89
    2674.687     0.999976     35391618     40960.00
    2695.167     0.999979     35391723     46811.43
    2729.983     0.999982     35391828     54613.33
    2777.087     0.999985     35391936     65536.00
    2807.807     0.999986     35391992     72817.78
    2828.287     0.999988     35392045     81920.00
    2852.863     0.999989     35392097     93622.86
    2904.063     0.999991     35392159    109226.67
    2922.495     0.999992     35392208    131072.00
    2934.783     0.999993     35392238    145635.56
    2949.119     0.999994     35392263    163840.00
    2959.359     0.999995     35392286    187245.71
    2971.647     0.999995     35392317    218453.33
    3008.511     0.999996     35392340    262144.00
    3026.943     0.999997     35392355    291271.11
    3037.183     0.999997     35392368    327680.00
    3045.375     0.999997     35392386    374491.43
    3051.519     0.999998     35392399    436906.67
    3055.615     0.999998     35392408    524288.00
    3059.711     0.999998     35392423    582542.22
    3059.711     0.999998     35392423    655360.00
    3063.807     0.999999     35392430    748982.86
    3067.903     0.999999     35392435    873813.33
    3074.047     0.999999     35392442   1048576.00
    3090.431     0.999999     35392445   1165084.44
    3098.623     0.999999     35392452   1310720.00
    3098.623     0.999999     35392452   1497965.71
    3102.719     0.999999     35392456   1747626.67
    3106.815     1.000000     35392460   2097152.00
    3106.815     1.000000     35392460   2330168.89
    3110.911     1.000000     35392462   2621440.00
    3112.959     1.000000     35392464   2995931.43
    3115.007     1.000000     35392465   3495253.33
    3121.151     1.000000     35392467   4194304.00
    3123.199     1.000000     35392470   4660337.78
    3123.199     1.000000     35392470   5242880.00
    3123.199     1.000000     35392470   5991862.86
    3123.199     1.000000     35392470   6990506.67
    3125.247     1.000000     35392472   8388608.00
    3125.247     1.000000     35392472   9320675.55
    3125.247     1.000000     35392472  10485760.00
    3127.295     1.000000     35392474  11983725.71
    3127.295     1.000000     35392474  13981013.34
    3127.295     1.000000     35392474  16777216.00
    3127.295     1.000000     35392474  18641351.10
    3127.295     1.000000     35392474  20971519.98
    3127.295     1.000000     35392474  23967451.45
    3127.295     1.000000     35392474  27962026.68
    3127.295     1.000000     35392474  33554432.00
    3129.343     1.000000     35392475  37282702.28
    3129.343     1.000000     35392475          inf
#[Mean    =       15.123, StdDeviation   =       83.853]
#[Max     =     3127.296, Total count    =     35392475]
#[Buckets =           27, SubBuckets     =         2048]
----------------------------------------------------------
  35991929 requests in 10.00m, 5.30GB read
Requests/sec:  59986.69
Transfer/sec:      9.04MB
