Running 10m test @ http://localhost:9999/math/plus?x=1&y=2
  16 threads and 400 connections
  Thread calibration: mean lat.: 388.573ms, rate sampling interval: 2230ms
  Thread calibration: mean lat.: 410.099ms, rate sampling interval: 1855ms
  Thread calibration: mean lat.: 480.228ms, rate sampling interval: 2445ms
  Thread calibration: mean lat.: 542.699ms, rate sampling interval: 2807ms
  Thread calibration: mean lat.: 456.123ms, rate sampling interval: 2492ms
  Thread calibration: mean lat.: 430.766ms, rate sampling interval: 2320ms
  Thread calibration: mean lat.: 544.988ms, rate sampling interval: 2895ms
  Thread calibration: mean lat.: 409.463ms, rate sampling interval: 2308ms
  Thread calibration: mean lat.: 423.332ms, rate sampling interval: 2105ms
  Thread calibration: mean lat.: 403.751ms, rate sampling interval: 2250ms
  Thread calibration: mean lat.: 400.687ms, rate sampling interval: 2578ms
  Thread calibration: mean lat.: 536.051ms, rate sampling interval: 2803ms
  Thread calibration: mean lat.: 301.031ms, rate sampling interval: 1712ms
  Thread calibration: mean lat.: 405.102ms, rate sampling interval: 2308ms
  Thread calibration: mean lat.: 379.461ms, rate sampling interval: 2023ms
  Thread calibration: mean lat.: 719.699ms, rate sampling interval: 3512ms
  Thread Stats   Avg      Stdev     Max   +/- Stdev
    Latency    35.57s    42.43s    5.09m    85.29%
    Req/Sec     2.73k   167.34     3.37k    68.71%
  Latency Distribution (HdrHistogram - Recorded Latency)
 50.000%   22.25s 
 75.000%    1.00m 
 90.000%    1.51m 
 99.000%    3.16m 
 99.900%    4.38m 
 99.990%    4.83m 
 99.999%    5.06m 
100.000%    5.09m 

  Detailed Percentile spectrum:
       Value   Percentile   TotalCount 1/(1-Percentile)

       0.115     0.000000            1         1.00
      56.191     0.100000      2564196         1.11
     244.863     0.200000      5127380         1.25
     923.135     0.300000      7690965         1.43
    9740.287     0.400000     10254411         1.67
   22249.471     0.500000     12819917         2.00
   27983.871     0.550000     14101332         2.22
   33947.647     0.600000     15382246         2.50
   40992.767     0.650000     16666479         2.86
   50135.039     0.700000     17946863         3.33
   59736.063     0.750000     19228987         4.00
   64258.047     0.775000     19870261         4.44
   68419.583     0.800000     20514461         5.00
   72810.495     0.825000     21156413         5.71
   77463.551     0.850000     21792541         6.67
   83296.255     0.875000     22436557         8.00
   86507.519     0.887500     22753338         8.89
   90308.607     0.900000     23072205        10.00
   94306.303     0.912500     23393613        11.43
   98762.751     0.925000     23712931        13.33
  104136.703     0.937500     24033638        16.00
  107675.647     0.943750     24193516        17.78
  112001.023     0.950000     24353571        20.00
  117309.439     0.956250     24514481        22.86
  124846.079     0.962500     24675302        26.67
  133955.583     0.968750     24834928        32.00
  139198.463     0.971875     24914328        35.56
  144965.631     0.975000     24994807        40.00
  151912.447     0.978125     25075161        45.71
  159645.695     0.981250     25155050        53.33
  168689.663     0.984375     25235671        64.00
  173801.471     0.985938     25275172        71.11
  179568.639     0.987500     25315190        80.00
  185860.095     0.989062     25355543        91.43
  192675.839     0.990625     25395378       106.67
  200671.231     0.992188     25435513       128.00
  205127.679     0.992969     25455343       142.22
  210239.487     0.993750     25475263       160.00
  216137.727     0.994531     25495347       182.86
  221773.823     0.995313     25515533       213.33
  228065.279     0.996094     25535538       256.00
  231997.439     0.996484     25545426       284.44
  235798.527     0.996875     25555200       320.00
  239861.759     0.997266     25565387       365.71
  244187.135     0.997656     25575336       426.67
  248905.727     0.998047     25585441       512.00
  251396.095     0.998242     25590407       568.89
  253755.391     0.998437     25595469       640.00
  256114.687     0.998633     25600283       731.43
  259391.487     0.998828     25605342       853.33
  263061.503     0.999023     25610275      1024.00
  264896.511     0.999121     25612789      1137.78
  266600.447     0.999219     25615438      1280.00
  268959.743     0.999316     25617959      1462.86
  271319.039     0.999414     25620333      1706.67
  274202.623     0.999512     25623017      2048.00
  275251.199     0.999561     25624086      2275.56
  276561.919     0.999609     25625346      2560.00
  277872.639     0.999658     25626559      2925.71
  279445.503     0.999707     25627986      3413.33
  281280.511     0.999756     25629117      4096.00
  282329.087     0.999780     25629704      4551.11
  283639.807     0.999805     25630438      5120.00
  284950.527     0.999829     25631063      5851.43
  286261.247     0.999854     25631554      6826.67
  288096.255     0.999878     25632262      8192.00
  288882.687     0.999890     25632532      9102.22
  289931.263     0.999902     25632861     10240.00
  290979.839     0.999915     25633172     11702.86
  292552.703     0.999927     25633495     13653.33
  293863.423     0.999939     25633774     16384.00
  295174.143     0.999945     25633905     18204.44
  296747.007     0.999951     25634060     20480.00
  297533.439     0.999957     25634223     23405.71
  298844.159     0.999963     25634371     27306.67
  299892.735     0.999969     25634534     32768.00
  300417.023     0.999973     25634621     36408.89
  301203.455     0.999976     25634706     40960.00
  301727.743     0.999979     25634780     46811.43
  302252.031     0.999982     25634856     54613.33
  302776.319     0.999985     25634928     65536.00
  303038.463     0.999986     25634967     72817.78
  303300.607     0.999988     25635094     81920.00
  303300.607     0.999989     25635094     93622.86
  303300.607     0.999991     25635094    109226.67
  303824.895     0.999992     25635147    131072.00
  303824.895     0.999993     25635147    145635.56
  304087.039     0.999994     25635178    163840.00
  304087.039     0.999995     25635178    187245.71
  304349.183     0.999995     25635205    218453.33
  304611.327     0.999996     25635229    262144.00
  304611.327     0.999997     25635229    291271.11
  304873.471     0.999997     25635268    327680.00
  304873.471     0.999997     25635268    374491.43
  304873.471     0.999998     25635268    436906.67
  304873.471     0.999998     25635268    524288.00
  304873.471     0.999998     25635268    582542.22
  305135.615     0.999998     25635306    655360.00
  305135.615     0.999999     25635306    748982.86
  305135.615     0.999999     25635306    873813.33
  305135.615     0.999999     25635306   1048576.00
  305135.615     0.999999     25635306   1165084.44
  305135.615     0.999999     25635306   1310720.00
  305135.615     0.999999     25635306   1497965.71
  305135.615     0.999999     25635306   1747626.67
  305135.615     1.000000     25635306   2097152.00
  305135.615     1.000000     25635306   2330168.89
  305135.615     1.000000     25635306   2621440.00
  305135.615     1.000000     25635306   2995931.43
  305135.615     1.000000     25635306   3495253.33
  305135.615     1.000000     25635306   4194304.00
  305135.615     1.000000     25635306   4660337.78
  305135.615     1.000000     25635306   5242880.00
  305135.615     1.000000     25635306   5991862.86
  305135.615     1.000000     25635306   6990506.67
  305135.615     1.000000     25635306   8388608.00
  305397.759     1.000000     25635309   9320675.55
  305397.759     1.000000     25635309          inf
#[Mean    =    35572.089, StdDeviation   =    42431.535]
#[Max     =   305135.616, Total count    =     25635309]
#[Buckets =           27, SubBuckets     =         2048]
----------------------------------------------------------
  26080312 requests in 10.00m, 3.84GB read
Requests/sec:  43467.28
Transfer/sec:      6.55MB
