Running 10m test @ http://localhost:9999/math/plus?x=1&y=2
  16 threads and 400 connections
  Thread calibration: mean lat.: 273.209ms, rate sampling interval: 1812ms
  Thread calibration: mean lat.: 289.394ms, rate sampling interval: 1813ms
  Thread calibration: mean lat.: 448.233ms, rate sampling interval: 2414ms
  Thread calibration: mean lat.: 261.191ms, rate sampling interval: 1640ms
  Thread calibration: mean lat.: 192.883ms, rate sampling interval: 1172ms
  Thread calibration: mean lat.: 341.483ms, rate sampling interval: 1780ms
  Thread calibration: mean lat.: 262.886ms, rate sampling interval: 1563ms
  Thread calibration: mean lat.: 325.826ms, rate sampling interval: 2095ms
  Thread calibration: mean lat.: 338.113ms, rate sampling interval: 1948ms
  Thread calibration: mean lat.: 340.765ms, rate sampling interval: 1998ms
  Thread calibration: mean lat.: 352.389ms, rate sampling interval: 2392ms
  Thread calibration: mean lat.: 328.085ms, rate sampling interval: 1789ms
  Thread calibration: mean lat.: 292.738ms, rate sampling interval: 1606ms
  Thread calibration: mean lat.: 229.733ms, rate sampling interval: 1443ms
  Thread calibration: mean lat.: 234.621ms, rate sampling interval: 1265ms
  Thread calibration: mean lat.: 274.112ms, rate sampling interval: 1631ms
  Thread Stats   Avg      Stdev     Max   +/- Stdev
    Latency    25.06s    40.77s    5.52m    86.90%
    Req/Sec     2.82k   188.80     3.62k    68.89%
  Latency Distribution (HdrHistogram - Recorded Latency)
 50.000%    5.35s 
 75.000%   33.59s 
 90.000%    1.38m 
 99.000%    3.02m 
 99.900%    4.32m 
 99.990%    5.17m 
 99.999%    5.48m 
100.000%    5.53m 

  Detailed Percentile spectrum:
       Value   Percentile   TotalCount 1/(1-Percentile)

       0.108     0.000000            1         1.00
      20.815     0.100000      2658807         1.11
     112.063     0.200000      5316054         1.25
     436.223     0.300000      7974049         1.43
    1770.495     0.400000     10631615         1.67
    5353.471     0.500000     13290432         2.00
    8478.719     0.550000     14620129         2.22
   12533.759     0.600000     15948628         2.50
   17186.815     0.650000     17276376         2.86
   23953.407     0.700000     18605196         3.33
   33587.199     0.750000     19937323         4.00
   38436.863     0.775000     20599649         4.44
   43188.223     0.800000     21264999         5.00
   48824.319     0.825000     21929869         5.71
   57376.767     0.850000     22592818         6.67
   69009.407     0.875000     23257324         8.00
   75890.687     0.887500     23589805         8.89
   82575.359     0.900000     23921944        10.00
   90243.071     0.912500     24253530        11.43
   98828.287     0.925000     24586994        13.33
  107872.255     0.937500     24917466        16.00
  112918.527     0.943750     25083372        17.78
  117702.655     0.950000     25249468        20.00
  122814.463     0.956250     25415752        22.86
  128516.095     0.962500     25583129        26.67
  133758.975     0.968750     25749133        32.00
  137232.383     0.971875     25831455        35.56
  141688.831     0.975000     25915177        40.00
  147062.783     0.978125     25997255        45.71
  153092.095     0.981250     26079981        53.33
  161742.847     0.984375     26163220        64.00
  166330.367     0.985938     26204525        71.11
  171704.319     0.987500     26246212        80.00
  177733.631     0.989062     26288139        91.43
  184418.303     0.990625     26329560       106.67
  192282.623     0.992188     26370766       128.00
  196870.143     0.992969     26391621       142.22
  201457.663     0.993750     26412167       160.00
  206438.399     0.994531     26433340       182.86
  211943.423     0.995313     26453799       213.33
  217972.735     0.996094     26474474       256.00
  221642.751     0.996484     26484728       284.44
  226230.271     0.996875     26495339       320.00
  230686.719     0.997266     26505608       365.71
  235405.311     0.997656     26516009       426.67
  240648.191     0.998047     26526429       512.00
  243662.847     0.998242     26531600       568.89
  247201.791     0.998437     26536753       640.00
  250609.663     0.998633     26541807       731.43
  254935.039     0.998828     26547016       853.33
  259784.703     0.999023     26552202      1024.00
  262143.999     0.999121     26554892      1137.78
  265158.655     0.999219     26557386      1280.00
  269484.031     0.999316     26560073      1462.86
  273678.335     0.999414     26562690      1706.67
  278134.783     0.999512     26565343      2048.00
  279969.791     0.999561     26566553      2275.56
  282066.943     0.999609     26567875      2560.00
  284426.239     0.999658     26569098      2925.71
  287309.823     0.999707     26570393      3413.33
  291766.271     0.999756     26571683      4096.00
  295174.143     0.999780     26572306      4551.11
  298319.871     0.999805     26572977      5120.00
  301203.455     0.999829     26573603      5851.43
  304349.183     0.999854     26574257      6826.67
  307494.911     0.999878     26574947      8192.00
  308805.631     0.999890     26575226      9102.22
  310640.639     0.999902     26575580     10240.00
  312213.503     0.999915     26575917     11702.86
  313524.223     0.999927     26576216     13653.33
  316407.807     0.999939     26576525     16384.00
  317718.527     0.999945     26576702     18204.44
  319553.535     0.999951     26576850     20480.00
  320864.255     0.999957     26577023     23405.71
  322174.975     0.999963     26577181     27306.67
  324009.983     0.999969     26577336     32768.00
  324796.415     0.999973     26577447     36408.89
  325582.847     0.999976     26577533     40960.00
  325844.991     0.999979     26577587     46811.43
  326631.423     0.999982     26577656     54613.33
  327417.855     0.999985     26577746     65536.00
  327942.143     0.999986     26577783     72817.78
  328466.431     0.999988     26577828     81920.00
  328728.575     0.999989     26577864     93622.86
  329252.863     0.999991     26577915    109226.67
  329515.007     0.999992     26577949    131072.00
  329777.151     0.999993     26577967    145635.56
  330039.295     0.999994     26577987    163840.00
  330301.439     0.999995     26578013    187245.71
  330563.583     0.999995     26578051    218453.33
  330563.583     0.999996     26578051    262144.00
  330563.583     0.999997     26578051    291271.11
  330825.727     0.999997     26578082    327680.00
  330825.727     0.999997     26578082    374491.43
  330825.727     0.999998     26578082    436906.67
  331087.871     0.999998     26578108    524288.00
  331087.871     0.999998     26578108    582542.22
  331087.871     0.999998     26578108    655360.00
  331087.871     0.999999     26578108    748982.86
  331350.015     0.999999     26578132    873813.33
  331350.015     0.999999     26578132   1048576.00
  331350.015     0.999999     26578132   1165084.44
  331350.015     0.999999     26578132   1310720.00
  331350.015     0.999999     26578132   1497965.71
  331350.015     0.999999     26578132   1747626.67
  331350.015     1.000000     26578132   2097152.00
  331350.015     1.000000     26578132   2330168.89
  331350.015     1.000000     26578132   2621440.00
  331350.015     1.000000     26578132   2995931.43
  331612.159     1.000000     26578140   3495253.33
  331612.159     1.000000     26578140          inf
#[Mean    =    25062.306, StdDeviation   =    40765.409]
#[Max     =   331350.016, Total count    =     26578140]
#[Buckets =           27, SubBuckets     =         2048]
----------------------------------------------------------
  27037171 requests in 10.00m, 3.98GB read
Requests/sec:  45061.76
Transfer/sec:      6.79MB
