Running 10m test @ http://localhost:9999/math/plus?x=1&y=2
  16 threads and 400 connections
  Thread calibration: mean lat.: 1472.990ms, rate sampling interval: 6615ms
  Thread calibration: mean lat.: 1261.908ms, rate sampling interval: 5677ms
  Thread calibration: mean lat.: 1346.083ms, rate sampling interval: 5861ms
  Thread calibration: mean lat.: 1244.403ms, rate sampling interval: 5586ms
  Thread calibration: mean lat.: 1275.327ms, rate sampling interval: 5586ms
  Thread calibration: mean lat.: 1299.259ms, rate sampling interval: 5795ms
  Thread calibration: mean lat.: 1263.331ms, rate sampling interval: 5640ms
  Thread calibration: mean lat.: 1304.616ms, rate sampling interval: 5861ms
  Thread calibration: mean lat.: 1068.631ms, rate sampling interval: 5349ms
  Thread calibration: mean lat.: 1396.686ms, rate sampling interval: 6283ms
  Thread calibration: mean lat.: 1106.531ms, rate sampling interval: 5189ms
  Thread calibration: mean lat.: 1374.948ms, rate sampling interval: 5853ms
  Thread calibration: mean lat.: 1292.652ms, rate sampling interval: 5619ms
  Thread calibration: mean lat.: 915.677ms, rate sampling interval: 4562ms
  Thread calibration: mean lat.: 1619.797ms, rate sampling interval: 6684ms
  Thread calibration: mean lat.: 1250.631ms, rate sampling interval: 5660ms
  Thread Stats   Avg      Stdev     Max   +/- Stdev
    Latency     1.59m     1.08m    6.64m    66.39%
    Req/Sec     2.53k   134.27     3.09k    71.91%
  Latency Distribution (HdrHistogram - Recorded Latency)
 50.000%    1.42m 
 75.000%    2.26m 
 90.000%    3.12m 
 99.000%    4.54m 
 99.900%    5.62m 
 99.990%    6.29m 
 99.999%    6.59m 
100.000%    6.64m 

  Detailed Percentile spectrum:
       Value   Percentile   TotalCount 1/(1-Percentile)

       0.928     0.000000            1         1.00
   19185.663     0.100000      2378073         1.11
   34963.455     0.200000      4755341         1.25
   51412.991     0.300000      7135000         1.43
   66945.023     0.400000      9510111         1.67
   84934.655     0.500000     11884903         2.00
   94502.911     0.550000     13078818         2.22
  104136.703     0.600000     14267660         2.50
  114098.175     0.650000     15455011         2.86
  124125.183     0.700000     16637791         3.33
  135397.375     0.750000     17832911         4.00
  140902.399     0.775000     18424402         4.44
  147718.143     0.800000     19022476         5.00
  155582.463     0.825000     19610222         5.71
  165019.647     0.850000     20207075         6.67
  175505.407     0.875000     20803613         8.00
  180879.359     0.887500     21097775         8.89
  187170.815     0.900000     21392061        10.00
  194117.631     0.912500     21690157        11.43
  202244.095     0.925000     21990231        13.33
  210763.775     0.937500     22286034        16.00
  215089.151     0.943750     22434726        17.78
  219807.743     0.950000     22581835        20.00
  224788.479     0.956250     22728664        22.86
  231079.935     0.962500     22879387        26.67
  237895.679     0.968750     23027193        32.00
  241565.695     0.971875     23100163        35.56
  245628.927     0.975000     23176616        40.00
  249692.159     0.978125     23249685        45.71
  253755.391     0.981250     23323470        53.33
  257949.695     0.984375     23396925        64.00
  261095.423     0.985938     23434976        71.11
  264765.439     0.987500     23471156        80.00
  269484.031     0.989062     23508884        91.43
  274726.911     0.990625     23545969       106.67
  280756.223     0.992188     23582877       128.00
  284426.239     0.992969     23601573       142.22
  288620.543     0.993750     23620460       160.00
  293076.991     0.994531     23638859       182.86
  297795.583     0.995313     23656940       213.33
  303300.607     0.996094     23675821       256.00
  306184.191     0.996484     23685033       284.44
  309592.063     0.996875     23694285       320.00
  313262.079     0.997266     23703677       365.71
  317194.239     0.997656     23712794       426.67
  321388.543     0.998047     23721953       512.00
  324272.127     0.998242     23726661       568.89
  327155.711     0.998437     23731179       640.00
  330039.295     0.998633     23735885       731.43
  333447.167     0.998828     23740656       853.33
  337641.471     0.999023     23745106      1024.00
  340262.911     0.999121     23747500      1137.78
  342884.351     0.999219     23749686      1280.00
  345767.935     0.999316     23752182      1462.86
  349175.807     0.999414     23754468      1706.67
  352583.679     0.999512     23756758      2048.00
  354418.687     0.999561     23757892      2275.56
  356515.839     0.999609     23759058      2560.00
  358875.135     0.999658     23760171      2925.71
  361758.719     0.999707     23761333      3413.33
  365166.591     0.999756     23762472      4096.00
  366739.455     0.999780     23763075      4551.11
  368574.463     0.999805     23763673      5120.00
  370147.327     0.999829     23764235      5851.43
  372506.623     0.999854     23764820      6826.67
  374865.919     0.999878     23765395      8192.00
  376176.639     0.999890     23765664      9102.22
  377487.359     0.999902     23765941     10240.00
  379322.367     0.999915     23766231     11702.86
  380633.087     0.999927     23766500     13653.33
  382468.095     0.999939     23766791     16384.00
  383516.671     0.999945     23766959     18204.44
  384303.103     0.999951     23767081     20480.00
  386138.111     0.999957     23767223     23405.71
  387710.975     0.999963     23767372     27306.67
  390070.271     0.999969     23767520     32768.00
  390856.703     0.999973     23767592     36408.89
  391643.135     0.999976     23767662     40960.00
  392429.567     0.999979     23767747     46811.43
  393215.999     0.999982     23767814     54613.33
  393740.287     0.999985     23767877     65536.00
  394264.575     0.999986     23767912     72817.78
  394788.863     0.999988     23767949     81920.00
  395313.151     0.999989     23767998     93622.86
  395575.295     0.999991     23768023    109226.67
  396361.727     0.999992     23768067    131072.00
  396623.871     0.999993     23768102    145635.56
  396623.871     0.999994     23768102    163840.00
  396886.015     0.999995     23768117    187245.71
  397148.159     0.999995     23768135    218453.33
  397410.303     0.999996     23768153    262144.00
  397672.447     0.999997     23768179    291271.11
  397672.447     0.999997     23768179    327680.00
  397672.447     0.999997     23768179    374491.43
  397934.591     0.999998     23768203    436906.67
  397934.591     0.999998     23768203    524288.00
  397934.591     0.999998     23768203    582542.22
  397934.591     0.999998     23768203    655360.00
  398196.735     0.999999     23768234    748982.86
  398196.735     0.999999     23768234    873813.33
  398196.735     0.999999     23768234   1048576.00
  398196.735     0.999999     23768234   1165084.44
  398196.735     0.999999     23768234   1310720.00
  398196.735     0.999999     23768234   1497965.71
  398196.735     0.999999     23768234   1747626.67
  398196.735     1.000000     23768234   2097152.00
  398196.735     1.000000     23768234   2330168.89
  398196.735     1.000000     23768234   2621440.00
  398196.735     1.000000     23768234   2995931.43
  398196.735     1.000000     23768234   3495253.33
  398196.735     1.000000     23768234   4194304.00
  398196.735     1.000000     23768234   4660337.78
  398196.735     1.000000     23768234   5242880.00
  398196.735     1.000000     23768234   5991862.86
  398196.735     1.000000     23768234   6990506.67
  398196.735     1.000000     23768234   8388608.00
  398196.735     1.000000     23768234   9320675.55
  398196.735     1.000000     23768234  10485760.00
  398196.735     1.000000     23768234  11983725.71
  398196.735     1.000000     23768234  13981013.34
  398196.735     1.000000     23768234  16777216.00
  398196.735     1.000000     23768234  18641351.10
  398196.735     1.000000     23768234  20971519.98
  398458.879     1.000000     23768235  23967451.45
  398458.879     1.000000     23768235          inf
#[Mean    =    95333.845, StdDeviation   =    64916.254]
#[Max     =   398196.736, Total count    =     23768235]
#[Buckets =           27, SubBuckets     =         2048]
----------------------------------------------------------
  24175208 requests in 10.00m, 3.56GB read
Requests/sec:  40292.11
Transfer/sec:      6.07MB
