Running 10m test @ http://localhost:9999/math/plus?x=1&y=2
  16 threads and 400 connections
  Thread calibration: mean lat.: 4.131ms, rate sampling interval: 18ms
  Thread calibration: mean lat.: 4.439ms, rate sampling interval: 19ms
  Thread calibration: mean lat.: 1.767ms, rate sampling interval: 10ms
  Thread calibration: mean lat.: 1.752ms, rate sampling interval: 10ms
  Thread calibration: mean lat.: 4.095ms, rate sampling interval: 18ms
  Thread calibration: mean lat.: 4.741ms, rate sampling interval: 20ms
  Thread calibration: mean lat.: 4.451ms, rate sampling interval: 18ms
  Thread calibration: mean lat.: 4.435ms, rate sampling interval: 19ms
  Thread calibration: mean lat.: 4.456ms, rate sampling interval: 19ms
  Thread calibration: mean lat.: 5.437ms, rate sampling interval: 22ms
  Thread calibration: mean lat.: 4.803ms, rate sampling interval: 20ms
  Thread calibration: mean lat.: 4.632ms, rate sampling interval: 19ms
  Thread calibration: mean lat.: 4.714ms, rate sampling interval: 19ms
  Thread calibration: mean lat.: 5.586ms, rate sampling interval: 23ms
  Thread calibration: mean lat.: 4.437ms, rate sampling interval: 19ms
  Thread calibration: mean lat.: 4.441ms, rate sampling interval: 19ms
  Thread Stats   Avg      Stdev     Max   +/- Stdev
    Latency     4.28ms    3.64ms  56.80ms   84.11%
    Req/Sec   644.79    621.87     2.78k    71.87%
  Latency Distribution (HdrHistogram - Recorded Latency)
 50.000%    3.02ms
 75.000%    5.79ms
 90.000%    9.22ms
 99.000%   16.94ms
 99.900%   24.61ms
 99.990%   32.03ms
 99.999%   39.29ms
100.000%   56.83ms

  Detailed Percentile spectrum:
       Value   Percentile   TotalCount 1/(1-Percentile)

       0.090     0.000000            1         1.00
       1.138     0.100000       590063         1.11
       1.518     0.200000      1180261         1.25
       1.887     0.300000      1770866         1.43
       2.355     0.400000      2360011         1.67
       3.021     0.500000      2949791         2.00
       3.441     0.550000      3245049         2.22
       3.917     0.600000      3539241         2.50
       4.451     0.650000      3834595         2.86
       5.071     0.700000      4130370         3.33
       5.787     0.750000      4424305         4.00
       6.195     0.775000      4571625         4.44
       6.639     0.800000      4719957         5.00
       7.115     0.825000      4866793         5.71
       7.651     0.850000      5014350         6.67
       8.319     0.875000      5162412         8.00
       8.735     0.887500      5236040         8.89
       9.215     0.900000      5309456        10.00
       9.751     0.912500      5382809        11.43
      10.359     0.925000      5456888        13.33
      11.039     0.937500      5530644        16.00
      11.415     0.943750      5567223        17.78
      11.831     0.950000      5604195        20.00
      12.271     0.956250      5641210        22.86
      12.751     0.962500      5677977        26.67
      13.295     0.968750      5714386        32.00
      13.615     0.971875      5732927        35.56
      13.975     0.975000      5751534        40.00
      14.383     0.978125      5769715        45.71
      14.879     0.981250      5788077        53.33
      15.471     0.984375      5806562        64.00
      15.823     0.985938      5815719        71.11
      16.207     0.987500      5824982        80.00
      16.655     0.989062      5834303        91.43
      17.167     0.990625      5843616       106.67
      17.775     0.992188      5852698       128.00
      18.143     0.992969      5857344       142.22
      18.559     0.993750      5861891       160.00
      19.039     0.994531      5866450       182.86
      19.615     0.995313      5871121       213.33
      20.239     0.996094      5875699       256.00
      20.591     0.996484      5877974       284.44
      20.975     0.996875      5880281       320.00
      21.407     0.997266      5882584       365.71
      21.903     0.997656      5884847       426.67
      22.511     0.998047      5887175       512.00
      22.847     0.998242      5888313       568.89
      23.215     0.998437      5889453       640.00
      23.647     0.998633      5890608       731.43
      24.127     0.998828      5891740       853.33
      24.687     0.999023      5892907      1024.00
      25.039     0.999121      5893475      1137.78
      25.439     0.999219      5894045      1280.00
      25.903     0.999316      5894630      1462.86
      26.415     0.999414      5895213      1706.67
      27.071     0.999512      5895774      2048.00
      27.423     0.999561      5896068      2275.56
      27.855     0.999609      5896358      2560.00
      28.255     0.999658      5896644      2925.71
      28.815     0.999707      5896924      3413.33
      29.439     0.999756      5897213      4096.00
      29.807     0.999780      5897357      4551.11
      30.223     0.999805      5897501      5120.00
      30.687     0.999829      5897646      5851.43
      31.119     0.999854      5897789      6826.67
      31.567     0.999878      5897932      8192.00
      31.823     0.999890      5898004      9102.22
      32.111     0.999902      5898079     10240.00
      32.575     0.999915      5898149     11702.86
      33.119     0.999927      5898220     13653.33
      33.823     0.999939      5898292     16384.00
      34.271     0.999945      5898329     18204.44
      34.623     0.999951      5898367     20480.00
      35.039     0.999957      5898401     23405.71
      35.423     0.999963      5898437     27306.67
      35.871     0.999969      5898472     32768.00
      36.159     0.999973      5898490     36408.89
      36.447     0.999976      5898510     40960.00
      36.831     0.999979      5898526     46811.43
      37.279     0.999982      5898544     54613.33
      37.951     0.999985      5898562     65536.00
      38.399     0.999986      5898572     72817.78
      38.623     0.999988      5898581     81920.00
      39.103     0.999989      5898589     93622.86
      39.775     0.999991      5898598    109226.67
      40.639     0.999992      5898608    131072.00
      40.959     0.999993      5898612    145635.56
      42.431     0.999994      5898616    163840.00
      43.071     0.999995      5898621    187245.71
      43.775     0.999995      5898625    218453.33
      44.895     0.999996      5898630    262144.00
      45.311     0.999997      5898632    291271.11
      45.535     0.999997      5898634    327680.00
      47.231     0.999997      5898637    374491.43
      47.679     0.999998      5898639    436906.67
      47.903     0.999998      5898641    524288.00
      48.127     0.999998      5898642    582542.22
      48.447     0.999998      5898643    655360.00
      49.247     0.999999      5898645    748982.86
      49.407     0.999999      5898646    873813.33
      50.687     0.999999      5898647   1048576.00
      50.687     0.999999      5898647   1165084.44
      50.847     0.999999      5898648   1310720.00
      51.455     0.999999      5898649   1497965.71
      51.455     0.999999      5898649   1747626.67
      51.871     1.000000      5898650   2097152.00
      51.871     1.000000      5898650   2330168.89
      51.871     1.000000      5898650   2621440.00
      53.535     1.000000      5898651   2995931.43
      53.535     1.000000      5898651   3495253.33
      53.535     1.000000      5898651   4194304.00
      53.535     1.000000      5898651   4660337.78
      53.535     1.000000      5898651   5242880.00
      56.831     1.000000      5898652   5991862.86
      56.831     1.000000      5898652          inf
#[Mean    =        4.283, StdDeviation   =        3.644]
#[Max     =       56.800, Total count    =      5898652]
#[Buckets =           27, SubBuckets     =         2048]
----------------------------------------------------------
  5997052 requests in 10.00m, 0.88GB read
Requests/sec:   9994.96
Transfer/sec:      1.51MB
