Running 10m test @ http://localhost:9999/math/plus?x=1&y=2
  16 threads and 400 connections
  Thread calibration: mean lat.: 75.079ms, rate sampling interval: 253ms
  Thread calibration: mean lat.: 73.138ms, rate sampling interval: 192ms
  Thread calibration: mean lat.: 52.574ms, rate sampling interval: 144ms
  Thread calibration: mean lat.: 72.119ms, rate sampling interval: 248ms
  Thread calibration: mean lat.: 132.370ms, rate sampling interval: 507ms
  Thread calibration: mean lat.: 60.151ms, rate sampling interval: 148ms
  Thread calibration: mean lat.: 28.436ms, rate sampling interval: 146ms
  Thread calibration: mean lat.: 38.847ms, rate sampling interval: 156ms
  Thread calibration: mean lat.: 53.140ms, rate sampling interval: 123ms
  Thread calibration: mean lat.: 21.701ms, rate sampling interval: 115ms
  Thread calibration: mean lat.: 30.297ms, rate sampling interval: 158ms
  Thread calibration: mean lat.: 46.596ms, rate sampling interval: 205ms
  Thread calibration: mean lat.: 29.267ms, rate sampling interval: 163ms
  Thread calibration: mean lat.: 26.786ms, rate sampling interval: 137ms
  Thread calibration: mean lat.: 45.034ms, rate sampling interval: 167ms
  Thread calibration: mean lat.: 38.068ms, rate sampling interval: 144ms
  Thread Stats   Avg      Stdev     Max   +/- Stdev
    Latency   578.10ms    4.77s    1.70m    98.21%
    Req/Sec     3.76k   187.32     5.49k    75.41%
  Latency Distribution (HdrHistogram - Recorded Latency)
 50.000%   10.09ms
 75.000%   34.72ms
 90.000%  146.94ms
 99.000%   16.18s 
 99.900%    1.27m 
 99.990%    1.63m 
 99.999%    1.70m 
100.000%    1.70m 

  Detailed Percentile spectrum:
       Value   Percentile   TotalCount 1/(1-Percentile)

       0.096     0.000000            1         1.00
       1.276     0.100000      3536608         1.11
       2.229     0.200000      7069442         1.25
       3.771     0.300000     10601959         1.43
       6.207     0.400000     14135671         1.67
      10.087     0.500000     17668445         2.00
      12.719     0.550000     19432959         2.22
      16.055     0.600000     21199923         2.50
      20.335     0.650000     22966278         2.86
      26.175     0.700000     24732323         3.33
      34.719     0.750000     26498662         4.00
      40.735     0.775000     27382242         4.44
      48.735     0.800000     28266308         5.00
      59.711     0.825000     29149197         5.71
      75.647     0.850000     30033996         6.67
     100.863     0.875000     30915776         8.00
     119.999     0.887500     31356726         8.89
     146.943     0.900000     31799117        10.00
     187.007     0.912500     32239695        11.43
     251.519     0.925000     32681259        13.33
     366.079     0.937500     33122887        16.00
     456.191     0.943750     33343776        17.78
     580.095     0.950000     33564874        20.00
     756.735     0.956250     33785312        22.86
    1026.559     0.962500     34006263        26.67
    1506.303     0.968750     34227094        32.00
    1880.063     0.971875     34337324        35.56
    2433.023     0.975000     34447721        40.00
    3217.407     0.978125     34558302        45.71
    4677.631     0.981250     34668622        53.33
    7077.887     0.984375     34779011        64.00
    9093.119     0.985938     34834208        71.11
   11083.775     0.987500     34889385        80.00
   13426.687     0.989062     34944616        91.43
   17203.199     0.990625     34999782       106.67
   22364.159     0.992188     35054971       128.00
   26558.463     0.992969     35082600       142.22
   29409.279     0.993750     35110179       160.00
   32391.167     0.994531     35137798       182.86
   35389.439     0.995313     35165513       213.33
   42696.703     0.996094     35193033       256.00
   46759.935     0.996484     35206960       284.44
   50462.719     0.996875     35220582       320.00
   53706.751     0.997266     35234454       365.71
   58523.647     0.997656     35248215       426.67
   62357.503     0.998047     35262079       512.00
   64192.511     0.998242     35268927       568.89
   67502.079     0.998437     35275857       640.00
   69533.695     0.998633     35282747       731.43
   71237.631     0.998828     35289641       853.33
   77070.335     0.999023     35296481      1024.00
   79298.559     0.999121     35300261      1137.78
   79953.919     0.999219     35303505      1280.00
   81461.247     0.999316     35307006      1462.86
   84410.367     0.999414     35310367      1706.67
   86507.519     0.999512     35313731      2048.00
   88145.919     0.999561     35315501      2275.56
   88997.887     0.999609     35317389      2560.00
   89325.567     0.999658     35319112      2925.71
   90374.143     0.999707     35320658      3413.33
   91357.183     0.999756     35322457      4096.00
   92143.615     0.999780     35323250      4551.11
   93061.119     0.999805     35324182      5120.00
   94109.695     0.999829     35324945      5851.43
   95485.951     0.999854     35325832      6826.67
   96468.991     0.999878     35326671      8192.00
   97124.351     0.999890     35327123      9102.22
   97714.175     0.999902     35327577     10240.00
   98369.535     0.999915     35327962     11702.86
   98828.287     0.999927     35328435     13653.33
   99090.431     0.999939     35328909     16384.00
   99221.503     0.999945     35329040     18204.44
   99483.647     0.999951     35329344     20480.00
   99549.183     0.999957     35329502     23405.71
   99680.255     0.999963     35329714     27306.67
  100532.223     0.999969     35329952     32768.00
  100794.367     0.999973     35330009     36408.89
  101187.583     0.999976     35330138     40960.00
  101384.191     0.999979     35330277     46811.43
  101449.727     0.999982     35330367     54613.33
  101515.263     0.999985     35330467     65536.00
  101580.799     0.999986     35330505     72817.78
  101777.407     0.999988     35330574     81920.00
  101842.943     0.999989     35330606     93622.86
  101908.479     0.999991     35330757    109226.67
  101908.479     0.999992     35330757    131072.00
  101908.479     0.999993     35330757    145635.56
  101974.015     0.999994     35330896    163840.00
  101974.015     0.999995     35330896    187245.71
  101974.015     0.999995     35330896    218453.33
  101974.015     0.999996     35330896    262144.00
  101974.015     0.999997     35330896    291271.11
  101974.015     0.999997     35330896    327680.00
  101974.015     0.999997     35330896    374491.43
  102039.551     0.999998     35330978    436906.67
  102039.551     1.000000     35330978          inf
#[Mean    =      578.100, StdDeviation   =     4767.563]
#[Max     =   101974.016, Total count    =     35330978]
#[Buckets =           27, SubBuckets     =         2048]
----------------------------------------------------------
  35926749 requests in 10.00m, 5.29GB read
Requests/sec:  59878.01
Transfer/sec:      9.02MB
