Running 10m test @ http://localhost:9999/math/plus?x=1&y=2
  16 threads and 400 connections
  Thread calibration: mean lat.: 324.440ms, rate sampling interval: 1751ms
  Thread calibration: mean lat.: 314.655ms, rate sampling interval: 2105ms
  Thread calibration: mean lat.: 434.111ms, rate sampling interval: 3346ms
  Thread calibration: mean lat.: 244.600ms, rate sampling interval: 1431ms
  Thread calibration: mean lat.: 346.150ms, rate sampling interval: 2168ms
  Thread calibration: mean lat.: 524.665ms, rate sampling interval: 2592ms
  Thread calibration: mean lat.: 514.122ms, rate sampling interval: 3452ms
  Thread calibration: mean lat.: 301.148ms, rate sampling interval: 2020ms
  Thread calibration: mean lat.: 555.521ms, rate sampling interval: 3317ms
  Thread calibration: mean lat.: 529.524ms, rate sampling interval: 3274ms
  Thread calibration: mean lat.: 364.861ms, rate sampling interval: 2082ms
  Thread calibration: mean lat.: 376.146ms, rate sampling interval: 2181ms
  Thread calibration: mean lat.: 529.742ms, rate sampling interval: 2754ms
  Thread calibration: mean lat.: 420.977ms, rate sampling interval: 2404ms
  Thread calibration: mean lat.: 482.944ms, rate sampling interval: 2983ms
  Thread calibration: mean lat.: 610.394ms, rate sampling interval: 3729ms
  Thread Stats   Avg      Stdev     Max   +/- Stdev
    Latency    23.92s    37.76s    5.31m    86.30%
    Req/Sec     2.84k   169.76     3.76k    68.19%
  Latency Distribution (HdrHistogram - Recorded Latency)
 50.000%    5.49s 
 75.000%   34.01s 
 90.000%    1.24m 
 99.000%    2.89m 
 99.900%    4.28m 
 99.990%    4.95m 
 99.999%    5.27m 
100.000%    5.32m 

  Detailed Percentile spectrum:
       Value   Percentile   TotalCount 1/(1-Percentile)

       0.096     0.000000            1         1.00
      14.751     0.100000      2664050         1.11
      52.223     0.200000      5327567         1.25
     136.447     0.300000      7992046         1.43
     391.423     0.400000     10654679         1.67
    5488.639     0.500000     13318417         2.00
   10010.623     0.550000     14651349         2.22
   14458.879     0.600000     15983332         2.50
   19578.879     0.650000     17314343         2.86
   26427.391     0.700000     18647157         3.33
   34013.183     0.750000     19979486         4.00
   38240.255     0.775000     20643731         4.44
   43352.063     0.800000     21310486         5.00
   49938.431     0.825000     21975666         5.71
   57409.535     0.850000     22641395         6.67
   65798.143     0.875000     23306798         8.00
   69926.911     0.887500     23640861         8.89
   74448.895     0.900000     23974267        10.00
   79560.703     0.912500     24305706        11.43
   85655.551     0.925000     24639888        13.33
   93650.943     0.937500     24970721        16.00
   97910.783     0.943750     25138689        17.78
  102301.695     0.950000     25304617        20.00
  107282.431     0.956250     25470212        22.86
  112590.847     0.962500     25638065        26.67
  118489.087     0.968750     25804136        32.00
  122683.391     0.971875     25886571        35.56
  127991.807     0.975000     25969827        40.00
  134348.799     0.978125     26052967        45.71
  141950.975     0.981250     26137175        53.33
  150732.799     0.984375     26219448        64.00
  156237.823     0.985938     26261298        71.11
  162267.135     0.987500     26302615        80.00
  168951.807     0.989062     26344100        91.43
  176553.983     0.990625     26385973       106.67
  184942.591     0.992188     26427190       128.00
  189661.183     0.992969     26448093       142.22
  194641.919     0.993750     26468796       160.00
  200671.231     0.994531     26489960       182.86
  206962.687     0.995313     26510567       213.33
  213909.503     0.996094     26531176       256.00
  217710.591     0.996484     26541800       284.44
  221511.679     0.996875     26552218       320.00
  226361.343     0.997266     26562490       365.71
  231473.151     0.997656     26572825       426.67
  236847.103     0.998047     26583367       512.00
  239992.831     0.998242     26588483       568.89
  243793.919     0.998437     26593653       640.00
  248250.367     0.998633     26598929       731.43
  252706.815     0.998828     26604008       853.33
  257163.263     0.999023     26609305      1024.00
  259522.559     0.999121     26611879      1137.78
  262012.927     0.999219     26614495      1280.00
  264765.439     0.999316     26616995      1462.86
  268435.455     0.999414     26619600      1706.67
  272105.471     0.999512     26622256      2048.00
  274464.767     0.999561     26623569      2275.56
  276824.063     0.999609     26624968      2560.00
  278659.071     0.999658     26626102      2925.71
  281280.511     0.999707     26627416      3413.33
  285212.671     0.999756     26628715      4096.00
  287309.823     0.999780     26629431      4551.11
  289144.831     0.999805     26630039      5120.00
  291504.127     0.999829     26630685      5851.43
  293339.135     0.999854     26631300      6826.67
  295174.143     0.999878     26631958      8192.00
  296222.719     0.999890     26632287      9102.22
  297271.295     0.999902     26632662     10240.00
  298319.871     0.999915     26633007     11702.86
  299368.447     0.999927     26633277     13653.33
  303038.463     0.999939     26633588     16384.00
  304611.327     0.999945     26633787     18204.44
  305922.047     0.999951     26633923     20480.00
  307494.911     0.999957     26634086     23405.71
  309329.919     0.999963     26634245     27306.67
  311164.927     0.999969     26634387     32768.00
  312213.503     0.999973     26634488     36408.89
  312999.935     0.999976     26634578     40960.00
  313524.223     0.999979     26634652     46811.43
  314572.799     0.999982     26634760     54613.33
  315097.087     0.999985     26634810     65536.00
  315359.231     0.999986     26634836     72817.78
  315883.519     0.999988     26634886     81920.00
  316145.663     0.999989     26634926     93622.86
  316669.951     0.999991     26634977    109226.67
  316932.095     0.999992     26635013    131072.00
  317194.239     0.999993     26635043    145635.56
  317194.239     0.999994     26635043    163840.00
  317456.383     0.999995     26635073    187245.71
  317718.527     0.999995     26635091    218453.33
  317980.671     0.999996     26635122    262144.00
  317980.671     0.999997     26635122    291271.11
  317980.671     0.999997     26635122    327680.00
  318242.815     0.999997     26635149    374491.43
  318242.815     0.999998     26635149    436906.67
  318242.815     0.999998     26635149    524288.00
  318504.959     0.999998     26635170    582542.22
  318504.959     0.999998     26635170    655360.00
  318504.959     0.999999     26635170    748982.86
  318504.959     0.999999     26635170    873813.33
  318767.103     0.999999     26635196   1048576.00
  318767.103     0.999999     26635196   1165084.44
  318767.103     0.999999     26635196   1310720.00
  318767.103     0.999999     26635196   1497965.71
  318767.103     0.999999     26635196   1747626.67
  318767.103     1.000000     26635196   2097152.00
  318767.103     1.000000     26635196   2330168.89
  318767.103     1.000000     26635196   2621440.00
  318767.103     1.000000     26635196   2995931.43
  318767.103     1.000000     26635196   3495253.33
  318767.103     1.000000     26635196   4194304.00
  318767.103     1.000000     26635196   4660337.78
  318767.103     1.000000     26635196   5242880.00
  318767.103     1.000000     26635196   5991862.86
  318767.103     1.000000     26635196   6990506.67
  318767.103     1.000000     26635196   8388608.00
  319029.247     1.000000     26635199   9320675.55
  319029.247     1.000000     26635199          inf
#[Mean    =    23917.296, StdDeviation   =    37761.482]
#[Max     =   318767.104, Total count    =     26635199]
#[Buckets =           27, SubBuckets     =         2048]
----------------------------------------------------------
  27091875 requests in 10.00m, 3.99GB read
Requests/sec:  45153.23
Transfer/sec:      6.80MB
