Running 10m test @ http://localhost:9999/math/plus?x=1&y=2
  16 threads and 400 connections
  Thread calibration: mean lat.: 1.423ms, rate sampling interval: 10ms
  Thread calibration: mean lat.: 1.815ms, rate sampling interval: 10ms
  Thread calibration: mean lat.: 1.969ms, rate sampling interval: 10ms
  Thread calibration: mean lat.: 1.981ms, rate sampling interval: 10ms
  Thread calibration: mean lat.: 1.971ms, rate sampling interval: 10ms
  Thread calibration: mean lat.: 1.918ms, rate sampling interval: 10ms
  Thread calibration: mean lat.: 2.056ms, rate sampling interval: 10ms
  Thread calibration: mean lat.: 2.550ms, rate sampling interval: 10ms
  Thread calibration: mean lat.: 2.074ms, rate sampling interval: 10ms
  Thread calibration: mean lat.: 2.057ms, rate sampling interval: 10ms
  Thread calibration: mean lat.: 1.967ms, rate sampling interval: 10ms
  Thread calibration: mean lat.: 1.969ms, rate sampling interval: 10ms
  Thread calibration: mean lat.: 2.015ms, rate sampling interval: 10ms
  Thread calibration: mean lat.: 1.837ms, rate sampling interval: 10ms
  Thread calibration: mean lat.: 1.941ms, rate sampling interval: 10ms
  Thread calibration: mean lat.: 1.928ms, rate sampling interval: 10ms
  Thread Stats   Avg      Stdev     Max   +/- Stdev
    Latency     1.89ms    1.51ms  26.43ms   87.39%
    Req/Sec   659.50    619.94     2.78k    66.51%
  Latency Distribution (HdrHistogram - Recorded Latency)
 50.000%    1.48ms
 75.000%    2.22ms
 90.000%    3.53ms
 99.000%    7.99ms
 99.900%   13.35ms
 99.990%   17.10ms
 99.999%   21.74ms
100.000%   26.45ms

  Detailed Percentile spectrum:
       Value   Percentile   TotalCount 1/(1-Percentile)

       0.067     0.000000            1         1.00
       0.675     0.100000       591423         1.11
       0.910     0.200000      1180656         1.25
       1.106     0.300000      1771955         1.43
       1.285     0.400000      2359462         1.67
       1.475     0.500000      2949476         2.00
       1.585     0.550000      3246556         2.22
       1.707     0.600000      3539732         2.50
       1.846     0.650000      3834587         2.86
       2.010     0.700000      4129478         3.33
       2.219     0.750000      4426274         4.00
       2.347     0.775000      4573315         4.44
       2.495     0.800000      4719113         5.00
       2.675     0.825000      4867746         5.71
       2.891     0.850000      5014611         6.67
       3.165     0.875000      5161941         8.00
       3.333     0.887500      5235414         8.89
       3.525     0.900000      5309206        10.00
       3.747     0.912500      5382453        11.43
       4.011     0.925000      5456283        13.33
       4.327     0.937500      5530030        16.00
       4.511     0.943750      5567085        17.78
       4.719     0.950000      5604026        20.00
       4.955     0.956250      5640503        22.86
       5.235     0.962500      5677688        26.67
       5.563     0.968750      5714427        32.00
       5.763     0.971875      5732980        35.56
       5.987     0.975000      5751177        40.00
       6.255     0.978125      5769601        45.71
       6.583     0.981250      5788092        53.33
       6.991     0.984375      5806406        64.00
       7.239     0.985938      5815678        71.11
       7.503     0.987500      5824843        80.00
       7.795     0.989062      5834034        91.43
       8.127     0.990625      5843316       106.67
       8.543     0.992188      5852543       128.00
       8.815     0.992969      5857093       142.22
       9.151     0.993750      5861790       160.00
       9.551     0.994531      5866284       182.86
       9.999     0.995313      5870951       213.33
      10.511     0.996094      5875536       256.00
      10.775     0.996484      5877836       284.44
      11.063     0.996875      5880148       320.00
      11.375     0.997266      5882421       365.71
      11.687     0.997656      5884718       426.67
      12.031     0.998047      5887041       512.00
      12.231     0.998242      5888187       568.89
      12.447     0.998437      5889340       640.00
      12.703     0.998633      5890476       731.43
      12.999     0.998828      5891651       853.33
      13.399     0.999023      5892782      1024.00
      13.631     0.999121      5893349      1137.78
      13.871     0.999219      5893933      1280.00
      14.143     0.999316      5894502      1462.86
      14.471     0.999414      5895081      1706.67
      14.871     0.999512      5895658      2048.00
      15.103     0.999561      5895952      2275.56
      15.343     0.999609      5896233      2560.00
      15.519     0.999658      5896521      2925.71
      15.687     0.999707      5896817      3413.33
      15.903     0.999756      5897097      4096.00
      16.007     0.999780      5897239      4551.11
      16.119     0.999805      5897383      5120.00
      16.271     0.999829      5897531      5851.43
      16.463     0.999854      5897669      6826.67
      16.783     0.999878      5897821      8192.00
      16.927     0.999890      5897885      9102.22
      17.135     0.999902      5897957     10240.00
      17.423     0.999915      5898031     11702.86
      17.727     0.999927      5898101     13653.33
      18.191     0.999939      5898175     16384.00
      18.399     0.999945      5898209     18204.44
      18.687     0.999951      5898245     20480.00
      19.023     0.999957      5898281     23405.71
      19.375     0.999963      5898317     27306.67
      19.679     0.999969      5898354     32768.00
      19.887     0.999973      5898374     36408.89
      20.047     0.999976      5898389     40960.00
      20.271     0.999979      5898407     46811.43
      20.511     0.999982      5898425     54613.33
      20.847     0.999985      5898444     65536.00
      21.071     0.999986      5898452     72817.78
      21.359     0.999988      5898462     81920.00
      21.679     0.999989      5898470     93622.86
      21.871     0.999991      5898479    109226.67
      22.335     0.999992      5898488    131072.00
      22.607     0.999993      5898493    145635.56
      22.831     0.999994      5898497    163840.00
      23.311     0.999995      5898502    187245.71
      23.631     0.999995      5898506    218453.33
      23.807     0.999996      5898511    262144.00
      23.951     0.999997      5898513    291271.11
      24.255     0.999997      5898516    327680.00
      24.399     0.999997      5898518    374491.43
      24.543     0.999998      5898520    436906.67
      25.167     0.999998      5898522    524288.00
      25.183     0.999998      5898524    582542.22
      25.183     0.999998      5898524    655360.00
      25.391     0.999999      5898526    748982.86
      25.423     0.999999      5898528    873813.33
      25.423     0.999999      5898528   1048576.00
      25.423     0.999999      5898528   1165084.44
      25.631     0.999999      5898529   1310720.00
      25.679     0.999999      5898530   1497965.71
      25.679     0.999999      5898530   1747626.67
      25.823     1.000000      5898531   2097152.00
      25.823     1.000000      5898531   2330168.89
      25.823     1.000000      5898531   2621440.00
      25.887     1.000000      5898532   2995931.43
      25.887     1.000000      5898532   3495253.33
      25.887     1.000000      5898532   4194304.00
      25.887     1.000000      5898532   4660337.78
      25.887     1.000000      5898532   5242880.00
      26.447     1.000000      5898533   5991862.86
      26.447     1.000000      5898533          inf
#[Mean    =        1.888, StdDeviation   =        1.508]
#[Max     =       26.432, Total count    =      5898533]
#[Buckets =           27, SubBuckets     =         2048]
----------------------------------------------------------
  5997615 requests in 10.00m, 0.88GB read
Requests/sec:   9995.85
Transfer/sec:      1.51MB
