Running 10m test @ http://localhost:9999/math/plus?x=1&y=2
  16 threads and 400 connections
  Thread calibration: mean lat.: 246.700ms, rate sampling interval: 1411ms
  Thread calibration: mean lat.: 430.014ms, rate sampling interval: 2260ms
  Thread calibration: mean lat.: 243.698ms, rate sampling interval: 1463ms
  Thread calibration: mean lat.: 272.068ms, rate sampling interval: 1495ms
  Thread calibration: mean lat.: 246.211ms, rate sampling interval: 1646ms
  Thread calibration: mean lat.: 317.255ms, rate sampling interval: 1741ms
  Thread calibration: mean lat.: 396.123ms, rate sampling interval: 2115ms
  Thread calibration: mean lat.: 303.429ms, rate sampling interval: 1641ms
  Thread calibration: mean lat.: 296.194ms, rate sampling interval: 1831ms
  Thread calibration: mean lat.: 252.951ms, rate sampling interval: 1426ms
  Thread calibration: mean lat.: 371.823ms, rate sampling interval: 2162ms
  Thread calibration: mean lat.: 245.666ms, rate sampling interval: 1470ms
  Thread calibration: mean lat.: 325.326ms, rate sampling interval: 1984ms
  Thread calibration: mean lat.: 207.654ms, rate sampling interval: 1222ms
  Thread calibration: mean lat.: 204.103ms, rate sampling interval: 1220ms
  Thread calibration: mean lat.: 345.750ms, rate sampling interval: 1985ms
  Thread Stats   Avg      Stdev     Max   +/- Stdev
    Latency    33.74s    45.78s    5.79m    86.65%
    Req/Sec     2.72k   173.12     3.45k    68.20%
  Latency Distribution (HdrHistogram - Recorded Latency)
 50.000%   15.85s 
 75.000%   46.92s 
 90.000%    1.64m 
 99.000%    3.32m 
 99.900%    4.56m 
 99.990%    5.42m 
 99.999%    5.76m 
100.000%    5.80m 

  Detailed Percentile spectrum:
       Value   Percentile   TotalCount 1/(1-Percentile)

       0.114     0.000000            2         1.00
      25.215     0.100000      2554931         1.11
     189.695     0.200000      5108911         1.25
    2654.207     0.300000      7663903         1.43
    8396.799     0.400000     10219392         1.67
   15851.519     0.500000     12772370         2.00
   20463.615     0.550000     14053116         2.22
   25067.519     0.600000     15329456         2.50
   30949.375     0.650000     16603835         2.86
   38207.487     0.700000     17881604         3.33
   46923.775     0.750000     19161652         4.00
   51707.903     0.775000     19798540         4.44
   56983.551     0.800000     20435984         5.00
   63373.311     0.825000     21076344         5.71
   72024.063     0.850000     21715743         6.67
   83689.471     0.875000     22352700         8.00
   90177.535     0.887500     22671584         8.89
   98107.391     0.900000     22990305        10.00
  106823.679     0.912500     23309096        11.43
  116260.863     0.925000     23627825        13.33
  127008.767     0.937500     23948635        16.00
  132775.935     0.943750     24107520        17.78
  138805.247     0.950000     24268374        20.00
  144965.631     0.956250     24427982        22.86
  151126.015     0.962500     24586498        26.67
  157286.399     0.968750     24746031        32.00
  160825.343     0.971875     24827378        35.56
  164364.287     0.975000     24906936        40.00
  168034.303     0.978125     24986928        45.71
  173277.183     0.981250     25064742        53.33
  180223.999     0.984375     25144695        64.00
  184942.591     0.985938     25185009        71.11
  190054.399     0.987500     25224784        80.00
  195821.567     0.989062     25265008        91.43
  202113.023     0.990625     25304263       106.67
  209321.983     0.992188     25344252       128.00
  213254.143     0.992969     25364183       142.22
  217972.735     0.993750     25384195       160.00
  222822.399     0.994531     25404161       182.86
  227803.135     0.995313     25423868       213.33
  234225.663     0.996094     25443872       256.00
  237764.607     0.996484     25453976       284.44
  241172.479     0.996875     25463749       320.00
  245366.783     0.997266     25473823       365.71
  249692.159     0.997656     25483887       426.67
  254279.679     0.998047     25493704       512.00
  256901.119     0.998242     25498764       568.89
  259522.559     0.998437     25503753       640.00
  263323.647     0.998633     25508712       731.43
  268435.455     0.998828     25513645       853.33
  274202.623     0.999023     25518792      1024.00
  276561.919     0.999121     25521198      1137.78
  278921.215     0.999219     25523636      1280.00
  282329.087     0.999316     25526156      1462.86
  286523.391     0.999414     25528574      1706.67
  292028.415     0.999512     25531120      2048.00
  294911.999     0.999561     25532375      2275.56
  297795.583     0.999609     25533598      2560.00
  301203.455     0.999658     25534862      2925.71
  305397.759     0.999707     25536070      3413.33
  309592.063     0.999756     25537326      4096.00
  311689.215     0.999780     25537982      4551.11
  313786.367     0.999805     25538564      5120.00
  315883.519     0.999829     25539202      5851.43
  319291.391     0.999854     25539828      6826.67
  322174.975     0.999878     25540436      8192.00
  324009.983     0.999890     25540754      9102.22
  325844.991     0.999902     25541113     10240.00
  327155.711     0.999915     25541365     11702.86
  328728.575     0.999927     25541693     13653.33
  330301.439     0.999939     25542007     16384.00
  331087.871     0.999945     25542159     18204.44
  333185.023     0.999951     25542302     20480.00
  335282.175     0.999957     25542460     23405.71
  337379.327     0.999963     25542612     27306.67
  339476.479     0.999969     25542774     32768.00
  340262.911     0.999973     25542839     36408.89
  341311.487     0.999976     25542926     40960.00
  342097.919     0.999979     25543001     46811.43
  343146.495     0.999982     25543085     54613.33
  343932.927     0.999985     25543160     65536.00
  344457.215     0.999986     25543193     72817.78
  344981.503     0.999988     25543251     81920.00
  345243.647     0.999989     25543271     93622.86
  345767.935     0.999991     25543335    109226.67
  346030.079     0.999992     25543351    131072.00
  346292.223     0.999993     25543392    145635.56
  346292.223     0.999994     25543392    163840.00
  346554.367     0.999995     25543422    187245.71
  346816.511     0.999995     25543450    218453.33
  346816.511     0.999996     25543450    262144.00
  347078.655     0.999997     25543475    291271.11
  347078.655     0.999997     25543475    327680.00
  347078.655     0.999997     25543475    374491.43
  347340.799     0.999998     25543502    436906.67
  347340.799     0.999998     25543502    524288.00
  347340.799     0.999998     25543502    582542.22
  347340.799     0.999998     25543502    655360.00
  347602.943     0.999999     25543530    748982.86
  347602.943     0.999999     25543530    873813.33
  347602.943     0.999999     25543530   1048576.00
  347602.943     0.999999     25543530   1165084.44
  347602.943     0.999999     25543530   1310720.00
  347602.943     0.999999     25543530   1497965.71
  347602.943     0.999999     25543530   1747626.67
  347602.943     1.000000     25543530   2097152.00
  347602.943     1.000000     25543530   2330168.89
  347602.943     1.000000     25543530   2621440.00
  347865.087     1.000000     25543539   2995931.43
  347865.087     1.000000     25543539          inf
#[Mean    =    33736.831, StdDeviation   =    45784.898]
#[Max     =   347602.944, Total count    =     25543539]
#[Buckets =           27, SubBuckets     =         2048]
----------------------------------------------------------
  25989531 requests in 10.00m, 3.82GB read
Requests/sec:  43315.98
Transfer/sec:      6.53MB
