Running 10m test @ http://localhost:9999/math/plus?x=1&y=2
  16 threads and 400 connections
  Thread calibration: mean lat.: 1.122ms, rate sampling interval: 10ms
  Thread calibration: mean lat.: 1.097ms, rate sampling interval: 10ms
  Thread calibration: mean lat.: 1.070ms, rate sampling interval: 10ms
  Thread calibration: mean lat.: 1.076ms, rate sampling interval: 10ms
  Thread calibration: mean lat.: 1.117ms, rate sampling interval: 10ms
  Thread calibration: mean lat.: 1.106ms, rate sampling interval: 10ms
  Thread calibration: mean lat.: 1.095ms, rate sampling interval: 10ms
  Thread calibration: mean lat.: 1.182ms, rate sampling interval: 10ms
  Thread calibration: mean lat.: 1.081ms, rate sampling interval: 10ms
  Thread calibration: mean lat.: 1.070ms, rate sampling interval: 10ms
  Thread calibration: mean lat.: 1.108ms, rate sampling interval: 10ms
  Thread calibration: mean lat.: 1.082ms, rate sampling interval: 10ms
  Thread calibration: mean lat.: 1.076ms, rate sampling interval: 10ms
  Thread calibration: mean lat.: 1.090ms, rate sampling interval: 10ms
  Thread calibration: mean lat.: 1.128ms, rate sampling interval: 10ms
  Thread calibration: mean lat.: 1.099ms, rate sampling interval: 10ms
  Thread Stats   Avg      Stdev     Max   +/- Stdev
    Latency     1.12ms    8.47ms   1.00s    99.73%
    Req/Sec     1.98k   453.01     5.78k    76.97%
  Latency Distribution (HdrHistogram - Recorded Latency)
 50.000%    0.93ms
 75.000%    1.25ms
 90.000%    1.58ms
 99.000%    2.95ms
 99.900%   15.80ms
 99.990%  529.92ms
 99.999%  952.83ms
100.000%    1.00s 

  Detailed Percentile spectrum:
       Value   Percentile   TotalCount 1/(1-Percentile)

       0.063     0.000000            1         1.00
       0.361     0.100000      1770611         1.11
       0.526     0.200000      3549015         1.25
       0.667     0.300000      5314018         1.43
       0.800     0.400000      7091999         1.67
       0.927     0.500000      8857986         2.00
       0.989     0.550000      9734242         2.22
       1.053     0.600000     10630047         2.50
       1.117     0.650000     11515853         2.86
       1.183     0.700000     12391403         3.33
       1.255     0.750000     13281621         4.00
       1.294     0.775000     13720825         4.44
       1.337     0.800000     14159704         5.00
       1.386     0.825000     14605412         5.71
       1.441     0.850000     15044693         6.67
       1.505     0.875000     15489842         8.00
       1.540     0.887500     15706115         8.89
       1.579     0.900000     15927991        10.00
       1.622     0.912500     16148569        11.43
       1.671     0.925000     16372381        13.33
       1.727     0.937500     16592372        16.00
       1.759     0.943750     16701404        17.78
       1.795     0.950000     16812045        20.00
       1.836     0.956250     16923268        22.86
       1.884     0.962500     17033781        26.67
       1.943     0.968750     17144171        32.00
       1.979     0.971875     17199437        35.56
       2.022     0.975000     17254375        40.00
       2.077     0.978125     17310189        45.71
       2.151     0.981250     17364759        53.33
       2.265     0.984375     17420018        64.00
       2.349     0.985938     17447661        71.11
       2.473     0.987500     17475191        80.00
       2.693     0.989062     17502741        91.43
       3.197     0.990625     17530292       106.67
       4.099     0.992188     17557972       128.00
       4.651     0.992969     17571802       142.22
       5.267     0.993750     17585561       160.00
       5.927     0.994531     17599431       182.86
       6.751     0.995313     17613248       213.33
       7.707     0.996094     17627074       256.00
       8.279     0.996484     17633989       284.44
       8.935     0.996875     17640929       320.00
       9.607     0.997266     17647821       365.71
      10.511     0.997656     17654688       426.67
      11.559     0.998047     17661620       512.00
      12.111     0.998242     17665104       568.89
      12.807     0.998437     17668510       640.00
      13.639     0.998633     17671999       731.43
      14.679     0.998828     17675429       853.33
      15.975     0.999023     17678879      1024.00
      16.863     0.999121     17680613      1137.78
      17.967     0.999219     17682335      1280.00
      19.263     0.999316     17684072      1462.86
      20.943     0.999414     17685796      1706.67
      23.103     0.999512     17687525      2048.00
      24.479     0.999561     17688387      2275.56
      26.271     0.999609     17689253      2560.00
      28.623     0.999658     17690116      2925.71
      31.503     0.999707     17690980      3413.33
      36.511     0.999756     17691845      4096.00
      42.047     0.999780     17692273      4551.11
      80.127     0.999805     17692704      5120.00
     195.071     0.999829     17693136      5851.43
     309.759     0.999854     17693571      6826.67
     424.447     0.999878     17694000      8192.00
     483.071     0.999890     17694217      9102.22
     542.719     0.999902     17694434     10240.00
     598.015     0.999915     17694650     11702.86
     655.871     0.999927     17694866     13653.33
     713.215     0.999939     17695082     16384.00
     741.887     0.999945     17695189     18204.44
     770.559     0.999951     17695298     20480.00
     800.255     0.999957     17695408     23405.71
     828.415     0.999963     17695512     27306.67
     857.087     0.999969     17695620     32768.00
     871.423     0.999973     17695674     36408.89
     886.271     0.999976     17695729     40960.00
     899.583     0.999979     17695784     46811.43
     914.431     0.999982     17695836     54613.33
     929.791     0.999985     17695892     65536.00
     936.447     0.999986     17695918     72817.78
     943.103     0.999988     17695945     81920.00
     950.783     0.999989     17695973     93622.86
     956.927     0.999991     17695998    109226.67
     965.119     0.999992     17696025    131072.00
     968.191     0.999993     17696039    145635.56
     972.799     0.999994     17696054    163840.00
     976.383     0.999995     17696069    187245.71
     979.455     0.999995     17696079    218453.33
     984.063     0.999996     17696096    262144.00
     985.087     0.999997     17696100    291271.11
     987.135     0.999997     17696108    327680.00
     989.695     0.999997     17696115    374491.43
     990.207     0.999998     17696123    436906.67
     993.279     0.999998     17696129    524288.00
     993.791     0.999998     17696133    582542.22
     993.791     0.999998     17696133    655360.00
     995.839     0.999999     17696140    748982.86
     995.839     0.999999     17696140    873813.33
     996.863     0.999999     17696146   1048576.00
     996.863     0.999999     17696146   1165084.44
     998.911     0.999999     17696148   1310720.00
     999.423     0.999999     17696152   1497965.71
     999.423     0.999999     17696152   1747626.67
     999.423     1.000000     17696152   2097152.00
     999.935     1.000000     17696154   2330168.89
     999.935     1.000000     17696154   2621440.00
    1000.447     1.000000     17696156   2995931.43
    1000.447     1.000000     17696156   3495253.33
    1000.447     1.000000     17696156   4194304.00
    1001.471     1.000000     17696158   4660337.78
    1001.471     1.000000     17696158   5242880.00
    1001.471     1.000000     17696158   5991862.86
    1001.471     1.000000     17696158   6990506.67
    1001.471     1.000000     17696158   8388608.00
    1001.983     1.000000     17696159   9320675.55
    1001.983     1.000000     17696159  10485760.00
    1001.983     1.000000     17696159  11983725.71
    1001.983     1.000000     17696159  13981013.34
    1001.983     1.000000     17696159  16777216.00
    1003.007     1.000000     17696160  18641351.10
    1003.007     1.000000     17696160          inf
#[Mean    =        1.120, StdDeviation   =        8.466]
#[Max     =     1002.496, Total count    =     17696160]
#[Buckets =           27, SubBuckets     =         2048]
----------------------------------------------------------
  17994653 requests in 10.00m, 2.65GB read
Requests/sec:  29991.06
Transfer/sec:      4.52MB
