Running 10m test @ http://localhost:9999/math/plus?x=1&y=2
  16 threads and 400 connections
  Thread calibration: mean lat.: 1.825ms, rate sampling interval: 10ms
  Thread calibration: mean lat.: 1.929ms, rate sampling interval: 10ms
  Thread calibration: mean lat.: 1.871ms, rate sampling interval: 10ms
  Thread calibration: mean lat.: 1.859ms, rate sampling interval: 10ms
  Thread calibration: mean lat.: 1.817ms, rate sampling interval: 10ms
  Thread calibration: mean lat.: 1.732ms, rate sampling interval: 10ms
  Thread calibration: mean lat.: 1.843ms, rate sampling interval: 10ms
  Thread calibration: mean lat.: 1.905ms, rate sampling interval: 10ms
  Thread calibration: mean lat.: 1.817ms, rate sampling interval: 10ms
  Thread calibration: mean lat.: 1.779ms, rate sampling interval: 10ms
  Thread calibration: mean lat.: 1.780ms, rate sampling interval: 10ms
  Thread calibration: mean lat.: 1.809ms, rate sampling interval: 10ms
  Thread calibration: mean lat.: 1.913ms, rate sampling interval: 10ms
  Thread calibration: mean lat.: 1.735ms, rate sampling interval: 10ms
  Thread calibration: mean lat.: 1.856ms, rate sampling interval: 10ms
  Thread calibration: mean lat.: 1.910ms, rate sampling interval: 10ms
  Thread Stats   Avg      Stdev     Max   +/- Stdev
    Latency     1.19ms    1.70ms  73.60ms   97.11%
    Req/Sec     1.98k   491.09     6.78k    74.63%
  Latency Distribution (HdrHistogram - Recorded Latency)
 50.000%    0.98ms
 75.000%    1.32ms
 90.000%    1.67ms
 99.000%    8.23ms
 99.900%   23.76ms
 99.990%   41.38ms
 99.999%   57.18ms
100.000%   73.66ms

  Detailed Percentile spectrum:
       Value   Percentile   TotalCount 1/(1-Percentile)

       0.063     0.000000            1         1.00
       0.385     0.100000      1778521         1.11
       0.558     0.200000      3542895         1.25
       0.707     0.300000      5315485         1.43
       0.845     0.400000      7083985         1.67
       0.976     0.500000      8856997         2.00
       1.040     0.550000      9737218         2.22
       1.105     0.600000     10627664         2.50
       1.171     0.650000     11515225         2.86
       1.240     0.700000     12389382         3.33
       1.316     0.750000     13277484         4.00
       1.358     0.775000     13717968         4.44
       1.404     0.800000     14159263         5.00
       1.456     0.825000     14605124         5.71
       1.514     0.850000     15043215         6.67
       1.583     0.875000     15486805         8.00
       1.623     0.887500     15707440         8.89
       1.669     0.900000     15929957        10.00
       1.722     0.912500     16149770        11.43
       1.786     0.925000     16371134        13.33
       1.867     0.937500     16591357        16.00
       1.919     0.943750     16702810        17.78
       1.983     0.950000     16811826        20.00
       2.075     0.956250     16923267        22.86
       2.235     0.962500     17032939        26.67
       2.627     0.968750     17143340        32.00
       3.003     0.971875     17198694        35.56
       3.509     0.975000     17254077        40.00
       4.127     0.978125     17309290        45.71
       4.927     0.981250     17364622        53.33
       5.899     0.984375     17419852        64.00
       6.467     0.985938     17447470        71.11
       7.075     0.987500     17475191        80.00
       7.771     0.989062     17502858        91.43
       8.583     0.990625     17530620       106.67
       9.655     0.992188     17558165       128.00
      10.295     0.992969     17571942       142.22
      11.023     0.993750     17585767       160.00
      11.847     0.994531     17599661       182.86
      12.855     0.995313     17613396       213.33
      14.103     0.996094     17627230       256.00
      14.783     0.996484     17634130       284.44
      15.519     0.996875     17641067       320.00
      16.335     0.997266     17647942       365.71
      17.359     0.997656     17654915       426.67
      18.655     0.998047     17661821       512.00
      19.423     0.998242     17665236       568.89
      20.303     0.998437     17668685       640.00
      21.359     0.998633     17672159       731.43
      22.575     0.998828     17675597       853.33
      23.951     0.999023     17679051      1024.00
      24.751     0.999121     17680770      1137.78
      25.679     0.999219     17682486      1280.00
      26.735     0.999316     17684227      1462.86
      27.983     0.999414     17685946      1706.67
      29.407     0.999512     17687686      2048.00
      30.239     0.999561     17688544      2275.56
      31.135     0.999609     17689401      2560.00
      32.191     0.999658     17690274      2925.71
      33.407     0.999707     17691144      3413.33
      34.719     0.999756     17691993      4096.00
      35.487     0.999780     17692435      4551.11
      36.383     0.999805     17692860      5120.00
      37.375     0.999829     17693294      5851.43
      38.559     0.999854     17693723      6826.67
      39.935     0.999878     17694151      8192.00
      40.703     0.999890     17694371      9102.22
      41.503     0.999902     17694585     10240.00
      42.527     0.999915     17694802     11702.86
      43.679     0.999927     17695014     13653.33
      45.183     0.999939     17695236     16384.00
      45.983     0.999945     17695340     18204.44
      46.783     0.999951     17695449     20480.00
      47.583     0.999957     17695556     23405.71
      48.415     0.999963     17695662     27306.67
      49.695     0.999969     17695770     32768.00
      50.527     0.999973     17695824     36408.89
      51.327     0.999976     17695878     40960.00
      52.223     0.999979     17695935     46811.43
      53.247     0.999982     17695988     54613.33
      54.367     0.999985     17696040     65536.00
      55.231     0.999986     17696067     72817.78
      56.287     0.999988     17696094     81920.00
      56.863     0.999989     17696121     93622.86
      57.791     0.999991     17696151    109226.67
      58.783     0.999992     17696175    131072.00
      59.295     0.999993     17696189    145635.56
      60.319     0.999994     17696202    163840.00
      61.151     0.999995     17696216    187245.71
      61.727     0.999995     17696229    218453.33
      62.815     0.999996     17696243    262144.00
      63.903     0.999997     17696250    291271.11
      64.447     0.999997     17696256    327680.00
      65.183     0.999997     17696264    374491.43
      65.791     0.999998     17696270    436906.67
      66.815     0.999998     17696277    524288.00
      67.519     0.999998     17696280    582542.22
      68.031     0.999998     17696283    655360.00
      68.415     0.999999     17696287    748982.86
      68.543     0.999999     17696290    873813.33
      69.183     0.999999     17696294   1048576.00
      69.311     0.999999     17696296   1165084.44
      69.439     0.999999     17696297   1310720.00
      70.335     0.999999     17696299   1497965.71
      70.463     0.999999     17696300   1747626.67
      71.039     1.000000     17696302   2097152.00
      71.935     1.000000     17696303   2330168.89
      72.255     1.000000     17696304   2621440.00
      72.319     1.000000     17696305   2995931.43
      72.319     1.000000     17696305   3495253.33
      72.575     1.000000     17696306   4194304.00
      72.639     1.000000     17696307   4660337.78
      72.639     1.000000     17696307   5242880.00
      72.959     1.000000     17696308   5991862.86
      72.959     1.000000     17696308   6990506.67
      72.959     1.000000     17696308   8388608.00
      73.215     1.000000     17696309   9320675.55
      73.215     1.000000     17696309  10485760.00
      73.215     1.000000     17696309  11983725.71
      73.215     1.000000     17696309  13981013.34
      73.215     1.000000     17696309  16777216.00
      73.663     1.000000     17696310  18641351.10
      73.663     1.000000     17696310          inf
#[Mean    =        1.191, StdDeviation   =        1.704]
#[Max     =       73.600, Total count    =     17696310]
#[Buckets =           27, SubBuckets     =         2048]
----------------------------------------------------------
  17996411 requests in 10.00m, 2.65GB read
Requests/sec:  29993.99
Transfer/sec:      4.52MB
