Running 10m test @ http://localhost:9999/math/plus?x=1&y=2
  16 threads and 400 connections
  Thread calibration: mean lat.: 4.230ms, rate sampling interval: 23ms
  Thread calibration: mean lat.: 4.248ms, rate sampling interval: 23ms
  Thread calibration: mean lat.: 3.882ms, rate sampling interval: 21ms
  Thread calibration: mean lat.: 4.425ms, rate sampling interval: 26ms
  Thread calibration: mean lat.: 4.197ms, rate sampling interval: 23ms
  Thread calibration: mean lat.: 3.943ms, rate sampling interval: 21ms
  Thread calibration: mean lat.: 4.018ms, rate sampling interval: 22ms
  Thread calibration: mean lat.: 4.076ms, rate sampling interval: 23ms
  Thread calibration: mean lat.: 3.934ms, rate sampling interval: 21ms
  Thread calibration: mean lat.: 4.688ms, rate sampling interval: 26ms
  Thread calibration: mean lat.: 4.092ms, rate sampling interval: 23ms
  Thread calibration: mean lat.: 4.479ms, rate sampling interval: 24ms
  Thread calibration: mean lat.: 4.207ms, rate sampling interval: 23ms
  Thread calibration: mean lat.: 4.203ms, rate sampling interval: 23ms
  Thread calibration: mean lat.: 4.600ms, rate sampling interval: 26ms
  Thread calibration: mean lat.: 3.905ms, rate sampling interval: 21ms
  Thread Stats   Avg      Stdev     Max   +/- Stdev
    Latency     4.95ms    9.54ms 190.59ms   89.33%
    Req/Sec     1.92k   470.36     5.32k    78.16%
  Latency Distribution (HdrHistogram - Recorded Latency)
 50.000%    1.25ms
 75.000%    3.12ms
 90.000%   15.61ms
 99.000%   46.24ms
 99.900%   70.85ms
 99.990%   98.50ms
 99.999%  126.65ms
100.000%  190.72ms

  Detailed Percentile spectrum:
       Value   Percentile   TotalCount 1/(1-Percentile)

       0.067     0.000000            1         1.00
       0.458     0.100000      1772349         1.11
       0.675     0.200000      3539864         1.25
       0.871     0.300000      5313752         1.43
       1.058     0.400000      7083573         1.67
       1.251     0.500000      8852997         2.00
       1.363     0.550000      9734330         2.22
       1.500     0.600000     10619778         2.50
       1.686     0.650000     11505148         2.86
       2.012     0.700000     12387811         3.33
       3.115     0.750000     13271961         4.00
       4.195     0.775000     13715167         4.44
       5.551     0.800000     14157316         5.00
       7.151     0.825000     14599261         5.71
       9.175     0.850000     15043017         6.67
      11.863     0.875000     15484789         8.00
      13.591     0.887500     15705456         8.89
      15.615     0.900000     15926874        10.00
      17.823     0.912500     16147838        11.43
      20.287     0.925000     16369671        13.33
      23.119     0.937500     16590960        16.00
      24.671     0.943750     16700802        17.78
      26.399     0.950000     16812047        20.00
      28.319     0.956250     16921711        22.86
      30.463     0.962500     17032297        26.67
      32.863     0.968750     17143483        32.00
      34.207     0.971875     17198834        35.56
      35.679     0.975000     17253808        40.00
      37.311     0.978125     17309718        45.71
      39.135     0.981250     17364909        53.33
      41.279     0.984375     17419827        64.00
      42.495     0.985938     17447588        71.11
      43.775     0.987500     17474909        80.00
      45.247     0.989062     17502554        91.43
      46.911     0.990625     17530064       106.67
      48.895     0.992188     17557928       128.00
      49.983     0.992969     17571505       142.22
      51.199     0.993750     17585392       160.00
      52.607     0.994531     17599315       182.86
      54.239     0.995313     17613073       213.33
      56.191     0.996094     17626939       256.00
      57.279     0.996484     17633756       284.44
      58.527     0.996875     17640670       320.00
      59.967     0.997266     17647629       365.71
      61.631     0.997656     17654537       426.67
      63.487     0.998047     17661329       512.00
      64.607     0.998242     17664855       568.89
      65.919     0.998437     17668355       640.00
      67.327     0.998633     17671772       731.43
      69.055     0.998828     17675241       853.33
      71.103     0.999023     17678680      1024.00
      72.319     0.999121     17680385      1137.78
      73.663     0.999219     17682124      1280.00
      75.135     0.999316     17683802      1462.86
      76.863     0.999414     17685532      1706.67
      79.103     0.999512     17687275      2048.00
      80.383     0.999561     17688117      2275.56
      81.919     0.999609     17688996      2560.00
      83.647     0.999658     17689865      2925.71
      85.503     0.999707     17690709      3413.33
      87.679     0.999756     17691588      4096.00
      88.959     0.999780     17692012      4551.11
      90.239     0.999805     17692437      5120.00
      91.967     0.999829     17692879      5851.43
      93.823     0.999854     17693295      6826.67
      96.063     0.999878     17693734      8192.00
      97.279     0.999890     17693945      9102.22
      98.815     0.999902     17694173     10240.00
     100.223     0.999915     17694376     11702.86
     101.951     0.999927     17694596     13653.33
     104.255     0.999939     17694809     16384.00
     105.407     0.999945     17694917     18204.44
     106.879     0.999951     17695026     20480.00
     108.479     0.999957     17695132     23405.71
     110.527     0.999963     17695242     27306.67
     112.767     0.999969     17695347     32768.00
     114.175     0.999973     17695401     36408.89
     115.647     0.999976     17695460     40960.00
     117.311     0.999979     17695509     46811.43
     119.039     0.999982     17695563     54613.33
     121.535     0.999985     17695617     65536.00
     122.815     0.999986     17695645     72817.78
     124.543     0.999988     17695672     81920.00
     126.015     0.999989     17695699     93622.86
     127.551     0.999991     17695725    109226.67
     129.471     0.999992     17695752    131072.00
     130.815     0.999993     17695766    145635.56
     132.479     0.999994     17695780    163840.00
     133.631     0.999995     17695794    187245.71
     136.063     0.999995     17695806    218453.33
     139.519     0.999996     17695822    262144.00
     140.671     0.999997     17695828    291271.11
     142.079     0.999997     17695833    327680.00
     144.383     0.999997     17695840    374491.43
     147.199     0.999998     17695847    436906.67
     149.503     0.999998     17695854    524288.00
     152.575     0.999998     17695858    582542.22
     153.087     0.999998     17695860    655360.00
     156.543     0.999999     17695864    748982.86
     158.207     0.999999     17695867    873813.33
     161.023     0.999999     17695871   1048576.00
     161.407     0.999999     17695872   1165084.44
     162.175     0.999999     17695874   1310720.00
     165.759     0.999999     17695876   1497965.71
     168.703     0.999999     17695877   1747626.67
     169.599     1.000000     17695879   2097152.00
     172.287     1.000000     17695880   2330168.89
     173.183     1.000000     17695881   2621440.00
     173.695     1.000000     17695882   2995931.43
     173.695     1.000000     17695882   3495253.33
     177.151     1.000000     17695883   4194304.00
     179.455     1.000000     17695884   4660337.78
     179.455     1.000000     17695884   5242880.00
     180.351     1.000000     17695885   5991862.86
     180.351     1.000000     17695885   6990506.67
     180.351     1.000000     17695885   8388608.00
     182.527     1.000000     17695886   9320675.55
     182.527     1.000000     17695886  10485760.00
     182.527     1.000000     17695886  11983725.71
     182.527     1.000000     17695886  13981013.34
     182.527     1.000000     17695886  16777216.00
     190.719     1.000000     17695887  18641351.10
     190.719     1.000000     17695887          inf
#[Mean    =        4.948, StdDeviation   =        9.536]
#[Max     =      190.592, Total count    =     17695887]
#[Buckets =           27, SubBuckets     =         2048]
----------------------------------------------------------
  17996095 requests in 10.00m, 2.65GB read
Requests/sec:  29993.55
Transfer/sec:      4.52MB
