Running 10m test @ http://localhost:9999/math/plus?x=1&y=2
  16 threads and 400 connections
  Thread calibration: mean lat.: 481.523ms, rate sampling interval: 2828ms
  Thread calibration: mean lat.: 450.793ms, rate sampling interval: 2549ms
  Thread calibration: mean lat.: 443.123ms, rate sampling interval: 2674ms
  Thread calibration: mean lat.: 424.135ms, rate sampling interval: 2758ms
  Thread calibration: mean lat.: 367.413ms, rate sampling interval: 2404ms
  Thread calibration: mean lat.: 358.433ms, rate sampling interval: 2283ms
  Thread calibration: mean lat.: 392.359ms, rate sampling interval: 2734ms
  Thread calibration: mean lat.: 512.840ms, rate sampling interval: 3098ms
  Thread calibration: mean lat.: 511.859ms, rate sampling interval: 3450ms
  Thread calibration: mean lat.: 539.511ms, rate sampling interval: 3172ms
  Thread calibration: mean lat.: 592.224ms, rate sampling interval: 3434ms
  Thread calibration: mean lat.: 541.059ms, rate sampling interval: 3424ms
  Thread calibration: mean lat.: 560.379ms, rate sampling interval: 3270ms
  Thread calibration: mean lat.: 551.004ms, rate sampling interval: 3946ms
  Thread calibration: mean lat.: 515.170ms, rate sampling interval: 3168ms
  Thread calibration: mean lat.: 375.516ms, rate sampling interval: 2379ms
  Thread Stats   Avg      Stdev     Max   +/- Stdev
    Latency    30.76s    50.38s    5.93m    84.80%
    Req/Sec     2.74k   170.36     3.41k    67.93%
  Latency Distribution (HdrHistogram - Recorded Latency)
 50.000%  918.02ms
 75.000%   46.63s 
 90.000%    1.83m 
 99.000%    3.37m 
 99.900%    4.81m 
 99.990%    5.57m 
 99.999%    5.89m 
100.000%    5.94m 

  Detailed Percentile spectrum:
       Value   Percentile   TotalCount 1/(1-Percentile)

       0.107     0.000000            1         1.00
       9.247     0.100000      2579079         1.11
      36.031     0.200000      5157377         1.25
     102.719     0.300000      7734793         1.43
     276.991     0.400000     10312542         1.67
     918.015     0.500000     12889780         2.00
    2549.759     0.550000     14178346         2.22
    9084.927     0.600000     15467649         2.50
   20103.167     0.650000     16757567         2.86
   32604.159     0.700000     18046206         3.33
   46628.863     0.750000     19335537         4.00
   52592.639     0.775000     19980686         4.44
   60719.103     0.800000     20623088         5.00
   71041.023     0.825000     21269756         5.71
   82182.143     0.850000     21912444         6.67
   95748.095     0.875000     22557452         8.00
  102432.767     0.887500     22881470         8.89
  109641.727     0.900000     23201184        10.00
  116654.079     0.912500     23524682        11.43
  123666.431     0.925000     23846340        13.33
  133169.151     0.937500     24168578        16.00
  138936.319     0.943750     24331889        17.78
  144965.631     0.950000     24489813        20.00
  151650.303     0.956250     24650801        22.86
  157810.687     0.962500     24814277        26.67
  164364.287     0.968750     24975206        32.00
  167772.159     0.971875     25056002        35.56
  170917.887     0.975000     25136607        40.00
  174063.615     0.978125     25214915        45.71
  178126.847     0.981250     25297047        53.33
  183762.943     0.984375     25376042        64.00
  187826.175     0.985938     25416296        71.11
  192413.695     0.987500     25456828        80.00
  198049.791     0.989062     25496973        91.43
  205127.679     0.990625     25537339       106.67
  213254.143     0.992188     25577411       128.00
  217972.735     0.992969     25597291       142.22
  223346.687     0.993750     25617712       160.00
  228982.783     0.994531     25637771       182.86
  235405.311     0.995313     25657982       213.33
  242352.127     0.996094     25678057       256.00
  246022.143     0.996484     25688069       284.44
  251002.879     0.996875     25698129       320.00
  256114.687     0.997266     25708042       365.71
  261750.783     0.997656     25718154       426.67
  268304.383     0.998047     25728187       512.00
  271843.327     0.998242     25733345       568.89
  275251.199     0.998437     25738336       640.00
  279445.503     0.998633     25743320       731.43
  283901.951     0.998828     25748498       853.33
  289144.831     0.999023     25753550      1024.00
  291766.271     0.999121     25755874      1137.78
  295174.143     0.999219     25758412      1280.00
  298319.871     0.999316     25760947      1462.86
  302252.031     0.999414     25763478      1706.67
  306446.335     0.999512     25766065      2048.00
  308543.487     0.999561     25767320      2275.56
  311164.927     0.999609     25768582      2560.00
  313524.223     0.999658     25769749      2925.71
  316669.951     0.999707     25770978      3413.33
  319815.679     0.999756     25772240      4096.00
  321650.687     0.999780     25772900      4551.11
  323223.551     0.999805     25773506      5120.00
  325582.847     0.999829     25774126      5851.43
  327942.143     0.999854     25774797      6826.67
  331087.871     0.999878     25775413      8192.00
  332660.735     0.999890     25775717      9102.22
  334233.599     0.999902     25776015     10240.00
  336068.607     0.999915     25776324     11702.86
  338165.759     0.999927     25776645     13653.33
  340262.911     0.999939     25777009     16384.00
  340787.199     0.999945     25777130     18204.44
  341573.631     0.999951     25777280     20480.00
  342622.207     0.999957     25777438     23405.71
  344195.071     0.999963     25777585     27306.67
  346030.079     0.999969     25777757     32768.00
  346816.511     0.999973     25777825     36408.89
  347602.943     0.999976     25777911     40960.00
  348651.519     0.999979     25777981     46811.43
  349700.095     0.999982     25778075     54613.33
  350486.527     0.999985     25778138     65536.00
  351272.959     0.999986     25778170     72817.78
  352059.391     0.999988     25778212     81920.00
  352845.823     0.999989     25778260     93622.86
  353370.111     0.999991     25778301    109226.67
  353894.399     0.999992     25778336    131072.00
  354156.543     0.999993     25778359    145635.56
  354418.687     0.999994     25778376    163840.00
  354680.831     0.999995     25778398    187245.71
  354942.975     0.999995     25778419    218453.33
  355205.119     0.999996     25778433    262144.00
  355467.263     0.999997     25778450    291271.11
  355467.263     0.999997     25778450    327680.00
  355729.407     0.999997     25778485    374491.43
  355729.407     0.999998     25778485    436906.67
  355729.407     0.999998     25778485    524288.00
  355729.407     0.999998     25778485    582542.22
  355729.407     0.999998     25778485    655360.00
  355991.551     0.999999     25778499    748982.86
  355991.551     0.999999     25778499    873813.33
  355991.551     0.999999     25778499   1048576.00
  356253.695     0.999999     25778522   1165084.44
  356253.695     1.000000     25778522          inf
#[Mean    =    30758.632, StdDeviation   =    50384.191]
#[Max     =   355991.552, Total count    =     25778522]
#[Buckets =           27, SubBuckets     =         2048]
----------------------------------------------------------
  26222291 requests in 10.00m, 3.86GB read
Requests/sec:  43703.92
Transfer/sec:      6.59MB
