Running 10m test @ http://localhost:9999/math/plus?x=1&y=2
  16 threads and 400 connections
  Thread calibration: mean lat.: 340.680ms, rate sampling interval: 1481ms
  Thread calibration: mean lat.: 374.249ms, rate sampling interval: 1837ms
  Thread calibration: mean lat.: 488.213ms, rate sampling interval: 2682ms
  Thread calibration: mean lat.: 342.450ms, rate sampling interval: 1692ms
  Thread calibration: mean lat.: 296.826ms, rate sampling interval: 1771ms
  Thread calibration: mean lat.: 472.919ms, rate sampling interval: 2355ms
  Thread calibration: mean lat.: 407.216ms, rate sampling interval: 2073ms
  Thread calibration: mean lat.: 526.445ms, rate sampling interval: 3084ms
  Thread calibration: mean lat.: 541.911ms, rate sampling interval: 3190ms
  Thread calibration: mean lat.: 470.308ms, rate sampling interval: 2408ms
  Thread calibration: mean lat.: 437.089ms, rate sampling interval: 2439ms
  Thread calibration: mean lat.: 268.188ms, rate sampling interval: 1317ms
  Thread calibration: mean lat.: 393.078ms, rate sampling interval: 2576ms
  Thread calibration: mean lat.: 362.453ms, rate sampling interval: 1965ms
  Thread calibration: mean lat.: 328.311ms, rate sampling interval: 2119ms
  Thread calibration: mean lat.: 311.108ms, rate sampling interval: 1474ms
  Thread Stats   Avg      Stdev     Max   +/- Stdev
    Latency    34.27s    45.21s    5.75m    86.47%
    Req/Sec     2.72k   144.05     3.39k    69.48%
  Latency Distribution (HdrHistogram - Recorded Latency)
 50.000%   18.22s 
 75.000%   42.99s 
 90.000%    1.66m 
 99.000%    3.34m 
 99.900%    4.51m 
 99.990%    5.35m 
 99.999%    5.70m 
100.000%    5.75m 

  Detailed Percentile spectrum:
       Value   Percentile   TotalCount 1/(1-Percentile)

       0.125     0.000000            1         1.00
      78.847     0.100000      2554469         1.11
     677.887     0.200000      5107530         1.25
    5328.895     0.300000      7661906         1.43
   11452.415     0.400000     10218030         1.67
   18219.007     0.500000     12772177         2.00
   22183.935     0.550000     14048036         2.22
   26099.711     0.600000     15325821         2.50
   30654.463     0.650000     16599816         2.86
   35979.263     0.700000     17881665         3.33
   42991.615     0.750000     19153872         4.00
   47906.815     0.775000     19794742         4.44
   54427.647     0.800000     20432244         5.00
   62357.503     0.825000     21068629         5.71
   72351.743     0.850000     21708871         6.67
   84869.119     0.875000     22346644         8.00
   91947.007     0.887500     22665607         8.89
   99549.183     0.900000     22985204        10.00
  107806.719     0.912500     23304052        11.43
  116785.151     0.925000     23622638        13.33
  126943.231     0.937500     23941628        16.00
  132710.399     0.943750     24101948        17.78
  138280.959     0.950000     24264207        20.00
  143785.983     0.956250     24420348        22.86
  149684.223     0.962500     24580558        26.67
  155713.535     0.968750     24743187        32.00
  158597.119     0.971875     24821759        35.56
  162398.207     0.975000     24899399        40.00
  167378.943     0.978125     24979645        45.71
  173539.327     0.981250     25060036        53.33
  181272.575     0.984375     25138693        64.00
  185991.167     0.985938     25179384        71.11
  191234.047     0.987500     25219251        80.00
  196870.143     0.989062     25258517        91.43
  203030.527     0.990625     25298189       106.67
  209715.199     0.992188     25338762       128.00
  213385.215     0.992969     25358373       142.22
  217579.519     0.993750     25378308       160.00
  222167.039     0.994531     25398272       182.86
  227409.919     0.995313     25418129       213.33
  233701.375     0.996094     25438167       256.00
  237109.247     0.996484     25448134       284.44
  241041.407     0.996875     25458000       320.00
  244973.567     0.997266     25468105       365.71
  249167.871     0.997656     25477752       426.67
  253624.319     0.998047     25487920       512.00
  255852.543     0.998242     25492808       568.89
  258342.911     0.998437     25497736       640.00
  261619.711     0.998633     25502752       731.43
  265945.087     0.998828     25507744       853.33
  271581.183     0.999023     25512778      1024.00
  274202.623     0.999121     25515337      1137.78
  277610.495     0.999219     25517725      1280.00
  281804.799     0.999316     25520239      1462.86
  286261.247     0.999414     25522719      1706.67
  290455.551     0.999512     25525205      2048.00
  292814.847     0.999561     25526457      2275.56
  297009.151     0.999609     25527694      2560.00
  301203.455     0.999658     25528894      2925.71
  305397.759     0.999707     25530202      3413.33
  309329.919     0.999756     25531363      4096.00
  311164.927     0.999780     25531984      4551.11
  312999.935     0.999805     25532604      5120.00
  315359.231     0.999829     25533274      5851.43
  317194.239     0.999854     25533866      6826.67
  319029.247     0.999878     25534494      8192.00
  320077.823     0.999890     25534808      9102.22
  321126.399     0.999902     25535115     10240.00
  322174.975     0.999915     25535432     11702.86
  325582.847     0.999927     25535734     13653.33
  328728.575     0.999939     25536047     16384.00
  330301.439     0.999945     25536184     18204.44
  332136.447     0.999951     25536343     20480.00
  333709.311     0.999957     25536508     23405.71
  335282.175     0.999963     25536654     27306.67
  337379.327     0.999969     25536809     32768.00
  338165.759     0.999973     25536887     36408.89
  338952.191     0.999976     25536992     40960.00
  339476.479     0.999979     25537043     46811.43
  340262.911     0.999982     25537122     54613.33
  340787.199     0.999985     25537197     65536.00
  341311.487     0.999986     25537238     72817.78
  341835.775     0.999988     25537302     81920.00
  342097.919     0.999989     25537331     93622.86
  342622.207     0.999991     25537370    109226.67
  342884.351     0.999992     25537391    131072.00
  343408.639     0.999993     25537442    145635.56
  343408.639     0.999994     25537442    163840.00
  343670.783     0.999995     25537453    187245.71
  343932.927     0.999995     25537482    218453.33
  344195.071     0.999996     25537505    262144.00
  344195.071     0.999997     25537505    291271.11
  344457.215     0.999997     25537547    327680.00
  344457.215     0.999997     25537547    374491.43
  344457.215     0.999998     25537547    436906.67
  344457.215     0.999998     25537547    524288.00
  344457.215     0.999998     25537547    582542.22
  344457.215     0.999998     25537547    655360.00
  344719.359     0.999999     25537562    748982.86
  344719.359     0.999999     25537562    873813.33
  344719.359     0.999999     25537562   1048576.00
  344981.503     0.999999     25537585   1165084.44
  344981.503     1.000000     25537585          inf
#[Mean    =    34266.417, StdDeviation   =    45209.469]
#[Max     =   344719.360, Total count    =     25537585]
#[Buckets =           27, SubBuckets     =         2048]
----------------------------------------------------------
  25992873 requests in 10.00m, 3.82GB read
Requests/sec:  43321.56
Transfer/sec:      6.53MB
