Running 10m test @ http://localhost:9999/math/plus?x=1&y=2
  16 threads and 400 connections
  Thread calibration: mean lat.: 1.383ms, rate sampling interval: 10ms
  Thread calibration: mean lat.: 1.504ms, rate sampling interval: 10ms
  Thread calibration: mean lat.: 1.424ms, rate sampling interval: 10ms
  Thread calibration: mean lat.: 1.462ms, rate sampling interval: 10ms
  Thread calibration: mean lat.: 1.412ms, rate sampling interval: 10ms
  Thread calibration: mean lat.: 1.478ms, rate sampling interval: 10ms
  Thread calibration: mean lat.: 1.425ms, rate sampling interval: 10ms
  Thread calibration: mean lat.: 1.380ms, rate sampling interval: 10ms
  Thread calibration: mean lat.: 1.400ms, rate sampling interval: 10ms
  Thread calibration: mean lat.: 1.386ms, rate sampling interval: 10ms
  Thread calibration: mean lat.: 1.458ms, rate sampling interval: 10ms
  Thread calibration: mean lat.: 1.920ms, rate sampling interval: 10ms
  Thread calibration: mean lat.: 1.834ms, rate sampling interval: 10ms
  Thread calibration: mean lat.: 1.431ms, rate sampling interval: 10ms
  Thread calibration: mean lat.: 1.788ms, rate sampling interval: 10ms
  Thread calibration: mean lat.: 1.440ms, rate sampling interval: 10ms
  Thread Stats   Avg      Stdev     Max   +/- Stdev
    Latency     1.59ms    1.11ms  30.18ms   83.48%
    Req/Sec   659.07    556.13     2.78k    72.85%
  Latency Distribution (HdrHistogram - Recorded Latency)
 50.000%    1.35ms
 75.000%    1.95ms
 90.000%    2.77ms
 99.000%    5.64ms
 99.900%   10.98ms
 99.990%   16.80ms
 99.999%   21.52ms
100.000%   30.19ms

  Detailed Percentile spectrum:
       Value   Percentile   TotalCount 1/(1-Percentile)

       0.071     0.000000            1         1.00
       0.591     0.100000       590702         1.11
       0.811     0.200000      1179742         1.25
       1.002     0.300000      1770791         1.43
       1.177     0.400000      2360110         1.67
       1.347     0.500000      2950186         2.00
       1.440     0.550000      3247169         2.22
       1.543     0.600000      3540670         2.50
       1.659     0.650000      3834996         2.86
       1.791     0.700000      4130875         3.33
       1.945     0.750000      4424071         4.00
       2.035     0.775000      4572166         4.44
       2.137     0.800000      4719973         5.00
       2.255     0.825000      4868539         5.71
       2.391     0.850000      5014189         6.67
       2.559     0.875000      5162301         8.00
       2.657     0.887500      5235480         8.89
       2.769     0.900000      5309205        10.00
       2.899     0.912500      5383341        11.43
       3.051     0.925000      5456793        13.33
       3.235     0.937500      5530451        16.00
       3.341     0.943750      5566910        17.78
       3.465     0.950000      5603769        20.00
       3.611     0.956250      5640842        22.86
       3.785     0.962500      5677603        26.67
       3.997     0.968750      5714289        32.00
       4.123     0.971875      5732623        35.56
       4.271     0.975000      5751232        40.00
       4.443     0.978125      5769615        45.71
       4.651     0.981250      5787966        53.33
       4.911     0.984375      5806441        64.00
       5.071     0.985938      5815717        71.11
       5.255     0.987500      5824819        80.00
       5.479     0.989062      5834041        91.43
       5.751     0.990625      5843252       106.67
       6.099     0.992188      5852462       128.00
       6.315     0.992969      5857041       142.22
       6.567     0.993750      5861621       160.00
       6.867     0.994531      5866279       182.86
       7.219     0.995313      5870863       213.33
       7.639     0.996094      5875459       256.00
       7.875     0.996484      5877780       284.44
       8.123     0.996875      5880065       320.00
       8.415     0.997266      5882401       365.71
       8.743     0.997656      5884673       426.67
       9.175     0.998047      5887001       512.00
       9.407     0.998242      5888121       568.89
       9.711     0.998437      5889284       640.00
      10.071     0.998633      5890438       731.43
      10.527     0.998828      5891589       853.33
      11.063     0.999023      5892733      1024.00
      11.431     0.999121      5893308      1137.78
      11.823     0.999219      5893883      1280.00
      12.175     0.999316      5894453      1462.86
      12.535     0.999414      5895040      1706.67
      12.967     0.999512      5895605      2048.00
      13.199     0.999561      5895892      2275.56
      13.543     0.999609      5896184      2560.00
      13.887     0.999658      5896468      2925.71
      14.271     0.999707      5896760      3413.33
      14.759     0.999756      5897044      4096.00
      15.071     0.999780      5897189      4551.11
      15.503     0.999805      5897332      5120.00
      15.807     0.999829      5897477      5851.43
      16.095     0.999854      5897621      6826.67
      16.415     0.999878      5897767      8192.00
      16.575     0.999890      5897836      9102.22
      16.847     0.999902      5897913     10240.00
      17.151     0.999915      5897981     11702.86
      17.407     0.999927      5898052     13653.33
      17.807     0.999939      5898126     16384.00
      18.015     0.999945      5898160     18204.44
      18.303     0.999951      5898197     20480.00
      18.591     0.999957      5898232     23405.71
      18.959     0.999963      5898268     27306.67
      19.407     0.999969      5898304     32768.00
      19.599     0.999973      5898322     36408.89
      19.871     0.999976      5898340     40960.00
      20.079     0.999979      5898358     46811.43
      20.287     0.999982      5898376     54613.33
      20.591     0.999985      5898394     65536.00
      20.815     0.999986      5898403     72817.78
      21.135     0.999988      5898412     81920.00
      21.407     0.999989      5898421     93622.86
      21.599     0.999991      5898431    109226.67
      21.951     0.999992      5898440    131072.00
      22.207     0.999993      5898444    145635.56
      22.431     0.999994      5898448    163840.00
      22.687     0.999995      5898453    187245.71
      22.831     0.999995      5898457    218453.33
      23.391     0.999996      5898462    262144.00
      23.759     0.999997      5898464    291271.11
      23.871     0.999997      5898466    327680.00
      23.951     0.999997      5898469    374491.43
      23.983     0.999998      5898471    436906.67
      24.143     0.999998      5898474    524288.00
      24.143     0.999998      5898474    582542.22
      24.207     0.999998      5898475    655360.00
      24.463     0.999999      5898477    748982.86
      24.655     0.999999      5898478    873813.33
      25.151     0.999999      5898479   1048576.00
      25.151     0.999999      5898479   1165084.44
      25.871     0.999999      5898480   1310720.00
      26.303     0.999999      5898481   1497965.71
      26.303     0.999999      5898481   1747626.67
      26.815     1.000000      5898482   2097152.00
      26.815     1.000000      5898482   2330168.89
      26.815     1.000000      5898482   2621440.00
      27.087     1.000000      5898483   2995931.43
      27.087     1.000000      5898483   3495253.33
      27.087     1.000000      5898483   4194304.00
      27.087     1.000000      5898483   4660337.78
      27.087     1.000000      5898483   5242880.00
      30.191     1.000000      5898484   5991862.86
      30.191     1.000000      5898484          inf
#[Mean    =        1.587, StdDeviation   =        1.108]
#[Max     =       30.176, Total count    =      5898484]
#[Buckets =           27, SubBuckets     =         2048]
----------------------------------------------------------
  5997600 requests in 10.00m, 0.88GB read
Requests/sec:   9995.72
Transfer/sec:      1.51MB
