Running 10m test @ http://localhost:9999/math/plus?x=1&y=2
  16 threads and 400 connections
  Thread calibration: mean lat.: 1.418ms, rate sampling interval: 10ms
  Thread calibration: mean lat.: 2.041ms, rate sampling interval: 10ms
  Thread calibration: mean lat.: 2.346ms, rate sampling interval: 10ms
  Thread calibration: mean lat.: 1.905ms, rate sampling interval: 10ms
  Thread calibration: mean lat.: 2.015ms, rate sampling interval: 10ms
  Thread calibration: mean lat.: 1.930ms, rate sampling interval: 10ms
  Thread calibration: mean lat.: 1.843ms, rate sampling interval: 10ms
  Thread calibration: mean lat.: 1.437ms, rate sampling interval: 10ms
  Thread calibration: mean lat.: 1.986ms, rate sampling interval: 10ms
  Thread calibration: mean lat.: 1.990ms, rate sampling interval: 10ms
  Thread calibration: mean lat.: 2.033ms, rate sampling interval: 10ms
  Thread calibration: mean lat.: 1.934ms, rate sampling interval: 10ms
  Thread calibration: mean lat.: 1.817ms, rate sampling interval: 10ms
  Thread calibration: mean lat.: 2.092ms, rate sampling interval: 10ms
  Thread calibration: mean lat.: 2.217ms, rate sampling interval: 10ms
  Thread calibration: mean lat.: 2.161ms, rate sampling interval: 10ms
  Thread Stats   Avg      Stdev     Max   +/- Stdev
    Latency     2.22ms    1.82ms  27.50ms   85.72%
    Req/Sec   659.51    600.30     2.78k    69.99%
  Latency Distribution (HdrHistogram - Recorded Latency)
 50.000%    1.63ms
 75.000%    2.64ms
 90.000%    4.55ms
 99.000%    9.15ms
 99.900%   12.19ms
 99.990%   15.80ms
 99.999%   21.09ms
100.000%   27.52ms

  Detailed Percentile spectrum:
       Value   Percentile   TotalCount 1/(1-Percentile)

       0.075     0.000000            1         1.00
       0.719     0.100000       591090         1.11
       0.980     0.200000      1181665         1.25
       1.193     0.300000      1770901         1.43
       1.395     0.400000      2359620         1.67
       1.632     0.500000      2950126         2.00
       1.769     0.550000      3244719         2.22
       1.922     0.600000      3539657         2.50
       2.105     0.650000      3835122         2.86
       2.337     0.700000      4130536         3.33
       2.641     0.750000      4425294         4.00
       2.831     0.775000      4572255         4.44
       3.057     0.800000      4720079         5.00
       3.323     0.825000      4867320         5.71
       3.641     0.850000      5014126         6.67
       4.047     0.875000      5161849         8.00
       4.283     0.887500      5235202         8.89
       4.555     0.900000      5309513        10.00
       4.871     0.912500      5382945        11.43
       5.243     0.925000      5456540        13.33
       5.679     0.937500      5530185        16.00
       5.931     0.943750      5567330        17.78
       6.207     0.950000      5604108        20.00
       6.503     0.956250      5640833        22.86
       6.827     0.962500      5677772        26.67
       7.191     0.968750      5714591        32.00
       7.391     0.971875      5732781        35.56
       7.611     0.975000      5751375        40.00
       7.855     0.978125      5769884        45.71
       8.119     0.981250      5788121        53.33
       8.431     0.984375      5806635        64.00
       8.607     0.985938      5816055        71.11
       8.791     0.987500      5824941        80.00
       9.007     0.989062      5834247        91.43
       9.247     0.990625      5843374       106.67
       9.535     0.992188      5852720       128.00
       9.695     0.992969      5857322       142.22
       9.871     0.993750      5861875       160.00
      10.071     0.994531      5866525       182.86
      10.303     0.995313      5871159       213.33
      10.559     0.996094      5875697       256.00
      10.703     0.996484      5877946       284.44
      10.863     0.996875      5880246       320.00
      11.039     0.997266      5882539       365.71
      11.231     0.997656      5884875       426.67
      11.439     0.998047      5887140       512.00
      11.567     0.998242      5888319       568.89
      11.703     0.998437      5889435       640.00
      11.863     0.998633      5890626       731.43
      12.023     0.998828      5891756       853.33
      12.215     0.999023      5892917      1024.00
      12.327     0.999121      5893476      1137.78
      12.463     0.999219      5894068      1280.00
      12.607     0.999316      5894630      1462.86
      12.783     0.999414      5895212      1706.67
      13.015     0.999512      5895777      2048.00
      13.159     0.999561      5896063      2275.56
      13.343     0.999609      5896363      2560.00
      13.535     0.999658      5896636      2925.71
      13.823     0.999707      5896928      3413.33
      14.135     0.999756      5897215      4096.00
      14.303     0.999780      5897355      4551.11
      14.503     0.999805      5897500      5120.00
      14.759     0.999829      5897644      5851.43
      15.071     0.999854      5897791      6826.67
      15.375     0.999878      5897932      8192.00
      15.623     0.999890      5898003      9102.22
      15.847     0.999902      5898075     10240.00
      16.063     0.999915      5898148     11702.86
      16.351     0.999927      5898220     13653.33
      16.687     0.999939      5898293     16384.00
      17.007     0.999945      5898327     18204.44
      17.295     0.999951      5898365     20480.00
      17.663     0.999957      5898399     23405.71
      18.015     0.999963      5898435     27306.67
      18.623     0.999969      5898472     32768.00
      18.911     0.999973      5898490     36408.89
      19.135     0.999976      5898509     40960.00
      19.359     0.999979      5898525     46811.43
      19.919     0.999982      5898543     54613.33
      20.223     0.999985      5898562     65536.00
      20.367     0.999986      5898570     72817.78
      20.767     0.999988      5898579     81920.00
      21.007     0.999989      5898588     93622.86
      21.423     0.999991      5898597    109226.67
      21.887     0.999992      5898606    131072.00
      22.159     0.999993      5898611    145635.56
      22.415     0.999994      5898615    163840.00
      22.591     0.999995      5898620    187245.71
      23.055     0.999995      5898625    218453.33
      23.247     0.999996      5898629    262144.00
      23.359     0.999997      5898631    291271.11
      23.471     0.999997      5898633    327680.00
      23.647     0.999997      5898636    374491.43
      23.711     0.999998      5898638    436906.67
      23.807     0.999998      5898640    524288.00
      23.871     0.999998      5898641    582542.22
      24.079     0.999998      5898642    655360.00
      24.127     0.999999      5898644    748982.86
      24.303     0.999999      5898645    873813.33
      25.327     0.999999      5898646   1048576.00
      25.327     0.999999      5898646   1165084.44
      25.663     0.999999      5898647   1310720.00
      25.791     0.999999      5898648   1497965.71
      25.791     0.999999      5898648   1747626.67
      27.007     1.000000      5898649   2097152.00
      27.007     1.000000      5898649   2330168.89
      27.007     1.000000      5898649   2621440.00
      27.071     1.000000      5898650   2995931.43
      27.071     1.000000      5898650   3495253.33
      27.071     1.000000      5898650   4194304.00
      27.071     1.000000      5898650   4660337.78
      27.071     1.000000      5898650   5242880.00
      27.519     1.000000      5898651   5991862.86
      27.519     1.000000      5898651          inf
#[Mean    =        2.217, StdDeviation   =        1.821]
#[Max     =       27.504, Total count    =      5898651]
#[Buckets =           27, SubBuckets     =         2048]
----------------------------------------------------------
  5998222 requests in 10.00m, 0.88GB read
Requests/sec:   9997.01
Transfer/sec:      1.51MB
