Running 10m test @ http://localhost:9999/math/plus?x=1&y=2
  16 threads and 400 connections
  Thread calibration: mean lat.: 1.398ms, rate sampling interval: 10ms
  Thread calibration: mean lat.: 1.486ms, rate sampling interval: 10ms
  Thread calibration: mean lat.: 1.416ms, rate sampling interval: 10ms
  Thread calibration: mean lat.: 1.451ms, rate sampling interval: 10ms
  Thread calibration: mean lat.: 1.453ms, rate sampling interval: 10ms
  Thread calibration: mean lat.: 1.478ms, rate sampling interval: 10ms
  Thread calibration: mean lat.: 1.489ms, rate sampling interval: 10ms
  Thread calibration: mean lat.: 1.463ms, rate sampling interval: 10ms
  Thread calibration: mean lat.: 1.505ms, rate sampling interval: 10ms
  Thread calibration: mean lat.: 1.454ms, rate sampling interval: 10ms
  Thread calibration: mean lat.: 1.465ms, rate sampling interval: 10ms
  Thread calibration: mean lat.: 1.904ms, rate sampling interval: 10ms
  Thread calibration: mean lat.: 1.450ms, rate sampling interval: 10ms
  Thread calibration: mean lat.: 1.932ms, rate sampling interval: 10ms
  Thread calibration: mean lat.: 1.678ms, rate sampling interval: 10ms
  Thread calibration: mean lat.: 1.424ms, rate sampling interval: 10ms
  Thread Stats   Avg      Stdev     Max   +/- Stdev
    Latency     1.43ms    1.59ms  52.51ms   95.25%
    Req/Sec   658.40    494.99     3.22k    80.58%
  Latency Distribution (HdrHistogram - Recorded Latency)
 50.000%    1.15ms
 75.000%    1.57ms
 90.000%    2.10ms
 99.000%    9.11ms
 99.900%   18.46ms
 99.990%   30.13ms
 99.999%   42.65ms
100.000%   52.54ms

  Detailed Percentile spectrum:
       Value   Percentile   TotalCount 1/(1-Percentile)

       0.081     0.000000            1         1.00
       0.513     0.100000       592013         1.11
       0.698     0.200000      1180298         1.25
       0.859     0.300000      1770815         1.43
       1.008     0.400000      2361729         1.67
       1.150     0.500000      2950685         2.00
       1.221     0.550000      3246796         2.22
       1.294     0.600000      3540077         2.50
       1.375     0.650000      3837532         2.86
       1.465     0.700000      4131105         3.33
       1.568     0.750000      4424597         4.00
       1.626     0.775000      4571511         4.44
       1.692     0.800000      4720439         5.00
       1.766     0.825000      4867064         5.71
       1.853     0.850000      5014698         6.67
       1.959     0.875000      5161741         8.00
       2.024     0.887500      5235712         8.89
       2.103     0.900000      5309914        10.00
       2.203     0.912500      5382857        11.43
       2.343     0.925000      5456742        13.33
       2.553     0.937500      5530294        16.00
       2.707     0.943750      5567021        17.78
       2.913     0.950000      5603668        20.00
       3.199     0.956250      5640637        22.86
       3.607     0.962500      5677422        26.67
       4.207     0.968750      5714422        32.00
       4.619     0.971875      5732773        35.56
       5.123     0.975000      5751158        40.00
       5.723     0.978125      5769602        45.71
       6.439     0.981250      5788051        53.33
       7.271     0.984375      5806458        64.00
       7.719     0.985938      5815640        71.11
       8.215     0.987500      5824918        80.00
       8.759     0.989062      5834171        91.43
       9.359     0.990625      5843314       106.67
      10.063     0.992188      5852562       128.00
      10.487     0.992969      5857130       142.22
      10.975     0.993750      5861764       160.00
      11.503     0.994531      5866318       182.86
      12.095     0.995313      5870925       213.33
      12.823     0.996094      5875548       256.00
      13.247     0.996484      5877878       284.44
      13.719     0.996875      5880178       320.00
      14.255     0.997266      5882459       365.71
      14.871     0.997656      5884773       426.67
      15.631     0.998047      5887072       512.00
      16.063     0.998242      5888215       568.89
      16.575     0.998437      5889391       640.00
      17.119     0.998633      5890536       731.43
      17.775     0.998828      5891680       853.33
      18.575     0.999023      5892837      1024.00
      19.023     0.999121      5893388      1137.78
      19.567     0.999219      5893966      1280.00
      20.175     0.999316      5894539      1462.86
      20.815     0.999414      5895126      1706.67
      21.615     0.999512      5895699      2048.00
      22.127     0.999561      5895985      2275.56
      22.687     0.999609      5896273      2560.00
      23.391     0.999658      5896559      2925.71
      24.095     0.999707      5896847      3413.33
      25.039     0.999756      5897133      4096.00
      25.679     0.999780      5897278      4551.11
      26.383     0.999805      5897419      5120.00
      27.103     0.999829      5897563      5851.43
      27.807     0.999854      5897707      6826.67
      28.911     0.999878      5897852      8192.00
      29.519     0.999890      5897926      9102.22
      30.271     0.999902      5897995     10240.00
      31.087     0.999915      5898067     11702.86
      32.207     0.999927      5898139     13653.33
      33.119     0.999939      5898211     16384.00
      33.759     0.999945      5898247     18204.44
      34.399     0.999951      5898284     20480.00
      34.975     0.999957      5898320     23405.71
      35.935     0.999963      5898356     27306.67
      37.023     0.999969      5898391     32768.00
      37.759     0.999973      5898409     36408.89
      38.143     0.999976      5898427     40960.00
      38.815     0.999979      5898446     46811.43
      39.711     0.999982      5898465     54613.33
      40.383     0.999985      5898481     65536.00
      41.247     0.999986      5898490     72817.78
      41.695     0.999988      5898500     81920.00
      42.431     0.999989      5898508     93622.86
      43.679     0.999991      5898517    109226.67
      44.351     0.999992      5898526    131072.00
      44.895     0.999993      5898531    145635.56
      45.215     0.999994      5898535    163840.00
      45.631     0.999995      5898540    187245.71
      45.919     0.999995      5898544    218453.33
      46.943     0.999996      5898549    262144.00
      47.455     0.999997      5898551    291271.11
      47.487     0.999997      5898553    327680.00
      47.871     0.999997      5898556    374491.43
      48.159     0.999998      5898558    436906.67
      48.639     0.999998      5898560    524288.00
      48.671     0.999998      5898561    582542.22
      50.303     0.999998      5898562    655360.00
      50.879     0.999999      5898564    748982.86
      50.943     0.999999      5898565    873813.33
      51.039     0.999999      5898566   1048576.00
      51.039     0.999999      5898566   1165084.44
      51.103     0.999999      5898567   1310720.00
      51.615     0.999999      5898568   1497965.71
      51.615     0.999999      5898568   1747626.67
      52.191     1.000000      5898569   2097152.00
      52.191     1.000000      5898569   2330168.89
      52.191     1.000000      5898569   2621440.00
      52.351     1.000000      5898570   2995931.43
      52.351     1.000000      5898570   3495253.33
      52.351     1.000000      5898570   4194304.00
      52.351     1.000000      5898570   4660337.78
      52.351     1.000000      5898570   5242880.00
      52.543     1.000000      5898571   5991862.86
      52.543     1.000000      5898571          inf
#[Mean    =        1.430, StdDeviation   =        1.585]
#[Max     =       52.512, Total count    =      5898571]
#[Buckets =           27, SubBuckets     =         2048]
----------------------------------------------------------
  5997700 requests in 10.00m, 0.88GB read
Requests/sec:   9996.11
Transfer/sec:      1.51MB
