Running 10m test @ http://localhost:9999/math/plus?x=1&y=2
  16 threads and 400 connections
  Thread calibration: mean lat.: 1.478ms, rate sampling interval: 10ms
  Thread calibration: mean lat.: 1.424ms, rate sampling interval: 10ms
  Thread calibration: mean lat.: 1.509ms, rate sampling interval: 10ms
  Thread calibration: mean lat.: 1.478ms, rate sampling interval: 10ms
  Thread calibration: mean lat.: 1.420ms, rate sampling interval: 10ms
  Thread calibration: mean lat.: 1.476ms, rate sampling interval: 10ms
  Thread calibration: mean lat.: 1.522ms, rate sampling interval: 10ms
  Thread calibration: mean lat.: 1.473ms, rate sampling interval: 10ms
  Thread calibration: mean lat.: 1.448ms, rate sampling interval: 10ms
  Thread calibration: mean lat.: 1.432ms, rate sampling interval: 10ms
  Thread calibration: mean lat.: 1.480ms, rate sampling interval: 10ms
  Thread calibration: mean lat.: 1.458ms, rate sampling interval: 10ms
  Thread calibration: mean lat.: 1.467ms, rate sampling interval: 10ms
  Thread calibration: mean lat.: 1.575ms, rate sampling interval: 10ms
  Thread calibration: mean lat.: 1.420ms, rate sampling interval: 10ms
  Thread calibration: mean lat.: 1.531ms, rate sampling interval: 10ms
  Thread Stats   Avg      Stdev     Max   +/- Stdev
    Latency     1.55ms    3.75ms  83.78ms   96.27%
    Req/Sec     1.99k   340.82     6.78k    73.99%
  Latency Distribution (HdrHistogram - Recorded Latency)
 50.000%    0.93ms
 75.000%    1.27ms
 90.000%    1.62ms
 99.000%   22.08ms
 99.900%   43.87ms
 99.990%   58.56ms
 99.999%   69.57ms
100.000%   83.84ms

  Detailed Percentile spectrum:
       Value   Percentile   TotalCount 1/(1-Percentile)

       0.067     0.000000            3         1.00
       0.346     0.100000      1776783         1.11
       0.507     0.200000      3540828         1.25
       0.657     0.300000      5317548         1.43
       0.798     0.400000      7088802         1.67
       0.933     0.500000      8849176         2.00
       0.999     0.550000      9734627         2.22
       1.065     0.600000     10627990         2.50
       1.130     0.650000     11509894         2.86
       1.197     0.700000     12397339         3.33
       1.267     0.750000     13279401         4.00
       1.305     0.775000     13719040         4.44
       1.348     0.800000     14165808         5.00
       1.396     0.825000     14604826         5.71
       1.453     0.850000     15042767         6.67
       1.525     0.875000     15485178         8.00
       1.569     0.887500     15706147         8.89
       1.621     0.900000     15929009        10.00
       1.684     0.912500     16148956        11.43
       1.769     0.925000     16371117        13.33
       1.904     0.937500     16590897        16.00
       2.029     0.943750     16701188        17.78
       2.489     0.950000     16811482        20.00
       3.685     0.956250     16922066        22.86
       5.263     0.962500     17032650        26.67
       7.347     0.968750     17143263        32.00
       8.735     0.971875     17198690        35.56
      10.295     0.975000     17253929        40.00
      12.079     0.978125     17309103        45.71
      14.143     0.981250     17364464        53.33
      16.543     0.984375     17419775        64.00
      17.887     0.985938     17447498        71.11
      19.359     0.987500     17475227        80.00
      20.991     0.989062     17502707        91.43
      22.831     0.990625     17530476       106.67
      24.879     0.992188     17557972       128.00
      26.063     0.992969     17571889       142.22
      27.327     0.993750     17585644       160.00
      28.719     0.994531     17599467       182.86
      30.287     0.995313     17613330       213.33
      32.111     0.996094     17627123       256.00
      33.119     0.996484     17634035       284.44
      34.239     0.996875     17640922       320.00
      35.455     0.997266     17647853       365.71
      36.831     0.997656     17654765       426.67
      38.431     0.998047     17661647       512.00
      39.327     0.998242     17665110       568.89
      40.287     0.998437     17668556       640.00
      41.407     0.998633     17672017       731.43
      42.623     0.998828     17675483       853.33
      44.063     0.999023     17678979      1024.00
      44.895     0.999121     17680705      1137.78
      45.759     0.999219     17682387      1280.00
      46.719     0.999316     17684132      1462.86
      47.807     0.999414     17685857      1706.67
      49.087     0.999512     17687567      2048.00
      49.791     0.999561     17688446      2275.56
      50.559     0.999609     17689298      2560.00
      51.423     0.999658     17690170      2925.71
      52.383     0.999707     17691027      3413.33
      53.471     0.999756     17691895      4096.00
      54.143     0.999780     17692325      4551.11
      54.879     0.999805     17692750      5120.00
      55.615     0.999829     17693186      5851.43
      56.447     0.999854     17693617      6826.67
      57.503     0.999878     17694049      8192.00
      58.079     0.999890     17694267      9102.22
      58.719     0.999902     17694484     10240.00
      59.455     0.999915     17694692     11702.86
      60.287     0.999927     17694913     13653.33
      61.311     0.999939     17695126     16384.00
      61.791     0.999945     17695232     18204.44
      62.431     0.999951     17695339     20480.00
      63.039     0.999957     17695445     23405.71
      63.839     0.999963     17695555     27306.67
      64.575     0.999969     17695662     32768.00
      65.119     0.999973     17695719     36408.89
      65.791     0.999976     17695771     40960.00
      66.431     0.999979     17695829     46811.43
      67.007     0.999982     17695880     54613.33
      67.647     0.999985     17695936     65536.00
      68.031     0.999986     17695959     72817.78
      68.799     0.999988     17695985     81920.00
      69.247     0.999989     17696013     93622.86
      69.695     0.999991     17696039    109226.67
      70.335     0.999992     17696066    131072.00
      70.783     0.999993     17696080    145635.56
      71.103     0.999994     17696095    163840.00
      71.551     0.999995     17696107    187245.71
      71.871     0.999995     17696120    218453.33
      72.767     0.999996     17696135    262144.00
      73.023     0.999997     17696142    291271.11
      73.343     0.999997     17696147    327680.00
      73.727     0.999997     17696154    374491.43
      74.303     0.999998     17696161    436906.67
      75.007     0.999998     17696168    524288.00
      75.519     0.999998     17696171    582542.22
      75.839     0.999998     17696174    655360.00
      76.159     0.999999     17696179    748982.86
      76.479     0.999999     17696181    873813.33
      76.863     0.999999     17696185   1048576.00
      76.927     0.999999     17696186   1165084.44
      77.759     0.999999     17696188   1310720.00
      77.951     0.999999     17696190   1497965.71
      78.143     0.999999     17696192   1747626.67
      78.271     1.000000     17696193   2097152.00
      78.527     1.000000     17696194   2330168.89
      78.783     1.000000     17696195   2621440.00
      79.103     1.000000     17696196   2995931.43
      79.103     1.000000     17696196   3495253.33
      79.167     1.000000     17696197   4194304.00
      79.743     1.000000     17696198   4660337.78
      79.743     1.000000     17696198   5242880.00
      79.871     1.000000     17696199   5991862.86
      79.871     1.000000     17696199   6990506.67
      79.871     1.000000     17696199   8388608.00
      79.999     1.000000     17696200   9320675.55
      79.999     1.000000     17696200  10485760.00
      79.999     1.000000     17696200  11983725.71
      79.999     1.000000     17696200  13981013.34
      79.999     1.000000     17696200  16777216.00
      83.839     1.000000     17696201  18641351.10
      83.839     1.000000     17696201          inf
#[Mean    =        1.553, StdDeviation   =        3.753]
#[Max     =       83.776, Total count    =     17696201]
#[Buckets =           27, SubBuckets     =         2048]
----------------------------------------------------------
  17998159 requests in 10.00m, 2.65GB read
Requests/sec:  29996.96
Transfer/sec:      4.52MB
