Running 10m test @ http://localhost:9999/math/plus?x=1&y=2
  16 threads and 400 connections
  Thread calibration: mean lat.: 1143.066ms, rate sampling interval: 4919ms
  Thread calibration: mean lat.: 1332.751ms, rate sampling interval: 5603ms
  Thread calibration: mean lat.: 916.975ms, rate sampling interval: 4284ms
  Thread calibration: mean lat.: 1234.779ms, rate sampling interval: 5541ms
  Thread calibration: mean lat.: 1127.631ms, rate sampling interval: 5631ms
  Thread calibration: mean lat.: 1205.184ms, rate sampling interval: 5603ms
  Thread calibration: mean lat.: 1040.188ms, rate sampling interval: 4358ms
  Thread calibration: mean lat.: 1015.645ms, rate sampling interval: 4366ms
  Thread calibration: mean lat.: 1231.995ms, rate sampling interval: 5599ms
  Thread calibration: mean lat.: 1208.592ms, rate sampling interval: 5513ms
  Thread calibration: mean lat.: 1032.313ms, rate sampling interval: 4505ms
  Thread calibration: mean lat.: 1010.921ms, rate sampling interval: 4485ms
  Thread calibration: mean lat.: 1203.458ms, rate sampling interval: 4399ms
  Thread calibration: mean lat.: 1010.654ms, rate sampling interval: 4407ms
  Thread calibration: mean lat.: 1212.280ms, rate sampling interval: 5521ms
  Thread calibration: mean lat.: 1395.406ms, rate sampling interval: 6459ms
  Thread Stats   Avg      Stdev     Max   +/- Stdev
    Latency     0.90m     0.96m    6.44m    84.92%
    Req/Sec     2.99k   148.04     3.49k    66.47%
  Latency Distribution (HdrHistogram - Recorded Latency)
 50.000%   35.52s 
 75.000%    1.24m 
 90.000%    2.32m 
 99.000%    3.98m 
 99.900%    5.15m 
 99.990%    6.00m 
 99.999%    6.39m 
100.000%    6.44m 

  Detailed Percentile spectrum:
       Value   Percentile   TotalCount 1/(1-Percentile)

       0.164     0.000000            1         1.00
    1090.559     0.100000      2812830         1.11
    6336.511     0.200000      5624674         1.25
   15138.815     0.300000      8436661         1.43
   25968.639     0.400000     11250351         1.67
   35520.511     0.500000     14060586         2.00
   42074.111     0.550000     15469430         2.22
   48758.783     0.600000     16877381         2.50
   56328.191     0.650000     18280565         2.86
   64389.119     0.700000     19686765         3.33
   74317.823     0.750000     21090367         4.00
   81854.463     0.775000     21792148         4.44
   90636.287     0.800000     22499245         5.00
  100597.759     0.825000     23201030         5.71
  111935.487     0.850000     23900886         6.67
  124518.399     0.875000     24604899         8.00
  131727.359     0.887500     24956388         8.89
  138936.319     0.900000     25311161        10.00
  146669.567     0.912500     25663184        11.43
  155320.319     0.925000     26011179        13.33
  167641.087     0.937500     26361914        16.00
  174587.903     0.943750     26539437        17.78
  181272.575     0.950000     26713768        20.00
  188874.751     0.956250     26889567        22.86
  196870.143     0.962500     27066356        26.67
  205520.895     0.968750     27242701        32.00
  209453.055     0.971875     27330365        35.56
  213647.359     0.975000     27417464        40.00
  218497.023     0.978125     27505371        45.71
  223477.759     0.981250     27591528        53.33
  229244.927     0.984375     27680854        64.00
  231997.439     0.985938     27724360        71.11
  234618.879     0.987500     27768417        80.00
  237240.319     0.989062     27810933        91.43
  239992.831     0.990625     27856390       106.67
  243924.991     0.992188     27899573       128.00
  246808.575     0.992969     27921220       142.22
  250478.591     0.993750     27943006       160.00
  254935.039     0.994531     27965236       182.86
  259915.775     0.995313     27986993       213.33
  265289.727     0.996094     28009087       256.00
  268697.599     0.996484     28020192       284.44
  272629.759     0.996875     28031125       320.00
  276561.919     0.997266     28041847       365.71
  281018.367     0.997656     28052684       426.67
  285999.103     0.998047     28063626       512.00
  289406.975     0.998242     28069074       568.89
  294125.567     0.998437     28074865       640.00
  298844.159     0.998633     28080094       731.43
  303562.751     0.998828     28085550       853.33
  309592.063     0.999023     28091139      1024.00
  312737.791     0.999121     28093876      1137.78
  315883.519     0.999219     28096563      1280.00
  319815.679     0.999316     28099272      1462.86
  324009.983     0.999414     28102015      1706.67
  328728.575     0.999512     28104855      2048.00
  331087.871     0.999561     28106213      2275.56
  333447.167     0.999609     28107500      2560.00
  337117.183     0.999658     28108943      2925.71
  340525.055     0.999707     28110262      3413.33
  344981.503     0.999756     28111630      4096.00
  347602.943     0.999780     28112284      4551.11
  350486.527     0.999805     28113006      5120.00
  352845.823     0.999829     28113722      5851.43
  355205.119     0.999854     28114362      6826.67
  358088.703     0.999878     28115094      8192.00
  359137.279     0.999890     28115377      9102.22
  360447.999     0.999902     28115727     10240.00
  361758.719     0.999915     28116107     11702.86
  362807.295     0.999927     28116417     13653.33
  365428.735     0.999939     28116752     16384.00
  367788.031     0.999945     28116920     18204.44
  369885.183     0.999951     28117106     20480.00
  372244.479     0.999957     28117267     23405.71
  374341.631     0.999963     28117454     27306.67
  375914.495     0.999969     28117608     32768.00
  376963.071     0.999973     28117690     36408.89
  378273.791     0.999976     28117797     40960.00
  379322.367     0.999979     28117873     46811.43
  380370.943     0.999982     28117954     54613.33
  381419.519     0.999985     28118038     65536.00
  381943.807     0.999986     28118078     72817.78
  382468.095     0.999988     28118123     81920.00
  382992.383     0.999989     28118176     93622.86
  383516.671     0.999991     28118217    109226.67
  384040.959     0.999992     28118266    131072.00
  384040.959     0.999993     28118266    145635.56
  384303.103     0.999994     28118292    163840.00
  384565.247     0.999995     28118315    187245.71
  384827.391     0.999995     28118342    218453.33
  385089.535     0.999996     28118367    262144.00
  385089.535     0.999997     28118367    291271.11
  385351.679     0.999997     28118390    327680.00
  385351.679     0.999997     28118390    374491.43
  385613.823     0.999998     28118420    436906.67
  385613.823     0.999998     28118420    524288.00
  385613.823     0.999998     28118420    582542.22
  385613.823     0.999998     28118420    655360.00
  385875.967     0.999999     28118438    748982.86
  385875.967     0.999999     28118438    873813.33
  385875.967     0.999999     28118438   1048576.00
  385875.967     0.999999     28118438   1165084.44
  385875.967     0.999999     28118438   1310720.00
  386138.111     0.999999     28118454   1497965.71
  386138.111     0.999999     28118454   1747626.67
  386138.111     1.000000     28118454   2097152.00
  386138.111     1.000000     28118454   2330168.89
  386138.111     1.000000     28118454   2621440.00
  386138.111     1.000000     28118454   2995931.43
  386138.111     1.000000     28118454   3495253.33
  386138.111     1.000000     28118454   4194304.00
  386138.111     1.000000     28118454   4660337.78
  386138.111     1.000000     28118454   5242880.00
  386400.255     1.000000     28118459   5991862.86
  386400.255     1.000000     28118459          inf
#[Mean    =    54070.556, StdDeviation   =    57418.392]
#[Max     =   386138.112, Total count    =     28118459]
#[Buckets =           27, SubBuckets     =         2048]
----------------------------------------------------------
  28574693 requests in 10.00m, 4.20GB read
Requests/sec:  47624.62
Transfer/sec:      7.18MB
