Running 10m test @ http://localhost:9999/math/plus?x=1&y=2
  16 threads and 400 connections
  Thread calibration: mean lat.: 973.008ms, rate sampling interval: 4304ms
  Thread calibration: mean lat.: 918.883ms, rate sampling interval: 4095ms
  Thread calibration: mean lat.: 788.472ms, rate sampling interval: 3284ms
  Thread calibration: mean lat.: 827.875ms, rate sampling interval: 3467ms
  Thread calibration: mean lat.: 869.825ms, rate sampling interval: 3790ms
  Thread calibration: mean lat.: 862.941ms, rate sampling interval: 3719ms
  Thread calibration: mean lat.: 912.477ms, rate sampling interval: 4095ms
  Thread calibration: mean lat.: 856.464ms, rate sampling interval: 3596ms
  Thread calibration: mean lat.: 763.102ms, rate sampling interval: 3071ms
  Thread calibration: mean lat.: 937.324ms, rate sampling interval: 3823ms
  Thread calibration: mean lat.: 815.145ms, rate sampling interval: 3239ms
  Thread calibration: mean lat.: 986.981ms, rate sampling interval: 3942ms
  Thread calibration: mean lat.: 800.430ms, rate sampling interval: 3426ms
  Thread calibration: mean lat.: 872.956ms, rate sampling interval: 3995ms
  Thread calibration: mean lat.: 841.524ms, rate sampling interval: 3583ms
  Thread calibration: mean lat.: 802.071ms, rate sampling interval: 3213ms
  Thread Stats   Avg      Stdev     Max   +/- Stdev
    Latency     1.07m    46.94s    5.59m    74.18%
    Req/Sec     2.43k   100.37     2.81k    69.51%
  Latency Distribution (HdrHistogram - Recorded Latency)
 50.000%    0.96m 
 75.000%    1.46m 
 90.000%    1.93m 
 99.000%    3.93m 
 99.900%    5.04m 
 99.990%    5.40m 
 99.999%    5.56m 
100.000%    5.59m 

  Detailed Percentile spectrum:
       Value   Percentile   TotalCount 1/(1-Percentile)

     896.511     0.000000            1         1.00
   12181.503     0.100000      2291812         1.11
   23789.567     0.200000      4583060         1.25
   35028.991     0.300000      6872438         1.43
   46202.879     0.400000      9164219         1.67
   57704.447     0.500000     11456472         2.00
   63438.847     0.550000     12604628         2.22
   69337.087     0.600000     13750009         2.50
   75431.935     0.650000     14894513         2.86
   81461.247     0.700000     16034422         3.33
   87752.703     0.750000     17185425         4.00
   90898.431     0.775000     17756257         4.44
   94371.839     0.800000     18330557         5.00
   98172.927     0.825000     18902992         5.71
  102367.231     0.850000     19471413         6.67
  108068.863     0.875000     20043970         8.00
  111607.807     0.887500     20332401         8.89
  115867.647     0.900000     20619654        10.00
  121044.991     0.912500     20904554        11.43
  128319.487     0.925000     21190378        13.33
  138018.815     0.937500     21476935        16.00
  143785.983     0.943750     21618080        17.78
  150470.655     0.950000     21761992        20.00
  158203.903     0.956250     21905789        22.86
  167116.799     0.962500     22049124        26.67
  177602.559     0.968750     22191338        32.00
  183500.799     0.971875     22262345        35.56
  189792.255     0.975000     22333697        40.00
  197263.359     0.978125     22405833        45.71
  205651.967     0.981250     22477646        53.33
  214958.079     0.984375     22548506        64.00
  220069.887     0.985938     22584814        71.11
  225705.983     0.987500     22620231        80.00
  231735.295     0.989062     22655759        91.43
  238813.183     0.990625     22691784       106.67
  246808.575     0.992188     22727390       128.00
  251133.951     0.992969     22745581       142.22
  255459.327     0.993750     22763455       160.00
  260046.847     0.994531     22781341       182.86
  265551.871     0.995313     22799033       213.33
  271843.327     0.996094     22816982       256.00
  275251.199     0.996484     22826310       284.44
  278396.927     0.996875     22835120       320.00
  281542.655     0.997266     22843673       365.71
  285474.815     0.997656     22852986       426.67
  289406.975     0.998047     22861650       512.00
  292028.415     0.998242     22866343       568.89
  294387.711     0.998437     22870827       640.00
  297009.151     0.998633     22875272       731.43
  299630.591     0.998828     22879547       853.33
  302776.319     0.999023     22884264      1024.00
  304087.039     0.999121     22886135      1137.78
  305922.047     0.999219     22888579      1280.00
  307757.055     0.999316     22890816      1462.86
  309854.207     0.999414     22892969      1706.67
  311951.359     0.999512     22895155      2048.00
  312999.935     0.999561     22896213      2275.56
  314310.655     0.999609     22897399      2560.00
  315359.231     0.999658     22898561      2925.71
  316407.807     0.999707     22899557      3413.33
  318242.815     0.999756     22900767      4096.00
  319029.247     0.999780     22901241      4551.11
  320077.823     0.999805     22901836      5120.00
  321126.399     0.999829     22902510      5851.43
  321912.831     0.999854     22902928      6826.67
  322961.407     0.999878     22903504      8192.00
  323485.695     0.999890     22903755      9102.22
  324009.983     0.999902     22903990     10240.00
  324796.415     0.999915     22904264     11702.86
  325844.991     0.999927     22904583     13653.33
  326893.567     0.999939     22904851     16384.00
  327679.999     0.999945     22904980     18204.44
  328204.287     0.999951     22905106     20480.00
  328990.719     0.999957     22905272     23405.71
  329777.151     0.999963     22905411     27306.67
  330301.439     0.999969     22905531     32768.00
  330563.583     0.999973     22905589     36408.89
  331087.871     0.999976     22905690     40960.00
  331350.015     0.999979     22905744     46811.43
  332136.447     0.999982     22905814     54613.33
  332922.879     0.999985     22905886     65536.00
  333185.023     0.999986     22905921     72817.78
  333447.167     0.999988     22905952     81920.00
  333709.311     0.999989     22906024     93622.86
  333709.311     0.999991     22906024    109226.67
  333971.455     0.999992     22906044    131072.00
  334233.599     0.999993     22906064    145635.56
  334495.743     0.999994     22906087    163840.00
  334757.887     0.999995     22906114    187245.71
  334757.887     0.999995     22906114    218453.33
  335020.031     0.999996     22906168    262144.00
  335020.031     0.999997     22906168    291271.11
  335020.031     0.999997     22906168    327680.00
  335020.031     0.999997     22906168    374491.43
  335020.031     0.999998     22906168    436906.67
  335282.175     0.999998     22906192    524288.00
  335282.175     0.999998     22906192    582542.22
  335282.175     0.999998     22906192    655360.00
  335282.175     0.999999     22906192    748982.86
  335282.175     0.999999     22906192    873813.33
  335544.319     0.999999     22906215   1048576.00
  335544.319     1.000000     22906215          inf
#[Mean    =    64188.545, StdDeviation   =    46938.578]
#[Max     =   335282.176, Total count    =     22906215]
#[Buckets =           27, SubBuckets     =         2048]
----------------------------------------------------------
  23300995 requests in 10.00m, 3.43GB read
Requests/sec:  38835.07
Transfer/sec:      5.85MB
