Running 10m test @ http://localhost:9999/math/plus?x=1&y=2
  16 threads and 400 connections
  Thread calibration: mean lat.: 1.008ms, rate sampling interval: 10ms
  Thread calibration: mean lat.: 1.051ms, rate sampling interval: 10ms
  Thread calibration: mean lat.: 1.027ms, rate sampling interval: 10ms
  Thread calibration: mean lat.: 1.030ms, rate sampling interval: 10ms
  Thread calibration: mean lat.: 1.031ms, rate sampling interval: 10ms
  Thread calibration: mean lat.: 1.038ms, rate sampling interval: 10ms
  Thread calibration: mean lat.: 1.110ms, rate sampling interval: 10ms
  Thread calibration: mean lat.: 1.058ms, rate sampling interval: 10ms
  Thread calibration: mean lat.: 1.031ms, rate sampling interval: 10ms
  Thread calibration: mean lat.: 1.040ms, rate sampling interval: 10ms
  Thread calibration: mean lat.: 1.035ms, rate sampling interval: 10ms
  Thread calibration: mean lat.: 1.046ms, rate sampling interval: 10ms
  Thread calibration: mean lat.: 1.027ms, rate sampling interval: 10ms
  Thread calibration: mean lat.: 1.027ms, rate sampling interval: 10ms
  Thread calibration: mean lat.: 1.114ms, rate sampling interval: 10ms
  Thread calibration: mean lat.: 1.009ms, rate sampling interval: 10ms
  Thread Stats   Avg      Stdev     Max   +/- Stdev
    Latency     0.98ms  839.86us  47.23ms   95.53%
    Req/Sec     1.98k   487.58     5.55k    80.07%
  Latency Distribution (HdrHistogram - Recorded Latency)
 50.000%    0.92ms
 75.000%    1.23ms
 90.000%    1.52ms
 99.000%    2.61ms
 99.900%   12.19ms
 99.990%   21.92ms
 99.999%   34.88ms
100.000%   47.26ms

  Detailed Percentile spectrum:
       Value   Percentile   TotalCount 1/(1-Percentile)

       0.059     0.000000            1         1.00
       0.342     0.100000      1775409         1.11
       0.512     0.200000      3541553         1.25
       0.661     0.300000      5313764         1.43
       0.797     0.400000      7088602         1.67
       0.922     0.500000      8850489         2.00
       0.983     0.550000      9745695         2.22
       1.042     0.600000     10630120         2.50
       1.100     0.650000     11505719         2.86
       1.160     0.700000     12389548         3.33
       1.225     0.750000     13279993         4.00
       1.260     0.775000     13726592         4.44
       1.298     0.800000     14164158         5.00
       1.341     0.825000     14602171         5.71
       1.391     0.850000     15043156         6.67
       1.450     0.875000     15487778         8.00
       1.483     0.887500     15707072         8.89
       1.520     0.900000     15930194        10.00
       1.560     0.912500     16149397        11.43
       1.605     0.925000     16369662        13.33
       1.657     0.937500     16591809        16.00
       1.686     0.943750     16703570        17.78
       1.717     0.950000     16811803        20.00
       1.752     0.956250     16923106        22.86
       1.792     0.962500     17033448        26.67
       1.838     0.968750     17143314        32.00
       1.866     0.971875     17200144        35.56
       1.897     0.975000     17254710        40.00
       1.934     0.978125     17309165        45.71
       1.982     0.981250     17364976        53.33
       2.049     0.984375     17420011        64.00
       2.101     0.985938     17447879        71.11
       2.187     0.987500     17475439        80.00
       2.383     0.989062     17502664        91.43
       2.801     0.990625     17530368       106.67
       3.595     0.992188     17557957       128.00
       4.089     0.992969     17571788       142.22
       4.607     0.993750     17585670       160.00
       5.159     0.994531     17599510       182.86
       5.771     0.995313     17613258       213.33
       6.563     0.996094     17627084       256.00
       6.943     0.996484     17634014       284.44
       7.459     0.996875     17640913       320.00
       8.099     0.997266     17647825       365.71
       8.807     0.997656     17654731       426.67
       9.551     0.998047     17661699       512.00
       9.999     0.998242     17665100       568.89
      10.503     0.998437     17668613       640.00
      10.903     0.998633     17672036       731.43
      11.487     0.998828     17675504       853.33
      12.303     0.999023     17678945      1024.00
      12.775     0.999121     17680660      1137.78
      13.263     0.999219     17682401      1280.00
      13.711     0.999316     17684109      1462.86
      14.335     0.999414     17685846      1706.67
      14.943     0.999512     17687571      2048.00
      15.335     0.999561     17688439      2275.56
      15.751     0.999609     17689298      2560.00
      16.295     0.999658     17690162      2925.71
      16.879     0.999707     17691026      3413.33
      17.535     0.999756     17691886      4096.00
      17.983     0.999780     17692322      4551.11
      18.479     0.999805     17692757      5120.00
      19.119     0.999829     17693182      5851.43
      19.887     0.999854     17693619      6826.67
      20.831     0.999878     17694049      8192.00
      21.423     0.999890     17694265      9102.22
      22.063     0.999902     17694481     10240.00
      22.799     0.999915     17694694     11702.86
      23.727     0.999927     17694910     13653.33
      24.751     0.999939     17695127     16384.00
      25.327     0.999945     17695233     18204.44
      25.919     0.999951     17695342     20480.00
      26.687     0.999957     17695450     23405.71
      27.599     0.999963     17695558     27306.67
      28.751     0.999969     17695665     32768.00
      29.503     0.999973     17695719     36408.89
      30.175     0.999976     17695774     40960.00
      30.879     0.999979     17695827     46811.43
      31.775     0.999982     17695881     54613.33
      32.751     0.999985     17695936     65536.00
      33.247     0.999986     17695963     72817.78
      33.919     0.999988     17695990     81920.00
      34.687     0.999989     17696016     93622.86
      35.231     0.999991     17696044    109226.67
      35.743     0.999992     17696070    131072.00
      36.351     0.999993     17696085    145635.56
      36.959     0.999994     17696097    163840.00
      37.471     0.999995     17696111    187245.71
      38.015     0.999995     17696124    218453.33
      38.527     0.999996     17696138    262144.00
      38.911     0.999997     17696145    291271.11
      39.135     0.999997     17696151    327680.00
      39.519     0.999997     17696158    374491.43
      40.351     0.999998     17696165    436906.67
      40.767     0.999998     17696172    524288.00
      40.959     0.999998     17696175    582542.22
      41.279     0.999998     17696178    655360.00
      41.791     0.999999     17696182    748982.86
      42.431     0.999999     17696185    873813.33
      42.687     0.999999     17696189   1048576.00
      42.719     0.999999     17696190   1165084.44
      43.231     0.999999     17696192   1310720.00
      43.839     0.999999     17696194   1497965.71
      44.031     0.999999     17696195   1747626.67
      44.543     1.000000     17696197   2097152.00
      44.831     1.000000     17696198   2330168.89
      44.927     1.000000     17696199   2621440.00
      45.151     1.000000     17696200   2995931.43
      45.151     1.000000     17696200   3495253.33
      45.567     1.000000     17696202   4194304.00
      45.567     1.000000     17696202   4660337.78
      45.567     1.000000     17696202   5242880.00
      45.855     1.000000     17696203   5991862.86
      45.855     1.000000     17696203   6990506.67
      45.855     1.000000     17696203   8388608.00
      47.039     1.000000     17696204   9320675.55
      47.039     1.000000     17696204  10485760.00
      47.039     1.000000     17696204  11983725.71
      47.039     1.000000     17696204  13981013.34
      47.039     1.000000     17696204  16777216.00
      47.263     1.000000     17696205  18641351.10
      47.263     1.000000     17696205          inf
#[Mean    =        0.979, StdDeviation   =        0.840]
#[Max     =       47.232, Total count    =     17696205]
#[Buckets =           27, SubBuckets     =         2048]
----------------------------------------------------------
  17994650 requests in 10.00m, 2.65GB read
Requests/sec:  29991.06
Transfer/sec:      4.52MB
