Running 10m test @ http://localhost:9999/math/plus?x=1&y=2
  16 threads and 400 connections
  Thread calibration: mean lat.: 1.749ms, rate sampling interval: 10ms
  Thread calibration: mean lat.: 1.749ms, rate sampling interval: 10ms
  Thread calibration: mean lat.: 1.840ms, rate sampling interval: 10ms
  Thread calibration: mean lat.: 1.752ms, rate sampling interval: 10ms
  Thread calibration: mean lat.: 1.817ms, rate sampling interval: 10ms
  Thread calibration: mean lat.: 1.790ms, rate sampling interval: 10ms
  Thread calibration: mean lat.: 1.791ms, rate sampling interval: 10ms
  Thread calibration: mean lat.: 1.777ms, rate sampling interval: 10ms
  Thread calibration: mean lat.: 2.459ms, rate sampling interval: 10ms
  Thread calibration: mean lat.: 1.815ms, rate sampling interval: 10ms
  Thread calibration: mean lat.: 1.818ms, rate sampling interval: 10ms
  Thread calibration: mean lat.: 1.793ms, rate sampling interval: 10ms
  Thread calibration: mean lat.: 2.357ms, rate sampling interval: 10ms
  Thread calibration: mean lat.: 1.732ms, rate sampling interval: 10ms
  Thread calibration: mean lat.: 1.863ms, rate sampling interval: 10ms
  Thread calibration: mean lat.: 2.336ms, rate sampling interval: 10ms
  Thread Stats   Avg      Stdev     Max   +/- Stdev
    Latency     1.81ms    2.60ms  83.14ms   94.63%
    Req/Sec     1.32k   606.93     6.60k    72.63%
  Latency Distribution (HdrHistogram - Recorded Latency)
 50.000%    1.21ms
 75.000%    1.87ms
 90.000%    3.09ms
 99.000%   12.94ms
 99.900%   31.87ms
 99.990%   48.96ms
 99.999%   64.99ms
100.000%   83.20ms

  Detailed Percentile spectrum:
       Value   Percentile   TotalCount 1/(1-Percentile)

       0.081     0.000000            1         1.00
       0.469     0.100000      1184133         1.11
       0.680     0.200000      2362621         1.25
       0.868     0.300000      3543714         1.43
       1.041     0.400000      4719951         1.67
       1.210     0.500000      5904177         2.00
       1.303     0.550000      6489701         2.22
       1.409     0.600000      7079693         2.50
       1.533     0.650000      7672442         2.86
       1.682     0.700000      8260187         3.33
       1.868     0.750000      8850330         4.00
       1.984     0.775000      9143982         4.44
       2.125     0.800000      9439662         5.00
       2.295     0.825000      9733395         5.71
       2.503     0.850000     10030257         6.67
       2.757     0.875000     10323369         8.00
       2.911     0.887500     10471504         8.89
       3.093     0.900000     10619203        10.00
       3.309     0.912500     10765626        11.43
       3.581     0.925000     10913367        13.33
       3.959     0.937500     11060507        16.00
       4.247     0.943750     11133837        17.78
       4.715     0.950000     11207929        20.00
       5.491     0.956250     11281558        22.86
       6.475     0.962500     11355069        26.67
       7.479     0.968750     11428984        32.00
       7.999     0.971875     11465728        35.56
       8.511     0.975000     11502912        40.00
       9.143     0.978125     11539520        45.71
       9.959     0.981250     11576198        53.33
      10.895     0.984375     11613264        64.00
      11.423     0.985938     11631589        71.11
      11.975     0.987500     11650077        80.00
      12.527     0.989062     11668452        91.43
      13.271     0.990625     11686928       106.67
      14.287     0.992188     11705263       128.00
      14.935     0.992969     11714532       142.22
      15.719     0.993750     11723667       160.00
      16.671     0.994531     11732952       182.86
      17.983     0.995313     11742170       213.33
      19.551     0.996094     11751316       256.00
      20.543     0.996484     11755949       284.44
      21.759     0.996875     11760559       320.00
      23.087     0.997266     11765183       365.71
      24.527     0.997656     11769768       426.67
      26.303     0.998047     11774351       512.00
      27.247     0.998242     11776682       568.89
      28.239     0.998437     11778967       640.00
      29.343     0.998633     11781282       731.43
      30.607     0.998828     11783586       853.33
      32.063     0.999023     11785883      1024.00
      32.863     0.999121     11787054      1137.78
      33.727     0.999219     11788204      1280.00
      34.655     0.999316     11789342      1462.86
      35.839     0.999414     11790485      1706.67
      37.279     0.999512     11791642      2048.00
      38.047     0.999561     11792213      2275.56
      38.943     0.999609     11792782      2560.00
      39.967     0.999658     11793360      2925.71
      41.183     0.999707     11793941      3413.33
      42.623     0.999756     11794513      4096.00
      43.391     0.999780     11794798      4551.11
      44.319     0.999805     11795093      5120.00
      45.247     0.999829     11795374      5851.43
      46.463     0.999854     11795661      6826.67
      47.743     0.999878     11795949      8192.00
      48.447     0.999890     11796100      9102.22
      49.119     0.999902     11796239     10240.00
      49.855     0.999915     11796383     11702.86
      51.007     0.999927     11796526     13653.33
      52.287     0.999939     11796673     16384.00
      52.927     0.999945     11796742     18204.44
      53.663     0.999951     11796814     20480.00
      54.559     0.999957     11796887     23405.71
      55.775     0.999963     11796959     27306.67
      57.055     0.999969     11797029     32768.00
      58.015     0.999973     11797065     36408.89
      58.655     0.999976     11797101     40960.00
      59.679     0.999979     11797140     46811.43
      60.799     0.999982     11797174     54613.33
      62.239     0.999985     11797209     65536.00
      63.231     0.999986     11797227     72817.78
      63.935     0.999988     11797245     81920.00
      64.639     0.999989     11797264     93622.86
      65.215     0.999991     11797281    109226.67
      66.495     0.999992     11797300    131072.00
      67.007     0.999993     11797308    145635.56
      68.415     0.999994     11797317    163840.00
      69.055     0.999995     11797326    187245.71
      70.783     0.999995     11797335    218453.33
      71.935     0.999996     11797344    262144.00
      73.471     0.999997     11797349    291271.11
      74.495     0.999997     11797353    327680.00
      75.327     0.999997     11797359    374491.43
      75.455     0.999998     11797362    436906.67
      76.095     0.999998     11797368    524288.00
      76.159     0.999998     11797369    582542.22
      76.479     0.999998     11797371    655360.00
      76.927     0.999999     11797374    748982.86
      77.567     0.999999     11797376    873813.33
      78.527     0.999999     11797378   1048576.00
      78.783     0.999999     11797379   1165084.44
      79.103     0.999999     11797380   1310720.00
      79.359     0.999999     11797382   1497965.71
      79.423     0.999999     11797383   1747626.67
      79.679     1.000000     11797384   2097152.00
      79.679     1.000000     11797384   2330168.89
      80.959     1.000000     11797385   2621440.00
      82.175     1.000000     11797386   2995931.43
      82.175     1.000000     11797386   3495253.33
      82.559     1.000000     11797387   4194304.00
      82.559     1.000000     11797387   4660337.78
      82.559     1.000000     11797387   5242880.00
      83.071     1.000000     11797388   5991862.86
      83.071     1.000000     11797388   6990506.67
      83.071     1.000000     11797388   8388608.00
      83.071     1.000000     11797388   9320675.55
      83.071     1.000000     11797388  10485760.00
      83.199     1.000000     11797389  11983725.71
      83.199     1.000000     11797389          inf
#[Mean    =        1.809, StdDeviation   =        2.598]
#[Max     =       83.136, Total count    =     11797389]
#[Buckets =           27, SubBuckets     =         2048]
----------------------------------------------------------
  11995299 requests in 10.00m, 2.00GB read
Requests/sec:  19992.12
Transfer/sec:      3.41MB
