Running 10m test @ http://localhost:9999/math/plus?x=1&y=2
  16 threads and 400 connections
  Thread calibration: mean lat.: 14.744ms, rate sampling interval: 57ms
  Thread calibration: mean lat.: 14.261ms, rate sampling interval: 57ms
  Thread calibration: mean lat.: 14.365ms, rate sampling interval: 57ms
  Thread calibration: mean lat.: 14.169ms, rate sampling interval: 58ms
  Thread calibration: mean lat.: 13.875ms, rate sampling interval: 56ms
  Thread calibration: mean lat.: 14.577ms, rate sampling interval: 57ms
  Thread calibration: mean lat.: 14.568ms, rate sampling interval: 57ms
  Thread calibration: mean lat.: 14.523ms, rate sampling interval: 57ms
  Thread calibration: mean lat.: 14.368ms, rate sampling interval: 57ms
  Thread calibration: mean lat.: 13.808ms, rate sampling interval: 57ms
  Thread calibration: mean lat.: 13.924ms, rate sampling interval: 56ms
  Thread calibration: mean lat.: 13.870ms, rate sampling interval: 56ms
  Thread calibration: mean lat.: 14.018ms, rate sampling interval: 57ms
  Thread calibration: mean lat.: 16.440ms, rate sampling interval: 55ms
  Thread calibration: mean lat.: 14.423ms, rate sampling interval: 58ms
  Thread calibration: mean lat.: 13.914ms, rate sampling interval: 58ms
  Thread Stats   Avg      Stdev     Max   +/- Stdev
    Latency     7.74s    29.64s    6.10m    93.53%
    Req/Sec   241.75    441.08     4.70k    86.60%
  Latency Distribution (HdrHistogram - Recorded Latency)
 50.000%   15.18ms
 75.000%   71.42ms
 90.000%   16.00s 
 99.000%    2.59m 
 99.900%    5.09m 
 99.990%    6.00m 
 99.999%    6.07m 
100.000%    6.11m 

  Detailed Percentile spectrum:
       Value   Percentile   TotalCount 1/(1-Percentile)

       0.134     0.000000            1         1.00
       1.890     0.100000       226631         1.11
       3.407     0.200000       453210         1.25
       6.095     0.300000       679664         1.43
       9.983     0.400000       906199         1.67
      15.183     0.500000      1132569         2.00
      18.447     0.550000      1245988         2.22
      21.935     0.600000      1359125         2.50
      25.631     0.650000      1472474         2.86
      30.271     0.700000      1585696         3.33
      71.423     0.750000      1698809         4.00
     107.199     0.775000      1755375         4.44
     144.895     0.800000      1811988         5.00
     194.687     0.825000      1868614         5.71
    1629.183     0.850000      1925189         6.67
    6361.087     0.875000      1981814         8.00
   10502.143     0.887500      2010138         8.89
   15998.975     0.900000      2038456        10.00
   22183.935     0.912500      2066796        11.43
   29704.191     0.925000      2095096        13.33
   39223.295     0.937500      2123448        16.00
   44957.695     0.943750      2137598        17.78
   51445.759     0.950000      2151726        20.00
   59080.703     0.956250      2165870        22.86
   67960.831     0.962500      2180010        26.67
   78708.735     0.968750      2194215        32.00
   85065.727     0.971875      2201283        35.56
   93126.655     0.975000      2208320        40.00
  101580.799     0.978125      2215390        45.71
  116391.935     0.981250      2222484        53.33
  127860.735     0.984375      2229537        64.00
  134610.943     0.985938      2233107        71.11
  141688.831     0.987500      2236636        80.00
  150077.439     0.989062      2240158        91.43
  159907.839     0.990625      2243705       106.67
  179568.639     0.992188      2247250       128.00
  192544.767     0.992969      2249036       142.22
  199491.583     0.993750      2250778       160.00
  207880.191     0.994531      2252549       182.86
  217317.375     0.995313      2254326       213.33
  228196.351     0.996094      2256077       256.00
  233570.303     0.996484      2256973       284.44
  241565.695     0.996875      2257846       320.00
  251133.951     0.997266      2258742       365.71
  258867.199     0.997656      2259628       426.67
  270008.319     0.998047      2260507       512.00
  275513.343     0.998242      2260961       568.89
  280756.223     0.998437      2261387       640.00
  288882.687     0.998633      2261832       731.43
  297533.439     0.998828      2262281       853.33
  306708.479     0.999023      2262721      1024.00
  311951.359     0.999121      2262934      1137.78
  317456.383     0.999219      2263156      1280.00
  323485.695     0.999316      2263379      1462.86
  330563.583     0.999414      2263596      1706.67
  341835.775     0.999512      2263826      2048.00
  344981.503     0.999561      2263930      2275.56
  346554.367     0.999609      2264041      2560.00
  349175.807     0.999658      2264151      2925.71
  351272.959     0.999707      2264267      3413.33
  354418.687     0.999756      2264371      4096.00
  355991.551     0.999780      2264442      4551.11
  356777.983     0.999805      2264491      5120.00
  357564.415     0.999829      2264540      5851.43
  358612.991     0.999854      2264598      6826.67
  359399.423     0.999878      2264662      8192.00
  359661.567     0.999890      2264686      9102.22
  359923.711     0.999902      2264709     10240.00
  360447.999     0.999915      2264751     11702.86
  360710.143     0.999927      2264769     13653.33
  361234.431     0.999939      2264790     16384.00
  361496.575     0.999945      2264801     18204.44
  361758.719     0.999951      2264814     20480.00
  362283.007     0.999957      2264835     23405.71
  362545.151     0.999963      2264843     27306.67
  362807.295     0.999969      2264854     32768.00
  363331.583     0.999973      2264866     36408.89
  363593.727     0.999976      2264870     40960.00
  363855.871     0.999979      2264879     46811.43
  364118.015     0.999982      2264887     54613.33
  364380.159     0.999985      2264901     65536.00
  364380.159     0.999986      2264901     72817.78
  364380.159     0.999988      2264901     81920.00
  364380.159     0.999989      2264901     93622.86
  364642.303     0.999991      2264907    109226.67
  364642.303     0.999992      2264907    131072.00
  364904.447     0.999993      2264914    145635.56
  364904.447     0.999994      2264914    163840.00
  364904.447     0.999995      2264914    187245.71
  364904.447     0.999995      2264914    218453.33
  365166.591     0.999996      2264916    262144.00
  365166.591     0.999997      2264916    291271.11
  365428.735     0.999997      2264919    327680.00
  365428.735     0.999997      2264919    374491.43
  365428.735     0.999998      2264919    436906.67
  365428.735     0.999998      2264919    524288.00
  365690.879     0.999998      2264920    582542.22
  365690.879     0.999998      2264920    655360.00
  365690.879     0.999999      2264920    748982.86
  366215.167     0.999999      2264921    873813.33
  366215.167     0.999999      2264921   1048576.00
  366477.311     0.999999      2264923   1165084.44
  366477.311     1.000000      2264923          inf
#[Mean    =     7735.767, StdDeviation   =    29642.368]
#[Max     =   366215.168, Total count    =      2264923]
#[Buckets =           27, SubBuckets     =         2048]
----------------------------------------------------------
  2364875 requests in 10.00m, 444.32MB read
  Socket errors: connect 0, read 0, write 0, timeout 36918
Requests/sec:   3940.38
Transfer/sec:    758.09KB
