Running 10m test @ http://localhost:9999/math/plus?x=1&y=2
  16 threads and 400 connections
  Thread calibration: mean lat.: 2.330ms, rate sampling interval: 10ms
  Thread calibration: mean lat.: 2.365ms, rate sampling interval: 10ms
  Thread calibration: mean lat.: 1.604ms, rate sampling interval: 10ms
  Thread calibration: mean lat.: 2.347ms, rate sampling interval: 10ms
  Thread calibration: mean lat.: 2.028ms, rate sampling interval: 10ms
  Thread calibration: mean lat.: 2.052ms, rate sampling interval: 10ms
  Thread calibration: mean lat.: 2.164ms, rate sampling interval: 10ms
  Thread calibration: mean lat.: 2.143ms, rate sampling interval: 10ms
  Thread calibration: mean lat.: 2.201ms, rate sampling interval: 10ms
  Thread calibration: mean lat.: 2.042ms, rate sampling interval: 10ms
  Thread calibration: mean lat.: 2.140ms, rate sampling interval: 10ms
  Thread calibration: mean lat.: 2.354ms, rate sampling interval: 10ms
  Thread calibration: mean lat.: 2.192ms, rate sampling interval: 10ms
  Thread calibration: mean lat.: 2.087ms, rate sampling interval: 10ms
  Thread calibration: mean lat.: 1.952ms, rate sampling interval: 10ms
  Thread calibration: mean lat.: 2.155ms, rate sampling interval: 10ms
  Thread Stats   Avg      Stdev     Max   +/- Stdev
    Latency     2.06ms    1.90ms  53.54ms   88.47%
    Req/Sec   659.68    444.37     3.00k    76.53%
  Latency Distribution (HdrHistogram - Recorded Latency)
 50.000%    1.46ms
 75.000%    2.42ms
 90.000%    4.27ms
 99.000%    9.22ms
 99.900%   16.70ms
 99.990%   26.01ms
 99.999%   38.05ms
100.000%   53.57ms

  Detailed Percentile spectrum:
       Value   Percentile   TotalCount 1/(1-Percentile)

       0.086     0.000000            1         1.00
       0.629     0.100000       591013         1.11
       0.863     0.200000      1181876         1.25
       1.065     0.300000      1771710         1.43
       1.252     0.400000      2362495         1.67
       1.457     0.500000      2950417         2.00
       1.582     0.550000      3245671         2.22
       1.730     0.600000      3539901         2.50
       1.908     0.650000      3834605         2.86
       2.131     0.700000      4131219         3.33
       2.423     0.750000      4424662         4.00
       2.603     0.775000      4572074         4.44
       2.811     0.800000      4719039         5.00
       3.063     0.825000      4866701         5.71
       3.379     0.850000      5014573         6.67
       3.773     0.875000      5161514         8.00
       4.007     0.887500      5235525         8.89
       4.267     0.900000      5309354        10.00
       4.567     0.912500      5383132        11.43
       4.911     0.925000      5456924        13.33
       5.323     0.937500      5530595        16.00
       5.555     0.943750      5567391        17.78
       5.807     0.950000      5603974        20.00
       6.095     0.956250      5640954        22.86
       6.423     0.962500      5677705        26.67
       6.819     0.968750      5714593        32.00
       7.051     0.971875      5733050        35.56
       7.307     0.975000      5751354        40.00
       7.599     0.978125      5769882        45.71
       7.923     0.981250      5788304        53.33
       8.271     0.984375      5806717        64.00
       8.479     0.985938      5816090        71.11
       8.711     0.987500      5825095        80.00
       8.999     0.989062      5834267        91.43
       9.391     0.990625      5843394       106.67
       9.895     0.992188      5852655       128.00
      10.199     0.992969      5857256       142.22
      10.575     0.993750      5861828       160.00
      11.015     0.994531      5866480       182.86
      11.511     0.995313      5871039       213.33
      12.103     0.996094      5875643       256.00
      12.407     0.996484      5877978       284.44
      12.735     0.996875      5880299       320.00
      13.111     0.997266      5882560       365.71
      13.607     0.997656      5884867       426.67
      14.231     0.998047      5887180       512.00
      14.631     0.998242      5888334       568.89
      15.071     0.998437      5889472       640.00
      15.559     0.998633      5890638       731.43
      16.127     0.998828      5891780       853.33
      16.783     0.999023      5892939      1024.00
      17.151     0.999121      5893502      1137.78
      17.567     0.999219      5894088      1280.00
      18.047     0.999316      5894654      1462.86
      18.591     0.999414      5895230      1706.67
      19.311     0.999512      5895812      2048.00
      19.791     0.999561      5896095      2275.56
      20.367     0.999609      5896385      2560.00
      21.007     0.999658      5896670      2925.71
      21.791     0.999707      5896956      3413.33
      22.655     0.999756      5897249      4096.00
      23.135     0.999780      5897391      4551.11
      23.663     0.999805      5897537      5120.00
      24.191     0.999829      5897676      5851.43
      24.719     0.999854      5897821      6826.67
      25.343     0.999878      5897966      8192.00
      25.695     0.999890      5898036      9102.22
      26.079     0.999902      5898108     10240.00
      26.623     0.999915      5898180     11702.86
      27.183     0.999927      5898252     13653.33
      27.823     0.999939      5898324     16384.00
      28.239     0.999945      5898361     18204.44
      28.575     0.999951      5898396     20480.00
      29.183     0.999957      5898432     23405.71
      29.855     0.999963      5898469     27306.67
      31.087     0.999969      5898505     32768.00
      31.711     0.999973      5898522     36408.89
      32.335     0.999976      5898540     40960.00
      33.311     0.999979      5898558     46811.43
      34.303     0.999982      5898576     54613.33
      35.615     0.999985      5898594     65536.00
      36.191     0.999986      5898603     72817.78
      37.151     0.999988      5898612     81920.00
      37.823     0.999989      5898621     93622.86
      38.815     0.999991      5898630    109226.67
      40.671     0.999992      5898639    131072.00
      41.919     0.999993      5898644    145635.56
      42.783     0.999994      5898648    163840.00
      43.615     0.999995      5898653    187245.71
      44.159     0.999995      5898657    218453.33
      44.607     0.999996      5898662    262144.00
      45.151     0.999997      5898664    291271.11
      45.727     0.999997      5898666    327680.00
      46.751     0.999997      5898669    374491.43
      47.135     0.999998      5898671    436906.67
      48.095     0.999998      5898673    524288.00
      48.255     0.999998      5898674    582542.22
      48.383     0.999998      5898675    655360.00
      49.215     0.999999      5898677    748982.86
      49.407     0.999999      5898678    873813.33
      49.855     0.999999      5898679   1048576.00
      49.855     0.999999      5898679   1165084.44
      49.951     0.999999      5898680   1310720.00
      51.903     0.999999      5898681   1497965.71
      51.903     0.999999      5898681   1747626.67
      51.999     1.000000      5898682   2097152.00
      51.999     1.000000      5898682   2330168.89
      51.999     1.000000      5898682   2621440.00
      53.247     1.000000      5898683   2995931.43
      53.247     1.000000      5898683   3495253.33
      53.247     1.000000      5898683   4194304.00
      53.247     1.000000      5898683   4660337.78
      53.247     1.000000      5898683   5242880.00
      53.567     1.000000      5898684   5991862.86
      53.567     1.000000      5898684          inf
#[Mean    =        2.061, StdDeviation   =        1.897]
#[Max     =       53.536, Total count    =      5898684]
#[Buckets =           27, SubBuckets     =         2048]
----------------------------------------------------------
  5998890 requests in 10.00m, 1.00GB read
Requests/sec:   9998.15
Transfer/sec:      1.71MB
