Running 10m test @ http://localhost:9999/math/plus?x=1&y=2
  16 threads and 400 connections
  Thread calibration: mean lat.: 1.616ms, rate sampling interval: 10ms
  Thread calibration: mean lat.: 1.617ms, rate sampling interval: 10ms
  Thread calibration: mean lat.: 1.591ms, rate sampling interval: 10ms
  Thread calibration: mean lat.: 1.762ms, rate sampling interval: 10ms
  Thread calibration: mean lat.: 1.988ms, rate sampling interval: 10ms
  Thread calibration: mean lat.: 1.924ms, rate sampling interval: 10ms
  Thread calibration: mean lat.: 1.951ms, rate sampling interval: 10ms
  Thread calibration: mean lat.: 2.035ms, rate sampling interval: 10ms
  Thread calibration: mean lat.: 1.685ms, rate sampling interval: 10ms
  Thread calibration: mean lat.: 1.650ms, rate sampling interval: 10ms
  Thread calibration: mean lat.: 2.506ms, rate sampling interval: 10ms
  Thread calibration: mean lat.: 2.093ms, rate sampling interval: 10ms
  Thread calibration: mean lat.: 1.835ms, rate sampling interval: 10ms
  Thread calibration: mean lat.: 1.698ms, rate sampling interval: 10ms
  Thread calibration: mean lat.: 1.714ms, rate sampling interval: 10ms
  Thread calibration: mean lat.: 1.787ms, rate sampling interval: 10ms
  Thread Stats   Avg      Stdev     Max   +/- Stdev
    Latency     1.79ms    2.21ms  61.95ms   93.10%
    Req/Sec     1.32k   625.75     6.89k    72.77%
  Latency Distribution (HdrHistogram - Recorded Latency)
 50.000%    1.25ms
 75.000%    1.89ms
 90.000%    3.16ms
 99.000%   11.20ms
 99.900%   25.33ms
 99.990%   39.94ms
 99.999%   52.19ms
100.000%   61.98ms

  Detailed Percentile spectrum:
       Value   Percentile   TotalCount 1/(1-Percentile)

       0.067     0.000000            1         1.00
       0.498     0.100000      1184372         1.11
       0.712     0.200000      2359979         1.25
       0.900     0.300000      3542535         1.43
       1.073     0.400000      4721302         1.67
       1.247     0.500000      5905144         2.00
       1.345     0.550000      6492700         2.22
       1.453     0.600000      7079810         2.50
       1.575     0.650000      7670811         2.86
       1.717     0.700000      8261072         3.33
       1.890     0.750000      8848109         4.00
       1.997     0.775000      9145463         4.44
       2.127     0.800000      9438426         5.00
       2.291     0.825000      9735256         5.71
       2.493     0.850000     10027962         6.67
       2.761     0.875000     10322784         8.00
       2.935     0.887500     10471111         8.89
       3.157     0.900000     10618721        10.00
       3.435     0.912500     10765207        11.43
       3.789     0.925000     10912701        13.33
       4.271     0.937500     11060367        16.00
       4.611     0.943750     11134234        17.78
       5.071     0.950000     11207783        20.00
       5.627     0.956250     11281495        22.86
       6.287     0.962500     11355343        26.67
       7.119     0.968750     11429038        32.00
       7.563     0.971875     11465638        35.56
       7.907     0.975000     11502718        40.00
       8.239     0.978125     11539884        45.71
       8.711     0.981250     11576330        53.33
       9.375     0.984375     11613336        64.00
       9.783     0.985938     11631796        71.11
      10.239     0.987500     11649997        80.00
      10.799     0.989062     11668625        91.43
      11.487     0.990625     11686840       106.67
      12.231     0.992188     11705271       128.00
      12.727     0.992969     11714553       142.22
      13.359     0.993750     11723744       160.00
      14.135     0.994531     11732998       182.86
      15.071     0.995313     11742140       213.33
      16.039     0.996094     11751345       256.00
      16.607     0.996484     11756051       284.44
      17.391     0.996875     11760614       320.00
      18.335     0.997266     11765198       365.71
      19.359     0.997656     11769814       426.67
      20.591     0.998047     11774389       512.00
      21.407     0.998242     11776686       568.89
      22.271     0.998437     11778983       640.00
      23.167     0.998633     11781290       731.43
      24.191     0.998828     11783593       853.33
      25.503     0.999023     11785903      1024.00
      26.207     0.999121     11787077      1137.78
      26.927     0.999219     11788201      1280.00
      27.791     0.999316     11789365      1462.86
      28.735     0.999414     11790529      1706.67
      29.791     0.999512     11791656      2048.00
      30.399     0.999561     11792240      2275.56
      31.119     0.999609     11792811      2560.00
      31.935     0.999658     11793390      2925.71
      32.751     0.999707     11793964      3413.33
      33.791     0.999756     11794536      4096.00
      34.559     0.999780     11794829      4551.11
      35.295     0.999805     11795112      5120.00
      36.127     0.999829     11795406      5851.43
      37.119     0.999854     11795687      6826.67
      38.527     0.999878     11795975      8192.00
      39.359     0.999890     11796127      9102.22
      40.095     0.999902     11796266     10240.00
      41.247     0.999915     11796407     11702.86
      42.463     0.999927     11796552     13653.33
      43.871     0.999939     11796700     16384.00
      44.607     0.999945     11796769     18204.44
      45.375     0.999951     11796839     20480.00
      46.271     0.999957     11796916     23405.71
      46.975     0.999963     11796985     27306.67
      47.743     0.999969     11797058     32768.00
      48.351     0.999973     11797093     36408.89
      48.863     0.999976     11797129     40960.00
      49.471     0.999979     11797163     46811.43
      49.919     0.999982     11797201     54613.33
      50.559     0.999985     11797235     65536.00
      51.039     0.999986     11797253     72817.78
      51.487     0.999988     11797272     81920.00
      51.935     0.999989     11797289     93622.86
      52.447     0.999991     11797307    109226.67
      52.991     0.999992     11797325    131072.00
      53.343     0.999993     11797334    145635.56
      53.727     0.999994     11797343    163840.00
      53.887     0.999995     11797352    187245.71
      54.367     0.999995     11797361    218453.33
      54.847     0.999996     11797370    262144.00
      55.039     0.999997     11797376    291271.11
      55.199     0.999997     11797380    327680.00
      55.679     0.999997     11797384    374491.43
      56.383     0.999998     11797389    436906.67
      56.767     0.999998     11797393    524288.00
      56.927     0.999998     11797395    582542.22
      57.055     0.999998     11797397    655360.00
      57.151     0.999999     11797400    748982.86
      57.311     0.999999     11797402    873813.33
      57.983     0.999999     11797404   1048576.00
      58.047     0.999999     11797405   1165084.44
      58.303     0.999999     11797406   1310720.00
      58.367     0.999999     11797408   1497965.71
      58.431     0.999999     11797409   1747626.67
      58.527     1.000000     11797410   2097152.00
      58.527     1.000000     11797410   2330168.89
      58.719     1.000000     11797411   2621440.00
      58.943     1.000000     11797412   2995931.43
      58.943     1.000000     11797412   3495253.33
      59.039     1.000000     11797413   4194304.00
      59.039     1.000000     11797413   4660337.78
      59.039     1.000000     11797413   5242880.00
      61.503     1.000000     11797414   5991862.86
      61.503     1.000000     11797414   6990506.67
      61.503     1.000000     11797414   8388608.00
      61.503     1.000000     11797414   9320675.55
      61.503     1.000000     11797414  10485760.00
      61.983     1.000000     11797415  11983725.71
      61.983     1.000000     11797415          inf
#[Mean    =        1.787, StdDeviation   =        2.212]
#[Max     =       61.952, Total count    =     11797415]
#[Buckets =           27, SubBuckets     =         2048]
----------------------------------------------------------
  11996359 requests in 10.00m, 2.00GB read
Requests/sec:  19993.90
Transfer/sec:      3.41MB
