Running 10m test @ http://localhost:9999/math/plus?x=1&y=2
  16 threads and 400 connections
  Thread calibration: mean lat.: 2.836ms, rate sampling interval: 13ms
  Thread calibration: mean lat.: 2.876ms, rate sampling interval: 12ms
  Thread calibration: mean lat.: 3.167ms, rate sampling interval: 13ms
  Thread calibration: mean lat.: 2.940ms, rate sampling interval: 12ms
  Thread calibration: mean lat.: 2.767ms, rate sampling interval: 11ms
  Thread calibration: mean lat.: 2.862ms, rate sampling interval: 12ms
  Thread calibration: mean lat.: 3.014ms, rate sampling interval: 14ms
  Thread calibration: mean lat.: 2.791ms, rate sampling interval: 12ms
  Thread calibration: mean lat.: 2.942ms, rate sampling interval: 12ms
  Thread calibration: mean lat.: 2.896ms, rate sampling interval: 12ms
  Thread calibration: mean lat.: 2.790ms, rate sampling interval: 11ms
  Thread calibration: mean lat.: 2.931ms, rate sampling interval: 12ms
  Thread calibration: mean lat.: 3.029ms, rate sampling interval: 12ms
  Thread calibration: mean lat.: 2.946ms, rate sampling interval: 12ms
  Thread calibration: mean lat.: 2.984ms, rate sampling interval: 12ms
  Thread calibration: mean lat.: 2.899ms, rate sampling interval: 12ms
  Thread Stats   Avg      Stdev     Max   +/- Stdev
    Latency     2.41ms    2.63ms  62.82ms   90.92%
    Req/Sec     1.31k   438.71     3.80k    59.45%
  Latency Distribution (HdrHistogram - Recorded Latency)
 50.000%    1.59ms
 75.000%    2.85ms
 90.000%    4.78ms
 99.000%   13.28ms
 99.900%   25.18ms
 99.990%   35.33ms
 99.999%   44.90ms
100.000%   62.85ms

  Detailed Percentile spectrum:
       Value   Percentile   TotalCount 1/(1-Percentile)

       0.077     0.000000            3         1.00
       0.577     0.100000      1182215         1.11
       0.846     0.200000      2360194         1.25
       1.088     0.300000      3540072         1.43
       1.317     0.400000      4720149         1.67
       1.592     0.500000      5900690         2.00
       1.759     0.550000      6490685         2.22
       1.955     0.600000      7080169         2.50
       2.193     0.650000      7668433         2.86
       2.487     0.700000      8258941         3.33
       2.845     0.750000      8849329         4.00
       3.063     0.775000      9145080         4.44
       3.311     0.800000      9440119         5.00
       3.585     0.825000      9734597         5.71
       3.899     0.850000     10029727         6.67
       4.279     0.875000     10325143         8.00
       4.507     0.887500     10471628         8.89
       4.783     0.900000     10618608        10.00
       5.155     0.912500     10766120        11.43
       5.679     0.925000     10913287        13.33
       6.459     0.937500     11060651        16.00
       6.919     0.943750     11134007        17.78
       7.463     0.950000     11207955        20.00
       8.043     0.956250     11281879        22.86
       8.599     0.962500     11355587        26.67
       9.303     0.968750     11429310        32.00
       9.727     0.971875     11465832        35.56
      10.223     0.975000     11503043        40.00
      10.759     0.978125     11539510        45.71
      11.343     0.981250     11576432        53.33
      11.959     0.984375     11613280        64.00
      12.287     0.985938     11632058        71.11
      12.631     0.987500     11650193        80.00
      13.023     0.989062     11668877        91.43
      13.463     0.990625     11687164       106.67
      13.983     0.992188     11705429       128.00
      14.295     0.992969     11714725       142.22
      14.671     0.993750     11723894       160.00
      15.127     0.994531     11733060       182.86
      15.727     0.995313     11742319       213.33
      16.527     0.996094     11751587       256.00
      17.103     0.996484     11756134       284.44
      17.775     0.996875     11760778       320.00
      18.463     0.997266     11765378       365.71
      19.247     0.997656     11769950       426.67
      20.207     0.998047     11774545       512.00
      21.055     0.998242     11776832       568.89
      22.143     0.998437     11779142       640.00
      23.151     0.998633     11781439       731.43
      24.159     0.998828     11783743       853.33
      25.327     0.999023     11786047      1024.00
      26.031     0.999121     11787209      1137.78
      26.735     0.999219     11788352      1280.00
      27.487     0.999316     11789513      1462.86
      28.239     0.999414     11790678      1706.67
      29.135     0.999512     11791826      2048.00
      29.567     0.999561     11792385      2275.56
      30.079     0.999609     11792967      2560.00
      30.639     0.999658     11793543      2925.71
      31.327     0.999707     11794112      3413.33
      32.095     0.999756     11794686      4096.00
      32.527     0.999780     11794979      4551.11
      32.991     0.999805     11795272      5120.00
      33.439     0.999829     11795564      5851.43
      33.951     0.999854     11795838      6826.67
      34.527     0.999878     11796126      8192.00
      34.975     0.999890     11796273      9102.22
      35.423     0.999902     11796415     10240.00
      35.839     0.999915     11796558     11702.86
      36.383     0.999927     11796708     13653.33
      36.991     0.999939     11796848     16384.00
      37.375     0.999945     11796916     18204.44
      37.791     0.999951     11796993     20480.00
      38.399     0.999957     11797061     23405.71
      39.007     0.999963     11797132     27306.67
      39.647     0.999969     11797204     32768.00
      40.159     0.999973     11797242     36408.89
      40.607     0.999976     11797276     40960.00
      41.279     0.999979     11797312     46811.43
      41.855     0.999982     11797348     54613.33
      42.623     0.999985     11797384     65536.00
      43.039     0.999986     11797402     72817.78
      43.583     0.999988     11797420     81920.00
      44.511     0.999989     11797439     93622.86
      45.503     0.999991     11797456    109226.67
      46.495     0.999992     11797474    131072.00
      46.783     0.999993     11797484    145635.56
      47.231     0.999994     11797492    163840.00
      47.711     0.999995     11797501    187245.71
      48.767     0.999995     11797510    218453.33
      49.087     0.999996     11797519    262144.00
      49.567     0.999997     11797525    291271.11
      49.823     0.999997     11797528    327680.00
      49.983     0.999997     11797534    374491.43
      50.015     0.999998     11797538    436906.67
      50.207     0.999998     11797542    524288.00
      50.495     0.999998     11797544    582542.22
      50.783     0.999998     11797546    655360.00
      51.359     0.999999     11797549    748982.86
      51.487     0.999999     11797551    873813.33
      52.127     0.999999     11797553   1048576.00
      52.287     0.999999     11797554   1165084.44
      52.415     0.999999     11797555   1310720.00
      53.087     0.999999     11797557   1497965.71
      53.727     0.999999     11797558   1747626.67
      54.111     1.000000     11797559   2097152.00
      54.111     1.000000     11797559   2330168.89
      55.551     1.000000     11797560   2621440.00
      59.231     1.000000     11797561   2995931.43
      59.231     1.000000     11797561   3495253.33
      61.567     1.000000     11797562   4194304.00
      61.567     1.000000     11797562   4660337.78
      61.567     1.000000     11797562   5242880.00
      61.983     1.000000     11797563   5991862.86
      61.983     1.000000     11797563   6990506.67
      61.983     1.000000     11797563   8388608.00
      61.983     1.000000     11797563   9320675.55
      61.983     1.000000     11797563  10485760.00
      62.847     1.000000     11797564  11983725.71
      62.847     1.000000     11797564          inf
#[Mean    =        2.409, StdDeviation   =        2.631]
#[Max     =       62.816, Total count    =     11797564]
#[Buckets =           27, SubBuckets     =         2048]
----------------------------------------------------------
  11998754 requests in 10.00m, 2.00GB read
Requests/sec:  19997.88
Transfer/sec:      3.41MB
