Running 10m test @ http://localhost:9999/math/plus?x=1&y=2
  16 threads and 400 connections
  Thread calibration: mean lat.: 3031.127ms, rate sampling interval: 9183ms
  Thread calibration: mean lat.: 3025.245ms, rate sampling interval: 8781ms
  Thread calibration: mean lat.: 3051.625ms, rate sampling interval: 8937ms
  Thread calibration: mean lat.: 3039.873ms, rate sampling interval: 8814ms
  Thread calibration: mean lat.: 3147.834ms, rate sampling interval: 9830ms
  Thread calibration: mean lat.: 3088.272ms, rate sampling interval: 9093ms
  Thread calibration: mean lat.: 3387.044ms, rate sampling interval: 8585ms
  Thread calibration: mean lat.: 2801.872ms, rate sampling interval: 8429ms
  Thread calibration: mean lat.: 3384.646ms, rate sampling interval: 9609ms
  Thread calibration: mean lat.: 3739.840ms, rate sampling interval: 10190ms
  Thread calibration: mean lat.: 3034.179ms, rate sampling interval: 9150ms
  Thread calibration: mean lat.: 3045.357ms, rate sampling interval: 8830ms
  Thread calibration: mean lat.: 3189.525ms, rate sampling interval: 9027ms
  Thread calibration: mean lat.: 3217.392ms, rate sampling interval: 9420ms
  Thread calibration: mean lat.: 3210.205ms, rate sampling interval: 9232ms
  Thread calibration: mean lat.: 3211.886ms, rate sampling interval: 9076ms
  Thread Stats   Avg      Stdev     Max   +/- Stdev
    Latency    34.42s    44.82s    9.15m    90.31%
    Req/Sec   226.48    501.16     1.83k    87.94%
  Latency Distribution (HdrHistogram - Recorded Latency)
 50.000%   22.95s 
 75.000%   31.39s 
 90.000%    1.29m 
 99.000%    3.97m 
 99.900%    6.63m 
 99.990%    8.65m 
 99.999%    9.13m 
100.000%    9.16m 

  Detailed Percentile spectrum:
       Value   Percentile   TotalCount 1/(1-Percentile)

    2799.615     0.000000            1         1.00
    7913.471     0.100000       212996         1.11
   11173.887     0.200000       425495         1.25
   14475.263     0.300000       638332         1.43
   19972.095     0.400000       850910         1.67
   22953.983     0.500000      1063817         2.00
   24592.383     0.550000      1169947         2.22
   26329.087     0.600000      1277058         2.50
   27967.487     0.650000      1383561         2.86
   29638.655     0.700000      1489682         3.33
   31391.743     0.750000      1595964         4.00
   32292.863     0.775000      1649007         4.44
   33406.975     0.800000      1701735         5.00
   38535.167     0.825000      1755450         5.71
   40173.567     0.850000      1808215         6.67
   59703.295     0.875000      1861232         8.00
   69992.447     0.887500      1887868         8.89
   77398.015     0.900000      1914511        10.00
   85917.695     0.912500      1941039        11.43
   96010.239     0.925000      1967616        13.33
  108068.863     0.937500      1994193        16.00
  115081.215     0.943750      2007443        17.78
  123076.607     0.950000      2020778        20.00
  132251.647     0.956250      2034051        22.86
  142868.479     0.962500      2047407        26.67
  155451.391     0.968750      2060667        32.00
  162660.351     0.971875      2067359        35.56
  170655.743     0.975000      2073897        40.00
  179961.855     0.978125      2080596        45.71
  190840.831     0.981250      2087238        53.33
  203423.743     0.984375      2093857        64.00
  210632.703     0.985938      2097177        71.11
  222167.039     0.987500      2100508        80.00
  231735.295     0.989062      2103854        91.43
  242483.199     0.990625      2107143       106.67
  255459.327     0.992188      2110454       128.00
  265682.943     0.992969      2112142       142.22
  273678.335     0.993750      2113788       160.00
  283377.663     0.994531      2115471       182.86
  293863.423     0.995313      2117109       213.33
  306708.479     0.996094      2118765       256.00
  314572.799     0.996484      2119596       284.44
  322961.407     0.996875      2120444       320.00
  332136.447     0.997266      2121267       365.71
  343670.783     0.997656      2122078       426.67
  355467.263     0.998047      2122912       512.00
  362020.863     0.998242      2123332       568.89
  369885.183     0.998437      2123743       640.00
  377487.359     0.998633      2124161       731.43
  388235.263     0.998828      2124581       853.33
  399507.455     0.999023      2124989      1024.00
  414449.663     0.999121      2125198      1137.78
  429391.871     0.999219      2125402      1280.00
  443285.503     0.999316      2125609      1462.86
  458751.999     0.999414      2125819      1706.67
  467927.039     0.999512      2126024      2048.00
  472645.631     0.999561      2126128      2275.56
  476315.647     0.999609      2126237      2560.00
  487325.695     0.999658      2126337      2925.71
  496500.735     0.999707      2126442      3413.33
  500695.039     0.999756      2126543      4096.00
  503578.623     0.999780      2126595      4551.11
  505937.919     0.999805      2126649      5120.00
  509870.079     0.999829      2126699      5851.43
  511967.231     0.999854      2126753      6826.67
  515899.391     0.999878      2126809      8192.00
  517210.111     0.999890      2126831      9102.22
  520355.839     0.999902      2126856     10240.00
  522977.279     0.999915      2126883     11702.86
  528744.447     0.999927      2126907     13653.33
  530841.599     0.999939      2126933     16384.00
  531628.031     0.999945      2126946     18204.44
  532676.607     0.999951      2126960     20480.00
  533463.039     0.999957      2126973     23405.71
  539492.351     0.999963      2126985     27306.67
  545259.519     0.999969      2126998     32768.00
  545783.807     0.999973      2127005     36408.89
  546308.095     0.999976      2127014     40960.00
  546832.383     0.999979      2127028     46811.43
  546832.383     0.999982      2127028     54613.33
  547356.671     0.999985      2127037     65536.00
  547356.671     0.999986      2127037     72817.78
  547356.671     0.999988      2127037     81920.00
  547880.959     0.999989      2127048     93622.86
  547880.959     0.999991      2127048    109226.67
  547880.959     0.999992      2127048    131072.00
  547880.959     0.999993      2127048    145635.56
  548405.247     0.999994      2127055    163840.00
  548405.247     0.999995      2127055    187245.71
  548405.247     0.999995      2127055    218453.33
  548405.247     0.999996      2127055    262144.00
  548405.247     0.999997      2127055    291271.11
  548929.535     0.999997      2127060    327680.00
  548929.535     0.999997      2127060    374491.43
  548929.535     0.999998      2127060    436906.67
  548929.535     0.999998      2127060    524288.00
  548929.535     0.999998      2127060    582542.22
  548929.535     0.999998      2127060    655360.00
  548929.535     0.999999      2127060    748982.86
  548929.535     0.999999      2127060    873813.33
  548929.535     0.999999      2127060   1048576.00
  549453.823     0.999999      2127062   1165084.44
  549453.823     1.000000      2127062          inf
#[Mean    =    34424.532, StdDeviation   =    44824.673]
#[Max     =   548929.536, Total count    =      2127062]
#[Buckets =           27, SubBuckets     =         2048]
----------------------------------------------------------
  2362336 requests in 10.01m, 443.85MB read
  Socket errors: connect 0, read 0, write 0, timeout 57192
Requests/sec:   3934.63
Transfer/sec:    757.01KB
