Running 10m test @ http://localhost:9999/math/plus?x=1&y=2
  16 threads and 400 connections
  Thread calibration: mean lat.: 2702.763ms, rate sampling interval: 9388ms
  Thread calibration: mean lat.: 2822.010ms, rate sampling interval: 9748ms
  Thread calibration: mean lat.: 2796.815ms, rate sampling interval: 10018ms
  Thread calibration: mean lat.: 2858.765ms, rate sampling interval: 9486ms
  Thread calibration: mean lat.: 2781.954ms, rate sampling interval: 10133ms
  Thread calibration: mean lat.: 2676.355ms, rate sampling interval: 9453ms
  Thread calibration: mean lat.: 2735.290ms, rate sampling interval: 9412ms
  Thread calibration: mean lat.: 2049.851ms, rate sampling interval: 7823ms
  Thread calibration: mean lat.: 2769.594ms, rate sampling interval: 9576ms
  Thread calibration: mean lat.: 2437.489ms, rate sampling interval: 8593ms
  Thread calibration: mean lat.: 2757.627ms, rate sampling interval: 9568ms
  Thread calibration: mean lat.: 2923.403ms, rate sampling interval: 10100ms
  Thread calibration: mean lat.: 2722.097ms, rate sampling interval: 9576ms
  Thread calibration: mean lat.: 2832.578ms, rate sampling interval: 9543ms
  Thread calibration: mean lat.: 2812.135ms, rate sampling interval: 9986ms
  Thread calibration: mean lat.: 2821.638ms, rate sampling interval: 10092ms
  Thread Stats   Avg      Stdev     Max   +/- Stdev
    Latency    50.17s     0.97m    9.13m    95.53%
    Req/Sec   270.06    508.54     1.78k    82.25%
  Latency Distribution (HdrHistogram - Recorded Latency)
 50.000%   38.96s 
 75.000%    1.00m 
 90.000%    1.33m 
 99.000%    6.10m 
 99.900%    8.73m 
 99.990%    9.12m 
 99.999%    9.13m 
100.000%    9.14m 

  Detailed Percentile spectrum:
       Value   Percentile   TotalCount 1/(1-Percentile)

    4046.847     0.000000            1         1.00
   10649.599     0.100000       253357         1.11
   16736.255     0.200000       506675         1.25
   24231.935     0.300000       759855         1.43
   30818.303     0.400000      1013019         1.67
   38961.151     0.500000      1266335         2.00
   42860.543     0.550000      1393500         2.22
   46891.007     0.600000      1519541         2.50
   51216.383     0.650000      1646423         2.86
   55640.063     0.700000      1772876         3.33
   59932.671     0.750000      1899320         4.00
   62193.663     0.775000      1963181         4.44
   64356.351     0.800000      2026475         5.00
   73596.927     0.825000      2090427         5.71
   75825.151     0.850000      2153831         6.67
   77922.303     0.875000      2216284         8.00
   78970.879     0.887500      2248337         8.89
   80019.455     0.900000      2279222        10.00
   81461.247     0.912500      2311196        11.43
   89915.391     0.925000      2342819        13.33
   91160.575     0.937500      2374971        16.00
   92143.615     0.943750      2390364        17.78
   99614.719     0.950000      2406261        20.00
  114819.071     0.956250      2421578        22.86
  144703.487     0.962500      2437489        26.67
  181141.503     0.968750      2453264        32.00
  202113.023     0.971875      2461140        35.56
  219676.671     0.975000      2469036        40.00
  246808.575     0.978125      2476966        45.71
  270532.607     0.981250      2484948        53.33
  300154.879     0.984375      2492786        64.00
  315621.375     0.985938      2496849        71.11
  336330.751     0.987500      2500808        80.00
  352321.535     0.989062      2504739        91.43
  374079.487     0.990625      2508687       106.67
  396361.727     0.992188      2512599       128.00
  410517.503     0.992969      2514574       142.22
  419692.543     0.993750      2516567       160.00
  433848.319     0.994531      2518532       182.86
  448790.527     0.995313      2520501       213.33
  463470.591     0.996094      2522538       256.00
  471334.911     0.996484      2523449       284.44
  478937.087     0.996875      2524483       320.00
  486014.975     0.997266      2525474       365.71
  493879.295     0.997656      2526467       426.67
  501481.471     0.998047      2527434       512.00
  508297.215     0.998242      2527960       568.89
  509607.935     0.998437      2528426       640.00
  516161.535     0.998633      2528942       731.43
  522452.991     0.998828      2529377       853.33
  524025.855     0.999023      2529890      1024.00
  525074.431     0.999121      2530141      1137.78
  530841.599     0.999219      2530386      1280.00
  531628.031     0.999316      2530641      1462.86
  532414.463     0.999414      2530858      1706.67
  538443.775     0.999512      2531204      2048.00
  538968.063     0.999561      2531370      2275.56
  538968.063     0.999609      2531370      2560.00
  539492.351     0.999658      2531512      2925.71
  540016.639     0.999707      2531630      3413.33
  545259.519     0.999756      2531726      4096.00
  545783.807     0.999780      2531816      4551.11
  546308.095     0.999805      2531931      5120.00
  546308.095     0.999829      2531931      5851.43
  546832.383     0.999854      2532047      6826.67
  546832.383     0.999878      2532047      8192.00
  547356.671     0.999890      2532254      9102.22
  547356.671     0.999902      2532254     10240.00
  547356.671     0.999915      2532254     11702.86
  547356.671     0.999927      2532254     13653.33
  547356.671     0.999939      2532254     16384.00
  547356.671     0.999945      2532254     18204.44
  547356.671     0.999951      2532254     20480.00
  547356.671     0.999957      2532254     23405.71
  547356.671     0.999963      2532254     27306.67
  547880.959     0.999969      2532311     32768.00
  547880.959     0.999973      2532311     36408.89
  547880.959     0.999976      2532311     40960.00
  547880.959     0.999979      2532311     46811.43
  547880.959     0.999982      2532311     54613.33
  547880.959     0.999985      2532311     65536.00
  547880.959     0.999986      2532311     72817.78
  547880.959     0.999988      2532311     81920.00
  547880.959     0.999989      2532311     93622.86
  547880.959     0.999991      2532311    109226.67
  548405.247     0.999992      2532332    131072.00
  548405.247     1.000000      2532332          inf
#[Mean    =    50168.647, StdDeviation   =    58071.248]
#[Max     =   547880.960, Total count    =      2532332]
#[Buckets =           27, SubBuckets     =         2048]
----------------------------------------------------------
  2806936 requests in 10.01m, 527.37MB read
  Socket errors: connect 0, read 0, write 0, timeout 72359
  Non-2xx or 3xx responses: 40
Requests/sec:   4674.55
Transfer/sec:      0.88MB
