Running 10m test @ http://localhost:9999/math/plus?x=1&y=2
  16 threads and 400 connections
  Thread calibration: mean lat.: 1.699ms, rate sampling interval: 10ms
  Thread calibration: mean lat.: 1.481ms, rate sampling interval: 10ms
  Thread calibration: mean lat.: 1.647ms, rate sampling interval: 10ms
  Thread calibration: mean lat.: 1.606ms, rate sampling interval: 10ms
  Thread calibration: mean lat.: 1.502ms, rate sampling interval: 10ms
  Thread calibration: mean lat.: 1.544ms, rate sampling interval: 10ms
  Thread calibration: mean lat.: 1.670ms, rate sampling interval: 10ms
  Thread calibration: mean lat.: 1.594ms, rate sampling interval: 10ms
  Thread calibration: mean lat.: 1.600ms, rate sampling interval: 10ms
  Thread calibration: mean lat.: 1.560ms, rate sampling interval: 10ms
  Thread calibration: mean lat.: 1.487ms, rate sampling interval: 10ms
  Thread calibration: mean lat.: 1.537ms, rate sampling interval: 10ms
  Thread calibration: mean lat.: 1.436ms, rate sampling interval: 10ms
  Thread calibration: mean lat.: 1.564ms, rate sampling interval: 10ms
  Thread calibration: mean lat.: 1.782ms, rate sampling interval: 10ms
  Thread calibration: mean lat.: 1.497ms, rate sampling interval: 10ms
  Thread Stats   Avg      Stdev     Max   +/- Stdev
    Latency     1.33ms    1.66ms  77.82ms   96.85%
    Req/Sec     1.98k   535.40     6.67k    73.12%
  Latency Distribution (HdrHistogram - Recorded Latency)
 50.000%    1.09ms
 75.000%    1.50ms
 90.000%    1.99ms
 99.000%    8.47ms
 99.900%   22.69ms
 99.990%   35.78ms
 99.999%   49.89ms
100.000%   77.89ms

  Detailed Percentile spectrum:
       Value   Percentile   TotalCount 1/(1-Percentile)

       0.068     0.000000            1         1.00
       0.448     0.100000      1772081         1.11
       0.634     0.200000      3540171         1.25
       0.795     0.300000      5315156         1.43
       0.945     0.400000      7090668         1.67
       1.085     0.500000      8850775         2.00
       1.156     0.550000      9739585         2.22
       1.231     0.600000     10621274         2.50
       1.312     0.650000     11506348         2.86
       1.400     0.700000     12392392         3.33
       1.500     0.750000     13277843         4.00
       1.557     0.775000     13720093         4.44
       1.619     0.800000     14158065         5.00
       1.689     0.825000     14603023         5.71
       1.768     0.850000     15042288         6.67
       1.864     0.875000     15485158         8.00
       1.921     0.887500     15706679         8.89
       1.987     0.900000     15928819        10.00
       2.065     0.912500     16151451        11.43
       2.159     0.925000     16370729        13.33
       2.281     0.937500     16593338        16.00
       2.357     0.943750     16703032        17.78
       2.447     0.950000     16812027        20.00
       2.565     0.956250     16923174        22.86
       2.729     0.962500     17032938        26.67
       3.007     0.968750     17143799        32.00
       3.235     0.971875     17198743        35.56
       3.565     0.975000     17254136        40.00
       4.079     0.978125     17309296        45.71
       4.867     0.981250     17364654        53.33
       5.991     0.984375     17419768        64.00
       6.619     0.985938     17447534        71.11
       7.343     0.987500     17475070        80.00
       8.079     0.989062     17502796        91.43
       8.847     0.990625     17530366       106.67
       9.839     0.992188     17558112       128.00
      10.407     0.992969     17571917       142.22
      11.055     0.993750     17585744       160.00
      11.855     0.994531     17599506       182.86
      12.743     0.995313     17613318       213.33
      14.023     0.996094     17627155       256.00
      14.767     0.996484     17634077       284.44
      15.559     0.996875     17641035       320.00
      16.399     0.997266     17647942       365.71
      17.343     0.997656     17654870       426.67
      18.527     0.998047     17661765       512.00
      19.215     0.998242     17665235       568.89
      19.919     0.998437     17668639       640.00
      20.735     0.998633     17672076       731.43
      21.695     0.998828     17675555       853.33
      22.815     0.999023     17679000      1024.00
      23.455     0.999121     17680742      1137.78
      24.175     0.999219     17682461      1280.00
      24.991     0.999316     17684199      1462.86
      25.903     0.999414     17685907      1706.67
      27.023     0.999512     17687631      2048.00
      27.631     0.999561     17688494      2275.56
      28.351     0.999609     17689367      2560.00
      29.167     0.999658     17690232      2925.71
      30.031     0.999707     17691093      3413.33
      31.007     0.999756     17691951      4096.00
      31.583     0.999780     17692386      4551.11
      32.207     0.999805     17692817      5120.00
      32.959     0.999829     17693262      5851.43
      33.759     0.999854     17693685      6826.67
      34.751     0.999878     17694111      8192.00
      35.295     0.999890     17694325      9102.22
      35.903     0.999902     17694541     10240.00
      36.735     0.999915     17694761     11702.86
      37.567     0.999927     17694980     13653.33
      38.591     0.999939     17695191     16384.00
      39.263     0.999945     17695300     18204.44
      40.031     0.999951     17695406     20480.00
      40.863     0.999957     17695512     23405.71
      42.079     0.999963     17695622     27306.67
      43.359     0.999969     17695728     32768.00
      44.063     0.999973     17695783     36408.89
      44.639     0.999976     17695836     40960.00
      45.695     0.999979     17695892     46811.43
      46.623     0.999982     17695946     54613.33
      47.583     0.999985     17695999     65536.00
      48.319     0.999986     17696026     72817.78
      48.863     0.999988     17696052     81920.00
      49.695     0.999989     17696079     93622.86
      50.559     0.999991     17696107    109226.67
      51.487     0.999992     17696134    131072.00
      52.127     0.999993     17696148    145635.56
      52.927     0.999994     17696161    163840.00
      53.855     0.999995     17696174    187245.71
      55.551     0.999995     17696187    218453.33
      57.567     0.999996     17696201    262144.00
      58.463     0.999997     17696208    291271.11
      59.423     0.999997     17696214    327680.00
      60.415     0.999997     17696221    374491.43
      61.279     0.999998     17696228    436906.67
      62.495     0.999998     17696235    524288.00
      62.975     0.999998     17696238    582542.22
      63.231     0.999998     17696241    655360.00
      64.223     0.999999     17696246    748982.86
      64.479     0.999999     17696248    873813.33
      65.599     0.999999     17696252   1048576.00
      65.791     0.999999     17696254   1165084.44
      65.919     0.999999     17696255   1310720.00
      66.175     0.999999     17696258   1497965.71
      66.175     0.999999     17696258   1747626.67
      66.623     1.000000     17696260   2097152.00
      66.687     1.000000     17696261   2330168.89
      66.943     1.000000     17696262   2621440.00
      67.007     1.000000     17696263   2995931.43
      67.007     1.000000     17696263   3495253.33
      67.263     1.000000     17696264   4194304.00
      67.327     1.000000     17696265   4660337.78
      67.327     1.000000     17696265   5242880.00
      67.519     1.000000     17696266   5991862.86
      67.519     1.000000     17696266   6990506.67
      67.519     1.000000     17696266   8388608.00
      67.711     1.000000     17696267   9320675.55
      67.711     1.000000     17696267  10485760.00
      67.711     1.000000     17696267  11983725.71
      67.711     1.000000     17696267  13981013.34
      67.711     1.000000     17696267  16777216.00
      77.887     1.000000     17696268  18641351.10
      77.887     1.000000     17696268          inf
#[Mean    =        1.329, StdDeviation   =        1.660]
#[Max     =       77.824, Total count    =     17696268]
#[Buckets =           27, SubBuckets     =         2048]
----------------------------------------------------------
  17996228 requests in 10.00m, 3.00GB read
Requests/sec:  29993.68
Transfer/sec:      5.12MB
