Running 10m test @ http://localhost:9999/math/plus?x=1&y=2
  16 threads and 400 connections
  Thread calibration: mean lat.: 1.414ms, rate sampling interval: 10ms
  Thread calibration: mean lat.: 1.384ms, rate sampling interval: 10ms
  Thread calibration: mean lat.: 1.362ms, rate sampling interval: 10ms
  Thread calibration: mean lat.: 1.317ms, rate sampling interval: 10ms
  Thread calibration: mean lat.: 1.345ms, rate sampling interval: 10ms
  Thread calibration: mean lat.: 1.373ms, rate sampling interval: 10ms
  Thread calibration: mean lat.: 1.367ms, rate sampling interval: 10ms
  Thread calibration: mean lat.: 1.351ms, rate sampling interval: 10ms
  Thread calibration: mean lat.: 1.364ms, rate sampling interval: 10ms
  Thread calibration: mean lat.: 1.327ms, rate sampling interval: 10ms
  Thread calibration: mean lat.: 1.391ms, rate sampling interval: 10ms
  Thread calibration: mean lat.: 1.334ms, rate sampling interval: 10ms
  Thread calibration: mean lat.: 1.339ms, rate sampling interval: 10ms
  Thread calibration: mean lat.: 1.350ms, rate sampling interval: 10ms
  Thread calibration: mean lat.: 1.339ms, rate sampling interval: 10ms
  Thread calibration: mean lat.: 1.391ms, rate sampling interval: 10ms
  Thread Stats   Avg      Stdev     Max   +/- Stdev
    Latency     1.13ms    1.03ms  64.80ms   96.61%
    Req/Sec     1.98k   439.30     5.60k    69.48%
  Latency Distribution (HdrHistogram - Recorded Latency)
 50.000%    1.02ms
 75.000%    1.38ms
 90.000%    1.72ms
 99.000%    5.14ms
 99.900%   13.81ms
 99.990%   23.41ms
 99.999%   36.16ms
100.000%   64.83ms

  Detailed Percentile spectrum:
       Value   Percentile   TotalCount 1/(1-Percentile)

       0.064     0.000000            1         1.00
       0.417     0.100000      1772579         1.11
       0.590     0.200000      3543934         1.25
       0.738     0.300000      5311821         1.43
       0.880     0.400000      7091035         1.67
       1.017     0.500000      8860510         2.00
       1.084     0.550000      9736753         2.22
       1.152     0.600000     10625184         2.50
       1.222     0.650000     11509622         2.86
       1.296     0.700000     12392047         3.33
       1.376     0.750000     13273168         4.00
       1.420     0.775000     13718537         4.44
       1.467     0.800000     14157525         5.00
       1.519     0.825000     14599667         5.71
       1.578     0.850000     15047880         6.67
       1.644     0.875000     15488096         8.00
       1.681     0.887500     15705514         8.89
       1.723     0.900000     15928613        10.00
       1.770     0.912500     16148894        11.43
       1.825     0.925000     16370358        13.33
       1.891     0.937500     16590592        16.00
       1.931     0.943750     16702785        17.78
       1.976     0.950000     16811811        20.00
       2.032     0.956250     16923841        22.86
       2.103     0.962500     17034075        26.67
       2.205     0.968750     17144655        32.00
       2.277     0.971875     17199297        35.56
       2.377     0.975000     17254138        40.00
       2.527     0.978125     17309223        45.71
       2.783     0.981250     17364749        53.33
       3.247     0.984375     17419770        64.00
       3.633     0.985938     17447419        71.11
       4.135     0.987500     17475220        80.00
       4.743     0.989062     17502869        91.43
       5.387     0.990625     17530457       106.67
       6.059     0.992188     17558074       128.00
       6.451     0.992969     17571935       142.22
       6.815     0.993750     17585771       160.00
       7.275     0.994531     17599582       182.86
       7.887     0.995313     17613329       213.33
       8.583     0.996094     17627203       256.00
       9.039     0.996484     17634067       284.44
       9.439     0.996875     17640985       320.00
       9.903     0.997266     17647891       365.71
      10.471     0.997656     17654857       426.67
      11.087     0.998047     17661740       512.00
      11.455     0.998242     17665206       568.89
      11.879     0.998437     17668647       640.00
      12.383     0.998633     17672090       731.43
      13.135     0.998828     17675557       853.33
      13.919     0.999023     17679004      1024.00
      14.423     0.999121     17680732      1137.78
      14.919     0.999219     17682473      1280.00
      15.423     0.999316     17684200      1462.86
      15.967     0.999414     17685919      1706.67
      16.735     0.999512     17687657      2048.00
      17.183     0.999561     17688504      2275.56
      17.679     0.999609     17689374      2560.00
      18.191     0.999658     17690227      2925.71
      18.719     0.999707     17691111      3413.33
      19.247     0.999756     17691971      4096.00
      19.583     0.999780     17692404      4551.11
      19.983     0.999805     17692816      5120.00
      20.527     0.999829     17693250      5851.43
      21.279     0.999854     17693681      6826.67
      22.287     0.999878     17694116      8192.00
      22.895     0.999890     17694334      9102.22
      23.551     0.999902     17694548     10240.00
      24.415     0.999915     17694766     11702.86
      25.199     0.999927     17694980     13653.33
      26.191     0.999939     17695195     16384.00
      26.703     0.999945     17695300     18204.44
      27.327     0.999951     17695409     20480.00
      28.047     0.999957     17695517     23405.71
      28.911     0.999963     17695625     27306.67
      30.031     0.999969     17695733     32768.00
      30.639     0.999973     17695789     36408.89
      31.135     0.999976     17695840     40960.00
      31.871     0.999979     17695894     46811.43
      32.687     0.999982     17695949     54613.33
      33.599     0.999985     17696002     65536.00
      34.047     0.999986     17696029     72817.78
      34.719     0.999988     17696056     81920.00
      35.807     0.999989     17696084     93622.86
      36.767     0.999991     17696110    109226.67
      38.015     0.999992     17696138    131072.00
      38.687     0.999993     17696151    145635.56
      39.327     0.999994     17696164    163840.00
      40.255     0.999995     17696178    187245.71
      41.759     0.999995     17696192    218453.33
      42.911     0.999996     17696205    262144.00
      43.583     0.999997     17696212    291271.11
      44.319     0.999997     17696218    327680.00
      45.183     0.999997     17696225    374491.43
      46.911     0.999998     17696232    436906.67
      47.903     0.999998     17696239    524288.00
      48.319     0.999998     17696242    582542.22
      48.639     0.999998     17696245    655360.00
      49.311     0.999999     17696249    748982.86
      52.191     0.999999     17696252    873813.33
      53.119     0.999999     17696256   1048576.00
      53.727     0.999999     17696257   1165084.44
      54.687     0.999999     17696259   1310720.00
      55.327     0.999999     17696261   1497965.71
      55.679     0.999999     17696262   1747626.67
      58.655     1.000000     17696264   2097152.00
      58.879     1.000000     17696265   2330168.89
      59.103     1.000000     17696266   2621440.00
      59.135     1.000000     17696267   2995931.43
      59.135     1.000000     17696267   3495253.33
      59.903     1.000000     17696268   4194304.00
      60.895     1.000000     17696269   4660337.78
      60.895     1.000000     17696269   5242880.00
      64.031     1.000000     17696270   5991862.86
      64.031     1.000000     17696270   6990506.67
      64.031     1.000000     17696270   8388608.00
      64.447     1.000000     17696271   9320675.55
      64.447     1.000000     17696271  10485760.00
      64.447     1.000000     17696271  11983725.71
      64.447     1.000000     17696271  13981013.34
      64.447     1.000000     17696271  16777216.00
      64.831     1.000000     17696272  18641351.10
      64.831     1.000000     17696272          inf
#[Mean    =        1.132, StdDeviation   =        1.027]
#[Max     =       64.800, Total count    =     17696272]
#[Buckets =           27, SubBuckets     =         2048]
----------------------------------------------------------
  17997919 requests in 10.00m, 3.00GB read
Requests/sec:  29996.52
Transfer/sec:      5.12MB
