Running 10m test @ http://localhost:9999/math/plus?x=1&y=2
  16 threads and 400 connections
  Thread calibration: mean lat.: 3.185ms, rate sampling interval: 12ms
  Thread calibration: mean lat.: 3.264ms, rate sampling interval: 12ms
  Thread calibration: mean lat.: 3.198ms, rate sampling interval: 11ms
  Thread calibration: mean lat.: 3.124ms, rate sampling interval: 12ms
  Thread calibration: mean lat.: 3.259ms, rate sampling interval: 13ms
  Thread calibration: mean lat.: 3.189ms, rate sampling interval: 12ms
  Thread calibration: mean lat.: 3.210ms, rate sampling interval: 12ms
  Thread calibration: mean lat.: 3.252ms, rate sampling interval: 12ms
  Thread calibration: mean lat.: 3.328ms, rate sampling interval: 13ms
  Thread calibration: mean lat.: 2.901ms, rate sampling interval: 11ms
  Thread calibration: mean lat.: 3.077ms, rate sampling interval: 12ms
  Thread calibration: mean lat.: 2.663ms, rate sampling interval: 10ms
  Thread calibration: mean lat.: 3.202ms, rate sampling interval: 12ms
  Thread calibration: mean lat.: 3.324ms, rate sampling interval: 13ms
  Thread calibration: mean lat.: 2.711ms, rate sampling interval: 11ms
  Thread calibration: mean lat.: 2.901ms, rate sampling interval: 11ms
  Thread Stats   Avg      Stdev     Max   +/- Stdev
    Latency     2.56ms    2.98ms  93.31ms   91.71%
    Req/Sec     1.31k   553.43     5.00k    56.76%
  Latency Distribution (HdrHistogram - Recorded Latency)
 50.000%    1.61ms
 75.000%    3.20ms
 90.000%    5.11ms
 99.000%   14.85ms
 99.900%   30.90ms
 99.990%   45.34ms
 99.999%   58.08ms
100.000%   93.38ms

  Detailed Percentile spectrum:
       Value   Percentile   TotalCount 1/(1-Percentile)

       0.085     0.000000            3         1.00
       0.547     0.100000      1182181         1.11
       0.809     0.200000      2360995         1.25
       1.053     0.300000      3539248         1.43
       1.293     0.400000      4719073         1.67
       1.612     0.500000      5899675         2.00
       1.827     0.550000      6489885         2.22
       2.099     0.600000      7078878         2.50
       2.429     0.650000      7670450         2.86
       2.795     0.700000      8260794         3.33
       3.205     0.750000      8848200         4.00
       3.435     0.775000      9144040         4.44
       3.683     0.800000      9439245         5.00
       3.961     0.825000      9734814         5.71
       4.283     0.850000     10030502         6.67
       4.651     0.875000     10325419         8.00
       4.859     0.887500     10470462         8.89
       5.111     0.900000     10618546        10.00
       5.411     0.912500     10765346        11.43
       5.795     0.925000     10912745        13.33
       6.399     0.937500     11060407        16.00
       6.811     0.943750     11134224        17.78
       7.339     0.950000     11207980        20.00
       7.959     0.956250     11281616        22.86
       8.679     0.962500     11355058        26.67
       9.615     0.968750     11428892        32.00
      10.167     0.971875     11466012        35.56
      10.783     0.975000     11502761        40.00
      11.455     0.978125     11539489        45.71
      12.159     0.981250     11576601        53.33
      12.919     0.984375     11613188        64.00
      13.383     0.985938     11631656        71.11
      13.895     0.987500     11650180        80.00
      14.463     0.989062     11668550        91.43
      15.159     0.990625     11686947       106.67
      16.031     0.992188     11705374       128.00
      16.527     0.992969     11714490       142.22
      17.151     0.993750     11723898       160.00
      17.855     0.994531     11732937       182.86
      18.655     0.995313     11742128       213.33
      19.727     0.996094     11751357       256.00
      20.607     0.996484     11755958       284.44
      21.967     0.996875     11760596       320.00
      23.279     0.997266     11765180       365.71
      24.639     0.997656     11769801       426.67
      26.191     0.998047     11774391       512.00
      27.039     0.998242     11776714       568.89
      27.903     0.998437     11778989       640.00
      28.815     0.998633     11781317       731.43
      29.823     0.998828     11783626       853.33
      31.055     0.999023     11785925      1024.00
      31.727     0.999121     11787065      1137.78
      32.511     0.999219     11788212      1280.00
      33.311     0.999316     11789383      1462.86
      34.207     0.999414     11790522      1706.67
      35.263     0.999512     11791658      2048.00
      35.935     0.999561     11792243      2275.56
      36.671     0.999609     11792816      2560.00
      37.503     0.999658     11793400      2925.71
      38.367     0.999707     11793973      3413.33
      39.519     0.999756     11794546      4096.00
      40.191     0.999780     11794828      4551.11
      41.087     0.999805     11795120      5120.00
      42.143     0.999829     11795401      5851.43
      43.199     0.999854     11795701      6826.67
      44.159     0.999878     11795982      8192.00
      44.799     0.999890     11796127      9102.22
      45.471     0.999902     11796268     10240.00
      46.367     0.999915     11796409     11702.86
      47.231     0.999927     11796555     13653.33
      48.159     0.999939     11796703     16384.00
      48.639     0.999945     11796770     18204.44
      49.215     0.999951     11796842     20480.00
      49.791     0.999957     11796914     23405.71
      50.719     0.999963     11796986     27306.67
      51.839     0.999969     11797057     32768.00
      52.479     0.999973     11797093     36408.89
      53.151     0.999976     11797129     40960.00
      54.079     0.999979     11797168     46811.43
      54.815     0.999982     11797201     54613.33
      55.807     0.999985     11797237     65536.00
      56.351     0.999986     11797256     72817.78
      57.279     0.999988     11797273     81920.00
      57.823     0.999989     11797291     93622.86
      58.687     0.999991     11797309    109226.67
      60.191     0.999992     11797327    131072.00
      60.735     0.999993     11797336    145635.56
      61.599     0.999994     11797345    163840.00
      63.103     0.999995     11797354    187245.71
      64.607     0.999995     11797363    218453.33
      66.111     0.999996     11797372    262144.00
      66.815     0.999997     11797377    291271.11
      68.415     0.999997     11797381    327680.00
      70.143     0.999997     11797386    374491.43
      71.999     0.999998     11797390    436906.67
      74.559     0.999998     11797395    524288.00
      75.775     0.999998     11797397    582542.22
      76.031     0.999998     11797399    655360.00
      76.287     0.999999     11797402    748982.86
      76.543     0.999999     11797404    873813.33
      76.991     0.999999     11797406   1048576.00
      77.119     0.999999     11797407   1165084.44
      78.783     0.999999     11797408   1310720.00
      80.447     0.999999     11797410   1497965.71
      85.311     0.999999     11797411   1747626.67
      85.567     1.000000     11797412   2097152.00
      85.567     1.000000     11797412   2330168.89
      87.807     1.000000     11797413   2621440.00
      88.895     1.000000     11797414   2995931.43
      88.895     1.000000     11797414   3495253.33
      89.599     1.000000     11797415   4194304.00
      89.599     1.000000     11797415   4660337.78
      89.599     1.000000     11797415   5242880.00
      92.735     1.000000     11797416   5991862.86
      92.735     1.000000     11797416   6990506.67
      92.735     1.000000     11797416   8388608.00
      92.735     1.000000     11797416   9320675.55
      92.735     1.000000     11797416  10485760.00
      93.375     1.000000     11797417  11983725.71
      93.375     1.000000     11797417          inf
#[Mean    =        2.557, StdDeviation   =        2.978]
#[Max     =       93.312, Total count    =     11797417]
#[Buckets =           27, SubBuckets     =         2048]
----------------------------------------------------------
  11998749 requests in 10.00m, 2.00GB read
Requests/sec:  19997.96
Transfer/sec:      3.41MB
