Running 10m test @ http://localhost:9999/math/plus?x=1&y=2
  16 threads and 400 connections
  Thread calibration: mean lat.: 2.504ms, rate sampling interval: 10ms
  Thread calibration: mean lat.: 2.158ms, rate sampling interval: 10ms
  Thread calibration: mean lat.: 2.487ms, rate sampling interval: 10ms
  Thread calibration: mean lat.: 2.484ms, rate sampling interval: 10ms
  Thread calibration: mean lat.: 2.437ms, rate sampling interval: 10ms
  Thread calibration: mean lat.: 2.483ms, rate sampling interval: 10ms
  Thread calibration: mean lat.: 2.608ms, rate sampling interval: 10ms
  Thread calibration: mean lat.: 2.476ms, rate sampling interval: 10ms
  Thread calibration: mean lat.: 3.398ms, rate sampling interval: 13ms
  Thread calibration: mean lat.: 3.042ms, rate sampling interval: 12ms
  Thread calibration: mean lat.: 2.153ms, rate sampling interval: 10ms
  Thread calibration: mean lat.: 3.380ms, rate sampling interval: 13ms
  Thread calibration: mean lat.: 3.356ms, rate sampling interval: 13ms
  Thread calibration: mean lat.: 3.518ms, rate sampling interval: 13ms
  Thread calibration: mean lat.: 4.420ms, rate sampling interval: 15ms
  Thread calibration: mean lat.: 3.381ms, rate sampling interval: 13ms
  Thread Stats   Avg      Stdev     Max   +/- Stdev
    Latency     2.89ms    8.65ms   1.00s    99.05%
    Req/Sec   655.72    586.57     2.78k    63.88%
  Latency Distribution (HdrHistogram - Recorded Latency)
 50.000%    2.02ms
 75.000%    3.56ms
 90.000%    5.83ms
 99.000%   11.30ms
 99.900%   20.62ms
 99.990%  523.52ms
 99.999%  946.17ms
100.000%    1.00s 

  Detailed Percentile spectrum:
       Value   Percentile   TotalCount 1/(1-Percentile)

       0.082     0.000000            2         1.00
       0.814     0.100000       591448         1.11
       1.123     0.200000      1181510         1.25
       1.389     0.300000      1770815         1.43
       1.674     0.400000      2360574         1.67
       2.023     0.500000      2950383         2.00
       2.235     0.550000      3245888         2.22
       2.483     0.600000      3540472         2.50
       2.779     0.650000      3834929         2.86
       3.133     0.700000      4129719         3.33
       3.559     0.750000      4424345         4.00
       3.811     0.775000      4571559         4.44
       4.095     0.800000      4719175         5.00
       4.427     0.825000      4867654         5.71
       4.815     0.850000      5014221         6.67
       5.279     0.875000      5162065         8.00
       5.539     0.887500      5235209         8.89
       5.827     0.900000      5309336        10.00
       6.147     0.912500      5382899        11.43
       6.503     0.925000      5456733        13.33
       6.903     0.937500      5530527        16.00
       7.119     0.943750      5566893        17.78
       7.359     0.950000      5604294        20.00
       7.619     0.956250      5640832        22.86
       7.915     0.962500      5677662        26.67
       8.255     0.968750      5714994        32.00
       8.447     0.971875      5732846        35.56
       8.671     0.975000      5751491        40.00
       8.935     0.978125      5770025        45.71
       9.263     0.981250      5788342        53.33
       9.695     0.984375      5806575        64.00
       9.983     0.985938      5815761        71.11
      10.367     0.987500      5824898        80.00
      10.895     0.989062      5834222        91.43
      11.615     0.990625      5843424       106.67
      12.487     0.992188      5852546       128.00
      13.047     0.992969      5857197       142.22
      13.631     0.993750      5861777       160.00
      14.271     0.994531      5866379       182.86
      14.983     0.995313      5871004       213.33
      15.767     0.996094      5875605       256.00
      16.223     0.996484      5877893       284.44
      16.703     0.996875      5880191       320.00
      17.231     0.997266      5882520       365.71
      17.839     0.997656      5884825       426.67
      18.495     0.998047      5887128       512.00
      18.863     0.998242      5888290       568.89
      19.231     0.998437      5889443       640.00
      19.663     0.998633      5890577       731.43
      20.127     0.998828      5891747       853.33
      20.687     0.999023      5892865      1024.00
      21.039     0.999121      5893445      1137.78
      21.407     0.999219      5894029      1280.00
      21.839     0.999316      5894594      1462.86
      22.383     0.999414      5895176      1706.67
      23.087     0.999512      5895749      2048.00
      23.535     0.999561      5896031      2275.56
      24.095     0.999609      5896320      2560.00
      24.911     0.999658      5896612      2925.71
      26.047     0.999707      5896897      3413.33
      28.255     0.999756      5897183      4096.00
      32.319     0.999780      5897327      4551.11
      75.839     0.999805      5897471      5120.00
     189.055     0.999829      5897615      5851.43
     302.335     0.999854      5897760      6826.67
     423.167     0.999878      5897903      8192.00
     480.255     0.999890      5897975      9102.22
     535.551     0.999902      5898047     10240.00
     594.943     0.999915      5898120     11702.86
     645.631     0.999927      5898191     13653.33
     707.071     0.999939      5898264     16384.00
     735.743     0.999945      5898299     18204.44
     763.391     0.999951      5898336     20480.00
     795.135     0.999957      5898371     23405.71
     823.295     0.999963      5898407     27306.67
     850.431     0.999969      5898443     32768.00
     864.767     0.999973      5898462     36408.89
     883.199     0.999976      5898479     40960.00
     896.511     0.999979      5898497     46811.43
     907.263     0.999982      5898515     54613.33
     922.623     0.999985      5898533     65536.00
     929.279     0.999986      5898542     72817.78
     940.031     0.999988      5898552     81920.00
     943.615     0.999989      5898561     93622.86
     953.855     0.999991      5898569    109226.67
     959.999     0.999992      5898578    131072.00
     963.071     0.999993      5898586    145635.56
     963.583     0.999994      5898590    163840.00
     968.703     0.999995      5898592    187245.71
     974.335     0.999995      5898596    218453.33
     978.943     0.999996      5898601    262144.00
     979.967     0.999997      5898603    291271.11
     982.015     0.999997      5898607    327680.00
     982.527     0.999997      5898610    374491.43
     982.527     0.999998      5898610    436906.67
     984.063     0.999998      5898613    524288.00
     984.063     0.999998      5898613    582542.22
     984.575     0.999998      5898614    655360.00
     999.423     0.999999      5898616    748982.86
    1002.495     0.999999      5898617    873813.33
    1003.519     0.999999      5898621   1048576.00
    1003.519     0.999999      5898621   1165084.44
    1003.519     0.999999      5898621   1310720.00
    1003.519     0.999999      5898621   1497965.71
    1003.519     0.999999      5898621   1747626.67
    1003.519     1.000000      5898621   2097152.00
    1003.519     1.000000      5898621   2330168.89
    1003.519     1.000000      5898621   2621440.00
    1004.031     1.000000      5898623   2995931.43
    1004.031     1.000000      5898623          inf
#[Mean    =        2.891, StdDeviation   =        8.651]
#[Max     =     1003.520, Total count    =      5898623]
#[Buckets =           27, SubBuckets     =         2048]
----------------------------------------------------------
  5997616 requests in 10.00m, 1.00GB read
Requests/sec:   9995.98
Transfer/sec:      1.71MB
