Running 10m test @ http://localhost:9999/math/plus?x=1&y=2
  16 threads and 400 connections
  Thread calibration: mean lat.: 2.577ms, rate sampling interval: 10ms
  Thread calibration: mean lat.: 2.934ms, rate sampling interval: 12ms
  Thread calibration: mean lat.: 2.910ms, rate sampling interval: 12ms
  Thread calibration: mean lat.: 2.778ms, rate sampling interval: 11ms
  Thread calibration: mean lat.: 2.841ms, rate sampling interval: 12ms
  Thread calibration: mean lat.: 3.010ms, rate sampling interval: 13ms
  Thread calibration: mean lat.: 2.803ms, rate sampling interval: 12ms
  Thread calibration: mean lat.: 2.737ms, rate sampling interval: 12ms
  Thread calibration: mean lat.: 2.798ms, rate sampling interval: 12ms
  Thread calibration: mean lat.: 3.057ms, rate sampling interval: 14ms
  Thread calibration: mean lat.: 2.768ms, rate sampling interval: 12ms
  Thread calibration: mean lat.: 2.931ms, rate sampling interval: 12ms
  Thread calibration: mean lat.: 4.074ms, rate sampling interval: 17ms
  Thread calibration: mean lat.: 2.798ms, rate sampling interval: 11ms
  Thread calibration: mean lat.: 2.793ms, rate sampling interval: 11ms
  Thread calibration: mean lat.: 4.305ms, rate sampling interval: 17ms
  Thread Stats   Avg      Stdev     Max   +/- Stdev
    Latency     3.06ms    2.60ms  48.22ms   84.50%
    Req/Sec   652.50    561.39     2.78k    59.88%
  Latency Distribution (HdrHistogram - Recorded Latency)
 50.000%    2.15ms
 75.000%    3.95ms
 90.000%    6.65ms
 99.000%   12.42ms
 99.900%   17.31ms
 99.990%   22.74ms
 99.999%   32.48ms
100.000%   48.26ms

  Detailed Percentile spectrum:
       Value   Percentile   TotalCount 1/(1-Percentile)

       0.088     0.000000            1         1.00
       0.841     0.100000       590725         1.11
       1.168     0.200000      1180062         1.25
       1.448     0.300000      1770940         1.43
       1.758     0.400000      2360605         1.67
       2.151     0.500000      2951365         2.00
       2.399     0.550000      3244478         2.22
       2.701     0.600000      3540095         2.50
       3.059     0.650000      3834858         2.86
       3.473     0.700000      4130123         3.33
       3.949     0.750000      4424918         4.00
       4.219     0.775000      4572764         4.44
       4.527     0.800000      4719987         5.00
       4.891     0.825000      4866713         5.71
       5.351     0.850000      5014300         6.67
       5.927     0.875000      5162036         8.00
       6.267     0.887500      5235411         8.89
       6.651     0.900000      5308811        10.00
       7.079     0.912500      5383095        11.43
       7.539     0.925000      5456368        13.33
       8.043     0.937500      5530511        16.00
       8.311     0.943750      5567638        17.78
       8.599     0.950000      5604605        20.00
       8.911     0.956250      5641196        22.86
       9.263     0.962500      5677622        26.67
       9.695     0.968750      5714561        32.00
       9.951     0.971875      5733110        35.56
      10.247     0.975000      5751531        40.00
      10.583     0.978125      5769801        45.71
      10.967     0.981250      5788050        53.33
      11.423     0.984375      5806717        64.00
      11.671     0.985938      5815683        71.11
      11.943     0.987500      5824937        80.00
      12.231     0.989062      5834142        91.43
      12.551     0.990625      5843346       106.67
      12.911     0.992188      5852675       128.00
      13.111     0.992969      5857313       142.22
      13.327     0.993750      5861895       160.00
      13.583     0.994531      5866419       182.86
      13.879     0.995313      5871038       213.33
      14.231     0.996094      5875589       256.00
      14.455     0.996484      5877949       284.44
      14.695     0.996875      5880211       320.00
      14.991     0.997266      5882533       365.71
      15.335     0.997656      5884792       426.67
      15.775     0.998047      5887127       512.00
      16.023     0.998242      5888277       568.89
      16.295     0.998437      5889403       640.00
      16.607     0.998633      5890583       731.43
      16.959     0.998828      5891714       853.33
      17.359     0.999023      5892873      1024.00
      17.599     0.999121      5893449      1137.78
      17.871     0.999219      5894034      1280.00
      18.143     0.999316      5894583      1462.86
      18.479     0.999414      5895176      1706.67
      18.863     0.999512      5895736      2048.00
      19.087     0.999561      5896019      2275.56
      19.359     0.999609      5896318      2560.00
      19.663     0.999658      5896601      2925.71
      20.031     0.999707      5896897      3413.33
      20.431     0.999756      5897173      4096.00
      20.687     0.999780      5897323      4551.11
      20.943     0.999805      5897461      5120.00
      21.263     0.999829      5897604      5851.43
      21.727     0.999854      5897747      6826.67
      22.159     0.999878      5897895      8192.00
      22.463     0.999890      5897963      9102.22
      22.799     0.999902      5898036     10240.00
      23.215     0.999915      5898111     11702.86
      23.583     0.999927      5898181     13653.33
      23.999     0.999939      5898253     16384.00
      24.303     0.999945      5898287     18204.44
      24.607     0.999951      5898326     20480.00
      25.071     0.999957      5898363     23405.71
      25.599     0.999963      5898395     27306.67
      26.511     0.999969      5898432     32768.00
      27.023     0.999973      5898450     36408.89
      27.375     0.999976      5898467     40960.00
      27.903     0.999979      5898486     46811.43
      28.543     0.999982      5898503     54613.33
      29.375     0.999985      5898521     65536.00
      29.647     0.999986      5898531     72817.78
      30.655     0.999988      5898539     81920.00
      32.255     0.999989      5898548     93622.86
      32.863     0.999991      5898557    109226.67
      34.815     0.999992      5898566    131072.00
      35.423     0.999993      5898571    145635.56
      35.647     0.999994      5898575    163840.00
      36.159     0.999995      5898580    187245.71
      36.575     0.999995      5898584    218453.33
      37.023     0.999996      5898589    262144.00
      37.183     0.999997      5898591    291271.11
      37.343     0.999997      5898593    327680.00
      37.599     0.999997      5898596    374491.43
      38.815     0.999998      5898598    436906.67
      38.911     0.999998      5898600    524288.00
      39.135     0.999998      5898601    582542.22
      39.455     0.999998      5898602    655360.00
      40.351     0.999999      5898604    748982.86
      40.863     0.999999      5898605    873813.33
      40.927     0.999999      5898606   1048576.00
      40.927     0.999999      5898606   1165084.44
      41.119     0.999999      5898607   1310720.00
      43.327     0.999999      5898608   1497965.71
      43.327     0.999999      5898608   1747626.67
      44.543     1.000000      5898609   2097152.00
      44.543     1.000000      5898609   2330168.89
      44.543     1.000000      5898609   2621440.00
      44.767     1.000000      5898610   2995931.43
      44.767     1.000000      5898610   3495253.33
      44.767     1.000000      5898610   4194304.00
      44.767     1.000000      5898610   4660337.78
      44.767     1.000000      5898610   5242880.00
      48.255     1.000000      5898611   5991862.86
      48.255     1.000000      5898611          inf
#[Mean    =        3.058, StdDeviation   =        2.604]
#[Max     =       48.224, Total count    =      5898611]
#[Buckets =           27, SubBuckets     =         2048]
----------------------------------------------------------
  5997058 requests in 10.00m, 1.00GB read
Requests/sec:   9995.06
Transfer/sec:      1.71MB
