Running 10m test @ http://localhost:9999/math/plus?x=1&y=2
  16 threads and 400 connections
  Thread calibration: mean lat.: 2.449ms, rate sampling interval: 10ms
  Thread calibration: mean lat.: 2.312ms, rate sampling interval: 10ms
  Thread calibration: mean lat.: 2.363ms, rate sampling interval: 10ms
  Thread calibration: mean lat.: 2.517ms, rate sampling interval: 11ms
  Thread calibration: mean lat.: 2.474ms, rate sampling interval: 10ms
  Thread calibration: mean lat.: 2.393ms, rate sampling interval: 10ms
  Thread calibration: mean lat.: 3.446ms, rate sampling interval: 16ms
  Thread calibration: mean lat.: 2.516ms, rate sampling interval: 10ms
  Thread calibration: mean lat.: 2.286ms, rate sampling interval: 10ms
  Thread calibration: mean lat.: 3.270ms, rate sampling interval: 15ms
  Thread calibration: mean lat.: 2.199ms, rate sampling interval: 10ms
  Thread calibration: mean lat.: 2.473ms, rate sampling interval: 10ms
  Thread calibration: mean lat.: 2.344ms, rate sampling interval: 10ms
  Thread calibration: mean lat.: 2.539ms, rate sampling interval: 10ms
  Thread calibration: mean lat.: 2.473ms, rate sampling interval: 10ms
  Thread calibration: mean lat.: 2.357ms, rate sampling interval: 10ms
  Thread Stats   Avg      Stdev     Max   +/- Stdev
    Latency     2.34ms    2.38ms  55.58ms   88.73%
    Req/Sec   657.82    436.40     3.11k    62.50%
  Latency Distribution (HdrHistogram - Recorded Latency)
 50.000%    1.55ms
 75.000%    2.58ms
 90.000%    5.11ms
 99.000%   12.19ms
 99.900%   19.12ms
 99.990%   25.55ms
 99.999%   40.93ms
100.000%   55.62ms

  Detailed Percentile spectrum:
       Value   Percentile   TotalCount 1/(1-Percentile)

       0.077     0.000000            1         1.00
       0.679     0.100000       590910         1.11
       0.926     0.200000      1180803         1.25
       1.134     0.300000      1769698         1.43
       1.330     0.400000      2360570         1.67
       1.547     0.500000      2949555         2.00
       1.677     0.550000      3244375         2.22
       1.828     0.600000      3540440         2.50
       2.009     0.650000      3834898         2.86
       2.247     0.700000      4130152         3.33
       2.575     0.750000      4424218         4.00
       2.787     0.775000      4572070         4.44
       3.053     0.800000      4719529         5.00
       3.395     0.825000      4866456         5.71
       3.833     0.850000      5013984         6.67
       4.403     0.875000      5161885         8.00
       4.735     0.887500      5235465         8.89
       5.107     0.900000      5308964        10.00
       5.535     0.912500      5382996        11.43
       6.019     0.925000      5456739        13.33
       6.583     0.937500      5530424        16.00
       6.903     0.943750      5567276        17.78
       7.255     0.950000      5603934        20.00
       7.655     0.956250      5640941        22.86
       8.115     0.962500      5677672        26.67
       8.695     0.968750      5714643        32.00
       9.047     0.971875      5733145        35.56
       9.439     0.975000      5751346        40.00
       9.871     0.978125      5769693        45.71
      10.359     0.981250      5788238        53.33
      10.903     0.984375      5806713        64.00
      11.207     0.985938      5815750        71.11
      11.559     0.987500      5825142        80.00
      11.935     0.989062      5834324        91.43
      12.375     0.990625      5843485       106.67
      12.895     0.992188      5852688       128.00
      13.199     0.992969      5857221       142.22
      13.543     0.993750      5861838       160.00
      13.935     0.994531      5866489       182.86
      14.407     0.995313      5871084       213.33
      14.975     0.996094      5875652       256.00
      15.319     0.996484      5877967       284.44
      15.695     0.996875      5880260       320.00
      16.111     0.997266      5882565       365.71
      16.591     0.997656      5884898       426.67
      17.167     0.998047      5887226       512.00
      17.471     0.998242      5888330       568.89
      17.823     0.998437      5889524       640.00
      18.223     0.998633      5890665       731.43
      18.655     0.998828      5891805       853.33
      19.199     0.999023      5892957      1024.00
      19.487     0.999121      5893516      1137.78
      19.839     0.999219      5894101      1280.00
      20.175     0.999316      5894675      1462.86
      20.575     0.999414      5895254      1706.67
      21.039     0.999512      5895812      2048.00
      21.311     0.999561      5896106      2275.56
      21.599     0.999609      5896387      2560.00
      21.951     0.999658      5896679      2925.71
      22.351     0.999707      5896967      3413.33
      22.863     0.999756      5897253      4096.00
      23.167     0.999780      5897398      4551.11
      23.519     0.999805      5897542      5120.00
      23.871     0.999829      5897684      5851.43
      24.335     0.999854      5897828      6826.67
      24.815     0.999878      5897976      8192.00
      25.119     0.999890      5898043      9102.22
      25.631     0.999902      5898115     10240.00
      26.175     0.999915      5898187     11702.86
      27.103     0.999927      5898261     13653.33
      28.191     0.999939      5898331     16384.00
      28.783     0.999945      5898369     18204.44
      29.439     0.999951      5898404     20480.00
      30.063     0.999957      5898439     23405.71
      30.767     0.999963      5898475     27306.67
      31.663     0.999969      5898511     32768.00
      32.303     0.999973      5898530     36408.89
      33.055     0.999976      5898547     40960.00
      33.855     0.999979      5898565     46811.43
      35.327     0.999982      5898584     54613.33
      36.671     0.999985      5898601     65536.00
      37.727     0.999986      5898610     72817.78
      39.327     0.999988      5898619     81920.00
      40.543     0.999989      5898628     93622.86
      42.847     0.999991      5898637    109226.67
      46.271     0.999992      5898646    131072.00
      46.783     0.999993      5898651    145635.56
      47.807     0.999994      5898655    163840.00
      48.991     0.999995      5898660    187245.71
      49.471     0.999995      5898664    218453.33
      50.111     0.999996      5898669    262144.00
      50.847     0.999997      5898671    291271.11
      51.871     0.999997      5898674    327680.00
      52.031     0.999997      5898676    374491.43
      52.671     0.999998      5898678    436906.67
      52.831     0.999998      5898680    524288.00
      52.895     0.999998      5898681    582542.22
      52.927     0.999998      5898682    655360.00
      53.023     0.999999      5898684    748982.86
      53.119     0.999999      5898685    873813.33
      53.215     0.999999      5898686   1048576.00
      53.215     0.999999      5898686   1165084.44
      53.599     0.999999      5898687   1310720.00
      54.111     0.999999      5898688   1497965.71
      54.111     0.999999      5898688   1747626.67
      54.335     1.000000      5898689   2097152.00
      54.335     1.000000      5898689   2330168.89
      54.335     1.000000      5898689   2621440.00
      54.495     1.000000      5898690   2995931.43
      54.495     1.000000      5898690   3495253.33
      54.495     1.000000      5898690   4194304.00
      54.495     1.000000      5898690   4660337.78
      54.495     1.000000      5898690   5242880.00
      55.615     1.000000      5898691   5991862.86
      55.615     1.000000      5898691          inf
#[Mean    =        2.342, StdDeviation   =        2.382]
#[Max     =       55.584, Total count    =      5898691]
#[Buckets =           27, SubBuckets     =         2048]
----------------------------------------------------------
  5998245 requests in 10.00m, 1.00GB read
Requests/sec:   9997.07
Transfer/sec:      1.71MB
