Running 10m test @ http://localhost:9999/math/plus?x=1&y=2
  16 threads and 400 connections
  Thread calibration: mean lat.: 8667.542ms, rate sampling interval: 18808ms
  Thread calibration: mean lat.: 8334.668ms, rate sampling interval: 17907ms
  Thread calibration: mean lat.: 8609.549ms, rate sampling interval: 18153ms
  Thread calibration: mean lat.: 8417.340ms, rate sampling interval: 17711ms
  Thread calibration: mean lat.: 8803.565ms, rate sampling interval: 18399ms
  Thread calibration: mean lat.: 8344.349ms, rate sampling interval: 17498ms
  Thread calibration: mean lat.: 8455.234ms, rate sampling interval: 17907ms
  Thread calibration: mean lat.: 8491.638ms, rate sampling interval: 17186ms
  Thread calibration: mean lat.: 8779.845ms, rate sampling interval: 18366ms
  Thread calibration: mean lat.: 8475.420ms, rate sampling interval: 17842ms
  Thread calibration: mean lat.: 8649.427ms, rate sampling interval: 17809ms
  Thread calibration: mean lat.: 8652.875ms, rate sampling interval: 17793ms
  Thread calibration: mean lat.: 8794.201ms, rate sampling interval: 18563ms
  Thread calibration: mean lat.: 8637.542ms, rate sampling interval: 17760ms
  Thread calibration: mean lat.: 8700.167ms, rate sampling interval: 18137ms
  Thread calibration: mean lat.: 8549.352ms, rate sampling interval: 18579ms
  Thread Stats   Avg      Stdev     Max   +/- Stdev
    Latency    41.01s    46.35s    9.08m    91.80%
    Req/Sec   251.13    508.79     1.70k    84.53%
  Latency Distribution (HdrHistogram - Recorded Latency)
 50.000%   29.23s 
 75.000%   43.29s 
 90.000%    1.22m 
 99.000%    4.24m 
 99.900%    7.22m 
 99.990%    8.69m 
 99.999%    9.05m 
100.000%    9.09m 

  Detailed Percentile spectrum:
       Value   Percentile   TotalCount 1/(1-Percentile)

    7667.711     0.000000            2         1.00
   12263.423     0.100000       234634         1.11
   16252.927     0.200000       468928         1.25
   21643.263     0.300000       703428         1.43
   25296.895     0.400000       937803         1.67
   29229.055     0.500000      1171964         2.00
   31227.903     0.550000      1289823         2.22
   33193.983     0.600000      1406591         2.50
   35225.599     0.650000      1525021         2.86
   40730.623     0.700000      1640708         3.33
   43286.527     0.750000      1758630         4.00
   44269.567     0.775000      1818060         4.44
   45252.607     0.800000      1875839         5.00
   46301.183     0.825000      1935228         5.71
   47415.295     0.850000      1992128         6.67
   56885.247     0.875000      2050651         8.00
   65077.247     0.887500      2079989         8.89
   73269.247     0.900000      2109397        10.00
   82771.967     0.912500      2138613        11.43
  100859.903     0.925000      2167960        13.33
  116785.151     0.937500      2197109        16.00
  124583.935     0.943750      2211862        17.78
  133300.223     0.950000      2226492        20.00
  143261.695     0.956250      2241155        22.86
  154664.959     0.962500      2255798        26.67
  168296.447     0.968750      2270353        32.00
  176291.839     0.971875      2277745        35.56
  185073.663     0.975000      2285043        40.00
  194904.063     0.978125      2292322        45.71
  206700.543     0.981250      2299678        53.33
  220200.959     0.984375      2306962        64.00
  228458.495     0.985938      2310635        71.11
  237502.463     0.987500      2314326        80.00
  247726.079     0.989062      2317964        91.43
  259522.559     0.990625      2321639       106.67
  273678.335     0.992188      2325271       128.00
  281542.655     0.992969      2327130       142.22
  290193.407     0.993750      2328947       160.00
  299892.735     0.994531      2330780       182.86
  311689.215     0.995313      2332616       213.33
  328728.575     0.996094      2334441       256.00
  336068.607     0.996484      2335386       284.44
  344719.359     0.996875      2336258       320.00
  354680.831     0.997266      2337225       365.71
  366215.167     0.997656      2338116       426.67
  379322.367     0.998047      2339012       512.00
  386400.255     0.998242      2339464       568.89
  392429.567     0.998437      2339917       640.00
  403177.471     0.998633      2340384       731.43
  421527.551     0.998828      2340848       853.33
  434634.751     0.999023      2341304      1024.00
  440926.207     0.999121      2341524      1137.78
  446169.087     0.999219      2341751      1280.00
  453246.975     0.999316      2341992      1462.86
  460324.863     0.999414      2342214      1706.67
  468975.615     0.999512      2342440      2048.00
  471859.199     0.999561      2342550      2275.56
  477102.079     0.999609      2342668      2560.00
  481558.527     0.999658      2342785      2925.71
  489160.703     0.999707      2342895      3413.33
  494665.727     0.999756      2343014      4096.00
  498335.743     0.999780      2343068      4551.11
  501219.327     0.999805      2343122      5120.00
  506986.495     0.999829      2343181      5851.43
  516685.823     0.999854      2343238      6826.67
  519569.407     0.999878      2343295      8192.00
  521142.271     0.999890      2343328      9102.22
  522190.847     0.999902      2343351     10240.00
  524550.143     0.999915      2343378     11702.86
  526909.439     0.999927      2343409     13653.33
  529006.591     0.999939      2343436     16384.00
  530579.455     0.999945      2343452     18204.44
  535298.047     0.999951      2343465     20480.00
  536084.479     0.999957      2343480     23405.71
  537395.199     0.999963      2343498     27306.67
  538443.775     0.999969      2343522     32768.00
  538443.775     0.999973      2343522     36408.89
  538443.775     0.999976      2343522     40960.00
  539492.351     0.999979      2343533     46811.43
  540016.639     0.999982      2343537     54613.33
  542113.791     0.999985      2343547     65536.00
  542113.791     0.999986      2343547     72817.78
  542638.079     0.999988      2343554     81920.00
  542638.079     0.999989      2343554     93622.86
  543162.367     0.999991      2343559    109226.67
  543686.655     0.999992      2343563    131072.00
  543686.655     0.999993      2343563    145635.56
  544210.943     0.999994      2343569    163840.00
  544210.943     0.999995      2343569    187245.71
  544210.943     0.999995      2343569    218453.33
  544735.231     0.999996      2343572    262144.00
  544735.231     0.999997      2343572    291271.11
  544735.231     0.999997      2343572    327680.00
  544735.231     0.999997      2343572    374491.43
  545259.519     0.999998      2343578    436906.67
  545259.519     1.000000      2343578          inf
#[Mean    =    41007.193, StdDeviation   =    46354.408]
#[Max     =   544735.232, Total count    =      2343578]
#[Buckets =           27, SubBuckets     =         2048]
----------------------------------------------------------
  2386697 requests in 10.01m, 448.43MB read
  Socket errors: connect 0, read 0, write 0, timeout 54713
  Non-2xx or 3xx responses: 2
Requests/sec:   3975.26
Transfer/sec:    764.83KB
