Running 10m test @ http://localhost:9999/math/plus?x=1&y=2
  16 threads and 400 connections
  Thread calibration: mean lat.: 1.190ms, rate sampling interval: 10ms
  Thread calibration: mean lat.: 1.154ms, rate sampling interval: 10ms
  Thread calibration: mean lat.: 1.171ms, rate sampling interval: 10ms
  Thread calibration: mean lat.: 1.155ms, rate sampling interval: 10ms
  Thread calibration: mean lat.: 1.232ms, rate sampling interval: 10ms
  Thread calibration: mean lat.: 1.223ms, rate sampling interval: 10ms
  Thread calibration: mean lat.: 1.142ms, rate sampling interval: 10ms
  Thread calibration: mean lat.: 1.105ms, rate sampling interval: 10ms
  Thread calibration: mean lat.: 1.218ms, rate sampling interval: 10ms
  Thread calibration: mean lat.: 1.240ms, rate sampling interval: 10ms
  Thread calibration: mean lat.: 1.175ms, rate sampling interval: 10ms
  Thread calibration: mean lat.: 1.214ms, rate sampling interval: 10ms
  Thread calibration: mean lat.: 1.214ms, rate sampling interval: 10ms
  Thread calibration: mean lat.: 1.230ms, rate sampling interval: 10ms
  Thread calibration: mean lat.: 1.271ms, rate sampling interval: 10ms
  Thread calibration: mean lat.: 1.189ms, rate sampling interval: 10ms
  Thread Stats   Avg      Stdev     Max   +/- Stdev
    Latency     1.12ms    1.51ms  77.95ms   96.73%
    Req/Sec     1.31k   282.68     5.11k    58.44%
  Latency Distribution (HdrHistogram - Recorded Latency)
 50.000%    0.93ms
 75.000%    1.27ms
 90.000%    1.66ms
 99.000%    6.92ms
 99.900%   21.45ms
 99.990%   39.97ms
 99.999%   56.54ms
100.000%   78.01ms

  Detailed Percentile spectrum:
       Value   Percentile   TotalCount 1/(1-Percentile)

       0.076     0.000000            1         1.00
       0.351     0.100000      1180269         1.11
       0.511     0.200000      2362259         1.25
       0.658     0.300000      3543596         1.43
       0.795     0.400000      4726765         1.67
       0.927     0.500000      5903972         2.00
       0.992     0.550000      6493776         2.22
       1.058     0.600000      7086921         2.50
       1.125     0.650000      7675637         2.86
       1.195     0.700000      8266153         3.33
       1.273     0.750000      8848195         4.00
       1.317     0.775000      9144890         4.44
       1.365     0.800000      9440393         5.00
       1.419     0.825000      9734049         5.71
       1.483     0.850000     10029184         6.67
       1.561     0.875000     10322796         8.00
       1.607     0.887500     10471045         8.89
       1.657     0.900000     10617793        10.00
       1.714     0.912500     10766077        11.43
       1.780     0.925000     10914059        13.33
       1.860     0.937500     11060389        16.00
       1.910     0.943750     11134252        17.78
       1.972     0.950000     11208570        20.00
       2.063     0.956250     11282149        22.86
       2.265     0.962500     11355471        26.67
       2.783     0.968750     11428829        32.00
       3.159     0.971875     11465730        35.56
       3.567     0.975000     11502668        40.00
       3.933     0.978125     11539430        45.71
       4.387     0.981250     11576256        53.33
       5.015     0.984375     11613181        64.00
       5.419     0.985938     11631734        71.11
       5.919     0.987500     11650123        80.00
       6.527     0.989062     11668493        91.43
       7.219     0.990625     11686928       106.67
       7.879     0.992188     11705314       128.00
       8.255     0.992969     11714665       142.22
       8.743     0.993750     11723819       160.00
       9.423     0.994531     11733017       182.86
      10.287     0.995313     11742248       213.33
      11.319     0.996094     11751376       256.00
      11.871     0.996484     11756050       284.44
      12.423     0.996875     11760605       320.00
      13.279     0.997266     11765197       365.71
      14.407     0.997656     11769827       426.67
      15.831     0.998047     11774421       512.00
      16.639     0.998242     11776741       568.89
      17.583     0.998437     11779047       640.00
      18.703     0.998633     11781354       731.43
      20.015     0.998828     11783635       853.33
      21.695     0.999023     11785940      1024.00
      22.671     0.999121     11787085      1137.78
      23.791     0.999219     11788255      1280.00
      24.863     0.999316     11789389      1462.86
      26.063     0.999414     11790543      1706.67
      27.711     0.999512     11791696      2048.00
      28.591     0.999561     11792274      2275.56
      29.535     0.999609     11792844      2560.00
      30.527     0.999658     11793422      2925.71
      31.695     0.999707     11794001      3413.33
      33.023     0.999756     11794572      4096.00
      33.823     0.999780     11794864      4551.11
      34.719     0.999805     11795155      5120.00
      35.775     0.999829     11795438      5851.43
      36.927     0.999854     11795724      6826.67
      38.399     0.999878     11796018      8192.00
      39.199     0.999890     11796161      9102.22
      40.127     0.999902     11796300     10240.00
      41.215     0.999915     11796446     11702.86
      42.623     0.999927     11796590     13653.33
      43.903     0.999939     11796739     16384.00
      44.671     0.999945     11796805     18204.44
      45.375     0.999951     11796877     20480.00
      46.655     0.999957     11796949     23405.71
      47.999     0.999963     11797021     27306.67
      49.151     0.999969     11797094     32768.00
      49.855     0.999973     11797129     36408.89
      50.751     0.999976     11797165     40960.00
      51.743     0.999979     11797200     46811.43
      52.639     0.999982     11797236     54613.33
      53.823     0.999985     11797274     65536.00
      54.239     0.999986     11797290     72817.78
      55.263     0.999988     11797308     81920.00
      56.031     0.999989     11797326     93622.86
      57.343     0.999991     11797345    109226.67
      57.855     0.999992     11797362    131072.00
      58.239     0.999993     11797371    145635.56
      58.975     0.999994     11797381    163840.00
      59.519     0.999995     11797389    187245.71
      61.087     0.999995     11797398    218453.33
      62.911     0.999996     11797408    262144.00
      63.391     0.999997     11797412    291271.11
      63.807     0.999997     11797416    327680.00
      64.319     0.999997     11797421    374491.43
      64.479     0.999998     11797425    436906.67
      65.119     0.999998     11797430    524288.00
      65.791     0.999998     11797432    582542.22
      65.983     0.999998     11797435    655360.00
      66.623     0.999999     11797438    748982.86
      67.071     0.999999     11797439    873813.33
      67.519     0.999999     11797442   1048576.00
      67.519     0.999999     11797442   1165084.44
      67.967     0.999999     11797443   1310720.00
      68.479     0.999999     11797445   1497965.71
      69.631     0.999999     11797446   1747626.67
      71.103     1.000000     11797447   2097152.00
      71.103     1.000000     11797447   2330168.89
      71.551     1.000000     11797448   2621440.00
      71.807     1.000000     11797449   2995931.43
      71.807     1.000000     11797449   3495253.33
      72.959     1.000000     11797450   4194304.00
      72.959     1.000000     11797450   4660337.78
      72.959     1.000000     11797450   5242880.00
      74.623     1.000000     11797451   5991862.86
      74.623     1.000000     11797451   6990506.67
      74.623     1.000000     11797451   8388608.00
      74.623     1.000000     11797451   9320675.55
      74.623     1.000000     11797451  10485760.00
      78.015     1.000000     11797452  11983725.71
      78.015     1.000000     11797452          inf
#[Mean    =        1.123, StdDeviation   =        1.507]
#[Max     =       77.952, Total count    =     11797452]
#[Buckets =           27, SubBuckets     =         2048]
----------------------------------------------------------
  11998858 requests in 10.00m, 2.00GB read
Requests/sec:  19998.07
Transfer/sec:      3.41MB
