Running 10m test @ http://localhost:9999/math/plus?x=1&y=2
  16 threads and 400 connections
  Thread calibration: mean lat.: 1.171ms, rate sampling interval: 10ms
  Thread calibration: mean lat.: 1.155ms, rate sampling interval: 10ms
  Thread calibration: mean lat.: 1.120ms, rate sampling interval: 10ms
  Thread calibration: mean lat.: 1.259ms, rate sampling interval: 10ms
  Thread calibration: mean lat.: 1.142ms, rate sampling interval: 10ms
  Thread calibration: mean lat.: 1.171ms, rate sampling interval: 10ms
  Thread calibration: mean lat.: 1.168ms, rate sampling interval: 10ms
  Thread calibration: mean lat.: 1.370ms, rate sampling interval: 10ms
  Thread calibration: mean lat.: 1.127ms, rate sampling interval: 10ms
  Thread calibration: mean lat.: 1.176ms, rate sampling interval: 10ms
  Thread calibration: mean lat.: 1.197ms, rate sampling interval: 10ms
  Thread calibration: mean lat.: 1.153ms, rate sampling interval: 10ms
  Thread calibration: mean lat.: 1.274ms, rate sampling interval: 10ms
  Thread calibration: mean lat.: 1.129ms, rate sampling interval: 10ms
  Thread calibration: mean lat.: 1.157ms, rate sampling interval: 10ms
  Thread calibration: mean lat.: 1.189ms, rate sampling interval: 10ms
  Thread Stats   Avg      Stdev     Max   +/- Stdev
    Latency     1.08ms  829.90us  72.13ms   91.38%
    Req/Sec     1.97k   474.52     6.55k    74.87%
  Latency Distribution (HdrHistogram - Recorded Latency)
 50.000%    1.01ms
 75.000%    1.36ms
 90.000%    1.70ms
 99.000%    2.70ms
 99.900%   11.17ms
 99.990%   24.06ms
 99.999%   51.01ms
100.000%   72.19ms

  Detailed Percentile spectrum:
       Value   Percentile   TotalCount 1/(1-Percentile)

       0.067     0.000000            2         1.00
       0.411     0.100000      1778168         1.11
       0.591     0.200000      3546470         1.25
       0.742     0.300000      5318404         1.43
       0.880     0.400000      7080301         1.67
       1.012     0.500000      8851267         2.00
       1.077     0.550000      9742723         2.22
       1.141     0.600000     10618339         2.50
       1.209     0.650000     11514689         2.86
       1.280     0.700000     12398768         3.33
       1.357     0.750000     13277451         4.00
       1.400     0.775000     13722066         4.44
       1.446     0.800000     14158420         5.00
       1.498     0.825000     14603517         5.71
       1.556     0.850000     15045520         6.67
       1.623     0.875000     15489311         8.00
       1.660     0.887500     15706375         8.89
       1.702     0.900000     15930017        10.00
       1.748     0.912500     16148468        11.43
       1.802     0.925000     16372455        13.33
       1.864     0.937500     16591094        16.00
       1.900     0.943750     16701509        17.78
       1.940     0.950000     16811590        20.00
       1.987     0.956250     16923644        22.86
       2.041     0.962500     17033346        26.67
       2.109     0.968750     17144285        32.00
       2.151     0.971875     17200762        35.56
       2.197     0.975000     17254000        40.00
       2.255     0.978125     17310036        45.71
       2.325     0.981250     17365016        53.33
       2.415     0.984375     17420107        64.00
       2.471     0.985938     17447350        71.11
       2.541     0.987500     17475259        80.00
       2.629     0.989062     17502639        91.43
       2.755     0.990625     17530498       106.67
       2.971     0.992188     17557936       128.00
       3.161     0.992969     17571856       142.22
       3.461     0.993750     17585602       160.00
       3.939     0.994531     17599443       182.86
       4.555     0.995313     17613262       213.33
       5.255     0.996094     17627058       256.00
       5.603     0.996484     17633959       284.44
       6.103     0.996875     17640908       320.00
       6.699     0.997266     17647784       365.71
       7.315     0.997656     17654743       426.67
       8.135     0.998047     17661630       512.00
       8.655     0.998242     17665095       568.89
       9.191     0.998437     17668524       640.00
       9.791     0.998633     17671997       731.43
      10.511     0.998828     17675470       853.33
      11.263     0.999023     17678908      1024.00
      11.727     0.999121     17680638      1137.78
      12.191     0.999219     17682360      1280.00
      12.727     0.999316     17684093      1462.86
      13.223     0.999414     17685804      1706.67
      13.695     0.999512     17687542      2048.00
      14.087     0.999561     17688397      2275.56
      14.647     0.999609     17689259      2560.00
      15.175     0.999658     17690123      2925.71
      15.711     0.999707     17690999      3413.33
      16.447     0.999756     17691855      4096.00
      16.911     0.999780     17692290      4551.11
      17.535     0.999805     17692724      5120.00
      18.463     0.999829     17693144      5851.43
      19.871     0.999854     17693577      6826.67
      21.903     0.999878     17694010      8192.00
      23.119     0.999890     17694224      9102.22
      24.271     0.999902     17694443     10240.00
      25.807     0.999915     17694659     11702.86
      27.647     0.999927     17694874     13653.33
      30.111     0.999939     17695088     16384.00
      31.615     0.999945     17695196     18204.44
      33.023     0.999951     17695307     20480.00
      34.655     0.999957     17695416     23405.71
      36.767     0.999963     17695522     27306.67
      39.007     0.999969     17695628     32768.00
      40.639     0.999973     17695682     36408.89
      42.399     0.999976     17695736     40960.00
      44.159     0.999979     17695791     46811.43
      45.375     0.999982     17695844     54613.33
      47.263     0.999985     17695898     65536.00
      48.415     0.999986     17695925     72817.78
      49.343     0.999988     17695953     81920.00
      50.399     0.999989     17695979     93622.86
      51.903     0.999991     17696006    109226.67
      53.151     0.999992     17696033    131072.00
      53.887     0.999993     17696047    145635.56
      55.359     0.999994     17696060    163840.00
      56.383     0.999995     17696074    187245.71
      57.535     0.999995     17696087    218453.33
      59.199     0.999996     17696101    262144.00
      59.903     0.999997     17696108    291271.11
      60.255     0.999997     17696114    327680.00
      60.671     0.999997     17696121    374491.43
      62.079     0.999998     17696128    436906.67
      62.623     0.999998     17696135    524288.00
      63.519     0.999998     17696138    582542.22
      64.095     0.999998     17696141    655360.00
      64.287     0.999999     17696145    748982.86
      64.671     0.999999     17696150    873813.33
      65.055     0.999999     17696153   1048576.00
      65.055     0.999999     17696153   1165084.44
      65.215     0.999999     17696155   1310720.00
      66.431     0.999999     17696157   1497965.71
      66.559     0.999999     17696158   1747626.67
      68.159     1.000000     17696160   2097152.00
      68.287     1.000000     17696162   2330168.89
      68.287     1.000000     17696162   2621440.00
      69.183     1.000000     17696163   2995931.43
      69.183     1.000000     17696163   3495253.33
      71.295     1.000000     17696164   4194304.00
      71.679     1.000000     17696165   4660337.78
      71.679     1.000000     17696165   5242880.00
      71.935     1.000000     17696166   5991862.86
      71.935     1.000000     17696166   6990506.67
      71.935     1.000000     17696166   8388608.00
      71.999     1.000000     17696167   9320675.55
      71.999     1.000000     17696167  10485760.00
      71.999     1.000000     17696167  11983725.71
      71.999     1.000000     17696167  13981013.34
      71.999     1.000000     17696167  16777216.00
      72.191     1.000000     17696168  18641351.10
      72.191     1.000000     17696168          inf
#[Mean    =        1.079, StdDeviation   =        0.830]
#[Max     =       72.128, Total count    =     17696168]
#[Buckets =           27, SubBuckets     =         2048]
----------------------------------------------------------
  17996256 requests in 10.00m, 3.00GB read
Requests/sec:  29993.74
Transfer/sec:      5.12MB
