Running 10m test @ http://localhost:9999/math/plus?x=1&y=2
  16 threads and 400 connections
  Thread calibration: mean lat.: 2.693ms, rate sampling interval: 11ms
  Thread calibration: mean lat.: 2.575ms, rate sampling interval: 11ms
  Thread calibration: mean lat.: 2.689ms, rate sampling interval: 11ms
  Thread calibration: mean lat.: 2.691ms, rate sampling interval: 12ms
  Thread calibration: mean lat.: 2.563ms, rate sampling interval: 10ms
  Thread calibration: mean lat.: 2.827ms, rate sampling interval: 12ms
  Thread calibration: mean lat.: 2.840ms, rate sampling interval: 12ms
  Thread calibration: mean lat.: 2.900ms, rate sampling interval: 13ms
  Thread calibration: mean lat.: 2.785ms, rate sampling interval: 12ms
  Thread calibration: mean lat.: 3.198ms, rate sampling interval: 17ms
  Thread calibration: mean lat.: 2.682ms, rate sampling interval: 10ms
  Thread calibration: mean lat.: 2.689ms, rate sampling interval: 11ms
  Thread calibration: mean lat.: 3.599ms, rate sampling interval: 15ms
  Thread calibration: mean lat.: 2.771ms, rate sampling interval: 12ms
  Thread calibration: mean lat.: 3.286ms, rate sampling interval: 17ms
  Thread calibration: mean lat.: 2.409ms, rate sampling interval: 10ms
  Thread Stats   Avg      Stdev     Max   +/- Stdev
    Latency     2.64ms    2.47ms  32.56ms   88.11%
    Req/Sec   654.12    499.34     2.30k    57.67%
  Latency Distribution (HdrHistogram - Recorded Latency)
 50.000%    1.80ms
 75.000%    3.12ms
 90.000%    5.73ms
 99.000%   12.33ms
 99.900%   17.95ms
 99.990%   22.42ms
 99.999%   25.77ms
100.000%   32.58ms

  Detailed Percentile spectrum:
       Value   Percentile   TotalCount 1/(1-Percentile)

       0.082     0.000000            1         1.00
       0.744     0.100000       589882         1.11
       1.022     0.200000      1179732         1.25
       1.264     0.300000      1771562         1.43
       1.507     0.400000      2361725         1.67
       1.800     0.500000      2950939         2.00
       1.980     0.550000      3244295         2.22
       2.191     0.600000      3539444         2.50
       2.443     0.650000      3834451         2.86
       2.749     0.700000      4130496         3.33
       3.125     0.750000      4424056         4.00
       3.353     0.775000      4572347         4.44
       3.619     0.800000      4719334         5.00
       3.945     0.825000      4867125         5.71
       4.355     0.850000      5013837         6.67
       4.927     0.875000      5161911         8.00
       5.299     0.887500      5235631         8.89
       5.731     0.900000      5308972        10.00
       6.215     0.912500      5382761        11.43
       6.743     0.925000      5456407        13.33
       7.335     0.937500      5530181        16.00
       7.663     0.943750      5567066        17.78
       8.011     0.950000      5603770        20.00
       8.391     0.956250      5641012        22.86
       8.815     0.962500      5677585        26.67
       9.319     0.968750      5714462        32.00
       9.607     0.971875      5732800        35.56
       9.927     0.975000      5751291        40.00
      10.295     0.978125      5769683        45.71
      10.719     0.981250      5788174        53.33
      11.207     0.984375      5806673        64.00
      11.479     0.985938      5815668        71.11
      11.783     0.987500      5824957        80.00
      12.119     0.989062      5834274        91.43
      12.479     0.990625      5843342       106.67
      12.927     0.992188      5852569       128.00
      13.191     0.992969      5857206       142.22
      13.487     0.993750      5861784       160.00
      13.831     0.994531      5866411       182.86
      14.231     0.995313      5870966       213.33
      14.711     0.996094      5875602       256.00
      14.983     0.996484      5877880       284.44
      15.295     0.996875      5880199       320.00
      15.639     0.997266      5882502       365.71
      16.015     0.997656      5884793       426.67
      16.463     0.998047      5887098       512.00
      16.719     0.998242      5888297       568.89
      16.991     0.998437      5889423       640.00
      17.279     0.998633      5890539       731.43
      17.631     0.998828      5891751       853.33
      17.999     0.999023      5892868      1024.00
      18.223     0.999121      5893441      1137.78
      18.463     0.999219      5894018      1280.00
      18.735     0.999316      5894602      1462.86
      19.055     0.999414      5895172      1706.67
      19.439     0.999512      5895753      2048.00
      19.631     0.999561      5896014      2275.56
      19.887     0.999609      5896301      2560.00
      20.159     0.999658      5896588      2925.71
      20.479     0.999707      5896875      3413.33
      20.815     0.999756      5897164      4096.00
      21.023     0.999780      5897307      4551.11
      21.247     0.999805      5897451      5120.00
      21.487     0.999829      5897605      5851.43
      21.759     0.999854      5897743      6826.67
      22.079     0.999878      5897885      8192.00
      22.271     0.999890      5897958      9102.22
      22.447     0.999902      5898028     10240.00
      22.687     0.999915      5898104     11702.86
      22.911     0.999927      5898173     13653.33
      23.215     0.999939      5898243     16384.00
      23.407     0.999945      5898283     18204.44
      23.679     0.999951      5898319     20480.00
      23.855     0.999957      5898353     23405.71
      24.063     0.999963      5898388     27306.67
      24.335     0.999969      5898423     32768.00
      24.479     0.999973      5898441     36408.89
      24.671     0.999976      5898459     40960.00
      24.799     0.999979      5898479     46811.43
      25.039     0.999982      5898496     54613.33
      25.311     0.999985      5898513     65536.00
      25.455     0.999986      5898523     72817.78
      25.647     0.999988      5898534     81920.00
      25.727     0.999989      5898540     93622.86
      25.855     0.999991      5898549    109226.67
      26.031     0.999992      5898558    131072.00
      26.111     0.999993      5898563    145635.56
      26.271     0.999994      5898567    163840.00
      26.719     0.999995      5898572    187245.71
      26.847     0.999995      5898576    218453.33
      27.087     0.999996      5898581    262144.00
      27.215     0.999997      5898583    291271.11
      27.359     0.999997      5898585    327680.00
      27.791     0.999997      5898588    374491.43
      28.063     0.999998      5898590    436906.67
      28.143     0.999998      5898592    524288.00
      28.191     0.999998      5898593    582542.22
      28.351     0.999998      5898594    655360.00
      28.703     0.999999      5898596    748982.86
      28.751     0.999999      5898597    873813.33
      29.183     0.999999      5898598   1048576.00
      29.183     0.999999      5898598   1165084.44
      29.215     0.999999      5898599   1310720.00
      29.631     0.999999      5898600   1497965.71
      29.631     0.999999      5898600   1747626.67
      29.727     1.000000      5898601   2097152.00
      29.727     1.000000      5898601   2330168.89
      29.727     1.000000      5898601   2621440.00
      29.919     1.000000      5898602   2995931.43
      29.919     1.000000      5898602   3495253.33
      29.919     1.000000      5898602   4194304.00
      29.919     1.000000      5898602   4660337.78
      29.919     1.000000      5898602   5242880.00
      32.575     1.000000      5898603   5991862.86
      32.575     1.000000      5898603          inf
#[Mean    =        2.638, StdDeviation   =        2.472]
#[Max     =       32.560, Total count    =      5898603]
#[Buckets =           27, SubBuckets     =         2048]
----------------------------------------------------------
  5997666 requests in 10.00m, 1.00GB read
Requests/sec:   9996.04
Transfer/sec:      1.71MB
