Running 10m test @ http://localhost:9999/math/plus?x=1&y=2
  16 threads and 400 connections
  Thread calibration: mean lat.: 2.303ms, rate sampling interval: 10ms
  Thread calibration: mean lat.: 2.334ms, rate sampling interval: 10ms
  Thread calibration: mean lat.: 2.459ms, rate sampling interval: 10ms
  Thread calibration: mean lat.: 2.510ms, rate sampling interval: 10ms
  Thread calibration: mean lat.: 2.300ms, rate sampling interval: 10ms
  Thread calibration: mean lat.: 2.309ms, rate sampling interval: 10ms
  Thread calibration: mean lat.: 2.287ms, rate sampling interval: 10ms
  Thread calibration: mean lat.: 2.297ms, rate sampling interval: 10ms
  Thread calibration: mean lat.: 2.155ms, rate sampling interval: 10ms
  Thread calibration: mean lat.: 2.149ms, rate sampling interval: 10ms
  Thread calibration: mean lat.: 2.224ms, rate sampling interval: 10ms
  Thread calibration: mean lat.: 2.112ms, rate sampling interval: 10ms
  Thread calibration: mean lat.: 2.106ms, rate sampling interval: 10ms
  Thread calibration: mean lat.: 2.394ms, rate sampling interval: 10ms
  Thread calibration: mean lat.: 2.205ms, rate sampling interval: 10ms
  Thread calibration: mean lat.: 2.328ms, rate sampling interval: 10ms
  Thread Stats   Avg      Stdev     Max   +/- Stdev
    Latency     2.00ms    3.00ms  98.56ms   94.65%
    Req/Sec     1.32k   550.32     5.22k    56.09%
  Latency Distribution (HdrHistogram - Recorded Latency)
 50.000%    1.32ms
 75.000%    2.05ms
 90.000%    3.16ms
 99.000%   15.11ms
 99.900%   35.46ms
 99.990%   56.13ms
 99.999%   74.82ms
100.000%   98.62ms

  Detailed Percentile spectrum:
       Value   Percentile   TotalCount 1/(1-Percentile)

       0.082     0.000000            1         1.00
       0.496     0.100000      1181983         1.11
       0.734     0.200000      2362574         1.25
       0.941     0.300000      3543900         1.43
       1.132     0.400000      4723241         1.67
       1.323     0.500000      5901621         2.00
       1.431     0.550000      6493403         2.22
       1.551     0.600000      7080059         2.50
       1.689     0.650000      7670299         2.86
       1.851     0.700000      8260812         3.33
       2.045     0.750000      8850217         4.00
       2.159     0.775000      9145759         4.44
       2.289     0.800000      9439706         5.00
       2.439     0.825000      9734647         5.71
       2.615     0.850000     10028687         6.67
       2.839     0.875000     10324558         8.00
       2.983     0.887500     10472052         8.89
       3.161     0.900000     10619056        10.00
       3.387     0.912500     10765429        11.43
       3.707     0.925000     10913258        13.33
       4.239     0.937500     11060727        16.00
       4.695     0.943750     11134308        17.78
       5.519     0.950000     11207833        20.00
       6.607     0.956250     11281483        22.86
       7.699     0.962500     11355397        26.67
       8.727     0.968750     11429123        32.00
       9.311     0.971875     11465784        35.56
      10.047     0.975000     11502942        40.00
      10.839     0.978125     11539781        45.71
      11.671     0.981250     11576640        53.33
      12.543     0.984375     11613298        64.00
      13.095     0.985938     11631770        71.11
      13.767     0.987500     11650163        80.00
      14.559     0.989062     11668658        91.43
      15.519     0.990625     11686976       106.67
      16.783     0.992188     11705405       128.00
      17.679     0.992969     11714717       142.22
      18.671     0.993750     11723864       160.00
      19.807     0.994531     11733047       182.86
      21.423     0.995313     11742326       213.33
      23.279     0.996094     11751536       256.00
      24.255     0.996484     11756105       284.44
      25.423     0.996875     11760708       320.00
      26.767     0.997266     11765318       365.71
      28.223     0.997656     11769916       426.67
      29.807     0.998047     11774517       512.00
      30.719     0.998242     11776851       568.89
      31.775     0.998437     11779153       640.00
      32.895     0.998633     11781459       731.43
      34.175     0.998828     11783771       853.33
      35.679     0.999023     11786058      1024.00
      36.575     0.999121     11787220      1137.78
      37.599     0.999219     11788345      1280.00
      38.783     0.999316     11789510      1462.86
      40.127     0.999414     11790654      1706.67
      42.015     0.999512     11791806      2048.00
      43.007     0.999561     11792392      2275.56
      43.999     0.999609     11792953      2560.00
      45.215     0.999658     11793528      2925.71
      46.623     0.999707     11794116      3413.33
      48.383     0.999756     11794679      4096.00
      49.343     0.999780     11794975      4551.11
      50.527     0.999805     11795261      5120.00
      51.807     0.999829     11795547      5851.43
      53.055     0.999854     11795831      6826.67
      54.527     0.999878     11796119      8192.00
      55.391     0.999890     11796267      9102.22
      56.383     0.999902     11796408     10240.00
      57.631     0.999915     11796552     11702.86
      59.103     0.999927     11796697     13653.33
      60.447     0.999939     11796840     16384.00
      61.311     0.999945     11796911     18204.44
      62.239     0.999951     11796986     20480.00
      63.519     0.999957     11797057     23405.71
      64.799     0.999963     11797128     27306.67
      66.559     0.999969     11797201     32768.00
      67.775     0.999973     11797235     36408.89
      69.055     0.999976     11797271     40960.00
      69.823     0.999979     11797309     46811.43
      70.847     0.999982     11797344     54613.33
      72.383     0.999985     11797380     65536.00
      73.407     0.999986     11797397     72817.78
      73.983     0.999988     11797415     81920.00
      74.495     0.999989     11797433     93622.86
      75.455     0.999991     11797453    109226.67
      77.695     0.999992     11797469    131072.00
      78.975     0.999993     11797478    145635.56
      79.551     0.999994     11797487    163840.00
      80.191     0.999995     11797496    187245.71
      82.751     0.999995     11797505    218453.33
      83.583     0.999996     11797514    262144.00
      83.839     0.999997     11797519    291271.11
      84.351     0.999997     11797524    327680.00
      84.607     0.999997     11797528    374491.43
      85.503     0.999998     11797532    436906.67
      86.975     0.999998     11797537    524288.00
      87.295     0.999998     11797539    582542.22
      88.319     0.999998     11797541    655360.00
      88.639     0.999999     11797544    748982.86
      89.919     0.999999     11797546    873813.33
      90.367     0.999999     11797548   1048576.00
      90.623     0.999999     11797550   1165084.44
      90.623     0.999999     11797550   1310720.00
      90.943     0.999999     11797552   1497965.71
      91.583     0.999999     11797553   1747626.67
      92.223     1.000000     11797554   2097152.00
      92.223     1.000000     11797554   2330168.89
      93.183     1.000000     11797555   2621440.00
      93.631     1.000000     11797556   2995931.43
      93.631     1.000000     11797556   3495253.33
      94.335     1.000000     11797557   4194304.00
      94.335     1.000000     11797557   4660337.78
      94.335     1.000000     11797557   5242880.00
      94.463     1.000000     11797558   5991862.86
      94.463     1.000000     11797558   6990506.67
      94.463     1.000000     11797558   8388608.00
      94.463     1.000000     11797558   9320675.55
      94.463     1.000000     11797558  10485760.00
      98.623     1.000000     11797559  11983725.71
      98.623     1.000000     11797559          inf
#[Mean    =        1.995, StdDeviation   =        3.002]
#[Max     =       98.560, Total count    =     11797559]
#[Buckets =           27, SubBuckets     =         2048]
----------------------------------------------------------
  11998820 requests in 10.00m, 2.00GB read
Requests/sec:  19997.99
Transfer/sec:      3.41MB
