Running 10m test @ http://localhost:9999/math/plus?x=1&y=2
  16 threads and 400 connections
  Thread calibration: mean lat.: 1.694ms, rate sampling interval: 10ms
  Thread calibration: mean lat.: 1.512ms, rate sampling interval: 10ms
  Thread calibration: mean lat.: 1.604ms, rate sampling interval: 10ms
  Thread calibration: mean lat.: 1.747ms, rate sampling interval: 10ms
  Thread calibration: mean lat.: 1.736ms, rate sampling interval: 10ms
  Thread calibration: mean lat.: 1.718ms, rate sampling interval: 10ms
  Thread calibration: mean lat.: 1.715ms, rate sampling interval: 10ms
  Thread calibration: mean lat.: 1.830ms, rate sampling interval: 10ms
  Thread calibration: mean lat.: 1.645ms, rate sampling interval: 10ms
  Thread calibration: mean lat.: 2.097ms, rate sampling interval: 10ms
  Thread calibration: mean lat.: 2.216ms, rate sampling interval: 10ms
  Thread calibration: mean lat.: 2.230ms, rate sampling interval: 10ms
  Thread calibration: mean lat.: 1.673ms, rate sampling interval: 10ms
  Thread calibration: mean lat.: 2.119ms, rate sampling interval: 10ms
  Thread calibration: mean lat.: 1.583ms, rate sampling interval: 10ms
  Thread calibration: mean lat.: 1.745ms, rate sampling interval: 10ms
  Thread Stats   Avg      Stdev     Max   +/- Stdev
    Latency     1.65ms    1.11ms  64.80ms   80.11%
    Req/Sec   658.80    700.93     2.90k    88.87%
  Latency Distribution (HdrHistogram - Recorded Latency)
 50.000%    1.38ms
 75.000%    2.06ms
 90.000%    3.00ms
 99.000%    5.11ms
 99.900%   10.14ms
 99.990%   17.93ms
 99.999%   43.13ms
100.000%   64.83ms

  Detailed Percentile spectrum:
       Value   Percentile   TotalCount 1/(1-Percentile)

       0.082     0.000000            1         1.00
       0.615     0.100000       590777         1.11
       0.835     0.200000      1179892         1.25
       1.026     0.300000      1771249         1.43
       1.204     0.400000      2362050         1.67
       1.385     0.500000      2951205         2.00
       1.488     0.550000      3246367         2.22
       1.603     0.600000      3540504         2.50
       1.732     0.650000      3834746         2.86
       1.881     0.700000      4129913         3.33
       2.059     0.750000      4424801         4.00
       2.165     0.775000      4573440         4.44
       2.285     0.800000      4720444         5.00
       2.423     0.825000      4867319         5.71
       2.583     0.850000      5014411         6.67
       2.773     0.875000      5162416         8.00
       2.879     0.887500      5235077         8.89
       2.999     0.900000      5309131        10.00
       3.133     0.912500      5382616        11.43
       3.289     0.925000      5456702        13.33
       3.469     0.937500      5530189        16.00
       3.571     0.943750      5567103        17.78
       3.683     0.950000      5603950        20.00
       3.811     0.956250      5640801        22.86
       3.955     0.962500      5677560        26.67
       4.123     0.968750      5714799        32.00
       4.215     0.971875      5733029        35.56
       4.319     0.975000      5751535        40.00
       4.435     0.978125      5769899        45.71
       4.567     0.981250      5788033        53.33
       4.727     0.984375      5806754        64.00
       4.815     0.985938      5815880        71.11
       4.915     0.987500      5825032        80.00
       5.027     0.989062      5834106        91.43
       5.163     0.990625      5843427       106.67
       5.323     0.992188      5852525       128.00
       5.423     0.992969      5857157       142.22
       5.535     0.993750      5861778       160.00
       5.667     0.994531      5866417       182.86
       5.823     0.995313      5870943       213.33
       6.043     0.996094      5875567       256.00
       6.191     0.996484      5877900       284.44
       6.387     0.996875      5880169       320.00
       6.647     0.997266      5882457       365.71
       7.031     0.997656      5884756       426.67
       7.631     0.998047      5887067       512.00
       7.995     0.998242      5888218       568.89
       8.391     0.998437      5889385       640.00
       8.855     0.998633      5890531       731.43
       9.479     0.998828      5891670       853.33
      10.255     0.999023      5892827      1024.00
      10.735     0.999121      5893396      1137.78
      11.231     0.999219      5893975      1280.00
      11.751     0.999316      5894552      1462.86
      12.231     0.999414      5895125      1706.67
      12.775     0.999512      5895704      2048.00
      13.119     0.999561      5895989      2275.56
      13.487     0.999609      5896275      2560.00
      13.967     0.999658      5896567      2925.71
      14.543     0.999707      5896855      3413.33
      15.311     0.999756      5897143      4096.00
      15.719     0.999780      5897284      4551.11
      16.103     0.999805      5897428      5120.00
      16.495     0.999829      5897576      5851.43
      16.895     0.999854      5897719      6826.67
      17.359     0.999878      5897862      8192.00
      17.663     0.999890      5897931      9102.22
      17.999     0.999902      5898004     10240.00
      18.495     0.999915      5898077     11702.86
      19.087     0.999927      5898147     13653.33
      20.111     0.999939      5898219     16384.00
      20.575     0.999945      5898256     18204.44
      21.023     0.999951      5898291     20480.00
      21.919     0.999957      5898327     23405.71
      23.295     0.999963      5898364     27306.67
      25.663     0.999969      5898399     32768.00
      27.695     0.999973      5898417     36408.89
      29.359     0.999976      5898435     40960.00
      32.799     0.999979      5898453     46811.43
      36.159     0.999982      5898472     54613.33
      37.567     0.999985      5898489     65536.00
      38.623     0.999986      5898498     72817.78
      39.935     0.999988      5898507     81920.00
      42.207     0.999989      5898516     93622.86
      43.807     0.999991      5898525    109226.67
      44.767     0.999992      5898534    131072.00
      45.375     0.999993      5898539    145635.56
      45.727     0.999994      5898543    163840.00
      46.399     0.999995      5898548    187245.71
      47.007     0.999995      5898552    218453.33
      49.855     0.999996      5898557    262144.00
      50.879     0.999997      5898559    291271.11
      51.551     0.999997      5898561    327680.00
      51.871     0.999997      5898564    374491.43
      52.671     0.999998      5898566    436906.67
      52.959     0.999998      5898568    524288.00
      53.439     0.999998      5898569    582542.22
      53.919     0.999998      5898570    655360.00
      54.111     0.999999      5898572    748982.86
      54.879     0.999999      5898573    873813.33
      58.719     0.999999      5898574   1048576.00
      58.719     0.999999      5898574   1165084.44
      59.135     0.999999      5898575   1310720.00
      59.423     0.999999      5898576   1497965.71
      59.423     0.999999      5898576   1747626.67
      60.095     1.000000      5898577   2097152.00
      60.095     1.000000      5898577   2330168.89
      60.095     1.000000      5898577   2621440.00
      60.895     1.000000      5898578   2995931.43
      60.895     1.000000      5898578   3495253.33
      60.895     1.000000      5898578   4194304.00
      60.895     1.000000      5898578   4660337.78
      60.895     1.000000      5898578   5242880.00
      64.831     1.000000      5898579   5991862.86
      64.831     1.000000      5898579          inf
#[Mean    =        1.645, StdDeviation   =        1.105]
#[Max     =       64.800, Total count    =      5898579]
#[Buckets =           27, SubBuckets     =         2048]
----------------------------------------------------------
  5995916 requests in 10.00m, 1.00GB read
Requests/sec:   9992.94
Transfer/sec:      1.71MB
