Running 10m test @ http://localhost:9999/math/plus?x=1&y=2
  16 threads and 400 connections
  Thread calibration: mean lat.: 2.037ms, rate sampling interval: 10ms
  Thread calibration: mean lat.: 2.027ms, rate sampling interval: 10ms
  Thread calibration: mean lat.: 2.133ms, rate sampling interval: 10ms
  Thread calibration: mean lat.: 2.027ms, rate sampling interval: 10ms
  Thread calibration: mean lat.: 2.048ms, rate sampling interval: 10ms
  Thread calibration: mean lat.: 1.825ms, rate sampling interval: 10ms
  Thread calibration: mean lat.: 2.330ms, rate sampling interval: 10ms
  Thread calibration: mean lat.: 2.228ms, rate sampling interval: 10ms
  Thread calibration: mean lat.: 2.039ms, rate sampling interval: 10ms
  Thread calibration: mean lat.: 1.916ms, rate sampling interval: 10ms
  Thread calibration: mean lat.: 1.704ms, rate sampling interval: 10ms
  Thread calibration: mean lat.: 2.038ms, rate sampling interval: 10ms
  Thread calibration: mean lat.: 2.034ms, rate sampling interval: 10ms
  Thread calibration: mean lat.: 2.211ms, rate sampling interval: 10ms
  Thread calibration: mean lat.: 1.990ms, rate sampling interval: 10ms
  Thread calibration: mean lat.: 2.147ms, rate sampling interval: 10ms
  Thread Stats   Avg      Stdev     Max   +/- Stdev
    Latency     1.63ms    2.22ms  80.13ms   95.26%
    Req/Sec     1.32k   602.54     4.11k    74.48%
  Latency Distribution (HdrHistogram - Recorded Latency)
 50.000%    1.18ms
 75.000%    1.70ms
 90.000%    2.55ms
 99.000%   11.90ms
 99.900%   26.96ms
 99.990%   40.58ms
 99.999%   54.85ms
100.000%   80.19ms

  Detailed Percentile spectrum:
       Value   Percentile   TotalCount 1/(1-Percentile)

       0.075     0.000000            1         1.00
       0.472     0.100000      1179786         1.11
       0.690     0.200000      2360701         1.25
       0.872     0.300000      3544224         1.43
       1.033     0.400000      4722797         1.67
       1.184     0.500000      5899171         2.00
       1.266     0.550000      6489708         2.22
       1.356     0.600000      7080603         2.50
       1.454     0.650000      7669562         2.86
       1.567     0.700000      8260963         3.33
       1.700     0.750000      8852030         4.00
       1.776     0.775000      9145055         4.44
       1.864     0.800000      9439235         5.00
       1.971     0.825000      9733245         5.71
       2.113     0.850000     10027960         6.67
       2.307     0.875000     10325010         8.00
       2.421     0.887500     10470290         8.89
       2.553     0.900000     10618203        10.00
       2.705     0.912500     10766191        11.43
       2.889     0.925000     10913097        13.33
       3.165     0.937500     11060285        16.00
       3.373     0.943750     11133990        17.78
       3.673     0.950000     11207870        20.00
       4.123     0.956250     11281906        22.86
       4.835     0.962500     11355331        26.67
       5.919     0.968750     11428969        32.00
       6.511     0.971875     11465708        35.56
       7.167     0.975000     11502633        40.00
       7.819     0.978125     11539520        45.71
       8.407     0.981250     11576638        53.33
       9.415     0.984375     11613169        64.00
      10.079     0.985938     11631728        71.11
      10.751     0.987500     11650019        80.00
      11.479     0.989062     11668440        91.43
      12.159     0.990625     11686953       106.67
      13.167     0.992188     11705399       128.00
      13.887     0.992969     11714569       142.22
      14.687     0.993750     11723804       160.00
      15.559     0.994531     11732958       182.86
      16.511     0.995313     11742265       213.33
      17.775     0.996094     11751407       256.00
      18.479     0.996484     11756018       284.44
      19.231     0.996875     11760600       320.00
      20.079     0.997266     11765221       365.71
      21.247     0.997656     11769843       426.67
      22.687     0.998047     11774469       512.00
      23.359     0.998242     11776759       568.89
      24.111     0.998437     11779058       640.00
      24.975     0.998633     11781361       731.43
      25.999     0.998828     11783657       853.33
      27.119     0.999023     11785950      1024.00
      27.791     0.999121     11787097      1137.78
      28.463     0.999219     11788245      1280.00
      29.375     0.999316     11789414      1462.86
      30.383     0.999414     11790547      1706.67
      31.407     0.999512     11791703      2048.00
      31.983     0.999561     11792277      2275.56
      32.687     0.999609     11792856      2560.00
      33.599     0.999658     11793433      2925.71
      34.559     0.999707     11794027      3413.33
      35.519     0.999756     11794598      4096.00
      36.095     0.999780     11794877      4551.11
      36.639     0.999805     11795157      5120.00
      37.439     0.999829     11795445      5851.43
      38.367     0.999854     11795737      6826.67
      39.487     0.999878     11796022      8192.00
      40.063     0.999890     11796163      9102.22
      40.767     0.999902     11796310     10240.00
      41.727     0.999915     11796450     11702.86
      42.975     0.999927     11796599     13653.33
      43.967     0.999939     11796743     16384.00
      44.543     0.999945     11796812     18204.44
      45.183     0.999951     11796884     20480.00
      45.823     0.999957     11796956     23405.71
      46.751     0.999963     11797027     27306.67
      47.967     0.999969     11797098     32768.00
      48.575     0.999973     11797134     36408.89
      49.119     0.999976     11797171     40960.00
      49.727     0.999979     11797207     46811.43
      50.687     0.999982     11797242     54613.33
      51.999     0.999985     11797278     65536.00
      52.735     0.999986     11797297     72817.78
      53.631     0.999988     11797314     81920.00
      54.591     0.999989     11797332     93622.86
      55.423     0.999991     11797350    109226.67
      56.543     0.999992     11797368    131072.00
      57.599     0.999993     11797378    145635.56
      58.495     0.999994     11797386    163840.00
      60.383     0.999995     11797395    187245.71
      62.559     0.999995     11797404    218453.33
      66.751     0.999996     11797413    262144.00
      68.159     0.999997     11797419    291271.11
      68.479     0.999997     11797422    327680.00
      68.991     0.999997     11797428    374491.43
      69.311     0.999998     11797432    436906.67
      71.871     0.999998     11797436    524288.00
      72.127     0.999998     11797438    582542.22
      72.511     0.999998     11797440    655360.00
      73.087     0.999999     11797443    748982.86
      73.919     0.999999     11797445    873813.33
      74.495     0.999999     11797447   1048576.00
      75.583     0.999999     11797448   1165084.44
      75.967     0.999999     11797449   1310720.00
      76.095     0.999999     11797451   1497965.71
      76.223     0.999999     11797452   1747626.67
      76.287     1.000000     11797453   2097152.00
      76.287     1.000000     11797453   2330168.89
      76.415     1.000000     11797454   2621440.00
      76.607     1.000000     11797455   2995931.43
      76.607     1.000000     11797455   3495253.33
      77.055     1.000000     11797456   4194304.00
      77.055     1.000000     11797456   4660337.78
      77.055     1.000000     11797456   5242880.00
      77.951     1.000000     11797457   5991862.86
      77.951     1.000000     11797457   6990506.67
      77.951     1.000000     11797457   8388608.00
      77.951     1.000000     11797457   9320675.55
      77.951     1.000000     11797457  10485760.00
      80.191     1.000000     11797458  11983725.71
      80.191     1.000000     11797458          inf
#[Mean    =        1.626, StdDeviation   =        2.216]
#[Max     =       80.128, Total count    =     11797458]
#[Buckets =           27, SubBuckets     =         2048]
----------------------------------------------------------
  11997341 requests in 10.00m, 2.00GB read
Requests/sec:  19995.53
Transfer/sec:      3.41MB
