Running 10m test @ http://localhost:9999/math/plus?x=1&y=2
  16 threads and 400 connections
  Thread calibration: mean lat.: 742.117ms, rate sampling interval: 2226ms
  Thread calibration: mean lat.: 646.879ms, rate sampling interval: 2211ms
  Thread calibration: mean lat.: 773.675ms, rate sampling interval: 2410ms
  Thread calibration: mean lat.: 772.243ms, rate sampling interval: 2441ms
  Thread calibration: mean lat.: 829.994ms, rate sampling interval: 2607ms
  Thread calibration: mean lat.: 745.496ms, rate sampling interval: 2410ms
  Thread calibration: mean lat.: 877.921ms, rate sampling interval: 2779ms
  Thread calibration: mean lat.: 1121.034ms, rate sampling interval: 3422ms
  Thread calibration: mean lat.: 808.036ms, rate sampling interval: 2418ms
  Thread calibration: mean lat.: 906.648ms, rate sampling interval: 2910ms
  Thread calibration: mean lat.: 892.353ms, rate sampling interval: 2666ms
  Thread calibration: mean lat.: 799.110ms, rate sampling interval: 2506ms
  Thread calibration: mean lat.: 650.933ms, rate sampling interval: 2109ms
  Thread calibration: mean lat.: 597.567ms, rate sampling interval: 2299ms
  Thread calibration: mean lat.: 803.554ms, rate sampling interval: 2297ms
  Thread calibration: mean lat.: 563.731ms, rate sampling interval: 1975ms
  Thread Stats   Avg      Stdev     Max   +/- Stdev
    Latency    24.23s    50.84s    8.41m    95.75%
    Req/Sec   270.23    526.85     1.92k    81.50%
  Latency Distribution (HdrHistogram - Recorded Latency)
 50.000%   12.28s 
 75.000%   23.23s 
 90.000%   37.52s 
 99.000%    5.33m 
 99.900%    7.99m 
 99.990%    8.37m 
 99.999%    8.40m 
100.000%    8.41m 

  Detailed Percentile spectrum:
       Value   Percentile   TotalCount 1/(1-Percentile)

      67.583     0.000000            1         1.00
    3084.287     0.100000       254696         1.11
    4587.519     0.200000       509190         1.25
    6115.327     0.300000       763871         1.43
    8261.631     0.400000      1018313         1.67
   12279.807     0.500000      1272988         2.00
   14147.583     0.550000      1400400         2.22
   16449.535     0.600000      1527594         2.50
   18857.983     0.650000      1655425         2.86
   21053.439     0.700000      1782055         3.33
   23232.511     0.750000      1909876         4.00
   24379.391     0.775000      1973121         4.44
   25755.647     0.800000      2036882         5.00
   31801.343     0.825000      2100290         5.71
   34766.847     0.850000      2164114         6.67
   36110.335     0.875000      2229105         8.00
   36765.695     0.887500      2260598         8.89
   37519.359     0.900000      2291799        10.00
   38764.543     0.912500      2323481        11.43
   45416.447     0.925000      2355145        13.33
   47316.991     0.937500      2386799        16.00
   48529.407     0.943750      2402698        17.78
   54919.167     0.950000      2418649        20.00
   69206.015     0.956250      2434362        22.86
   99352.575     0.962500      2450310        26.67
  135266.303     0.968750      2466205        32.00
  154796.031     0.971875      2474140        35.56
  175112.191     0.975000      2482107        40.00
  200933.375     0.978125      2490066        45.71
  225181.695     0.981250      2498080        53.33
  254803.967     0.984375      2505992        64.00
  270532.607     0.985938      2509937        71.11
  289931.263     0.987500      2513959        80.00
  307232.767     0.989062      2517961        91.43
  328466.431     0.990625      2521959       106.67
  350748.671     0.992188      2525880       128.00
  362545.151     0.992969      2527852       142.22
  374079.487     0.993750      2529893       160.00
  387710.975     0.994531      2531826       182.86
  402391.039     0.995313      2533822       213.33
  416808.959     0.996094      2535855       256.00
  423886.847     0.996484      2536803       284.44
  431489.023     0.996875      2537813       320.00
  439877.631     0.997266      2538812       365.71
  447741.951     0.997656      2539771       426.67
  455868.415     0.998047      2540785       512.00
  461897.727     0.998242      2541286       568.89
  464257.023     0.998437      2541759       640.00
  470286.335     0.998633      2542262       731.43
  476053.503     0.998828      2542755       853.33
  479461.375     0.999023      2543264      1024.00
  483655.679     0.999121      2543505      1137.78
  485752.831     0.999219      2543803      1280.00
  487325.695     0.999316      2544021      1462.86
  490995.711     0.999414      2544251      1706.67
  492830.719     0.999512      2544490      2048.00
  493617.151     0.999561      2544655      2275.56
  494141.439     0.999609      2544752      2560.00
  494927.871     0.999658      2544877      2925.71
  497549.311     0.999707      2544989      3413.33
  499908.607     0.999756      2545130      4096.00
  500432.895     0.999780      2545202      4551.11
  500695.039     0.999805      2545261      5120.00
  500957.183     0.999829      2545308      5851.43
  501481.471     0.999854      2545408      6826.67
  501743.615     0.999878      2545470      8192.00
  501743.615     0.999890      2545470      9102.22
  502005.759     0.999902      2545506     10240.00
  502267.903     0.999915      2545542     11702.86
  502530.047     0.999927      2545582     13653.33
  502530.047     0.999939      2545582     16384.00
  502792.191     0.999945      2545615     18204.44
  502792.191     0.999951      2545615     20480.00
  503054.335     0.999957      2545639     23405.71
  503054.335     0.999963      2545639     27306.67
  503316.479     0.999969      2545668     32768.00
  503316.479     0.999973      2545668     36408.89
  503578.623     0.999976      2545691     40960.00
  503578.623     0.999979      2545691     46811.43
  503578.623     0.999982      2545691     54613.33
  503840.767     0.999985      2545711     65536.00
  503840.767     0.999986      2545711     72817.78
  503840.767     0.999988      2545711     81920.00
  503840.767     0.999989      2545711     93622.86
  503840.767     0.999991      2545711    109226.67
  504102.911     0.999992      2545718    131072.00
  504102.911     0.999993      2545718    145635.56
  504102.911     0.999994      2545718    163840.00
  504365.055     0.999995      2545720    187245.71
  504627.199     0.999995      2545731    218453.33
  504627.199     0.999996      2545731    262144.00
  504627.199     0.999997      2545731    291271.11
  504627.199     0.999997      2545731    327680.00
  504627.199     0.999997      2545731    374491.43
  504627.199     0.999998      2545731    436906.67
  504627.199     0.999998      2545731    524288.00
  504627.199     0.999998      2545731    582542.22
  504627.199     0.999998      2545731    655360.00
  504627.199     0.999999      2545731    748982.86
  504627.199     0.999999      2545731    873813.33
  504627.199     0.999999      2545731   1048576.00
  504627.199     0.999999      2545731   1165084.44
  504627.199     0.999999      2545731   1310720.00
  504627.199     0.999999      2545731   1497965.71
  504627.199     0.999999      2545731   1747626.67
  504627.199     1.000000      2545731   2097152.00
  504627.199     1.000000      2545731   2330168.89
  504889.343     1.000000      2545732   2621440.00
  504889.343     1.000000      2545732          inf
#[Mean    =    24230.330, StdDeviation   =    50843.606]
#[Max     =   504627.200, Total count    =      2545732]
#[Buckets =           27, SubBuckets     =         2048]
----------------------------------------------------------
  2807481 requests in 10.01m, 527.48MB read
  Socket errors: connect 0, read 0, write 0, timeout 72404
Requests/sec:   4676.09
Transfer/sec:      0.88MB
