Running 10m test @ http://localhost:9999/math/plus?x=1&y=2
  16 threads and 400 connections
  Thread calibration: mean lat.: 1.263ms, rate sampling interval: 10ms
  Thread calibration: mean lat.: 1.345ms, rate sampling interval: 10ms
  Thread calibration: mean lat.: 1.500ms, rate sampling interval: 10ms
  Thread calibration: mean lat.: 1.490ms, rate sampling interval: 10ms
  Thread calibration: mean lat.: 1.935ms, rate sampling interval: 10ms
  Thread calibration: mean lat.: 1.277ms, rate sampling interval: 10ms
  Thread calibration: mean lat.: 1.937ms, rate sampling interval: 10ms
  Thread calibration: mean lat.: 1.328ms, rate sampling interval: 10ms
  Thread calibration: mean lat.: 1.277ms, rate sampling interval: 10ms
  Thread calibration: mean lat.: 1.595ms, rate sampling interval: 10ms
  Thread calibration: mean lat.: 1.359ms, rate sampling interval: 10ms
  Thread calibration: mean lat.: 1.503ms, rate sampling interval: 10ms
  Thread calibration: mean lat.: 1.367ms, rate sampling interval: 10ms
  Thread calibration: mean lat.: 1.398ms, rate sampling interval: 10ms
  Thread calibration: mean lat.: 1.303ms, rate sampling interval: 10ms
  Thread calibration: mean lat.: 1.294ms, rate sampling interval: 10ms
  Thread Stats   Avg      Stdev     Max   +/- Stdev
    Latency     1.47ms    1.18ms  46.21ms   92.58%
    Req/Sec   658.79    699.78     2.80k    90.52%
  Latency Distribution (HdrHistogram - Recorded Latency)
 50.000%    1.27ms
 75.000%    1.74ms
 90.000%    2.34ms
 99.000%    6.41ms
 99.900%   14.30ms
 99.990%   23.07ms
 99.999%   33.76ms
100.000%   46.24ms

  Detailed Percentile spectrum:
       Value   Percentile   TotalCount 1/(1-Percentile)

       0.082     0.000000            1         1.00
       0.579     0.100000       591930         1.11
       0.787     0.200000      1180242         1.25
       0.965     0.300000      1769880         1.43
       1.123     0.400000      2363368         1.67
       1.270     0.500000      2952694         2.00
       1.345     0.550000      3244823         2.22
       1.428     0.600000      3541908         2.50
       1.519     0.650000      3835476         2.86
       1.623     0.700000      4131219         3.33
       1.743     0.750000      4424165         4.00
       1.813     0.775000      4573305         4.44
       1.889     0.800000      4719599         5.00
       1.975     0.825000      4866597         5.71
       2.075     0.850000      5015759         6.67
       2.193     0.875000      5162745         8.00
       2.261     0.887500      5235146         8.89
       2.341     0.900000      5309660        10.00
       2.433     0.912500      5383349        11.43
       2.543     0.925000      5457015        13.33
       2.683     0.937500      5530721        16.00
       2.769     0.943750      5567232        17.78
       2.871     0.950000      5603731        20.00
       2.997     0.956250      5640797        22.86
       3.155     0.962500      5677364        26.67
       3.365     0.968750      5714238        32.00
       3.503     0.971875      5732644        35.56
       3.675     0.975000      5751094        40.00
       3.905     0.978125      5769606        45.71
       4.211     0.981250      5787997        53.33
       4.695     0.984375      5806433        64.00
       5.063     0.985938      5815564        71.11
       5.571     0.987500      5824813        80.00
       6.123     0.989062      5834038        91.43
       6.611     0.990625      5843231       106.67
       7.115     0.992188      5852465       128.00
       7.443     0.992969      5857034       142.22
       7.895     0.993750      5861643       160.00
       8.359     0.994531      5866285       182.86
       8.967     0.995313      5870874       213.33
       9.735     0.996094      5875469       256.00
      10.159     0.996484      5877774       284.44
      10.551     0.996875      5880095       320.00
      10.911     0.997266      5882426       365.71
      11.287     0.997656      5884697       426.67
      11.815     0.998047      5886995       512.00
      12.143     0.998242      5888148       568.89
      12.535     0.998437      5889280       640.00
      13.055     0.998633      5890442       731.43
      13.703     0.998828      5891589       853.33
      14.367     0.999023      5892741      1024.00
      14.639     0.999121      5893318      1137.78
      14.895     0.999219      5893887      1280.00
      15.183     0.999316      5894473      1462.86
      15.671     0.999414      5895047      1706.67
      16.343     0.999512      5895615      2048.00
      16.751     0.999561      5895903      2275.56
      17.279     0.999609      5896191      2560.00
      17.791     0.999658      5896476      2925.71
      18.383     0.999707      5896767      3413.33
      19.055     0.999756      5897056      4096.00
      19.471     0.999780      5897197      4551.11
      19.871     0.999805      5897341      5120.00
      20.399     0.999829      5897483      5851.43
      21.135     0.999854      5897629      6826.67
      22.063     0.999878      5897771      8192.00
      22.591     0.999890      5897845      9102.22
      23.183     0.999902      5897916     10240.00
      23.791     0.999915      5897987     11702.86
      24.575     0.999927      5898060     13653.33
      25.423     0.999939      5898131     16384.00
      26.031     0.999945      5898167     18204.44
      26.415     0.999951      5898204     20480.00
      27.071     0.999957      5898239     23405.71
      27.807     0.999963      5898275     27306.67
      28.927     0.999969      5898311     32768.00
      29.423     0.999973      5898330     36408.89
      29.935     0.999976      5898347     40960.00
      30.495     0.999979      5898365     46811.43
      31.119     0.999982      5898383     54613.33
      31.647     0.999985      5898401     65536.00
      32.239     0.999986      5898410     72817.78
      32.799     0.999988      5898420     81920.00
      33.631     0.999989      5898429     93622.86
      34.367     0.999991      5898437    109226.67
      35.039     0.999992      5898446    131072.00
      35.327     0.999993      5898451    145635.56
      35.807     0.999994      5898455    163840.00
      36.447     0.999995      5898460    187245.71
      37.215     0.999995      5898465    218453.33
      37.887     0.999996      5898469    262144.00
      38.111     0.999997      5898471    291271.11
      38.591     0.999997      5898473    327680.00
      39.455     0.999997      5898476    374491.43
      39.999     0.999998      5898478    436906.67
      40.735     0.999998      5898480    524288.00
      40.767     0.999998      5898481    582542.22
      40.927     0.999998      5898482    655360.00
      41.503     0.999999      5898484    748982.86
      41.791     0.999999      5898485    873813.33
      41.951     0.999999      5898487   1048576.00
      41.951     0.999999      5898487   1165084.44
      41.951     0.999999      5898487   1310720.00
      42.143     0.999999      5898488   1497965.71
      42.143     0.999999      5898488   1747626.67
      42.303     1.000000      5898489   2097152.00
      42.303     1.000000      5898489   2330168.89
      42.303     1.000000      5898489   2621440.00
      43.391     1.000000      5898490   2995931.43
      43.391     1.000000      5898490   3495253.33
      43.391     1.000000      5898490   4194304.00
      43.391     1.000000      5898490   4660337.78
      43.391     1.000000      5898490   5242880.00
      46.239     1.000000      5898491   5991862.86
      46.239     1.000000      5898491          inf
#[Mean    =        1.469, StdDeviation   =        1.179]
#[Max     =       46.208, Total count    =      5898491]
#[Buckets =           27, SubBuckets     =         2048]
----------------------------------------------------------
  5995857 requests in 10.00m, 1.00GB read
Requests/sec:   9992.89
Transfer/sec:      1.71MB
