Running 10m test @ http://localhost:9999/math/plus?x=1&y=2
  16 threads and 400 connections
  Thread calibration: mean lat.: 6.430ms, rate sampling interval: 36ms
  Thread calibration: mean lat.: 6.354ms, rate sampling interval: 36ms
  Thread calibration: mean lat.: 6.323ms, rate sampling interval: 35ms
  Thread calibration: mean lat.: 6.199ms, rate sampling interval: 33ms
  Thread calibration: mean lat.: 6.423ms, rate sampling interval: 38ms
  Thread calibration: mean lat.: 6.355ms, rate sampling interval: 35ms
  Thread calibration: mean lat.: 6.487ms, rate sampling interval: 37ms
  Thread calibration: mean lat.: 6.107ms, rate sampling interval: 35ms
  Thread calibration: mean lat.: 6.537ms, rate sampling interval: 37ms
  Thread calibration: mean lat.: 6.328ms, rate sampling interval: 35ms
  Thread calibration: mean lat.: 6.299ms, rate sampling interval: 35ms
  Thread calibration: mean lat.: 6.183ms, rate sampling interval: 34ms
  Thread calibration: mean lat.: 5.969ms, rate sampling interval: 32ms
  Thread calibration: mean lat.: 6.307ms, rate sampling interval: 35ms
  Thread calibration: mean lat.: 6.233ms, rate sampling interval: 33ms
  Thread calibration: mean lat.: 6.319ms, rate sampling interval: 38ms
  Thread Stats   Avg      Stdev     Max   +/- Stdev
    Latency     4.03s    23.43s    5.29m    96.35%
    Req/Sec   292.46    363.96     3.25k    82.23%
  Latency Distribution (HdrHistogram - Recorded Latency)
 50.000%    2.00ms
 75.000%    6.68ms
 90.000%   29.47ms
 99.000%    2.22m 
 99.900%    4.54m 
 99.990%    5.19m 
 99.999%    5.27m 
100.000%    5.29m 

  Detailed Percentile spectrum:
       Value   Percentile   TotalCount 1/(1-Percentile)

       0.149     0.000000            1         1.00
       0.704     0.100000       272377         1.11
       1.002     0.200000       544826         1.25
       1.261     0.300000       817759         1.43
       1.560     0.400000      1089053         1.67
       1.999     0.500000      1361538         2.00
       2.325     0.550000      1497490         2.22
       2.757     0.600000      1633542         2.50
       3.377     0.650000      1769845         2.86
       4.515     0.700000      1905949         3.33
       6.679     0.750000      2042006         4.00
       8.131     0.775000      2110117         4.44
       9.895     0.800000      2178285         5.00
      12.175     0.825000      2246138         5.71
      15.599     0.850000      2314267         6.67
      20.447     0.875000      2382251         8.00
      23.823     0.887500      2416266         8.89
      29.471     0.900000      2450310        10.00
      40.095     0.912500      2484362        11.43
      66.943     0.925000      2518347        13.33
    1420.287     0.937500      2552377        16.00
    2039.807     0.943750      2569398        17.78
    2633.727     0.950000      2586429        20.00
   12967.935     0.956250      2603421        22.86
   25264.127     0.962500      2620424        26.67
   39878.655     0.968750      2637471        32.00
   48431.103     0.971875      2645980        35.56
   58097.663     0.975000      2654479        40.00
   69009.407     0.978125      2662967        45.71
   81919.999     0.981250      2671474        53.33
   96796.671     0.984375      2679997        64.00
  105447.423     0.985938      2684239        71.11
  114753.535     0.987500      2688501        80.00
  125894.655     0.989062      2692749        91.43
  138543.103     0.990625      2697036       106.67
  152567.807     0.992188      2701292       128.00
  160432.127     0.992969      2703401       142.22
  169476.095     0.993750      2705508       160.00
  178913.279     0.994531      2707646       182.86
  189923.327     0.995313      2709774       213.33
  202637.311     0.996094      2711894       256.00
  209977.343     0.996484      2712962       284.44
  218628.095     0.996875      2714043       320.00
  226099.199     0.997266      2715085       365.71
  234487.807     0.997656      2716142       426.67
  244449.279     0.998047      2717201       512.00
  249954.303     0.998242      2717733       568.89
  255459.327     0.998437      2718264       640.00
  261750.783     0.998633      2718797       731.43
  267649.023     0.998828      2719336       853.33
  273154.047     0.999023      2719883      1024.00
  277086.207     0.999121      2720133      1137.78
  281804.799     0.999219      2720395      1280.00
  285999.103     0.999316      2720676      1462.86
  289406.975     0.999414      2720928      1706.67
  293863.423     0.999512      2721199      2048.00
  295960.575     0.999561      2721326      2275.56
  297533.439     0.999609      2721464      2560.00
  299892.735     0.999658      2721607      2925.71
  302514.175     0.999707      2721728      3413.33
  305135.615     0.999756      2721855      4096.00
  307757.055     0.999780      2721925      4551.11
  308543.487     0.999805      2722007      5120.00
  309067.775     0.999829      2722068      5851.43
  310378.495     0.999854      2722124      6826.67
  311164.927     0.999878      2722187      8192.00
  311689.215     0.999890      2722253      9102.22
  311689.215     0.999902      2722253     10240.00
  312475.647     0.999915      2722311     11702.86
  312737.791     0.999927      2722330     13653.33
  312999.935     0.999939      2722355     16384.00
  313262.079     0.999945      2722377     18204.44
  313524.223     0.999951      2722386     20480.00
  315097.087     0.999957      2722404     23405.71
  315359.231     0.999963      2722420     27306.67
  315621.375     0.999969      2722435     32768.00
  315883.519     0.999973      2722460     36408.89
  315883.519     0.999976      2722460     40960.00
  315883.519     0.999979      2722460     46811.43
  316145.663     0.999982      2722476     54613.33
  316145.663     0.999985      2722476     65536.00
  316407.807     0.999986      2722494     72817.78
  316407.807     0.999988      2722494     81920.00
  316407.807     0.999989      2722494     93622.86
  316407.807     0.999991      2722494    109226.67
  316669.951     0.999992      2722504    131072.00
  316669.951     0.999993      2722504    145635.56
  316669.951     0.999994      2722504    163840.00
  316669.951     0.999995      2722504    187245.71
  316932.095     0.999995      2722509    218453.33
  316932.095     0.999996      2722509    262144.00
  316932.095     0.999997      2722509    291271.11
  316932.095     0.999997      2722509    327680.00
  317194.239     0.999997      2722516    374491.43
  317194.239     0.999998      2722516    436906.67
  317194.239     0.999998      2722516    524288.00
  317194.239     0.999998      2722516    582542.22
  317194.239     0.999998      2722516    655360.00
  317194.239     0.999999      2722516    748982.86
  317194.239     0.999999      2722516    873813.33
  317194.239     0.999999      2722516   1048576.00
  317194.239     0.999999      2722516   1165084.44
  317194.239     0.999999      2722516   1310720.00
  317194.239     0.999999      2722516   1497965.71
  317194.239     0.999999      2722516   1747626.67
  317194.239     1.000000      2722516   2097152.00
  317194.239     1.000000      2722516   2330168.89
  317194.239     1.000000      2722516   2621440.00
  317456.383     1.000000      2722517   2995931.43
  317456.383     1.000000      2722517          inf
#[Mean    =     4027.255, StdDeviation   =    23425.770]
#[Max     =   317194.240, Total count    =      2722517]
#[Buckets =           27, SubBuckets     =         2048]
----------------------------------------------------------
  2823179 requests in 10.00m, 530.42MB read
  Socket errors: connect 0, read 0, write 0, timeout 30472
Requests/sec:   4704.08
Transfer/sec:      0.88MB
