Running 10m test @ http://localhost:9999/math/plus?x=1&y=2
  16 threads and 400 connections
  Thread calibration: mean lat.: 9.984ms, rate sampling interval: 47ms
  Thread calibration: mean lat.: 9.786ms, rate sampling interval: 44ms
  Thread calibration: mean lat.: 10.972ms, rate sampling interval: 51ms
  Thread calibration: mean lat.: 11.428ms, rate sampling interval: 54ms
  Thread calibration: mean lat.: 9.566ms, rate sampling interval: 47ms
  Thread calibration: mean lat.: 11.467ms, rate sampling interval: 51ms
  Thread calibration: mean lat.: 9.742ms, rate sampling interval: 44ms
  Thread calibration: mean lat.: 9.962ms, rate sampling interval: 46ms
  Thread calibration: mean lat.: 10.805ms, rate sampling interval: 50ms
  Thread calibration: mean lat.: 9.734ms, rate sampling interval: 45ms
  Thread calibration: mean lat.: 11.072ms, rate sampling interval: 50ms
  Thread calibration: mean lat.: 10.030ms, rate sampling interval: 46ms
  Thread calibration: mean lat.: 11.461ms, rate sampling interval: 52ms
  Thread calibration: mean lat.: 9.953ms, rate sampling interval: 47ms
  Thread calibration: mean lat.: 9.895ms, rate sampling interval: 45ms
  Thread calibration: mean lat.: 10.763ms, rate sampling interval: 49ms
  Thread Stats   Avg      Stdev     Max   +/- Stdev
    Latency    12.61s    39.30s    5.99m    91.69%
    Req/Sec   249.46    447.47     6.43k    88.43%
  Latency Distribution (HdrHistogram - Recorded Latency)
 50.000%    9.28ms
 75.000%  648.70ms
 90.000%   38.50s 
 99.000%    3.58m 
 99.900%    5.58m 
 99.990%    5.91m 
 99.999%    5.96m 
100.000%    5.99m 

  Detailed Percentile spectrum:
       Value   Percentile   TotalCount 1/(1-Percentile)

       0.140     0.000000            1         1.00
       1.200     0.100000       233462         1.11
       1.858     0.200000       466947         1.25
       2.937     0.300000       700338         1.43
       4.947     0.400000       933451         1.67
       9.279     0.500000      1166883         2.00
      12.967     0.550000      1283472         2.22
      17.167     0.600000      1400374         2.50
      22.703     0.650000      1516824         2.86
      35.583     0.700000      1633422         3.33
     648.703     0.750000      1750080         4.00
    1680.383     0.775000      1808411         4.44
    3500.031     0.800000      1866761         5.00
    7516.159     0.825000      1925061         5.71
   14016.511     0.850000      1983458         6.67
   23035.903     0.875000      2041792         8.00
   31588.351     0.887500      2070902         8.89
   38502.399     0.900000      2100072        10.00
   48267.263     0.912500      2129310        11.43
   58884.095     0.925000      2158445        13.33
   70582.271     0.937500      2187594        16.00
   77529.087     0.943750      2202180        17.78
   85458.943     0.950000      2216794        20.00
   94699.519     0.956250      2231368        22.86
  105381.887     0.962500      2245921        26.67
  117964.799     0.968750      2260537        32.00
  125566.975     0.971875      2267816        35.56
  133758.975     0.975000      2275131        40.00
  143261.695     0.978125      2282393        45.71
  154009.599     0.981250      2289722        53.33
  169607.167     0.984375      2296950        64.00
  177078.271     0.985938      2300633        71.11
  193331.199     0.987500      2304251        80.00
  209321.983     0.989062      2307885        91.43
  219021.311     0.990625      2311561       106.67
  230293.503     0.992188      2315207       128.00
  236584.959     0.992969      2317001       142.22
  258342.911     0.993750      2318823       160.00
  272105.471     0.994531      2320669       182.86
  279707.647     0.995313      2322518       213.33
  287834.111     0.996094      2324294       256.00
  292814.847     0.996484      2325262       284.44
  298319.871     0.996875      2326168       320.00
  306184.191     0.997266      2327026       365.71
  311951.359     0.997656      2327971       426.67
  317718.527     0.998047      2328887       512.00
  321126.399     0.998242      2329313       568.89
  324272.127     0.998437      2329799       640.00
  327679.999     0.998633      2330246       731.43
  331612.159     0.998828      2330686       853.33
  335282.175     0.999023      2331131      1024.00
  336855.039     0.999121      2331361      1137.78
  339214.335     0.999219      2331614      1280.00
  341049.343     0.999316      2331833      1462.86
  343932.927     0.999414      2332078      1706.67
  345767.935     0.999512      2332300      2048.00
  346554.367     0.999561      2332391      2275.56
  347602.943     0.999609      2332497      2560.00
  348913.663     0.999658      2332632      2925.71
  349962.239     0.999707      2332753      3413.33
  350748.671     0.999756      2332854      4096.00
  351272.959     0.999780      2332905      4551.11
  352059.391     0.999805      2332971      5120.00
  352583.679     0.999829      2333020      5851.43
  353107.967     0.999854      2333065      6826.67
  353632.255     0.999878      2333132      8192.00
  354156.543     0.999890      2333168      9102.22
  354418.687     0.999902      2333199     10240.00
  354680.831     0.999915      2333219     11702.86
  354942.975     0.999927      2333243     13653.33
  355467.263     0.999939      2333285     16384.00
  355467.263     0.999945      2333285     18204.44
  355729.407     0.999951      2333312     20480.00
  355729.407     0.999957      2333312     23405.71
  355991.551     0.999963      2333330     27306.67
  356253.695     0.999969      2333346     32768.00
  356253.695     0.999973      2333346     36408.89
  356515.839     0.999976      2333362     40960.00
  356515.839     0.999979      2333362     46811.43
  356777.983     0.999982      2333372     54613.33
  356777.983     0.999985      2333372     65536.00
  357040.127     0.999986      2333379     72817.78
  357040.127     0.999988      2333379     81920.00
  357302.271     0.999989      2333389     93622.86
  357302.271     0.999991      2333389    109226.67
  357302.271     0.999992      2333389    131072.00
  357564.415     0.999993      2333393    145635.56
  357564.415     0.999994      2333393    163840.00
  357826.559     0.999995      2333394    187245.71
  358088.703     0.999995      2333400    218453.33
  358088.703     0.999996      2333400    262144.00
  358088.703     0.999997      2333400    291271.11
  358088.703     0.999997      2333400    327680.00
  358088.703     0.999997      2333400    374491.43
  358350.847     0.999998      2333404    436906.67
  358350.847     0.999998      2333404    524288.00
  358350.847     0.999998      2333404    582542.22
  358350.847     0.999998      2333404    655360.00
  358350.847     0.999999      2333404    748982.86
  358350.847     0.999999      2333404    873813.33
  358350.847     0.999999      2333404   1048576.00
  358350.847     0.999999      2333404   1165084.44
  358612.991     0.999999      2333405   1310720.00
  358612.991     0.999999      2333405   1497965.71
  358612.991     0.999999      2333405   1747626.67
  358612.991     1.000000      2333405   2097152.00
  358612.991     1.000000      2333405   2330168.89
  359661.567     1.000000      2333406   2621440.00
  359661.567     1.000000      2333406          inf
#[Mean    =    12608.224, StdDeviation   =    39303.027]
#[Max     =   359399.424, Total count    =      2333406]
#[Buckets =           27, SubBuckets     =         2048]
----------------------------------------------------------
  2433372 requests in 10.00m, 457.19MB read
  Socket errors: connect 0, read 0, write 0, timeout 30676
Requests/sec:   4054.51
Transfer/sec:    780.06KB
