Running 10m test @ http://localhost:9999/math/plus?x=1&y=2
  16 threads and 400 connections
  Thread calibration: mean lat.: 2.568ms, rate sampling interval: 10ms
  Thread calibration: mean lat.: 2.533ms, rate sampling interval: 10ms
  Thread calibration: mean lat.: 2.631ms, rate sampling interval: 10ms
  Thread calibration: mean lat.: 2.771ms, rate sampling interval: 11ms
  Thread calibration: mean lat.: 2.616ms, rate sampling interval: 10ms
  Thread calibration: mean lat.: 2.699ms, rate sampling interval: 10ms
  Thread calibration: mean lat.: 2.545ms, rate sampling interval: 10ms
  Thread calibration: mean lat.: 2.673ms, rate sampling interval: 11ms
  Thread calibration: mean lat.: 2.564ms, rate sampling interval: 10ms
  Thread calibration: mean lat.: 2.544ms, rate sampling interval: 10ms
  Thread calibration: mean lat.: 2.677ms, rate sampling interval: 11ms
  Thread calibration: mean lat.: 2.505ms, rate sampling interval: 10ms
  Thread calibration: mean lat.: 2.988ms, rate sampling interval: 12ms
  Thread calibration: mean lat.: 2.396ms, rate sampling interval: 10ms
  Thread calibration: mean lat.: 2.728ms, rate sampling interval: 11ms
  Thread calibration: mean lat.: 2.531ms, rate sampling interval: 11ms
  Thread Stats   Avg      Stdev     Max   +/- Stdev
    Latency     2.40ms    2.28ms  61.31ms   90.12%
    Req/Sec   657.79    451.87     3.00k    68.80%
  Latency Distribution (HdrHistogram - Recorded Latency)
 50.000%    1.73ms
 75.000%    2.89ms
 90.000%    4.65ms
 99.000%   11.06ms
 99.900%   22.64ms
 99.990%   32.80ms
 99.999%   49.47ms
100.000%   61.34ms

  Detailed Percentile spectrum:
       Value   Percentile   TotalCount 1/(1-Percentile)

       0.096     0.000000            1         1.00
       0.704     0.100000       591363         1.11
       0.974     0.200000      1181330         1.25
       1.210     0.300000      1771635         1.43
       1.445     0.400000      2359757         1.67
       1.731     0.500000      2950617         2.00
       1.902     0.550000      3245619         2.22
       2.097     0.600000      3541972         2.50
       2.319     0.650000      3834231         2.86
       2.581     0.700000      4129885         3.33
       2.891     0.750000      4425285         4.00
       3.073     0.775000      4572551         4.44
       3.277     0.800000      4719184         5.00
       3.517     0.825000      4867513         5.71
       3.803     0.850000      5014477         6.67
       4.163     0.875000      5161671         8.00
       4.387     0.887500      5235672         8.89
       4.651     0.900000      5309043        10.00
       4.983     0.912500      5383199        11.43
       5.419     0.925000      5456796        13.33
       5.995     0.937500      5530142        16.00
       6.343     0.943750      5566993        17.78
       6.715     0.950000      5603994        20.00
       7.103     0.956250      5640760        22.86
       7.507     0.962500      5677860        26.67
       7.935     0.968750      5714680        32.00
       8.159     0.971875      5733026        35.56
       8.407     0.975000      5751694        40.00
       8.679     0.978125      5769834        45.71
       9.015     0.981250      5788470        53.33
       9.455     0.984375      5806850        64.00
       9.743     0.985938      5815904        71.11
      10.119     0.987500      5825163        80.00
      10.647     0.989062      5834284        91.43
      11.367     0.990625      5843475       106.67
      12.159     0.992188      5852664       128.00
      12.607     0.992969      5857303       142.22
      13.079     0.993750      5861910       160.00
      13.639     0.994531      5866533       182.86
      14.359     0.995313      5871115       213.33
      15.383     0.996094      5875724       256.00
      16.023     0.996484      5878023       284.44
      16.719     0.996875      5880343       320.00
      17.487     0.997266      5882616       365.71
      18.303     0.997656      5884942       426.67
      19.231     0.998047      5887234       512.00
      19.743     0.998242      5888388       568.89
      20.303     0.998437      5889530       640.00
      21.007     0.998633      5890682       731.43
      21.823     0.998828      5891837       853.33
      22.751     0.999023      5892985      1024.00
      23.247     0.999121      5893565      1137.78
      23.775     0.999219      5894149      1280.00
      24.367     0.999316      5894717      1462.86
      25.055     0.999414      5895296      1706.67
      25.951     0.999512      5895870      2048.00
      26.431     0.999561      5896161      2275.56
      27.039     0.999609      5896445      2560.00
      27.631     0.999658      5896733      2925.71
      28.239     0.999707      5897017      3413.33
      28.975     0.999756      5897308      4096.00
      29.327     0.999780      5897450      4551.11
      29.759     0.999805      5897593      5120.00
      30.319     0.999829      5897738      5851.43
      31.039     0.999854      5897881      6826.67
      31.823     0.999878      5898026      8192.00
      32.367     0.999890      5898098      9102.22
      32.895     0.999902      5898170     10240.00
      33.439     0.999915      5898246     11702.86
      34.047     0.999927      5898313     13653.33
      35.039     0.999939      5898389     16384.00
      35.551     0.999945      5898422     18204.44
      36.351     0.999951      5898457     20480.00
      37.311     0.999957      5898493     23405.71
      38.431     0.999963      5898529     27306.67
      40.415     0.999969      5898565     32768.00
      41.983     0.999973      5898583     36408.89
      42.623     0.999976      5898602     40960.00
      43.551     0.999979      5898619     46811.43
      44.799     0.999982      5898637     54613.33
      47.039     0.999985      5898655     65536.00
      47.903     0.999986      5898664     72817.78
      48.479     0.999988      5898674     81920.00
      49.215     0.999989      5898682     93622.86
      50.111     0.999991      5898691    109226.67
      50.463     0.999992      5898700    131072.00
      51.039     0.999993      5898705    145635.56
      52.479     0.999994      5898709    163840.00
      53.663     0.999995      5898714    187245.71
      54.431     0.999995      5898718    218453.33
      54.719     0.999996      5898723    262144.00
      54.847     0.999997      5898725    291271.11
      55.487     0.999997      5898727    327680.00
      58.047     0.999997      5898730    374491.43
      58.367     0.999998      5898732    436906.67
      58.847     0.999998      5898734    524288.00
      59.231     0.999998      5898736    582542.22
      59.231     0.999998      5898736    655360.00
      59.775     0.999999      5898738    748982.86
      59.807     0.999999      5898739    873813.33
      59.903     0.999999      5898740   1048576.00
      59.903     0.999999      5898740   1165084.44
      60.031     0.999999      5898741   1310720.00
      60.479     0.999999      5898742   1497965.71
      60.479     0.999999      5898742   1747626.67
      60.511     1.000000      5898743   2097152.00
      60.511     1.000000      5898743   2330168.89
      60.511     1.000000      5898743   2621440.00
      61.151     1.000000      5898744   2995931.43
      61.151     1.000000      5898744   3495253.33
      61.151     1.000000      5898744   4194304.00
      61.151     1.000000      5898744   4660337.78
      61.151     1.000000      5898744   5242880.00
      61.343     1.000000      5898745   5991862.86
      61.343     1.000000      5898745          inf
#[Mean    =        2.397, StdDeviation   =        2.278]
#[Max     =       61.312, Total count    =      5898745]
#[Buckets =           27, SubBuckets     =         2048]
----------------------------------------------------------
  5998907 requests in 10.00m, 1.00GB read
Requests/sec:   9998.15
Transfer/sec:      1.71MB
