Running 10m test @ http://localhost:9999/math/plus?x=1&y=2
  16 threads and 400 connections
  Thread calibration: mean lat.: 5.889ms, rate sampling interval: 26ms
  Thread calibration: mean lat.: 4.684ms, rate sampling interval: 22ms
  Thread calibration: mean lat.: 4.687ms, rate sampling interval: 22ms
  Thread calibration: mean lat.: 4.453ms, rate sampling interval: 21ms
  Thread calibration: mean lat.: 4.585ms, rate sampling interval: 21ms
  Thread calibration: mean lat.: 5.170ms, rate sampling interval: 22ms
  Thread calibration: mean lat.: 4.579ms, rate sampling interval: 22ms
  Thread calibration: mean lat.: 4.743ms, rate sampling interval: 22ms
  Thread calibration: mean lat.: 4.638ms, rate sampling interval: 22ms
  Thread calibration: mean lat.: 4.800ms, rate sampling interval: 23ms
  Thread calibration: mean lat.: 4.913ms, rate sampling interval: 23ms
  Thread calibration: mean lat.: 4.699ms, rate sampling interval: 22ms
  Thread calibration: mean lat.: 4.688ms, rate sampling interval: 23ms
  Thread calibration: mean lat.: 4.897ms, rate sampling interval: 23ms
  Thread calibration: mean lat.: 4.957ms, rate sampling interval: 23ms
  Thread calibration: mean lat.: 4.578ms, rate sampling interval: 22ms
  Thread Stats   Avg      Stdev     Max   +/- Stdev
    Latency     5.02ms    4.46ms  58.50ms   81.70%
    Req/Sec   639.21    337.17     1.65k    56.40%
  Latency Distribution (HdrHistogram - Recorded Latency)
 50.000%    3.44ms
 75.000%    7.11ms
 90.000%   11.69ms
 99.000%   19.17ms
 99.900%   25.65ms
 99.990%   33.15ms
 99.999%   48.22ms
100.000%   58.53ms

  Detailed Percentile spectrum:
       Value   Percentile   TotalCount 1/(1-Percentile)

       0.096     0.000000            1         1.00
       0.990     0.100000       590486         1.11
       1.413     0.200000      1180074         1.25
       1.901     0.300000      1770521         1.43
       2.549     0.400000      2359751         1.67
       3.439     0.500000      2949623         2.00
       3.997     0.550000      3244830         2.22
       4.619     0.600000      3540793         2.50
       5.311     0.650000      3834412         2.86
       6.127     0.700000      4129921         3.33
       7.107     0.750000      4424828         4.00
       7.667     0.775000      4571582         4.44
       8.287     0.800000      4719267         5.00
       8.999     0.825000      4866430         5.71
       9.823     0.850000      5014142         6.67
      10.711     0.875000      5162268         8.00
      11.183     0.887500      5235188         8.89
      11.695     0.900000      5309806        10.00
      12.231     0.912500      5383464        11.43
      12.799     0.925000      5456669        13.33
      13.447     0.937500      5530070        16.00
      13.823     0.943750      5567165        17.78
      14.247     0.950000      5603898        20.00
      14.727     0.956250      5640926        22.86
      15.279     0.962500      5677585        26.67
      15.911     0.968750      5714441        32.00
      16.255     0.971875      5732824        35.56
      16.639     0.975000      5751791        40.00
      17.039     0.978125      5769659        45.71
      17.503     0.981250      5788373        53.33
      18.015     0.984375      5806835        64.00
      18.287     0.985938      5815734        71.11
      18.591     0.987500      5824923        80.00
      18.943     0.989062      5834353        91.43
      19.327     0.990625      5843445       106.67
      19.775     0.992188      5852730       128.00
      20.031     0.992969      5857187       142.22
      20.319     0.993750      5861881       160.00
      20.623     0.994531      5866405       182.86
      20.975     0.995313      5871043       213.33
      21.407     0.996094      5875607       256.00
      21.663     0.996484      5877914       284.44
      21.967     0.996875      5880246       320.00
      22.335     0.997266      5882558       365.71
      22.799     0.997656      5884858       426.67
      23.391     0.998047      5887159       512.00
      23.759     0.998242      5888297       568.89
      24.159     0.998437      5889453       640.00
      24.623     0.998633      5890611       731.43
      25.135     0.998828      5891756       853.33
      25.743     0.999023      5892889      1024.00
      26.111     0.999121      5893489      1137.78
      26.527     0.999219      5894040      1280.00
      27.007     0.999316      5894624      1462.86
      27.551     0.999414      5895189      1706.67
      28.223     0.999512      5895770      2048.00
      28.607     0.999561      5896058      2275.56
      29.055     0.999609      5896345      2560.00
      29.519     0.999658      5896631      2925.71
      29.999     0.999707      5896924      3413.33
      30.591     0.999756      5897207      4096.00
      30.927     0.999780      5897356      4551.11
      31.311     0.999805      5897495      5120.00
      31.631     0.999829      5897639      5851.43
      32.143     0.999854      5897785      6826.67
      32.607     0.999878      5897928      8192.00
      32.863     0.999890      5897997      9102.22
      33.247     0.999902      5898074     10240.00
      33.631     0.999915      5898145     11702.86
      34.047     0.999927      5898213     13653.33
      34.687     0.999939      5898286     16384.00
      35.103     0.999945      5898322     18204.44
      35.711     0.999951      5898357     20480.00
      36.287     0.999957      5898398     23405.71
      36.767     0.999963      5898429     27306.67
      37.407     0.999969      5898466     32768.00
      37.855     0.999973      5898483     36408.89
      38.431     0.999976      5898501     40960.00
      39.071     0.999979      5898522     46811.43
      40.703     0.999982      5898537     54613.33
      43.999     0.999985      5898555     65536.00
      45.503     0.999986      5898564     72817.78
      46.783     0.999988      5898573     81920.00
      47.775     0.999989      5898582     93622.86
      49.567     0.999991      5898592    109226.67
      50.751     0.999992      5898601    131072.00
      50.975     0.999993      5898605    145635.56
      51.551     0.999994      5898610    163840.00
      52.063     0.999995      5898614    187245.71
      52.991     0.999995      5898618    218453.33
      53.855     0.999996      5898623    262144.00
      54.079     0.999997      5898625    291271.11
      54.687     0.999997      5898627    327680.00
      54.911     0.999997      5898630    374491.43
      55.231     0.999998      5898632    436906.67
      55.551     0.999998      5898634    524288.00
      55.743     0.999998      5898635    582542.22
      55.935     0.999998      5898636    655360.00
      56.927     0.999999      5898638    748982.86
      57.023     0.999999      5898639    873813.33
      57.151     0.999999      5898640   1048576.00
      57.151     0.999999      5898640   1165084.44
      57.279     0.999999      5898641   1310720.00
      57.439     0.999999      5898642   1497965.71
      57.439     0.999999      5898642   1747626.67
      57.727     1.000000      5898643   2097152.00
      57.727     1.000000      5898643   2330168.89
      57.727     1.000000      5898643   2621440.00
      58.303     1.000000      5898644   2995931.43
      58.303     1.000000      5898644   3495253.33
      58.303     1.000000      5898644   4194304.00
      58.303     1.000000      5898644   4660337.78
      58.303     1.000000      5898644   5242880.00
      58.527     1.000000      5898645   5991862.86
      58.527     1.000000      5898645          inf
#[Mean    =        5.019, StdDeviation   =        4.460]
#[Max     =       58.496, Total count    =      5898645]
#[Buckets =           27, SubBuckets     =         2048]
----------------------------------------------------------
  5998151 requests in 10.00m, 1.00GB read
Requests/sec:   9996.86
Transfer/sec:      1.71MB
