Running 10m test @ http://localhost:9999/math/plus?x=1&y=2
  16 threads and 400 connections
  Thread calibration: mean lat.: 1.549ms, rate sampling interval: 10ms
  Thread calibration: mean lat.: 1.471ms, rate sampling interval: 10ms
  Thread calibration: mean lat.: 1.500ms, rate sampling interval: 10ms
  Thread calibration: mean lat.: 1.515ms, rate sampling interval: 10ms
  Thread calibration: mean lat.: 1.498ms, rate sampling interval: 10ms
  Thread calibration: mean lat.: 1.579ms, rate sampling interval: 10ms
  Thread calibration: mean lat.: 2.592ms, rate sampling interval: 12ms
  Thread calibration: mean lat.: 1.654ms, rate sampling interval: 10ms
  Thread calibration: mean lat.: 1.624ms, rate sampling interval: 10ms
  Thread calibration: mean lat.: 1.600ms, rate sampling interval: 10ms
  Thread calibration: mean lat.: 3.362ms, rate sampling interval: 12ms
  Thread calibration: mean lat.: 3.408ms, rate sampling interval: 12ms
  Thread calibration: mean lat.: 3.444ms, rate sampling interval: 12ms
  Thread calibration: mean lat.: 1.676ms, rate sampling interval: 10ms
  Thread calibration: mean lat.: 3.395ms, rate sampling interval: 12ms
  Thread calibration: mean lat.: 1.547ms, rate sampling interval: 10ms
  Thread Stats   Avg      Stdev     Max   +/- Stdev
    Latency     2.00ms    1.63ms  43.90ms   84.26%
    Req/Sec   656.88    536.45     2.33k    68.17%
  Latency Distribution (HdrHistogram - Recorded Latency)
 50.000%    1.46ms
 75.000%    2.45ms
 90.000%    4.21ms
 99.000%    7.76ms
 99.900%   13.45ms
 99.990%   19.30ms
 99.999%   27.66ms
100.000%   43.94ms

  Detailed Percentile spectrum:
       Value   Percentile   TotalCount 1/(1-Percentile)

       0.081     0.000000            1         1.00
       0.635     0.100000       589902         1.11
       0.867     0.200000      1181225         1.25
       1.070     0.300000      1771880         1.43
       1.258     0.400000      2361238         1.67
       1.459     0.500000      2949823         2.00
       1.579     0.550000      3246428         2.22
       1.719     0.600000      3540553         2.50
       1.893     0.650000      3835274         2.86
       2.121     0.700000      4130843         3.33
       2.449     0.750000      4425345         4.00
       2.655     0.775000      4571908         4.44
       2.895     0.800000      4719727         5.00
       3.169     0.825000      4866640         5.71
       3.483     0.850000      5014684         6.67
       3.827     0.875000      5161508         8.00
       4.013     0.887500      5235458         8.89
       4.207     0.900000      5308935        10.00
       4.419     0.912500      5382902        11.43
       4.659     0.925000      5457327        13.33
       4.931     0.937500      5530023        16.00
       5.095     0.943750      5567382        17.78
       5.279     0.950000      5603966        20.00
       5.495     0.956250      5640977        22.86
       5.739     0.962500      5677742        26.67
       6.027     0.968750      5714376        32.00
       6.199     0.971875      5732954        35.56
       6.387     0.975000      5751263        40.00
       6.603     0.978125      5769855        45.71
       6.843     0.981250      5788089        53.33
       7.119     0.984375      5806501        64.00
       7.271     0.985938      5815774        71.11
       7.443     0.987500      5824930        80.00
       7.635     0.989062      5834191        91.43
       7.851     0.990625      5843381       106.67
       8.111     0.992188      5852630       128.00
       8.263     0.992969      5857252       142.22
       8.439     0.993750      5861853       160.00
       8.655     0.994531      5866469       182.86
       8.927     0.995313      5871087       213.33
       9.295     0.996094      5875612       256.00
       9.511     0.996484      5877946       284.44
       9.711     0.996875      5880285       320.00
       9.927     0.997266      5882517       365.71
      10.223     0.997656      5884829       426.67
      10.759     0.998047      5887124       512.00
      11.111     0.998242      5888288       568.89
      11.583     0.998437      5889433       640.00
      12.191     0.998633      5890588       731.43
      12.839     0.998828      5891732       853.33
      13.519     0.999023      5892879      1024.00
      13.767     0.999121      5893491      1137.78
      14.015     0.999219      5894041      1280.00
      14.311     0.999316      5894609      1462.86
      14.663     0.999414      5895186      1706.67
      15.071     0.999512      5895762      2048.00
      15.335     0.999561      5896050      2275.56
      15.663     0.999609      5896335      2560.00
      16.103     0.999658      5896623      2925.71
      16.751     0.999707      5896915      3413.33
      17.503     0.999756      5897206      4096.00
      17.663     0.999780      5897349      4551.11
      17.871     0.999805      5897492      5120.00
      18.079     0.999829      5897636      5851.43
      18.463     0.999854      5897776      6826.67
      18.911     0.999878      5897925      8192.00
      19.071     0.999890      5897991      9102.22
      19.359     0.999902      5898063     10240.00
      19.743     0.999915      5898138     11702.86
      20.287     0.999927      5898207     13653.33
      20.959     0.999939      5898279     16384.00
      21.375     0.999945      5898317     18204.44
      21.695     0.999951      5898352     20480.00
      22.063     0.999957      5898389     23405.71
      22.463     0.999963      5898424     27306.67
      23.103     0.999969      5898459     32768.00
      23.439     0.999973      5898477     36408.89
      23.759     0.999976      5898495     40960.00
      24.239     0.999979      5898513     46811.43
      24.735     0.999982      5898531     54613.33
      25.711     0.999985      5898549     65536.00
      26.271     0.999986      5898558     72817.78
      26.703     0.999988      5898567     81920.00
      27.199     0.999989      5898576     93622.86
      28.511     0.999991      5898585    109226.67
      29.679     0.999992      5898594    131072.00
      30.015     0.999993      5898599    145635.56
      30.431     0.999994      5898603    163840.00
      31.039     0.999995      5898608    187245.71
      32.623     0.999995      5898612    218453.33
      33.631     0.999996      5898617    262144.00
      33.727     0.999997      5898619    291271.11
      34.015     0.999997      5898622    327680.00
      34.303     0.999997      5898625    374491.43
      34.751     0.999998      5898626    436906.67
      34.847     0.999998      5898628    524288.00
      34.879     0.999998      5898629    582542.22
      36.063     0.999998      5898630    655360.00
      37.631     0.999999      5898632    748982.86
      39.231     0.999999      5898633    873813.33
      39.263     0.999999      5898634   1048576.00
      39.263     0.999999      5898634   1165084.44
      40.095     0.999999      5898635   1310720.00
      40.447     0.999999      5898636   1497965.71
      40.447     0.999999      5898636   1747626.67
      40.959     1.000000      5898637   2097152.00
      40.959     1.000000      5898637   2330168.89
      40.959     1.000000      5898637   2621440.00
      42.751     1.000000      5898638   2995931.43
      42.751     1.000000      5898638   3495253.33
      42.751     1.000000      5898638   4194304.00
      42.751     1.000000      5898638   4660337.78
      42.751     1.000000      5898638   5242880.00
      43.935     1.000000      5898639   5991862.86
      43.935     1.000000      5898639          inf
#[Mean    =        1.998, StdDeviation   =        1.632]
#[Max     =       43.904, Total count    =      5898639]
#[Buckets =           27, SubBuckets     =         2048]
----------------------------------------------------------
  5996538 requests in 10.00m, 1.00GB read
Requests/sec:   9994.16
Transfer/sec:      1.71MB
