Running 10m test @ http://localhost:9999/math/plus?x=1&y=2
  16 threads and 400 connections
  Thread calibration: mean lat.: 5.897ms, rate sampling interval: 30ms
  Thread calibration: mean lat.: 6.102ms, rate sampling interval: 31ms
  Thread calibration: mean lat.: 6.965ms, rate sampling interval: 33ms
  Thread calibration: mean lat.: 5.820ms, rate sampling interval: 29ms
  Thread calibration: mean lat.: 5.886ms, rate sampling interval: 29ms
  Thread calibration: mean lat.: 7.650ms, rate sampling interval: 36ms
  Thread calibration: mean lat.: 7.820ms, rate sampling interval: 37ms
  Thread calibration: mean lat.: 6.165ms, rate sampling interval: 30ms
  Thread calibration: mean lat.: 6.084ms, rate sampling interval: 30ms
  Thread calibration: mean lat.: 6.019ms, rate sampling interval: 31ms
  Thread calibration: mean lat.: 5.997ms, rate sampling interval: 30ms
  Thread calibration: mean lat.: 7.440ms, rate sampling interval: 37ms
  Thread calibration: mean lat.: 7.522ms, rate sampling interval: 37ms
  Thread calibration: mean lat.: 5.381ms, rate sampling interval: 27ms
  Thread calibration: mean lat.: 6.139ms, rate sampling interval: 30ms
  Thread calibration: mean lat.: 6.163ms, rate sampling interval: 31ms
  Thread Stats   Avg      Stdev     Max   +/- Stdev
    Latency     5.64s    31.31s    5.46m    96.67%
    Req/Sec   280.70    398.32     3.65k    81.10%
  Latency Distribution (HdrHistogram - Recorded Latency)
 50.000%    2.09ms
 75.000%    7.74ms
 90.000%    1.71s 
 99.000%    3.30m 
 99.900%    5.18m 
 99.990%    5.43m 
 99.999%    5.45m 
100.000%    5.47m 

  Detailed Percentile spectrum:
       Value   Percentile   TotalCount 1/(1-Percentile)

       0.141     0.000000            1         1.00
       0.778     0.100000       261378         1.11
       1.085     0.200000       521855         1.25
       1.342     0.300000       783359         1.43
       1.648     0.400000      1044265         1.67
       2.085     0.500000      1305063         2.00
       2.419     0.550000      1435479         2.22
       2.879     0.600000      1565750         2.50
       3.541     0.650000      1696212         2.86
       4.819     0.700000      1826429         3.33
       7.735     0.750000      1956854         4.00
       9.999     0.775000      2022205         4.44
      12.967     0.800000      2087316         5.00
      17.039     0.825000      2152733         5.71
      24.303     0.850000      2217849         6.67
      49.599     0.875000      2283035         8.00
      94.015     0.887500      2315624         8.89
    1708.031     0.900000      2348241        10.00
    3653.631     0.912500      2380864        11.43
    5480.447     0.925000      2413453        13.33
    6590.463     0.937500      2446097        16.00
    7073.791     0.943750      2462461        17.78
    7528.447     0.950000      2478686        20.00
    8036.351     0.956250      2495095        22.86
   20168.703     0.962500      2511333        26.67
   49971.199     0.968750      2527673        32.00
   64782.335     0.971875      2535794        35.56
   86441.983     0.975000      2543923        40.00
  102105.087     0.978125      2552146        45.71
  123928.575     0.981250      2560244        53.33
  146407.423     0.984375      2568424        64.00
  160825.343     0.985938      2572456        71.11
  175374.335     0.987500      2576658        80.00
  190054.399     0.989062      2580717        91.43
  204865.535     0.990625      2584677       106.67
  220332.031     0.992188      2588851       128.00
  228065.279     0.992969      2590904       142.22
  239992.831     0.993750      2592830       160.00
  249823.231     0.994531      2594897       182.86
  257818.623     0.995313      2596945       213.33
  270270.463     0.996094      2598948       256.00
  273154.047     0.996484      2600104       284.44
  280231.935     0.996875      2601134       320.00
  287309.823     0.997266      2602101       365.71
  293076.991     0.997656      2603026       426.67
  295960.575     0.998047      2604177       512.00
  302252.031     0.998242      2604632       568.89
  303038.463     0.998437      2605243       640.00
  309329.919     0.998633      2605594       731.43
  310378.495     0.998828      2606249       853.33
  311427.071     0.999023      2606645      1024.00
  316932.095     0.999121      2606855      1137.78
  317718.527     0.999219      2607262      1280.00
  317980.671     0.999316      2607442      1462.86
  318242.815     0.999414      2607620      1706.67
  319553.535     0.999512      2607870      2048.00
  324009.983     0.999561      2608007      2275.56
  324534.271     0.999609      2608135      2560.00
  324796.415     0.999658      2608254      2925.71
  325058.559     0.999707      2608437      3413.33
  325320.703     0.999756      2608640      4096.00
  325320.703     0.999780      2608640      4551.11
  325320.703     0.999805      2608640      5120.00
  325582.847     0.999829      2608833      5851.43
  325582.847     0.999854      2608833      6826.67
  325582.847     0.999878      2608833      8192.00
  325844.991     0.999890      2608942      9102.22
  325844.991     0.999902      2608942     10240.00
  325844.991     0.999915      2608942     11702.86
  326107.135     0.999927      2609016     13653.33
  326107.135     0.999939      2609016     16384.00
  326107.135     0.999945      2609016     18204.44
  326107.135     0.999951      2609016     20480.00
  326369.279     0.999957      2609061     23405.71
  326369.279     0.999963      2609061     27306.67
  326369.279     0.999969      2609061     32768.00
  326631.423     0.999973      2609108     36408.89
  326631.423     0.999976      2609108     40960.00
  326631.423     0.999979      2609108     46811.43
  326631.423     0.999982      2609108     54613.33
  326631.423     0.999985      2609108     65536.00
  326631.423     0.999986      2609108     72817.78
  326631.423     0.999988      2609108     81920.00
  326893.567     0.999989      2609124     93622.86
  326893.567     0.999991      2609124    109226.67
  326893.567     0.999992      2609124    131072.00
  326893.567     0.999993      2609124    145635.56
  326893.567     0.999994      2609124    163840.00
  326893.567     0.999995      2609124    187245.71
  327155.711     0.999995      2609131    218453.33
  327155.711     0.999996      2609131    262144.00
  327155.711     0.999997      2609131    291271.11
  327155.711     0.999997      2609131    327680.00
  327155.711     0.999997      2609131    374491.43
  327417.855     0.999998      2609133    436906.67
  327417.855     0.999998      2609133    524288.00
  327417.855     0.999998      2609133    582542.22
  327942.143     0.999998      2609137    655360.00
  327942.143     1.000000      2609137          inf
#[Mean    =     5642.369, StdDeviation   =    31306.606]
#[Max     =   327680.000, Total count    =      2609137]
#[Buckets =           27, SubBuckets     =         2048]
----------------------------------------------------------
  2706877 requests in 10.00m, 508.56MB read
  Socket errors: connect 0, read 0, write 0, timeout 53137
Requests/sec:   4510.24
Transfer/sec:    867.70KB
