Running 10m test @ http://localhost:9999/math/plus?x=1&y=2
  16 threads and 400 connections
  Thread calibration: mean lat.: 2.159ms, rate sampling interval: 10ms
  Thread calibration: mean lat.: 1.370ms, rate sampling interval: 10ms
  Thread calibration: mean lat.: 17.846ms, rate sampling interval: 10ms
  Thread calibration: mean lat.: 1.349ms, rate sampling interval: 10ms
  Thread calibration: mean lat.: 2.084ms, rate sampling interval: 10ms
  Thread calibration: mean lat.: 1.399ms, rate sampling interval: 10ms
  Thread calibration: mean lat.: 13.773ms, rate sampling interval: 10ms
  Thread calibration: mean lat.: 2.013ms, rate sampling interval: 10ms
  Thread calibration: mean lat.: 1.410ms, rate sampling interval: 10ms
  Thread calibration: mean lat.: 21.949ms, rate sampling interval: 10ms
  Thread calibration: mean lat.: 1.347ms, rate sampling interval: 10ms
  Thread calibration: mean lat.: 1.330ms, rate sampling interval: 10ms
  Thread calibration: mean lat.: 1.375ms, rate sampling interval: 10ms
  Thread calibration: mean lat.: 17.933ms, rate sampling interval: 10ms
  Thread calibration: mean lat.: 26.825ms, rate sampling interval: 10ms
  Thread calibration: mean lat.: 1.314ms, rate sampling interval: 10ms
  Thread Stats   Avg      Stdev     Max   +/- Stdev
    Latency     1.77ms    1.15ms  25.49ms   78.35%
    Req/Sec   658.05    545.88     2.78k    75.72%
  Latency Distribution (HdrHistogram - Recorded Latency)
 50.000%    1.52ms
 75.000%    2.29ms
 90.000%    3.08ms
 99.000%    5.95ms
 99.900%   10.15ms
 99.990%   14.77ms
 99.999%   20.21ms
100.000%   25.50ms

  Detailed Percentile spectrum:
       Value   Percentile   TotalCount 1/(1-Percentile)

       0.066     0.000000            1         1.00
       0.641     0.100000       590445         1.11
       0.883     0.200000      1179933         1.25
       1.102     0.300000      1771596         1.43
       1.306     0.400000      2360757         1.67
       1.523     0.500000      2950471         2.00
       1.652     0.550000      3245268         2.22
       1.792     0.600000      3539727         2.50
       1.942     0.650000      3835861         2.86
       2.105     0.700000      4131508         3.33
       2.291     0.750000      4424747         4.00
       2.395     0.775000      4571678         4.44
       2.507     0.800000      4719371         5.00
       2.627     0.825000      4867430         5.71
       2.759     0.850000      5015032         6.67
       2.907     0.875000      5162572         8.00
       2.989     0.887500      5235709         8.89
       3.079     0.900000      5309391        10.00
       3.179     0.912500      5382830        11.43
       3.297     0.925000      5456681        13.33
       3.443     0.937500      5530572        16.00
       3.531     0.943750      5567082        17.78
       3.635     0.950000      5604215        20.00
       3.759     0.956250      5640594        22.86
       3.921     0.962500      5677417        26.67
       4.135     0.968750      5714755        32.00
       4.271     0.971875      5733025        35.56
       4.439     0.975000      5751396        40.00
       4.643     0.978125      5769749        45.71
       4.903     0.981250      5788247        53.33
       5.215     0.984375      5806493        64.00
       5.391     0.985938      5815835        71.11
       5.583     0.987500      5824888        80.00
       5.803     0.989062      5834203        91.43
       6.055     0.990625      5843397       106.67
       6.355     0.992188      5852589       128.00
       6.539     0.992969      5857184       142.22
       6.747     0.993750      5861794       160.00
       6.991     0.994531      5866361       182.86
       7.267     0.995313      5870960       213.33
       7.603     0.996094      5875584       256.00
       7.807     0.996484      5877866       284.44
       8.027     0.996875      5880172       320.00
       8.279     0.997266      5882469       365.71
       8.583     0.997656      5884833       426.67
       8.935     0.998047      5887085       512.00
       9.135     0.998242      5888264       568.89
       9.351     0.998437      5889411       640.00
       9.591     0.998633      5890550       731.43
       9.863     0.998828      5891705       853.33
      10.183     0.999023      5892841      1024.00
      10.383     0.999121      5893418      1137.78
      10.599     0.999219      5894003      1280.00
      10.855     0.999316      5894565      1462.86
      11.111     0.999414      5895157      1706.67
      11.447     0.999512      5895733      2048.00
      11.647     0.999561      5896018      2275.56
      11.855     0.999609      5896298      2560.00
      12.063     0.999658      5896582      2925.71
      12.343     0.999707      5896869      3413.33
      12.711     0.999756      5897158      4096.00
      12.959     0.999780      5897302      4551.11
      13.199     0.999805      5897452      5120.00
      13.447     0.999829      5897589      5851.43
      13.831     0.999854      5897735      6826.67
      14.271     0.999878      5897878      8192.00
      14.559     0.999890      5897950      9102.22
      14.799     0.999902      5898022     10240.00
      15.055     0.999915      5898094     11702.86
      15.431     0.999927      5898166     13653.33
      15.855     0.999939      5898238     16384.00
      16.079     0.999945      5898274     18204.44
      16.287     0.999951      5898309     20480.00
      16.527     0.999957      5898345     23405.71
      16.943     0.999963      5898382     27306.67
      17.327     0.999969      5898417     32768.00
      17.567     0.999973      5898436     36408.89
      17.951     0.999976      5898454     40960.00
      18.271     0.999979      5898471     46811.43
      18.799     0.999982      5898489     54613.33
      19.247     0.999985      5898508     65536.00
      19.407     0.999986      5898516     72817.78
      19.903     0.999988      5898525     81920.00
      20.143     0.999989      5898535     93622.86
      20.383     0.999991      5898543    109226.67
      20.559     0.999992      5898552    131072.00
      20.767     0.999993      5898557    145635.56
      20.863     0.999994      5898561    163840.00
      21.087     0.999995      5898566    187245.71
      21.295     0.999995      5898571    218453.33
      21.583     0.999996      5898575    262144.00
      21.775     0.999997      5898577    291271.11
      22.287     0.999997      5898580    327680.00
      22.463     0.999997      5898582    374491.43
      22.527     0.999998      5898584    436906.67
      22.719     0.999998      5898586    524288.00
      23.023     0.999998      5898587    582542.22
      23.119     0.999998      5898588    655360.00
      23.215     0.999999      5898590    748982.86
      23.743     0.999999      5898591    873813.33
      23.855     0.999999      5898592   1048576.00
      23.855     0.999999      5898592   1165084.44
      24.079     0.999999      5898593   1310720.00
      24.831     0.999999      5898594   1497965.71
      24.831     0.999999      5898594   1747626.67
      24.863     1.000000      5898595   2097152.00
      24.863     1.000000      5898595   2330168.89
      24.863     1.000000      5898595   2621440.00
      25.039     1.000000      5898596   2995931.43
      25.039     1.000000      5898596   3495253.33
      25.039     1.000000      5898596   4194304.00
      25.039     1.000000      5898596   4660337.78
      25.039     1.000000      5898596   5242880.00
      25.503     1.000000      5898597   5991862.86
      25.503     1.000000      5898597          inf
#[Mean    =        1.771, StdDeviation   =        1.146]
#[Max     =       25.488, Total count    =      5898597]
#[Buckets =           27, SubBuckets     =         2048]
----------------------------------------------------------
  5997722 requests in 10.00m, 869.42MB read
Requests/sec:   9996.23
Transfer/sec:      1.45MB
