Running 10m test @ http://localhost:9999/math/plus?x=1&y=2
  16 threads and 400 connections
  Thread calibration: mean lat.: 9.136ms, rate sampling interval: 43ms
  Thread calibration: mean lat.: 9.717ms, rate sampling interval: 49ms
  Thread calibration: mean lat.: 44.081ms, rate sampling interval: 71ms
  Thread calibration: mean lat.: 9.505ms, rate sampling interval: 46ms
  Thread calibration: mean lat.: 35.585ms, rate sampling interval: 54ms
  Thread calibration: mean lat.: 41.118ms, rate sampling interval: 62ms
  Thread calibration: mean lat.: 9.276ms, rate sampling interval: 41ms
  Thread calibration: mean lat.: 46.637ms, rate sampling interval: 70ms
  Thread calibration: mean lat.: 9.968ms, rate sampling interval: 47ms
  Thread calibration: mean lat.: 10.275ms, rate sampling interval: 49ms
  Thread calibration: mean lat.: 35.336ms, rate sampling interval: 54ms
  Thread calibration: mean lat.: 9.332ms, rate sampling interval: 39ms
  Thread calibration: mean lat.: 47.138ms, rate sampling interval: 59ms
  Thread calibration: mean lat.: 10.211ms, rate sampling interval: 52ms
  Thread calibration: mean lat.: 8.853ms, rate sampling interval: 42ms
  Thread calibration: mean lat.: 37.148ms, rate sampling interval: 57ms
  Thread Stats   Avg      Stdev     Max   +/- Stdev
    Latency    30.51s    19.00s    1.13m    57.26%
    Req/Sec     3.38k   219.63     4.82k    74.01%
  Latency Distribution (HdrHistogram - Recorded Latency)
 50.000%   30.24s 
 75.000%   47.09s 
 90.000%    0.95m 
 99.000%    1.07m 
 99.900%    1.11m 
 99.990%    1.12m 
 99.999%    1.13m 
100.000%    1.13m 

  Detailed Percentile spectrum:
       Value   Percentile   TotalCount 1/(1-Percentile)

       0.870     0.000000            1         1.00
    4411.391     0.100000      3155134         1.11
   10592.255     0.200000      6309910         1.25
   16973.823     0.300000      9467708         1.43
   23265.279     0.400000     12621836         1.67
   30244.863     0.500000     15775669         2.00
   33488.895     0.550000     17355896         2.22
   36831.231     0.600000     18933173         2.50
   40239.103     0.650000     20520282         2.86
   43646.975     0.700000     22089851         3.33
   47087.615     0.750000     23665333         4.00
   48758.783     0.775000     24453451         4.44
   50429.951     0.800000     25247523         5.00
   52068.351     0.825000     26036034         5.71
   53706.751     0.850000     26831541         6.67
   55312.383     0.875000     27611402         8.00
   56131.583     0.887500     28009174         8.89
   56950.783     0.900000     28402345        10.00
   57769.983     0.912500     28794771        11.43
   58589.183     0.925000     29183022        13.33
   59441.151     0.937500     29579168        16.00
   59899.903     0.943750     29788518        17.78
   60325.887     0.950000     29978591        20.00
   60784.639     0.956250     30175304        22.86
   61276.159     0.962500     30372744        26.67
   61800.447     0.968750     30567931        32.00
   62095.359     0.971875     30670602        35.56
   62390.271     0.975000     30766793        40.00
   62685.183     0.978125     30858716        45.71
   63045.631     0.981250     30964246        53.33
   63406.079     0.984375     31058350        64.00
   63602.687     0.985938     31105699        71.11
   63832.063     0.987500     31157868        80.00
   64061.439     0.989062     31205972        91.43
   64323.583     0.990625     31257379       106.67
   64585.727     0.992188     31303873       128.00
   64749.567     0.992969     31329629       142.22
   64913.407     0.993750     31355026       160.00
   65077.247     0.994531     31378129       182.86
   65273.855     0.995313     31403639       213.33
   65470.463     0.996094     31427160       256.00
   65568.767     0.996484     31438295       284.44
   65699.839     0.996875     31452727       320.00
   65798.143     0.997266     31462963       365.71
   65929.215     0.997656     31475270       426.67
   66093.055     0.998047     31489123       512.00
   66158.591     0.998242     31494315       568.89
   66256.895     0.998437     31501209       640.00
   66322.431     0.998633     31505537       731.43
   66453.503     0.998828     31513278       853.33
   66551.807     0.999023     31518338      1024.00
   66617.343     0.999121     31521543      1137.78
   66682.879     0.999219     31524551      1280.00
   66748.415     0.999316     31527424      1462.86
   66846.719     0.999414     31531253      1706.67
   66912.255     0.999512     31533524      2048.00
   66977.791     0.999561     31535637      2275.56
   67010.559     0.999609     31536596      2560.00
   67076.095     0.999658     31538497      2925.71
   67174.399     0.999707     31540855      3413.33
   67239.935     0.999756     31542227      4096.00
   67239.935     0.999780     31542227      4551.11
   67305.471     0.999805     31543431      5120.00
   67305.471     0.999829     31543431      5851.43
   67371.007     0.999854     31544579      6826.67
   67436.543     0.999878     31545680      8192.00
   67436.543     0.999890     31545680      9102.22
   67436.543     0.999902     31545680     10240.00
   67502.079     0.999915     31546515     11702.86
   67502.079     0.999927     31546515     13653.33
   67567.615     0.999939     31547065     16384.00
   67567.615     0.999945     31547065     18204.44
   67567.615     0.999951     31547065     20480.00
   67633.151     0.999957     31547492     23405.71
   67633.151     0.999963     31547492     27306.67
   67698.687     0.999969     31547801     32768.00
   67698.687     0.999973     31547801     36408.89
   67764.223     0.999976     31548081     40960.00
   67764.223     0.999979     31548081     46811.43
   67764.223     0.999982     31548081     54613.33
   67829.759     0.999985     31548392     65536.00
   67829.759     0.999986     31548392     72817.78
   67829.759     0.999988     31548392     81920.00
   67829.759     0.999989     31548392     93622.86
   67829.759     0.999991     31548392    109226.67
   67829.759     0.999992     31548392    131072.00
   67829.759     0.999993     31548392    145635.56
   67895.295     0.999994     31548580    163840.00
   67895.295     0.999995     31548580    187245.71
   67895.295     0.999995     31548580    218453.33
   67895.295     0.999996     31548580    262144.00
   67895.295     0.999997     31548580    291271.11
   67895.295     0.999997     31548580    327680.00
   67895.295     0.999997     31548580    374491.43
   67895.295     0.999998     31548580    436906.67
   67895.295     0.999998     31548580    524288.00
   67895.295     0.999998     31548580    582542.22
   67895.295     0.999998     31548580    655360.00
   67895.295     0.999999     31548580    748982.86
   67895.295     0.999999     31548580    873813.33
   67895.295     0.999999     31548580   1048576.00
   67895.295     0.999999     31548580   1165084.44
   67960.831     0.999999     31548605   1310720.00
   67960.831     1.000000     31548605          inf
#[Mean    =    30509.253, StdDeviation   =    19003.383]
#[Max     =    67895.296, Total count    =     31548605]
#[Buckets =           27, SubBuckets     =         2048]
----------------------------------------------------------
  32147563 requests in 10.00m, 4.55GB read
Requests/sec:  53579.37
Transfer/sec:      7.77MB
