Running 10m test @ http://localhost:9999/math/plus?x=1&y=2
  16 threads and 400 connections
  Thread calibration: mean lat.: 18.184ms, rate sampling interval: 44ms
  Thread calibration: mean lat.: 5.978ms, rate sampling interval: 40ms
  Thread calibration: mean lat.: 18.308ms, rate sampling interval: 46ms
  Thread calibration: mean lat.: 5.945ms, rate sampling interval: 39ms
  Thread calibration: mean lat.: 5.956ms, rate sampling interval: 40ms
  Thread calibration: mean lat.: 18.083ms, rate sampling interval: 44ms
  Thread calibration: mean lat.: 6.046ms, rate sampling interval: 41ms
  Thread calibration: mean lat.: 5.869ms, rate sampling interval: 40ms
  Thread calibration: mean lat.: 5.938ms, rate sampling interval: 40ms
  Thread calibration: mean lat.: 18.095ms, rate sampling interval: 45ms
  Thread calibration: mean lat.: 26.176ms, rate sampling interval: 46ms
  Thread calibration: mean lat.: 6.057ms, rate sampling interval: 40ms
  Thread calibration: mean lat.: 22.212ms, rate sampling interval: 45ms
  Thread calibration: mean lat.: 26.334ms, rate sampling interval: 48ms
  Thread calibration: mean lat.: 5.862ms, rate sampling interval: 40ms
  Thread calibration: mean lat.: 22.254ms, rate sampling interval: 46ms
  Thread Stats   Avg      Stdev     Max   +/- Stdev
    Latency     2.59ms    9.17ms   1.00s    95.53%
    Req/Sec     3.16k   306.06     8.91k    86.83%
  Latency Distribution (HdrHistogram - Recorded Latency)
 50.000%    1.44ms
 75.000%    2.21ms
 90.000%    4.26ms
 99.000%   19.92ms
 99.900%   29.42ms
 99.990%  528.38ms
 99.999%  952.32ms
100.000%    1.00s 

  Detailed Percentile spectrum:
       Value   Percentile   TotalCount 1/(1-Percentile)

       0.070     0.000000            1         1.00
       0.547     0.100000      2959173         1.11
       0.789     0.200000      5902322         1.25
       1.008     0.300000      8858211         1.43
       1.220     0.400000     11800039         1.67
       1.438     0.500000     14755768         2.00
       1.555     0.550000     16233394         2.22
       1.684     0.600000     17703284         2.50
       1.834     0.650000     19174752         2.86
       2.009     0.700000     20652231         3.33
       2.211     0.750000     22121366         4.00
       2.329     0.775000     22864582         4.44
       2.463     0.800000     23599634         5.00
       2.629     0.825000     24338283         5.71
       2.863     0.850000     25072646         6.67
       3.285     0.875000     25808269         8.00
       3.661     0.887500     26176695         8.89
       4.263     0.900000     26546101        10.00
       5.347     0.912500     26913341        11.43
       6.875     0.925000     27281786        13.33
       8.655     0.937500     27651751        16.00
       9.711     0.943750     27835540        17.78
      10.839     0.950000     28019867        20.00
      11.935     0.956250     28203538        22.86
      13.063     0.962500     28387746        26.67
      14.279     0.968750     28573132        32.00
      14.935     0.971875     28664329        35.56
      15.615     0.975000     28756826        40.00
      16.311     0.978125     28848705        45.71
      17.087     0.981250     28941193        53.33
      17.967     0.984375     29034377        64.00
      18.447     0.985938     29080024        71.11
      18.975     0.987500     29126105        80.00
      19.535     0.989062     29171340        91.43
      20.175     0.990625     29217740       106.67
      20.927     0.992188     29264138       128.00
      21.359     0.992969     29287023       142.22
      21.839     0.993750     29310056       160.00
      22.367     0.994531     29332537       182.86
      22.975     0.995313     29355766       213.33
      23.663     0.996094     29378820       256.00
      24.047     0.996484     29390477       284.44
      24.479     0.996875     29401715       320.00
      24.975     0.997266     29413152       365.71
      25.551     0.997656     29424647       426.67
      26.239     0.998047     29436309       512.00
      26.655     0.998242     29442057       568.89
      27.135     0.998437     29447681       640.00
      27.711     0.998633     29453538       731.43
      28.463     0.998828     29459258       853.33
      29.583     0.999023     29464929      1024.00
      30.367     0.999121     29467823      1137.78
      31.391     0.999219     29470692      1280.00
      32.719     0.999316     29473580      1462.86
      34.559     0.999414     29476459      1706.67
      36.927     0.999512     29479337      2048.00
      38.175     0.999561     29480802      2275.56
      40.159     0.999609     29482215      2560.00
      43.967     0.999658     29483651      2925.71
      48.735     0.999707     29485092      3413.33
      55.871     0.999756     29486528      4096.00
      62.655     0.999780     29487248      4551.11
      78.975     0.999805     29487968      5120.00
     215.039     0.999829     29488689      5851.43
     312.319     0.999854     29489410      6826.67
     424.447     0.999878     29490131      8192.00
     481.791     0.999890     29490491      9102.22
     540.159     0.999902     29490854     10240.00
     597.503     0.999915     29491210     11702.86
     655.359     0.999927     29491573     13653.33
     711.679     0.999939     29491928     16384.00
     740.351     0.999945     29492108     18204.44
     770.047     0.999951     29492290     20480.00
     799.231     0.999957     29492468     23405.71
     827.903     0.999963     29492649     27306.67
     856.575     0.999969     29492828     32768.00
     870.911     0.999973     29492918     36408.89
     884.735     0.999976     29493008     40960.00
     900.095     0.999979     29493106     46811.43
     913.919     0.999982     29493188     54613.33
     927.743     0.999985     29493280     65536.00
     935.935     0.999986     29493329     72817.78
     943.103     0.999988     29493370     81920.00
     949.759     0.999989     29493414     93622.86
     956.927     0.999991     29493458    109226.67
     964.095     0.999992     29493505    131072.00
     968.191     0.999993     29493532    145635.56
     971.775     0.999994     29493548    163840.00
     975.359     0.999995     29493572    187245.71
     978.943     0.999995     29493594    218453.33
     982.527     0.999996     29493617    262144.00
     984.575     0.999997     29493631    291271.11
     986.111     0.999997     29493639    327680.00
     988.159     0.999997     29493656    374491.43
     989.695     0.999998     29493662    436906.67
     991.743     0.999998     29493672    524288.00
     992.255     0.999998     29493682    582542.22
     992.767     0.999998     29493683    655360.00
     994.303     0.999999     29493691    748982.86
     995.327     0.999999     29493695    873813.33
     996.351     0.999999     29493707   1048576.00
     996.351     0.999999     29493707   1165084.44
     996.351     0.999999     29493707   1310720.00
     997.375     0.999999     29493710   1497965.71
     998.399     0.999999     29493713   1747626.67
     998.911     1.000000     29493717   2097152.00
     998.911     1.000000     29493717   2330168.89
     998.911     1.000000     29493717   2621440.00
     999.423     1.000000     29493719   2995931.43
     999.935     1.000000     29493721   3495253.33
     999.935     1.000000     29493721   4194304.00
    1000.447     1.000000     29493723   4660337.78
    1000.447     1.000000     29493723   5242880.00
    1001.983     1.000000     29493724   5991862.86
    1001.983     1.000000     29493724   6990506.67
    1002.495     1.000000     29493725   8388608.00
    1002.495     1.000000     29493725   9320675.55
    1003.007     1.000000     29493726  10485760.00
    1003.007     1.000000     29493726  11983725.71
    1003.007     1.000000     29493726  13981013.34
    1004.031     1.000000     29493728  16777216.00
    1004.031     1.000000     29493728          inf
#[Mean    =        2.587, StdDeviation   =        9.172]
#[Max     =     1003.520, Total count    =     29493728]
#[Buckets =           27, SubBuckets     =         2048]
----------------------------------------------------------
  29996785 requests in 10.00m, 4.25GB read
Requests/sec:  49994.69
Transfer/sec:      7.25MB
