Running 10m test @ http://localhost:9999/math/plus?x=1&y=2
  16 threads and 400 connections
  Thread calibration: mean lat.: 6.964ms, rate sampling interval: 17ms
  Thread calibration: mean lat.: 2.658ms, rate sampling interval: 16ms
  Thread calibration: mean lat.: 6.945ms, rate sampling interval: 17ms
  Thread calibration: mean lat.: 2.606ms, rate sampling interval: 16ms
  Thread calibration: mean lat.: 2.659ms, rate sampling interval: 16ms
  Thread calibration: mean lat.: 11.042ms, rate sampling interval: 20ms
  Thread calibration: mean lat.: 6.993ms, rate sampling interval: 18ms
  Thread calibration: mean lat.: 2.578ms, rate sampling interval: 15ms
  Thread calibration: mean lat.: 2.658ms, rate sampling interval: 16ms
  Thread calibration: mean lat.: 2.690ms, rate sampling interval: 16ms
  Thread calibration: mean lat.: 2.688ms, rate sampling interval: 17ms
  Thread calibration: mean lat.: 2.627ms, rate sampling interval: 15ms
  Thread calibration: mean lat.: 2.760ms, rate sampling interval: 15ms
  Thread calibration: mean lat.: 2.591ms, rate sampling interval: 16ms
  Thread calibration: mean lat.: 11.016ms, rate sampling interval: 19ms
  Thread calibration: mean lat.: 6.962ms, rate sampling interval: 17ms
  Thread Stats   Avg      Stdev     Max   +/- Stdev
    Latency     1.83ms    2.89ms  47.78ms   91.98%
    Req/Sec     1.94k   299.16     6.40k    79.92%
  Latency Distribution (HdrHistogram - Recorded Latency)
 50.000%    1.08ms
 75.000%    1.51ms
 90.000%    2.62ms
 99.000%   15.34ms
 99.900%   24.96ms
 99.990%   33.66ms
 99.999%   40.06ms
100.000%   47.81ms

  Detailed Percentile spectrum:
       Value   Percentile   TotalCount 1/(1-Percentile)

       0.063     0.000000            1         1.00
       0.413     0.100000      1769763         1.11
       0.609     0.200000      3545412         1.25
       0.778     0.300000      5315535         1.43
       0.933     0.400000      7080252         1.67
       1.082     0.500000      8854657         2.00
       1.154     0.550000      9733233         2.22
       1.230     0.600000     10628392         2.50
       1.311     0.650000     11508601         2.86
       1.403     0.700000     12387996         3.33
       1.513     0.750000     13274342         4.00
       1.578     0.775000     13719654         4.44
       1.652     0.800000     14161206         5.00
       1.740     0.825000     14601762         5.71
       1.853     0.850000     15042933         6.67
       2.033     0.875000     15484421         8.00
       2.205     0.887500     15705443         8.89
       2.615     0.900000     15927065        10.00
       3.859     0.912500     16147805        11.43
       5.299     0.925000     16369229        13.33
       6.687     0.937500     16590227        16.00
       7.387     0.943750     16700805        17.78
       8.131     0.950000     16811783        20.00
       8.919     0.956250     16922815        22.86
       9.735     0.962500     17032684        26.67
      10.623     0.968750     17143413        32.00
      11.127     0.971875     17198888        35.56
      11.687     0.975000     17254305        40.00
      12.279     0.978125     17309373        45.71
      12.919     0.981250     17364973        53.33
      13.647     0.984375     17419709        64.00
      14.071     0.985938     17447574        71.11
      14.519     0.987500     17475105        80.00
      15.015     0.989062     17502974        91.43
      15.575     0.990625     17530454       106.67
      16.263     0.992188     17558206       128.00
      16.671     0.992969     17572210       142.22
      17.119     0.993750     17585975       160.00
      17.631     0.994531     17599476       182.86
      18.271     0.995313     17613409       213.33
      19.055     0.996094     17627169       256.00
      19.519     0.996484     17634083       284.44
      20.031     0.996875     17640956       320.00
      20.591     0.997266     17647879       365.71
      21.263     0.997656     17654745       426.67
      22.079     0.998047     17661682       512.00
      22.543     0.998242     17665102       568.89
      23.071     0.998437     17668553       640.00
      23.647     0.998633     17672028       731.43
      24.287     0.998828     17675478       853.33
      25.071     0.999023     17678918      1024.00
      25.503     0.999121     17680675      1137.78
      25.951     0.999219     17682339      1280.00
      26.527     0.999316     17684084      1462.86
      27.183     0.999414     17685797      1706.67
      27.871     0.999512     17687549      2048.00
      28.255     0.999561     17688394      2275.56
      28.655     0.999609     17689271      2560.00
      29.119     0.999658     17690142      2925.71
      29.647     0.999707     17690989      3413.33
      30.271     0.999756     17691853      4096.00
      30.639     0.999780     17692280      4551.11
      31.071     0.999805     17692711      5120.00
      31.567     0.999829     17693137      5851.43
      32.143     0.999854     17693578      6826.67
      32.895     0.999878     17694005      8192.00
      33.279     0.999890     17694222      9102.22
      33.727     0.999902     17694434     10240.00
      34.175     0.999915     17694651     11702.86
      34.719     0.999927     17694873     13653.33
      35.327     0.999939     17695083     16384.00
      35.679     0.999945     17695190     18204.44
      35.999     0.999951     17695301     20480.00
      36.479     0.999957     17695410     23405.71
      37.023     0.999963     17695519     27306.67
      37.535     0.999969     17695625     32768.00
      37.791     0.999973     17695677     36408.89
      38.079     0.999976     17695733     40960.00
      38.431     0.999979     17695787     46811.43
      38.815     0.999982     17695837     54613.33
      39.295     0.999985     17695892     65536.00
      39.487     0.999986     17695920     72817.78
      39.775     0.999988     17695947     81920.00
      39.967     0.999989     17695976     93622.86
      40.127     0.999991     17696001    109226.67
      40.383     0.999992     17696028    131072.00
      40.543     0.999993     17696041    145635.56
      40.703     0.999994     17696054    163840.00
      40.895     0.999995     17696067    187245.71
      41.119     0.999995     17696081    218453.33
      41.375     0.999996     17696094    262144.00
      41.663     0.999997     17696101    291271.11
      41.791     0.999997     17696108    327680.00
      42.015     0.999997     17696114    374491.43
      42.207     0.999998     17696121    436906.67
      42.655     0.999998     17696128    524288.00
      42.911     0.999998     17696131    582542.22
      42.975     0.999998     17696134    655360.00
      43.711     0.999999     17696138    748982.86
      44.031     0.999999     17696141    873813.33
      44.383     0.999999     17696146   1048576.00
      44.383     0.999999     17696146   1165084.44
      44.479     0.999999     17696148   1310720.00
      44.511     0.999999     17696150   1497965.71
      44.639     0.999999     17696151   1747626.67
      44.735     1.000000     17696153   2097152.00
      44.927     1.000000     17696154   2330168.89
      45.247     1.000000     17696155   2621440.00
      45.759     1.000000     17696157   2995931.43
      45.759     1.000000     17696157   3495253.33
      45.759     1.000000     17696157   4194304.00
      45.823     1.000000     17696158   4660337.78
      45.823     1.000000     17696158   5242880.00
      46.911     1.000000     17696159   5991862.86
      46.911     1.000000     17696159   6990506.67
      46.911     1.000000     17696159   8388608.00
      47.647     1.000000     17696160   9320675.55
      47.647     1.000000     17696160  10485760.00
      47.647     1.000000     17696160  11983725.71
      47.647     1.000000     17696160  13981013.34
      47.647     1.000000     17696160  16777216.00
      47.807     1.000000     17696161  18641351.10
      47.807     1.000000     17696161          inf
#[Mean    =        1.828, StdDeviation   =        2.890]
#[Max     =       47.776, Total count    =     17696161]
#[Buckets =           27, SubBuckets     =         2048]
----------------------------------------------------------
  17996350 requests in 10.00m, 2.55GB read
Requests/sec:  29993.89
Transfer/sec:      4.35MB
