Running 10m test @ http://localhost:9999/math/plus?x=1&y=2
  16 threads and 400 connections
  Thread calibration: mean lat.: 5.378ms, rate sampling interval: 10ms
  Thread calibration: mean lat.: 17.722ms, rate sampling interval: 10ms
  Thread calibration: mean lat.: 18.117ms, rate sampling interval: 10ms
  Thread calibration: mean lat.: 5.375ms, rate sampling interval: 10ms
  Thread calibration: mean lat.: 22.344ms, rate sampling interval: 10ms
  Thread calibration: mean lat.: 5.375ms, rate sampling interval: 10ms
  Thread calibration: mean lat.: 5.465ms, rate sampling interval: 10ms
  Thread calibration: mean lat.: 1.123ms, rate sampling interval: 10ms
  Thread calibration: mean lat.: 38.020ms, rate sampling interval: 10ms
  Thread calibration: mean lat.: 13.976ms, rate sampling interval: 10ms
  Thread calibration: mean lat.: 17.994ms, rate sampling interval: 10ms
  Thread calibration: mean lat.: 1.205ms, rate sampling interval: 10ms
  Thread calibration: mean lat.: 17.488ms, rate sampling interval: 10ms
  Thread calibration: mean lat.: 21.637ms, rate sampling interval: 10ms
  Thread calibration: mean lat.: 30.636ms, rate sampling interval: 10ms
  Thread calibration: mean lat.: 43.454ms, rate sampling interval: 10ms
  Thread Stats   Avg      Stdev     Max   +/- Stdev
    Latency     1.18ms    1.43ms  40.58ms   96.06%
    Req/Sec     1.99k   429.56     7.30k    77.77%
  Latency Distribution (HdrHistogram - Recorded Latency)
 50.000%    0.97ms
 75.000%    1.30ms
 90.000%    1.65ms
 99.000%    8.34ms
 99.900%   17.25ms
 99.990%   24.24ms
 99.999%   29.69ms
100.000%   40.61ms

  Detailed Percentile spectrum:
       Value   Percentile   TotalCount 1/(1-Percentile)

       0.059     0.000000            1         1.00
       0.378     0.100000      1770200         1.11
       0.544     0.200000      3550475         1.25
       0.693     0.300000      5313958         1.43
       0.833     0.400000      7085298         1.67
       0.967     0.500000      8860513         2.00
       1.031     0.550000      9738891         2.22
       1.095     0.600000     10626023         2.50
       1.160     0.650000     11515567         2.86
       1.227     0.700000     12390713         3.33
       1.300     0.750000     13282731         4.00
       1.339     0.775000     13718564         4.44
       1.383     0.800000     14166510         5.00
       1.431     0.825000     14600408         5.71
       1.489     0.850000     15048565         6.67
       1.559     0.875000     15487476         8.00
       1.601     0.887500     15708506         8.89
       1.649     0.900000     15928736        10.00
       1.706     0.912500     16149774        11.43
       1.777     0.925000     16370279        13.33
       1.877     0.937500     16590911        16.00
       1.948     0.943750     16701609        17.78
       2.049     0.950000     16812277        20.00
       2.273     0.956250     16922027        22.86
       2.791     0.962500     17032889        26.67
       3.479     0.968750     17143333        32.00
       3.859     0.971875     17198534        35.56
       4.287     0.975000     17254193        40.00
       4.815     0.978125     17309329        45.71
       5.455     0.981250     17364526        53.33
       6.271     0.984375     17419939        64.00
       6.771     0.985938     17447503        71.11
       7.343     0.987500     17475073        80.00
       7.959     0.989062     17502870        91.43
       8.615     0.990625     17530334       106.67
       9.423     0.992188     17558203       128.00
       9.863     0.992969     17571919       142.22
      10.367     0.993750     17585638       160.00
      10.943     0.994531     17599558       182.86
      11.599     0.995313     17613360       213.33
      12.223     0.996094     17627120       256.00
      12.583     0.996484     17634132       284.44
      13.007     0.996875     17641036       320.00
      13.511     0.997266     17647849       365.71
      14.111     0.997656     17654770       426.67
      14.831     0.998047     17661722       512.00
      15.231     0.998242     17665139       568.89
      15.655     0.998437     17668641       640.00
      16.063     0.998633     17672089       731.43
      16.607     0.998828     17675492       853.33
      17.343     0.999023     17678999      1024.00
      17.775     0.999121     17680730      1137.78
      18.255     0.999219     17682416      1280.00
      18.767     0.999316     17684151      1462.86
      19.295     0.999414     17685867      1706.67
      19.919     0.999512     17687601      2048.00
      20.287     0.999561     17688488      2275.56
      20.687     0.999609     17689338      2560.00
      21.135     0.999658     17690207      2925.71
      21.583     0.999707     17691059      3413.33
      22.111     0.999756     17691927      4096.00
      22.415     0.999780     17692349      4551.11
      22.735     0.999805     17692789      5120.00
      23.071     0.999829     17693221      5851.43
      23.407     0.999854     17693643      6826.67
      23.791     0.999878     17694081      8192.00
      24.047     0.999890     17694300      9102.22
      24.287     0.999902     17694518     10240.00
      24.591     0.999915     17694724     11702.86
      24.927     0.999927     17694934     13653.33
      25.343     0.999939     17695156     16384.00
      25.615     0.999945     17695257     18204.44
      25.887     0.999951     17695368     20480.00
      26.207     0.999957     17695477     23405.71
      26.623     0.999963     17695583     27306.67
      27.071     0.999969     17695689     32768.00
      27.407     0.999973     17695745     36408.89
      27.679     0.999976     17695799     40960.00
      27.919     0.999979     17695851     46811.43
      28.335     0.999982     17695905     54613.33
      28.671     0.999985     17695961     65536.00
      28.943     0.999986     17695987     72817.78
      29.279     0.999988     17696013     81920.00
      29.487     0.999989     17696041     93622.86
      29.887     0.999991     17696069    109226.67
      30.319     0.999992     17696094    131072.00
      30.463     0.999993     17696109    145635.56
      30.735     0.999994     17696121    163840.00
      31.327     0.999995     17696135    187245.71
      31.647     0.999995     17696149    218453.33
      32.351     0.999996     17696162    262144.00
      33.087     0.999997     17696169    291271.11
      33.855     0.999997     17696175    327680.00
      34.431     0.999997     17696182    374491.43
      35.231     0.999998     17696189    436906.67
      36.511     0.999998     17696197    524288.00
      36.703     0.999998     17696199    582542.22
      36.991     0.999998     17696202    655360.00
      37.983     0.999999     17696207    748982.86
      38.335     0.999999     17696209    873813.33
      38.623     0.999999     17696213   1048576.00
      38.847     0.999999     17696214   1165084.44
      38.975     0.999999     17696216   1310720.00
      39.199     0.999999     17696218   1497965.71
      39.487     0.999999     17696219   1747626.67
      39.583     1.000000     17696221   2097152.00
      39.615     1.000000     17696222   2330168.89
      39.647     1.000000     17696223   2621440.00
      39.743     1.000000     17696224   2995931.43
      39.743     1.000000     17696224   3495253.33
      40.159     1.000000     17696225   4194304.00
      40.255     1.000000     17696226   4660337.78
      40.255     1.000000     17696226   5242880.00
      40.511     1.000000     17696227   5991862.86
      40.511     1.000000     17696227   6990506.67
      40.511     1.000000     17696227   8388608.00
      40.575     1.000000     17696228   9320675.55
      40.575     1.000000     17696228  10485760.00
      40.575     1.000000     17696228  11983725.71
      40.575     1.000000     17696228  13981013.34
      40.575     1.000000     17696228  16777216.00
      40.607     1.000000     17696229  18641351.10
      40.607     1.000000     17696229          inf
#[Mean    =        1.175, StdDeviation   =        1.429]
#[Max     =       40.576, Total count    =     17696229]
#[Buckets =           27, SubBuckets     =         2048]
----------------------------------------------------------
  17996429 requests in 10.00m, 2.55GB read
Requests/sec:  29994.01
Transfer/sec:      4.35MB
