Running 10m test @ http://localhost:9999/math/plus?x=1&y=2
  16 threads and 400 connections
  Thread calibration: mean lat.: 34.513ms, rate sampling interval: 43ms
  Thread calibration: mean lat.: 5.246ms, rate sampling interval: 15ms
  Thread calibration: mean lat.: 30.835ms, rate sampling interval: 37ms
  Thread calibration: mean lat.: 17.408ms, rate sampling interval: 18ms
  Thread calibration: mean lat.: 29.466ms, rate sampling interval: 30ms
  Thread calibration: mean lat.: 30.492ms, rate sampling interval: 36ms
  Thread calibration: mean lat.: 30.401ms, rate sampling interval: 32ms
  Thread calibration: mean lat.: 9.131ms, rate sampling interval: 16ms
  Thread calibration: mean lat.: 54.146ms, rate sampling interval: 140ms
  Thread calibration: mean lat.: 9.132ms, rate sampling interval: 14ms
  Thread calibration: mean lat.: 9.319ms, rate sampling interval: 15ms
  Thread calibration: mean lat.: 46.146ms, rate sampling interval: 94ms
  Thread calibration: mean lat.: 4.436ms, rate sampling interval: 13ms
  Thread calibration: mean lat.: 13.432ms, rate sampling interval: 15ms
  Thread calibration: mean lat.: 12.759ms, rate sampling interval: 15ms
  Thread calibration: mean lat.: 5.133ms, rate sampling interval: 14ms
  Thread Stats   Avg      Stdev     Max   +/- Stdev
    Latency     2.77ms    3.37ms  41.50ms   90.97%
    Req/Sec     3.87k   540.40     9.57k    82.80%
  Latency Distribution (HdrHistogram - Recorded Latency)
 50.000%    1.80ms
 75.000%    2.64ms
 90.000%    5.52ms
 99.000%   18.22ms
 99.900%   25.95ms
 99.990%   31.53ms
 99.999%   35.62ms
100.000%   41.53ms

  Detailed Percentile spectrum:
       Value   Percentile   TotalCount 1/(1-Percentile)

       0.063     0.000000            1         1.00
       0.721     0.100000      3547252         1.11
       1.040     0.200000      7081420         1.25
       1.306     0.300000     10626445         1.43
       1.551     0.400000     14163397         1.67
       1.799     0.500000     17706229         2.00
       1.931     0.550000     19472868         2.22
       2.073     0.600000     21235494         2.50
       2.231     0.650000     23009889         2.86
       2.413     0.700000     24779746         3.33
       2.639     0.750000     26554433         4.00
       2.783     0.775000     27434806         4.44
       2.973     0.800000     28321801         5.00
       3.249     0.825000     29199558         5.71
       3.707     0.850000     30084276         6.67
       4.431     0.875000     30971187         8.00
       4.915     0.887500     31413390         8.89
       5.523     0.900000     31855411        10.00
       6.359     0.912500     32296483        11.43
       7.547     0.925000     32739364        13.33
       8.807     0.937500     33180588        16.00
       9.463     0.943750     33403257        17.78
      10.159     0.950000     33624831        20.00
      10.911     0.956250     33845325        22.86
      11.719     0.962500     34066574        26.67
      12.663     0.968750     34287500        32.00
      13.247     0.971875     34398127        35.56
      13.919     0.975000     34507933        40.00
      14.695     0.978125     34618811        45.71
      15.543     0.981250     34729664        53.33
      16.431     0.984375     34839715        64.00
      16.895     0.985938     34894859        71.11
      17.375     0.987500     34950726        80.00
      17.887     0.989062     35006188        91.43
      18.447     0.990625     35061364       106.67
      19.087     0.992188     35116282       128.00
      19.455     0.992969     35143839       142.22
      19.887     0.993750     35172062       160.00
      20.367     0.994531     35199198       182.86
      20.943     0.995313     35226616       213.33
      21.615     0.996094     35254234       256.00
      22.015     0.996484     35268550       284.44
      22.431     0.996875     35282150       320.00
      22.895     0.997266     35295963       365.71
      23.407     0.997656     35309608       426.67
      23.983     0.998047     35323525       512.00
      24.303     0.998242     35330515       568.89
      24.655     0.998437     35337366       640.00
      25.039     0.998633     35344286       731.43
      25.487     0.998828     35351177       853.33
      26.031     0.999023     35358050      1024.00
      26.335     0.999121     35361421      1137.78
      26.687     0.999219     35364896      1280.00
      27.087     0.999316     35368366      1462.86
      27.535     0.999414     35371773      1706.67
      28.031     0.999512     35375181      2048.00
      28.303     0.999561     35376898      2275.56
      28.623     0.999609     35378718      2560.00
      28.943     0.999658     35380418      2925.71
      29.311     0.999707     35382158      3413.33
      29.711     0.999756     35383878      4096.00
      29.935     0.999780     35384730      4551.11
      30.175     0.999805     35385591      5120.00
      30.447     0.999829     35386425      5851.43
      30.767     0.999854     35387317      6826.67
      31.119     0.999878     35388132      8192.00
      31.327     0.999890     35388577      9102.22
      31.599     0.999902     35389014     10240.00
      31.887     0.999915     35389434     11702.86
      32.207     0.999927     35389859     13653.33
      32.591     0.999939     35390292     16384.00
      32.799     0.999945     35390520     18204.44
      33.023     0.999951     35390733     20480.00
      33.279     0.999957     35390948     23405.71
      33.535     0.999963     35391157     27306.67
      33.823     0.999969     35391370     32768.00
      34.015     0.999973     35391481     36408.89
      34.271     0.999976     35391602     40960.00
      34.431     0.999979     35391698     46811.43
      34.687     0.999982     35391810     54613.33
      35.007     0.999985     35391918     65536.00
      35.199     0.999986     35391969     72817.78
      35.359     0.999988     35392020     81920.00
      35.551     0.999989     35392076     93622.86
      35.743     0.999991     35392133    109226.67
      36.031     0.999992     35392180    131072.00
      36.255     0.999993     35392209    145635.56
      36.479     0.999994     35392236    163840.00
      36.703     0.999995     35392263    187245.71
      36.959     0.999995     35392288    218453.33
      37.311     0.999996     35392315    262144.00
      37.439     0.999997     35392330    291271.11
      37.535     0.999997     35392346    327680.00
      37.663     0.999997     35392360    374491.43
      37.791     0.999998     35392369    436906.67
      37.951     0.999998     35392385    524288.00
      38.015     0.999998     35392391    582542.22
      38.079     0.999998     35392399    655360.00
      38.143     0.999999     35392408    748982.86
      38.175     0.999999     35392413    873813.33
      38.207     0.999999     35392417   1048576.00
      38.239     0.999999     35392422   1165084.44
      38.271     0.999999     35392424   1310720.00
      38.367     0.999999     35392427   1497965.71
      38.463     0.999999     35392430   1747626.67
      38.591     1.000000     35392434   2097152.00
      38.655     1.000000     35392435   2330168.89
      38.751     1.000000     35392437   2621440.00
      38.847     1.000000     35392439   2995931.43
      39.039     1.000000     35392440   3495253.33
      39.071     1.000000     35392442   4194304.00
      39.103     1.000000     35392443   4660337.78
      39.135     1.000000     35392445   5242880.00
      39.135     1.000000     35392445   5991862.86
      39.135     1.000000     35392445   6990506.67
      39.231     1.000000     35392446   8388608.00
      39.423     1.000000     35392447   9320675.55
      39.423     1.000000     35392447  10485760.00
      39.679     1.000000     35392448  11983725.71
      39.679     1.000000     35392448  13981013.34
      39.679     1.000000     35392448  16777216.00
      40.607     1.000000     35392449  18641351.10
      40.607     1.000000     35392449  20971519.98
      40.607     1.000000     35392449  23967451.45
      40.607     1.000000     35392449  27962026.68
      40.607     1.000000     35392449  33554432.00
      41.535     1.000000     35392450  37282702.28
      41.535     1.000000     35392450          inf
#[Mean    =        2.768, StdDeviation   =        3.366]
#[Max     =       41.504, Total count    =     35392450]
#[Buckets =           27, SubBuckets     =         2048]
----------------------------------------------------------
  35996147 requests in 10.00m, 5.10GB read
Requests/sec:  59993.64
Transfer/sec:      8.70MB
