Running 10m test @ http://localhost:9999/math/plus?x=1&y=2
  16 threads and 400 connections
  Thread calibration: mean lat.: 19.292ms, rate sampling interval: 16ms
  Thread calibration: mean lat.: 2.240ms, rate sampling interval: 10ms
  Thread calibration: mean lat.: 19.088ms, rate sampling interval: 15ms
  Thread calibration: mean lat.: 2.206ms, rate sampling interval: 10ms
  Thread calibration: mean lat.: 14.754ms, rate sampling interval: 11ms
  Thread calibration: mean lat.: 15.082ms, rate sampling interval: 12ms
  Thread calibration: mean lat.: 2.210ms, rate sampling interval: 10ms
  Thread calibration: mean lat.: 10.987ms, rate sampling interval: 10ms
  Thread calibration: mean lat.: 10.579ms, rate sampling interval: 10ms
  Thread calibration: mean lat.: 2.206ms, rate sampling interval: 10ms
  Thread calibration: mean lat.: 6.651ms, rate sampling interval: 10ms
  Thread calibration: mean lat.: 10.675ms, rate sampling interval: 10ms
  Thread calibration: mean lat.: 36.375ms, rate sampling interval: 30ms
  Thread calibration: mean lat.: 2.246ms, rate sampling interval: 10ms
  Thread calibration: mean lat.: 23.538ms, rate sampling interval: 19ms
  Thread calibration: mean lat.: 18.782ms, rate sampling interval: 16ms
  Thread Stats   Avg      Stdev     Max   +/- Stdev
    Latency     2.32ms    3.88ms  45.18ms   91.03%
    Req/Sec     1.97k   569.48     8.56k    77.24%
  Latency Distribution (HdrHistogram - Recorded Latency)
 50.000%    1.19ms
 75.000%    1.68ms
 90.000%    4.70ms
 99.000%   19.90ms
 99.900%   25.49ms
 99.990%   31.02ms
 99.999%   36.26ms
100.000%   45.22ms

  Detailed Percentile spectrum:
       Value   Percentile   TotalCount 1/(1-Percentile)

       0.064     0.000000            1         1.00
       0.468     0.100000      1772114         1.11
       0.677     0.200000      3547693         1.25
       0.857     0.300000      5312462         1.43
       1.025     0.400000      7083146         1.67
       1.188     0.500000      8857687         2.00
       1.270     0.550000      9735164         2.22
       1.357     0.600000     10627286         2.50
       1.450     0.650000     11509029         2.86
       1.555     0.700000     12393440         3.33
       1.677     0.750000     13274526         4.00
       1.750     0.775000     13719188         4.44
       1.836     0.800000     14160589         5.00
       1.944     0.825000     14599307         5.71
       2.105     0.850000     15044862         6.67
       2.453     0.875000     15484892         8.00
       3.025     0.887500     15705577         8.89
       4.699     0.900000     15926610        10.00
       6.551     0.912500     16147697        11.43
       8.375     0.925000     16368981        13.33
      10.095     0.937500     16590669        16.00
      11.103     0.943750     16700985        17.78
      12.183     0.950000     16811353        20.00
      13.247     0.956250     16922489        22.86
      14.327     0.962500     17033105        26.67
      15.367     0.968750     17143633        32.00
      15.903     0.971875     17198350        35.56
      16.479     0.975000     17254791        40.00
      17.087     0.978125     17309747        45.71
      17.743     0.981250     17364962        53.33
      18.431     0.984375     17419857        64.00
      18.799     0.985938     17447627        71.11
      19.199     0.987500     17475308        80.00
      19.615     0.989062     17502513        91.43
      20.095     0.990625     17530685       106.67
      20.623     0.992188     17558020       128.00
      20.911     0.992969     17571814       142.22
      21.231     0.993750     17585566       160.00
      21.583     0.994531     17599616       182.86
      21.967     0.995313     17613309       213.33
      22.399     0.996094     17627005       256.00
      22.655     0.996484     17634223       284.44
      22.927     0.996875     17641100       320.00
      23.231     0.997266     17647931       365.71
      23.583     0.997656     17654783       426.67
      23.999     0.998047     17661661       512.00
      24.223     0.998242     17664972       568.89
      24.495     0.998437     17668471       640.00
      24.799     0.998633     17671889       731.43
      25.135     0.998828     17675342       853.33
      25.535     0.999023     17678772      1024.00
      25.775     0.999121     17680536      1137.78
      26.031     0.999219     17682222      1280.00
      26.335     0.999316     17683953      1462.86
      26.703     0.999414     17685671      1706.67
      27.151     0.999512     17687456      2048.00
      27.423     0.999561     17688302      2275.56
      27.711     0.999609     17689144      2560.00
      28.047     0.999658     17689995      2925.71
      28.431     0.999707     17690871      3413.33
      28.863     0.999756     17691723      4096.00
      29.119     0.999780     17692155      4551.11
      29.423     0.999805     17692585      5120.00
      29.759     0.999829     17693025      5851.43
      30.111     0.999854     17693453      6826.67
      30.527     0.999878     17693884      8192.00
      30.767     0.999890     17694094      9102.22
      31.087     0.999902     17694312     10240.00
      31.503     0.999915     17694529     11702.86
      31.887     0.999927     17694747     13653.33
      32.303     0.999939     17694959     16384.00
      32.559     0.999945     17695074     18204.44
      32.831     0.999951     17695187     20480.00
      33.119     0.999957     17695289     23405.71
      33.503     0.999963     17695395     27306.67
      33.951     0.999969     17695499     32768.00
      34.239     0.999973     17695552     36408.89
      34.527     0.999976     17695608     40960.00
      34.815     0.999979     17695665     46811.43
      35.071     0.999982     17695721     54613.33
      35.519     0.999985     17695770     65536.00
      35.679     0.999986     17695797     72817.78
      35.935     0.999988     17695825     81920.00
      36.127     0.999989     17695849     93622.86
      36.415     0.999991     17695876    109226.67
      36.895     0.999992     17695905    131072.00
      37.119     0.999993     17695917    145635.56
      37.311     0.999994     17695930    163840.00
      37.855     0.999995     17695946    187245.71
      38.271     0.999995     17695957    218453.33
      38.687     0.999996     17695972    262144.00
      38.879     0.999997     17695978    291271.11
      39.103     0.999997     17695985    327680.00
      39.263     0.999997     17695991    374491.43
      39.487     0.999998     17695998    436906.67
      39.775     0.999998     17696005    524288.00
      39.871     0.999998     17696009    582542.22
      39.935     0.999998     17696011    655360.00
      40.063     0.999999     17696015    748982.86
      40.255     0.999999     17696018    873813.33
      40.639     0.999999     17696022   1048576.00
      41.087     0.999999     17696024   1165084.44
      41.119     0.999999     17696025   1310720.00
      41.183     0.999999     17696027   1497965.71
      41.855     0.999999     17696029   1747626.67
      41.983     1.000000     17696030   2097152.00
      42.079     1.000000     17696031   2330168.89
      42.367     1.000000     17696032   2621440.00
      42.463     1.000000     17696033   2995931.43
      42.463     1.000000     17696033   3495253.33
      42.591     1.000000     17696034   4194304.00
      42.687     1.000000     17696035   4660337.78
      42.687     1.000000     17696035   5242880.00
      45.087     1.000000     17696036   5991862.86
      45.087     1.000000     17696036   6990506.67
      45.087     1.000000     17696036   8388608.00
      45.119     1.000000     17696037   9320675.55
      45.119     1.000000     17696037  10485760.00
      45.119     1.000000     17696037  11983725.71
      45.119     1.000000     17696037  13981013.34
      45.119     1.000000     17696037  16777216.00
      45.215     1.000000     17696038  18641351.10
      45.215     1.000000     17696038          inf
#[Mean    =        2.318, StdDeviation   =        3.881]
#[Max     =       45.184, Total count    =     17696038]
#[Buckets =           27, SubBuckets     =         2048]
----------------------------------------------------------
  17996021 requests in 10.00m, 2.55GB read
Requests/sec:  29993.19
Transfer/sec:      4.35MB
