Running 10m test @ http://localhost:9999/math/plus?x=1&y=2
  16 threads and 400 connections
  Thread calibration: mean lat.: 1.312ms, rate sampling interval: 10ms
  Thread calibration: mean lat.: 1.307ms, rate sampling interval: 10ms
  Thread calibration: mean lat.: 1.312ms, rate sampling interval: 10ms
  Thread calibration: mean lat.: 1.300ms, rate sampling interval: 10ms
  Thread calibration: mean lat.: 1.288ms, rate sampling interval: 10ms
  Thread calibration: mean lat.: 1.289ms, rate sampling interval: 10ms
  Thread calibration: mean lat.: 1.342ms, rate sampling interval: 10ms
  Thread calibration: mean lat.: 1.276ms, rate sampling interval: 10ms
  Thread calibration: mean lat.: 1.264ms, rate sampling interval: 10ms
  Thread calibration: mean lat.: 1.309ms, rate sampling interval: 10ms
  Thread calibration: mean lat.: 1.316ms, rate sampling interval: 10ms
  Thread calibration: mean lat.: 1.293ms, rate sampling interval: 10ms
  Thread calibration: mean lat.: 1.265ms, rate sampling interval: 10ms
  Thread calibration: mean lat.: 1.241ms, rate sampling interval: 10ms
  Thread calibration: mean lat.: 1.416ms, rate sampling interval: 10ms
  Thread calibration: mean lat.: 1.276ms, rate sampling interval: 10ms
  Thread Stats   Avg      Stdev     Max   +/- Stdev
    Latency     1.34ms    1.09ms  41.06ms   91.49%
    Req/Sec     3.30k   468.75    10.33k    75.43%
  Latency Distribution (HdrHistogram - Recorded Latency)
 50.000%    1.19ms
 75.000%    1.67ms
 90.000%    2.15ms
 99.000%    5.10ms
 99.900%   14.48ms
 99.990%   23.31ms
 99.999%   32.90ms
100.000%   41.09ms

  Detailed Percentile spectrum:
       Value   Percentile   TotalCount 1/(1-Percentile)

       0.057     0.000000            2         1.00
       0.456     0.100000      2950412         1.11
       0.683     0.200000      5908912         1.25
       0.869     0.300000      8857282         1.43
       1.034     0.400000     11800463         1.67
       1.190     0.500000     14747812         2.00
       1.272     0.550000     16232711         2.22
       1.359     0.600000     17701828         2.50
       1.455     0.650000     19182007         2.86
       1.560     0.700000     20652193         3.33
       1.675     0.750000     22124059         4.00
       1.738     0.775000     22860901         4.44
       1.805     0.800000     23601043         5.00
       1.877     0.825000     24338329         5.71
       1.956     0.850000     25076572         6.67
       2.044     0.875000     25813568         8.00
       2.093     0.887500     26180103         8.89
       2.149     0.900000     26555337        10.00
       2.211     0.912500     26917240        11.43
       2.287     0.925000     27289846        13.33
       2.379     0.937500     27651036        16.00
       2.439     0.943750     27839689        17.78
       2.509     0.950000     28020343        20.00
       2.599     0.956250     28204718        22.86
       2.723     0.962500     28388971        26.67
       2.907     0.968750     28572076        32.00
       3.035     0.971875     28664597        35.56
       3.195     0.975000     28757089        40.00
       3.397     0.978125     28848566        45.71
       3.665     0.981250     28940951        53.33
       4.011     0.984375     29032996        64.00
       4.231     0.985938     29079005        71.11
       4.507     0.987500     29125447        80.00
       4.855     0.989062     29171474        91.43
       5.283     0.990625     29217385       106.67
       5.815     0.992188     29263310       128.00
       6.147     0.992969     29286389       142.22
       6.535     0.993750     29309533       160.00
       7.031     0.994531     29332490       182.86
       7.627     0.995313     29355415       213.33
       8.143     0.996094     29378631       256.00
       8.415     0.996484     29390166       284.44
       8.775     0.996875     29401649       320.00
       9.271     0.997266     29413028       365.71
       9.975     0.997656     29424563       426.67
      10.975     0.998047     29436087       512.00
      11.583     0.998242     29441828       568.89
      12.119     0.998437     29447589       640.00
      12.671     0.998633     29453383       731.43
      13.503     0.998828     29459105       853.33
      14.631     0.999023     29464885      1024.00
      15.295     0.999121     29467772      1137.78
      15.839     0.999219     29470637      1280.00
      16.327     0.999316     29473515      1462.86
      17.119     0.999414     29476405      1706.67
      18.031     0.999512     29479294      2048.00
      18.511     0.999561     29480715      2275.56
      19.023     0.999609     29482163      2560.00
      19.519     0.999658     29483583      2925.71
      20.031     0.999707     29485041      3413.33
      20.559     0.999756     29486466      4096.00
      20.831     0.999780     29487186      4551.11
      21.135     0.999805     29487921      5120.00
      21.455     0.999829     29488619      5851.43
      21.871     0.999854     29489351      6826.67
      22.479     0.999878     29490063      8192.00
      22.927     0.999890     29490420      9102.22
      23.455     0.999902     29490785     10240.00
      24.143     0.999915     29491140     11702.86
      24.911     0.999927     29491506     13653.33
      25.759     0.999939     29491858     16384.00
      26.239     0.999945     29492040     18204.44
      26.735     0.999951     29492218     20480.00
      27.455     0.999957     29492403     23405.71
      28.047     0.999963     29492579     27306.67
      28.847     0.999969     29492761     32768.00
      29.263     0.999973     29492848     36408.89
      29.839     0.999976     29492941     40960.00
      30.271     0.999979     29493029     46811.43
      30.831     0.999982     29493118     54613.33
      31.375     0.999985     29493208     65536.00
      31.839     0.999986     29493255     72817.78
      32.175     0.999988     29493301     81920.00
      32.607     0.999989     29493343     93622.86
      33.151     0.999991     29493388    109226.67
      33.695     0.999992     29493433    131072.00
      33.919     0.999993     29493456    145635.56
      34.271     0.999994     29493478    163840.00
      34.591     0.999995     29493501    187245.71
      34.847     0.999995     29493523    218453.33
      35.295     0.999996     29493546    262144.00
      35.487     0.999997     29493559    291271.11
      35.583     0.999997     29493568    327680.00
      35.871     0.999997     29493582    374491.43
      36.063     0.999998     29493591    436906.67
      36.319     0.999998     29493603    524288.00
      36.415     0.999998     29493608    582542.22
      36.511     0.999998     29493614    655360.00
      36.575     0.999999     29493619    748982.86
      36.831     0.999999     29493625    873813.33
      37.023     0.999999     29493631   1048576.00
      37.279     0.999999     29493633   1165084.44
      37.471     0.999999     29493636   1310720.00
      37.599     0.999999     29493639   1497965.71
      37.951     0.999999     29493642   1747626.67
      38.015     1.000000     29493645   2097152.00
      38.079     1.000000     29493646   2330168.89
      38.143     1.000000     29493647   2621440.00
      38.207     1.000000     29493649   2995931.43
      38.367     1.000000     29493650   3495253.33
      38.719     1.000000     29493651   4194304.00
      38.911     1.000000     29493652   4660337.78
      39.039     1.000000     29493653   5242880.00
      39.327     1.000000     29493654   5991862.86
      39.327     1.000000     29493654   6990506.67
      39.711     1.000000     29493655   8388608.00
      39.711     1.000000     29493655   9320675.55
      40.063     1.000000     29493656  10485760.00
      40.063     1.000000     29493656  11983725.71
      40.063     1.000000     29493656  13981013.34
      40.095     1.000000     29493657  16777216.00
      40.095     1.000000     29493657  18641351.10
      40.095     1.000000     29493657  20971519.98
      40.095     1.000000     29493657  23967451.45
      40.095     1.000000     29493657  27962026.68
      41.087     1.000000     29493658  33554432.00
      41.087     1.000000     29493658          inf
#[Mean    =        1.340, StdDeviation   =        1.091]
#[Max     =       41.056, Total count    =     29493658]
#[Buckets =           27, SubBuckets     =         2048]
----------------------------------------------------------
  29996985 requests in 10.00m, 4.25GB read
Requests/sec:  49995.06
Transfer/sec:      7.25MB
