Running 10m test @ http://localhost:9999/math/plus?x=1&y=2
  16 threads and 400 connections
  Thread calibration: mean lat.: 28.057ms, rate sampling interval: 46ms
  Thread calibration: mean lat.: 10.265ms, rate sampling interval: 40ms
  Thread calibration: mean lat.: 26.426ms, rate sampling interval: 45ms
  Thread calibration: mean lat.: 40.725ms, rate sampling interval: 53ms
  Thread calibration: mean lat.: 31.879ms, rate sampling interval: 48ms
  Thread calibration: mean lat.: 10.339ms, rate sampling interval: 41ms
  Thread calibration: mean lat.: 44.967ms, rate sampling interval: 53ms
  Thread calibration: mean lat.: 98.813ms, rate sampling interval: 926ms
  Thread calibration: mean lat.: 64.035ms, rate sampling interval: 236ms
  Thread calibration: mean lat.: 34.831ms, rate sampling interval: 49ms
  Thread calibration: mean lat.: 77.965ms, rate sampling interval: 597ms
  Thread calibration: mean lat.: 101.096ms, rate sampling interval: 937ms
  Thread calibration: mean lat.: 10.039ms, rate sampling interval: 39ms
  Thread calibration: mean lat.: 96.992ms, rate sampling interval: 875ms
  Thread calibration: mean lat.: 65.596ms, rate sampling interval: 240ms
  Thread calibration: mean lat.: 65.562ms, rate sampling interval: 275ms
  Thread Stats   Avg      Stdev     Max   +/- Stdev
    Latency     5.16ms    7.15ms  55.42ms   83.54%
    Req/Sec     1.89k   332.28     4.07k    77.26%
  Latency Distribution (HdrHistogram - Recorded Latency)
 50.000%    1.79ms
 75.000%    5.16ms
 90.000%   17.53ms
 99.000%   28.48ms
 99.900%   34.97ms
 99.990%   40.58ms
 99.999%   45.31ms
100.000%   55.46ms

  Detailed Percentile spectrum:
       Value   Percentile   TotalCount 1/(1-Percentile)

       0.070     0.000000            1         1.00
       0.633     0.100000      1770075         1.11
       0.950     0.200000      3543845         1.25
       1.217     0.300000      5312045         1.43
       1.483     0.400000      7079823         1.67
       1.787     0.500000      8852324         2.00
       1.966     0.550000      9737273         2.22
       2.177     0.600000     10622369         2.50
       2.451     0.650000     11503549         2.86
       2.937     0.700000     12388759         3.33
       5.155     0.750000     13272615         4.00
       7.443     0.775000     13715513         4.44
       9.423     0.800000     14158346         5.00
      11.439     0.825000     14601389         5.71
      13.551     0.850000     15042697         6.67
      15.503     0.875000     15485459         8.00
      16.495     0.887500     15706355         8.89
      17.535     0.900000     15929764        10.00
      18.575     0.912500     16149197        11.43
      19.647     0.925000     16371426        13.33
      20.767     0.937500     16591074        16.00
      21.391     0.943750     16703574        17.78
      22.031     0.950000     16812735        20.00
      22.719     0.956250     16923516        22.86
      23.471     0.962500     17035187        26.67
      24.271     0.968750     17144108        32.00
      24.719     0.971875     17199675        35.56
      25.199     0.975000     17254497        40.00
      25.727     0.978125     17309747        45.71
      26.319     0.981250     17366270        53.33
      26.975     0.984375     17421028        64.00
      27.343     0.985938     17448624        71.11
      27.743     0.987500     17475714        80.00
      28.191     0.989062     17503584        91.43
      28.687     0.990625     17531207       106.67
      29.247     0.992188     17558421       128.00
      29.583     0.992969     17572671       142.22
      29.935     0.993750     17586197       160.00
      30.335     0.994531     17600092       182.86
      30.799     0.995313     17614027       213.33
      31.327     0.996094     17627786       256.00
      31.615     0.996484     17634456       284.44
      31.951     0.996875     17641607       320.00
      32.303     0.997266     17648278       365.71
      32.719     0.997656     17655262       426.67
      33.215     0.998047     17662169       512.00
      33.503     0.998242     17665660       568.89
      33.823     0.998437     17669310       640.00
      34.143     0.998633     17672492       731.43
      34.559     0.998828     17676058       853.33
      35.039     0.999023     17679546      1024.00
      35.295     0.999121     17681169      1137.78
      35.615     0.999219     17682972      1280.00
      35.967     0.999316     17684666      1462.86
      36.319     0.999414     17686330      1706.67
      36.735     0.999512     17688041      2048.00
      36.991     0.999561     17688946      2275.56
      37.279     0.999609     17689762      2560.00
      37.599     0.999658     17690630      2925.71
      37.983     0.999707     17691513      3413.33
      38.431     0.999756     17692367      4096.00
      38.687     0.999780     17692789      4551.11
      38.975     0.999805     17693221      5120.00
      39.327     0.999829     17693679      5851.43
      39.679     0.999854     17694099      6826.67
      40.063     0.999878     17694505      8192.00
      40.351     0.999890     17694737      9102.22
      40.639     0.999902     17694945     10240.00
      40.927     0.999915     17695158     11702.86
      41.279     0.999927     17695377     13653.33
      41.759     0.999939     17695594     16384.00
      41.919     0.999945     17695694     18204.44
      42.175     0.999951     17695808     20480.00
      42.463     0.999957     17695916     23405.71
      42.751     0.999963     17696021     27306.67
      43.071     0.999969     17696126     32768.00
      43.295     0.999973     17696181     36408.89
      43.551     0.999976     17696236     40960.00
      43.807     0.999979     17696290     46811.43
      44.095     0.999982     17696342     54613.33
      44.447     0.999985     17696400     65536.00
      44.607     0.999986     17696424     72817.78
      44.863     0.999988     17696450     81920.00
      45.215     0.999989     17696477     93622.86
      45.439     0.999991     17696504    109226.67
      45.791     0.999992     17696530    131072.00
      46.143     0.999993     17696546    145635.56
      46.303     0.999994     17696557    163840.00
      46.527     0.999995     17696571    187245.71
      46.783     0.999995     17696584    218453.33
      47.455     0.999996     17696598    262144.00
      47.679     0.999997     17696607    291271.11
      47.807     0.999997     17696611    327680.00
      48.127     0.999997     17696618    374491.43
      48.767     0.999998     17696625    436906.67
      49.343     0.999998     17696632    524288.00
      49.599     0.999998     17696635    582542.22
      49.759     0.999998     17696639    655360.00
      50.015     0.999999     17696642    748982.86
      50.463     0.999999     17696645    873813.33
      51.007     0.999999     17696649   1048576.00
      51.615     0.999999     17696650   1165084.44
      51.999     0.999999     17696652   1310720.00
      52.447     0.999999     17696654   1497965.71
      52.927     0.999999     17696655   1747626.67
      53.151     1.000000     17696657   2097152.00
      53.791     1.000000     17696658   2330168.89
      54.271     1.000000     17696659   2621440.00
      54.303     1.000000     17696660   2995931.43
      54.303     1.000000     17696660   3495253.33
      54.399     1.000000     17696661   4194304.00
      54.463     1.000000     17696662   4660337.78
      54.463     1.000000     17696662   5242880.00
      54.847     1.000000     17696663   5991862.86
      54.847     1.000000     17696663   6990506.67
      54.847     1.000000     17696663   8388608.00
      55.391     1.000000     17696664   9320675.55
      55.391     1.000000     17696664  10485760.00
      55.391     1.000000     17696664  11983725.71
      55.391     1.000000     17696664  13981013.34
      55.391     1.000000     17696664  16777216.00
      55.455     1.000000     17696665  18641351.10
      55.455     1.000000     17696665          inf
#[Mean    =        5.162, StdDeviation   =        7.149]
#[Max     =       55.424, Total count    =     17696665]
#[Buckets =           27, SubBuckets     =         2048]
----------------------------------------------------------
  17997931 requests in 10.00m, 2.55GB read
Requests/sec:  29996.57
Transfer/sec:      4.35MB
