Running 10m test @ http://localhost:9999/math/plus?x=1&y=2
  16 threads and 400 connections
  Thread calibration: mean lat.: 23.017ms, rate sampling interval: 10ms
  Thread calibration: mean lat.: 31.723ms, rate sampling interval: 10ms
  Thread calibration: mean lat.: 27.505ms, rate sampling interval: 10ms
  Thread calibration: mean lat.: 52.868ms, rate sampling interval: 28ms
  Thread calibration: mean lat.: 53.148ms, rate sampling interval: 34ms
  Thread calibration: mean lat.: 35.876ms, rate sampling interval: 10ms
  Thread calibration: mean lat.: 37.366ms, rate sampling interval: 10ms
  Thread calibration: mean lat.: 1.962ms, rate sampling interval: 10ms
  Thread calibration: mean lat.: 23.114ms, rate sampling interval: 10ms
  Thread calibration: mean lat.: 32.517ms, rate sampling interval: 10ms
  Thread calibration: mean lat.: 1.987ms, rate sampling interval: 10ms
  Thread calibration: mean lat.: 1.909ms, rate sampling interval: 10ms
  Thread calibration: mean lat.: 57.407ms, rate sampling interval: 142ms
  Thread calibration: mean lat.: 74.171ms, rate sampling interval: 588ms
  Thread calibration: mean lat.: 27.521ms, rate sampling interval: 10ms
  Thread calibration: mean lat.: 1.966ms, rate sampling interval: 10ms
  Thread Stats   Avg      Stdev     Max   +/- Stdev
    Latency     2.39ms    2.35ms  88.83ms   95.46%
    Req/Sec     3.29k   640.51    11.11k    75.58%
  Latency Distribution (HdrHistogram - Recorded Latency)
 50.000%    2.03ms
 75.000%    2.93ms
 90.000%    3.72ms
 99.000%   14.51ms
 99.900%   25.14ms
 99.990%   35.52ms
 99.999%   49.28ms
100.000%   88.89ms

  Detailed Percentile spectrum:
       Value   Percentile   TotalCount 1/(1-Percentile)

       0.066     0.000000            1         1.00
       0.700     0.100000      2951717         1.11
       1.076     0.200000      5906814         1.25
       1.399     0.300000      8849861         1.43
       1.710     0.400000     11797685         1.67
       2.032     0.500000     14748915         2.00
       2.205     0.550000     16231305         2.22
       2.379     0.600000     17699741         2.50
       2.559     0.650000     19183061         2.86
       2.741     0.700000     20654967         3.33
       2.931     0.750000     22132062         4.00
       3.031     0.775000     22869423         4.44
       3.137     0.800000     23602548         5.00
       3.251     0.825000     24341451         5.71
       3.377     0.850000     25075800         6.67
       3.529     0.875000     25813045         8.00
       3.617     0.887500     26180064         8.89
       3.717     0.900000     26546111        10.00
       3.839     0.912500     26914684        11.43
       3.991     0.925000     27281680        13.33
       4.207     0.937500     27652018        16.00
       4.359     0.943750     27837762        17.78
       4.559     0.950000     28021559        20.00
       4.831     0.956250     28205569        22.86
       5.199     0.962500     28388474        26.67
       5.755     0.968750     28572066        32.00
       6.223     0.971875     28664435        35.56
       6.939     0.975000     28756638        40.00
       7.779     0.978125     28848842        45.71
       8.671     0.981250     28941057        53.33
      10.311     0.984375     29033045        64.00
      11.407     0.985938     29079005        71.11
      12.543     0.987500     29125145        80.00
      13.703     0.989062     29171208        91.43
      15.055     0.990625     29217272       106.67
      16.319     0.992188     29263421       128.00
      17.039     0.992969     29286330       142.22
      17.807     0.993750     29309389       160.00
      18.591     0.994531     29332432       182.86
      19.407     0.995313     29355732       213.33
      20.271     0.996094     29378800       256.00
      20.719     0.996484     29390217       284.44
      21.199     0.996875     29401723       320.00
      21.727     0.997266     29413346       365.71
      22.303     0.997656     29424787       426.67
      22.943     0.998047     29436168       512.00
      23.311     0.998242     29442004       568.89
      23.679     0.998437     29447652       640.00
      24.127     0.998633     29453563       731.43
      24.607     0.998828     29459158       853.33
      25.215     0.999023     29465022      1024.00
      25.567     0.999121     29467793      1137.78
      25.983     0.999219     29470752      1280.00
      26.479     0.999316     29473581      1462.86
      27.071     0.999414     29476429      1706.67
      27.839     0.999512     29479313      2048.00
      28.287     0.999561     29480763      2275.56
      28.911     0.999609     29482206      2560.00
      29.583     0.999658     29483618      2925.71
      30.383     0.999707     29485070      3413.33
      31.327     0.999756     29486512      4096.00
      31.807     0.999780     29487213      4551.11
      32.415     0.999805     29487941      5120.00
      33.119     0.999829     29488687      5851.43
      33.759     0.999854     29489389      6826.67
      34.623     0.999878     29490107      8192.00
      35.071     0.999890     29490456      9102.22
      35.615     0.999902     29490822     10240.00
      36.095     0.999915     29491170     11702.86
      36.799     0.999927     29491531     13653.33
      37.759     0.999939     29491895     16384.00
      38.303     0.999945     29492078     18204.44
      38.943     0.999951     29492257     20480.00
      39.871     0.999957     29492436     23405.71
      40.639     0.999963     29492616     27306.67
      41.695     0.999969     29492796     32768.00
      42.207     0.999973     29492882     36408.89
      42.751     0.999976     29492972     40960.00
      43.455     0.999979     29493063     46811.43
      44.031     0.999982     29493150     54613.33
      45.471     0.999985     29493241     65536.00
      46.463     0.999986     29493285     72817.78
      47.295     0.999988     29493332     81920.00
      48.447     0.999989     29493376     93622.86
      51.455     0.999991     29493420    109226.67
      55.167     0.999992     29493465    131072.00
      56.095     0.999993     29493488    145635.56
      58.559     0.999994     29493510    163840.00
      61.183     0.999995     29493533    187245.71
      67.903     0.999995     29493556    218453.33
      72.511     0.999996     29493579    262144.00
      74.175     0.999997     29493590    291271.11
      75.455     0.999997     29493601    327680.00
      76.543     0.999997     29493612    374491.43
      78.079     0.999998     29493623    436906.67
      79.679     0.999998     29493634    524288.00
      80.447     0.999998     29493640    582542.22
      81.919     0.999998     29493645    655360.00
      82.559     0.999999     29493651    748982.86
      83.711     0.999999     29493657    873813.33
      84.351     0.999999     29493662   1048576.00
      84.735     0.999999     29493665   1165084.44
      84.927     0.999999     29493668   1310720.00
      85.183     0.999999     29493671   1497965.71
      85.439     0.999999     29493675   1747626.67
      85.503     1.000000     29493676   2097152.00
      85.695     1.000000     29493678   2330168.89
      85.887     1.000000     29493680   2621440.00
      86.143     1.000000     29493681   2995931.43
      86.271     1.000000     29493682   3495253.33
      86.527     1.000000     29493683   4194304.00
      87.487     1.000000     29493684   4660337.78
      87.615     1.000000     29493685   5242880.00
      87.679     1.000000     29493686   5991862.86
      87.679     1.000000     29493686   6990506.67
      87.999     1.000000     29493687   8388608.00
      87.999     1.000000     29493687   9320675.55
      88.191     1.000000     29493688  10485760.00
      88.191     1.000000     29493688  11983725.71
      88.191     1.000000     29493688  13981013.34
      88.383     1.000000     29493689  16777216.00
      88.383     1.000000     29493689  18641351.10
      88.383     1.000000     29493689  20971519.98
      88.383     1.000000     29493689  23967451.45
      88.383     1.000000     29493689  27962026.68
      88.895     1.000000     29493690  33554432.00
      88.895     1.000000     29493690          inf
#[Mean    =        2.392, StdDeviation   =        2.352]
#[Max     =       88.832, Total count    =     29493690]
#[Buckets =           27, SubBuckets     =         2048]
----------------------------------------------------------
  29996599 requests in 10.00m, 4.25GB read
Requests/sec:  49994.29
Transfer/sec:      7.25MB
