Running 10m test @ http://localhost:9999/math/plus?x=1&y=2
  16 threads and 400 connections
  Thread calibration: mean lat.: 5.714ms, rate sampling interval: 10ms
  Thread calibration: mean lat.: 9.825ms, rate sampling interval: 10ms
  Thread calibration: mean lat.: 1.462ms, rate sampling interval: 10ms
  Thread calibration: mean lat.: 9.892ms, rate sampling interval: 10ms
  Thread calibration: mean lat.: 1.415ms, rate sampling interval: 10ms
  Thread calibration: mean lat.: 1.426ms, rate sampling interval: 10ms
  Thread calibration: mean lat.: 5.774ms, rate sampling interval: 10ms
  Thread calibration: mean lat.: 1.492ms, rate sampling interval: 10ms
  Thread calibration: mean lat.: 10.043ms, rate sampling interval: 10ms
  Thread calibration: mean lat.: 1.476ms, rate sampling interval: 10ms
  Thread calibration: mean lat.: 22.617ms, rate sampling interval: 10ms
  Thread calibration: mean lat.: 1.566ms, rate sampling interval: 10ms
  Thread calibration: mean lat.: 14.165ms, rate sampling interval: 10ms
  Thread calibration: mean lat.: 1.894ms, rate sampling interval: 10ms
  Thread calibration: mean lat.: 5.796ms, rate sampling interval: 10ms
  Thread calibration: mean lat.: 1.599ms, rate sampling interval: 10ms
  Thread Stats   Avg      Stdev     Max   +/- Stdev
    Latency     1.46ms    1.57ms  38.27ms   94.51%
    Req/Sec     1.98k   455.50     7.67k    70.12%
  Latency Distribution (HdrHistogram - Recorded Latency)
 50.000%    1.14ms
 75.000%    1.62ms
 90.000%    2.27ms
 99.000%    9.41ms
 99.900%   16.19ms
 99.990%   21.52ms
 99.999%   26.08ms
100.000%   38.30ms

  Detailed Percentile spectrum:
       Value   Percentile   TotalCount 1/(1-Percentile)

       0.057     0.000000            1         1.00
       0.463     0.100000      1774092         1.11
       0.664     0.200000      3545242         1.25
       0.837     0.300000      5318965         1.43
       0.994     0.400000      7085526         1.67
       1.145     0.500000      8848462         2.00
       1.223     0.550000      9741411         2.22
       1.305     0.600000     10620735         2.50
       1.396     0.650000     11510314         2.86
       1.499     0.700000     12388288         3.33
       1.622     0.750000     13275754         4.00
       1.692     0.775000     13719870         4.44
       1.769     0.800000     14158748         5.00
       1.858     0.825000     14602210         5.71
       1.962     0.850000     15042422         6.67
       2.093     0.875000     15490019         8.00
       2.171     0.887500     15706331         8.89
       2.269     0.900000     15930138        10.00
       2.391     0.912500     16148362        11.43
       2.557     0.925000     16370772        13.33
       2.801     0.937500     16590543        16.00
       2.981     0.943750     16701507        17.78
       3.229     0.950000     16811872        20.00
       3.597     0.956250     16922075        22.86
       4.171     0.962500     17032969        26.67
       4.971     0.968750     17143607        32.00
       5.411     0.971875     17198493        35.56
       5.895     0.975000     17253896        40.00
       6.439     0.978125     17309063        45.71
       7.063     0.981250     17364626        53.33
       7.779     0.984375     17419859        64.00
       8.175     0.985938     17447487        71.11
       8.615     0.987500     17475223        80.00
       9.103     0.989062     17502900        91.43
       9.639     0.990625     17530565       106.67
      10.239     0.992188     17558129       128.00
      10.567     0.992969     17571857       142.22
      10.927     0.993750     17585758       160.00
      11.319     0.994531     17599371       182.86
      11.767     0.995313     17613252       213.33
      12.303     0.996094     17627096       256.00
      12.631     0.996484     17634007       284.44
      12.991     0.996875     17640958       320.00
      13.375     0.997266     17647833       365.71
      13.823     0.997656     17654750       426.67
      14.359     0.998047     17661622       512.00
      14.655     0.998242     17665073       568.89
      14.983     0.998437     17668485       640.00
      15.351     0.998633     17671969       731.43
      15.759     0.998828     17675437       853.33
      16.247     0.999023     17678862      1024.00
      16.543     0.999121     17680642      1137.78
      16.863     0.999219     17682335      1280.00
      17.215     0.999316     17684082      1462.86
      17.615     0.999414     17685819      1706.67
      18.063     0.999512     17687536      2048.00
      18.287     0.999561     17688367      2275.56
      18.543     0.999609     17689219      2560.00
      18.847     0.999658     17690100      2925.71
      19.199     0.999707     17690962      3413.33
      19.631     0.999756     17691842      4096.00
      19.839     0.999780     17692255      4551.11
      20.095     0.999805     17692677      5120.00
      20.383     0.999829     17693111      5851.43
      20.703     0.999854     17693550      6826.67
      21.103     0.999878     17693976      8192.00
      21.311     0.999890     17694191      9102.22
      21.551     0.999902     17694410     10240.00
      21.839     0.999915     17694619     11702.86
      22.143     0.999927     17694841     13653.33
      22.463     0.999939     17695050     16384.00
      22.655     0.999945     17695160     18204.44
      22.895     0.999951     17695267     20480.00
      23.135     0.999957     17695375     23405.71
      23.391     0.999963     17695484     27306.67
      23.823     0.999969     17695596     32768.00
      24.015     0.999973     17695652     36408.89
      24.223     0.999976     17695699     40960.00
      24.495     0.999979     17695752     46811.43
      24.879     0.999982     17695809     54613.33
      25.231     0.999985     17695861     65536.00
      25.471     0.999986     17695893     72817.78
      25.759     0.999988     17695916     81920.00
      25.967     0.999989     17695941     93622.86
      26.255     0.999991     17695968    109226.67
      26.607     0.999992     17695997    131072.00
      26.687     0.999993     17696009    145635.56
      27.087     0.999994     17696022    163840.00
      27.663     0.999995     17696037    187245.71
      27.807     0.999995     17696049    218453.33
      28.287     0.999996     17696063    262144.00
      28.639     0.999997     17696070    291271.11
      29.071     0.999997     17696078    327680.00
      29.199     0.999997     17696083    374491.43
      29.631     0.999998     17696090    436906.67
      29.871     0.999998     17696098    524288.00
      29.983     0.999998     17696100    582542.22
      30.015     0.999998     17696103    655360.00
      30.111     0.999999     17696107    748982.86
      30.191     0.999999     17696110    873813.33
      30.447     0.999999     17696114   1048576.00
      30.575     0.999999     17696115   1165084.44
      30.751     0.999999     17696117   1310720.00
      31.071     0.999999     17696119   1497965.71
      31.423     0.999999     17696120   1747626.67
      32.047     1.000000     17696122   2097152.00
      32.095     1.000000     17696123   2330168.89
      32.287     1.000000     17696124   2621440.00
      32.559     1.000000     17696125   2995931.43
      32.559     1.000000     17696125   3495253.33
      32.623     1.000000     17696126   4194304.00
      35.103     1.000000     17696127   4660337.78
      35.103     1.000000     17696127   5242880.00
      35.903     1.000000     17696128   5991862.86
      35.903     1.000000     17696128   6990506.67
      35.903     1.000000     17696128   8388608.00
      37.503     1.000000     17696129   9320675.55
      37.503     1.000000     17696129  10485760.00
      37.503     1.000000     17696129  11983725.71
      37.503     1.000000     17696129  13981013.34
      37.503     1.000000     17696129  16777216.00
      38.303     1.000000     17696130  18641351.10
      38.303     1.000000     17696130          inf
#[Mean    =        1.460, StdDeviation   =        1.566]
#[Max     =       38.272, Total count    =     17696130]
#[Buckets =           27, SubBuckets     =         2048]
----------------------------------------------------------
  17996349 requests in 10.00m, 2.55GB read
Requests/sec:  29993.92
Transfer/sec:      4.35MB
