Running 10m test @ http://localhost:9999/math/plus?x=1&y=2
  16 threads and 400 connections
  Thread calibration: mean lat.: 63.426ms, rate sampling interval: 305ms
  Thread calibration: mean lat.: 2.942ms, rate sampling interval: 11ms
  Thread calibration: mean lat.: 2.978ms, rate sampling interval: 11ms
  Thread calibration: mean lat.: 33.712ms, rate sampling interval: 23ms
  Thread calibration: mean lat.: 55.898ms, rate sampling interval: 62ms
  Thread calibration: mean lat.: 11.457ms, rate sampling interval: 12ms
  Thread calibration: mean lat.: 7.182ms, rate sampling interval: 11ms
  Thread calibration: mean lat.: 37.125ms, rate sampling interval: 27ms
  Thread calibration: mean lat.: 28.809ms, rate sampling interval: 20ms
  Thread calibration: mean lat.: 65.519ms, rate sampling interval: 328ms
  Thread calibration: mean lat.: 29.572ms, rate sampling interval: 21ms
  Thread calibration: mean lat.: 41.894ms, rate sampling interval: 29ms
  Thread calibration: mean lat.: 2.119ms, rate sampling interval: 10ms
  Thread calibration: mean lat.: 2.645ms, rate sampling interval: 10ms
  Thread calibration: mean lat.: 59.099ms, rate sampling interval: 147ms
  Thread calibration: mean lat.: 29.193ms, rate sampling interval: 21ms
  Thread Stats   Avg      Stdev     Max   +/- Stdev
    Latency     3.01ms    8.22ms 215.94ms   98.48%
    Req/Sec     3.25k   538.56    10.30k    76.15%
  Latency Distribution (HdrHistogram - Recorded Latency)
 50.000%    1.97ms
 75.000%    2.98ms
 90.000%    4.14ms
 99.000%   18.00ms
 99.900%  130.56ms
 99.990%  169.34ms
 99.999%  196.74ms
100.000%  216.06ms

  Detailed Percentile spectrum:
       Value   Percentile   TotalCount 1/(1-Percentile)

       0.076     0.000000            1         1.00
       0.769     0.100000      2949809         1.11
       1.100     0.200000      5900890         1.25
       1.383     0.300000      8854561         1.43
       1.662     0.400000     11799719         1.67
       1.968     0.500000     14754761         2.00
       2.141     0.550000     16235195         2.22
       2.327     0.600000     17703422         2.50
       2.529     0.650000     19181741         2.86
       2.745     0.700000     20657070         3.33
       2.979     0.750000     22124690         4.00
       3.107     0.775000     22860151         4.44
       3.249     0.800000     23604427         5.00
       3.407     0.825000     24337617         5.71
       3.593     0.850000     25076508         6.67
       3.823     0.875000     25808510         8.00
       3.965     0.887500     26177361         8.89
       4.135     0.900000     26549122        10.00
       4.339     0.912500     26916824        11.43
       4.599     0.925000     27281763        13.33
       4.959     0.937500     27651932        16.00
       5.195     0.943750     27835059        17.78
       5.495     0.950000     28020456        20.00
       5.879     0.956250     28204520        22.86
       6.379     0.962500     28387806        26.67
       7.035     0.968750     28572092        32.00
       7.431     0.971875     28664205        35.56
       7.895     0.975000     28756621        40.00
       8.495     0.978125     28848958        45.71
       9.399     0.981250     28941276        53.33
      10.935     0.984375     29033030        64.00
      12.063     0.985938     29078915        71.11
      13.543     0.987500     29125086        80.00
      15.823     0.989062     29171119        91.43
      20.143     0.990625     29217244       106.67
      33.279     0.992188     29263249       128.00
      43.135     0.992969     29286338       142.22
      52.575     0.993750     29309405       160.00
      61.759     0.994531     29332423       182.86
      71.295     0.995313     29355486       213.33
      81.151     0.996094     29378479       256.00
      86.463     0.996484     29390020       284.44
      91.903     0.996875     29401606       320.00
      97.599     0.997266     29413061       365.71
     103.743     0.997656     29424624       426.67
     110.335     0.998047     29436140       512.00
     113.919     0.998242     29441837       568.89
     117.759     0.998437     29447622       640.00
     121.983     0.998633     29453346       731.43
     126.399     0.998828     29459165       853.33
     131.071     0.999023     29464899      1024.00
     133.631     0.999121     29467802      1137.78
     136.191     0.999219     29470660      1280.00
     138.879     0.999316     29473547      1462.86
     141.823     0.999414     29476387      1706.67
     145.151     0.999512     29479309      2048.00
     146.943     0.999561     29480809      2275.56
     148.607     0.999609     29482199      2560.00
     150.783     0.999658     29483640      2925.71
     153.471     0.999707     29485036      3413.33
     156.159     0.999756     29486509      4096.00
     157.567     0.999780     29487217      4551.11
     159.359     0.999805     29487914      5120.00
     161.407     0.999829     29488643      5851.43
     163.711     0.999854     29489350      6826.67
     166.399     0.999878     29490074      8192.00
     167.935     0.999890     29490438      9102.22
     169.599     0.999902     29490786     10240.00
     171.263     0.999915     29491164     11702.86
     172.799     0.999927     29491520     13653.33
     174.975     0.999939     29491868     16384.00
     176.383     0.999945     29492045     18204.44
     177.791     0.999951     29492235     20480.00
     179.583     0.999957     29492411     23405.71
     181.375     0.999963     29492590     27306.67
     183.551     0.999969     29492767     32768.00
     184.959     0.999973     29492854     36408.89
     186.879     0.999976     29492947     40960.00
     188.799     0.999979     29493036     46811.43
     190.847     0.999982     29493127     54613.33
     193.151     0.999985     29493215     65536.00
     194.175     0.999986     29493259     72817.78
     195.199     0.999988     29493307     81920.00
     196.095     0.999989     29493349     93622.86
     197.247     0.999991     29493394    109226.67
     198.527     0.999992     29493441    131072.00
     199.167     0.999993     29493466    145635.56
     199.807     0.999994     29493488    163840.00
     200.831     0.999995     29493508    187245.71
     201.855     0.999995     29493531    218453.33
     202.879     0.999996     29493553    262144.00
     203.391     0.999997     29493563    291271.11
     203.903     0.999997     29493574    327680.00
     204.287     0.999997     29493587    374491.43
     204.927     0.999998     29493598    436906.67
     205.311     0.999998     29493608    524288.00
     205.695     0.999998     29493614    582542.22
     206.079     0.999998     29493623    655360.00
     206.207     0.999999     29493626    748982.86
     206.719     0.999999     29493632    873813.33
     207.231     0.999999     29493637   1048576.00
     207.615     0.999999     29493639   1165084.44
     208.255     0.999999     29493643   1310720.00
     209.023     0.999999     29493645   1497965.71
     209.407     0.999999     29493648   1747626.67
     210.047     1.000000     29493650   2097152.00
     210.559     1.000000     29493652   2330168.89
     211.583     1.000000     29493653   2621440.00
     213.503     1.000000     29493655   2995931.43
     214.527     1.000000     29493656   3495253.33
     214.783     1.000000     29493657   4194304.00
     215.039     1.000000     29493658   4660337.78
     215.295     1.000000     29493659   5242880.00
     215.423     1.000000     29493660   5991862.86
     215.423     1.000000     29493660   6990506.67
     215.551     1.000000     29493662   8388608.00
     215.551     1.000000     29493662   9320675.55
     215.551     1.000000     29493662  10485760.00
     215.551     1.000000     29493662  11983725.71
     215.551     1.000000     29493662  13981013.34
     215.807     1.000000     29493663  16777216.00
     215.807     1.000000     29493663  18641351.10
     215.807     1.000000     29493663  20971519.98
     215.807     1.000000     29493663  23967451.45
     215.807     1.000000     29493663  27962026.68
     216.063     1.000000     29493664  33554432.00
     216.063     1.000000     29493664          inf
#[Mean    =        3.013, StdDeviation   =        8.218]
#[Max     =      215.936, Total count    =     29493664]
#[Buckets =           27, SubBuckets     =         2048]
----------------------------------------------------------
  29990844 requests in 10.00m, 4.25GB read
Requests/sec:  49984.71
Transfer/sec:      7.25MB
