Running 10m test @ http://localhost:9999/math/plus?x=1&y=2
  16 threads and 400 connections
  Thread calibration: mean lat.: 18.526ms, rate sampling interval: 10ms
  Thread calibration: mean lat.: 6.000ms, rate sampling interval: 10ms
  Thread calibration: mean lat.: 10.205ms, rate sampling interval: 10ms
  Thread calibration: mean lat.: 22.709ms, rate sampling interval: 13ms
  Thread calibration: mean lat.: 26.909ms, rate sampling interval: 18ms
  Thread calibration: mean lat.: 1.796ms, rate sampling interval: 10ms
  Thread calibration: mean lat.: 5.999ms, rate sampling interval: 10ms
  Thread calibration: mean lat.: 1.792ms, rate sampling interval: 10ms
  Thread calibration: mean lat.: 1.974ms, rate sampling interval: 10ms
  Thread calibration: mean lat.: 10.183ms, rate sampling interval: 10ms
  Thread calibration: mean lat.: 1.805ms, rate sampling interval: 10ms
  Thread calibration: mean lat.: 14.358ms, rate sampling interval: 10ms
  Thread calibration: mean lat.: 42.875ms, rate sampling interval: 30ms
  Thread calibration: mean lat.: 9.997ms, rate sampling interval: 10ms
  Thread calibration: mean lat.: 34.972ms, rate sampling interval: 23ms
  Thread calibration: mean lat.: 1.812ms, rate sampling interval: 10ms
  Thread Stats   Avg      Stdev     Max   +/- Stdev
    Latency     1.56ms    2.44ms  42.24ms   92.93%
    Req/Sec     1.98k   419.16     7.22k    78.12%
  Latency Distribution (HdrHistogram - Recorded Latency)
 50.000%    0.98ms
 75.000%    1.34ms
 90.000%    1.91ms
 99.000%   13.87ms
 99.900%   19.82ms
 99.990%   26.13ms
 99.999%   31.87ms
100.000%   42.27ms

  Detailed Percentile spectrum:
       Value   Percentile   TotalCount 1/(1-Percentile)

       0.060     0.000000            1         1.00
       0.379     0.100000      1777216         1.11
       0.548     0.200000      3540134         1.25
       0.700     0.300000      5319535         1.43
       0.842     0.400000      7084336         1.67
       0.979     0.500000      8849703         2.00
       1.046     0.550000      9735864         2.22
       1.113     0.600000     10618776         2.50
       1.182     0.650000     11504904         2.86
       1.255     0.700000     12392084         3.33
       1.336     0.750000     13281454         4.00
       1.382     0.775000     13717203         4.44
       1.436     0.800000     14162618         5.00
       1.501     0.825000     14603746         5.71
       1.585     0.850000     15044529         6.67
       1.701     0.875000     15484883         8.00
       1.783     0.887500     15705653         8.89
       1.914     0.900000     15927704        10.00
       2.225     0.912500     16148153        11.43
       3.521     0.925000     16369244        13.33
       4.903     0.937500     16590313        16.00
       5.659     0.943750     16701285        17.78
       6.467     0.950000     16811610        20.00
       7.295     0.956250     16922275        22.86
       8.199     0.962500     17033206        26.67
       9.183     0.968750     17143707        32.00
       9.711     0.971875     17198841        35.56
      10.271     0.975000     17253826        40.00
      10.879     0.978125     17309139        45.71
      11.559     0.981250     17364532        53.33
      12.287     0.984375     17419812        64.00
      12.679     0.985938     17447878        71.11
      13.095     0.987500     17475296        80.00
      13.559     0.989062     17502757        91.43
      14.079     0.990625     17530403       106.67
      14.647     0.992188     17558302       128.00
      14.951     0.992969     17571862       142.22
      15.279     0.993750     17585887       160.00
      15.631     0.994531     17599660       182.86
      16.023     0.995313     17613501       213.33
      16.479     0.996094     17627511       256.00
      16.735     0.996484     17634308       284.44
      17.023     0.996875     17641237       320.00
      17.327     0.997266     17647922       365.71
      17.695     0.997656     17654878       426.67
      18.127     0.998047     17661744       512.00
      18.383     0.998242     17665146       568.89
      18.687     0.998437     17668680       640.00
      19.039     0.998633     17672161       731.43
      19.423     0.998828     17675525       853.33
      19.887     0.999023     17678996      1024.00
      20.175     0.999121     17680714      1137.78
      20.479     0.999219     17682406      1280.00
      20.863     0.999316     17684138      1462.86
      21.311     0.999414     17685914      1706.67
      21.839     0.999512     17687590      2048.00
      22.143     0.999561     17688464      2275.56
      22.527     0.999609     17689327      2560.00
      22.943     0.999658     17690179      2925.71
      23.391     0.999707     17691047      3413.33
      23.903     0.999756     17691917      4096.00
      24.175     0.999780     17692339      4551.11
      24.479     0.999805     17692775      5120.00
      24.815     0.999829     17693221      5851.43
      25.215     0.999854     17693638      6826.67
      25.647     0.999878     17694071      8192.00
      25.903     0.999890     17694289      9102.22
      26.159     0.999902     17694505     10240.00
      26.447     0.999915     17694718     11702.86
      26.799     0.999927     17694931     13653.33
      27.279     0.999939     17695154     16384.00
      27.503     0.999945     17695255     18204.44
      27.807     0.999951     17695367     20480.00
      28.063     0.999957     17695471     23405.71
      28.447     0.999963     17695578     27306.67
      28.975     0.999969     17695688     32768.00
      29.311     0.999973     17695740     36408.89
      29.711     0.999976     17695794     40960.00
      30.031     0.999979     17695849     46811.43
      30.495     0.999982     17695902     54613.33
      30.943     0.999985     17695956     65536.00
      31.135     0.999986     17695983     72817.78
      31.439     0.999988     17696010     81920.00
      31.743     0.999989     17696037     93622.86
      32.063     0.999991     17696064    109226.67
      32.495     0.999992     17696092    131072.00
      32.735     0.999993     17696106    145635.56
      33.023     0.999994     17696118    163840.00
      33.439     0.999995     17696132    187245.71
      33.759     0.999995     17696146    218453.33
      34.111     0.999996     17696159    262144.00
      34.367     0.999997     17696166    291271.11
      34.559     0.999997     17696173    327680.00
      34.879     0.999997     17696179    374491.43
      35.199     0.999998     17696187    436906.67
      35.327     0.999998     17696193    524288.00
      35.423     0.999998     17696196    582542.22
      35.615     0.999998     17696200    655360.00
      35.839     0.999999     17696203    748982.86
      36.287     0.999999     17696206    873813.33
      36.351     0.999999     17696210   1048576.00
      36.447     0.999999     17696211   1165084.44
      36.671     0.999999     17696214   1310720.00
      36.735     0.999999     17696217   1497965.71
      36.735     0.999999     17696217   1747626.67
      36.767     1.000000     17696218   2097152.00
      36.831     1.000000     17696219   2330168.89
      36.863     1.000000     17696220   2621440.00
      36.959     1.000000     17696221   2995931.43
      36.959     1.000000     17696221   3495253.33
      38.399     1.000000     17696222   4194304.00
      38.751     1.000000     17696223   4660337.78
      38.751     1.000000     17696223   5242880.00
      39.135     1.000000     17696224   5991862.86
      39.135     1.000000     17696224   6990506.67
      39.135     1.000000     17696224   8388608.00
      41.375     1.000000     17696225   9320675.55
      41.375     1.000000     17696225  10485760.00
      41.375     1.000000     17696225  11983725.71
      41.375     1.000000     17696225  13981013.34
      41.375     1.000000     17696225  16777216.00
      42.271     1.000000     17696226  18641351.10
      42.271     1.000000     17696226          inf
#[Mean    =        1.556, StdDeviation   =        2.439]
#[Max     =       42.240, Total count    =     17696226]
#[Buckets =           27, SubBuckets     =         2048]
----------------------------------------------------------
  17996451 requests in 10.00m, 2.55GB read
Requests/sec:  29994.07
Transfer/sec:      4.35MB
