Running 10m test @ http://localhost:9999/math/plus?x=1&y=2
  16 threads and 400 connections
  Thread calibration: mean lat.: 24.252ms, rate sampling interval: 28ms
  Thread calibration: mean lat.: 15.533ms, rate sampling interval: 25ms
  Thread calibration: mean lat.: 32.877ms, rate sampling interval: 38ms
  Thread calibration: mean lat.: 24.493ms, rate sampling interval: 29ms
  Thread calibration: mean lat.: 24.379ms, rate sampling interval: 29ms
  Thread calibration: mean lat.: 3.236ms, rate sampling interval: 18ms
  Thread calibration: mean lat.: 3.224ms, rate sampling interval: 17ms
  Thread calibration: mean lat.: 3.446ms, rate sampling interval: 18ms
  Thread calibration: mean lat.: 28.392ms, rate sampling interval: 32ms
  Thread calibration: mean lat.: 3.265ms, rate sampling interval: 18ms
  Thread calibration: mean lat.: 3.377ms, rate sampling interval: 18ms
  Thread calibration: mean lat.: 58.343ms, rate sampling interval: 134ms
  Thread calibration: mean lat.: 28.574ms, rate sampling interval: 31ms
  Thread calibration: mean lat.: 24.485ms, rate sampling interval: 29ms
  Thread calibration: mean lat.: 57.979ms, rate sampling interval: 122ms
  Thread calibration: mean lat.: 66.472ms, rate sampling interval: 374ms
  Thread Stats   Avg      Stdev     Max   +/- Stdev
    Latency     2.03ms    2.41ms  46.69ms   86.70%
    Req/Sec     1.92k   335.05     5.18k    75.83%
  Latency Distribution (HdrHistogram - Recorded Latency)
 50.000%    1.20ms
 75.000%    1.79ms
 90.000%    5.52ms
 99.000%   11.30ms
 99.900%   17.18ms
 99.990%   26.77ms
 99.999%   38.24ms
100.000%   46.72ms

  Detailed Percentile spectrum:
       Value   Percentile   TotalCount 1/(1-Percentile)

       0.062     0.000000            1         1.00
       0.475     0.100000      1770681         1.11
       0.682     0.200000      3542269         1.25
       0.864     0.300000      5308994         1.43
       1.034     0.400000      7082533         1.67
       1.202     0.500000      8854697         2.00
       1.289     0.550000      9733656         2.22
       1.383     0.600000     10623062         2.50
       1.489     0.650000     11509238         2.86
       1.616     0.700000     12388450         3.33
       1.788     0.750000     13275454         4.00
       1.910     0.775000     13715870         4.44
       2.101     0.800000     14159683         5.00
       2.553     0.825000     14599748         5.71
       3.705     0.850000     15042216         6.67
       4.727     0.875000     15484936         8.00
       5.135     0.887500     15707144         8.89
       5.523     0.900000     15928470        10.00
       5.923     0.912500     16148209        11.43
       6.379     0.925000     16369747        13.33
       6.915     0.937500     16590856        16.00
       7.215     0.943750     16701037        17.78
       7.547     0.950000     16811839        20.00
       7.923     0.956250     16922390        22.86
       8.351     0.962500     17033791        26.67
       8.815     0.968750     17143547        32.00
       9.071     0.971875     17199517        35.56
       9.343     0.975000     17254263        40.00
       9.647     0.978125     17309543        45.71
       9.999     0.981250     17365268        53.33
      10.391     0.984375     17420151        64.00
      10.607     0.985938     17447709        71.11
      10.847     0.987500     17475130        80.00
      11.119     0.989062     17502702        91.43
      11.439     0.990625     17530815       106.67
      11.807     0.992188     17558026       128.00
      12.031     0.992969     17572129       142.22
      12.279     0.993750     17585667       160.00
      12.583     0.994531     17599662       182.86
      12.927     0.995313     17613463       213.33
      13.335     0.996094     17627155       256.00
      13.591     0.996484     17634056       284.44
      13.879     0.996875     17640849       320.00
      14.247     0.997266     17647881       365.71
      14.647     0.997656     17654711       426.67
      15.135     0.998047     17661587       512.00
      15.431     0.998242     17665099       568.89
      15.791     0.998437     17668546       640.00
      16.199     0.998633     17672003       731.43
      16.687     0.998828     17675458       853.33
      17.263     0.999023     17678933      1024.00
      17.631     0.999121     17680619      1137.78
      18.079     0.999219     17682361      1280.00
      18.543     0.999316     17684074      1462.86
      19.071     0.999414     17685800      1706.67
      19.679     0.999512     17687519      2048.00
      20.047     0.999561     17688385      2275.56
      20.495     0.999609     17689248      2560.00
      20.991     0.999658     17690107      2925.71
      21.567     0.999707     17690982      3413.33
      22.351     0.999756     17691827      4096.00
      22.831     0.999780     17692259      4551.11
      23.343     0.999805     17692696      5120.00
      23.983     0.999829     17693129      5851.43
      24.687     0.999854     17693559      6826.67
      25.631     0.999878     17693993      8192.00
      26.239     0.999890     17694207      9102.22
      26.879     0.999902     17694419     10240.00
      27.663     0.999915     17694635     11702.86
      28.511     0.999927     17694855     13653.33
      29.439     0.999939     17695067     16384.00
      30.031     0.999945     17695176     18204.44
      30.655     0.999951     17695284     20480.00
      31.247     0.999957     17695391     23405.71
      31.823     0.999963     17695501     27306.67
      32.607     0.999969     17695608     32768.00
      33.119     0.999973     17695661     36408.89
      33.567     0.999976     17695718     40960.00
      34.111     0.999979     17695771     46811.43
      34.815     0.999982     17695824     54613.33
      35.935     0.999985     17695877     65536.00
      36.639     0.999986     17695904     72817.78
      37.215     0.999988     17695934     81920.00
      37.983     0.999989     17695958     93622.86
      38.655     0.999991     17695986    109226.67
      39.295     0.999992     17696012    131072.00
      39.551     0.999993     17696026    145635.56
      39.775     0.999994     17696042    163840.00
      40.159     0.999995     17696055    187245.71
      40.511     0.999995     17696066    218453.33
      40.991     0.999996     17696080    262144.00
      41.343     0.999997     17696088    291271.11
      41.631     0.999997     17696093    327680.00
      42.207     0.999997     17696100    374491.43
      42.623     0.999998     17696107    436906.67
      43.071     0.999998     17696114    524288.00
      43.295     0.999998     17696117    582542.22
      43.423     0.999998     17696120    655360.00
      43.743     0.999999     17696124    748982.86
      43.935     0.999999     17696127    873813.33
      44.767     0.999999     17696131   1048576.00
      44.799     0.999999     17696132   1165084.44
      44.895     0.999999     17696134   1310720.00
      45.055     0.999999     17696136   1497965.71
      45.087     0.999999     17696138   1747626.67
      45.183     1.000000     17696140   2097152.00
      45.183     1.000000     17696140   2330168.89
      45.215     1.000000     17696142   2621440.00
      45.215     1.000000     17696142   2995931.43
      45.215     1.000000     17696142   3495253.33
      45.503     1.000000     17696143   4194304.00
      45.663     1.000000     17696144   4660337.78
      45.663     1.000000     17696144   5242880.00
      46.271     1.000000     17696145   5991862.86
      46.271     1.000000     17696145   6990506.67
      46.271     1.000000     17696145   8388608.00
      46.367     1.000000     17696146   9320675.55
      46.367     1.000000     17696146  10485760.00
      46.367     1.000000     17696146  11983725.71
      46.367     1.000000     17696146  13981013.34
      46.367     1.000000     17696146  16777216.00
      46.719     1.000000     17696147  18641351.10
      46.719     1.000000     17696147          inf
#[Mean    =        2.026, StdDeviation   =        2.415]
#[Max     =       46.688, Total count    =     17696147]
#[Buckets =           27, SubBuckets     =         2048]
----------------------------------------------------------
  17994426 requests in 10.00m, 2.55GB read
Requests/sec:  29990.71
Transfer/sec:      4.35MB
