Running 10m test @ http://localhost:9999/math/plus?x=1&y=2
  16 threads and 400 connections
  Thread calibration: mean lat.: 19.342ms, rate sampling interval: 10ms
  Thread calibration: mean lat.: 2.399ms, rate sampling interval: 10ms
  Thread calibration: mean lat.: 41.000ms, rate sampling interval: 11ms
  Thread calibration: mean lat.: 2.855ms, rate sampling interval: 10ms
  Thread calibration: mean lat.: 15.137ms, rate sampling interval: 10ms
  Thread calibration: mean lat.: 15.012ms, rate sampling interval: 10ms
  Thread calibration: mean lat.: 10.813ms, rate sampling interval: 10ms
  Thread calibration: mean lat.: 15.231ms, rate sampling interval: 10ms
  Thread calibration: mean lat.: 45.197ms, rate sampling interval: 10ms
  Thread calibration: mean lat.: 19.437ms, rate sampling interval: 10ms
  Thread calibration: mean lat.: 62.554ms, rate sampling interval: 290ms
  Thread calibration: mean lat.: 19.204ms, rate sampling interval: 10ms
  Thread calibration: mean lat.: 15.015ms, rate sampling interval: 10ms
  Thread calibration: mean lat.: 45.315ms, rate sampling interval: 11ms
  Thread calibration: mean lat.: 63.035ms, rate sampling interval: 298ms
  Thread calibration: mean lat.: 1.375ms, rate sampling interval: 10ms
  Thread Stats   Avg      Stdev     Max   +/- Stdev
    Latency     2.35ms    1.40ms  26.77ms   71.81%
    Req/Sec   659.01    634.27     2.78k    66.57%
  Latency Distribution (HdrHistogram - Recorded Latency)
 50.000%    2.05ms
 75.000%    3.08ms
 90.000%    4.35ms
 99.000%    6.37ms
 99.900%    8.89ms
 99.990%   14.31ms
 99.999%   21.41ms
100.000%   26.78ms

  Detailed Percentile spectrum:
       Value   Percentile   TotalCount 1/(1-Percentile)

       0.079     0.000000            1         1.00
       0.854     0.100000       590292         1.11
       1.174     0.200000      1181127         1.25
       1.447     0.300000      1771107         1.43
       1.737     0.400000      2361105         1.67
       2.051     0.500000      2951777         2.00
       2.223     0.550000      3246332         2.22
       2.407     0.600000      3539221         2.50
       2.609     0.650000      3834535         2.86
       2.831     0.700000      4129644         3.33
       3.083     0.750000      4425735         4.00
       3.223     0.775000      4572660         4.44
       3.379     0.800000      4719968         5.00
       3.563     0.825000      4866527         5.71
       3.781     0.850000      5014568         6.67
       4.039     0.875000      5161349         8.00
       4.191     0.887500      5236747         8.89
       4.351     0.900000      5310175        10.00
       4.519     0.912500      5382972        11.43
       4.699     0.925000      5456266        13.33
       4.891     0.937500      5530133        16.00
       4.991     0.943750      5567088        17.78
       5.099     0.950000      5604899        20.00
       5.211     0.956250      5641496        22.86
       5.331     0.962500      5678105        26.67
       5.467     0.968750      5714873        32.00
       5.543     0.971875      5732824        35.56
       5.631     0.975000      5751962        40.00
       5.723     0.978125      5769818        45.71
       5.835     0.981250      5788408        53.33
       5.971     0.984375      5806678        64.00
       6.055     0.985938      5815753        71.11
       6.159     0.987500      5825130        80.00
       6.283     0.989062      5834180        91.43
       6.439     0.990625      5843358       106.67
       6.647     0.992188      5852654       128.00
       6.767     0.992969      5857228       142.22
       6.903     0.993750      5861885       160.00
       7.071     0.994531      5866450       182.86
       7.251     0.995313      5871021       213.33
       7.475     0.996094      5875600       256.00
       7.591     0.996484      5877908       284.44
       7.715     0.996875      5880241       320.00
       7.855     0.997266      5882518       365.71
       8.015     0.997656      5884838       426.67
       8.199     0.998047      5887174       512.00
       8.303     0.998242      5888324       568.89
       8.415     0.998437      5889423       640.00
       8.559     0.998633      5890618       731.43
       8.711     0.998828      5891772       853.33
       8.919     0.999023      5892895      1024.00
       9.047     0.999121      5893455      1137.78
       9.215     0.999219      5894032      1280.00
       9.447     0.999316      5894609      1462.86
       9.727     0.999414      5895185      1706.67
      10.119     0.999512      5895760      2048.00
      10.407     0.999561      5896040      2275.56
      10.791     0.999609      5896338      2560.00
      11.119     0.999658      5896614      2925.71
      11.399     0.999707      5896902      3413.33
      11.655     0.999756      5897191      4096.00
      11.839     0.999780      5897335      4551.11
      12.143     0.999805      5897478      5120.00
      12.503     0.999829      5897622      5851.43
      12.983     0.999854      5897767      6826.67
      13.607     0.999878      5897911      8192.00
      14.031     0.999890      5897982      9102.22
      14.391     0.999902      5898055     10240.00
      14.839     0.999915      5898126     11702.86
      15.623     0.999927      5898199     13653.33
      16.319     0.999939      5898270     16384.00
      16.671     0.999945      5898306     18204.44
      17.167     0.999951      5898343     20480.00
      17.791     0.999957      5898378     23405.71
      18.287     0.999963      5898416     27306.67
      18.831     0.999969      5898450     32768.00
      19.215     0.999973      5898470     36408.89
      19.471     0.999976      5898486     40960.00
      19.839     0.999979      5898504     46811.43
      20.287     0.999982      5898522     54613.33
      20.639     0.999985      5898540     65536.00
      20.831     0.999986      5898551     72817.78
      21.055     0.999988      5898558     81920.00
      21.295     0.999989      5898569     93622.86
      21.647     0.999991      5898576    109226.67
      22.031     0.999992      5898586    131072.00
      22.191     0.999993      5898591    145635.56
      22.319     0.999994      5898594    163840.00
      22.527     0.999995      5898599    187245.71
      22.703     0.999995      5898603    218453.33
      23.087     0.999996      5898609    262144.00
      23.199     0.999997      5898610    291271.11
      23.743     0.999997      5898612    327680.00
      24.031     0.999997      5898616    374491.43
      24.335     0.999998      5898617    436906.67
      24.511     0.999998      5898619    524288.00
      24.543     0.999998      5898620    582542.22
      24.623     0.999998      5898621    655360.00
      24.719     0.999999      5898623    748982.86
      25.935     0.999999      5898624    873813.33
      26.431     0.999999      5898625   1048576.00
      26.431     0.999999      5898625   1165084.44
      26.463     0.999999      5898626   1310720.00
      26.655     0.999999      5898627   1497965.71
      26.655     0.999999      5898627   1747626.67
      26.687     1.000000      5898628   2097152.00
      26.687     1.000000      5898628   2330168.89
      26.687     1.000000      5898628   2621440.00
      26.783     1.000000      5898630   2995931.43
      26.783     1.000000      5898630          inf
#[Mean    =        2.352, StdDeviation   =        1.396]
#[Max     =       26.768, Total count    =      5898630]
#[Buckets =           27, SubBuckets     =         2048]
----------------------------------------------------------
  5997655 requests in 10.00m, 869.41MB read
Requests/sec:   9996.07
Transfer/sec:      1.45MB
