Running 10m test @ http://localhost:9999/math/plus?x=1&y=2
  16 threads and 400 connections
  Thread calibration: mean lat.: 164.664ms, rate sampling interval: 1989ms
  Thread calibration: mean lat.: 279.005ms, rate sampling interval: 2109ms
  Thread calibration: mean lat.: 633.064ms, rate sampling interval: 2183ms
  Thread calibration: mean lat.: 292.951ms, rate sampling interval: 2086ms
  Thread calibration: mean lat.: 294.486ms, rate sampling interval: 2082ms
  Thread calibration: mean lat.: 642.501ms, rate sampling interval: 2234ms
  Thread calibration: mean lat.: 109.883ms, rate sampling interval: 424ms
  Thread calibration: mean lat.: 173.478ms, rate sampling interval: 1959ms
  Thread calibration: mean lat.: 405.567ms, rate sampling interval: 2144ms
  Thread calibration: mean lat.: 399.350ms, rate sampling interval: 2152ms
  Thread calibration: mean lat.: 84.552ms, rate sampling interval: 315ms
  Thread calibration: mean lat.: 73.381ms, rate sampling interval: 285ms
  Thread calibration: mean lat.: 981.936ms, rate sampling interval: 2254ms
  Thread calibration: mean lat.: 750.508ms, rate sampling interval: 2695ms
  Thread calibration: mean lat.: 302.843ms, rate sampling interval: 2064ms
  Thread calibration: mean lat.: 449.736ms, rate sampling interval: 2179ms
  Thread Stats   Avg      Stdev     Max   +/- Stdev
    Latency    35.14s    22.24s    1.36m    57.58%
    Req/Sec     3.28k   110.09     3.96k    78.35%
  Latency Distribution (HdrHistogram - Recorded Latency)
 50.000%   34.21s 
 75.000%    0.90m 
 90.000%    1.11m 
 99.000%    1.27m 
 99.900%    1.33m 
 99.990%    1.35m 
 99.999%    1.36m 
100.000%    1.37m 

  Detailed Percentile spectrum:
       Value   Percentile   TotalCount 1/(1-Percentile)

       1.989     0.000000            1         1.00
    5070.847     0.100000      3092634         1.11
   11960.319     0.200000      6187001         1.25
   19136.511     0.300000      9278385         1.43
   26460.159     0.400000     12371830         1.67
   34209.791     0.500000     15464238         2.00
   38109.183     0.550000     17018799         2.22
   42008.575     0.600000     18561456         2.50
   46104.575     0.650000     20112958         2.86
   50298.879     0.700000     21655916         3.33
   54296.575     0.750000     23196531         4.00
   56295.423     0.775000     23975646         4.44
   58294.271     0.800000     24751379         5.00
   60260.351     0.825000     25514817         5.71
   62259.199     0.850000     26290290         6.67
   64290.815     0.875000     27067552         8.00
   65306.623     0.887500     27449580         8.89
   66355.199     0.900000     27841381        10.00
   67436.543     0.912500     28243760        11.43
   68485.119     0.925000     28624022        13.33
   69599.231     0.937500     29003833        16.00
   70189.055     0.943750     29194233        17.78
   70844.415     0.950000     29393974        20.00
   71499.775     0.956250     29582338        22.86
   72220.671     0.962500     29774375        26.67
   73007.103     0.968750     29969501        32.00
   73400.319     0.971875     30059596        35.56
   73859.071     0.975000     30159930        40.00
   74317.823     0.978125     30255071        45.71
   74842.111     0.981250     30356592        53.33
   75366.399     0.984375     30450029        64.00
   75628.543     0.985938     30494007        71.11
   75956.223     0.987500     30545829        80.00
   76283.903     0.989062     30594604        91.43
   76611.583     0.990625     30639746       106.67
   77004.799     0.992188     30688477       128.00
   77201.407     0.992969     30711185       142.22
   77398.015     0.993750     30733092       160.00
   77660.159     0.994531     30760090       182.86
   77922.303     0.995313     30784150       213.33
   78184.447     0.996094     30805869       256.00
   78381.055     0.996484     30821063       284.44
   78512.127     0.996875     30830600       320.00
   78708.735     0.997266     30844032       365.71
   78905.343     0.997656     30855914       426.67
   79101.951     0.998047     30866924       512.00
   79233.023     0.998242     30873498       568.89
   79364.095     0.998437     30879552       640.00
   79495.167     0.998633     30885297       731.43
   79626.239     0.998828     30890622       853.33
   79757.311     0.999023     30895559      1024.00
   79888.383     0.999121     30899971      1137.78
   79953.919     0.999219     30901999      1280.00
   80084.991     0.999316     30905480      1462.86
   80150.527     0.999414     30907270      1706.67
   80281.599     0.999512     30910533      2048.00
   80347.135     0.999561     30912071      2275.56
   80412.671     0.999609     30913496      2560.00
   80478.207     0.999658     30914941      2925.71
   80543.743     0.999707     30916222      3413.33
   80674.815     0.999756     30918645      4096.00
   80674.815     0.999780     30918645      4551.11
   80740.351     0.999805     30919576      5120.00
   80805.887     0.999829     30920333      5851.43
   80871.423     0.999854     30920997      6826.67
   80936.959     0.999878     30921609      8192.00
   81002.495     0.999890     30922156      9102.22
   81068.031     0.999902     30922691     10240.00
   81068.031     0.999915     30922691     11702.86
   81133.567     0.999927     30923152     13653.33
   81199.103     0.999939     30923537     16384.00
   81264.639     0.999945     30923889     18204.44
   81264.639     0.999951     30923889     20480.00
   81330.175     0.999957     30924251     23405.71
   81330.175     0.999963     30924251     27306.67
   81395.711     0.999969     30924486     32768.00
   81395.711     0.999973     30924486     36408.89
   81461.247     0.999976     30924660     40960.00
   81461.247     0.999979     30924660     46811.43
   81526.783     0.999982     30924820     54613.33
   81526.783     0.999985     30924820     65536.00
   81592.319     0.999986     30924929     72817.78
   81592.319     0.999988     30924929     81920.00
   81657.855     0.999989     30925061     93622.86
   81657.855     0.999991     30925061    109226.67
   81657.855     0.999992     30925061    131072.00
   81657.855     0.999993     30925061    145635.56
   81723.391     0.999994     30925134    163840.00
   81723.391     0.999995     30925134    187245.71
   81723.391     0.999995     30925134    218453.33
   81788.927     0.999996     30925196    262144.00
   81788.927     0.999997     30925196    291271.11
   81788.927     0.999997     30925196    327680.00
   81788.927     0.999997     30925196    374491.43
   81854.463     0.999998     30925257    436906.67
   81854.463     0.999998     30925257    524288.00
   81854.463     0.999998     30925257    582542.22
   81854.463     0.999998     30925257    655360.00
   81854.463     0.999999     30925257    748982.86
   81854.463     0.999999     30925257    873813.33
   81854.463     0.999999     30925257   1048576.00
   81854.463     0.999999     30925257   1165084.44
   81854.463     0.999999     30925257   1310720.00
   81854.463     0.999999     30925257   1497965.71
   81854.463     0.999999     30925257   1747626.67
   81854.463     1.000000     30925257   2097152.00
   81854.463     1.000000     30925257   2330168.89
   81919.999     1.000000     30925269   2621440.00
   81919.999     1.000000     30925269          inf
#[Mean    =    35144.245, StdDeviation   =    22242.038]
#[Max     =    81854.464, Total count    =     30925269]
#[Buckets =           27, SubBuckets     =         2048]
----------------------------------------------------------
  31502915 requests in 10.00m, 4.46GB read
Requests/sec:  52504.71
Transfer/sec:      7.61MB
