Running 10m test @ http://localhost:9999/math/plus?x=1&y=2
  16 threads and 400 connections
  Thread calibration: mean lat.: 14.414ms, rate sampling interval: 48ms
  Thread calibration: mean lat.: 51.004ms, rate sampling interval: 64ms
  Thread calibration: mean lat.: 10.164ms, rate sampling interval: 45ms
  Thread calibration: mean lat.: 51.407ms, rate sampling interval: 65ms
  Thread calibration: mean lat.: 6.002ms, rate sampling interval: 42ms
  Thread calibration: mean lat.: 5.775ms, rate sampling interval: 44ms
  Thread calibration: mean lat.: 18.407ms, rate sampling interval: 48ms
  Thread calibration: mean lat.: 59.399ms, rate sampling interval: 115ms
  Thread calibration: mean lat.: 10.161ms, rate sampling interval: 45ms
  Thread calibration: mean lat.: 6.153ms, rate sampling interval: 44ms
  Thread calibration: mean lat.: 6.201ms, rate sampling interval: 44ms
  Thread calibration: mean lat.: 6.324ms, rate sampling interval: 44ms
  Thread calibration: mean lat.: 6.474ms, rate sampling interval: 45ms
  Thread calibration: mean lat.: 34.730ms, rate sampling interval: 56ms
  Thread calibration: mean lat.: 51.396ms, rate sampling interval: 64ms
  Thread calibration: mean lat.: 55.278ms, rate sampling interval: 69ms
  Thread Stats   Avg      Stdev     Max   +/- Stdev
    Latency     3.86ms    5.88ms  55.97ms   87.87%
    Req/Sec     3.16k   437.03     6.23k    81.90%
  Latency Distribution (HdrHistogram - Recorded Latency)
 50.000%    1.67ms
 75.000%    2.75ms
 90.000%   12.49ms
 99.000%   26.53ms
 99.900%   34.56ms
 99.990%   42.91ms
 99.999%   49.41ms
100.000%   56.00ms

  Detailed Percentile spectrum:
       Value   Percentile   TotalCount 1/(1-Percentile)

       0.062     0.000000            1         1.00
       0.609     0.100000      2949617         1.11
       0.912     0.200000      5899378         1.25
       1.170     0.300000      8857178         1.43
       1.412     0.400000     11799121         1.67
       1.672     0.500000     14751252         2.00
       1.823     0.550000     16229197         2.22
       1.997     0.600000     17697385         2.50
       2.201     0.650000     19184802         2.86
       2.437     0.700000     20652389         3.33
       2.749     0.750000     22122539         4.00
       2.987     0.775000     22862863         4.44
       3.409     0.800000     23597213         5.00
       4.295     0.825000     24333587         5.71
       6.387     0.850000     25071240         6.67
       9.255     0.875000     25808783         8.00
      10.887     0.887500     26177826         8.89
      12.495     0.900000     26545177        10.00
      14.151     0.912500     26915318        11.43
      15.783     0.925000     27282812        13.33
      17.391     0.937500     27652242        16.00
      18.223     0.943750     27838014        17.78
      19.071     0.950000     28021459        20.00
      19.935     0.956250     28204341        22.86
      20.847     0.962500     28388801        26.67
      21.839     0.968750     28574409        32.00
      22.367     0.971875     28666913        35.56
      22.911     0.975000     28758404        40.00
      23.503     0.978125     28851315        45.71
      24.127     0.981250     28942055        53.33
      24.847     0.984375     29034932        64.00
      25.247     0.985938     29080345        71.11
      25.695     0.987500     29126484        80.00
      26.207     0.989062     29173132        91.43
      26.767     0.990625     29218881       106.67
      27.407     0.992188     29264532       128.00
      27.775     0.992969     29287942       142.22
      28.175     0.993750     29310822       160.00
      28.623     0.994531     29333677       182.86
      29.135     0.995313     29356698       213.33
      29.743     0.996094     29379509       256.00
      30.095     0.996484     29391092       284.44
      30.495     0.996875     29402797       320.00
      30.943     0.997266     29414054       365.71
      31.487     0.997656     29425726       426.67
      32.095     0.998047     29436995       512.00
      32.479     0.998242     29442801       568.89
      32.895     0.998437     29448552       640.00
      33.375     0.998633     29454246       731.43
      33.951     0.998828     29460034       853.33
      34.655     0.999023     29465798      1024.00
      35.071     0.999121     29468737      1137.78
      35.519     0.999219     29471680      1280.00
      35.999     0.999316     29474571      1462.86
      36.543     0.999414     29477344      1706.67
      37.215     0.999512     29480236      2048.00
      37.599     0.999561     29481658      2275.56
      38.015     0.999609     29483065      2560.00
      38.527     0.999658     29484544      2925.71
      39.135     0.999707     29485970      3413.33
      39.743     0.999756     29487393      4096.00
      40.063     0.999780     29488102      4551.11
      40.511     0.999805     29488853      5120.00
      40.959     0.999829     29489549      5851.43
      41.471     0.999854     29490258      6826.67
      42.143     0.999878     29490974      8192.00
      42.559     0.999890     29491344      9102.22
      43.007     0.999902     29491708     10240.00
      43.487     0.999915     29492071     11702.86
      44.063     0.999927     29492423     13653.33
      44.703     0.999939     29492772     16384.00
      45.119     0.999945     29492955     18204.44
      45.503     0.999951     29493128     20480.00
      46.047     0.999957     29493317     23405.71
      46.495     0.999963     29493497     27306.67
      46.975     0.999969     29493666     32768.00
      47.263     0.999973     29493756     36408.89
      47.615     0.999976     29493851     40960.00
      47.967     0.999979     29493943     46811.43
      48.255     0.999982     29494027     54613.33
      48.703     0.999985     29494123     65536.00
      48.895     0.999986     29494167     72817.78
      49.087     0.999988     29494211     81920.00
      49.311     0.999989     29494255     93622.86
      49.535     0.999991     29494298    109226.67
      49.759     0.999992     29494341    131072.00
      50.015     0.999993     29494365    145635.56
      50.207     0.999994     29494386    163840.00
      50.367     0.999995     29494409    187245.71
      50.623     0.999995     29494432    218453.33
      50.847     0.999996     29494455    262144.00
      50.975     0.999997     29494465    291271.11
      51.167     0.999997     29494477    327680.00
      51.295     0.999997     29494489    374491.43
      51.519     0.999998     29494500    436906.67
      51.743     0.999998     29494511    524288.00
      51.871     0.999998     29494516    582542.22
      51.967     0.999998     29494521    655360.00
      52.063     0.999999     29494528    748982.86
      52.127     0.999999     29494533    873813.33
      52.223     0.999999     29494538   1048576.00
      52.351     0.999999     29494541   1165084.44
      52.543     0.999999     29494544   1310720.00
      53.119     0.999999     29494547   1497965.71
      53.535     0.999999     29494550   1747626.67
      53.727     1.000000     29494552   2097152.00
      54.175     1.000000     29494554   2330168.89
      54.399     1.000000     29494555   2621440.00
      54.655     1.000000     29494557   2995931.43
      54.847     1.000000     29494558   3495253.33
      55.039     1.000000     29494559   4194304.00
      55.135     1.000000     29494560   4660337.78
      55.615     1.000000     29494561   5242880.00
      55.711     1.000000     29494562   5991862.86
      55.711     1.000000     29494562   6990506.67
      55.743     1.000000     29494563   8388608.00
      55.743     1.000000     29494563   9320675.55
      55.839     1.000000     29494564  10485760.00
      55.839     1.000000     29494564  11983725.71
      55.839     1.000000     29494564  13981013.34
      55.935     1.000000     29494565  16777216.00
      55.935     1.000000     29494565  18641351.10
      55.935     1.000000     29494565  20971519.98
      55.935     1.000000     29494565  23967451.45
      55.935     1.000000     29494565  27962026.68
      55.999     1.000000     29494566  33554432.00
      55.999     1.000000     29494566          inf
#[Mean    =        3.857, StdDeviation   =        5.880]
#[Max     =       55.968, Total count    =     29494566]
#[Buckets =           27, SubBuckets     =         2048]
----------------------------------------------------------
  29990869 requests in 10.00m, 4.25GB read
Requests/sec:  49984.80
Transfer/sec:      7.25MB
