Running 10m test @ http://localhost:9999/math/plus?x=1&y=2
  16 threads and 400 connections
  Thread calibration: mean lat.: 37.077ms, rate sampling interval: 14ms
  Thread calibration: mean lat.: 19.659ms, rate sampling interval: 12ms
  Thread calibration: mean lat.: 10.804ms, rate sampling interval: 10ms
  Thread calibration: mean lat.: 23.965ms, rate sampling interval: 13ms
  Thread calibration: mean lat.: 19.655ms, rate sampling interval: 11ms
  Thread calibration: mean lat.: 62.839ms, rate sampling interval: 287ms
  Thread calibration: mean lat.: 2.478ms, rate sampling interval: 10ms
  Thread calibration: mean lat.: 2.477ms, rate sampling interval: 10ms
  Thread calibration: mean lat.: 2.491ms, rate sampling interval: 10ms
  Thread calibration: mean lat.: 2.563ms, rate sampling interval: 11ms
  Thread calibration: mean lat.: 45.917ms, rate sampling interval: 16ms
  Thread calibration: mean lat.: 2.408ms, rate sampling interval: 10ms
  Thread calibration: mean lat.: 41.492ms, rate sampling interval: 15ms
  Thread calibration: mean lat.: 3.237ms, rate sampling interval: 12ms
  Thread calibration: mean lat.: 32.875ms, rate sampling interval: 14ms
  Thread calibration: mean lat.: 24.357ms, rate sampling interval: 13ms
  Thread Stats   Avg      Stdev     Max   +/- Stdev
    Latency     2.83ms    2.07ms  32.54ms   73.18%
    Req/Sec   653.89    344.22     2.44k    54.68%
  Latency Distribution (HdrHistogram - Recorded Latency)
 50.000%    2.24ms
 75.000%    3.89ms
 90.000%    5.95ms
 99.000%    8.69ms
 99.900%   13.54ms
 99.990%   19.31ms
 99.999%   24.05ms
100.000%   32.56ms

  Detailed Percentile spectrum:
       Value   Percentile   TotalCount 1/(1-Percentile)

       0.075     0.000000            1         1.00
       0.779     0.100000       590858         1.11
       1.096     0.200000      1180345         1.25
       1.383     0.300000      1771025         1.43
       1.735     0.400000      2360025         1.67
       2.237     0.500000      2951371         2.00
       2.513     0.550000      3245270         2.22
       2.797     0.600000      3541038         2.50
       3.095     0.650000      3835096         2.86
       3.437     0.700000      4130352         3.33
       3.889     0.750000      4424592         4.00
       4.183     0.775000      4572218         4.44
       4.519     0.800000      4719483         5.00
       4.875     0.825000      4867654         5.71
       5.231     0.850000      5014932         6.67
       5.583     0.875000      5161428         8.00
       5.763     0.887500      5235647         8.89
       5.947     0.900000      5310230        10.00
       6.135     0.912500      5384118        11.43
       6.331     0.925000      5457715        13.33
       6.543     0.937500      5530871        16.00
       6.659     0.943750      5567207        17.78
       6.787     0.950000      5604695        20.00
       6.927     0.956250      5641613        22.86
       7.079     0.962500      5678055        26.67
       7.255     0.968750      5714605        32.00
       7.363     0.971875      5733477        35.56
       7.479     0.975000      5751551        40.00
       7.615     0.978125      5770183        45.71
       7.779     0.981250      5788437        53.33
       7.987     0.984375      5806796        64.00
       8.115     0.985938      5815818        71.11
       8.287     0.987500      5825120        80.00
       8.519     0.989062      5834381        91.43
       8.823     0.990625      5843471       106.67
       9.239     0.992188      5852762       128.00
       9.487     0.992969      5857412       142.22
       9.751     0.993750      5861915       160.00
      10.063     0.994531      5866579       182.86
      10.423     0.995313      5871147       213.33
      10.863     0.996094      5875769       256.00
      11.111     0.996484      5878095       284.44
      11.375     0.996875      5880373       320.00
      11.655     0.997266      5882634       365.71
      11.959     0.997656      5884946       426.67
      12.287     0.998047      5887270       512.00
      12.471     0.998242      5888413       568.89
      12.679     0.998437      5889560       640.00
      12.935     0.998633      5890717       731.43
      13.231     0.998828      5891843       853.33
      13.591     0.999023      5892998      1024.00
      13.799     0.999121      5893576      1137.78
      14.031     0.999219      5894151      1280.00
      14.295     0.999316      5894718      1462.86
      14.647     0.999414      5895306      1706.67
      15.063     0.999512      5895874      2048.00
      15.367     0.999561      5896165      2275.56
      15.647     0.999609      5896446      2560.00
      16.007     0.999658      5896733      2925.71
      16.431     0.999707      5897024      3413.33
      16.975     0.999756      5897313      4096.00
      17.247     0.999780      5897458      4551.11
      17.551     0.999805      5897598      5120.00
      17.951     0.999829      5897744      5851.43
      18.303     0.999854      5897886      6826.67
      18.815     0.999878      5898032      8192.00
      19.023     0.999890      5898102      9102.22
      19.343     0.999902      5898173     10240.00
      19.615     0.999915      5898246     11702.86
      19.967     0.999927      5898319     13653.33
      20.399     0.999939      5898391     16384.00
      20.623     0.999945      5898425     18204.44
      20.927     0.999951      5898461     20480.00
      21.295     0.999957      5898498     23405.71
      21.647     0.999963      5898534     27306.67
      22.095     0.999969      5898570     32768.00
      22.351     0.999973      5898587     36408.89
      22.527     0.999976      5898606     40960.00
      22.991     0.999979      5898624     46811.43
      23.151     0.999982      5898641     54613.33
      23.407     0.999985      5898660     65536.00
      23.615     0.999986      5898668     72817.78
      23.823     0.999988      5898678     81920.00
      23.999     0.999989      5898686     93622.86
      24.287     0.999991      5898696    109226.67
      24.815     0.999992      5898704    131072.00
      25.087     0.999993      5898709    145635.56
      25.327     0.999994      5898713    163840.00
      25.551     0.999995      5898718    187245.71
      26.255     0.999995      5898722    218453.33
      26.623     0.999996      5898727    262144.00
      26.975     0.999997      5898730    291271.11
      27.023     0.999997      5898731    327680.00
      27.551     0.999997      5898734    374491.43
      27.695     0.999998      5898736    436906.67
      28.319     0.999998      5898738    524288.00
      28.527     0.999998      5898739    582542.22
      28.591     0.999998      5898740    655360.00
      28.655     0.999999      5898742    748982.86
      29.007     0.999999      5898743    873813.33
      29.391     0.999999      5898744   1048576.00
      29.391     0.999999      5898744   1165084.44
      29.695     0.999999      5898745   1310720.00
      30.207     0.999999      5898746   1497965.71
      30.207     0.999999      5898746   1747626.67
      30.239     1.000000      5898747   2097152.00
      30.239     1.000000      5898747   2330168.89
      30.239     1.000000      5898747   2621440.00
      32.287     1.000000      5898748   2995931.43
      32.287     1.000000      5898748   3495253.33
      32.287     1.000000      5898748   4194304.00
      32.287     1.000000      5898748   4660337.78
      32.287     1.000000      5898748   5242880.00
      32.559     1.000000      5898749   5991862.86
      32.559     1.000000      5898749          inf
#[Mean    =        2.828, StdDeviation   =        2.066]
#[Max     =       32.544, Total count    =      5898749]
#[Buckets =           27, SubBuckets     =         2048]
----------------------------------------------------------
  5999560 requests in 10.00m, 869.69MB read
Requests/sec:   9999.24
Transfer/sec:      1.45MB
