Running 10m test @ http://localhost:9999/math/plus?x=1&y=2
  16 threads and 400 connections
  Thread calibration: mean lat.: 9.460ms, rate sampling interval: 10ms
  Thread calibration: mean lat.: 1.084ms, rate sampling interval: 10ms
  Thread calibration: mean lat.: 26.664ms, rate sampling interval: 10ms
  Thread calibration: mean lat.: 18.097ms, rate sampling interval: 10ms
  Thread calibration: mean lat.: 13.575ms, rate sampling interval: 10ms
  Thread calibration: mean lat.: 26.352ms, rate sampling interval: 10ms
  Thread calibration: mean lat.: 13.814ms, rate sampling interval: 10ms
  Thread calibration: mean lat.: 1.017ms, rate sampling interval: 10ms
  Thread calibration: mean lat.: 13.910ms, rate sampling interval: 10ms
  Thread calibration: mean lat.: 13.812ms, rate sampling interval: 10ms
  Thread calibration: mean lat.: 26.383ms, rate sampling interval: 10ms
  Thread calibration: mean lat.: 1.131ms, rate sampling interval: 10ms
  Thread calibration: mean lat.: 26.810ms, rate sampling interval: 10ms
  Thread calibration: mean lat.: 9.703ms, rate sampling interval: 10ms
  Thread calibration: mean lat.: 9.525ms, rate sampling interval: 10ms
  Thread calibration: mean lat.: 17.864ms, rate sampling interval: 10ms
  Thread Stats   Avg      Stdev     Max   +/- Stdev
    Latency     1.28ms    0.99ms  17.57ms   87.61%
    Req/Sec   660.62    460.24     2.78k    80.92%
  Latency Distribution (HdrHistogram - Recorded Latency)
 50.000%    1.09ms
 75.000%    1.55ms
 90.000%    2.14ms
 99.000%    5.71ms
 99.900%    8.06ms
 99.990%   12.79ms
 99.999%   15.83ms
100.000%   17.58ms

  Detailed Percentile spectrum:
       Value   Percentile   TotalCount 1/(1-Percentile)

       0.074     0.000000            1         1.00
       0.417     0.100000       592670         1.11
       0.603     0.200000      1180441         1.25
       0.775     0.300000      1770195         1.43
       0.938     0.400000      2361048         1.67
       1.089     0.500000      2950239         2.00
       1.160     0.550000      3248007         2.22
       1.233     0.600000      3541864         2.50
       1.318     0.650000      3834427         2.86
       1.421     0.700000      4130605         3.33
       1.548     0.750000      4424654         4.00
       1.622     0.775000      4572341         4.44
       1.703     0.800000      4720119         5.00
       1.791     0.825000      4866753         5.71
       1.890     0.850000      5014306         6.67
       2.004     0.875000      5161795         8.00
       2.071     0.887500      5236730         8.89
       2.145     0.900000      5309373        10.00
       2.233     0.912500      5383561        11.43
       2.341     0.925000      5456663        13.33
       2.495     0.937500      5530296        16.00
       2.607     0.943750      5567048        17.78
       2.759     0.950000      5603919        20.00
       2.975     0.956250      5640945        22.86
       3.261     0.962500      5677531        26.67
       3.655     0.968750      5714492        32.00
       3.893     0.971875      5732828        35.56
       4.143     0.975000      5751410        40.00
       4.411     0.978125      5769715        45.71
       4.703     0.981250      5788299        53.33
       5.015     0.984375      5806743        64.00
       5.179     0.985938      5815791        71.11
       5.363     0.987500      5825062        80.00
       5.567     0.989062      5834221        91.43
       5.811     0.990625      5843493       106.67
       6.087     0.992188      5852677       128.00
       6.239     0.992969      5857331       142.22
       6.395     0.993750      5861878       160.00
       6.559     0.994531      5866529       182.86
       6.731     0.995313      5871156       213.33
       6.907     0.996094      5875754       256.00
       6.999     0.996484      5878028       284.44
       7.103     0.996875      5880378       320.00
       7.211     0.997266      5882623       365.71
       7.331     0.997656      5884964       426.67
       7.475     0.998047      5887210       512.00
       7.555     0.998242      5888385       568.89
       7.643     0.998437      5889538       640.00
       7.751     0.998633      5890672       731.43
       7.891     0.998828      5891830       853.33
       8.091     0.999023      5892973      1024.00
       8.239     0.999121      5893549      1137.78
       8.455     0.999219      5894126      1280.00
       8.751     0.999316      5894708      1462.86
       9.135     0.999414      5895284      1706.67
       9.575     0.999512      5895862      2048.00
       9.815     0.999561      5896137      2275.56
      10.087     0.999609      5896427      2560.00
      10.359     0.999658      5896719      2925.71
      10.671     0.999707      5897007      3413.33
      11.031     0.999756      5897290      4096.00
      11.295     0.999780      5897434      4551.11
      11.583     0.999805      5897577      5120.00
      11.847     0.999829      5897721      5851.43
      12.167     0.999854      5897868      6826.67
      12.447     0.999878      5898010      8192.00
      12.647     0.999890      5898081      9102.22
      12.831     0.999902      5898153     10240.00
      13.063     0.999915      5898226     11702.86
      13.311     0.999927      5898298     13653.33
      13.623     0.999939      5898371     16384.00
      13.743     0.999945      5898405     18204.44
      13.919     0.999951      5898443     20480.00
      14.119     0.999957      5898478     23405.71
      14.343     0.999963      5898514     27306.67
      14.655     0.999969      5898549     32768.00
      14.807     0.999973      5898568     36408.89
      14.927     0.999976      5898585     40960.00
      15.055     0.999979      5898603     46811.43
      15.255     0.999982      5898621     54613.33
      15.431     0.999985      5898639     65536.00
      15.527     0.999986      5898649     72817.78
      15.655     0.999988      5898657     81920.00
      15.783     0.999989      5898666     93622.86
      15.871     0.999991      5898677    109226.67
      15.967     0.999992      5898684    131072.00
      16.023     0.999993      5898689    145635.56
      16.079     0.999994      5898693    163840.00
      16.135     0.999995      5898698    187245.71
      16.159     0.999995      5898702    218453.33
      16.231     0.999996      5898708    262144.00
      16.247     0.999997      5898709    291271.11
      16.287     0.999997      5898711    327680.00
      16.319     0.999997      5898715    374491.43
      16.375     0.999998      5898716    436906.67
      16.415     0.999998      5898718    524288.00
      16.447     0.999998      5898719    582542.22
      16.463     0.999998      5898720    655360.00
      16.479     0.999999      5898723    748982.86
      16.479     0.999999      5898723    873813.33
      16.527     0.999999      5898724   1048576.00
      16.527     0.999999      5898724   1165084.44
      16.591     0.999999      5898725   1310720.00
      16.799     0.999999      5898726   1497965.71
      16.799     0.999999      5898726   1747626.67
      16.847     1.000000      5898727   2097152.00
      16.847     1.000000      5898727   2330168.89
      16.847     1.000000      5898727   2621440.00
      17.167     1.000000      5898728   2995931.43
      17.167     1.000000      5898728   3495253.33
      17.167     1.000000      5898728   4194304.00
      17.167     1.000000      5898728   4660337.78
      17.167     1.000000      5898728   5242880.00
      17.583     1.000000      5898729   5991862.86
      17.583     1.000000      5898729          inf
#[Mean    =        1.276, StdDeviation   =        0.985]
#[Max     =       17.568, Total count    =      5898729]
#[Buckets =           27, SubBuckets     =         2048]
----------------------------------------------------------
  5998992 requests in 10.00m, 869.60MB read
Requests/sec:   9998.30
Transfer/sec:      1.45MB
