Running 10m test @ http://localhost:9999/math/plus?x=1&y=2
  16 threads and 400 connections
  Thread calibration: mean lat.: 17.426ms, rate sampling interval: 37ms
  Thread calibration: mean lat.: 21.985ms, rate sampling interval: 38ms
  Thread calibration: mean lat.: 17.448ms, rate sampling interval: 37ms
  Thread calibration: mean lat.: 4.898ms, rate sampling interval: 34ms
  Thread calibration: mean lat.: 17.706ms, rate sampling interval: 38ms
  Thread calibration: mean lat.: 4.974ms, rate sampling interval: 35ms
  Thread calibration: mean lat.: 22.042ms, rate sampling interval: 38ms
  Thread calibration: mean lat.: 4.742ms, rate sampling interval: 34ms
  Thread calibration: mean lat.: 39.596ms, rate sampling interval: 47ms
  Thread calibration: mean lat.: 4.706ms, rate sampling interval: 33ms
  Thread calibration: mean lat.: 43.797ms, rate sampling interval: 49ms
  Thread calibration: mean lat.: 26.344ms, rate sampling interval: 39ms
  Thread calibration: mean lat.: 4.671ms, rate sampling interval: 33ms
  Thread calibration: mean lat.: 4.864ms, rate sampling interval: 34ms
  Thread calibration: mean lat.: 17.937ms, rate sampling interval: 37ms
  Thread calibration: mean lat.: 13.483ms, rate sampling interval: 36ms
  Thread Stats   Avg      Stdev     Max   +/- Stdev
    Latency     4.52ms   13.51ms   1.01s    93.82%
    Req/Sec     1.90k   348.57     9.85k    75.30%
  Latency Distribution (HdrHistogram - Recorded Latency)
 50.000%    1.39ms
 75.000%    4.04ms
 90.000%   15.00ms
 99.000%   25.38ms
 99.900%   34.94ms
 99.990%  776.70ms
 99.999%  984.06ms
100.000%    1.01s 

  Detailed Percentile spectrum:
       Value   Percentile   TotalCount 1/(1-Percentile)

       0.066     0.000000            1         1.00
       0.490     0.100000      1770899         1.11
       0.743     0.200000      3542232         1.25
       0.966     0.300000      5310583         1.43
       1.168     0.400000      7080992         1.67
       1.386     0.500000      8848580         2.00
       1.523     0.550000      9734239         2.22
       1.695     0.600000     10618316         2.50
       1.922     0.650000     11505093         2.86
       2.277     0.700000     12390994         3.33
       4.043     0.750000     13272678         4.00
       5.931     0.775000     13714978         4.44
       7.419     0.800000     14157869         5.00
       9.375     0.825000     14601319         5.71
      11.183     0.850000     15043873         6.67
      13.071     0.875000     15485865         8.00
      14.087     0.887500     15706306         8.89
      14.999     0.900000     15928160        10.00
      15.919     0.912500     16150020        11.43
      16.927     0.925000     16372394        13.33
      17.983     0.937500     16592747        16.00
      18.511     0.943750     16701384        17.78
      19.087     0.950000     16813844        20.00
      19.695     0.956250     16923695        22.86
      20.367     0.962500     17034180        26.67
      21.119     0.968750     17144349        32.00
      21.535     0.971875     17199669        35.56
      21.999     0.975000     17255387        40.00
      22.511     0.978125     17310129        45.71
      23.103     0.981250     17365924        53.33
      23.775     0.984375     17420750        64.00
      24.159     0.985938     17448787        71.11
      24.575     0.987500     17475770        80.00
      25.055     0.989062     17503325        91.43
      25.615     0.990625     17531417       106.67
      26.287     0.992188     17558918       128.00
      26.687     0.992969     17572578       142.22
      27.151     0.993750     17586257       160.00
      27.679     0.994531     17599949       182.86
      28.303     0.995313     17613987       213.33
      29.007     0.996094     17627716       256.00
      29.423     0.996484     17634647       284.44
      29.903     0.996875     17641601       320.00
      30.431     0.997266     17648396       365.71
      31.071     0.997656     17655329       426.67
      31.823     0.998047     17662143       512.00
      32.287     0.998242     17665612       568.89
      32.799     0.998437     17669179       640.00
      33.375     0.998633     17672594       731.43
      34.111     0.998828     17676047       853.33
      35.071     0.999023     17679448      1024.00
      35.775     0.999121     17681191      1137.78
      36.767     0.999219     17682917      1280.00
      38.175     0.999316     17684624      1462.86
      40.735     0.999414     17686337      1706.67
      47.167     0.999512     17688071      2048.00
      50.399     0.999561     17688928      2275.56
      80.895     0.999609     17689792      2560.00
     195.583     0.999658     17690655      2925.71
     348.927     0.999707     17691519      3413.33
     426.239     0.999756     17692383      4096.00
     483.583     0.999780     17692816      4551.11
     550.911     0.999805     17693254      5120.00
     612.863     0.999829     17693679      5851.43
     673.791     0.999854     17694117      6826.67
     715.263     0.999878     17694544      8192.00
     747.519     0.999890     17694760      9102.22
     785.919     0.999902     17694977     10240.00
     822.271     0.999915     17695195     11702.86
     840.191     0.999927     17695417     13653.33
     859.135     0.999939     17695627     16384.00
     872.959     0.999945     17695733     18204.44
     887.295     0.999951     17695844     20480.00
     901.119     0.999957     17695949     23405.71
     915.967     0.999963     17696055     27306.67
     929.791     0.999969     17696163     32768.00
     936.959     0.999973     17696218     36408.89
     943.615     0.999976     17696271     40960.00
     952.831     0.999979     17696333     46811.43
     960.511     0.999982     17696385     54613.33
     967.167     0.999985     17696435     65536.00
     972.799     0.999986     17696461     72817.78
     976.383     0.999988     17696487     81920.00
     981.503     0.999989     17696514     93622.86
     985.087     0.999991     17696542    109226.67
     989.695     0.999992     17696570    131072.00
     991.743     0.999993     17696582    145635.56
     994.303     0.999994     17696596    163840.00
     995.839     0.999995     17696613    187245.71
     997.375     0.999995     17696622    218453.33
     999.935     0.999996     17696642    262144.00
    1000.447     0.999997     17696648    291271.11
    1000.959     0.999997     17696649    327680.00
    1002.495     0.999997     17696662    374491.43
    1003.007     0.999998     17696673    436906.67
    1003.007     0.999998     17696673    524288.00
    1003.007     0.999998     17696673    582542.22
    1004.543     0.999998     17696677    655360.00
    1006.079     0.999999     17696680    748982.86
    1007.103     0.999999     17696683    873813.33
    1009.151     0.999999     17696692   1048576.00
    1009.151     0.999999     17696692   1165084.44
    1009.151     0.999999     17696692   1310720.00
    1009.151     0.999999     17696692   1497965.71
    1009.663     0.999999     17696693   1747626.67
    1010.687     1.000000     17696695   2097152.00
    1012.223     1.000000     17696696   2330168.89
    1012.735     1.000000     17696697   2621440.00
    1013.759     1.000000     17696703   2995931.43
    1013.759     1.000000     17696703          inf
#[Mean    =        4.521, StdDeviation   =       13.508]
#[Max     =     1013.248, Total count    =     17696703]
#[Buckets =           27, SubBuckets     =         2048]
----------------------------------------------------------
  17996432 requests in 10.00m, 2.55GB read
Requests/sec:  29994.06
Transfer/sec:      4.35MB
