Running 10m test @ http://localhost:9999/math/plus?x=1&y=2
  16 threads and 400 connections
  Thread calibration: mean lat.: 23.535ms, rate sampling interval: 30ms
  Thread calibration: mean lat.: 23.461ms, rate sampling interval: 29ms
  Thread calibration: mean lat.: 33.089ms, rate sampling interval: 35ms
  Thread calibration: mean lat.: 53.596ms, rate sampling interval: 56ms
  Thread calibration: mean lat.: 23.466ms, rate sampling interval: 28ms
  Thread calibration: mean lat.: 28.753ms, rate sampling interval: 32ms
  Thread calibration: mean lat.: 2.982ms, rate sampling interval: 18ms
  Thread calibration: mean lat.: 45.018ms, rate sampling interval: 44ms
  Thread calibration: mean lat.: 23.435ms, rate sampling interval: 28ms
  Thread calibration: mean lat.: 2.951ms, rate sampling interval: 18ms
  Thread calibration: mean lat.: 23.530ms, rate sampling interval: 29ms
  Thread calibration: mean lat.: 33.144ms, rate sampling interval: 35ms
  Thread calibration: mean lat.: 2.949ms, rate sampling interval: 18ms
  Thread calibration: mean lat.: 2.989ms, rate sampling interval: 18ms
  Thread calibration: mean lat.: 28.532ms, rate sampling interval: 32ms
  Thread calibration: mean lat.: 3.199ms, rate sampling interval: 20ms
  Thread Stats   Avg      Stdev     Max   +/- Stdev
    Latency     2.84ms    4.71ms  56.80ms   88.27%
    Req/Sec     1.92k   346.01     5.11k    78.22%
  Latency Distribution (HdrHistogram - Recorded Latency)
 50.000%    1.15ms
 75.000%    1.69ms
 90.000%    9.33ms
 99.000%   21.82ms
 99.900%   28.94ms
 99.990%   35.87ms
 99.999%   42.88ms
100.000%   56.83ms

  Detailed Percentile spectrum:
       Value   Percentile   TotalCount 1/(1-Percentile)

       0.070     0.000000            1         1.00
       0.449     0.100000      1775545         1.11
       0.649     0.200000      3547098         1.25
       0.824     0.300000      5316740         1.43
       0.987     0.400000      7084270         1.67
       1.146     0.500000      8852176         2.00
       1.228     0.550000      9741687         2.22
       1.315     0.600000     10621824         2.50
       1.415     0.650000     11509948         2.86
       1.533     0.700000     12389102         3.33
       1.693     0.750000     13275230         4.00
       1.807     0.775000     13715974         4.44
       1.993     0.800000     14157841         5.00
       2.615     0.825000     14599724         5.71
       4.335     0.850000     15042244         6.67
       6.779     0.875000     15484288         8.00
       8.043     0.887500     15705863         8.89
       9.327     0.900000     15927875        10.00
      10.671     0.912500     16148059        11.43
      12.087     0.925000     16369527        13.33
      13.479     0.937500     16591132        16.00
      14.191     0.943750     16700891        17.78
      14.895     0.950000     16811731        20.00
      15.607     0.956250     16922719        22.86
      16.367     0.962500     17032576        26.67
      17.231     0.968750     17143897        32.00
      17.711     0.971875     17200179        35.56
      18.223     0.975000     17254716        40.00
      18.783     0.978125     17309376        45.71
      19.423     0.981250     17364973        53.33
      20.159     0.984375     17420795        64.00
      20.559     0.985938     17447810        71.11
      21.007     0.987500     17475281        80.00
      21.503     0.989062     17502912        91.43
      22.063     0.990625     17530758       106.67
      22.703     0.992188     17558421       128.00
      23.055     0.992969     17572028       142.22
      23.439     0.993750     17585858       160.00
      23.871     0.994531     17599898       182.86
      24.351     0.995313     17613486       213.33
      24.927     0.996094     17627399       256.00
      25.247     0.996484     17634218       284.44
      25.599     0.996875     17640896       320.00
      26.015     0.997266     17648018       365.71
      26.463     0.997656     17654809       426.67
      27.007     0.998047     17661616       512.00
      27.327     0.998242     17665198       568.89
      27.679     0.998437     17668631       640.00
      28.063     0.998633     17672046       731.43
      28.511     0.998828     17675548       853.33
      29.007     0.999023     17678966      1024.00
      29.295     0.999121     17680720      1137.78
      29.615     0.999219     17682436      1280.00
      29.983     0.999316     17684148      1462.86
      30.431     0.999414     17685857      1706.67
      30.959     0.999512     17687563      2048.00
      31.263     0.999561     17688416      2275.56
      31.599     0.999609     17689275      2560.00
      31.999     0.999658     17690151      2925.71
      32.447     0.999707     17690999      3413.33
      33.055     0.999756     17691898      4096.00
      33.343     0.999780     17692310      4551.11
      33.663     0.999805     17692730      5120.00
      34.111     0.999829     17693166      5851.43
      34.623     0.999854     17693602      6826.67
      35.231     0.999878     17694025      8192.00
      35.551     0.999890     17694244      9102.22
      35.935     0.999902     17694458     10240.00
      36.383     0.999915     17694679     11702.86
      36.895     0.999927     17694884     13653.33
      37.471     0.999939     17695098     16384.00
      37.855     0.999945     17695213     18204.44
      38.207     0.999951     17695319     20480.00
      38.655     0.999957     17695423     23405.71
      39.135     0.999963     17695539     27306.67
      39.551     0.999969     17695640     32768.00
      39.871     0.999973     17695692     36408.89
      40.255     0.999976     17695751     40960.00
      40.639     0.999979     17695804     46811.43
      41.119     0.999982     17695857     54613.33
      41.695     0.999985     17695908     65536.00
      42.079     0.999986     17695935     72817.78
      42.399     0.999988     17695964     81920.00
      42.687     0.999989     17695990     93622.86
      43.327     0.999991     17696018    109226.67
      43.615     0.999992     17696045    131072.00
      43.839     0.999993     17696058    145635.56
      44.191     0.999994     17696073    163840.00
      44.511     0.999995     17696084    187245.71
      45.087     0.999995     17696097    218453.33
      45.919     0.999996     17696111    262144.00
      46.335     0.999997     17696118    291271.11
      46.591     0.999997     17696126    327680.00
      46.751     0.999997     17696131    374491.43
      47.679     0.999998     17696138    436906.67
      48.127     0.999998     17696145    524288.00
      48.735     0.999998     17696148    582542.22
      49.023     0.999998     17696153    655360.00
      49.247     0.999999     17696155    748982.86
      49.567     0.999999     17696158    873813.33
      50.207     0.999999     17696162   1048576.00
      50.399     0.999999     17696163   1165084.44
      50.847     0.999999     17696165   1310720.00
      51.935     0.999999     17696167   1497965.71
      52.447     0.999999     17696168   1747626.67
      52.511     1.000000     17696170   2097152.00
      53.247     1.000000     17696172   2330168.89
      53.247     1.000000     17696172   2621440.00
      53.887     1.000000     17696173   2995931.43
      53.887     1.000000     17696173   3495253.33
      54.335     1.000000     17696174   4194304.00
      54.399     1.000000     17696175   4660337.78
      54.399     1.000000     17696175   5242880.00
      55.455     1.000000     17696176   5991862.86
      55.455     1.000000     17696176   6990506.67
      55.455     1.000000     17696176   8388608.00
      55.583     1.000000     17696177   9320675.55
      55.583     1.000000     17696177  10485760.00
      55.583     1.000000     17696177  11983725.71
      55.583     1.000000     17696177  13981013.34
      55.583     1.000000     17696177  16777216.00
      56.831     1.000000     17696178  18641351.10
      56.831     1.000000     17696178          inf
#[Mean    =        2.836, StdDeviation   =        4.709]
#[Max     =       56.800, Total count    =     17696178]
#[Buckets =           27, SubBuckets     =         2048]
----------------------------------------------------------
  17996418 requests in 10.00m, 2.55GB read
Requests/sec:  29993.87
Transfer/sec:      4.35MB
