Running 10m test @ http://localhost:9999/math/plus?x=1&y=2
  16 threads and 400 connections
  Thread calibration: mean lat.: 5.804ms, rate sampling interval: 10ms
  Thread calibration: mean lat.: 30.530ms, rate sampling interval: 10ms
  Thread calibration: mean lat.: 9.563ms, rate sampling interval: 10ms
  Thread calibration: mean lat.: 42.572ms, rate sampling interval: 10ms
  Thread calibration: mean lat.: 30.559ms, rate sampling interval: 10ms
  Thread calibration: mean lat.: 1.631ms, rate sampling interval: 10ms
  Thread calibration: mean lat.: 30.699ms, rate sampling interval: 10ms
  Thread calibration: mean lat.: 1.454ms, rate sampling interval: 10ms
  Thread calibration: mean lat.: 30.551ms, rate sampling interval: 10ms
  Thread calibration: mean lat.: 1.619ms, rate sampling interval: 10ms
  Thread calibration: mean lat.: 1.572ms, rate sampling interval: 10ms
  Thread calibration: mean lat.: 39.080ms, rate sampling interval: 10ms
  Thread calibration: mean lat.: 13.851ms, rate sampling interval: 10ms
  Thread calibration: mean lat.: 1.463ms, rate sampling interval: 10ms
  Thread calibration: mean lat.: 30.546ms, rate sampling interval: 10ms
  Thread calibration: mean lat.: 39.135ms, rate sampling interval: 10ms
  Thread Stats   Avg      Stdev     Max   +/- Stdev
    Latency     1.79ms    8.82ms   1.00s    98.67%
    Req/Sec     3.30k   495.42    24.10k    80.17%
  Latency Distribution (HdrHistogram - Recorded Latency)
 50.000%    1.33ms
 75.000%    1.81ms
 90.000%    2.31ms
 99.000%   13.08ms
 99.900%   31.34ms
 99.990%  529.92ms
 99.999%  985.60ms
100.000%    1.01s 

  Detailed Percentile spectrum:
       Value   Percentile   TotalCount 1/(1-Percentile)

       0.066     0.000000            1         1.00
       0.571     0.100000      2949963         1.11
       0.809     0.200000      5902553         1.25
       0.994     0.300000      8848377         1.43
       1.162     0.400000     11797836         1.67
       1.333     0.500000     14758238         2.00
       1.420     0.550000     16224575         2.22
       1.511     0.600000     17698850         2.50
       1.607     0.650000     19183977         2.86
       1.706     0.700000     20655128         3.33
       1.812     0.750000     22130156         4.00
       1.869     0.775000     22867086         4.44
       1.930     0.800000     23599710         5.00
       1.998     0.825000     24340718         5.71
       2.077     0.850000     25084381         6.67
       2.173     0.875000     25807027         8.00
       2.235     0.887500     26180102         8.89
       2.309     0.900000     26549822        10.00
       2.401     0.912500     26917881        11.43
       2.525     0.925000     27286554        13.33
       2.719     0.937500     27651363        16.00
       2.871     0.943750     27834844        17.78
       3.087     0.950000     28020263        20.00
       3.387     0.956250     28204215        22.86
       3.799     0.962500     28387831        26.67
       4.391     0.968750     28572025        32.00
       4.859     0.971875     28664568        35.56
       5.507     0.975000     28756630        40.00
       6.435     0.978125     28848523        45.71
       7.711     0.981250     28940754        53.33
       9.031     0.984375     29032979        64.00
      10.055     0.985938     29079185        71.11
      11.247     0.987500     29125286        80.00
      12.319     0.989062     29171223        91.43
      13.663     0.990625     29217306       106.67
      15.103     0.992188     29263343       128.00
      15.831     0.992969     29286549       142.22
      16.591     0.993750     29309661       160.00
      17.455     0.994531     29332557       182.86
      18.431     0.995313     29355543       213.33
      19.551     0.996094     29378647       256.00
      20.239     0.996484     29390115       284.44
      20.991     0.996875     29401677       320.00
      21.791     0.997266     29413174       365.71
      22.719     0.997656     29424583       426.67
      24.015     0.998047     29436168       512.00
      24.847     0.998242     29441914       568.89
      25.823     0.998437     29447689       640.00
      26.991     0.998633     29453436       731.43
      28.847     0.998828     29459132       853.33
      31.727     0.999023     29464896      1024.00
      33.503     0.999121     29467785      1137.78
      35.391     0.999219     29470712      1280.00
      37.375     0.999316     29473555      1462.86
      39.743     0.999414     29476419      1706.67
      42.687     0.999512     29479307      2048.00
      44.383     0.999561     29480728      2275.56
      46.815     0.999609     29482183      2560.00
      49.759     0.999658     29483614      2925.71
      53.919     0.999707     29485054      3413.33
      62.495     0.999756     29486493      4096.00
      68.095     0.999780     29487210      4551.11
      85.503     0.999805     29487930      5120.00
     195.071     0.999829     29488649      5851.43
     310.271     0.999854     29489369      6826.67
     426.495     0.999878     29490090      8192.00
     484.607     0.999890     29490450      9102.22
     541.183     0.999902     29490810     10240.00
     605.183     0.999915     29491169     11702.86
     655.871     0.999927     29491529     13653.33
     713.215     0.999939     29491889     16384.00
     742.399     0.999945     29492071     18204.44
     771.071     0.999951     29492250     20480.00
     801.791     0.999957     29492435     23405.71
     829.439     0.999963     29492611     27306.67
     866.815     0.999969     29492790     32768.00
     892.415     0.999973     29492879     36408.89
     918.015     0.999976     29492974     40960.00
     943.103     0.999979     29493059     46811.43
     965.119     0.999982     29493150     54613.33
     978.431     0.999985     29493239     65536.00
     980.991     0.999986     29493287     72817.78
     982.527     0.999988     29493330     81920.00
     984.575     0.999989     29493378     93622.86
     986.623     0.999991     29493428    109226.67
     988.671     0.999992     29493467    131072.00
     989.695     0.999993     29493490    145635.56
     990.719     0.999994     29493522    163840.00
     991.231     0.999995     29493535    187245.71
     992.255     0.999995     29493563    218453.33
     992.767     0.999996     29493577    262144.00
     993.791     0.999997     29493594    291271.11
     994.303     0.999997     29493600    327680.00
     994.815     0.999997     29493612    374491.43
     995.327     0.999998     29493628    436906.67
     995.839     0.999998     29493637    524288.00
     996.351     0.999998     29493648    582542.22
     996.351     0.999998     29493648    655360.00
     996.863     0.999999     29493653    748982.86
     997.887     0.999999     29493660    873813.33
     998.399     0.999999     29493662   1048576.00
     998.911     0.999999     29493670   1165084.44
     998.911     0.999999     29493670   1310720.00
     998.911     0.999999     29493670   1497965.71
     999.423     0.999999     29493677   1747626.67
     999.423     1.000000     29493677   2097152.00
     999.423     1.000000     29493677   2330168.89
    1000.447     1.000000     29493679   2621440.00
    1001.471     1.000000     29493680   2995931.43
    1001.983     1.000000     29493681   3495253.33
    1002.495     1.000000     29493683   4194304.00
    1002.495     1.000000     29493683   4660337.78
    1003.007     1.000000     29493684   5242880.00
    1004.031     1.000000     29493686   5991862.86
    1004.031     1.000000     29493686   6990506.67
    1004.031     1.000000     29493686   8388608.00
    1004.031     1.000000     29493686   9320675.55
    1004.543     1.000000     29493687  10485760.00
    1004.543     1.000000     29493687  11983725.71
    1004.543     1.000000     29493687  13981013.34
    1005.055     1.000000     29493689  16777216.00
    1005.055     1.000000     29493689          inf
#[Mean    =        1.786, StdDeviation   =        8.822]
#[Max     =     1004.544, Total count    =     29493689]
#[Buckets =           27, SubBuckets     =         2048]
----------------------------------------------------------
  29996827 requests in 10.00m, 4.25GB read
Requests/sec:  49994.82
Transfer/sec:      7.25MB
