Running 10m test @ http://localhost:9999/math/plus?x=1&y=2
  16 threads and 400 connections
  Thread calibration: mean lat.: 9.688ms, rate sampling interval: 10ms
  Thread calibration: mean lat.: 1.251ms, rate sampling interval: 10ms
  Thread calibration: mean lat.: 5.444ms, rate sampling interval: 10ms
  Thread calibration: mean lat.: 9.556ms, rate sampling interval: 10ms
  Thread calibration: mean lat.: 18.244ms, rate sampling interval: 10ms
  Thread calibration: mean lat.: 9.680ms, rate sampling interval: 10ms
  Thread calibration: mean lat.: 1.247ms, rate sampling interval: 10ms
  Thread calibration: mean lat.: 5.396ms, rate sampling interval: 10ms
  Thread calibration: mean lat.: 1.230ms, rate sampling interval: 10ms
  Thread calibration: mean lat.: 1.328ms, rate sampling interval: 10ms
  Thread calibration: mean lat.: 5.489ms, rate sampling interval: 10ms
  Thread calibration: mean lat.: 1.201ms, rate sampling interval: 10ms
  Thread calibration: mean lat.: 1.190ms, rate sampling interval: 10ms
  Thread calibration: mean lat.: 9.569ms, rate sampling interval: 10ms
  Thread calibration: mean lat.: 9.686ms, rate sampling interval: 10ms
  Thread calibration: mean lat.: 17.944ms, rate sampling interval: 10ms
  Thread Stats   Avg      Stdev     Max   +/- Stdev
    Latency     1.32ms    1.27ms  39.78ms   96.72%
    Req/Sec     3.30k   483.48    11.89k    79.17%
  Latency Distribution (HdrHistogram - Recorded Latency)
 50.000%    1.17ms
 75.000%    1.62ms
 90.000%    2.01ms
 99.000%    6.00ms
 99.900%   18.05ms
 99.990%   23.90ms
 99.999%   30.91ms
100.000%   39.81ms

  Detailed Percentile spectrum:
       Value   Percentile   TotalCount 1/(1-Percentile)

       0.054     0.000000            1         1.00
       0.450     0.100000      2960861         1.11
       0.665     0.200000      5907326         1.25
       0.845     0.300000      8863646         1.43
       1.009     0.400000     11805506         1.67
       1.170     0.500000     14748145         2.00
       1.253     0.550000     16223643         2.22
       1.340     0.600000     17707888         2.50
       1.430     0.650000     19177395         2.86
       1.524     0.700000     20658950         3.33
       1.622     0.750000     22129760         4.00
       1.673     0.775000     22860575         4.44
       1.727     0.800000     23603296         5.00
       1.784     0.825000     24336550         5.71
       1.847     0.850000     25070451         6.67
       1.919     0.875000     25809869         8.00
       1.960     0.887500     26183470         8.89
       2.005     0.900000     26551175        10.00
       2.057     0.912500     26921254        11.43
       2.119     0.925000     27288937        13.33
       2.197     0.937500     27655561        16.00
       2.245     0.943750     27837320        17.78
       2.305     0.950000     28024161        20.00
       2.379     0.956250     28205737        22.86
       2.483     0.962500     28389902        26.67
       2.649     0.968750     28573515        32.00
       2.781     0.971875     28665368        35.56
       2.981     0.975000     28756562        40.00
       3.293     0.978125     28848614        45.71
       3.745     0.981250     28941087        53.33
       4.239     0.984375     29033300        64.00
       4.571     0.985938     29079154        71.11
       5.019     0.987500     29125282        80.00
       5.567     0.989062     29171183        91.43
       6.351     0.990625     29217337       106.67
       7.491     0.992188     29263480       128.00
       7.963     0.992969     29286545       142.22
       8.383     0.993750     29309468       160.00
       9.007     0.994531     29332681       182.86
       9.967     0.995313     29355517       213.33
      11.327     0.996094     29378597       256.00
      11.903     0.996484     29390072       284.44
      12.431     0.996875     29401668       320.00
      13.263     0.997266     29413151       365.71
      14.303     0.997656     29424627       426.67
      15.383     0.998047     29436177       512.00
      15.871     0.998242     29441899       568.89
      16.359     0.998437     29447700       640.00
      16.943     0.998633     29453502       731.43
      17.519     0.998828     29459227       853.33
      18.111     0.999023     29464988      1024.00
      18.415     0.999121     29467891      1137.78
      18.735     0.999219     29470744      1280.00
      19.087     0.999316     29473669      1462.86
      19.471     0.999414     29476573      1706.67
      19.919     0.999512     29479368      2048.00
      20.191     0.999561     29480803      2275.56
      20.511     0.999609     29482230      2560.00
      20.879     0.999658     29483698      2925.71
      21.295     0.999707     29485149      3413.33
      21.743     0.999756     29486559      4096.00
      21.999     0.999780     29487288      4551.11
      22.255     0.999805     29487986      5120.00
      22.559     0.999829     29488718      5851.43
      22.943     0.999854     29489443      6826.67
      23.391     0.999878     29490160      8192.00
      23.679     0.999890     29490521      9102.22
      23.967     0.999902     29490880     10240.00
      24.319     0.999915     29491232     11702.86
      24.735     0.999927     29491591     13653.33
      25.263     0.999939     29491943     16384.00
      25.583     0.999945     29492123     18204.44
      25.999     0.999951     29492308     20480.00
      26.415     0.999957     29492483     23405.71
      26.959     0.999963     29492668     27306.67
      27.599     0.999969     29492845     32768.00
      27.903     0.999973     29492934     36408.89
      28.303     0.999976     29493023     40960.00
      28.671     0.999979     29493116     46811.43
      29.119     0.999982     29493203     54613.33
      29.759     0.999985     29493294     65536.00
      30.079     0.999986     29493339     72817.78
      30.383     0.999988     29493385     81920.00
      30.751     0.999989     29493428     93622.86
      31.231     0.999991     29493473    109226.67
      31.759     0.999992     29493518    131072.00
      31.999     0.999993     29493542    145635.56
      32.351     0.999994     29493564    163840.00
      32.591     0.999995     29493587    187245.71
      32.799     0.999995     29493611    218453.33
      33.087     0.999996     29493632    262144.00
      33.247     0.999997     29493642    291271.11
      33.407     0.999997     29493653    327680.00
      33.567     0.999997     29493669    374491.43
      33.663     0.999998     29493676    436906.67
      33.951     0.999998     29493687    524288.00
      34.431     0.999998     29493693    582542.22
      34.591     0.999998     29493698    655360.00
      35.199     0.999999     29493704    748982.86
      35.775     0.999999     29493711    873813.33
      35.903     0.999999     29493715   1048576.00
      36.031     0.999999     29493718   1165084.44
      36.095     0.999999     29493721   1310720.00
      36.159     0.999999     29493724   1497965.71
      36.255     0.999999     29493728   1747626.67
      36.287     1.000000     29493729   2097152.00
      36.319     1.000000     29493732   2330168.89
      36.319     1.000000     29493732   2621440.00
      36.351     1.000000     29493734   2995931.43
      36.415     1.000000     29493737   3495253.33
      36.415     1.000000     29493737   4194304.00
      36.415     1.000000     29493737   4660337.78
      36.479     1.000000     29493739   5242880.00
      36.479     1.000000     29493739   5991862.86
      36.479     1.000000     29493739   6990506.67
      36.703     1.000000     29493740   8388608.00
      36.703     1.000000     29493740   9320675.55
      37.087     1.000000     29493741  10485760.00
      37.087     1.000000     29493741  11983725.71
      37.087     1.000000     29493741  13981013.34
      38.879     1.000000     29493742  16777216.00
      38.879     1.000000     29493742  18641351.10
      38.879     1.000000     29493742  20971519.98
      38.879     1.000000     29493742  23967451.45
      38.879     1.000000     29493742  27962026.68
      39.807     1.000000     29493743  33554432.00
      39.807     1.000000     29493743          inf
#[Mean    =        1.322, StdDeviation   =        1.274]
#[Max     =       39.776, Total count    =     29493743]
#[Buckets =           27, SubBuckets     =         2048]
----------------------------------------------------------
  29993992 requests in 10.00m, 4.25GB read
Requests/sec:  49990.00
Transfer/sec:      7.25MB
