Running 10m test @ http://localhost:9999/math/plus?x=1&y=2
  16 threads and 400 connections
  Thread calibration: mean lat.: 1.584ms, rate sampling interval: 10ms
  Thread calibration: mean lat.: 9.884ms, rate sampling interval: 10ms
  Thread calibration: mean lat.: 1.476ms, rate sampling interval: 10ms
  Thread calibration: mean lat.: 22.376ms, rate sampling interval: 10ms
  Thread calibration: mean lat.: 22.313ms, rate sampling interval: 10ms
  Thread calibration: mean lat.: 26.527ms, rate sampling interval: 10ms
  Thread calibration: mean lat.: 26.614ms, rate sampling interval: 10ms
  Thread calibration: mean lat.: 1.608ms, rate sampling interval: 10ms
  Thread calibration: mean lat.: 9.856ms, rate sampling interval: 10ms
  Thread calibration: mean lat.: 1.552ms, rate sampling interval: 10ms
  Thread calibration: mean lat.: 30.403ms, rate sampling interval: 10ms
  Thread calibration: mean lat.: 1.678ms, rate sampling interval: 10ms
  Thread calibration: mean lat.: 5.807ms, rate sampling interval: 10ms
  Thread calibration: mean lat.: 5.762ms, rate sampling interval: 10ms
  Thread calibration: mean lat.: 26.169ms, rate sampling interval: 10ms
  Thread calibration: mean lat.: 5.754ms, rate sampling interval: 10ms
  Thread Stats   Avg      Stdev     Max   +/- Stdev
    Latency     2.01ms    9.44ms   1.00s    99.02%
    Req/Sec     3.96k   711.21    13.78k    79.52%
  Latency Distribution (HdrHistogram - Recorded Latency)
 50.000%    1.40ms
 75.000%    1.91ms
 90.000%    2.61ms
 99.000%   11.33ms
 99.900%   82.88ms
 99.990%  530.94ms
 99.999%  954.88ms
100.000%    1.00s 

  Detailed Percentile spectrum:
       Value   Percentile   TotalCount 1/(1-Percentile)

       0.065     0.000000            1         1.00
       0.624     0.100000      3548519         1.11
       0.857     0.200000      7091780         1.25
       1.051     0.300000     10620898         1.43
       1.228     0.400000     14171970         1.67
       1.401     0.500000     17697567         2.00
       1.489     0.550000     19465897         2.22
       1.581     0.600000     21247284         2.50
       1.679     0.650000     23021523         2.86
       1.786     0.700000     24788992         3.33
       1.907     0.750000     26544894         4.00
       1.977     0.775000     27433142         4.44
       2.057     0.800000     28331229         5.00
       2.147     0.825000     29199317         5.71
       2.259     0.850000     30089732         6.67
       2.403     0.875000     30970509         8.00
       2.497     0.887500     31418857         8.89
       2.611     0.900000     31858224        10.00
       2.761     0.912500     32299241        11.43
       2.971     0.925000     32738170        13.33
       3.295     0.937500     33182347        16.00
       3.529     0.943750     33402551        17.78
       3.835     0.950000     33624053        20.00
       4.223     0.956250     33845066        22.86
       4.715     0.962500     34066591        26.67
       5.335     0.968750     34286523        32.00
       5.723     0.971875     34397926        35.56
       6.183     0.975000     34508266        40.00
       6.775     0.978125     34618671        45.71
       7.555     0.981250     34729287        53.33
       8.575     0.984375     34839801        64.00
       9.207     0.985938     34895156        71.11
       9.927     0.987500     34950611        80.00
      10.759     0.989062     35005350        91.43
      11.735     0.990625     35060764       106.67
      13.047     0.992188     35116122       128.00
      14.023     0.992969     35143633       142.22
      15.303     0.993750     35171390       160.00
      16.607     0.994531     35199026       182.86
      18.799     0.995313     35226669       213.33
      24.191     0.996094     35254219       256.00
      29.471     0.996484     35268020       284.44
      35.327     0.996875     35281906       320.00
      41.631     0.997266     35295685       365.71
      48.671     0.997656     35309554       426.67
      56.607     0.998047     35323334       512.00
      61.183     0.998242     35330263       568.89
      66.111     0.998437     35337235       640.00
      71.423     0.998633     35344124       731.43
      77.183     0.998828     35351020       853.33
      83.711     0.999023     35357944      1024.00
      87.295     0.999121     35361364      1137.78
      91.391     0.999219     35364801      1280.00
      95.999     0.999316     35368274      1462.86
     100.735     0.999414     35371734      1706.67
     106.623     0.999512     35375191      2048.00
     110.399     0.999561     35376893      2275.56
     114.879     0.999609     35378638      2560.00
     119.807     0.999658     35380364      2925.71
     125.503     0.999707     35382078      3413.33
     133.631     0.999756     35383818      4096.00
     139.391     0.999780     35384669      4551.11
     148.095     0.999805     35385541      5120.00
     195.455     0.999829     35386397      5851.43
     311.295     0.999854     35387261      6826.67
     425.983     0.999878     35388125      8192.00
     484.607     0.999890     35388558      9102.22
     541.695     0.999902     35388997     10240.00
     599.551     0.999915     35389427     11702.86
     655.871     0.999927     35389853     13653.33
     714.751     0.999939     35390289     16384.00
     742.911     0.999945     35390502     18204.44
     772.095     0.999951     35390718     20480.00
     800.255     0.999957     35390934     23405.71
     829.439     0.999963     35391151     27306.67
     858.111     0.999969     35391367     32768.00
     874.495     0.999973     35391480     36408.89
     886.783     0.999976     35391583     40960.00
     901.119     0.999979     35391692     46811.43
     915.967     0.999982     35391800     54613.33
     929.279     0.999985     35391906     65536.00
     936.959     0.999986     35391963     72817.78
     944.127     0.999988     35392014     81920.00
     952.319     0.999989     35392071     93622.86
     958.975     0.999991     35392127    109226.67
     966.655     0.999992     35392179    131072.00
     969.727     0.999993     35392202    145635.56
     972.287     0.999994     35392229    163840.00
     976.895     0.999995     35392257    187245.71
     980.991     0.999995     35392284    218453.33
     985.087     0.999996     35392310    262144.00
     987.647     0.999997     35392325    291271.11
     990.719     0.999997     35392338    327680.00
     993.279     0.999997     35392353    374491.43
     995.327     0.999998     35392366    436906.67
     996.863     0.999998     35392382    524288.00
     997.375     0.999998     35392387    582542.22
     997.887     0.999998     35392394    655360.00
     998.399     0.999999     35392406    748982.86
     998.399     0.999999     35392406    873813.33
     999.423     0.999999     35392415   1048576.00
     999.423     0.999999     35392415   1165084.44
     999.935     0.999999     35392421   1310720.00
    1000.959     0.999999     35392433   1497965.71
    1000.959     0.999999     35392433   1747626.67
    1000.959     1.000000     35392433   2097152.00
    1000.959     1.000000     35392433   2330168.89
    1000.959     1.000000     35392433   2621440.00
    1001.471     1.000000     35392435   2995931.43
    1001.471     1.000000     35392435   3495253.33
    1002.495     1.000000     35392445   4194304.00
    1002.495     1.000000     35392445          inf
#[Mean    =        2.014, StdDeviation   =        9.440]
#[Max     =     1001.984, Total count    =     35392445]
#[Buckets =           27, SubBuckets     =         2048]
----------------------------------------------------------
  35989145 requests in 10.00m, 5.09GB read
Requests/sec:  59981.90
Transfer/sec:      8.69MB
