Running 10m test @ http://localhost:9999/math/plus?x=1&y=2
  16 threads and 400 connections
  Thread calibration: mean lat.: 1.709ms, rate sampling interval: 10ms
  Thread calibration: mean lat.: 1.802ms, rate sampling interval: 10ms
  Thread calibration: mean lat.: 44.467ms, rate sampling interval: 10ms
  Thread calibration: mean lat.: 1.897ms, rate sampling interval: 10ms
  Thread calibration: mean lat.: 1.741ms, rate sampling interval: 10ms
  Thread calibration: mean lat.: 27.183ms, rate sampling interval: 10ms
  Thread calibration: mean lat.: 1.731ms, rate sampling interval: 10ms
  Thread calibration: mean lat.: 27.168ms, rate sampling interval: 10ms
  Thread calibration: mean lat.: 27.486ms, rate sampling interval: 10ms
  Thread calibration: mean lat.: 19.483ms, rate sampling interval: 10ms
  Thread calibration: mean lat.: 1.930ms, rate sampling interval: 10ms
  Thread calibration: mean lat.: 40.140ms, rate sampling interval: 10ms
  Thread calibration: mean lat.: 23.013ms, rate sampling interval: 10ms
  Thread calibration: mean lat.: 18.936ms, rate sampling interval: 10ms
  Thread calibration: mean lat.: 6.203ms, rate sampling interval: 10ms
  Thread calibration: mean lat.: 2.126ms, rate sampling interval: 10ms
  Thread Stats   Avg      Stdev     Max   +/- Stdev
    Latency     2.07ms    1.44ms  37.73ms   76.90%
    Req/Sec   658.73    326.46     2.78k    61.12%
  Latency Distribution (HdrHistogram - Recorded Latency)
 50.000%    1.63ms
 75.000%    2.90ms
 90.000%    3.89ms
 99.000%    6.66ms
 99.900%   12.14ms
 99.990%   19.41ms
 99.999%   28.05ms
100.000%   37.76ms

  Detailed Percentile spectrum:
       Value   Percentile   TotalCount 1/(1-Percentile)

       0.082     0.000000            1         1.00
       0.695     0.100000       591950         1.11
       0.936     0.200000      1179942         1.25
       1.154     0.300000      1769690         1.43
       1.367     0.400000      2361039         1.67
       1.630     0.500000      2950957         2.00
       1.805     0.550000      3244441         2.22
       2.023     0.600000      3539244         2.50
       2.287     0.650000      3834822         2.86
       2.589     0.700000      4130206         3.33
       2.901     0.750000      4424710         4.00
       3.057     0.775000      4573076         4.44
       3.209     0.800000      4719488         5.00
       3.365     0.825000      4867041         5.71
       3.529     0.850000      5015046         6.67
       3.701     0.875000      5162281         8.00
       3.795     0.887500      5236347         8.89
       3.895     0.900000      5309869        10.00
       4.003     0.912500      5382740        11.43
       4.127     0.925000      5456828        13.33
       4.275     0.937500      5530939        16.00
       4.363     0.943750      5568388        17.78
       4.459     0.950000      5604770        20.00
       4.571     0.956250      5641636        22.86
       4.699     0.962500      5677677        26.67
       4.863     0.968750      5715061        32.00
       4.959     0.971875      5732834        35.56
       5.079     0.975000      5751280        40.00
       5.231     0.978125      5769687        45.71
       5.439     0.981250      5788253        53.33
       5.727     0.984375      5806552        64.00
       5.927     0.985938      5815878        71.11
       6.163     0.987500      5824977        80.00
       6.455     0.989062      5834252        91.43
       6.823     0.990625      5843492       106.67
       7.311     0.992188      5852700       128.00
       7.591     0.992969      5857236       142.22
       7.883     0.993750      5861846       160.00
       8.183     0.994531      5866509       182.86
       8.511     0.995313      5871075       213.33
       8.895     0.996094      5875744       256.00
       9.111     0.996484      5877977       284.44
       9.343     0.996875      5880300       320.00
       9.631     0.997266      5882597       365.71
       9.975     0.997656      5884931       426.67
      10.399     0.998047      5887207       512.00
      10.655     0.998242      5888347       568.89
      10.975     0.998437      5889517       640.00
      11.319     0.998633      5890653       731.43
      11.719     0.998828      5891815       853.33
      12.207     0.999023      5892953      1024.00
      12.519     0.999121      5893534      1137.78
      12.839     0.999219      5894117      1280.00
      13.223     0.999316      5894683      1462.86
      13.703     0.999414      5895258      1706.67
      14.287     0.999512      5895830      2048.00
      14.639     0.999561      5896123      2275.56
      15.023     0.999609      5896409      2560.00
      15.415     0.999658      5896694      2925.71
      15.895     0.999707      5896985      3413.33
      16.399     0.999756      5897271      4096.00
      16.783     0.999780      5897418      4551.11
      17.167     0.999805      5897561      5120.00
      17.679     0.999829      5897703      5851.43
      18.159     0.999854      5897850      6826.67
      18.687     0.999878      5897990      8192.00
      19.087     0.999890      5898063      9102.22
      19.519     0.999902      5898135     10240.00
      19.935     0.999915      5898206     11702.86
      20.399     0.999927      5898278     13653.33
      21.327     0.999939      5898351     16384.00
      21.903     0.999945      5898386     18204.44
      22.575     0.999951      5898424     20480.00
      23.167     0.999957      5898458     23405.71
      23.919     0.999963      5898494     27306.67
      24.639     0.999969      5898530     32768.00
      25.023     0.999973      5898548     36408.89
      25.327     0.999976      5898567     40960.00
      25.679     0.999979      5898584     46811.43
      25.967     0.999982      5898602     54613.33
      26.479     0.999985      5898620     65536.00
      26.671     0.999986      5898629     72817.78
      27.135     0.999988      5898638     81920.00
      27.631     0.999989      5898648     93622.86
      28.559     0.999991      5898656    109226.67
      29.343     0.999992      5898665    131072.00
      29.583     0.999993      5898670    145635.56
      29.887     0.999994      5898674    163840.00
      30.367     0.999995      5898679    187245.71
      30.575     0.999995      5898683    218453.33
      31.391     0.999996      5898688    262144.00
      31.727     0.999997      5898690    291271.11
      32.303     0.999997      5898692    327680.00
      32.799     0.999997      5898695    374491.43
      33.023     0.999998      5898697    436906.67
      33.151     0.999998      5898699    524288.00
      33.663     0.999998      5898700    582542.22
      34.527     0.999998      5898701    655360.00
      34.847     0.999999      5898703    748982.86
      35.199     0.999999      5898704    873813.33
      35.359     0.999999      5898705   1048576.00
      35.359     0.999999      5898705   1165084.44
      35.967     0.999999      5898706   1310720.00
      36.287     0.999999      5898707   1497965.71
      36.287     0.999999      5898707   1747626.67
      36.927     1.000000      5898708   2097152.00
      36.927     1.000000      5898708   2330168.89
      36.927     1.000000      5898708   2621440.00
      37.247     1.000000      5898709   2995931.43
      37.247     1.000000      5898709   3495253.33
      37.247     1.000000      5898709   4194304.00
      37.247     1.000000      5898709   4660337.78
      37.247     1.000000      5898709   5242880.00
      37.759     1.000000      5898710   5991862.86
      37.759     1.000000      5898710          inf
#[Mean    =        2.070, StdDeviation   =        1.436]
#[Max     =       37.728, Total count    =      5898710]
#[Buckets =           27, SubBuckets     =         2048]
----------------------------------------------------------
  5999518 requests in 10.00m, 869.68MB read
Requests/sec:   9999.14
Transfer/sec:      1.45MB
