Running 10m test @ http://localhost:9999/math/plus?x=1&y=2
  16 threads and 400 connections
  Thread calibration: mean lat.: 91.749ms, rate sampling interval: 870ms
  Thread calibration: mean lat.: 15.341ms, rate sampling interval: 10ms
  Thread calibration: mean lat.: 35.933ms, rate sampling interval: 21ms
  Thread calibration: mean lat.: 2.220ms, rate sampling interval: 10ms
  Thread calibration: mean lat.: 15.045ms, rate sampling interval: 10ms
  Thread calibration: mean lat.: 70.309ms, rate sampling interval: 493ms
  Thread calibration: mean lat.: 87.406ms, rate sampling interval: 809ms
  Thread calibration: mean lat.: 48.985ms, rate sampling interval: 47ms
  Thread calibration: mean lat.: 15.492ms, rate sampling interval: 10ms
  Thread calibration: mean lat.: 2.198ms, rate sampling interval: 10ms
  Thread calibration: mean lat.: 2.377ms, rate sampling interval: 10ms
  Thread calibration: mean lat.: 61.317ms, rate sampling interval: 261ms
  Thread calibration: mean lat.: 27.703ms, rate sampling interval: 13ms
  Thread calibration: mean lat.: 15.157ms, rate sampling interval: 10ms
  Thread calibration: mean lat.: 44.307ms, rate sampling interval: 42ms
  Thread calibration: mean lat.: 15.095ms, rate sampling interval: 10ms
  Thread Stats   Avg      Stdev     Max   +/- Stdev
    Latency     2.00ms    2.95ms  44.67ms   94.37%
    Req/Sec     3.28k   658.43    11.50k    74.61%
  Latency Distribution (HdrHistogram - Recorded Latency)
 50.000%    1.35ms
 75.000%    1.89ms
 90.000%    2.67ms
 99.000%   18.09ms
 99.900%   26.00ms
 99.990%   32.83ms
 99.999%   39.65ms
100.000%   44.70ms

  Detailed Percentile spectrum:
       Value   Percentile   TotalCount 1/(1-Percentile)

       0.066     0.000000            1         1.00
       0.547     0.100000      2951560         1.11
       0.790     0.200000      5907921         1.25
       0.989     0.300000      8861462         1.43
       1.169     0.400000     11799870         1.67
       1.353     0.500000     14761047         2.00
       1.450     0.550000     16236141         2.22
       1.550     0.600000     17702202         2.50
       1.656     0.650000     19176463         2.86
       1.770     0.700000     20655420         3.33
       1.894     0.750000     22127445         4.00
       1.962     0.775000     22859078         4.44
       2.038     0.800000     23597888         5.00
       2.127     0.825000     24339521         5.71
       2.237     0.850000     25072189         6.67
       2.391     0.875000     25806878         8.00
       2.503     0.887500     26176001         8.89
       2.667     0.900000     26545329        10.00
       2.945     0.912500     26913612        11.43
       3.469     0.925000     27281562        13.33
       4.311     0.937500     27650760        16.00
       4.955     0.943750     27835141        17.78
       5.799     0.950000     28018930        20.00
       6.927     0.956250     28203226        22.86
       8.311     0.962500     28388077        26.67
      10.119     0.968750     28572571        32.00
      11.175     0.971875     28664523        35.56
      12.183     0.975000     28756588        40.00
      13.319     0.978125     28848870        45.71
      14.487     0.981250     28940522        53.33
      15.703     0.984375     29033013        64.00
      16.319     0.985938     29078773        71.11
      16.991     0.987500     29125096        80.00
      17.679     0.989062     29171770        91.43
      18.383     0.990625     29217934       106.67
      19.151     0.992188     29263487       128.00
      19.583     0.992969     29286690       142.22
      20.047     0.993750     29309721       160.00
      20.559     0.994531     29332365       182.86
      21.135     0.995313     29355763       213.33
      21.791     0.996094     29378701       256.00
      22.159     0.996484     29390144       284.44
      22.543     0.996875     29401646       320.00
      22.959     0.997266     29412968       365.71
      23.423     0.997656     29424629       426.67
      23.935     0.998047     29435977       512.00
      24.239     0.998242     29441787       568.89
      24.591     0.998437     29447595       640.00
      24.991     0.998633     29453221       731.43
      25.471     0.998828     29458968       853.33
      26.079     0.999023     29464807      1024.00
      26.415     0.999121     29467618      1137.78
      26.799     0.999219     29470529      1280.00
      27.247     0.999316     29473408      1462.86
      27.727     0.999414     29476319      1706.67
      28.239     0.999512     29479174      2048.00
      28.511     0.999561     29480606      2275.56
      28.815     0.999609     29482047      2560.00
      29.167     0.999658     29483461      2925.71
      29.583     0.999707     29484896      3413.33
      30.047     0.999756     29486330      4096.00
      30.319     0.999780     29487072      4551.11
      30.639     0.999805     29487793      5120.00
      31.039     0.999829     29488500      5851.43
      31.519     0.999854     29489227      6826.67
      32.079     0.999878     29489930      8192.00
      32.495     0.999890     29490301      9102.22
      32.927     0.999902     29490657     10240.00
      33.439     0.999915     29491009     11702.86
      34.111     0.999927     29491365     13653.33
      34.879     0.999939     29491742     16384.00
      35.295     0.999945     29491911     18204.44
      35.647     0.999951     29492090     20480.00
      35.967     0.999957     29492278     23405.71
      36.415     0.999963     29492454     27306.67
      36.863     0.999969     29492637     32768.00
      37.119     0.999973     29492725     36408.89
      37.471     0.999976     29492811     40960.00
      37.759     0.999979     29492904     46811.43
      38.175     0.999982     29492990     54613.33
      38.719     0.999985     29493078     65536.00
      38.943     0.999986     29493123     72817.78
      39.231     0.999988     29493166     81920.00
      39.519     0.999989     29493210     93622.86
      39.807     0.999991     29493257    109226.67
      40.223     0.999992     29493302    131072.00
      40.479     0.999993     29493323    145635.56
      40.671     0.999994     29493348    163840.00
      40.831     0.999995     29493368    187245.71
      40.991     0.999995     29493390    218453.33
      41.247     0.999996     29493413    262144.00
      41.599     0.999997     29493425    291271.11
      41.791     0.999997     29493435    327680.00
      42.111     0.999997     29493447    374491.43
      42.591     0.999998     29493460    436906.67
      42.751     0.999998     29493469    524288.00
      42.815     0.999998     29493476    582542.22
      42.943     0.999998     29493480    655360.00
      43.455     0.999999     29493487    748982.86
      43.551     0.999999     29493492    873813.33
      43.647     0.999999     29493497   1048576.00
      43.711     0.999999     29493500   1165084.44
      43.775     0.999999     29493505   1310720.00
      43.839     0.999999     29493507   1497965.71
      43.871     0.999999     29493509   1747626.67
      43.935     1.000000     29493512   2097152.00
      43.967     1.000000     29493513   2330168.89
      43.999     1.000000     29493516   2621440.00
      43.999     1.000000     29493516   2995931.43
      44.031     1.000000     29493518   3495253.33
      44.031     1.000000     29493518   4194304.00
      44.191     1.000000     29493520   4660337.78
      44.191     1.000000     29493520   5242880.00
      44.223     1.000000     29493521   5991862.86
      44.223     1.000000     29493521   6990506.67
      44.287     1.000000     29493522   8388608.00
      44.287     1.000000     29493522   9320675.55
      44.351     1.000000     29493523  10485760.00
      44.351     1.000000     29493523  11983725.71
      44.351     1.000000     29493523  13981013.34
      44.543     1.000000     29493524  16777216.00
      44.543     1.000000     29493524  18641351.10
      44.543     1.000000     29493524  20971519.98
      44.543     1.000000     29493524  23967451.45
      44.543     1.000000     29493524  27962026.68
      44.703     1.000000     29493525  33554432.00
      44.703     1.000000     29493525          inf
#[Mean    =        1.997, StdDeviation   =        2.948]
#[Max     =       44.672, Total count    =     29493525]
#[Buckets =           27, SubBuckets     =         2048]
----------------------------------------------------------
  29987189 requests in 10.00m, 4.25GB read
Requests/sec:  49978.97
Transfer/sec:      7.24MB
