Running 10m test @ http://localhost:9999/math/plus?x=1&y=2
  16 threads and 400 connections
  Thread calibration: mean lat.: 2.153ms, rate sampling interval: 10ms
  Thread calibration: mean lat.: 2.092ms, rate sampling interval: 10ms
  Thread calibration: mean lat.: 2.071ms, rate sampling interval: 10ms
  Thread calibration: mean lat.: 1.992ms, rate sampling interval: 10ms
  Thread calibration: mean lat.: 18.884ms, rate sampling interval: 10ms
  Thread calibration: mean lat.: 3.202ms, rate sampling interval: 10ms
  Thread calibration: mean lat.: 2.159ms, rate sampling interval: 10ms
  Thread calibration: mean lat.: 23.514ms, rate sampling interval: 10ms
  Thread calibration: mean lat.: 10.765ms, rate sampling interval: 10ms
  Thread calibration: mean lat.: 6.229ms, rate sampling interval: 10ms
  Thread calibration: mean lat.: 27.844ms, rate sampling interval: 10ms
  Thread calibration: mean lat.: 6.585ms, rate sampling interval: 10ms
  Thread calibration: mean lat.: 27.498ms, rate sampling interval: 11ms
  Thread calibration: mean lat.: 4.501ms, rate sampling interval: 12ms
  Thread calibration: mean lat.: 4.665ms, rate sampling interval: 12ms
  Thread calibration: mean lat.: 27.317ms, rate sampling interval: 10ms
  Thread Stats   Avg      Stdev     Max   +/- Stdev
    Latency     2.80ms   11.91ms   1.01s    99.94%
    Req/Sec   657.64    512.38     5.00k    70.48%
  Latency Distribution (HdrHistogram - Recorded Latency)
 50.000%    2.07ms
 75.000%    3.77ms
 90.000%    5.03ms
 99.000%    7.66ms
 99.900%   12.90ms
 99.990%  760.83ms
 99.999%  970.75ms
100.000%    1.01s 

  Detailed Percentile spectrum:
       Value   Percentile   TotalCount 1/(1-Percentile)

       0.080     0.000000            1         1.00
       0.796     0.100000       590604         1.11
       1.112     0.200000      1180394         1.25
       1.386     0.300000      1770418         1.43
       1.684     0.400000      2360237         1.67
       2.071     0.500000      2950167         2.00
       2.307     0.550000      3244700         2.22
       2.587     0.600000      3541069         2.50
       2.919     0.650000      3835266         2.86
       3.323     0.700000      4129202         3.33
       3.773     0.750000      4424907         4.00
       3.987     0.775000      4571693         4.44
       4.195     0.800000      4721670         5.00
       4.395     0.825000      4868754         5.71
       4.595     0.850000      5016541         6.67
       4.803     0.875000      5162431         8.00
       4.915     0.887500      5236213         8.89
       5.035     0.900000      5310711        10.00
       5.163     0.912500      5384619        11.43
       5.303     0.925000      5457245        13.33
       5.467     0.937500      5531418        16.00
       5.559     0.943750      5567688        17.78
       5.663     0.950000      5604688        20.00
       5.783     0.956250      5641367        22.86
       5.923     0.962500      5677705        26.67
       6.103     0.968750      5714763        32.00
       6.211     0.971875      5733017        35.56
       6.339     0.975000      5751350        40.00
       6.499     0.978125      5769853        45.71
       6.687     0.981250      5788040        53.33
       6.939     0.984375      5806558        64.00
       7.095     0.985938      5815824        71.11
       7.279     0.987500      5824964        80.00
       7.503     0.989062      5834094        91.43
       7.767     0.990625      5843433       106.67
       8.071     0.992188      5852614       128.00
       8.255     0.992969      5857159       142.22
       8.479     0.993750      5861870       160.00
       8.735     0.994531      5866371       182.86
       9.047     0.995313      5871054       213.33
       9.399     0.996094      5875632       256.00
       9.591     0.996484      5877889       284.44
       9.831     0.996875      5880226       320.00
      10.119     0.997266      5882513       365.71
      10.455     0.997656      5884795       426.67
      10.879     0.998047      5887111       512.00
      11.167     0.998242      5888273       568.89
      11.511     0.998437      5889398       640.00
      11.879     0.998633      5890549       731.43
      12.343     0.998828      5891708       853.33
      12.975     0.999023      5892849      1024.00
      13.327     0.999121      5893430      1137.78
      13.767     0.999219      5894003      1280.00
      14.327     0.999316      5894576      1462.86
      15.111     0.999414      5895152      1706.67
      16.311     0.999512      5895725      2048.00
      18.287     0.999561      5896014      2275.56
      76.287     0.999609      5896301      2560.00
     187.263     0.999658      5896589      2925.71
     304.127     0.999707      5896878      3413.33
     421.375     0.999756      5897166      4096.00
     479.743     0.999780      5897309      4551.11
     537.087     0.999805      5897453      5120.00
     589.823     0.999829      5897597      5851.43
     649.727     0.999854      5897741      6826.67
     706.047     0.999878      5897886      8192.00
     738.815     0.999890      5897957      9102.22
     765.951     0.999902      5898029     10240.00
     798.207     0.999915      5898104     11702.86
     822.783     0.999927      5898173     13653.33
     851.455     0.999939      5898246     16384.00
     865.279     0.999945      5898281     18204.44
     883.711     0.999951      5898318     20480.00
     897.535     0.999957      5898353     23405.71
     906.239     0.999963      5898390     27306.67
     927.231     0.999969      5898430     32768.00
     930.303     0.999973      5898443     36408.89
     940.031     0.999976      5898461     40960.00
     944.127     0.999979      5898481     46811.43
     952.831     0.999982      5898497     54613.33
     962.047     0.999985      5898515     65536.00
     965.631     0.999986      5898524     72817.78
     967.679     0.999988      5898536     81920.00
     969.215     0.999989      5898542     93622.86
     973.823     0.999991      5898551    109226.67
     979.455     0.999992      5898560    131072.00
     982.527     0.999993      5898571    145635.56
     982.527     0.999994      5898571    163840.00
     983.039     0.999995      5898574    187245.71
     983.551     0.999995      5898578    218453.33
     992.255     0.999996      5898583    262144.00
     996.863     0.999997      5898585    291271.11
     998.399     0.999997      5898587    327680.00
    1002.495     0.999997      5898591    374491.43
    1003.007     0.999998      5898593    436906.67
    1003.519     0.999998      5898594    524288.00
    1004.031     0.999998      5898595    582542.22
    1006.079     0.999998      5898598    655360.00
    1006.079     0.999999      5898598    748982.86
    1007.615     0.999999      5898601    873813.33
    1007.615     0.999999      5898601   1048576.00
    1007.615     0.999999      5898601   1165084.44
    1007.615     0.999999      5898601   1310720.00
    1008.127     0.999999      5898605   1497965.71
    1008.127     1.000000      5898605          inf
#[Mean    =        2.799, StdDeviation   =       11.908]
#[Max     =     1007.616, Total count    =      5898605]
#[Buckets =           27, SubBuckets     =         2048]
----------------------------------------------------------
  5997724 requests in 10.00m, 869.42MB read
Requests/sec:   9996.15
Transfer/sec:      1.45MB
