Running 10m test @ http://localhost:9999/math/plus?x=1&y=2
  16 threads and 400 connections
  Thread calibration: mean lat.: 28.453ms, rate sampling interval: 10ms
  Thread calibration: mean lat.: 2.251ms, rate sampling interval: 10ms
  Thread calibration: mean lat.: 23.882ms, rate sampling interval: 10ms
  Thread calibration: mean lat.: 2.413ms, rate sampling interval: 10ms
  Thread calibration: mean lat.: 27.920ms, rate sampling interval: 10ms
  Thread calibration: mean lat.: 2.080ms, rate sampling interval: 10ms
  Thread calibration: mean lat.: 22.821ms, rate sampling interval: 10ms
  Thread calibration: mean lat.: 2.325ms, rate sampling interval: 10ms
  Thread calibration: mean lat.: 2.420ms, rate sampling interval: 10ms
  Thread calibration: mean lat.: 2.266ms, rate sampling interval: 10ms
  Thread calibration: mean lat.: 2.154ms, rate sampling interval: 10ms
  Thread calibration: mean lat.: 40.654ms, rate sampling interval: 10ms
  Thread calibration: mean lat.: 2.216ms, rate sampling interval: 10ms
  Thread calibration: mean lat.: 22.816ms, rate sampling interval: 10ms
  Thread calibration: mean lat.: 24.029ms, rate sampling interval: 10ms
  Thread calibration: mean lat.: 28.595ms, rate sampling interval: 10ms
  Thread Stats   Avg      Stdev     Max   +/- Stdev
    Latency     2.23ms    1.20ms  29.39ms   73.79%
    Req/Sec   658.65    557.80     2.78k    76.42%
  Latency Distribution (HdrHistogram - Recorded Latency)
 50.000%    2.05ms
 75.000%    2.89ms
 90.000%    3.64ms
 99.000%    6.20ms
 99.900%    9.44ms
 99.990%   18.33ms
 99.999%   25.14ms
100.000%   29.41ms

  Detailed Percentile spectrum:
       Value   Percentile   TotalCount 1/(1-Percentile)

       0.083     0.000000            1         1.00
       0.923     0.100000       589984         1.11
       1.234     0.200000      1180765         1.25
       1.501     0.300000      1771650         1.43
       1.767     0.400000      2361031         1.67
       2.053     0.500000      2952492         2.00
       2.201     0.550000      3245839         2.22
       2.357     0.600000      3541798         2.50
       2.521     0.650000      3837210         2.86
       2.697     0.700000      4129939         3.33
       2.889     0.750000      4426694         4.00
       2.989     0.775000      4571991         4.44
       3.097     0.800000      4720690         5.00
       3.211     0.825000      4867249         5.71
       3.337     0.850000      5015638         6.67
       3.479     0.875000      5163347         8.00
       3.557     0.887500      5236455         8.89
       3.643     0.900000      5309993        10.00
       3.741     0.912500      5383593        11.43
       3.855     0.925000      5456918        13.33
       3.993     0.937500      5530728        16.00
       4.075     0.943750      5567030        17.78
       4.175     0.950000      5604588        20.00
       4.295     0.956250      5640960        22.86
       4.451     0.962500      5677678        26.67
       4.667     0.968750      5714562        32.00
       4.807     0.971875      5733031        35.56
       4.975     0.975000      5751653        40.00
       5.167     0.978125      5769782        45.71
       5.391     0.981250      5788282        53.33
       5.639     0.984375      5806551        64.00
       5.779     0.985938      5815876        71.11
       5.931     0.987500      5825171        80.00
       6.095     0.989062      5834325        91.43
       6.283     0.990625      5843546       106.67
       6.495     0.992188      5852732       128.00
       6.619     0.992969      5857242       142.22
       6.759     0.993750      5861916       160.00
       6.915     0.994531      5866514       182.86
       7.103     0.995313      5871062       213.33
       7.331     0.996094      5875674       256.00
       7.471     0.996484      5878029       284.44
       7.627     0.996875      5880314       320.00
       7.803     0.997266      5882601       365.71
       8.011     0.997656      5884923       426.67
       8.271     0.998047      5887189       512.00
       8.439     0.998242      5888353       568.89
       8.631     0.998437      5889513       640.00
       8.863     0.998633      5890655       731.43
       9.135     0.998828      5891811       853.33
       9.487     0.999023      5892953      1024.00
       9.719     0.999121      5893537      1137.78
       9.983     0.999219      5894111      1280.00
      10.311     0.999316      5894679      1462.86
      10.751     0.999414      5895253      1706.67
      11.351     0.999512      5895828      2048.00
      11.735     0.999561      5896117      2275.56
      12.135     0.999609      5896404      2560.00
      12.767     0.999658      5896691      2925.71
      13.479     0.999707      5896982      3413.33
      14.367     0.999756      5897269      4096.00
      14.935     0.999780      5897413      4551.11
      15.535     0.999805      5897556      5120.00
      16.103     0.999829      5897699      5851.43
      16.799     0.999854      5897844      6826.67
      17.535     0.999878      5897988      8192.00
      17.951     0.999890      5898063      9102.22
      18.415     0.999902      5898131     10240.00
      18.943     0.999915      5898203     11702.86
      19.503     0.999927      5898276     13653.33
      20.047     0.999939      5898348     16384.00
      20.415     0.999945      5898383     18204.44
      20.911     0.999951      5898420     20480.00
      21.423     0.999957      5898455     23405.71
      21.999     0.999963      5898493     27306.67
      22.383     0.999969      5898527     32768.00
      22.767     0.999973      5898545     36408.89
      23.103     0.999976      5898564     40960.00
      23.375     0.999979      5898581     46811.43
      23.695     0.999982      5898599     54613.33
      24.031     0.999985      5898617     65536.00
      24.303     0.999986      5898626     72817.78
      24.735     0.999988      5898636     81920.00
      24.991     0.999989      5898645     93622.86
      25.295     0.999991      5898654    109226.67
      25.583     0.999992      5898662    131072.00
      25.775     0.999993      5898667    145635.56
      25.807     0.999994      5898671    163840.00
      25.999     0.999995      5898676    187245.71
      26.159     0.999995      5898680    218453.33
      26.415     0.999996      5898685    262144.00
      26.479     0.999997      5898687    291271.11
      26.751     0.999997      5898689    327680.00
      27.023     0.999997      5898693    374491.43
      27.039     0.999998      5898694    436906.67
      27.119     0.999998      5898696    524288.00
      27.151     0.999998      5898697    582542.22
      27.199     0.999998      5898698    655360.00
      27.599     0.999999      5898700    748982.86
      27.631     0.999999      5898701    873813.33
      27.695     0.999999      5898702   1048576.00
      27.695     0.999999      5898702   1165084.44
      27.711     0.999999      5898703   1310720.00
      28.079     0.999999      5898704   1497965.71
      28.079     0.999999      5898704   1747626.67
      28.463     1.000000      5898705   2097152.00
      28.463     1.000000      5898705   2330168.89
      28.463     1.000000      5898705   2621440.00
      29.183     1.000000      5898706   2995931.43
      29.183     1.000000      5898706   3495253.33
      29.183     1.000000      5898706   4194304.00
      29.183     1.000000      5898706   4660337.78
      29.183     1.000000      5898706   5242880.00
      29.407     1.000000      5898707   5991862.86
      29.407     1.000000      5898707          inf
#[Mean    =        2.231, StdDeviation   =        1.204]
#[Max     =       29.392, Total count    =      5898707]
#[Buckets =           27, SubBuckets     =         2048]
----------------------------------------------------------
  5998336 requests in 10.00m, 869.51MB read
Requests/sec:   9997.19
Transfer/sec:      1.45MB
