Running 10m test @ http://localhost:9999/math/plus?x=1&y=2
  16 threads and 400 connections
  Thread calibration: mean lat.: 27.741ms, rate sampling interval: 10ms
  Thread calibration: mean lat.: 26.628ms, rate sampling interval: 10ms
  Thread calibration: mean lat.: 14.685ms, rate sampling interval: 10ms
  Thread calibration: mean lat.: 43.593ms, rate sampling interval: 10ms
  Thread calibration: mean lat.: 1.690ms, rate sampling interval: 10ms
  Thread calibration: mean lat.: 26.481ms, rate sampling interval: 10ms
  Thread calibration: mean lat.: 1.686ms, rate sampling interval: 10ms
  Thread calibration: mean lat.: 43.602ms, rate sampling interval: 10ms
  Thread calibration: mean lat.: 26.366ms, rate sampling interval: 10ms
  Thread calibration: mean lat.: 23.415ms, rate sampling interval: 10ms
  Thread calibration: mean lat.: 6.037ms, rate sampling interval: 10ms
  Thread calibration: mean lat.: 1.748ms, rate sampling interval: 10ms
  Thread calibration: mean lat.: 14.879ms, rate sampling interval: 10ms
  Thread calibration: mean lat.: 22.607ms, rate sampling interval: 10ms
  Thread calibration: mean lat.: 42.852ms, rate sampling interval: 10ms
  Thread calibration: mean lat.: 1.659ms, rate sampling interval: 10ms
  Thread Stats   Avg      Stdev     Max   +/- Stdev
    Latency     1.77ms    1.00ms  23.63ms   73.71%
    Req/Sec   658.06    462.80     2.78k    77.13%
  Latency Distribution (HdrHistogram - Recorded Latency)
 50.000%    1.58ms
 75.000%    2.25ms
 90.000%    3.10ms
 99.000%    4.74ms
 99.900%    7.92ms
 99.990%   12.45ms
 99.999%   19.57ms
100.000%   23.65ms

  Detailed Percentile spectrum:
       Value   Percentile   TotalCount 1/(1-Percentile)

       0.075     0.000000            1         1.00
       0.702     0.100000       590084         1.11
       0.958     0.200000      1180186         1.25
       1.174     0.300000      1770125         1.43
       1.373     0.400000      2360144         1.67
       1.580     0.500000      2951040         2.00
       1.694     0.550000      3245268         2.22
       1.815     0.600000      3541213         2.50
       1.944     0.650000      3835759         2.86
       2.087     0.700000      4132121         3.33
       2.249     0.750000      4425998         4.00
       2.343     0.775000      4574462         4.44
       2.447     0.800000      4721274         5.00
       2.567     0.825000      4868056         5.71
       2.709     0.850000      5014813         6.67
       2.881     0.875000      5161832         8.00
       2.981     0.887500      5235473         8.89
       3.097     0.900000      5309645        10.00
       3.221     0.912500      5382834        11.43
       3.357     0.925000      5456473        13.33
       3.509     0.937500      5530227        16.00
       3.593     0.943750      5567489        17.78
       3.679     0.950000      5604007        20.00
       3.773     0.956250      5640877        22.86
       3.875     0.962500      5677887        26.67
       3.991     0.968750      5714888        32.00
       4.055     0.971875      5732970        35.56
       4.131     0.975000      5751932        40.00
       4.211     0.978125      5769757        45.71
       4.311     0.981250      5788639        53.33
       4.423     0.984375      5806641        64.00
       4.491     0.985938      5815818        71.11
       4.575     0.987500      5825349        80.00
       4.671     0.989062      5834356        91.43
       4.791     0.990625      5843391       106.67
       4.951     0.992188      5852701       128.00
       5.055     0.992969      5857258       142.22
       5.183     0.993750      5861899       160.00
       5.331     0.994531      5866489       182.86
       5.519     0.995313      5871116       213.33
       5.755     0.996094      5875650       256.00
       5.899     0.996484      5877986       284.44
       6.071     0.996875      5880284       320.00
       6.271     0.997266      5882559       365.71
       6.515     0.997656      5884870       426.67
       6.811     0.998047      5887175       512.00
       6.987     0.998242      5888319       568.89
       7.183     0.998437      5889491       640.00
       7.399     0.998633      5890630       731.43
       7.659     0.998828      5891789       853.33
       7.963     0.999023      5892930      1024.00
       8.127     0.999121      5893504      1137.78
       8.343     0.999219      5894087      1280.00
       8.591     0.999316      5894664      1462.86
       8.903     0.999414      5895231      1706.67
       9.311     0.999512      5895805      2048.00
       9.559     0.999561      5896096      2275.56
       9.799     0.999609      5896382      2560.00
      10.079     0.999658      5896671      2925.71
      10.423     0.999707      5896962      3413.33
      10.791     0.999756      5897251      4096.00
      10.967     0.999780      5897390      4551.11
      11.183     0.999805      5897533      5120.00
      11.423     0.999829      5897679      5851.43
      11.679     0.999854      5897822      6826.67
      12.007     0.999878      5897967      8192.00
      12.231     0.999890      5898040      9102.22
      12.487     0.999902      5898112     10240.00
      12.863     0.999915      5898182     11702.86
      13.199     0.999927      5898253     13653.33
      13.823     0.999939      5898326     16384.00
      14.103     0.999945      5898361     18204.44
      14.487     0.999951      5898397     20480.00
      14.895     0.999957      5898433     23405.71
      15.439     0.999963      5898469     27306.67
      16.039     0.999969      5898505     32768.00
      16.327     0.999973      5898523     36408.89
      16.879     0.999976      5898542     40960.00
      17.471     0.999979      5898559     46811.43
      17.823     0.999982      5898577     54613.33
      18.463     0.999985      5898595     65536.00
      18.767     0.999986      5898604     72817.78
      19.119     0.999988      5898613     81920.00
      19.359     0.999989      5898622     93622.86
      19.807     0.999991      5898631    109226.67
      20.255     0.999992      5898640    131072.00
      20.431     0.999993      5898645    145635.56
      20.543     0.999994      5898649    163840.00
      20.847     0.999995      5898654    187245.71
      21.103     0.999995      5898658    218453.33
      21.279     0.999996      5898663    262144.00
      21.375     0.999997      5898665    291271.11
      21.535     0.999997      5898667    327680.00
      21.663     0.999997      5898670    374491.43
      21.711     0.999998      5898672    436906.67
      22.239     0.999998      5898674    524288.00
      22.255     0.999998      5898675    582542.22
      22.271     0.999998      5898676    655360.00
      22.319     0.999999      5898678    748982.86
      22.639     0.999999      5898679    873813.33
      22.879     0.999999      5898680   1048576.00
      22.879     0.999999      5898680   1165084.44
      23.359     0.999999      5898681   1310720.00
      23.471     0.999999      5898682   1497965.71
      23.471     0.999999      5898682   1747626.67
      23.551     1.000000      5898683   2097152.00
      23.551     1.000000      5898683   2330168.89
      23.551     1.000000      5898683   2621440.00
      23.599     1.000000      5898684   2995931.43
      23.599     1.000000      5898684   3495253.33
      23.599     1.000000      5898684   4194304.00
      23.599     1.000000      5898684   4660337.78
      23.599     1.000000      5898684   5242880.00
      23.647     1.000000      5898685   5991862.86
      23.647     1.000000      5898685          inf
#[Mean    =        1.771, StdDeviation   =        1.003]
#[Max     =       23.632, Total count    =      5898685]
#[Buckets =           27, SubBuckets     =         2048]
----------------------------------------------------------
  5998938 requests in 10.00m, 869.60MB read
Requests/sec:   9998.21
Transfer/sec:      1.45MB
