Running 10m test @ http://localhost:9999/math/plus?x=1&y=2
  16 threads and 400 connections
  Thread calibration: mean lat.: 7.974ms, rate sampling interval: 24ms
  Thread calibration: mean lat.: 61.203ms, rate sampling interval: 230ms
  Thread calibration: mean lat.: 4.080ms, rate sampling interval: 25ms
  Thread calibration: mean lat.: 48.861ms, rate sampling interval: 44ms
  Thread calibration: mean lat.: 3.583ms, rate sampling interval: 24ms
  Thread calibration: mean lat.: 4.350ms, rate sampling interval: 26ms
  Thread calibration: mean lat.: 8.174ms, rate sampling interval: 25ms
  Thread calibration: mean lat.: 3.721ms, rate sampling interval: 23ms
  Thread calibration: mean lat.: 41.023ms, rate sampling interval: 39ms
  Thread calibration: mean lat.: 45.029ms, rate sampling interval: 38ms
  Thread calibration: mean lat.: 16.257ms, rate sampling interval: 27ms
  Thread calibration: mean lat.: 3.407ms, rate sampling interval: 22ms
  Thread calibration: mean lat.: 8.103ms, rate sampling interval: 25ms
  Thread calibration: mean lat.: 57.109ms, rate sampling interval: 101ms
  Thread calibration: mean lat.: 4.267ms, rate sampling interval: 26ms
  Thread calibration: mean lat.: 36.460ms, rate sampling interval: 34ms
  Thread Stats   Avg      Stdev     Max   +/- Stdev
    Latency     4.17ms    5.41ms  53.31ms   84.49%
    Req/Sec     1.91k   415.50     5.13k    76.32%
  Latency Distribution (HdrHistogram - Recorded Latency)
 50.000%    1.72ms
 75.000%    4.55ms
 90.000%   12.87ms
 99.000%   22.99ms
 99.900%   30.42ms
 99.990%   38.85ms
 99.999%   45.89ms
100.000%   53.34ms

  Detailed Percentile spectrum:
       Value   Percentile   TotalCount 1/(1-Percentile)

       0.067     0.000000            1         1.00
       0.595     0.100000      1770310         1.11
       0.904     0.200000      3540804         1.25
       1.172     0.300000      5313115         1.43
       1.434     0.400000      7079504         1.67
       1.723     0.500000      8848554         2.00
       1.909     0.550000      9734602         2.22
       2.143     0.600000     10623376         2.50
       2.449     0.650000     11506546         2.86
       2.943     0.700000     12387426         3.33
       4.547     0.750000     13272677         4.00
       5.815     0.775000     13714955         4.44
       7.143     0.800000     14157508         5.00
       8.463     0.825000     14599256         5.71
       9.871     0.850000     15042258         6.67
      11.303     0.875000     15484079         8.00
      12.071     0.887500     15706472         8.89
      12.871     0.900000     15927682        10.00
      13.711     0.912500     16148442        11.43
      14.623     0.925000     16370469        13.33
      15.567     0.937500     16591053        16.00
      16.071     0.943750     16701308        17.78
      16.623     0.950000     16813431        20.00
      17.215     0.956250     16923313        22.86
      17.887     0.962500     17034185        26.67
      18.655     0.968750     17143778        32.00
      19.087     0.971875     17198703        35.56
      19.567     0.975000     17254119        40.00
      20.095     0.978125     17309933        45.71
      20.671     0.981250     17364570        53.33
      21.359     0.984375     17420307        64.00
      21.743     0.985938     17447137        71.11
      22.191     0.987500     17475391        80.00
      22.671     0.989062     17503002        91.43
      23.231     0.990625     17530720       106.67
      23.855     0.992188     17558041       128.00
      24.207     0.992969     17571512       142.22
      24.607     0.993750     17585331       160.00
      25.055     0.994531     17599194       182.86
      25.567     0.995313     17613163       213.33
      26.159     0.996094     17626978       256.00
      26.495     0.996484     17633822       284.44
      26.863     0.996875     17640599       320.00
      27.295     0.997266     17647645       365.71
      27.759     0.997656     17654466       426.67
      28.335     0.998047     17661495       512.00
      28.655     0.998242     17664793       568.89
      29.039     0.998437     17668381       640.00
      29.455     0.998633     17671817       731.43
      29.919     0.998828     17675164       853.33
      30.479     0.999023     17678619      1024.00
      30.815     0.999121     17680352      1137.78
      31.183     0.999219     17682080      1280.00
      31.631     0.999316     17683844      1462.86
      32.127     0.999414     17685525      1706.67
      32.751     0.999512     17687268      2048.00
      33.119     0.999561     17688165      2275.56
      33.535     0.999609     17689030      2560.00
      34.015     0.999658     17689875      2925.71
      34.559     0.999707     17690728      3413.33
      35.263     0.999756     17691594      4096.00
      35.679     0.999780     17692009      4551.11
      36.191     0.999805     17692447      5120.00
      36.767     0.999829     17692881      5851.43
      37.343     0.999854     17693301      6826.67
      38.079     0.999878     17693739      8192.00
      38.463     0.999890     17693952      9102.22
      38.943     0.999902     17694165     10240.00
      39.455     0.999915     17694377     11702.86
      39.999     0.999927     17694594     13653.33
      40.671     0.999939     17694812     16384.00
      40.991     0.999945     17694917     18204.44
      41.407     0.999951     17695024     20480.00
      41.919     0.999957     17695132     23405.71
      42.431     0.999963     17695250     27306.67
      42.911     0.999969     17695347     32768.00
      43.199     0.999973     17695403     36408.89
      43.551     0.999976     17695455     40960.00
      43.903     0.999979     17695514     46811.43
      44.223     0.999982     17695564     54613.33
      44.671     0.999985     17695618     65536.00
      45.087     0.999986     17695648     72817.78
      45.407     0.999988     17695673     81920.00
      45.791     0.999989     17695699     93622.86
      46.143     0.999991     17695725    109226.67
      46.783     0.999992     17695754    131072.00
      47.039     0.999993     17695767    145635.56
      47.199     0.999994     17695780    163840.00
      47.807     0.999995     17695793    187245.71
      48.095     0.999995     17695807    218453.33
      48.575     0.999996     17695821    262144.00
      48.927     0.999997     17695827    291271.11
      49.279     0.999997     17695834    327680.00
      49.567     0.999997     17695840    374491.43
      49.695     0.999998     17695847    436906.67
      49.951     0.999998     17695854    524288.00
      50.015     0.999998     17695858    582542.22
      50.239     0.999998     17695860    655360.00
      50.559     0.999999     17695864    748982.86
      50.815     0.999999     17695868    873813.33
      51.103     0.999999     17695872   1048576.00
      51.103     0.999999     17695872   1165084.44
      51.455     0.999999     17695874   1310720.00
      51.551     0.999999     17695876   1497965.71
      51.807     0.999999     17695877   1747626.67
      51.967     1.000000     17695879   2097152.00
      52.191     1.000000     17695880   2330168.89
      52.479     1.000000     17695881   2621440.00
      52.639     1.000000     17695882   2995931.43
      52.639     1.000000     17695882   3495253.33
      52.767     1.000000     17695883   4194304.00
      52.863     1.000000     17695884   4660337.78
      52.863     1.000000     17695884   5242880.00
      53.119     1.000000     17695885   5991862.86
      53.119     1.000000     17695885   6990506.67
      53.119     1.000000     17695885   8388608.00
      53.279     1.000000     17695886   9320675.55
      53.279     1.000000     17695886  10485760.00
      53.279     1.000000     17695886  11983725.71
      53.279     1.000000     17695886  13981013.34
      53.279     1.000000     17695886  16777216.00
      53.343     1.000000     17695887  18641351.10
      53.343     1.000000     17695887          inf
#[Mean    =        4.167, StdDeviation   =        5.406]
#[Max     =       53.312, Total count    =     17695887]
#[Buckets =           27, SubBuckets     =         2048]
----------------------------------------------------------
  17992445 requests in 10.00m, 2.55GB read
Requests/sec:  29987.20
Transfer/sec:      4.35MB
