Running 10m test @ http://localhost:9999/math/plus?x=1&y=2
  16 threads and 400 connections
  Thread calibration: mean lat.: 27.681ms, rate sampling interval: 14ms
  Thread calibration: mean lat.: 2.921ms, rate sampling interval: 11ms
  Thread calibration: mean lat.: 36.893ms, rate sampling interval: 16ms
  Thread calibration: mean lat.: 40.033ms, rate sampling interval: 17ms
  Thread calibration: mean lat.: 57.857ms, rate sampling interval: 103ms
  Thread calibration: mean lat.: 48.057ms, rate sampling interval: 27ms
  Thread calibration: mean lat.: 47.917ms, rate sampling interval: 27ms
  Thread calibration: mean lat.: 2.952ms, rate sampling interval: 11ms
  Thread calibration: mean lat.: 31.654ms, rate sampling interval: 14ms
  Thread calibration: mean lat.: 15.325ms, rate sampling interval: 12ms
  Thread calibration: mean lat.: 40.473ms, rate sampling interval: 17ms
  Thread calibration: mean lat.: 27.605ms, rate sampling interval: 14ms
  Thread calibration: mean lat.: 48.353ms, rate sampling interval: 29ms
  Thread calibration: mean lat.: 2.825ms, rate sampling interval: 11ms
  Thread calibration: mean lat.: 73.598ms, rate sampling interval: 567ms
  Thread calibration: mean lat.: 68.866ms, rate sampling interval: 451ms
  Thread Stats   Avg      Stdev     Max   +/- Stdev
    Latency     3.05ms    2.62ms  32.69ms   86.12%
    Req/Sec   648.55    391.14     2.20k    57.77%
  Latency Distribution (HdrHistogram - Recorded Latency)
 50.000%    2.29ms
 75.000%    3.87ms
 90.000%    6.10ms
 99.000%   14.06ms
 99.900%   20.32ms
 99.990%   24.98ms
 99.999%   28.99ms
100.000%   32.70ms

  Detailed Percentile spectrum:
       Value   Percentile   TotalCount 1/(1-Percentile)

       0.085     0.000000            1         1.00
       0.840     0.100000       589872         1.11
       1.189     0.200000      1180126         1.25
       1.501     0.300000      1770156         1.43
       1.863     0.400000      2360193         1.67
       2.289     0.500000      2951806         2.00
       2.531     0.550000      3244456         2.22
       2.807     0.600000      3540838         2.50
       3.119     0.650000      3835824         2.86
       3.467     0.700000      4129535         3.33
       3.871     0.750000      4424437         4.00
       4.107     0.775000      4572320         4.44
       4.391     0.800000      4719443         5.00
       4.743     0.825000      4867305         5.71
       5.167     0.850000      5013917         6.67
       5.627     0.875000      5162604         8.00
       5.855     0.887500      5235123         8.89
       6.099     0.900000      5308888        10.00
       6.371     0.912500      5383644        11.43
       6.679     0.925000      5456884        13.33
       7.063     0.937500      5530442        16.00
       7.295     0.943750      5567086        17.78
       7.579     0.950000      5603886        20.00
       7.939     0.956250      5640666        22.86
       8.471     0.962500      5677812        26.67
       9.287     0.968750      5714593        32.00
       9.791     0.971875      5733005        35.56
      10.351     0.975000      5751486        40.00
      10.959     0.978125      5769886        45.71
      11.623     0.981250      5788155        53.33
      12.375     0.984375      5806693        64.00
      12.799     0.985938      5815813        71.11
      13.255     0.987500      5825014        80.00
      13.751     0.989062      5834298        91.43
      14.287     0.990625      5843497       106.67
      14.879     0.992188      5852729       128.00
      15.183     0.992969      5857219       142.22
      15.519     0.993750      5861865       160.00
      15.871     0.994531      5866463       182.86
      16.271     0.995313      5871070       213.33
      16.767     0.996094      5875773       256.00
      17.039     0.996484      5878060       284.44
      17.359     0.996875      5880351       320.00
      17.695     0.997266      5882572       365.71
      18.127     0.997656      5884901       426.67
      18.607     0.998047      5887178       512.00
      18.895     0.998242      5888344       568.89
      19.231     0.998437      5889507       640.00
      19.567     0.998633      5890648       731.43
      19.967     0.998828      5891827       853.33
      20.383     0.999023      5892967      1024.00
      20.623     0.999121      5893531      1137.78
      20.911     0.999219      5894124      1280.00
      21.199     0.999316      5894685      1462.86
      21.551     0.999414      5895254      1706.67
      21.919     0.999512      5895814      2048.00
      22.127     0.999561      5896103      2275.56
      22.367     0.999609      5896390      2560.00
      22.623     0.999658      5896679      2925.71
      22.943     0.999707      5896969      3413.33
      23.311     0.999756      5897262      4096.00
      23.519     0.999780      5897409      4551.11
      23.743     0.999805      5897552      5120.00
      23.967     0.999829      5897689      5851.43
      24.271     0.999854      5897839      6826.67
      24.591     0.999878      5897975      8192.00
      24.815     0.999890      5898047      9102.22
      25.023     0.999902      5898122     10240.00
      25.359     0.999915      5898195     11702.86
      25.711     0.999927      5898268     13653.33
      26.047     0.999939      5898336     16384.00
      26.287     0.999945      5898372     18204.44
      26.463     0.999951      5898407     20480.00
      26.735     0.999957      5898443     23405.71
      27.039     0.999963      5898479     27306.67
      27.295     0.999969      5898514     32768.00
      27.471     0.999973      5898533     36408.89
      27.695     0.999976      5898552     40960.00
      27.855     0.999979      5898568     46811.43
      28.095     0.999982      5898587     54613.33
      28.303     0.999985      5898604     65536.00
      28.575     0.999986      5898613     72817.78
      28.719     0.999988      5898622     81920.00
      28.863     0.999989      5898631     93622.86
      29.087     0.999991      5898640    109226.67
      29.327     0.999992      5898649    131072.00
      29.471     0.999993      5898654    145635.56
      29.615     0.999994      5898658    163840.00
      29.807     0.999995      5898663    187245.71
      30.095     0.999995      5898667    218453.33
      30.367     0.999996      5898673    262144.00
      30.383     0.999997      5898674    291271.11
      30.431     0.999997      5898676    327680.00
      30.607     0.999997      5898679    374491.43
      30.671     0.999998      5898681    436906.67
      30.783     0.999998      5898683    524288.00
      30.879     0.999998      5898684    582542.22
      30.975     0.999998      5898685    655360.00
      31.151     0.999999      5898687    748982.86
      31.199     0.999999      5898689    873813.33
      31.199     0.999999      5898689   1048576.00
      31.199     0.999999      5898689   1165084.44
      31.503     0.999999      5898690   1310720.00
      31.663     0.999999      5898691   1497965.71
      31.663     0.999999      5898691   1747626.67
      32.303     1.000000      5898692   2097152.00
      32.303     1.000000      5898692   2330168.89
      32.303     1.000000      5898692   2621440.00
      32.319     1.000000      5898693   2995931.43
      32.319     1.000000      5898693   3495253.33
      32.319     1.000000      5898693   4194304.00
      32.319     1.000000      5898693   4660337.78
      32.319     1.000000      5898693   5242880.00
      32.703     1.000000      5898694   5991862.86
      32.703     1.000000      5898694          inf
#[Mean    =        3.047, StdDeviation   =        2.617]
#[Max     =       32.688, Total count    =      5898694]
#[Buckets =           27, SubBuckets     =         2048]
----------------------------------------------------------
  5999507 requests in 10.00m, 869.68MB read
Requests/sec:   9999.18
Transfer/sec:      1.45MB
