Running 10m test @ http://localhost:9999/math/plus?x=1&y=2
  16 threads and 400 connections
  Thread calibration: mean lat.: 291.181ms, rate sampling interval: 1511ms
  Thread calibration: mean lat.: 87.545ms, rate sampling interval: 875ms
  Thread calibration: mean lat.: 13.862ms, rate sampling interval: 55ms
  Thread calibration: mean lat.: 18.730ms, rate sampling interval: 81ms
  Thread calibration: mean lat.: 371.175ms, rate sampling interval: 1786ms
  Thread calibration: mean lat.: 291.661ms, rate sampling interval: 1482ms
  Thread calibration: mean lat.: 17.837ms, rate sampling interval: 76ms
  Thread calibration: mean lat.: 14.080ms, rate sampling interval: 55ms
  Thread calibration: mean lat.: 260.453ms, rate sampling interval: 1412ms
  Thread calibration: mean lat.: 15.212ms, rate sampling interval: 64ms
  Thread calibration: mean lat.: 42.887ms, rate sampling interval: 76ms
  Thread calibration: mean lat.: 14.306ms, rate sampling interval: 59ms
  Thread calibration: mean lat.: 19.072ms, rate sampling interval: 85ms
  Thread calibration: mean lat.: 328.337ms, rate sampling interval: 1465ms
  Thread calibration: mean lat.: 15.540ms, rate sampling interval: 59ms
  Thread calibration: mean lat.: 301.075ms, rate sampling interval: 1437ms
  Thread Stats   Avg      Stdev     Max   +/- Stdev
    Latency    31.78s    20.32s    1.21m    57.26%
    Req/Sec     3.34k   146.78     4.17k    75.04%
  Latency Distribution (HdrHistogram - Recorded Latency)
 50.000%   30.83s 
 75.000%   49.35s 
 90.000%    1.01m 
 99.000%    1.14m 
 99.900%    1.19m 
 99.990%    1.20m 
 99.999%    1.21m 
100.000%    1.21m 

  Detailed Percentile spectrum:
       Value   Percentile   TotalCount 1/(1-Percentile)

       0.474     0.000000            1         1.00
    4390.911     0.100000      3132033         1.11
   10477.567     0.200000      6262803         1.25
   17039.359     0.300000      9395720         1.43
   23773.183     0.400000     12529884         1.67
   30834.687     0.500000     15654680         2.00
   34504.703     0.550000     17221142         2.22
   38109.183     0.600000     18789814         2.50
   41975.807     0.650000     20352236         2.86
   45711.359     0.700000     21928018         3.33
   49348.607     0.750000     23491438         4.00
   51183.615     0.775000     24270369         4.44
   53051.391     0.800000     25050116         5.00
   54919.167     0.825000     25831193         5.71
   56786.943     0.850000     26615322         6.67
   58654.719     0.875000     27399291         8.00
   59604.991     0.887500     27795101         8.89
   60522.495     0.900000     28176608        10.00
   61472.767     0.912500     28570514        11.43
   62423.039     0.925000     28963619        13.33
   63373.311     0.937500     29356171        16.00
   63864.831     0.943750     29556101        17.78
   64356.351     0.950000     29750275        20.00
   64847.871     0.956250     29938112        22.86
   65404.927     0.962500     30139622        26.67
   65994.751     0.968750     30335664        32.00
   66289.663     0.971875     30427123        35.56
   66617.343     0.975000     30524690        40.00
   66977.791     0.978125     30626265        45.71
   67371.007     0.981250     30729167        53.33
   67764.223     0.984375     30825452        64.00
   67960.831     0.985938     30870041        71.11
   68222.975     0.987500     30926642        80.00
   68419.583     0.989062     30966101        91.43
   68681.727     0.990625     31014115       106.67
   69009.407     0.992188     31069473       128.00
   69140.479     0.992969     31089964       142.22
   69337.087     0.993750     31118344       160.00
   69468.159     0.994531     31136241       182.86
   69664.767     0.995313     31161292       213.33
   69926.911     0.996094     31190635       256.00
   69992.447     0.996484     31197272       284.44
   70123.519     0.996875     31209816       320.00
   70254.591     0.997266     31221255       365.71
   70451.199     0.997656     31237680       426.67
   70582.271     0.998047     31247690       512.00
   70647.807     0.998242     31252181       568.89
   70778.879     0.998437     31260485       640.00
   70844.415     0.998633     31264491       731.43
   70975.487     0.998828     31271826       853.33
   71106.559     0.999023     31278403      1024.00
   71172.095     0.999121     31281469      1137.78
   71237.631     0.999219     31284327      1280.00
   71303.167     0.999316     31286851      1462.86
   71368.703     0.999414     31289187      1706.67
   71499.775     0.999512     31293531      2048.00
   71499.775     0.999561     31293531      2275.56
   71565.311     0.999609     31295422      2560.00
   71630.847     0.999658     31297191      2925.71
   71696.383     0.999707     31298719      3413.33
   71761.919     0.999756     31300095      4096.00
   71761.919     0.999780     31300095      4551.11
   71827.455     0.999805     31301316      5120.00
   71892.991     0.999829     31302260      5851.43
   71892.991     0.999854     31302260      6826.67
   71958.527     0.999878     31303126      8192.00
   72024.063     0.999890     31303812      9102.22
   72024.063     0.999902     31303812     10240.00
   72089.599     0.999915     31304412     11702.86
   72155.135     0.999927     31304894     13653.33
   72220.671     0.999939     31305316     16384.00
   72220.671     0.999945     31305316     18204.44
   72220.671     0.999951     31305316     20480.00
   72286.207     0.999957     31305644     23405.71
   72351.743     0.999963     31305969     27306.67
   72351.743     0.999969     31305969     32768.00
   72417.279     0.999973     31306297     36408.89
   72417.279     0.999976     31306297     40960.00
   72417.279     0.999979     31306297     46811.43
   72417.279     0.999982     31306297     54613.33
   72482.815     0.999985     31306511     65536.00
   72482.815     0.999986     31306511     72817.78
   72482.815     0.999988     31306511     81920.00
   72482.815     0.999989     31306511     93622.86
   72548.351     0.999991     31306655    109226.67
   72548.351     0.999992     31306655    131072.00
   72548.351     0.999993     31306655    145635.56
   72548.351     0.999994     31306655    163840.00
   72613.887     0.999995     31306722    187245.71
   72613.887     0.999995     31306722    218453.33
   72613.887     0.999996     31306722    262144.00
   72679.423     0.999997     31306787    291271.11
   72679.423     0.999997     31306787    327680.00
   72679.423     0.999997     31306787    374491.43
   72679.423     0.999998     31306787    436906.67
   72679.423     0.999998     31306787    524288.00
   72679.423     0.999998     31306787    582542.22
   72679.423     0.999998     31306787    655360.00
   72744.959     0.999999     31306832    748982.86
   72744.959     1.000000     31306832          inf
#[Mean    =    31782.365, StdDeviation   =    20323.714]
#[Max     =    72679.424, Total count    =     31306832]
#[Buckets =           27, SubBuckets     =         2048]
----------------------------------------------------------
  31904007 requests in 10.00m, 4.52GB read
Requests/sec:  53173.15
Transfer/sec:      7.71MB
