Running 10m test @ http://localhost:9999/math/plus?x=1&y=2
  16 threads and 400 connections
  Thread calibration: mean lat.: 65.977ms, rate sampling interval: 393ms
  Thread calibration: mean lat.: 15.589ms, rate sampling interval: 10ms
  Thread calibration: mean lat.: 54.034ms, rate sampling interval: 76ms
  Thread calibration: mean lat.: 11.195ms, rate sampling interval: 10ms
  Thread calibration: mean lat.: 49.587ms, rate sampling interval: 61ms
  Thread calibration: mean lat.: 2.509ms, rate sampling interval: 10ms
  Thread calibration: mean lat.: 11.160ms, rate sampling interval: 10ms
  Thread calibration: mean lat.: 49.940ms, rate sampling interval: 63ms
  Thread calibration: mean lat.: 23.391ms, rate sampling interval: 11ms
  Thread calibration: mean lat.: 19.536ms, rate sampling interval: 10ms
  Thread calibration: mean lat.: 23.305ms, rate sampling interval: 11ms
  Thread calibration: mean lat.: 23.876ms, rate sampling interval: 11ms
  Thread calibration: mean lat.: 11.179ms, rate sampling interval: 10ms
  Thread calibration: mean lat.: 45.719ms, rate sampling interval: 51ms
  Thread calibration: mean lat.: 61.508ms, rate sampling interval: 265ms
  Thread calibration: mean lat.: 53.543ms, rate sampling interval: 75ms
  Thread Stats   Avg      Stdev     Max   +/- Stdev
    Latency     2.03ms    8.74ms   1.00s    98.88%
    Req/Sec     3.28k   651.12    11.11k    77.78%
  Latency Distribution (HdrHistogram - Recorded Latency)
 50.000%    1.56ms
 75.000%    2.12ms
 90.000%    2.90ms
 99.000%   11.60ms
 99.900%   29.61ms
 99.990%  529.92ms
 99.999%  953.85ms
100.000%    1.00s 

  Detailed Percentile spectrum:
       Value   Percentile   TotalCount 1/(1-Percentile)

       0.065     0.000000            1         1.00
       0.627     0.100000      2955050         1.11
       0.898     0.200000      5908534         1.25
       1.134     0.300000      8852600         1.43
       1.354     0.400000     11810531         1.67
       1.563     0.500000     14758702         2.00
       1.664     0.550000     16231991         2.22
       1.766     0.600000     17703056         2.50
       1.873     0.650000     19172421         2.86
       1.989     0.700000     20649392         3.33
       2.121     0.750000     22125571         4.00
       2.197     0.775000     22864060         4.44
       2.283     0.800000     23599193         5.00
       2.385     0.825000     24343042         5.71
       2.507     0.850000     25070502         6.67
       2.669     0.875000     25813352         8.00
       2.771     0.887500     26178147         8.89
       2.903     0.900000     26547946        10.00
       3.077     0.912500     26915515        11.43
       3.331     0.925000     27283095        13.33
       3.719     0.937500     27651612        16.00
       3.961     0.943750     27835937        17.78
       4.243     0.950000     28019981        20.00
       4.583     0.956250     28205072        22.86
       5.007     0.962500     28388447        26.67
       5.575     0.968750     28572507        32.00
       5.943     0.971875     28664244        35.56
       6.383     0.975000     28756795        40.00
       6.947     0.978125     28848725        45.71
       7.631     0.981250     28940722        53.33
       8.519     0.984375     29033148        64.00
       9.151     0.985938     29078986        71.11
       9.975     0.987500     29125329        80.00
      10.959     0.989062     29171374        91.43
      12.007     0.990625     29217519       106.67
      13.311     0.992188     29263414       128.00
      14.183     0.992969     29286477       142.22
      15.127     0.993750     29309342       160.00
      16.095     0.994531     29332468       182.86
      17.263     0.995313     29355636       213.33
      18.623     0.996094     29378524       256.00
      19.375     0.996484     29390133       284.44
      20.191     0.996875     29401632       320.00
      21.167     0.997266     29413157       365.71
      22.367     0.997656     29424565       426.67
      23.823     0.998047     29436164       512.00
      24.623     0.998242     29441839       568.89
      25.631     0.998437     29447588       640.00
      26.767     0.998633     29453405       731.43
      28.079     0.998828     29459121       853.33
      29.887     0.999023     29464910      1024.00
      31.055     0.999121     29467763      1137.78
      32.527     0.999219     29470632      1280.00
      34.655     0.999316     29473529      1462.86
      37.087     0.999414     29476397      1706.67
      40.095     0.999512     29479299      2048.00
      41.887     0.999561     29480714      2275.56
      44.191     0.999609     29482152      2560.00
      47.071     0.999658     29483596      2925.71
      50.527     0.999707     29485038      3413.33
      57.407     0.999756     29486472      4096.00
      65.183     0.999780     29487192      4551.11
      84.735     0.999805     29487911      5120.00
     195.071     0.999829     29488631      5851.43
     310.015     0.999854     29489352      6826.67
     425.727     0.999878     29490072      8192.00
     483.327     0.999890     29490431      9102.22
     540.159     0.999902     29490792     10240.00
     608.255     0.999915     29491151     11702.86
     656.895     0.999927     29491516     13653.33
     738.815     0.999939     29491871     16384.00
     770.047     0.999945     29492058     18204.44
     776.703     0.999951     29492252     20480.00
     800.255     0.999957     29492415     23405.71
     828.415     0.999963     29492593     27306.67
     857.599     0.999969     29492771     32768.00
     872.447     0.999973     29492862     36408.89
     886.783     0.999976     29492955     40960.00
     901.119     0.999979     29493042     46811.43
     917.503     0.999982     29493131     54613.33
     930.303     0.999985     29493222     65536.00
     936.959     0.999986     29493267     72817.78
     945.663     0.999988     29493317     81920.00
     952.319     0.999989     29493366     93622.86
     958.975     0.999991     29493404    109226.67
     966.143     0.999992     29493446    131072.00
     969.215     0.999993     29493469    145635.56
     972.287     0.999994     29493492    163840.00
     976.895     0.999995     29493517    187245.71
     981.503     0.999995     29493541    218453.33
     985.599     0.999996     29493561    262144.00
     987.135     0.999997     29493570    291271.11
     990.207     0.999997     29493582    327680.00
     992.255     0.999997     29493594    374491.43
     993.791     0.999998     29493604    436906.67
     994.815     0.999998     29493616    524288.00
     996.351     0.999998     29493633    582542.22
     996.351     0.999998     29493633    655360.00
     996.351     0.999999     29493633    748982.86
     996.863     0.999999     29493642    873813.33
     997.375     0.999999     29493647   1048576.00
     997.375     0.999999     29493647   1165084.44
     997.887     0.999999     29493652   1310720.00
     997.887     0.999999     29493652   1497965.71
     999.423     0.999999     29493656   1747626.67
     999.935     1.000000     29493661   2097152.00
     999.935     1.000000     29493661   2330168.89
     999.935     1.000000     29493661   2621440.00
    1000.447     1.000000     29493667   2995931.43
    1000.447     1.000000     29493667   3495253.33
    1000.447     1.000000     29493667   4194304.00
    1000.447     1.000000     29493667   4660337.78
    1000.447     1.000000     29493667   5242880.00
    1000.447     1.000000     29493667   5991862.86
    1000.447     1.000000     29493667   6990506.67
    1001.471     1.000000     29493668   8388608.00
    1001.471     1.000000     29493668   9320675.55
    1001.983     1.000000     29493670  10485760.00
    1001.983     1.000000     29493670  11983725.71
    1001.983     1.000000     29493670  13981013.34
    1001.983     1.000000     29493670  16777216.00
    1001.983     1.000000     29493670  18641351.10
    1001.983     1.000000     29493670  20971519.98
    1001.983     1.000000     29493670  23967451.45
    1001.983     1.000000     29493670  27962026.68
    1003.007     1.000000     29493671  33554432.00
    1003.007     1.000000     29493671          inf
#[Mean    =        2.027, StdDeviation   =        8.737]
#[Max     =     1002.496, Total count    =     29493671]
#[Buckets =           27, SubBuckets     =         2048]
----------------------------------------------------------
  29993563 requests in 10.00m, 4.25GB read
Requests/sec:  49989.30
Transfer/sec:      7.25MB
