Running 10m test @ http://localhost:9999/math/plus?x=1&y=2
  16 threads and 400 connections
  Thread calibration: mean lat.: 66.423ms, rate sampling interval: 208ms
  Thread calibration: mean lat.: 9.030ms, rate sampling interval: 46ms
  Thread calibration: mean lat.: 84.678ms, rate sampling interval: 687ms
  Thread calibration: mean lat.: 15.900ms, rate sampling interval: 53ms
  Thread calibration: mean lat.: 53.364ms, rate sampling interval: 123ms
  Thread calibration: mean lat.: 17.297ms, rate sampling interval: 56ms
  Thread calibration: mean lat.: 16.115ms, rate sampling interval: 53ms
  Thread calibration: mean lat.: 74.030ms, rate sampling interval: 366ms
  Thread calibration: mean lat.: 14.734ms, rate sampling interval: 45ms
  Thread calibration: mean lat.: 85.716ms, rate sampling interval: 720ms
  Thread calibration: mean lat.: 39.697ms, rate sampling interval: 69ms
  Thread calibration: mean lat.: 14.543ms, rate sampling interval: 46ms
  Thread calibration: mean lat.: 57.299ms, rate sampling interval: 105ms
  Thread calibration: mean lat.: 15.738ms, rate sampling interval: 53ms
  Thread calibration: mean lat.: 59.727ms, rate sampling interval: 135ms
  Thread calibration: mean lat.: 52.152ms, rate sampling interval: 87ms
  Thread Stats   Avg      Stdev     Max   +/- Stdev
    Latency     3.94s     3.61s   16.46s    63.45%
    Req/Sec     3.10k   198.23    11.93k    75.23%
  Latency Distribution (HdrHistogram - Recorded Latency)
 50.000%    3.05s 
 75.000%    6.21s 
 90.000%    9.29s 
 99.000%   13.86s 
 99.900%   15.65s 
 99.990%   16.26s 
 99.999%   16.42s 
100.000%   16.47s 

  Detailed Percentile spectrum:
       Value   Percentile   TotalCount 1/(1-Percentile)

       0.091     0.000000            1         1.00
       9.719     0.100000      2903663         1.11
     410.111     0.200000      5806561         1.25
    1219.583     0.300000      8711417         1.43
    2075.647     0.400000     11613703         1.67
    3053.567     0.500000     14517137         2.00
    3643.391     0.550000     15970138         2.22
    4222.975     0.600000     17422726         2.50
    4833.279     0.650000     18877685         2.86
    5492.735     0.700000     20326112         3.33
    6213.631     0.750000     21780388         4.00
    6619.135     0.775000     22502077         4.44
    7057.407     0.800000     23226497         5.00
    7544.831     0.825000     23956671         5.71
    8056.831     0.850000     24681659         6.67
    8634.367     0.875000     25405648         8.00
    8953.855     0.887500     25773037         8.89
    9289.727     0.900000     26133662        10.00
    9674.751     0.912500     26496600        11.43
   10092.543     0.925000     26856109        13.33
   10567.679     0.937500     27216947        16.00
   10846.207     0.943750     27403768        17.78
   11116.543     0.950000     27582089        20.00
   11411.455     0.956250     27765149        22.86
   11730.943     0.962500     27945093        26.67
   12083.199     0.968750     28125979        32.00
   12287.999     0.971875     28217313        35.56
   12500.991     0.975000     28308118        40.00
   12738.559     0.978125     28399467        45.71
   12984.319     0.981250     28489159        53.33
   13262.847     0.984375     28578029        64.00
   13418.495     0.985938     28624104        71.11
   13574.143     0.987500     28669209        80.00
   13746.175     0.989062     28714398        91.43
   13942.783     0.990625     28760727       106.67
   14147.583     0.992188     28804892       128.00
   14262.271     0.992969     28828415       142.22
   14376.959     0.993750     28850791       160.00
   14508.031     0.994531     28873763       182.86
   14630.911     0.995313     28896475       213.33
   14778.367     0.996094     28919020       256.00
   14860.287     0.996484     28929945       284.44
   14950.399     0.996875     28941371       320.00
   15032.319     0.997266     28952439       365.71
   15138.815     0.997656     28963465       426.67
   15278.079     0.998047     28974928       512.00
   15343.615     0.998242     28980481       568.89
   15417.343     0.998437     28986361       640.00
   15482.879     0.998633     28992107       731.43
   15564.799     0.998828     28997581       853.33
   15654.911     0.999023     29003196      1024.00
   15704.063     0.999121     29006237      1137.78
   15753.215     0.999219     29009062      1280.00
   15810.559     0.999316     29011806      1462.86
   15851.519     0.999414     29014609      1706.67
   15900.671     0.999512     29017265      2048.00
   15933.439     0.999561     29018747      2275.56
   15966.207     0.999609     29020323      2560.00
   16007.167     0.999658     29021692      2925.71
   16048.127     0.999707     29023035      3413.33
   16089.087     0.999756     29024521      4096.00
   16113.663     0.999780     29025055      4551.11
   16138.239     0.999805     29025765      5120.00
   16171.007     0.999829     29026548      5851.43
   16203.775     0.999854     29027309      6826.67
   16228.351     0.999878     29028005      8192.00
   16244.735     0.999890     29028301      9102.22
   16261.119     0.999902     29028580     10240.00
   16293.887     0.999915     29029019     11702.86
   16318.463     0.999927     29029318     13653.33
   16343.039     0.999939     29029675     16384.00
   16351.231     0.999945     29029894     18204.44
   16359.423     0.999951     29030081     20480.00
   16367.615     0.999957     29030313     23405.71
   16375.807     0.999963     29030475     27306.67
   16383.999     0.999969     29030595     32768.00
   16392.191     0.999973     29030757     36408.89
   16392.191     0.999976     29030757     40960.00
   16400.383     0.999979     29030852     46811.43
   16408.575     0.999982     29030991     54613.33
   16408.575     0.999985     29030991     65536.00
   16416.767     0.999986     29031061     72817.78
   16416.767     0.999988     29031061     81920.00
   16424.959     0.999989     29031138     93622.86
   16433.151     0.999991     29031253    109226.67
   16433.151     0.999992     29031253    131072.00
   16433.151     0.999993     29031253    145635.56
   16433.151     0.999994     29031253    163840.00
   16433.151     0.999995     29031253    187245.71
   16441.343     0.999995     29031301    218453.33
   16441.343     0.999996     29031301    262144.00
   16449.535     0.999997     29031370    291271.11
   16449.535     0.999997     29031370    327680.00
   16449.535     0.999997     29031370    374491.43
   16449.535     0.999998     29031370    436906.67
   16449.535     0.999998     29031370    524288.00
   16449.535     0.999998     29031370    582542.22
   16449.535     0.999998     29031370    655360.00
   16449.535     0.999999     29031370    748982.86
   16457.727     0.999999     29031396    873813.33
   16457.727     0.999999     29031396   1048576.00
   16457.727     0.999999     29031396   1165084.44
   16457.727     0.999999     29031396   1310720.00
   16457.727     0.999999     29031396   1497965.71
   16457.727     0.999999     29031396   1747626.67
   16457.727     1.000000     29031396   2097152.00
   16457.727     1.000000     29031396   2330168.89
   16457.727     1.000000     29031396   2621440.00
   16457.727     1.000000     29031396   2995931.43
   16457.727     1.000000     29031396   3495253.33
   16465.919     1.000000     29031404   4194304.00
   16465.919     1.000000     29031404          inf
#[Mean    =     3935.147, StdDeviation   =     3613.043]
#[Max     =    16457.728, Total count    =     29031404]
#[Buckets =           27, SubBuckets     =         2048]
----------------------------------------------------------
  29534413 requests in 10.00m, 4.18GB read
Requests/sec:  49223.92
Transfer/sec:      7.14MB
