Running 10m test @ http://localhost:9999/math/plus?x=1&y=2
  16 threads and 400 connections
  Thread calibration: mean lat.: 15.146ms, rate sampling interval: 20ms
  Thread calibration: mean lat.: 40.831ms, rate sampling interval: 34ms
  Thread calibration: mean lat.: 40.612ms, rate sampling interval: 33ms
  Thread calibration: mean lat.: 11.376ms, rate sampling interval: 19ms
  Thread calibration: mean lat.: 36.108ms, rate sampling interval: 30ms
  Thread calibration: mean lat.: 40.833ms, rate sampling interval: 34ms
  Thread calibration: mean lat.: 40.320ms, rate sampling interval: 33ms
  Thread calibration: mean lat.: 6.977ms, rate sampling interval: 16ms
  Thread calibration: mean lat.: 11.297ms, rate sampling interval: 18ms
  Thread calibration: mean lat.: 2.991ms, rate sampling interval: 16ms
  Thread calibration: mean lat.: 6.804ms, rate sampling interval: 17ms
  Thread calibration: mean lat.: 6.812ms, rate sampling interval: 16ms
  Thread calibration: mean lat.: 7.044ms, rate sampling interval: 17ms
  Thread calibration: mean lat.: 40.986ms, rate sampling interval: 35ms
  Thread calibration: mean lat.: 11.334ms, rate sampling interval: 19ms
  Thread calibration: mean lat.: 36.037ms, rate sampling interval: 31ms
  Thread Stats   Avg      Stdev     Max   +/- Stdev
    Latency     2.25ms    3.35ms  47.14ms   90.79%
    Req/Sec     1.92k   312.96     5.73k    81.89%
  Latency Distribution (HdrHistogram - Recorded Latency)
 50.000%    1.23ms
 75.000%    1.91ms
 90.000%    4.81ms
 99.000%   17.17ms
 99.900%   24.13ms
 99.990%   34.11ms
 99.999%   40.93ms
100.000%   47.17ms

  Detailed Percentile spectrum:
       Value   Percentile   TotalCount 1/(1-Percentile)

       0.065     0.000000            1         1.00
       0.471     0.100000      1773047         1.11
       0.689     0.200000      3547443         1.25
       0.879     0.300000      5312181         1.43
       1.057     0.400000      7080024         1.67
       1.233     0.500000      8848619         2.00
       1.329     0.550000      9733161         2.22
       1.437     0.600000     10621717         2.50
       1.565     0.650000     11503324         2.86
       1.719     0.700000     12389129         3.33
       1.909     0.750000     13276052         4.00
       2.023     0.775000     13714936         4.44
       2.157     0.800000     14157635         5.00
       2.323     0.825000     14600517         5.71
       2.555     0.850000     15043514         6.67
       2.997     0.875000     15484298         8.00
       3.629     0.887500     15705773         8.89
       4.811     0.900000     15927109        10.00
       6.079     0.912500     16148304        11.43
       7.431     0.925000     16369509        13.33
       8.823     0.937500     16590201        16.00
       9.591     0.943750     16701404        17.78
      10.383     0.950000     16811543        20.00
      11.183     0.956250     16922106        22.86
      11.999     0.962500     17033313        26.67
      12.879     0.968750     17143982        32.00
      13.367     0.971875     17198525        35.56
      13.911     0.975000     17254432        40.00
      14.487     0.978125     17309654        45.71
      15.095     0.981250     17364949        53.33
      15.751     0.984375     17420301        64.00
      16.103     0.985938     17447707        71.11
      16.479     0.987500     17475055        80.00
      16.895     0.989062     17503030        91.43
      17.359     0.990625     17530807       106.67
      17.887     0.992188     17558188       128.00
      18.191     0.992969     17572250       142.22
      18.527     0.993750     17586127       160.00
      18.879     0.994531     17599408       182.86
      19.311     0.995313     17613311       213.33
      19.839     0.996094     17627412       256.00
      20.143     0.996484     17634249       284.44
      20.479     0.996875     17640949       320.00
      20.863     0.997266     17647855       365.71
      21.327     0.997656     17654855       426.67
      21.871     0.998047     17661649       512.00
      22.175     0.998242     17665068       568.89
      22.559     0.998437     17668653       640.00
      23.007     0.998633     17671994       731.43
      23.551     0.998828     17675499       853.33
      24.207     0.999023     17678940      1024.00
      24.607     0.999121     17680657      1137.78
      25.023     0.999219     17682374      1280.00
      25.503     0.999316     17684112      1462.86
      26.095     0.999414     17685828      1706.67
      26.847     0.999512     17687567      2048.00
      27.311     0.999561     17688404      2275.56
      27.839     0.999609     17689263      2560.00
      28.495     0.999658     17690141      2925.71
      29.135     0.999707     17691006      3413.33
      29.935     0.999756     17691868      4096.00
      30.399     0.999780     17692291      4551.11
      30.991     0.999805     17692727      5120.00
      31.695     0.999829     17693162      5851.43
      32.367     0.999854     17693584      6826.67
      33.311     0.999878     17694021      8192.00
      33.759     0.999890     17694233      9102.22
      34.175     0.999902     17694446     10240.00
      34.879     0.999915     17694668     11702.86
      35.711     0.999927     17694886     13653.33
      36.447     0.999939     17695096     16384.00
      36.767     0.999945     17695203     18204.44
      37.151     0.999951     17695310     20480.00
      37.567     0.999957     17695422     23405.71
      37.983     0.999963     17695534     27306.67
      38.399     0.999969     17695642     32768.00
      38.591     0.999973     17695690     36408.89
      38.847     0.999976     17695750     40960.00
      39.071     0.999979     17695797     46811.43
      39.359     0.999982     17695856     54613.33
      39.839     0.999985     17695907     65536.00
      40.063     0.999986     17695932     72817.78
      40.575     0.999988     17695959     81920.00
      40.831     0.999989     17695987     93622.86
      41.119     0.999991     17696012    109226.67
      41.567     0.999992     17696040    131072.00
      41.887     0.999993     17696055    145635.56
      42.111     0.999994     17696067    163840.00
      42.335     0.999995     17696082    187245.71
      42.655     0.999995     17696093    218453.33
      42.847     0.999996     17696107    262144.00
      42.943     0.999997     17696116    291271.11
      43.039     0.999997     17696121    327680.00
      43.199     0.999997     17696127    374491.43
      43.391     0.999998     17696135    436906.67
      43.839     0.999998     17696141    524288.00
      43.999     0.999998     17696144    582542.22
      44.031     0.999998     17696147    655360.00
      44.159     0.999999     17696151    748982.86
      44.223     0.999999     17696154    873813.33
      44.575     0.999999     17696158   1048576.00
      44.607     0.999999     17696159   1165084.44
      44.703     0.999999     17696161   1310720.00
      44.767     0.999999     17696163   1497965.71
      45.695     0.999999     17696164   1747626.67
      45.791     1.000000     17696167   2097152.00
      45.791     1.000000     17696167   2330168.89
      45.823     1.000000     17696169   2621440.00
      45.823     1.000000     17696169   2995931.43
      45.823     1.000000     17696169   3495253.33
      46.079     1.000000     17696170   4194304.00
      46.463     1.000000     17696171   4660337.78
      46.463     1.000000     17696171   5242880.00
      46.623     1.000000     17696172   5991862.86
      46.623     1.000000     17696172   6990506.67
      46.623     1.000000     17696172   8388608.00
      46.751     1.000000     17696173   9320675.55
      46.751     1.000000     17696173  10485760.00
      46.751     1.000000     17696173  11983725.71
      46.751     1.000000     17696173  13981013.34
      46.751     1.000000     17696173  16777216.00
      47.167     1.000000     17696174  18641351.10
      47.167     1.000000     17696174          inf
#[Mean    =        2.249, StdDeviation   =        3.349]
#[Max     =       47.136, Total count    =     17696174]
#[Buckets =           27, SubBuckets     =         2048]
----------------------------------------------------------
  17996298 requests in 10.00m, 2.55GB read
Requests/sec:  29993.87
Transfer/sec:      4.35MB
