Running 10m test @ http://localhost:9999/math/plus?x=1&y=2
  16 threads and 400 connections
  Thread calibration: mean lat.: 760.045ms, rate sampling interval: 2705ms
  Thread calibration: mean lat.: 864.779ms, rate sampling interval: 2914ms
  Thread calibration: mean lat.: 762.055ms, rate sampling interval: 2715ms
  Thread calibration: mean lat.: 898.117ms, rate sampling interval: 2998ms
  Thread calibration: mean lat.: 898.258ms, rate sampling interval: 3002ms
  Thread calibration: mean lat.: 758.810ms, rate sampling interval: 2695ms
  Thread calibration: mean lat.: 874.270ms, rate sampling interval: 2947ms
  Thread calibration: mean lat.: 758.183ms, rate sampling interval: 2693ms
  Thread calibration: mean lat.: 754.206ms, rate sampling interval: 2689ms
  Thread calibration: mean lat.: 776.632ms, rate sampling interval: 2742ms
  Thread calibration: mean lat.: 753.724ms, rate sampling interval: 2684ms
  Thread calibration: mean lat.: 753.301ms, rate sampling interval: 2682ms
  Thread calibration: mean lat.: 905.026ms, rate sampling interval: 3024ms
  Thread calibration: mean lat.: 762.538ms, rate sampling interval: 2709ms
  Thread calibration: mean lat.: 759.657ms, rate sampling interval: 2697ms
  Thread calibration: mean lat.: 775.891ms, rate sampling interval: 2729ms
  Thread Stats   Avg      Stdev     Max   +/- Stdev
    Latency     1.28m    48.61s    2.80m    57.05%
    Req/Sec     3.39k   153.02     3.90k    70.60%
  Latency Distribution (HdrHistogram - Recorded Latency)
 50.000%    1.23m 
 75.000%    1.99m 
 90.000%    2.45m 
 99.000%    2.73m 
 99.900%    2.77m 
 99.990%    2.79m 
 99.999%    2.80m 
100.000%    2.81m 

  Detailed Percentile spectrum:
       Value   Percentile   TotalCount 1/(1-Percentile)

    1466.367     0.000000            2         1.00
   13303.807     0.100000      3194587         1.11
   26574.847     0.200000      6390572         1.25
   40534.015     0.300000      9587568         1.43
   56066.047     0.400000     12782922         1.67
   73924.607     0.500000     15977717         2.00
   82968.575     0.550000     17579890         2.22
   92078.079     0.600000     19173722         2.50
  101122.047     0.650000     20766230         2.86
  110493.695     0.700000     22370435         3.33
  119472.127     0.750000     23965017         4.00
  123994.111     0.775000     24763703         4.44
  128581.631     0.800000     25561786         5.00
  133169.151     0.825000     26364106         5.71
  137756.671     0.850000     27173962         6.67
  142344.191     0.875000     27965296         8.00
  144572.415     0.887500     28353712         8.89
  146931.711     0.900000     28761359        10.00
  149159.935     0.912500     29149430        11.43
  151519.231     0.925000     29568055        13.33
  153747.455     0.937500     29958386        16.00
  154927.103     0.943750     30165611        17.78
  155975.679     0.950000     30350567        20.00
  157155.327     0.956250     30557280        22.86
  158334.975     0.962500     30762943        26.67
  159514.623     0.968750     30968254        32.00
  160038.911     0.971875     31058182        35.56
  160563.199     0.975000     31147158        40.00
  161218.559     0.978125     31257231        45.71
  161873.919     0.981250     31365911        53.33
  162398.207     0.984375     31451660        64.00
  162791.423     0.985938     31515626        71.11
  163053.567     0.987500     31557576        80.00
  163315.711     0.989062     31598691        91.43
  163708.927     0.990625     31658162       106.67
  163971.071     0.992188     31695776       128.00
  164233.215     0.992969     31731955       142.22
  164364.287     0.993750     31749121       160.00
  164626.431     0.994531     31781486       182.86
  164757.503     0.995313     31796499       213.33
  165019.647     0.996094     31824407       256.00
  165150.719     0.996484     31837548       284.44
  165281.791     0.996875     31849688       320.00
  165412.863     0.997266     31861216       365.71
  165543.935     0.997656     31871868       426.67
  165806.079     0.998047     31890634       512.00
  165806.079     0.998242     31890634       568.89
  165937.151     0.998437     31898690       640.00
  166068.223     0.998633     31905969       731.43
  166199.295     0.998828     31912574       853.33
  166330.367     0.999023     31918368      1024.00
  166330.367     0.999121     31918368      1137.78
  166461.439     0.999219     31923592      1280.00
  166461.439     0.999316     31923592      1462.86
  166592.511     0.999414     31928186      1706.67
  166723.583     0.999512     31931960      2048.00
  166723.583     0.999561     31931960      2275.56
  166723.583     0.999609     31931960      2560.00
  166854.655     0.999658     31935235      2925.71
  166854.655     0.999707     31935235      3413.33
  166985.727     0.999756     31937825      4096.00
  166985.727     0.999780     31937825      4551.11
  167116.799     0.999805     31939896      5120.00
  167116.799     0.999829     31939896      5851.43
  167116.799     0.999854     31939896      6826.67
  167247.871     0.999878     31941374      8192.00
  167247.871     0.999890     31941374      9102.22
  167247.871     0.999902     31941374     10240.00
  167378.943     0.999915     31942372     11702.86
  167378.943     0.999927     31942372     13653.33
  167510.015     0.999939     31943103     16384.00
  167510.015     0.999945     31943103     18204.44
  167510.015     0.999951     31943103     20480.00
  167510.015     0.999957     31943103     23405.71
  167641.087     0.999963     31943660     27306.67
  167641.087     0.999969     31943660     32768.00
  167641.087     0.999973     31943660     36408.89
  167641.087     0.999976     31943660     40960.00
  167772.159     0.999979     31943961     46811.43
  167772.159     0.999982     31943961     54613.33
  167772.159     0.999985     31943961     65536.00
  167772.159     0.999986     31943961     72817.78
  167903.231     0.999988     31944070     81920.00
  167903.231     0.999989     31944070     93622.86
  167903.231     0.999991     31944070    109226.67
  168034.303     0.999992     31944163    131072.00
  168034.303     0.999993     31944163    145635.56
  168165.375     0.999994     31944249    163840.00
  168165.375     0.999995     31944249    187245.71
  168165.375     0.999995     31944249    218453.33
  168165.375     0.999996     31944249    262144.00
  168296.447     0.999997     31944331    291271.11
  168296.447     0.999997     31944331    327680.00
  168296.447     0.999997     31944331    374491.43
  168296.447     0.999998     31944331    436906.67
  168296.447     0.999998     31944331    524288.00
  168296.447     0.999998     31944331    582542.22
  168296.447     0.999998     31944331    655360.00
  168296.447     0.999999     31944331    748982.86
  168296.447     0.999999     31944331    873813.33
  168296.447     0.999999     31944331   1048576.00
  168427.519     0.999999     31944359   1165084.44
  168427.519     1.000000     31944359          inf
#[Mean    =    77045.156, StdDeviation   =    48609.695]
#[Max     =   168296.448, Total count    =     31944359]
#[Buckets =           27, SubBuckets     =         2048]
----------------------------------------------------------
  32582907 requests in 10.00m, 4.61GB read
Requests/sec:  54304.87
Transfer/sec:      7.87MB
