Running 10m test @ http://localhost:9999/math/plus?x=1&y=2
  16 threads and 400 connections
  Thread calibration: mean lat.: 37.659ms, rate sampling interval: 33ms
  Thread calibration: mean lat.: 15.956ms, rate sampling interval: 19ms
  Thread calibration: mean lat.: 54.223ms, rate sampling interval: 63ms
  Thread calibration: mean lat.: 3.438ms, rate sampling interval: 13ms
  Thread calibration: mean lat.: 3.337ms, rate sampling interval: 12ms
  Thread calibration: mean lat.: 37.453ms, rate sampling interval: 35ms
  Thread calibration: mean lat.: 36.882ms, rate sampling interval: 34ms
  Thread calibration: mean lat.: 44.852ms, rate sampling interval: 40ms
  Thread calibration: mean lat.: 24.189ms, rate sampling interval: 24ms
  Thread calibration: mean lat.: 2.407ms, rate sampling interval: 10ms
  Thread calibration: mean lat.: 3.496ms, rate sampling interval: 13ms
  Thread calibration: mean lat.: 62.534ms, rate sampling interval: 261ms
  Thread calibration: mean lat.: 3.482ms, rate sampling interval: 12ms
  Thread calibration: mean lat.: 2.428ms, rate sampling interval: 10ms
  Thread calibration: mean lat.: 75.262ms, rate sampling interval: 577ms
  Thread calibration: mean lat.: 83.365ms, rate sampling interval: 726ms
  Thread Stats   Avg      Stdev     Max   +/- Stdev
    Latency     3.71ms    4.85ms  59.01ms   86.96%
    Req/Sec     1.95k   678.42     9.11k    77.03%
  Latency Distribution (HdrHistogram - Recorded Latency)
 50.000%    1.89ms
 75.000%    3.29ms
 90.000%   11.26ms
 99.000%   21.77ms
 99.900%   27.89ms
 99.990%   35.17ms
 99.999%   43.90ms
100.000%   59.04ms

  Detailed Percentile spectrum:
       Value   Percentile   TotalCount 1/(1-Percentile)

       0.068     0.000000            1         1.00
       0.645     0.100000      1773959         1.11
       0.960     0.200000      3545029         1.25
       1.239     0.300000      5312990         1.43
       1.540     0.400000      7079524         1.67
       1.892     0.500000      8849575         2.00
       2.099     0.550000      9738202         2.22
       2.327     0.600000     10623781         2.50
       2.577     0.650000     11506448         2.86
       2.877     0.700000     12388673         3.33
       3.291     0.750000     13274165         4.00
       3.593     0.775000     13715639         4.44
       4.053     0.800000     14157474         5.00
       4.983     0.825000     14599628         5.71
       6.891     0.850000     15041832         6.67
       9.031     0.875000     15485296         8.00
      10.151     0.887500     15706159         8.89
      11.255     0.900000     15926758        10.00
      12.343     0.912500     16149015        11.43
      13.519     0.925000     16370544        13.33
      14.687     0.937500     16591221        16.00
      15.271     0.943750     16701355        17.78
      15.879     0.950000     16812078        20.00
      16.527     0.956250     16924556        22.86
      17.215     0.962500     17034800        26.67
      17.967     0.968750     17144650        32.00
      18.383     0.971875     17200162        35.56
      18.815     0.975000     17254842        40.00
      19.295     0.978125     17310282        45.71
      19.823     0.981250     17364870        53.33
      20.415     0.984375     17420297        64.00
      20.751     0.985938     17448136        71.11
      21.103     0.987500     17475364        80.00
      21.503     0.989062     17502856        91.43
      21.967     0.990625     17531214       106.67
      22.479     0.992188     17558079       128.00
      22.783     0.992969     17572395       142.22
      23.103     0.993750     17586066       160.00
      23.455     0.994531     17599770       182.86
      23.871     0.995313     17613786       213.33
      24.319     0.996094     17627201       256.00
      24.591     0.996484     17634313       284.44
      24.895     0.996875     17641189       320.00
      25.231     0.997266     17647925       365.71
      25.631     0.997656     17654852       426.67
      26.111     0.998047     17661875       512.00
      26.383     0.998242     17665356       568.89
      26.687     0.998437     17668727       640.00
      27.023     0.998633     17672125       731.43
      27.439     0.998828     17675594       853.33
      27.935     0.999023     17679001      1024.00
      28.239     0.999121     17680781      1137.78
      28.575     0.999219     17682494      1280.00
      28.975     0.999316     17684179      1462.86
      29.487     0.999414     17685928      1706.67
      30.095     0.999512     17687661      2048.00
      30.431     0.999561     17688508      2275.56
      30.847     0.999609     17689373      2560.00
      31.295     0.999658     17690228      2925.71
      31.823     0.999707     17691099      3413.33
      32.495     0.999756     17691965      4096.00
      32.863     0.999780     17692407      4551.11
      33.247     0.999805     17692819      5120.00
      33.727     0.999829     17693272      5851.43
      34.175     0.999854     17693704      6826.67
      34.591     0.999878     17694127      8192.00
      34.879     0.999890     17694331      9102.22
      35.231     0.999902     17694558     10240.00
      35.615     0.999915     17694775     11702.86
      35.967     0.999927     17694981     13653.33
      36.415     0.999939     17695193     16384.00
      36.767     0.999945     17695304     18204.44
      37.151     0.999951     17695416     20480.00
      37.471     0.999957     17695530     23405.71
      37.855     0.999963     17695632     27306.67
      38.303     0.999969     17695736     32768.00
      38.527     0.999973     17695786     36408.89
      38.911     0.999976     17695844     40960.00
      39.263     0.999979     17695895     46811.43
      39.647     0.999982     17695949     54613.33
      40.255     0.999985     17696002     65536.00
      40.991     0.999986     17696029     72817.78
      41.823     0.999988     17696056     81920.00
      43.199     0.999989     17696083     93622.86
      44.511     0.999991     17696110    109226.67
      45.663     0.999992     17696139    131072.00
      45.919     0.999993     17696152    145635.56
      46.175     0.999994     17696164    163840.00
      46.431     0.999995     17696179    187245.71
      47.039     0.999995     17696191    218453.33
      49.631     0.999996     17696205    262144.00
      50.559     0.999997     17696212    291271.11
      50.815     0.999997     17696219    327680.00
      51.519     0.999997     17696225    374491.43
      52.383     0.999998     17696232    436906.67
      52.799     0.999998     17696239    524288.00
      52.863     0.999998     17696242    582542.22
      52.959     0.999998     17696245    655360.00
      53.055     0.999999     17696251    748982.86
      53.087     0.999999     17696253    873813.33
      53.183     0.999999     17696256   1048576.00
      53.215     0.999999     17696257   1165084.44
      53.279     0.999999     17696259   1310720.00
      53.407     0.999999     17696261   1497965.71
      53.471     0.999999     17696263   1747626.67
      53.503     1.000000     17696264   2097152.00
      53.535     1.000000     17696265   2330168.89
      53.567     1.000000     17696266   2621440.00
      58.015     1.000000     17696267   2995931.43
      58.015     1.000000     17696267   3495253.33
      58.079     1.000000     17696268   4194304.00
      58.527     1.000000     17696269   4660337.78
      58.527     1.000000     17696269   5242880.00
      58.911     1.000000     17696270   5991862.86
      58.911     1.000000     17696270   6990506.67
      58.911     1.000000     17696270   8388608.00
      58.975     1.000000     17696271   9320675.55
      58.975     1.000000     17696271  10485760.00
      58.975     1.000000     17696271  11983725.71
      58.975     1.000000     17696271  13981013.34
      58.975     1.000000     17696271  16777216.00
      59.039     1.000000     17696272  18641351.10
      59.039     1.000000     17696272          inf
#[Mean    =        3.713, StdDeviation   =        4.854]
#[Max     =       59.008, Total count    =     17696272]
#[Buckets =           27, SubBuckets     =         2048]
----------------------------------------------------------
  17994503 requests in 10.00m, 2.55GB read
Requests/sec:  29990.80
Transfer/sec:      4.35MB
