Running 10m test @ http://localhost:9999/math/plus?x=1&y=2
  16 threads and 400 connections
  Thread calibration: mean lat.: 42.911ms, rate sampling interval: 10ms
  Thread calibration: mean lat.: 39.327ms, rate sampling interval: 10ms
  Thread calibration: mean lat.: 6.199ms, rate sampling interval: 10ms
  Thread calibration: mean lat.: 18.512ms, rate sampling interval: 10ms
  Thread calibration: mean lat.: 2.406ms, rate sampling interval: 10ms
  Thread calibration: mean lat.: 3.438ms, rate sampling interval: 10ms
  Thread calibration: mean lat.: 6.338ms, rate sampling interval: 10ms
  Thread calibration: mean lat.: 22.820ms, rate sampling interval: 10ms
  Thread calibration: mean lat.: 38.953ms, rate sampling interval: 10ms
  Thread calibration: mean lat.: 3.244ms, rate sampling interval: 10ms
  Thread calibration: mean lat.: 18.657ms, rate sampling interval: 10ms
  Thread calibration: mean lat.: 22.802ms, rate sampling interval: 10ms
  Thread calibration: mean lat.: 14.765ms, rate sampling interval: 10ms
  Thread calibration: mean lat.: 2.461ms, rate sampling interval: 10ms
  Thread calibration: mean lat.: 34.980ms, rate sampling interval: 10ms
  Thread calibration: mean lat.: 2.364ms, rate sampling interval: 10ms
  Thread Stats   Avg      Stdev     Max   +/- Stdev
    Latency     2.54ms    8.38ms   1.01s    99.89%
    Req/Sec   658.51    548.39     3.11k    72.67%
  Latency Distribution (HdrHistogram - Recorded Latency)
 50.000%    2.17ms
 75.000%    3.31ms
 90.000%    4.36ms
 99.000%    6.18ms
 99.900%   11.34ms
 99.990%  518.91ms
 99.999%  942.59ms
100.000%    1.01s 

  Detailed Percentile spectrum:
       Value   Percentile   TotalCount 1/(1-Percentile)

       0.081     0.000000            1         1.00
       0.868     0.100000       589898         1.11
       1.196     0.200000      1180430         1.25
       1.488     0.300000      1771263         1.43
       1.811     0.400000      2360971         1.67
       2.173     0.500000      2949586         2.00
       2.379     0.550000      3246295         2.22
       2.593     0.600000      3539525         2.50
       2.817     0.650000      3836497         2.86
       3.051     0.700000      4129325         3.33
       3.309     0.750000      4424828         4.00
       3.449     0.775000      4572905         4.44
       3.597     0.800000      4720192         5.00
       3.757     0.825000      4866941         5.71
       3.935     0.850000      5014669         6.67
       4.135     0.875000      5162918         8.00
       4.243     0.887500      5235828         8.89
       4.363     0.900000      5310477        10.00
       4.491     0.912500      5383343        11.43
       4.635     0.925000      5457698        13.33
       4.795     0.937500      5531012        16.00
       4.883     0.943750      5567681        17.78
       4.979     0.950000      5604559        20.00
       5.083     0.956250      5641175        22.86
       5.199     0.962500      5678256        26.67
       5.331     0.968750      5714875        32.00
       5.403     0.971875      5732839        35.56
       5.487     0.975000      5751502        40.00
       5.579     0.978125      5769880        45.71
       5.691     0.981250      5788462        53.33
       5.827     0.984375      5806868        64.00
       5.903     0.985938      5815825        71.11
       5.995     0.987500      5824973        80.00
       6.103     0.989062      5834296        91.43
       6.235     0.990625      5843496       106.67
       6.407     0.992188      5852672       128.00
       6.511     0.992969      5857253       142.22
       6.643     0.993750      5861881       160.00
       6.807     0.994531      5866440       182.86
       7.019     0.995313      5871087       213.33
       7.291     0.996094      5875657       256.00
       7.471     0.996484      5877967       284.44
       7.683     0.996875      5880283       320.00
       7.963     0.997266      5882587       365.71
       8.359     0.997656      5884884       426.67
       8.927     0.998047      5887182       512.00
       9.311     0.998242      5888350       568.89
       9.735     0.998437      5889481       640.00
      10.223     0.998633      5890634       731.43
      10.783     0.998828      5891796       853.33
      11.399     0.999023      5892942      1024.00
      11.695     0.999121      5893516      1137.78
      12.015     0.999219      5894097      1280.00
      12.431     0.999316      5894669      1462.86
      12.887     0.999414      5895248      1706.67
      13.551     0.999512      5895816      2048.00
      13.895     0.999561      5896104      2275.56
      14.255     0.999609      5896392      2560.00
      14.839     0.999658      5896679      2925.71
      15.583     0.999707      5896967      3413.33
      17.631     0.999756      5897256      4096.00
      20.479     0.999780      5897399      4551.11
      68.607     0.999805      5897543      5120.00
     183.167     0.999829      5897687      5851.43
     302.335     0.999854      5897832      6826.67
     411.647     0.999878      5897975      8192.00
     468.991     0.999890      5898047      9102.22
     531.455     0.999902      5898119     10240.00
     588.799     0.999915      5898194     11702.86
     647.167     0.999927      5898263     13653.33
     701.951     0.999939      5898335     16384.00
     731.647     0.999945      5898372     18204.44
     759.807     0.999951      5898408     20480.00
     787.967     0.999957      5898443     23405.71
     817.151     0.999963      5898479     27306.67
     849.919     0.999969      5898515     32768.00
     862.719     0.999973      5898535     36408.89
     872.447     0.999976      5898551     40960.00
     890.367     0.999979      5898569     46811.43
     903.167     0.999982      5898587     54613.33
     919.039     0.999985      5898606     65536.00
     929.279     0.999986      5898615     72817.78
     932.863     0.999988      5898624     81920.00
     942.079     0.999989      5898633     93622.86
     947.711     0.999991      5898641    109226.67
     950.271     0.999992      5898650    131072.00
     958.975     0.999993      5898657    145635.56
     964.607     0.999994      5898659    163840.00
     969.215     0.999995      5898664    187245.71
     970.239     0.999995      5898669    218453.33
     971.775     0.999996      5898674    262144.00
     972.287     0.999997      5898675    291271.11
     974.847     0.999997      5898678    327680.00
     980.479     0.999997      5898680    374491.43
     982.015     0.999998      5898682    436906.67
     982.527     0.999998      5898685    524288.00
     982.527     0.999998      5898685    582542.22
     983.039     0.999998      5898687    655360.00
     990.207     0.999999      5898688    748982.86
     995.839     0.999999      5898689    873813.33
     997.887     0.999999      5898690   1048576.00
     997.887     0.999999      5898690   1165084.44
    1000.447     0.999999      5898691   1310720.00
    1005.055     0.999999      5898692   1497965.71
    1005.055     0.999999      5898692   1747626.67
    1005.567     1.000000      5898694   2097152.00
    1005.567     1.000000      5898694   2330168.89
    1005.567     1.000000      5898694   2621440.00
    1005.567     1.000000      5898694   2995931.43
    1005.567     1.000000      5898694   3495253.33
    1005.567     1.000000      5898694   4194304.00
    1005.567     1.000000      5898694   4660337.78
    1005.567     1.000000      5898694   5242880.00
    1006.079     1.000000      5898695   5991862.86
    1006.079     1.000000      5898695          inf
#[Mean    =        2.540, StdDeviation   =        8.380]
#[Max     =     1005.568, Total count    =      5898695]
#[Buckets =           27, SubBuckets     =         2048]
----------------------------------------------------------
  5998387 requests in 10.00m, 869.52MB read
Requests/sec:   9997.29
Transfer/sec:      1.45MB
