Running 10m test @ http://localhost:9999/math/plus?x=1&y=2
  16 threads and 400 connections
  Thread calibration: mean lat.: 60.607ms, rate sampling interval: 202ms
  Thread calibration: mean lat.: 10.032ms, rate sampling interval: 11ms
  Thread calibration: mean lat.: 9.696ms, rate sampling interval: 12ms
  Thread calibration: mean lat.: 3.424ms, rate sampling interval: 11ms
  Thread calibration: mean lat.: 52.001ms, rate sampling interval: 26ms
  Thread calibration: mean lat.: 3.401ms, rate sampling interval: 11ms
  Thread calibration: mean lat.: 83.100ms, rate sampling interval: 716ms
  Thread calibration: mean lat.: 51.172ms, rate sampling interval: 25ms
  Thread calibration: mean lat.: 65.249ms, rate sampling interval: 336ms
  Thread calibration: mean lat.: 3.361ms, rate sampling interval: 12ms
  Thread calibration: mean lat.: 104.232ms, rate sampling interval: 1009ms
  Thread calibration: mean lat.: 58.618ms, rate sampling interval: 144ms
  Thread calibration: mean lat.: 3.348ms, rate sampling interval: 12ms
  Thread calibration: mean lat.: 66.164ms, rate sampling interval: 35ms
  Thread calibration: mean lat.: 16.493ms, rate sampling interval: 12ms
  Thread calibration: mean lat.: 3.389ms, rate sampling interval: 11ms
  Thread Stats   Avg      Stdev     Max   +/- Stdev
    Latency    30.80s    19.43s    1.18m    56.26%
    Req/Sec     3.49k   561.66     8.30k    72.10%
  Latency Distribution (HdrHistogram - Recorded Latency)
 50.000%   30.47s 
 75.000%   47.38s 
 90.000%    0.96m 
 99.000%    1.10m 
 99.900%    1.15m 
 99.990%    1.17m 
 99.999%    1.18m 
100.000%    1.19m 

  Detailed Percentile spectrum:
       Value   Percentile   TotalCount 1/(1-Percentile)

       0.111     0.000000            1         1.00
    3426.303     0.100000      3153447         1.11
    9207.807     0.200000      6307541         1.25
   18956.287     0.300000      9462173         1.43
   24575.999     0.400000     12616379         1.67
   30474.239     0.500000     15770959         2.00
   33652.735     0.550000     17344036         2.22
   36995.071     0.600000     18927676         2.50
   40501.247     0.650000     20509253         2.86
   44007.423     0.700000     22080248         3.33
   47382.527     0.750000     23656803         4.00
   49053.695     0.775000     24444330         4.44
   50724.863     0.800000     25231144         5.00
   52396.031     0.825000     26015387         5.71
   54067.199     0.850000     26802311         6.67
   55771.135     0.875000     27603208         8.00
   56590.335     0.887500     27987401         8.89
   57442.303     0.900000     28382375        10.00
   58327.039     0.912500     28780571        11.43
   59244.543     0.925000     29172469        13.33
   60227.583     0.937500     29562331        16.00
   60751.871     0.943750     29758166        17.78
   61308.927     0.950000     29955702        20.00
   61898.751     0.956250     30153304        22.86
   62521.343     0.962500     30349133        26.67
   63209.471     0.968750     30552396        32.00
   63569.919     0.971875     30652211        35.56
   63930.367     0.975000     30747510        40.00
   64323.583     0.978125     30844960        45.71
   64749.567     0.981250     30942467        53.33
   65241.087     0.984375     31043670        64.00
   65503.231     0.985938     31094025        71.11
   65765.375     0.987500     31141221        80.00
   66060.287     0.989062     31190608        91.43
   66355.199     0.990625     31237171       106.67
   66715.647     0.992188     31287888       128.00
   66912.255     0.992969     31313806       142.22
   67108.863     0.993750     31338033       160.00
   67305.471     0.994531     31360602       182.86
   67567.615     0.995313     31387857       213.33
   67829.759     0.996094     31412055       256.00
   67960.831     0.996484     31423194       284.44
   68091.903     0.996875     31434082       320.00
   68288.511     0.997266     31448863       365.71
   68419.583     0.997656     31457704       426.67
   68681.727     0.998047     31473359       512.00
   68747.263     0.998242     31477000       568.89
   68878.335     0.998437     31484246       640.00
   69009.407     0.998633     31490921       731.43
   69140.479     0.998828     31496798       853.33
   69271.551     0.999023     31501800      1024.00
   69337.087     0.999121     31504075      1137.78
   69468.159     0.999219     31508657      1280.00
   69533.695     0.999316     31510788      1462.86
   69664.767     0.999414     31514742      1706.67
   69730.303     0.999512     31516382      2048.00
   69795.839     0.999561     31518002      2275.56
   69861.375     0.999609     31519523      2560.00
   69926.911     0.999658     31520888      2925.71
   69992.447     0.999707     31522462      3413.33
   70123.519     0.999756     31524950      4096.00
   70123.519     0.999780     31524950      4551.11
   70189.055     0.999805     31526064      5120.00
   70254.591     0.999829     31527024      5851.43
   70254.591     0.999854     31527024      6826.67
   70320.127     0.999878     31527992      8192.00
   70385.663     0.999890     31528625      9102.22
   70385.663     0.999902     31528625     10240.00
   70451.199     0.999915     31529201     11702.86
   70516.735     0.999927     31529747     13653.33
   70516.735     0.999939     31529747     16384.00
   70582.271     0.999945     31530210     18204.44
   70582.271     0.999951     31530210     20480.00
   70647.807     0.999957     31530604     23405.71
   70647.807     0.999963     31530604     27306.67
   70647.807     0.999969     31530604     32768.00
   70713.343     0.999973     31530876     36408.89
   70713.343     0.999976     31530876     40960.00
   70778.879     0.999979     31531089     46811.43
   70778.879     0.999982     31531089     54613.33
   70778.879     0.999985     31531089     65536.00
   70844.415     0.999986     31531285     72817.78
   70844.415     0.999988     31531285     81920.00
   70844.415     0.999989     31531285     93622.86
   70844.415     0.999991     31531285    109226.67
   70909.951     0.999992     31531371    131072.00
   70909.951     0.999993     31531371    145635.56
   70909.951     0.999994     31531371    163840.00
   70975.487     0.999995     31531442    187245.71
   70975.487     0.999995     31531442    218453.33
   70975.487     0.999996     31531442    262144.00
   71041.023     0.999997     31531519    291271.11
   71041.023     0.999997     31531519    327680.00
   71041.023     0.999997     31531519    374491.43
   71041.023     0.999998     31531519    436906.67
   71041.023     0.999998     31531519    524288.00
   71041.023     0.999998     31531519    582542.22
   71041.023     0.999998     31531519    655360.00
   71041.023     0.999999     31531519    748982.86
   71106.559     0.999999     31531561    873813.33
   71106.559     1.000000     31531561          inf
#[Mean    =    30801.063, StdDeviation   =    19432.859]
#[Max     =    71041.024, Total count    =     31531561]
#[Buckets =           27, SubBuckets     =         2048]
----------------------------------------------------------
  32135227 requests in 10.00m, 4.55GB read
Requests/sec:  53558.49
Transfer/sec:      7.76MB
