Running 10m test @ http://localhost:9999/math/plus?x=1&y=2
  16 threads and 400 connections
  Thread calibration: mean lat.: 2.455ms, rate sampling interval: 10ms
  Thread calibration: mean lat.: 2.422ms, rate sampling interval: 10ms
  Thread calibration: mean lat.: 19.402ms, rate sampling interval: 10ms
  Thread calibration: mean lat.: 2.357ms, rate sampling interval: 10ms
  Thread calibration: mean lat.: 2.321ms, rate sampling interval: 10ms
  Thread calibration: mean lat.: 15.400ms, rate sampling interval: 10ms
  Thread calibration: mean lat.: 1.713ms, rate sampling interval: 10ms
  Thread calibration: mean lat.: 2.455ms, rate sampling interval: 10ms
  Thread calibration: mean lat.: 2.352ms, rate sampling interval: 10ms
  Thread calibration: mean lat.: 2.417ms, rate sampling interval: 10ms
  Thread calibration: mean lat.: 15.314ms, rate sampling interval: 10ms
  Thread calibration: mean lat.: 1.852ms, rate sampling interval: 10ms
  Thread calibration: mean lat.: 2.369ms, rate sampling interval: 10ms
  Thread calibration: mean lat.: 2.509ms, rate sampling interval: 10ms
  Thread calibration: mean lat.: 2.351ms, rate sampling interval: 10ms
  Thread calibration: mean lat.: 2.345ms, rate sampling interval: 10ms
  Thread Stats   Avg      Stdev     Max   +/- Stdev
    Latency     2.77ms    9.36ms   1.00s    98.81%
    Req/Sec     3.33k     0.92k   13.78k    78.00%
  Latency Distribution (HdrHistogram - Recorded Latency)
 50.000%    1.82ms
 75.000%    3.21ms
 90.000%    5.26ms
 99.000%   12.77ms
 99.900%   51.94ms
 99.990%  535.04ms
 99.999%  959.49ms
100.000%    1.00s 

  Detailed Percentile spectrum:
       Value   Percentile   TotalCount 1/(1-Percentile)

       0.059     0.000000            1         1.00
       0.668     0.100000      2957368         1.11
       0.965     0.200000      5902515         1.25
       1.224     0.300000      8856305         1.43
       1.499     0.400000     11801708         1.67
       1.823     0.500000     14749895         2.00
       2.016     0.550000     16222669         2.22
       2.241     0.600000     17697113         2.50
       2.507     0.650000     19180437         2.86
       2.821     0.700000     20646412         3.33
       3.211     0.750000     22121112         4.00
       3.439     0.775000     22858403         4.44
       3.695     0.800000     23595177         5.00
       3.983     0.825000     24333780         5.71
       4.323     0.850000     25076200         6.67
       4.727     0.875000     25807579         8.00
       4.971     0.887500     26175794         8.89
       5.259     0.900000     26548394        10.00
       5.599     0.912500     26913097        11.43
       6.011     0.925000     27284433        13.33
       6.547     0.937500     27650599        16.00
       6.887     0.943750     27835270        17.78
       7.287     0.950000     28020239        20.00
       7.703     0.956250     28203301        22.86
       8.139     0.962500     28388339        26.67
       8.727     0.968750     28572891        32.00
       9.063     0.971875     28664766        35.56
       9.479     0.975000     28757116        40.00
       9.967     0.978125     28849453        45.71
      10.559     0.981250     28940999        53.33
      11.279     0.984375     29032884        64.00
      11.647     0.985938     29079028        71.11
      11.975     0.987500     29125359        80.00
      12.439     0.989062     29171435        91.43
      13.031     0.990625     29217384       106.67
      13.823     0.992188     29263475       128.00
      14.303     0.992969     29286333       142.22
      14.903     0.993750     29309316       160.00
      15.559     0.994531     29332505       182.86
      16.215     0.995313     29355375       213.33
      17.311     0.996094     29378517       256.00
      18.095     0.996484     29390107       284.44
      19.055     0.996875     29401602       320.00
      19.999     0.997266     29413057       365.71
      21.551     0.997656     29424578       426.67
      24.079     0.998047     29436055       512.00
      26.335     0.998242     29441798       568.89
      29.599     0.998437     29447546       640.00
      35.039     0.998633     29453301       731.43
      42.815     0.998828     29459072       853.33
      53.375     0.999023     29464825      1024.00
      60.127     0.999121     29467706      1137.78
      68.415     0.999219     29470597      1280.00
      77.759     0.999316     29473471      1462.86
      89.471     0.999414     29476347      1706.67
     103.871     0.999512     29479230      2048.00
     112.255     0.999561     29480661      2275.56
     122.815     0.999609     29482104      2560.00
     135.423     0.999658     29483545      2925.71
     152.319     0.999707     29484986      3413.33
     177.663     0.999756     29486427      4096.00
     194.431     0.999780     29487143      4551.11
     215.679     0.999805     29487864      5120.00
     251.007     0.999829     29488584      5851.43
     319.231     0.999854     29489304      6826.67
     428.287     0.999878     29490022      8192.00
     484.863     0.999890     29490384      9102.22
     546.303     0.999902     29490742     10240.00
     600.575     0.999915     29491104     11702.86
     662.527     0.999927     29491463     13653.33
     715.263     0.999939     29491823     16384.00
     746.495     0.999945     29492004     18204.44
     772.607     0.999951     29492183     20480.00
     804.351     0.999957     29492367     23405.71
     835.583     0.999963     29492543     27306.67
     867.327     0.999969     29492723     32768.00
     878.079     0.999973     29492813     36408.89
     894.975     0.999976     29492903     40960.00
     905.215     0.999979     29492997     46811.43
     919.551     0.999982     29493082     54613.33
     931.839     0.999985     29493174     65536.00
     938.495     0.999986     29493220     72817.78
     946.687     0.999988     29493262     81920.00
     956.927     0.999989     29493310     93622.86
     962.559     0.999991     29493354    109226.67
     967.167     0.999992     29493397    131072.00
     971.263     0.999993     29493421    145635.56
     974.847     0.999994     29493444    163840.00
     978.431     0.999995     29493469    187245.71
     982.015     0.999995     29493487    218453.33
     985.599     0.999996     29493510    262144.00
     987.135     0.999997     29493522    291271.11
     988.159     0.999997     29493533    327680.00
     990.719     0.999997     29493549    374491.43
     992.255     0.999998     29493559    436906.67
     994.303     0.999998     29493567    524288.00
     994.815     0.999998     29493574    582542.22
     995.327     0.999998     29493578    655360.00
     996.351     0.999999     29493585    748982.86
     998.399     0.999999     29493593    873813.33
     998.911     0.999999     29493601   1048576.00
     998.911     0.999999     29493601   1165084.44
     998.911     0.999999     29493601   1310720.00
     999.423     0.999999     29493605   1497965.71
     999.935     0.999999     29493606   1747626.67
    1000.959     1.000000     29493608   2097152.00
    1001.983     1.000000     29493611   2330168.89
    1001.983     1.000000     29493611   2621440.00
    1002.495     1.000000     29493614   2995931.43
    1002.495     1.000000     29493614   3495253.33
    1003.007     1.000000     29493620   4194304.00
    1003.007     1.000000     29493620   4660337.78
    1003.007     1.000000     29493620   5242880.00
    1003.007     1.000000     29493620   5991862.86
    1003.007     1.000000     29493620   6990506.67
    1003.007     1.000000     29493620   8388608.00
    1003.007     1.000000     29493620   9320675.55
    1003.007     1.000000     29493620  10485760.00
    1003.007     1.000000     29493620  11983725.71
    1003.007     1.000000     29493620  13981013.34
    1003.519     1.000000     29493622  16777216.00
    1003.519     1.000000     29493622          inf
#[Mean    =        2.775, StdDeviation   =        9.363]
#[Max     =     1003.008, Total count    =     29493622]
#[Buckets =           27, SubBuckets     =         2048]
----------------------------------------------------------
  29990835 requests in 10.00m, 4.64GB read
Requests/sec:  49984.82
Transfer/sec:      7.91MB
