Running 10m test @ http://localhost:9999/math/plus?x=1&y=2
  16 threads and 400 connections
  Thread calibration: mean lat.: 2.068ms, rate sampling interval: 10ms
  Thread calibration: mean lat.: 6.001ms, rate sampling interval: 10ms
  Thread calibration: mean lat.: 6.177ms, rate sampling interval: 10ms
  Thread calibration: mean lat.: 2.146ms, rate sampling interval: 10ms
  Thread calibration: mean lat.: 2.221ms, rate sampling interval: 10ms
  Thread calibration: mean lat.: 2.117ms, rate sampling interval: 10ms
  Thread calibration: mean lat.: 2.129ms, rate sampling interval: 10ms
  Thread calibration: mean lat.: 1.521ms, rate sampling interval: 10ms
  Thread calibration: mean lat.: 1.994ms, rate sampling interval: 10ms
  Thread calibration: mean lat.: 1.641ms, rate sampling interval: 10ms
  Thread calibration: mean lat.: 2.212ms, rate sampling interval: 10ms
  Thread calibration: mean lat.: 6.024ms, rate sampling interval: 10ms
  Thread calibration: mean lat.: 2.072ms, rate sampling interval: 10ms
  Thread calibration: mean lat.: 6.185ms, rate sampling interval: 10ms
  Thread calibration: mean lat.: 14.524ms, rate sampling interval: 10ms
  Thread calibration: mean lat.: 35.294ms, rate sampling interval: 15ms
  Thread Stats   Avg      Stdev     Max   +/- Stdev
    Latency     1.97ms   12.14ms   1.00s    99.15%
    Req/Sec     1.99k   675.19    10.50k    71.26%
  Latency Distribution (HdrHistogram - Recorded Latency)
 50.000%    1.18ms
 75.000%    1.79ms
 90.000%    3.13ms
 99.000%   12.98ms
 99.900%   32.56ms
 99.990%  765.44ms
 99.999%  977.92ms
100.000%    1.00s 

  Detailed Percentile spectrum:
       Value   Percentile   TotalCount 1/(1-Percentile)

       0.063     0.000000            2         1.00
       0.468     0.100000      1776959         1.11
       0.674     0.200000      3542728         1.25
       0.849     0.300000      5311764         1.43
       1.014     0.400000      7080345         1.67
       1.181     0.500000      8854706         2.00
       1.273     0.550000      9734305         2.22
       1.376     0.600000     10621981         2.50
       1.491     0.650000     11503153         2.86
       1.626     0.700000     12392349         3.33
       1.792     0.750000     13274158         4.00
       1.896     0.775000     13715676         4.44
       2.023     0.800000     14159302         5.00
       2.185     0.825000     14602042         5.71
       2.399     0.850000     15044831         6.67
       2.689     0.875000     15485268         8.00
       2.883     0.887500     15707096         8.89
       3.129     0.900000     15927778        10.00
       3.451     0.912500     16148679        11.43
       3.873     0.925000     16369634        13.33
       4.407     0.937500     16590580        16.00
       4.743     0.943750     16701733        17.78
       5.111     0.950000     16811913        20.00
       5.503     0.956250     16922523        22.86
       5.999     0.962500     17033362        26.67
       6.667     0.968750     17143780        32.00
       7.107     0.971875     17198778        35.56
       7.671     0.975000     17254030        40.00
       8.359     0.978125     17309223        45.71
       9.183     0.981250     17364800        53.33
      10.199     0.984375     17419877        64.00
      10.807     0.985938     17447540        71.11
      11.519     0.987500     17475135        80.00
      12.367     0.989062     17502758        91.43
      13.399     0.990625     17530488       106.67
      14.711     0.992188     17558140       128.00
      15.495     0.992969     17571893       142.22
      16.375     0.993750     17585706       160.00
      17.407     0.994531     17599633       182.86
      18.591     0.995313     17613453       213.33
      20.015     0.996094     17627205       256.00
      20.895     0.996484     17634112       284.44
      21.871     0.996875     17641051       320.00
      22.991     0.997266     17647949       365.71
      24.287     0.997656     17654819       426.67
      25.855     0.998047     17661734       512.00
      26.799     0.998242     17665184       568.89
      27.903     0.998437     17668633       640.00
      29.295     0.998633     17672081       731.43
      30.863     0.998828     17675528       853.33
      32.831     0.999023     17679010      1024.00
      33.951     0.999121     17680723      1137.78
      35.455     0.999219     17682454      1280.00
      37.279     0.999316     17684167      1462.86
      39.839     0.999414     17685901      1706.67
      44.319     0.999512     17687628      2048.00
      48.991     0.999561     17688488      2275.56
      79.679     0.999609     17689350      2560.00
     195.455     0.999658     17690217      2925.71
     310.271     0.999707     17691078      3413.33
     426.239     0.999756     17691943      4096.00
     483.583     0.999780     17692376      4551.11
     541.183     0.999805     17692806      5120.00
     602.623     0.999829     17693245      5851.43
     656.383     0.999854     17693673      6826.67
     714.239     0.999878     17694103      8192.00
     742.399     0.999890     17694319      9102.22
     770.047     0.999902     17694536     10240.00
     799.231     0.999915     17694750     11702.86
     828.927     0.999927     17694966     13653.33
     857.087     0.999939     17695183     16384.00
     875.007     0.999945     17695296     18204.44
     890.879     0.999951     17695400     20480.00
     905.727     0.999957     17695508     23405.71
     918.015     0.999963     17695616     27306.67
     931.839     0.999969     17695722     32768.00
     938.495     0.999973     17695778     36408.89
     945.663     0.999976     17695836     40960.00
     951.807     0.999979     17695885     46811.43
     958.463     0.999982     17695941     54613.33
     966.655     0.999985     17695994     65536.00
     969.215     0.999986     17696021     72817.78
     971.263     0.999988     17696047     81920.00
     976.895     0.999989     17696076     93622.86
     979.967     0.999991     17696102    109226.67
     983.039     0.999992     17696134    131072.00
     984.063     0.999993     17696144    145635.56
     987.135     0.999994     17696154    163840.00
     989.183     0.999995     17696170    187245.71
     990.207     0.999995     17696185    218453.33
     991.231     0.999996     17696197    262144.00
     992.767     0.999997     17696202    291271.11
     994.815     0.999997     17696213    327680.00
     995.327     0.999997     17696218    374491.43
     995.839     0.999998     17696227    436906.67
     996.351     0.999998     17696232    524288.00
     996.351     0.999998     17696232    582542.22
     998.911     0.999998     17696236    655360.00
    1000.959     0.999999     17696240    748982.86
    1001.471     0.999999     17696242    873813.33
    1002.495     0.999999     17696256   1048576.00
    1002.495     0.999999     17696256   1165084.44
    1002.495     0.999999     17696256   1310720.00
    1002.495     0.999999     17696256   1497965.71
    1002.495     0.999999     17696256   1747626.67
    1002.495     1.000000     17696256   2097152.00
    1002.495     1.000000     17696256   2330168.89
    1002.495     1.000000     17696256   2621440.00
    1003.007     1.000000     17696258   2995931.43
    1003.007     1.000000     17696258   3495253.33
    1003.007     1.000000     17696258   4194304.00
    1003.519     1.000000     17696261   4660337.78
    1003.519     1.000000     17696261   5242880.00
    1003.519     1.000000     17696261   5991862.86
    1003.519     1.000000     17696261   6990506.67
    1003.519     1.000000     17696261   8388608.00
    1003.519     1.000000     17696261   9320675.55
    1003.519     1.000000     17696261  10485760.00
    1003.519     1.000000     17696261  11983725.71
    1003.519     1.000000     17696261  13981013.34
    1003.519     1.000000     17696261  16777216.00
    1004.031     1.000000     17696262  18641351.10
    1004.031     1.000000     17696262          inf
#[Mean    =        1.972, StdDeviation   =       12.143]
#[Max     =     1003.520, Total count    =     17696262]
#[Buckets =           27, SubBuckets     =         2048]
----------------------------------------------------------
  17994400 requests in 10.00m, 2.78GB read
Requests/sec:  29990.66
Transfer/sec:      4.75MB
