Running 10m test @ http://localhost:9999/math/plus?x=1&y=2
  16 threads and 400 connections
  Thread calibration: mean lat.: 356.326ms, rate sampling interval: 2034ms
  Thread calibration: mean lat.: 453.357ms, rate sampling interval: 2338ms
  Thread calibration: mean lat.: 396.478ms, rate sampling interval: 2332ms
  Thread calibration: mean lat.: 390.365ms, rate sampling interval: 2076ms
  Thread calibration: mean lat.: 352.871ms, rate sampling interval: 2222ms
  Thread calibration: mean lat.: 370.796ms, rate sampling interval: 1882ms
  Thread calibration: mean lat.: 254.015ms, rate sampling interval: 1491ms
  Thread calibration: mean lat.: 274.447ms, rate sampling interval: 1772ms
  Thread calibration: mean lat.: 370.560ms, rate sampling interval: 2092ms
  Thread calibration: mean lat.: 255.578ms, rate sampling interval: 1314ms
  Thread calibration: mean lat.: 286.140ms, rate sampling interval: 1478ms
  Thread calibration: mean lat.: 358.284ms, rate sampling interval: 2381ms
  Thread calibration: mean lat.: 319.352ms, rate sampling interval: 1866ms
  Thread calibration: mean lat.: 340.142ms, rate sampling interval: 1873ms
  Thread calibration: mean lat.: 400.920ms, rate sampling interval: 2353ms
  Thread calibration: mean lat.: 272.992ms, rate sampling interval: 1483ms
  Thread Stats   Avg      Stdev     Max   +/- Stdev
    Latency    13.32s    23.69s    2.86m    86.86%
    Req/Sec     3.57k   289.58     4.84k    70.30%
  Latency Distribution (HdrHistogram - Recorded Latency)
 50.000%    1.68s 
 75.000%   14.93s 
 90.000%   46.50s 
 99.000%    1.79m 
 99.900%    2.40m 
 99.990%    2.66m 
 99.999%    2.82m 
100.000%    2.86m 

  Detailed Percentile spectrum:
       Value   Percentile   TotalCount 1/(1-Percentile)

       0.089     0.000000            1         1.00
      63.711     0.100000      3363240         1.11
     178.431     0.200000      6724242         1.25
     384.255     0.300000     10087909         1.43
     783.871     0.400000     13449760         1.67
    1683.455     0.500000     16810494         2.00
    2547.711     0.550000     18491947         2.22
    3883.007     0.600000     20173768         2.50
    6070.271     0.650000     21854198         2.86
    9674.751     0.700000     23536954         3.33
   14925.823     0.750000     25216679         4.00
   18186.239     0.775000     26056283         4.44
   22315.007     0.800000     26898289         5.00
   27557.887     0.825000     27738873         5.71
   32620.543     0.850000     28578555         6.67
   38600.703     0.875000     29421043         8.00
   42237.951     0.887500     29839346         8.89
   46497.791     0.900000     30260818        10.00
   51052.543     0.912500     30681519        11.43
   55803.903     0.925000     31100528        13.33
   61308.927     0.937500     31520492        16.00
   64323.583     0.943750     31731288        17.78
   67371.007     0.950000     31940201        20.00
   71041.023     0.956250     32153738        22.86
   75038.719     0.962500     32360219        26.67
   80019.455     0.968750     32571189        32.00
   83034.111     0.971875     32677134        35.56
   86048.767     0.975000     32782624        40.00
   89325.567     0.978125     32887676        45.71
   92864.511     0.981250     32991667        53.33
   97714.175     0.984375     33095720        64.00
  100073.471     0.985938     33149048        71.11
  102170.623     0.987500     33200664        80.00
  105512.959     0.989062     33253595        91.43
  108396.543     0.990625     33306384       106.67
  111804.415     0.992188     33358470       128.00
  113967.103     0.992969     33385190       142.22
  115933.183     0.993750     33411456       160.00
  118226.943     0.994531     33437501       182.86
  120651.775     0.995313     33463391       213.33
  123863.039     0.996094     33490002       256.00
  125370.367     0.996484     33502770       284.44
  127074.303     0.996875     33516063       320.00
  129368.063     0.997266     33529061       365.71
  132710.399     0.997656     33542210       426.67
  135397.375     0.998047     33555769       512.00
  136970.239     0.998242     33561912       568.89
  138543.103     0.998437     33568322       640.00
  140247.039     0.998633     33575100       731.43
  141950.975     0.998828     33581646       853.33
  144441.343     0.999023     33588190      1024.00
  145620.991     0.999121     33591696      1137.78
  146538.495     0.999219     33594814      1280.00
  147455.999     0.999316     33598290      1462.86
  148766.719     0.999414     33601364      1706.67
  150208.511     0.999512     33604459      2048.00
  150863.871     0.999561     33606488      2275.56
  151257.087     0.999609     33607757      2560.00
  152043.519     0.999658     33609565      2925.71
  152961.023     0.999707     33611086      3413.33
  154271.743     0.999756     33612839      4096.00
  154533.887     0.999780     33613464      4551.11
  154927.103     0.999805     33614324      5120.00
  155713.535     0.999829     33615334      5851.43
  156368.895     0.999854     33616084      6826.67
  156893.183     0.999878     33616753      8192.00
  157941.759     0.999890     33617195      9102.22
  159776.767     0.999902     33617592     10240.00
  162004.991     0.999915     33617971     11702.86
  164233.215     0.999927     33618428     13653.33
  166068.223     0.999939     33618803     16384.00
  166461.439     0.999945     33619014     18204.44
  166985.727     0.999951     33619231     20480.00
  167510.015     0.999957     33619468     23405.71
  167772.159     0.999963     33619648     27306.67
  168034.303     0.999969     33619817     32768.00
  168165.375     0.999973     33619934     36408.89
  168296.447     0.999976     33620047     40960.00
  168427.519     0.999979     33620144     46811.43
  168558.591     0.999982     33620241     54613.33
  168689.663     0.999985     33620363     65536.00
  168820.735     0.999986     33620423     72817.78
  168951.807     0.999988     33620485     81920.00
  168951.807     0.999989     33620485     93622.86
  169082.879     0.999991     33620536    109226.67
  169345.023     0.999992     33620599    131072.00
  169607.167     0.999993     33620626    145635.56
  169869.311     0.999994     33620658    163840.00
  170000.383     0.999995     33620667    187245.71
  170131.455     0.999995     33620695    218453.33
  170393.599     0.999996     33620723    262144.00
  170524.671     0.999997     33620728    291271.11
  170786.815     0.999997     33620765    327680.00
  170786.815     0.999997     33620765    374491.43
  170917.887     0.999998     33620774    436906.67
  171048.959     0.999998     33620783    524288.00
  171180.031     0.999998     33620791    582542.22
  171311.103     0.999998     33620802    655360.00
  171311.103     0.999999     33620802    748982.86
  171442.175     0.999999     33620810    873813.33
  171573.247     0.999999     33620827   1048576.00
  171573.247     0.999999     33620827   1165084.44
  171573.247     0.999999     33620827   1310720.00
  171573.247     0.999999     33620827   1497965.71
  171573.247     0.999999     33620827   1747626.67
  171573.247     1.000000     33620827   2097152.00
  171704.319     1.000000     33620837   2330168.89
  171704.319     1.000000     33620837   2621440.00
  171704.319     1.000000     33620837   2995931.43
  171704.319     1.000000     33620837   3495253.33
  171704.319     1.000000     33620837   4194304.00
  171704.319     1.000000     33620837   4660337.78
  171704.319     1.000000     33620837   5242880.00
  171835.391     1.000000     33620843   5991862.86
  171835.391     1.000000     33620843          inf
#[Mean    =    13316.503, StdDeviation   =    23689.521]
#[Max     =   171704.320, Total count    =     33620843]
#[Buckets =           27, SubBuckets     =         2048]
----------------------------------------------------------
  34184414 requests in 10.00m, 5.28GB read
Requests/sec:  56974.19
Transfer/sec:      9.02MB
