Running 10m test @ http://localhost:9999/math/plus?x=1&y=2
  16 threads and 400 connections
  Thread calibration: mean lat.: 4.509ms, rate sampling interval: 19ms
  Thread calibration: mean lat.: 4.959ms, rate sampling interval: 21ms
  Thread calibration: mean lat.: 4.556ms, rate sampling interval: 19ms
  Thread calibration: mean lat.: 4.589ms, rate sampling interval: 19ms
  Thread calibration: mean lat.: 5.071ms, rate sampling interval: 21ms
  Thread calibration: mean lat.: 5.271ms, rate sampling interval: 21ms
  Thread calibration: mean lat.: 4.570ms, rate sampling interval: 19ms
  Thread calibration: mean lat.: 4.799ms, rate sampling interval: 20ms
  Thread calibration: mean lat.: 26.205ms, rate sampling interval: 28ms
  Thread calibration: mean lat.: 47.431ms, rate sampling interval: 40ms
  Thread calibration: mean lat.: 5.269ms, rate sampling interval: 22ms
  Thread calibration: mean lat.: 21.246ms, rate sampling interval: 22ms
  Thread calibration: mean lat.: 5.219ms, rate sampling interval: 21ms
  Thread calibration: mean lat.: 18.023ms, rate sampling interval: 23ms
  Thread calibration: mean lat.: 4.798ms, rate sampling interval: 20ms
  Thread calibration: mean lat.: 5.099ms, rate sampling interval: 21ms
  Thread Stats   Avg      Stdev     Max   +/- Stdev
    Latency   501.00ms    1.71s   40.11s    95.19%
    Req/Sec     3.87k     1.21k   16.35k    74.48%
  Latency Distribution (HdrHistogram - Recorded Latency)
 50.000%   66.69ms
 75.000%  295.17ms
 90.000%    1.02s 
 99.000%    8.40s 
 99.900%   22.64s 
 99.990%   38.27s 
 99.999%   39.88s 
100.000%   40.14s 

  Detailed Percentile spectrum:
       Value   Percentile   TotalCount 1/(1-Percentile)

       0.076     0.000000            2         1.00
       6.571     0.100000      3537018         1.11
      12.927     0.200000      7073580         1.25
      22.543     0.300000     10611326         1.43
      38.655     0.400000     14148872         1.67
      66.687     0.500000     17686026         2.00
      88.191     0.550000     19451334         2.22
     117.311     0.600000     21221322         2.50
     157.055     0.650000     22989515         2.86
     212.863     0.700000     24756368         3.33
     295.167     0.750000     26525958         4.00
     350.975     0.775000     27407437         4.44
     421.631     0.800000     28293222         5.00
     511.743     0.825000     29175714         5.71
     627.711     0.850000     30061255         6.67
     785.919     0.875000     30944119         8.00
     889.343     0.887500     31387141         8.89
    1016.319     0.900000     31828146        10.00
    1172.479     0.912500     32269808        11.43
    1381.375     0.925000     32711639        13.33
    1672.191     0.937500     33154551        16.00
    1870.847     0.943750     33374838        17.78
    2123.775     0.950000     33596135        20.00
    2439.167     0.956250     33816920        22.86
    2840.575     0.962500     34038625        26.67
    3346.431     0.968750     34258758        32.00
    3655.679     0.971875     34369737        35.56
    4020.223     0.975000     34479961        40.00
    4517.887     0.978125     34590260        45.71
    5124.095     0.981250     34701041        53.33
    5922.815     0.984375     34811293        64.00
    6430.719     0.985938     34866533        71.11
    7090.175     0.987500     34921769        80.00
    7823.359     0.989062     34977118        91.43
    8749.055     0.990625     35032484       106.67
    9650.175     0.992188     35087943       128.00
   10264.575     0.992969     35115499       142.22
   10895.359     0.993750     35143060       160.00
   11550.719     0.994531     35170760       182.86
   12287.999     0.995313     35198313       213.33
   13189.119     0.996094     35225798       256.00
   13844.479     0.996484     35239503       284.44
   14589.951     0.996875     35253335       320.00
   15409.151     0.997266     35267160       365.71
   16228.351     0.997656     35281044       426.67
   16908.287     0.998047     35294817       512.00
   17317.887     0.998242     35301852       568.89
   17760.255     0.998437     35308723       640.00
   18431.999     0.998633     35315467       731.43
   20578.303     0.998828     35322374       853.33
   22921.215     0.999023     35329279      1024.00
   23478.271     0.999121     35332829      1137.78
   23953.407     0.999219     35336294      1280.00
   24444.927     0.999316     35339666      1462.86
   25477.119     0.999414     35343116      1706.67
   26345.471     0.999512     35346558      2048.00
   26935.295     0.999561     35348314      2275.56
   28246.015     0.999609     35350027      2560.00
   29032.447     0.999658     35351762      2925.71
   30326.783     0.999707     35353456      3413.33
   31506.431     0.999756     35355209      4096.00
   32948.223     0.999780     35356045      4551.11
   34570.239     0.999805     35356949      5120.00
   35225.599     0.999829     35357772      5851.43
   37158.911     0.999854     35358644      6826.67
   37617.663     0.999878     35359580      8192.00
   37879.807     0.999890     35359951      9102.22
   38338.559     0.999902     35360395     10240.00
   38600.703     0.999915     35360828     11702.86
   38862.847     0.999927     35361253     13653.33
   39092.223     0.999939     35361654     16384.00
   39223.295     0.999945     35361935     18204.44
   39288.831     0.999951     35362108     20480.00
   39452.671     0.999957     35362383     23405.71
   39518.207     0.999963     35362534     27306.67
   39616.511     0.999969     35362780     32768.00
   39649.279     0.999973     35362876     36408.89
   39682.047     0.999976     35362965     40960.00
   39780.351     0.999979     35363151     46811.43
   39813.119     0.999982     35363263     54613.33
   39845.887     0.999985     35363376     65536.00
   39845.887     0.999986     35363376     72817.78
   39878.655     0.999988     35363466     81920.00
   39878.655     0.999989     35363466     93622.86
   39911.423     0.999991     35363566    109226.67
   39911.423     0.999992     35363566    131072.00
   39944.191     0.999993     35363632    145635.56
   39944.191     0.999994     35363632    163840.00
   39944.191     0.999995     35363632    187245.71
   39976.959     0.999995     35363686    218453.33
   39976.959     0.999996     35363686    262144.00
   40009.727     0.999997     35363739    291271.11
   40009.727     0.999997     35363739    327680.00
   40009.727     0.999997     35363739    374491.43
   40009.727     0.999998     35363739    436906.67
   40042.495     0.999998     35363775    524288.00
   40042.495     0.999998     35363775    582542.22
   40042.495     0.999998     35363775    655360.00
   40042.495     0.999999     35363775    748982.86
   40042.495     0.999999     35363775    873813.33
   40075.263     0.999999     35363787   1048576.00
   40075.263     0.999999     35363787   1165084.44
   40075.263     0.999999     35363787   1310720.00
   40108.031     0.999999     35363804   1497965.71
   40108.031     0.999999     35363804   1747626.67
   40108.031     1.000000     35363804   2097152.00
   40108.031     1.000000     35363804   2330168.89
   40108.031     1.000000     35363804   2621440.00
   40108.031     1.000000     35363804   2995931.43
   40108.031     1.000000     35363804   3495253.33
   40108.031     1.000000     35363804   4194304.00
   40108.031     1.000000     35363804   4660337.78
   40140.799     1.000000     35363811   5242880.00
   40140.799     1.000000     35363811          inf
#[Mean    =      501.000, StdDeviation   =     1712.129]
#[Max     =    40108.032, Total count    =     35363811]
#[Buckets =           27, SubBuckets     =         2048]
----------------------------------------------------------
  35953089 requests in 10.00m, 5.56GB read
Requests/sec:  59921.99
Transfer/sec:      9.49MB
