Running 10m test @ http://localhost:9999/math/plus?x=1&y=2
  16 threads and 400 connections
  Thread calibration: mean lat.: 1.209ms, rate sampling interval: 10ms
  Thread calibration: mean lat.: 26.794ms, rate sampling interval: 10ms
  Thread calibration: mean lat.: 1.273ms, rate sampling interval: 10ms
  Thread calibration: mean lat.: 1.197ms, rate sampling interval: 10ms
  Thread calibration: mean lat.: 1.153ms, rate sampling interval: 10ms
  Thread calibration: mean lat.: 5.439ms, rate sampling interval: 10ms
  Thread calibration: mean lat.: 1.276ms, rate sampling interval: 10ms
  Thread calibration: mean lat.: 1.373ms, rate sampling interval: 10ms
  Thread calibration: mean lat.: 1.306ms, rate sampling interval: 10ms
  Thread calibration: mean lat.: 1.261ms, rate sampling interval: 10ms
  Thread calibration: mean lat.: 1.267ms, rate sampling interval: 10ms
  Thread calibration: mean lat.: 1.220ms, rate sampling interval: 10ms
  Thread calibration: mean lat.: 1.270ms, rate sampling interval: 10ms
  Thread calibration: mean lat.: 1.258ms, rate sampling interval: 10ms
  Thread calibration: mean lat.: 9.707ms, rate sampling interval: 10ms
  Thread calibration: mean lat.: 1.184ms, rate sampling interval: 10ms
  Thread Stats   Avg      Stdev     Max   +/- Stdev
    Latency     1.36ms   11.94ms   1.00s    99.82%
    Req/Sec     1.98k   397.95    11.30k    77.28%
  Latency Distribution (HdrHistogram - Recorded Latency)
 50.000%    1.00ms
 75.000%    1.38ms
 90.000%    1.82ms
 99.000%    5.20ms
 99.900%   16.38ms
 99.990%  764.93ms
 99.999%  977.41ms
100.000%    1.00s 

  Detailed Percentile spectrum:
       Value   Percentile   TotalCount 1/(1-Percentile)

       0.061     0.000000            1         1.00
       0.376     0.100000      1772207         1.11
       0.559     0.200000      3547346         1.25
       0.715     0.300000      5313201         1.43
       0.861     0.400000      7089341         1.67
       0.999     0.500000      8851953         2.00
       1.067     0.550000      9733720         2.22
       1.136     0.600000     10623563         2.50
       1.208     0.650000     11507944         2.86
       1.286     0.700000     12390091         3.33
       1.376     0.750000     13274804         4.00
       1.427     0.775000     13714725         4.44
       1.484     0.800000     14158789         5.00
       1.548     0.825000     14603005         5.71
       1.621     0.850000     15042719         6.67
       1.709     0.875000     15488127         8.00
       1.760     0.887500     15706351         8.89
       1.819     0.900000     15927562        10.00
       1.890     0.912500     16150275        11.43
       1.977     0.925000     16370651        13.33
       2.095     0.937500     16592413        16.00
       2.173     0.943750     16702753        17.78
       2.269     0.950000     16812365        20.00
       2.391     0.956250     16922144        22.86
       2.553     0.962500     17033558        26.67
       2.769     0.968750     17143566        32.00
       2.909     0.971875     17198709        35.56
       3.077     0.975000     17254304        40.00
       3.279     0.978125     17309397        45.71
       3.525     0.981250     17364584        53.33
       3.851     0.984375     17419750        64.00
       4.065     0.985938     17447516        71.11
       4.351     0.987500     17475064        80.00
       4.807     0.989062     17502799        91.43
       5.459     0.990625     17530268       106.67
       6.307     0.992188     17557962       128.00
       6.863     0.992969     17571810       142.22
       7.331     0.993750     17585594       160.00
       7.815     0.994531     17599467       182.86
       8.367     0.995313     17613304       213.33
       9.215     0.996094     17627051       256.00
       9.767     0.996484     17634033       284.44
      10.423     0.996875     17640921       320.00
      11.207     0.997266     17647805       365.71
      12.047     0.997656     17654746       426.67
      12.975     0.998047     17661643       512.00
      13.471     0.998242     17665127       568.89
      13.935     0.998437     17668566       640.00
      14.519     0.998633     17671978       731.43
      15.319     0.998828     17675437       853.33
      16.575     0.999023     17678891      1024.00
      17.423     0.999121     17680620      1137.78
      18.463     0.999219     17682343      1280.00
      19.967     0.999316     17684090      1462.86
      22.287     0.999414     17685803      1706.67
      26.175     0.999512     17687529      2048.00
      30.719     0.999561     17688394      2275.56
      78.911     0.999609     17689256      2560.00
     195.967     0.999658     17690124      2925.71
     315.647     0.999707     17690985      3413.33
     424.191     0.999756     17691848      4096.00
     483.327     0.999780     17692280      4551.11
     540.159     0.999805     17692712      5120.00
     598.015     0.999829     17693151      5851.43
     656.383     0.999854     17693579      6826.67
     712.703     0.999878     17694008      8192.00
     743.423     0.999890     17694225      9102.22
     771.071     0.999902     17694444     10240.00
     799.231     0.999915     17694657     11702.86
     828.927     0.999927     17694872     13653.33
     856.575     0.999939     17695088     16384.00
     871.423     0.999945     17695202     18204.44
     885.247     0.999951     17695304     20480.00
     900.607     0.999957     17695413     23405.71
     915.967     0.999963     17695523     27306.67
     929.791     0.999969     17695629     32768.00
     936.959     0.999973     17695683     36408.89
     943.615     0.999976     17695737     40960.00
     950.783     0.999979     17695791     46811.43
     957.951     0.999982     17695851     54613.33
     964.607     0.999985     17695902     65536.00
     969.727     0.999986     17695931     72817.78
     972.287     0.999988     17695952     81920.00
     976.895     0.999989     17695982     93622.86
     980.991     0.999991     17696009    109226.67
     983.551     0.999992     17696038    131072.00
     984.575     0.999993     17696050    145635.56
     986.623     0.999994     17696060    163840.00
     989.183     0.999995     17696076    187245.71
     990.719     0.999995     17696091    218453.33
     991.743     0.999996     17696104    262144.00
     993.279     0.999997     17696111    291271.11
     994.815     0.999997     17696116    327680.00
     995.839     0.999997     17696123    374491.43
     996.351     0.999998     17696133    436906.67
     996.863     0.999998     17696137    524288.00
     997.375     0.999998     17696144    582542.22
     997.375     0.999998     17696144    655360.00
     997.887     0.999999     17696146    748982.86
     998.911     0.999999     17696150    873813.33
    1000.447     0.999999     17696153   1048576.00
    1000.447     0.999999     17696153   1165084.44
    1001.471     0.999999     17696157   1310720.00
    1001.471     0.999999     17696157   1497965.71
    1001.983     0.999999     17696161   1747626.67
    1001.983     1.000000     17696161   2097152.00
    1001.983     1.000000     17696161   2330168.89
    1002.495     1.000000     17696164   2621440.00
    1002.495     1.000000     17696164   2995931.43
    1002.495     1.000000     17696164   3495253.33
    1002.495     1.000000     17696164   4194304.00
    1003.007     1.000000     17696166   4660337.78
    1003.007     1.000000     17696166   5242880.00
    1003.007     1.000000     17696166   5991862.86
    1003.007     1.000000     17696166   6990506.67
    1003.007     1.000000     17696166   8388608.00
    1003.519     1.000000     17696168   9320675.55
    1003.519     1.000000     17696168          inf
#[Mean    =        1.360, StdDeviation   =       11.944]
#[Max     =     1003.008, Total count    =     17696168]
#[Buckets =           27, SubBuckets     =         2048]
----------------------------------------------------------
  17996394 requests in 10.00m, 2.78GB read
Requests/sec:  29993.87
Transfer/sec:      4.75MB
