Running 10m test @ http://localhost:9999/math/plus?x=1&y=2
  16 threads and 400 connections
  Thread calibration: mean lat.: 57.321ms, rate sampling interval: 100ms
  Thread calibration: mean lat.: 23.658ms, rate sampling interval: 15ms
  Thread calibration: mean lat.: 23.826ms, rate sampling interval: 15ms
  Thread calibration: mean lat.: 33.114ms, rate sampling interval: 17ms
  Thread calibration: mean lat.: 3.096ms, rate sampling interval: 13ms
  Thread calibration: mean lat.: 75.822ms, rate sampling interval: 532ms
  Thread calibration: mean lat.: 2.967ms, rate sampling interval: 12ms
  Thread calibration: mean lat.: 2.890ms, rate sampling interval: 11ms
  Thread calibration: mean lat.: 31.953ms, rate sampling interval: 16ms
  Thread calibration: mean lat.: 73.795ms, rate sampling interval: 569ms
  Thread calibration: mean lat.: 2.997ms, rate sampling interval: 12ms
  Thread calibration: mean lat.: 40.604ms, rate sampling interval: 19ms
  Thread calibration: mean lat.: 32.361ms, rate sampling interval: 18ms
  Thread calibration: mean lat.: 86.623ms, rate sampling interval: 773ms
  Thread calibration: mean lat.: 48.468ms, rate sampling interval: 21ms
  Thread calibration: mean lat.: 45.044ms, rate sampling interval: 19ms
  Thread Stats   Avg      Stdev     Max   +/- Stdev
    Latency     3.74ms   14.59ms   1.01s    99.87%
    Req/Sec   649.32    403.07     2.73k    60.75%
  Latency Distribution (HdrHistogram - Recorded Latency)
 50.000%    2.83ms
 75.000%    4.77ms
 90.000%    6.82ms
 99.000%   10.94ms
 99.900%   19.74ms
 99.990%  838.14ms
 99.999%  977.92ms
100.000%    1.01s 

  Detailed Percentile spectrum:
       Value   Percentile   TotalCount 1/(1-Percentile)

       0.079     0.000000            1         1.00
       0.936     0.100000       590322         1.11
       1.345     0.200000      1179882         1.25
       1.766     0.300000      1769804         1.43
       2.251     0.400000      2360613         1.67
       2.827     0.500000      2949393         2.00
       3.149     0.550000      3244388         2.22
       3.495     0.600000      3540370         2.50
       3.873     0.650000      3834608         2.86
       4.291     0.700000      4129499         3.33
       4.771     0.750000      4424471         4.00
       5.039     0.775000      4572167         4.44
       5.331     0.800000      4718931         5.00
       5.651     0.825000      4866997         5.71
       6.003     0.850000      5014734         6.67
       6.387     0.875000      5162161         8.00
       6.599     0.887500      5236128         8.89
       6.823     0.900000      5309335        10.00
       7.063     0.912500      5382732        11.43
       7.323     0.925000      5456347        13.33
       7.615     0.937500      5530179        16.00
       7.787     0.943750      5567276        17.78
       7.971     0.950000      5604249        20.00
       8.191     0.956250      5640849        22.86
       8.455     0.962500      5678262        26.67
       8.775     0.968750      5714922        32.00
       8.959     0.971875      5732742        35.56
       9.175     0.975000      5751785        40.00
       9.415     0.978125      5770113        45.71
       9.695     0.981250      5788408        53.33
      10.031     0.984375      5806560        64.00
      10.231     0.985938      5815761        71.11
      10.463     0.987500      5825056        80.00
      10.743     0.989062      5834258        91.43
      11.087     0.990625      5843364       106.67
      11.535     0.992188      5852623       128.00
      11.807     0.992969      5857196       142.22
      12.135     0.993750      5861806       160.00
      12.551     0.994531      5866359       182.86
      13.103     0.995313      5870995       213.33
      13.775     0.996094      5875558       256.00
      14.207     0.996484      5877897       284.44
      14.695     0.996875      5880183       320.00
      15.191     0.997266      5882483       365.71
      15.751     0.997656      5884777       426.67
      16.431     0.998047      5887105       512.00
      16.895     0.998242      5888251       568.89
      17.391     0.998437      5889402       640.00
      18.031     0.998633      5890565       731.43
      18.815     0.998828      5891698       853.33
      19.903     0.999023      5892848      1024.00
      20.703     0.999121      5893422      1137.78
      21.887     0.999219      5893989      1280.00
      24.031     0.999316      5894565      1462.86
      76.351     0.999414      5895141      1706.67
     227.711     0.999512      5895717      2048.00
     305.919     0.999561      5896005      2275.56
     379.647     0.999609      5896295      2560.00
     456.959     0.999658      5896581      2925.71
     536.575     0.999707      5896871      3413.33
     609.279     0.999756      5897158      4096.00
     648.191     0.999780      5897301      4551.11
     686.591     0.999805      5897445      5120.00
     726.015     0.999829      5897591      5851.43
     765.951     0.999854      5897733      6826.67
     804.863     0.999878      5897877      8192.00
     822.783     0.999890      5897949      9102.22
     842.751     0.999902      5898023     10240.00
     859.135     0.999915      5898093     11702.86
     879.615     0.999927      5898165     13653.33
     898.559     0.999939      5898240     16384.00
     909.823     0.999945      5898273     18204.44
     920.063     0.999951      5898309     20480.00
     928.767     0.999957      5898347     23405.71
     937.983     0.999963      5898381     27306.67
     947.711     0.999969      5898417     32768.00
     955.903     0.999973      5898437     36408.89
     958.463     0.999976      5898454     40960.00
     964.607     0.999979      5898472     46811.43
     967.167     0.999982      5898490     54613.33
     971.263     0.999985      5898507     65536.00
     975.359     0.999986      5898516     72817.78
     977.407     0.999988      5898531     81920.00
     977.919     0.999989      5898539     93622.86
     978.943     0.999991      5898543    109226.67
     985.087     0.999992      5898553    131072.00
     985.599     0.999993      5898561    145635.56
     985.599     0.999994      5898561    163840.00
     986.623     0.999995      5898566    187245.71
     990.719     0.999995      5898570    218453.33
     997.375     0.999996      5898577    262144.00
     997.375     0.999997      5898577    291271.11
     997.887     0.999997      5898581    327680.00
     998.399     0.999997      5898582    374491.43
     998.911     0.999998      5898584    436906.67
    1000.447     0.999998      5898586    524288.00
    1000.959     0.999998      5898587    582542.22
    1003.007     0.999998      5898588    655360.00
    1004.031     0.999999      5898593    748982.86
    1004.031     0.999999      5898593    873813.33
    1004.031     0.999999      5898593   1048576.00
    1004.031     0.999999      5898593   1165084.44
    1004.031     0.999999      5898593   1310720.00
    1004.543     0.999999      5898594   1497965.71
    1004.543     0.999999      5898594   1747626.67
    1005.055     1.000000      5898595   2097152.00
    1005.055     1.000000      5898595   2330168.89
    1005.055     1.000000      5898595   2621440.00
    1006.079     1.000000      5898596   2995931.43
    1006.079     1.000000      5898596   3495253.33
    1006.079     1.000000      5898596   4194304.00
    1006.079     1.000000      5898596   4660337.78
    1006.079     1.000000      5898596   5242880.00
    1008.639     1.000000      5898597   5991862.86
    1008.639     1.000000      5898597          inf
#[Mean    =        3.744, StdDeviation   =       14.592]
#[Max     =     1008.128, Total count    =      5898597]
#[Buckets =           27, SubBuckets     =         2048]
----------------------------------------------------------
  5999278 requests in 10.00m, 0.93GB read
Requests/sec:   9998.74
Transfer/sec:      1.58MB
