Running 10m test @ http://localhost:9999/math/plus?x=1&y=2
  16 threads and 400 connections
  Thread calibration: mean lat.: 7.142ms, rate sampling interval: 12ms
  Thread calibration: mean lat.: 36.504ms, rate sampling interval: 18ms
  Thread calibration: mean lat.: 36.679ms, rate sampling interval: 17ms
  Thread calibration: mean lat.: 40.968ms, rate sampling interval: 22ms
  Thread calibration: mean lat.: 19.704ms, rate sampling interval: 15ms
  Thread calibration: mean lat.: 83.308ms, rate sampling interval: 742ms
  Thread calibration: mean lat.: 36.806ms, rate sampling interval: 17ms
  Thread calibration: mean lat.: 19.966ms, rate sampling interval: 15ms
  Thread calibration: mean lat.: 61.991ms, rate sampling interval: 279ms
  Thread calibration: mean lat.: 40.934ms, rate sampling interval: 20ms
  Thread calibration: mean lat.: 23.695ms, rate sampling interval: 15ms
  Thread calibration: mean lat.: 83.804ms, rate sampling interval: 766ms
  Thread calibration: mean lat.: 37.160ms, rate sampling interval: 18ms
  Thread calibration: mean lat.: 48.973ms, rate sampling interval: 28ms
  Thread calibration: mean lat.: 41.660ms, rate sampling interval: 19ms
  Thread calibration: mean lat.: 95.257ms, rate sampling interval: 930ms
  Thread Stats   Avg      Stdev     Max   +/- Stdev
    Latency     3.83ms   22.68ms   1.01s    99.71%
    Req/Sec     3.24k   650.06    11.06k    76.98%
  Latency Distribution (HdrHistogram - Recorded Latency)
 50.000%    2.31ms
 75.000%    3.94ms
 90.000%    6.10ms
 99.000%   13.63ms
 99.900%  335.36ms
 99.990%  936.96ms
 99.999%  997.38ms
100.000%    1.01s 

  Detailed Percentile spectrum:
       Value   Percentile   TotalCount 1/(1-Percentile)

       0.064     0.000000            1         1.00
       0.729     0.100000      2955708         1.11
       1.104     0.200000      5904759         1.25
       1.460     0.300000      8855917         1.43
       1.846     0.400000     11800677         1.67
       2.305     0.500000     14758436         2.00
       2.567     0.550000     16229178         2.22
       2.855     0.600000     17696376         2.50
       3.177     0.650000     19173609         2.86
       3.535     0.700000     20646588         3.33
       3.939     0.750000     22120588         4.00
       4.167     0.775000     22860391         4.44
       4.427     0.800000     23597755         5.00
       4.731     0.825000     24335073         5.71
       5.099     0.850000     25070396         6.67
       5.551     0.875000     25810019         8.00
       5.815     0.887500     26179263         8.89
       6.103     0.900000     26545013        10.00
       6.431     0.912500     26915000        11.43
       6.811     0.925000     27282085        13.33
       7.271     0.937500     27650899        16.00
       7.499     0.943750     27835532        17.78
       7.763     0.950000     28020188        20.00
       7.995     0.956250     28205358        22.86
       8.343     0.962500     28388496        26.67
       8.871     0.968750     28572546        32.00
       9.247     0.971875     28664791        35.56
       9.719     0.975000     28757177        40.00
      10.287     0.978125     28849005        45.71
      10.975     0.981250     28941572        53.33
      11.727     0.984375     29033211        64.00
      12.071     0.985938     29079430        71.11
      12.559     0.987500     29125248        80.00
      13.191     0.989062     29171211        91.43
      13.951     0.990625     29217305       106.67
      14.815     0.992188     29263672       128.00
      15.335     0.992969     29286642       142.22
      15.807     0.993750     29309916       160.00
      16.431     0.994531     29332696       182.86
      17.839     0.995313     29355543       213.33
      19.887     0.996094     29378651       256.00
      21.519     0.996484     29390084       284.44
      23.903     0.996875     29401604       320.00
      29.807     0.997266     29413118       365.71
      43.327     0.997656     29424623       426.67
      69.311     0.998047     29436149       512.00
      89.663     0.998242     29441912       568.89
     117.183     0.998437     29447672       640.00
     158.463     0.998633     29453428       731.43
     235.647     0.998828     29459186       853.33
     350.719     0.999023     29464952      1024.00
     413.951     0.999121     29467829      1137.78
     477.439     0.999219     29470726      1280.00
     542.719     0.999316     29473591      1462.86
     610.303     0.999414     29476470      1706.67
     675.839     0.999512     29479353      2048.00
     708.607     0.999561     29480807      2275.56
     741.375     0.999609     29482244      2560.00
     774.143     0.999658     29483678      2925.71
     807.935     0.999707     29485119      3413.33
     841.727     0.999756     29486571      4096.00
     856.063     0.999780     29487282      4551.11
     873.983     0.999805     29488004      5120.00
     890.367     0.999829     29488727      5851.43
     906.751     0.999854     29489435      6826.67
     923.647     0.999878     29490163      8192.00
     931.327     0.999890     29490508      9102.22
     939.007     0.999902     29490886     10240.00
     947.199     0.999915     29491243     11702.86
     954.879     0.999927     29491587     13653.33
     963.071     0.999939     29491966     16384.00
     966.655     0.999945     29492154     18204.44
     971.263     0.999951     29492312     20480.00
     974.847     0.999957     29492500     23405.71
     979.455     0.999963     29492689     27306.67
     983.551     0.999969     29492862     32768.00
     986.111     0.999973     29492948     36408.89
     988.159     0.999976     29493036     40960.00
     990.207     0.999979     29493139     46811.43
     991.743     0.999982     29493233     54613.33
     994.303     0.999985     29493319     65536.00
     994.815     0.999986     29493346     72817.78
     995.839     0.999988     29493395     81920.00
     996.863     0.999989     29493441     93622.86
     997.887     0.999991     29493503    109226.67
     998.399     0.999992     29493528    131072.00
     998.911     0.999993     29493550    145635.56
     999.423     0.999994     29493579    163840.00
     999.935     0.999995     29493604    187245.71
    1000.447     0.999995     29493617    218453.33
    1001.471     0.999996     29493635    262144.00
    1001.983     0.999997     29493648    291271.11
    1002.495     0.999997     29493681    327680.00
    1002.495     0.999997     29493681    374491.43
    1002.495     0.999998     29493681    436906.67
    1003.007     0.999998     29493702    524288.00
    1003.007     0.999998     29493702    582542.22
    1003.007     0.999998     29493702    655360.00
    1003.519     0.999999     29493717    748982.86
    1003.519     0.999999     29493717    873813.33
    1004.031     0.999999     29493725   1048576.00
    1004.031     0.999999     29493725   1165084.44
    1004.031     0.999999     29493725   1310720.00
    1004.543     0.999999     29493730   1497965.71
    1005.055     0.999999     29493735   1747626.67
    1005.055     1.000000     29493735   2097152.00
    1005.055     1.000000     29493735   2330168.89
    1005.567     1.000000     29493742   2621440.00
    1005.567     1.000000     29493742   2995931.43
    1005.567     1.000000     29493742   3495253.33
    1005.567     1.000000     29493742   4194304.00
    1005.567     1.000000     29493742   4660337.78
    1005.567     1.000000     29493742   5242880.00
    1006.079     1.000000     29493744   5991862.86
    1006.079     1.000000     29493744   6990506.67
    1006.079     1.000000     29493744   8388608.00
    1006.079     1.000000     29493744   9320675.55
    1007.103     1.000000     29493745  10485760.00
    1007.103     1.000000     29493745  11983725.71
    1007.103     1.000000     29493745  13981013.34
    1007.615     1.000000     29493746  16777216.00
    1007.615     1.000000     29493746  18641351.10
    1007.615     1.000000     29493746  20971519.98
    1007.615     1.000000     29493746  23967451.45
    1007.615     1.000000     29493746  27962026.68
    1008.639     1.000000     29493747  33554432.00
    1008.639     1.000000     29493747          inf
#[Mean    =        3.826, StdDeviation   =       22.681]
#[Max     =     1008.128, Total count    =     29493747]
#[Buckets =           27, SubBuckets     =         2048]
----------------------------------------------------------
  29996196 requests in 10.00m, 4.64GB read
Requests/sec:  49993.62
Transfer/sec:      7.91MB
