Running 10m test @ http://localhost:9999/math/plus?x=1&y=2
  16 threads and 400 connections
  Thread calibration: mean lat.: 29.019ms, rate sampling interval: 18ms
  Thread calibration: mean lat.: 11.505ms, rate sampling interval: 15ms
  Thread calibration: mean lat.: 20.474ms, rate sampling interval: 16ms
  Thread calibration: mean lat.: 3.553ms, rate sampling interval: 14ms
  Thread calibration: mean lat.: 33.631ms, rate sampling interval: 20ms
  Thread calibration: mean lat.: 51.419ms, rate sampling interval: 32ms
  Thread calibration: mean lat.: 55.655ms, rate sampling interval: 73ms
  Thread calibration: mean lat.: 3.540ms, rate sampling interval: 15ms
  Thread calibration: mean lat.: 68.837ms, rate sampling interval: 450ms
  Thread calibration: mean lat.: 3.558ms, rate sampling interval: 15ms
  Thread calibration: mean lat.: 55.708ms, rate sampling interval: 49ms
  Thread calibration: mean lat.: 3.713ms, rate sampling interval: 15ms
  Thread calibration: mean lat.: 54.996ms, rate sampling interval: 67ms
  Thread calibration: mean lat.: 60.059ms, rate sampling interval: 177ms
  Thread calibration: mean lat.: 29.684ms, rate sampling interval: 20ms
  Thread calibration: mean lat.: 3.686ms, rate sampling interval: 13ms
  Thread Stats   Avg      Stdev     Max   +/- Stdev
    Latency     3.03ms    8.81ms   1.00s    98.65%
    Req/Sec     3.24k   607.02    10.00k    76.84%
  Latency Distribution (HdrHistogram - Recorded Latency)
 50.000%    2.17ms
 75.000%    3.84ms
 90.000%    5.95ms
 99.000%   12.81ms
 99.900%   21.04ms
 99.990%  530.43ms
 99.999%  961.02ms
100.000%    1.00s 

  Detailed Percentile spectrum:
       Value   Percentile   TotalCount 1/(1-Percentile)

       0.058     0.000000            1         1.00
       0.700     0.100000      2955857         1.11
       1.045     0.200000      5901993         1.25
       1.369     0.300000      8853913         1.43
       1.727     0.400000     11800100         1.67
       2.173     0.500000     14747677         2.00
       2.443     0.550000     16229713         2.22
       2.743     0.600000     17698280         2.50
       3.079     0.650000     19175809         2.86
       3.447     0.700000     20651556         3.33
       3.843     0.750000     22123248         4.00
       4.065     0.775000     22858180         4.44
       4.315     0.800000     23595596         5.00
       4.607     0.825000     24339495         5.71
       4.951     0.850000     25076754         6.67
       5.379     0.875000     25810839         8.00
       5.643     0.887500     26177566         8.89
       5.955     0.900000     26547474        10.00
       6.331     0.912500     26915269        11.43
       6.779     0.925000     27281910        13.33
       7.275     0.937500     27652610        16.00
       7.527     0.943750     27835763        17.78
       7.795     0.950000     28019915        20.00
       8.099     0.956250     28204005        22.86
       8.543     0.962500     28387707        26.67
       9.143     0.968750     28572381        32.00
       9.519     0.971875     28664923        35.56
       9.927     0.975000     28756464        40.00
      10.399     0.978125     28848843        45.71
      10.927     0.981250     28941449        53.33
      11.463     0.984375     29033344        64.00
      11.751     0.985938     29079359        71.11
      12.079     0.987500     29125585        80.00
      12.503     0.989062     29171372        91.43
      13.023     0.990625     29217211       106.67
      13.655     0.992188     29263368       128.00
      14.031     0.992969     29286451       142.22
      14.447     0.993750     29309544       160.00
      14.895     0.994531     29332705       182.86
      15.327     0.995313     29355700       213.33
      15.799     0.996094     29378859       256.00
      16.079     0.996484     29390188       284.44
      16.479     0.996875     29401731       320.00
      16.991     0.997266     29413193       365.71
      17.647     0.997656     29424758       426.67
      18.415     0.998047     29436202       512.00
      18.847     0.998242     29441902       568.89
      19.295     0.998437     29447786       640.00
      19.759     0.998633     29453554       731.43
      20.319     0.998828     29459230       853.33
      21.135     0.999023     29464904      1024.00
      21.663     0.999121     29467811      1137.78
      22.255     0.999219     29470675      1280.00
      22.911     0.999316     29473550      1462.86
      23.535     0.999414     29476472      1706.67
      24.383     0.999512     29479291      2048.00
      25.135     0.999561     29480753      2275.56
      25.999     0.999609     29482171      2560.00
      27.087     0.999658     29483613      2925.71
      28.623     0.999707     29485059      3413.33
      31.551     0.999756     29486491      4096.00
      34.815     0.999780     29487212      4551.11
      83.391     0.999805     29487930      5120.00
     199.679     0.999829     29488651      5851.43
     312.063     0.999854     29489371      6826.67
     428.287     0.999878     29490090      8192.00
     486.143     0.999890     29490451      9102.22
     541.183     0.999902     29490810     10240.00
     601.087     0.999915     29491173     11702.86
     662.015     0.999927     29491531     13653.33
     716.799     0.999939     29491892     16384.00
     743.423     0.999945     29492070     18204.44
     780.287     0.999951     29492258     20480.00
     803.327     0.999957     29492434     23405.71
     829.951     0.999963     29492611     27306.67
     860.159     0.999969     29492792     32768.00
     875.519     0.999973     29492883     36408.89
     888.831     0.999976     29492970     40960.00
     901.119     0.999979     29493064     46811.43
     916.479     0.999982     29493154     54613.33
     932.351     0.999985     29493240     65536.00
     940.543     0.999986     29493285     72817.78
     949.247     0.999988     29493335     81920.00
     957.951     0.999989     29493382     93622.86
     965.119     0.999991     29493422    109226.67
     969.215     0.999992     29493465    131072.00
     971.775     0.999993     29493488    145635.56
     974.847     0.999994     29493512    163840.00
     978.943     0.999995     29493534    187245.71
     982.527     0.999995     29493555    218453.33
     985.599     0.999996     29493580    262144.00
     988.159     0.999997     29493592    291271.11
     989.695     0.999997     29493604    327680.00
     990.719     0.999997     29493612    374491.43
     992.767     0.999998     29493628    436906.67
     993.279     0.999998     29493634    524288.00
     995.327     0.999998     29493641    582542.22
     995.839     0.999998     29493646    655360.00
     996.863     0.999999     29493652    748982.86
     997.887     0.999999     29493661    873813.33
     998.399     0.999999     29493665   1048576.00
     998.399     0.999999     29493665   1165084.44
     999.423     0.999999     29493669   1310720.00
     999.935     0.999999     29493679   1497965.71
     999.935     0.999999     29493679   1747626.67
     999.935     1.000000     29493679   2097152.00
     999.935     1.000000     29493679   2330168.89
     999.935     1.000000     29493679   2621440.00
    1000.959     1.000000     29493681   2995931.43
    1001.471     1.000000     29493682   3495253.33
    1001.983     1.000000     29493684   4194304.00
    1001.983     1.000000     29493684   4660337.78
    1002.495     1.000000     29493688   5242880.00
    1002.495     1.000000     29493688   5991862.86
    1002.495     1.000000     29493688   6990506.67
    1002.495     1.000000     29493688   8388608.00
    1002.495     1.000000     29493688   9320675.55
    1002.495     1.000000     29493688  10485760.00
    1002.495     1.000000     29493688  11983725.71
    1002.495     1.000000     29493688  13981013.34
    1003.007     1.000000     29493689  16777216.00
    1003.007     1.000000     29493689  18641351.10
    1003.007     1.000000     29493689  20971519.98
    1003.007     1.000000     29493689  23967451.45
    1003.007     1.000000     29493689  27962026.68
    1003.519     1.000000     29493690  33554432.00
    1003.519     1.000000     29493690          inf
#[Mean    =        3.032, StdDeviation   =        8.808]
#[Max     =     1003.008, Total count    =     29493690]
#[Buckets =           27, SubBuckets     =         2048]
----------------------------------------------------------
  29993525 requests in 10.00m, 4.64GB read
Requests/sec:  49989.15
Transfer/sec:      7.91MB
