Running 10m test @ http://localhost:9999/math/plus?x=1&y=2
  16 threads and 400 connections
  Thread calibration: mean lat.: 9.866ms, rate sampling interval: 10ms
  Thread calibration: mean lat.: 1.571ms, rate sampling interval: 10ms
  Thread calibration: mean lat.: 1.485ms, rate sampling interval: 10ms
  Thread calibration: mean lat.: 1.458ms, rate sampling interval: 10ms
  Thread calibration: mean lat.: 1.575ms, rate sampling interval: 10ms
  Thread calibration: mean lat.: 1.521ms, rate sampling interval: 10ms
  Thread calibration: mean lat.: 1.411ms, rate sampling interval: 10ms
  Thread calibration: mean lat.: 14.028ms, rate sampling interval: 10ms
  Thread calibration: mean lat.: 1.500ms, rate sampling interval: 10ms
  Thread calibration: mean lat.: 1.718ms, rate sampling interval: 10ms
  Thread calibration: mean lat.: 10.017ms, rate sampling interval: 10ms
  Thread calibration: mean lat.: 1.603ms, rate sampling interval: 10ms
  Thread calibration: mean lat.: 1.582ms, rate sampling interval: 10ms
  Thread calibration: mean lat.: 26.962ms, rate sampling interval: 10ms
  Thread calibration: mean lat.: 1.561ms, rate sampling interval: 10ms
  Thread calibration: mean lat.: 26.786ms, rate sampling interval: 10ms
  Thread Stats   Avg      Stdev     Max   +/- Stdev
    Latency     1.66ms   12.02ms   1.00s    99.58%
    Req/Sec     1.98k   491.58     9.56k    75.57%
  Latency Distribution (HdrHistogram - Recorded Latency)
 50.000%    1.11ms
 75.000%    1.62ms
 90.000%    2.35ms
 99.000%    9.35ms
 99.900%   23.81ms
 99.990%  764.93ms
 99.999%  977.92ms
100.000%    1.00s 

  Detailed Percentile spectrum:
       Value   Percentile   TotalCount 1/(1-Percentile)

       0.061     0.000000            3         1.00
       0.411     0.100000      1776033         1.11
       0.614     0.200000      3547251         1.25
       0.793     0.300000      5312573         1.43
       0.957     0.400000      7082707         1.67
       1.114     0.500000      8849843         2.00
       1.194     0.550000      9732980         2.22
       1.281     0.600000     10622630         2.50
       1.378     0.650000     11509824         2.86
       1.487     0.700000     12393383         3.33
       1.615     0.750000     13273007         4.00
       1.690     0.775000     13719845         4.44
       1.773     0.800000     14158772         5.00
       1.870     0.825000     14601867         5.71
       1.988     0.850000     15043596         6.67
       2.141     0.875000     15488303         8.00
       2.235     0.887500     15708892         8.89
       2.345     0.900000     15928306        10.00
       2.481     0.912500     16149781        11.43
       2.655     0.925000     16370229        13.33
       2.907     0.937500     16590716        16.00
       3.097     0.943750     16701186        17.78
       3.367     0.950000     16811601        20.00
       3.757     0.956250     16922039        22.86
       4.267     0.962500     17033014        26.67
       4.795     0.968750     17143955        32.00
       5.043     0.971875     17198797        35.56
       5.319     0.975000     17253839        40.00
       5.691     0.978125     17309261        45.71
       6.259     0.981250     17364586        53.33
       7.003     0.984375     17419831        64.00
       7.535     0.985938     17447462        71.11
       8.159     0.987500     17474977        80.00
       8.887     0.989062     17502877        91.43
       9.711     0.990625     17530381       106.67
      10.631     0.992188     17558053       128.00
      11.071     0.992969     17571908       142.22
      11.607     0.993750     17585726       160.00
      12.247     0.994531     17599408       182.86
      13.087     0.995313     17613230       213.33
      14.191     0.996094     17627067       256.00
      14.799     0.996484     17633955       284.44
      15.503     0.996875     17640898       320.00
      16.343     0.997266     17647811       365.71
      17.375     0.997656     17654773       426.67
      18.607     0.998047     17661683       512.00
      19.343     0.998242     17665079       568.89
      20.159     0.998437     17668543       640.00
      21.183     0.998633     17672022       731.43
      22.495     0.998828     17675474       853.33
      23.983     0.999023     17678892      1024.00
      24.975     0.999121     17680618      1137.78
      26.271     0.999219     17682356      1280.00
      27.919     0.999316     17684082      1462.86
      30.271     0.999414     17685805      1706.67
      34.783     0.999512     17687536      2048.00
      39.167     0.999561     17688396      2275.56
      80.319     0.999609     17689255      2560.00
     195.327     0.999658     17690119      2925.71
     310.783     0.999707     17690983      3413.33
     424.703     0.999756     17691848      4096.00
     483.071     0.999780     17692280      4551.11
     544.255     0.999805     17692717      5120.00
     607.743     0.999829     17693146      5851.43
     655.871     0.999854     17693575      6826.67
     714.239     0.999878     17694016      8192.00
     741.887     0.999890     17694223      9102.22
     770.559     0.999902     17694446     10240.00
     801.279     0.999915     17694662     11702.86
     828.415     0.999927     17694871     13653.33
     857.599     0.999939     17695090     16384.00
     870.911     0.999945     17695196     18204.44
     886.271     0.999951     17695304     20480.00
     900.607     0.999957     17695411     23405.71
     914.943     0.999963     17695522     27306.67
     929.791     0.999969     17695629     32768.00
     936.959     0.999973     17695686     36408.89
     944.127     0.999976     17695740     40960.00
     950.783     0.999979     17695792     46811.43
     957.951     0.999982     17695847     54613.33
     965.119     0.999985     17695900     65536.00
     968.703     0.999986     17695926     72817.78
     972.287     0.999988     17695951     81920.00
     975.871     0.999989     17695978     93622.86
     980.479     0.999991     17696006    109226.67
     983.551     0.999992     17696033    131072.00
     984.063     0.999993     17696046    145635.56
     987.135     0.999994     17696061    163840.00
     989.183     0.999995     17696077    187245.71
     990.207     0.999995     17696090    218453.33
     991.743     0.999996     17696101    262144.00
     993.279     0.999997     17696107    291271.11
     994.303     0.999997     17696115    327680.00
     994.815     0.999997     17696120    374491.43
     995.839     0.999998     17696127    436906.67
     996.351     0.999998     17696135    524288.00
     996.863     0.999998     17696138    582542.22
     997.375     0.999998     17696140    655360.00
     999.935     0.999999     17696144    748982.86
    1000.959     0.999999     17696149    873813.33
    1001.471     0.999999     17696151   1048576.00
    1001.983     0.999999     17696154   1165084.44
    1001.983     0.999999     17696154   1310720.00
    1002.495     0.999999     17696157   1497965.71
    1002.495     0.999999     17696157   1747626.67
    1003.007     1.000000     17696164   2097152.00
    1003.007     1.000000     17696164   2330168.89
    1003.007     1.000000     17696164   2621440.00
    1003.007     1.000000     17696164   2995931.43
    1003.007     1.000000     17696164   3495253.33
    1003.007     1.000000     17696164   4194304.00
    1003.007     1.000000     17696164   4660337.78
    1003.007     1.000000     17696164   5242880.00
    1003.519     1.000000     17696167   5991862.86
    1003.519     1.000000     17696167          inf
#[Mean    =        1.656, StdDeviation   =       12.017]
#[Max     =     1003.008, Total count    =     17696167]
#[Buckets =           27, SubBuckets     =         2048]
----------------------------------------------------------
  17996342 requests in 10.00m, 2.78GB read
Requests/sec:  29993.92
Transfer/sec:      4.75MB
