Running 10m test @ http://localhost:9999/math/plus?x=1&y=2
  16 threads and 400 connections
  Thread calibration: mean lat.: 251.174ms, rate sampling interval: 1397ms
  Thread calibration: mean lat.: 215.495ms, rate sampling interval: 1247ms
  Thread calibration: mean lat.: 152.519ms, rate sampling interval: 882ms
  Thread calibration: mean lat.: 368.153ms, rate sampling interval: 2074ms
  Thread calibration: mean lat.: 278.559ms, rate sampling interval: 1652ms
  Thread calibration: mean lat.: 222.595ms, rate sampling interval: 1395ms
  Thread calibration: mean lat.: 147.287ms, rate sampling interval: 800ms
  Thread calibration: mean lat.: 270.841ms, rate sampling interval: 1303ms
  Thread calibration: mean lat.: 215.948ms, rate sampling interval: 1123ms
  Thread calibration: mean lat.: 126.042ms, rate sampling interval: 687ms
  Thread calibration: mean lat.: 288.609ms, rate sampling interval: 1644ms
  Thread calibration: mean lat.: 214.378ms, rate sampling interval: 1238ms
  Thread calibration: mean lat.: 181.374ms, rate sampling interval: 922ms
  Thread calibration: mean lat.: 244.867ms, rate sampling interval: 1413ms
  Thread calibration: mean lat.: 183.701ms, rate sampling interval: 1011ms
  Thread calibration: mean lat.: 274.397ms, rate sampling interval: 1573ms
  Thread Stats   Avg      Stdev     Max   +/- Stdev
    Latency     4.30s     9.98s    2.17m    91.86%
    Req/Sec     3.69k   479.19     6.21k    69.87%
  Latency Distribution (HdrHistogram - Recorded Latency)
 50.000%  887.81ms
 75.000%    3.31s 
 90.000%   11.35s 
 99.000%    0.87m 
 99.900%    1.61m 
 99.990%    1.93m 
 99.999%    2.16m 
100.000%    2.17m 

  Detailed Percentile spectrum:
       Value   Percentile   TotalCount 1/(1-Percentile)

       0.081     0.000000            1         1.00
      59.711     0.100000      3482259         1.11
     159.487     0.200000      6962738         1.25
     311.039     0.300000     10442929         1.43
     537.599     0.400000     13925008         1.67
     887.807     0.500000     17406264         2.00
    1136.639     0.550000     19148904         2.22
    1458.175     0.600000     20887368         2.50
    1885.183     0.650000     22628635         2.86
    2469.887     0.700000     24368621         3.33
    3305.471     0.750000     26107675         4.00
    3868.671     0.775000     26977720         4.44
    4579.327     0.800000     27848264         5.00
    5513.215     0.825000     28721296         5.71
    6754.303     0.850000     29590578         6.67
    8544.255     0.875000     30459625         8.00
    9781.247     0.887500     30896274         8.89
   11345.919     0.900000     31329010        10.00
   13230.079     0.912500     31764455        11.43
   15515.647     0.925000     32199563        13.33
   18431.999     0.937500     32636313        16.00
   20135.935     0.943750     32853009        17.78
   22085.631     0.950000     33070088        20.00
   24281.087     0.956250     33287647        22.86
   26820.607     0.962500     33504865        26.67
   29835.263     0.968750     33722188        32.00
   31571.967     0.971875     33831091        35.56
   33390.591     0.975000     33939567        40.00
   35553.279     0.978125     34049047        45.71
   38010.879     0.981250     34158002        53.33
   41123.839     0.984375     34266452        64.00
   43483.135     0.985938     34320867        71.11
   46432.255     0.987500     34374960        80.00
   50135.039     0.989062     34429051        91.43
   53477.375     0.990625     34483546       106.67
   57475.071     0.992188     34537885       128.00
   59998.207     0.992969     34565049       142.22
   62128.127     0.993750     34592341       160.00
   64651.263     0.994531     34619629       182.86
   67895.295     0.995313     34647011       213.33
   71892.991     0.996094     34673882       256.00
   74317.823     0.996484     34687760       284.44
   76808.191     0.996875     34701117       320.00
   79888.383     0.997266     34714658       365.71
   84213.759     0.997656     34728263       426.67
   87359.487     0.998047     34741730       512.00
   89980.927     0.998242     34748729       568.89
   91619.327     0.998437     34755519       640.00
   93585.407     0.998633     34762111       731.43
   95223.807     0.998828     34768956       853.33
   97124.351     0.999023     34775800      1024.00
   98107.391     0.999121     34779307      1137.78
   99221.503     0.999219     34782488      1280.00
  101908.479     0.999316     34785889      1462.86
  103874.559     0.999414     34789297      1706.67
  105381.887     0.999512     34792799      2048.00
  106102.783     0.999561     34794381      2275.56
  107347.967     0.999609     34796091      2560.00
  110886.911     0.999658     34797791      2925.71
  111935.487     0.999707     34799493      3413.33
  113049.599     0.999756     34801312      4096.00
  113442.815     0.999780     34802043      4551.11
  113901.567     0.999805     34802909      5120.00
  114229.247     0.999829     34803851      5851.43
  114687.999     0.999854     34804631      6826.67
  115212.287     0.999878     34805441      8192.00
  115539.967     0.999890     34805928      9102.22
  116129.791     0.999902     34806279     10240.00
  116981.759     0.999915     34806730     11702.86
  117506.047     0.999927     34807132     13653.33
  118292.479     0.999939     34807571     16384.00
  118882.303     0.999945     34807767     18204.44
  121044.991     0.999951     34807998     20480.00
  121634.815     0.999957     34808211     23405.71
  122748.927     0.999963     34808412     27306.67
  124780.543     0.999969     34808616     32768.00
  125894.655     0.999973     34808735     36408.89
  126812.159     0.999976     34808848     40960.00
  127074.303     0.999979     34808937     46811.43
  127991.807     0.999982     34809047     54613.33
  128647.167     0.999985     34809147     65536.00
  129236.991     0.999986     34809210     72817.78
  129368.063     0.999988     34809276     81920.00
  129433.599     0.999989     34809317     93622.86
  129564.671     0.999991     34809370    109226.67
  129695.743     0.999992     34809436    131072.00
  129761.279     0.999993     34809464    145635.56
  129826.815     0.999994     34809493    163840.00
  129826.815     0.999995     34809493    187245.71
  129957.887     0.999995     34809528    218453.33
  130023.423     0.999996     34809553    262144.00
  130088.959     0.999997     34809570    291271.11
  130154.495     0.999997     34809590    327680.00
  130154.495     0.999997     34809590    374491.43
  130220.031     0.999998     34809608    436906.67
  130285.567     0.999998     34809626    524288.00
  130285.567     0.999998     34809626    582542.22
  130285.567     0.999998     34809626    655360.00
  130351.103     0.999999     34809645    748982.86
  130351.103     0.999999     34809645    873813.33
  130351.103     0.999999     34809645   1048576.00
  130416.639     0.999999     34809668   1165084.44
  130416.639     0.999999     34809668   1310720.00
  130416.639     0.999999     34809668   1497965.71
  130416.639     0.999999     34809668   1747626.67
  130416.639     1.000000     34809668   2097152.00
  130416.639     1.000000     34809668   2330168.89
  130416.639     1.000000     34809668   2621440.00
  130416.639     1.000000     34809668   2995931.43
  130416.639     1.000000     34809668   3495253.33
  130482.175     1.000000     34809677   4194304.00
  130482.175     1.000000     34809677          inf
#[Mean    =     4301.697, StdDeviation   =     9980.916]
#[Max     =   130416.640, Total count    =     34809677]
#[Buckets =           27, SubBuckets     =         2048]
----------------------------------------------------------
  35392158 requests in 10.00m, 5.47GB read
Requests/sec:  58986.97
Transfer/sec:      9.34MB
