Running 10m test @ http://localhost:9999/math/plus?x=1&y=2
  16 threads and 400 connections
  Thread calibration: mean lat.: 71.278ms, rate sampling interval: 389ms
  Thread calibration: mean lat.: 67.884ms, rate sampling interval: 397ms
  Thread calibration: mean lat.: 57.720ms, rate sampling interval: 277ms
  Thread calibration: mean lat.: 46.157ms, rate sampling interval: 244ms
  Thread calibration: mean lat.: 122.030ms, rate sampling interval: 712ms
  Thread calibration: mean lat.: 71.576ms, rate sampling interval: 370ms
  Thread calibration: mean lat.: 78.460ms, rate sampling interval: 417ms
  Thread calibration: mean lat.: 78.880ms, rate sampling interval: 345ms
  Thread calibration: mean lat.: 81.190ms, rate sampling interval: 357ms
  Thread calibration: mean lat.: 71.758ms, rate sampling interval: 406ms
  Thread calibration: mean lat.: 64.904ms, rate sampling interval: 344ms
  Thread calibration: mean lat.: 101.507ms, rate sampling interval: 599ms
  Thread calibration: mean lat.: 76.469ms, rate sampling interval: 386ms
  Thread calibration: mean lat.: 63.610ms, rate sampling interval: 333ms
  Thread calibration: mean lat.: 41.109ms, rate sampling interval: 234ms
  Thread calibration: mean lat.: 52.825ms, rate sampling interval: 286ms
  Thread Stats   Avg      Stdev     Max   +/- Stdev
    Latency    20.78s    32.30s    3.51m    84.92%
    Req/Sec     3.46k   556.95     7.11k    72.18%
  Latency Distribution (HdrHistogram - Recorded Latency)
 50.000%    3.10s 
 75.000%   29.64s 
 90.000%    1.17m 
 99.000%    2.21m 
 99.900%    2.85m 
 99.990%    3.29m 
 99.999%    3.49m 
100.000%    3.51m 

  Detailed Percentile spectrum:
       Value   Percentile   TotalCount 1/(1-Percentile)

       0.073     0.000000            1         1.00
      59.071     0.100000      3249322         1.11
     179.839     0.200000      6498504         1.25
     434.175     0.300000      9747577         1.43
    1061.887     0.400000     12998020         1.67
    3100.671     0.500000     16246338         2.00
    5509.119     0.550000     17871154         2.22
    9445.375     0.600000     19497503         2.50
   14696.447     0.650000     21120040         2.86
   21610.495     0.700000     22746573         3.33
   29638.655     0.750000     24368812         4.00
   34537.471     0.775000     25184731         4.44
   39911.423     0.800000     25996089         5.00
   46235.647     0.825000     26807646         5.71
   53346.303     0.850000     27620514         6.67
   61374.463     0.875000     28432519         8.00
   65503.231     0.887500     28837234         8.89
   70320.127     0.900000     29243792        10.00
   75694.079     0.912500     29653008        11.43
   81330.175     0.925000     30058382        13.33
   87621.631     0.937500     30464931        16.00
   90898.431     0.943750     30665310        17.78
   94699.519     0.950000     30869949        20.00
   99024.895     0.956250     31071251        22.86
  103415.807     0.962500     31273593        26.67
  108724.223     0.968750     31478072        32.00
  111345.663     0.971875     31579463        35.56
  114163.711     0.975000     31681350        40.00
  117178.367     0.978125     31783079        45.71
  120324.095     0.981250     31882874        53.33
  124256.255     0.984375     31985282        64.00
  126353.407     0.985938     32035886        71.11
  128516.095     0.987500     32086499        80.00
  131071.999     0.989062     32137211        91.43
  133562.367     0.990625     32187485       106.67
  136577.023     0.992188     32237891       128.00
  138280.959     0.992969     32263856       142.22
  140509.183     0.993750     32290270       160.00
  142475.263     0.994531     32315241       182.86
  145358.847     0.995313     32340233       213.33
  148373.503     0.996094     32365289       256.00
  150601.727     0.996484     32378121       284.44
  153485.311     0.996875     32390638       320.00
  155582.463     0.997266     32403003       365.71
  159121.407     0.997656     32415686       426.67
  161611.775     0.998047     32428282       512.00
  162922.495     0.998242     32434973       568.89
  164888.575     0.998437     32441007       640.00
  167378.943     0.998633     32447571       731.43
  169607.167     0.998828     32454190       853.33
  171311.103     0.999023     32460104      1024.00
  172621.823     0.999121     32463355      1137.78
  174194.687     0.999219     32466462      1280.00
  176291.839     0.999316     32469742      1462.86
  178651.135     0.999414     32472713      1706.67
  181665.791     0.999512     32475861      2048.00
  182714.367     0.999561     32477729      2275.56
  183369.727     0.999609     32479095      2560.00
  184549.375     0.999658     32480726      2925.71
  185729.023     0.999707     32482325      3413.33
  187170.815     0.999756     32483822      4096.00
  188481.535     0.999780     32484585      4551.11
  190316.543     0.999805     32485378      5120.00
  191627.263     0.999829     32486220      5851.43
  193331.199     0.999854     32486959      6826.67
  194772.991     0.999878     32487818      8192.00
  195690.495     0.999890     32488145      9102.22
  197787.647     0.999902     32488539     10240.00
  199622.655     0.999915     32488939     11702.86
  201850.879     0.999927     32489336     13653.33
  203423.743     0.999939     32489747     16384.00
  203948.031     0.999945     32489938     18204.44
  204996.607     0.999951     32490130     20480.00
  205783.039     0.999957     32490353     23405.71
  206045.183     0.999963     32490541     27306.67
  206307.327     0.999969     32490776     32768.00
  206438.399     0.999973     32490841     36408.89
  206569.471     0.999976     32490917     40960.00
  206962.687     0.999979     32491026     46811.43
  207749.119     0.999982     32491129     54613.33
  208404.479     0.999985     32491229     65536.00
  208535.551     0.999986     32491265     72817.78
  208928.767     0.999988     32491313     81920.00
  209321.983     0.999989     32491361     93622.86
  209715.199     0.999991     32491447    109226.67
  209846.271     0.999992     32491472    131072.00
  209977.343     0.999993     32491488    145635.56
  210108.415     0.999994     32491531    163840.00
  210239.487     0.999995     32491574    187245.71
  210239.487     0.999995     32491574    218453.33
  210370.559     0.999996     32491624    262144.00
  210370.559     0.999997     32491624    291271.11
  210370.559     0.999997     32491624    327680.00
  210370.559     0.999997     32491624    374491.43
  210501.631     0.999998     32491649    436906.67
  210501.631     0.999998     32491649    524288.00
  210632.703     0.999998     32491670    582542.22
  210632.703     0.999998     32491670    655360.00
  210632.703     0.999999     32491670    748982.86
  210763.775     0.999999     32491695    873813.33
  210763.775     0.999999     32491695   1048576.00
  210763.775     0.999999     32491695   1165084.44
  210763.775     0.999999     32491695   1310720.00
  210763.775     0.999999     32491695   1497965.71
  210763.775     0.999999     32491695   1747626.67
  210763.775     1.000000     32491695   2097152.00
  210763.775     1.000000     32491695   2330168.89
  210894.847     1.000000     32491708   2621440.00
  210894.847     1.000000     32491708          inf
#[Mean    =    20775.248, StdDeviation   =    32296.033]
#[Max     =   210763.776, Total count    =     32491708]
#[Buckets =           27, SubBuckets     =         2048]
----------------------------------------------------------
  33087129 requests in 10.00m, 5.12GB read
Requests/sec:  55145.14
Transfer/sec:      8.73MB
