Running 10m test @ http://localhost:9999/math/plus?x=1&y=2
  16 threads and 400 connections
  Thread calibration: mean lat.: 1.768ms, rate sampling interval: 10ms
  Thread calibration: mean lat.: 14.756ms, rate sampling interval: 10ms
  Thread calibration: mean lat.: 18.987ms, rate sampling interval: 10ms
  Thread calibration: mean lat.: 1.817ms, rate sampling interval: 10ms
  Thread calibration: mean lat.: 1.748ms, rate sampling interval: 10ms
  Thread calibration: mean lat.: 1.689ms, rate sampling interval: 10ms
  Thread calibration: mean lat.: 14.608ms, rate sampling interval: 10ms
  Thread calibration: mean lat.: 40.701ms, rate sampling interval: 11ms
  Thread calibration: mean lat.: 1.569ms, rate sampling interval: 10ms
  Thread calibration: mean lat.: 54.138ms, rate sampling interval: 29ms
  Thread calibration: mean lat.: 1.764ms, rate sampling interval: 10ms
  Thread calibration: mean lat.: 58.875ms, rate sampling interval: 154ms
  Thread calibration: mean lat.: 2.000ms, rate sampling interval: 10ms
  Thread calibration: mean lat.: 54.346ms, rate sampling interval: 36ms
  Thread calibration: mean lat.: 27.445ms, rate sampling interval: 10ms
  Thread calibration: mean lat.: 23.556ms, rate sampling interval: 10ms
  Thread Stats   Avg      Stdev     Max   +/- Stdev
    Latency     2.28ms   14.52ms   1.00s    99.88%
    Req/Sec   659.42    497.83     3.11k    80.25%
  Latency Distribution (HdrHistogram - Recorded Latency)
 50.000%    1.47ms
 75.000%    2.36ms
 90.000%    3.88ms
 99.000%    9.30ms
 99.900%   18.37ms
 99.990%  836.61ms
 99.999%  979.46ms
100.000%    1.00s 

  Detailed Percentile spectrum:
       Value   Percentile   TotalCount 1/(1-Percentile)

       0.069     0.000000            1         1.00
       0.599     0.100000       590688         1.11
       0.848     0.200000      1182148         1.25
       1.060     0.300000      1771880         1.43
       1.253     0.400000      2361647         1.67
       1.466     0.500000      2951840         2.00
       1.593     0.550000      3244779         2.22
       1.738     0.600000      3540785         2.50
       1.903     0.650000      3835760         2.86
       2.101     0.700000      4131039         3.33
       2.357     0.750000      4424571         4.00
       2.517     0.775000      4572070         4.44
       2.703     0.800000      4720421         5.00
       2.917     0.825000      4866400         5.71
       3.177     0.850000      5014104         6.67
       3.495     0.875000      5161602         8.00
       3.681     0.887500      5235549         8.89
       3.885     0.900000      5309337        10.00
       4.111     0.912500      5383352        11.43
       4.367     0.925000      5456284        13.33
       4.679     0.937500      5530137        16.00
       4.867     0.943750      5566929        17.78
       5.091     0.950000      5603892        20.00
       5.367     0.956250      5640608        22.86
       5.727     0.962500      5677487        26.67
       6.199     0.968750      5714322        32.00
       6.499     0.971875      5732786        35.56
       6.851     0.975000      5751213        40.00
       7.251     0.978125      5769656        45.71
       7.639     0.981250      5788180        53.33
       8.055     0.984375      5806552        64.00
       8.319     0.985938      5815916        71.11
       8.623     0.987500      5825087        80.00
       9.023     0.989062      5834311        91.43
       9.511     0.990625      5843440       106.67
      10.119     0.992188      5852677       128.00
      10.447     0.992969      5857199       142.22
      10.823     0.993750      5861808       160.00
      11.239     0.994531      5866442       182.86
      11.655     0.995313      5871020       213.33
      12.151     0.996094      5875640       256.00
      12.447     0.996484      5877924       284.44
      12.823     0.996875      5880245       320.00
      13.255     0.997266      5882538       365.71
      13.799     0.997656      5884835       426.67
      14.503     0.998047      5887142       512.00
      15.007     0.998242      5888298       568.89
      15.495     0.998437      5889450       640.00
      16.023     0.998633      5890592       731.43
      17.071     0.998828      5891747       853.33
      18.591     0.999023      5892900      1024.00
      19.583     0.999121      5893476      1137.78
      20.895     0.999219      5894046      1280.00
      23.439     0.999316      5894623      1462.86
      71.615     0.999414      5895199      1706.67
     227.583     0.999512      5895774      2048.00
     303.871     0.999561      5896063      2275.56
     382.463     0.999609      5896351      2560.00
     456.959     0.999658      5896638      2925.71
     532.479     0.999707      5896926      3413.33
     610.815     0.999756      5897214      4096.00
     649.215     0.999780      5897358      4551.11
     690.175     0.999805      5897502      5120.00
     727.551     0.999829      5897647      5851.43
     765.439     0.999854      5897791      6826.67
     803.839     0.999878      5897935      8192.00
     823.295     0.999890      5898007      9102.22
     842.239     0.999902      5898078     10240.00
     862.207     0.999915      5898150     11702.86
     880.639     0.999927      5898222     13653.33
     900.607     0.999939      5898297     16384.00
     909.823     0.999945      5898332     18204.44
     919.039     0.999951      5898366     20480.00
     928.255     0.999957      5898403     23405.71
     936.959     0.999963      5898440     27306.67
     948.735     0.999969      5898474     32768.00
     951.295     0.999973      5898492     36408.89
     956.927     0.999976      5898512     40960.00
     963.071     0.999979      5898530     46811.43
     967.167     0.999982      5898549     54613.33
     970.239     0.999985      5898564     65536.00
     973.823     0.999986      5898573     72817.78
     976.383     0.999988      5898583     81920.00
     977.919     0.999989      5898592     93622.86
     982.015     0.999991      5898602    109226.67
     987.135     0.999992      5898609    131072.00
     988.159     0.999993      5898615    145635.56
     988.671     0.999994      5898618    163840.00
     990.207     0.999995      5898624    187245.71
     991.231     0.999995      5898632    218453.33
     991.231     0.999996      5898632    262144.00
     992.767     0.999997      5898638    291271.11
     992.767     0.999997      5898638    327680.00
     993.791     0.999997      5898639    374491.43
     995.327     0.999998      5898641    436906.67
     996.863     0.999998      5898643    524288.00
     997.375     0.999998      5898644    582542.22
     999.935     0.999998      5898645    655360.00
    1001.471     0.999999      5898648    748982.86
    1001.471     0.999999      5898648    873813.33
    1001.983     0.999999      5898650   1048576.00
    1001.983     0.999999      5898650   1165084.44
    1001.983     0.999999      5898650   1310720.00
    1002.495     0.999999      5898651   1497965.71
    1002.495     0.999999      5898651   1747626.67
    1003.519     1.000000      5898654   2097152.00
    1003.519     1.000000      5898654          inf
#[Mean    =        2.284, StdDeviation   =       14.517]
#[Max     =     1003.008, Total count    =      5898654]
#[Buckets =           27, SubBuckets     =         2048]
----------------------------------------------------------
  5998246 requests in 10.00m, 0.93GB read
Requests/sec:   9997.05
Transfer/sec:      1.58MB
