Running 10m test @ http://localhost:9999/math/plus?x=1&y=2
  16 threads and 400 connections
  Thread calibration: mean lat.: 50.355ms, rate sampling interval: 352ms
  Thread calibration: mean lat.: 49.482ms, rate sampling interval: 286ms
  Thread calibration: mean lat.: 51.808ms, rate sampling interval: 307ms
  Thread calibration: mean lat.: 33.566ms, rate sampling interval: 198ms
  Thread calibration: mean lat.: 55.277ms, rate sampling interval: 365ms
  Thread calibration: mean lat.: 38.871ms, rate sampling interval: 198ms
  Thread calibration: mean lat.: 50.930ms, rate sampling interval: 297ms
  Thread calibration: mean lat.: 45.305ms, rate sampling interval: 252ms
  Thread calibration: mean lat.: 74.814ms, rate sampling interval: 531ms
  Thread calibration: mean lat.: 51.255ms, rate sampling interval: 318ms
  Thread calibration: mean lat.: 36.450ms, rate sampling interval: 233ms
  Thread calibration: mean lat.: 58.721ms, rate sampling interval: 398ms
  Thread calibration: mean lat.: 63.162ms, rate sampling interval: 439ms
  Thread calibration: mean lat.: 50.038ms, rate sampling interval: 344ms
  Thread calibration: mean lat.: 49.576ms, rate sampling interval: 302ms
  Thread calibration: mean lat.: 47.379ms, rate sampling interval: 269ms
  Thread Stats   Avg      Stdev     Max   +/- Stdev
    Latency     8.53ms   31.35ms   1.92s    98.11%
    Req/Sec     3.13k    99.03     4.54k    86.64%
  Latency Distribution (HdrHistogram - Recorded Latency)
 50.000%    4.35ms
 75.000%    7.62ms
 90.000%   12.81ms
 99.000%   79.29ms
 99.900%  487.17ms
 99.990%  965.12ms
 99.999%    1.54s 
100.000%    1.92s 

  Detailed Percentile spectrum:
       Value   Percentile   TotalCount 1/(1-Percentile)

       0.064     0.000000            1         1.00
       1.151     0.100000      2952746         1.11
       1.804     0.200000      5900692         1.25
       2.539     0.300000      8849803         1.43
       3.391     0.400000     11802608         1.67
       4.347     0.500000     14757896         2.00
       4.867     0.550000     16225332         2.22
       5.431     0.600000     17700531         2.50
       6.051     0.650000     19175200         2.86
       6.767     0.700000     20647064         3.33
       7.619     0.750000     22123870         4.00
       8.087     0.775000     22862434         4.44
       8.687     0.800000     23598140         5.00
       9.431     0.825000     24335747         5.71
      10.327     0.850000     25074008         6.67
      11.447     0.875000     25810143         8.00
      12.047     0.887500     26176882         8.89
      12.815     0.900000     26547279        10.00
      13.751     0.912500     26914488        11.43
      14.927     0.925000     27283375        13.33
      16.359     0.937500     27651640        16.00
      17.407     0.943750     27834990        17.78
      18.735     0.950000     28019672        20.00
      20.351     0.956250     28204509        22.86
      22.639     0.962500     28388867        26.67
      25.871     0.968750     28572316        32.00
      28.143     0.971875     28664581        35.56
      31.071     0.975000     28756775        40.00
      34.975     0.978125     28848971        45.71
      40.255     0.981250     28941382        53.33
      47.999     0.984375     29033115        64.00
      53.503     0.985938     29079402        71.11
      60.671     0.987500     29125410        80.00
      70.847     0.989062     29171364        91.43
      86.463     0.990625     29217592       106.67
     110.271     0.992188     29263542       128.00
     126.015     0.992969     29286618       142.22
     144.895     0.993750     29309754       160.00
     167.423     0.994531     29332735       182.86
     194.687     0.995313     29355780       213.33
     227.839     0.996094     29378748       256.00
     247.423     0.996484     29390327       284.44
     269.055     0.996875     29401888       320.00
     293.375     0.997266     29413369       365.71
     321.023     0.997656     29424869       426.67
     354.559     0.998047     29436358       512.00
     374.271     0.998242     29442123       568.89
     397.055     0.998437     29447911       640.00
     422.655     0.998633     29453672       731.43
     453.887     0.998828     29459426       853.33
     491.775     0.999023     29465158      1024.00
     512.511     0.999121     29468066      1137.78
     535.551     0.999219     29470959      1280.00
     563.199     0.999316     29473824      1462.86
     593.407     0.999414     29476703      1706.67
     625.663     0.999512     29479567      2048.00
     644.095     0.999561     29480992      2275.56
     667.647     0.999609     29482439      2560.00
     696.319     0.999658     29483878      2925.71
     731.135     0.999707     29485317      3413.33
     774.655     0.999756     29486750      4096.00
     797.695     0.999780     29487477      4551.11
     819.711     0.999805     29488195      5120.00
     847.871     0.999829     29488919      5851.43
     881.151     0.999854     29489639      6826.67
     921.087     0.999878     29490351      8192.00
     946.687     0.999890     29490712      9102.22
     969.727     0.999902     29491077     10240.00
     994.815     0.999915     29491436     11702.86
    1021.951     0.999927     29491790     13653.33
    1056.767     0.999939     29492154     16384.00
    1075.199     0.999945     29492333     18204.44
    1094.655     0.999951     29492510     20480.00
    1130.495     0.999957     29492691     23405.71
    1161.215     0.999963     29492871     27306.67
    1186.815     0.999969     29493051     32768.00
    1225.727     0.999973     29493139     36408.89
    1274.879     0.999976     29493230     40960.00
    1328.127     0.999979     29493321     46811.43
    1374.207     0.999982     29493409     54613.33
    1492.991     0.999985     29493500     65536.00
    1510.399     0.999986     29493548     72817.78
    1519.615     0.999988     29493590     81920.00
    1529.855     0.999989     29493635     93622.86
    1579.007     0.999991     29493679    109226.67
    1636.351     0.999992     29493724    131072.00
    1675.263     0.999993     29493748    145635.56
    1700.863     0.999994     29493769    163840.00
    1721.343     0.999995     29493792    187245.71
    1760.255     0.999995     29493814    218453.33
    1794.047     0.999996     29493837    262144.00
    1800.191     0.999997     29493848    291271.11
    1806.335     0.999997     29493861    327680.00
    1814.527     0.999997     29493871    374491.43
    1830.911     0.999998     29493884    436906.67
    1836.031     0.999998     29493893    524288.00
    1849.343     0.999998     29493899    582542.22
    1854.463     0.999998     29493904    655360.00
    1868.799     0.999999     29493910    748982.86
    1880.063     0.999999     29493916    873813.33
    1891.327     0.999999     29493921   1048576.00
    1894.399     0.999999     29493924   1165084.44
    1897.471     0.999999     29493928   1310720.00
    1899.519     0.999999     29493932   1497965.71
    1901.567     0.999999     29493933   1747626.67
    1903.615     1.000000     29493935   2097152.00
    1907.711     1.000000     29493938   2330168.89
    1907.711     1.000000     29493938   2621440.00
    1908.735     1.000000     29493940   2995931.43
    1911.807     1.000000     29493943   3495253.33
    1911.807     1.000000     29493943   4194304.00
    1911.807     1.000000     29493943   4660337.78
    1912.831     1.000000     29493944   5242880.00
    1915.903     1.000000     29493946   5991862.86
    1915.903     1.000000     29493946   6990506.67
    1915.903     1.000000     29493946   8388608.00
    1915.903     1.000000     29493946   9320675.55
    1916.927     1.000000     29493947  10485760.00
    1916.927     1.000000     29493947  11983725.71
    1916.927     1.000000     29493947  13981013.34
    1918.975     1.000000     29493948  16777216.00
    1918.975     1.000000     29493948  18641351.10
    1918.975     1.000000     29493948  20971519.98
    1918.975     1.000000     29493948  23967451.45
    1918.975     1.000000     29493948  27962026.68
    1919.999     1.000000     29493949  33554432.00
    1919.999     1.000000     29493949          inf
#[Mean    =        8.531, StdDeviation   =       31.352]
#[Max     =     1918.976, Total count    =     29493949]
#[Buckets =           27, SubBuckets     =         2048]
----------------------------------------------------------
  29993782 requests in 10.00m, 4.64GB read
Requests/sec:  49989.74
Transfer/sec:      7.91MB
