Running 10m test @ http://localhost:9999/math/plus?x=1&y=2
  16 threads and 400 connections
  Thread calibration: mean lat.: 9.161ms, rate sampling interval: 37ms
  Thread calibration: mean lat.: 10.305ms, rate sampling interval: 43ms
  Thread calibration: mean lat.: 14.204ms, rate sampling interval: 44ms
  Thread calibration: mean lat.: 8.103ms, rate sampling interval: 33ms
  Thread calibration: mean lat.: 8.044ms, rate sampling interval: 33ms
  Thread calibration: mean lat.: 8.926ms, rate sampling interval: 36ms
  Thread calibration: mean lat.: 9.104ms, rate sampling interval: 37ms
  Thread calibration: mean lat.: 10.090ms, rate sampling interval: 42ms
  Thread calibration: mean lat.: 12.958ms, rate sampling interval: 38ms
  Thread calibration: mean lat.: 9.980ms, rate sampling interval: 42ms
  Thread calibration: mean lat.: 9.696ms, rate sampling interval: 40ms
  Thread calibration: mean lat.: 13.872ms, rate sampling interval: 43ms
  Thread calibration: mean lat.: 11.899ms, rate sampling interval: 44ms
  Thread calibration: mean lat.: 13.261ms, rate sampling interval: 39ms
  Thread calibration: mean lat.: 9.267ms, rate sampling interval: 38ms
  Thread calibration: mean lat.: 9.070ms, rate sampling interval: 40ms
  Thread Stats   Avg      Stdev     Max   +/- Stdev
    Latency     7.28s    15.95s    2.22m    89.45%
    Req/Sec     3.70k     1.25k   12.65k    75.44%
  Latency Distribution (HdrHistogram - Recorded Latency)
 50.000%  596.99ms
 75.000%    5.19s 
 90.000%   24.74s 
 99.000%    1.34m 
 99.900%    1.88m 
 99.990%    2.17m 
 99.999%    2.21m 
100.000%    2.23m 

  Detailed Percentile spectrum:
       Value   Percentile   TotalCount 1/(1-Percentile)

       0.074     0.000000            1         1.00
      24.015     0.100000      3434657         1.11
      71.679     0.200000      6871077         1.25
     155.775     0.300000     10305430         1.43
     305.407     0.400000     13739158         1.67
     596.991     0.500000     17172387         2.00
     857.599     0.550000     18887560         2.22
    1265.663     0.600000     20604747         2.50
    1948.671     0.650000     22321450         2.86
    3133.439     0.700000     24039041         3.33
    5189.631     0.750000     25757423         4.00
    6778.879     0.775000     26615388         4.44
    8773.631     0.800000     27474864         5.00
   11280.383     0.825000     28333008         5.71
   14204.927     0.850000     29189700         6.67
   18841.599     0.875000     30050384         8.00
   21577.727     0.887500     30477381         8.89
   24739.839     0.900000     30906278        10.00
   28180.479     0.912500     31337300        11.43
   31588.351     0.925000     31765682        13.33
   35749.887     0.937500     32194207        16.00
   38600.703     0.943750     32410058        17.78
   42041.343     0.950000     32623498        20.00
   45744.127     0.956250     32838722        22.86
   50397.183     0.962500     33053348        26.67
   54689.791     0.968750     33268189        32.00
   57311.231     0.971875     33375288        35.56
   60653.567     0.975000     33482638        40.00
   63176.703     0.978125     33589329        45.71
   67043.327     0.981250     33696656        53.33
   71630.847     0.984375     33804139        64.00
   73859.071     0.985938     33857919        71.11
   76283.903     0.987500     33912461        80.00
   78512.127     0.989062     33965214        91.43
   81264.639     0.990625     34018546       106.67
   84344.831     0.992188     34073114       128.00
   85786.623     0.992969     34099419       142.22
   87556.095     0.993750     34125922       160.00
   89587.711     0.994531     34152963       182.86
   91619.327     0.995313     34179811       213.33
   93192.191     0.996094     34206890       256.00
   94175.231     0.996484     34220286       284.44
   95420.415     0.996875     34233526       320.00
   96600.063     0.997266     34246501       365.71
   98435.071     0.997656     34259790       426.67
  101122.047     0.998047     34273266       512.00
  102301.695     0.998242     34280078       568.89
  104398.847     0.998437     34286643       640.00
  107151.359     0.998633     34293460       731.43
  109576.191     0.998828     34300091       853.33
  113377.279     0.999023     34306772      1024.00
  114491.391     0.999121     34310210      1137.78
  115408.895     0.999219     34313588      1280.00
  116523.007     0.999316     34316895      1462.86
  118292.479     0.999414     34320185      1706.67
  119734.271     0.999512     34323518      2048.00
  120782.847     0.999561     34325193      2275.56
  123469.823     0.999609     34326903      2560.00
  124518.399     0.999658     34328590      2925.71
  125108.223     0.999707     34330225      3413.33
  125960.191     0.999756     34331922      4096.00
  126418.943     0.999780     34332838      4551.11
  126943.231     0.999805     34333569      5120.00
  128188.415     0.999829     34334417      5851.43
  129368.063     0.999854     34335267      6826.67
  129957.887     0.999878     34336100      8192.00
  130351.103     0.999890     34336602      9102.22
  130547.711     0.999902     34336970     10240.00
  130744.319     0.999915     34337338     11702.86
  131006.463     0.999927     34337764     13653.33
  131334.143     0.999939     34338214     16384.00
  131465.215     0.999945     34338380     18204.44
  131792.895     0.999951     34338589     20480.00
  132120.575     0.999957     34338942     23405.71
  132186.111     0.999963     34339012     27306.67
  132382.719     0.999969     34339293     32768.00
  132448.255     0.999973     34339400     36408.89
  132513.791     0.999976     34339503     40960.00
  132579.327     0.999979     34339592     46811.43
  132644.863     0.999982     34339683     54613.33
  132710.399     0.999985     34339744     65536.00
  132775.935     0.999986     34339861     72817.78
  132775.935     0.999988     34339861     81920.00
  132841.471     0.999989     34339947     93622.86
  132907.007     0.999991     34339975    109226.67
  133038.079     0.999992     34340015    131072.00
  133103.615     0.999993     34340047    145635.56
  133169.151     0.999994     34340079    163840.00
  133234.687     0.999995     34340100    187245.71
  133300.223     0.999995     34340138    218453.33
  133300.223     0.999996     34340138    262144.00
  133365.759     0.999997     34340204    291271.11
  133365.759     0.999997     34340204    327680.00
  133365.759     0.999997     34340204    374491.43
  133365.759     0.999998     34340204    436906.67
  133365.759     0.999998     34340204    524288.00
  133431.295     0.999998     34340230    582542.22
  133431.295     0.999998     34340230    655360.00
  133431.295     0.999999     34340230    748982.86
  133431.295     0.999999     34340230    873813.33
  133496.831     0.999999     34340255   1048576.00
  133496.831     0.999999     34340255   1165084.44
  133496.831     0.999999     34340255   1310720.00
  133496.831     0.999999     34340255   1497965.71
  133496.831     0.999999     34340255   1747626.67
  133496.831     1.000000     34340255   2097152.00
  133496.831     1.000000     34340255   2330168.89
  133496.831     1.000000     34340255   2621440.00
  133496.831     1.000000     34340255   2995931.43
  133562.367     1.000000     34340265   3495253.33
  133562.367     1.000000     34340265          inf
#[Mean    =     7279.287, StdDeviation   =    15951.577]
#[Max     =   133496.832, Total count    =     34340265]
#[Buckets =           27, SubBuckets     =         2048]
----------------------------------------------------------
  34940153 requests in 10.00m, 5.40GB read
Requests/sec:  58232.95
Transfer/sec:      9.22MB
