Running 10m test @ http://localhost:9999/math/plus?x=1&y=2
  16 threads and 400 connections
  Thread calibration: mean lat.: 11.862ms, rate sampling interval: 21ms
  Thread calibration: mean lat.: 12.475ms, rate sampling interval: 25ms
  Thread calibration: mean lat.: 3.752ms, rate sampling interval: 17ms
  Thread calibration: mean lat.: 8.454ms, rate sampling interval: 20ms
  Thread calibration: mean lat.: 3.938ms, rate sampling interval: 18ms
  Thread calibration: mean lat.: 3.991ms, rate sampling interval: 20ms
  Thread calibration: mean lat.: 3.887ms, rate sampling interval: 17ms
  Thread calibration: mean lat.: 11.878ms, rate sampling interval: 22ms
  Thread calibration: mean lat.: 3.983ms, rate sampling interval: 19ms
  Thread calibration: mean lat.: 16.048ms, rate sampling interval: 24ms
  Thread calibration: mean lat.: 2.753ms, rate sampling interval: 12ms
  Thread calibration: mean lat.: 12.179ms, rate sampling interval: 21ms
  Thread calibration: mean lat.: 3.675ms, rate sampling interval: 17ms
  Thread calibration: mean lat.: 3.810ms, rate sampling interval: 17ms
  Thread calibration: mean lat.: 3.750ms, rate sampling interval: 16ms
  Thread calibration: mean lat.: 3.728ms, rate sampling interval: 17ms
  Thread Stats   Avg      Stdev     Max   +/- Stdev
    Latency     3.09ms   12.65ms   1.01s    97.13%
    Req/Sec     1.94k   428.98    15.19k    77.95%
  Latency Distribution (HdrHistogram - Recorded Latency)
 50.000%    1.44ms
 75.000%    2.91ms
 90.000%    6.16ms
 99.000%   23.52ms
 99.900%   40.29ms
 99.990%  768.00ms
 99.999%  976.90ms
100.000%    1.02s 

  Detailed Percentile spectrum:
       Value   Percentile   TotalCount 1/(1-Percentile)

       0.067     0.000000            1         1.00
       0.492     0.100000      1772694         1.11
       0.739     0.200000      3544173         1.25
       0.959     0.300000      5309145         1.43
       1.176     0.400000      7079971         1.67
       1.438     0.500000      8852686         2.00
       1.606     0.550000      9735642         2.22
       1.824     0.600000     10621169         2.50
       2.111     0.650000     11503747         2.86
       2.475     0.700000     12388374         3.33
       2.913     0.750000     13274125         4.00
       3.169     0.775000     13717563         4.44
       3.467     0.800000     14158104         5.00
       3.837     0.825000     14599922         5.71
       4.339     0.850000     15044030         6.67
       5.055     0.875000     15486010         8.00
       5.523     0.887500     15706316         8.89
       6.159     0.900000     15926843        10.00
       7.075     0.912500     16148258        11.43
       8.271     0.925000     16370500        13.33
       9.679     0.937500     16590964        16.00
      10.471     0.943750     16701265        17.78
      11.359     0.950000     16812397        20.00
      12.359     0.956250     16922384        22.86
      13.567     0.962500     17033018        26.67
      15.063     0.968750     17143984        32.00
      15.903     0.971875     17198903        35.56
      16.863     0.975000     17254769        40.00
      17.887     0.978125     17309666        45.71
      19.071     0.981250     17364870        53.33
      20.415     0.984375     17420187        64.00
      21.167     0.985938     17447754        71.11
      21.983     0.987500     17475570        80.00
      22.895     0.989062     17502968        91.43
      23.951     0.990625     17530721       106.67
      25.215     0.992188     17558309       128.00
      25.935     0.992969     17572067       142.22
      26.751     0.993750     17585988       160.00
      27.743     0.994531     17599686       182.86
      28.879     0.995313     17613536       213.33
      30.239     0.996094     17627385       256.00
      31.007     0.996484     17634281       284.44
      31.855     0.996875     17641137       320.00
      32.831     0.997266     17648096       365.71
      33.919     0.997656     17654994       426.67
      35.199     0.998047     17661966       512.00
      35.903     0.998242     17665390       568.89
      36.735     0.998437     17668783       640.00
      37.759     0.998633     17672279       731.43
      38.943     0.998828     17675703       853.33
      40.543     0.999023     17679209      1024.00
      41.599     0.999121     17680877      1137.78
      43.071     0.999219     17682622      1280.00
      44.735     0.999316     17684347      1462.86
      46.847     0.999414     17686060      1706.67
      50.207     0.999512     17687789      2048.00
      53.727     0.999561     17688651      2275.56
      85.439     0.999609     17689514      2560.00
     194.943     0.999658     17690378      2925.71
     321.535     0.999707     17691243      3413.33
     423.679     0.999756     17692111      4096.00
     482.559     0.999780     17692539      4551.11
     539.647     0.999805     17692973      5120.00
     596.479     0.999829     17693406      5851.43
     656.383     0.999854     17693836      6826.67
     718.335     0.999878     17694266      8192.00
     751.103     0.999890     17694483      9102.22
     771.071     0.999902     17694701     10240.00
     798.207     0.999915     17694915     11702.86
     828.415     0.999927     17695130     13653.33
     856.575     0.999939     17695356     16384.00
     870.911     0.999945     17695456     18204.44
     884.735     0.999951     17695568     20480.00
     901.119     0.999957     17695671     23405.71
     914.431     0.999963     17695778     27306.67
     928.255     0.999969     17695886     32768.00
     936.447     0.999973     17695942     36408.89
     943.103     0.999976     17695999     40960.00
     950.271     0.999979     17696050     46811.43
     956.415     0.999982     17696103     54613.33
     965.119     0.999985     17696158     65536.00
     968.191     0.999986     17696183     72817.78
     970.239     0.999988     17696210     81920.00
     975.871     0.999989     17696239     93622.86
     977.919     0.999991     17696264    109226.67
     982.527     0.999992     17696291    131072.00
     983.551     0.999993     17696309    145635.56
     985.599     0.999994     17696319    163840.00
     989.183     0.999995     17696339    187245.71
     990.207     0.999995     17696346    218453.33
     993.279     0.999996     17696360    262144.00
     994.303     0.999997     17696366    291271.11
     995.327     0.999997     17696373    327680.00
     996.351     0.999997     17696379    374491.43
     997.887     0.999998     17696386    436906.67
    1000.959     0.999998     17696394    524288.00
    1001.983     0.999998     17696396    582542.22
    1003.007     0.999998     17696399    655360.00
    1005.055     0.999999     17696403    748982.86
    1006.591     0.999999     17696406    873813.33
    1007.615     0.999999     17696412   1048576.00
    1007.615     0.999999     17696412   1165084.44
    1009.151     0.999999     17696414   1310720.00
    1010.175     0.999999     17696417   1497965.71
    1010.175     0.999999     17696417   1747626.67
    1010.687     1.000000     17696418   2097152.00
    1013.247     1.000000     17696421   2330168.89
    1013.247     1.000000     17696421   2621440.00
    1013.247     1.000000     17696421   2995931.43
    1013.247     1.000000     17696421   3495253.33
    1013.759     1.000000     17696422   4194304.00
    1014.271     1.000000     17696423   4660337.78
    1014.271     1.000000     17696423   5242880.00
    1014.783     1.000000     17696424   5991862.86
    1014.783     1.000000     17696424   6990506.67
    1014.783     1.000000     17696424   8388608.00
    1015.295     1.000000     17696426   9320675.55
    1015.295     1.000000     17696426          inf
#[Mean    =        3.093, StdDeviation   =       12.645]
#[Max     =     1014.784, Total count    =     17696426]
#[Buckets =           27, SubBuckets     =         2048]
----------------------------------------------------------
  17996183 requests in 10.00m, 2.78GB read
Requests/sec:  29993.35
Transfer/sec:      4.75MB
