Running 10m test @ http://localhost:9999/math/plus?x=1&y=2
  16 threads and 400 connections
  Thread calibration: mean lat.: 39.244ms, rate sampling interval: 26ms
  Thread calibration: mean lat.: 25.344ms, rate sampling interval: 23ms
  Thread calibration: mean lat.: 17.411ms, rate sampling interval: 23ms
  Thread calibration: mean lat.: 12.875ms, rate sampling interval: 20ms
  Thread calibration: mean lat.: 42.012ms, rate sampling interval: 27ms
  Thread calibration: mean lat.: 12.854ms, rate sampling interval: 20ms
  Thread calibration: mean lat.: 17.228ms, rate sampling interval: 22ms
  Thread calibration: mean lat.: 25.882ms, rate sampling interval: 22ms
  Thread calibration: mean lat.: 25.649ms, rate sampling interval: 23ms
  Thread calibration: mean lat.: 17.036ms, rate sampling interval: 21ms
  Thread calibration: mean lat.: 47.630ms, rate sampling interval: 30ms
  Thread calibration: mean lat.: 47.525ms, rate sampling interval: 31ms
  Thread calibration: mean lat.: 42.386ms, rate sampling interval: 25ms
  Thread calibration: mean lat.: 29.829ms, rate sampling interval: 23ms
  Thread calibration: mean lat.: 64.408ms, rate sampling interval: 280ms
  Thread calibration: mean lat.: 54.590ms, rate sampling interval: 51ms
  Thread Stats   Avg      Stdev     Max   +/- Stdev
    Latency     4.35ms    9.19ms   1.01s    97.44%
    Req/Sec   639.68    223.87     2.36k    58.53%
  Latency Distribution (HdrHistogram - Recorded Latency)
 50.000%    3.01ms
 75.000%    5.95ms
 90.000%    9.61ms
 99.000%   15.87ms
 99.900%   26.14ms
 99.990%  531.97ms
 99.999%  957.44ms
100.000%    1.01s 

  Detailed Percentile spectrum:
       Value   Percentile   TotalCount 1/(1-Percentile)

       0.090     0.000000            1         1.00
       0.889     0.100000       590211         1.11
       1.277     0.200000      1181027         1.25
       1.687     0.300000      1769681         1.43
       2.257     0.400000      2360565         1.67
       3.009     0.500000      2950628         2.00
       3.453     0.550000      3244758         2.22
       3.941     0.600000      3539976         2.50
       4.503     0.650000      3834501         2.86
       5.167     0.700000      4130641         3.33
       5.951     0.750000      4424910         4.00
       6.419     0.775000      4572340         4.44
       6.935     0.800000      4719180         5.00
       7.503     0.825000      4866680         5.71
       8.059     0.850000      5014008         6.67
       8.759     0.875000      5162276         8.00
       9.167     0.887500      5236305         8.89
       9.607     0.900000      5309388        10.00
      10.095     0.912500      5382626        11.43
      10.631     0.925000      5456616        13.33
      11.239     0.937500      5530416        16.00
      11.551     0.943750      5567458        17.78
      11.847     0.950000      5603781        20.00
      12.191     0.956250      5640598        22.86
      12.599     0.962500      5677658        26.67
      13.071     0.968750      5714894        32.00
      13.327     0.971875      5733016        35.56
      13.607     0.975000      5751344        40.00
      13.927     0.978125      5769616        45.71
      14.303     0.981250      5788309        53.33
      14.735     0.984375      5806749        64.00
      14.999     0.985938      5815816        71.11
      15.311     0.987500      5824906        80.00
      15.647     0.989062      5834119        91.43
      16.047     0.990625      5843480       106.67
      16.607     0.992188      5852738       128.00
      16.959     0.992969      5857183       142.22
      17.407     0.993750      5861793       160.00
      17.967     0.994531      5866432       182.86
      18.623     0.995313      5870987       213.33
      19.503     0.996094      5875629       256.00
      19.983     0.996484      5877974       284.44
      20.559     0.996875      5880212       320.00
      21.263     0.997266      5882526       365.71
      22.047     0.997656      5884821       426.67
      22.959     0.998047      5887107       512.00
      23.471     0.998242      5888283       568.89
      23.983     0.998437      5889414       640.00
      24.607     0.998633      5890573       731.43
      25.375     0.998828      5891724       853.33
      26.255     0.999023      5892882      1024.00
      26.751     0.999121      5893449      1137.78
      27.343     0.999219      5894030      1280.00
      27.951     0.999316      5894600      1462.86
      28.831     0.999414      5895177      1706.67
      30.079     0.999512      5895748      2048.00
      30.799     0.999561      5896037      2275.56
      31.647     0.999609      5896325      2560.00
      32.591     0.999658      5896612      2925.71
      34.079     0.999707      5896902      3413.33
      36.799     0.999756      5897187      4096.00
      39.903     0.999780      5897331      4551.11
      83.455     0.999805      5897475      5120.00
     197.503     0.999829      5897619      5851.43
     308.479     0.999854      5897763      6826.67
     422.655     0.999878      5897907      8192.00
     485.119     0.999890      5897979      9102.22
     543.231     0.999902      5898053     10240.00
     610.303     0.999915      5898123     11702.86
     657.407     0.999927      5898195     13653.33
     714.239     0.999939      5898267     16384.00
     742.399     0.999945      5898303     18204.44
     771.583     0.999951      5898339     20480.00
     805.887     0.999957      5898375     23405.71
     826.367     0.999963      5898412     27306.67
     863.231     0.999969      5898450     32768.00
     873.983     0.999973      5898465     36408.89
     892.415     0.999976      5898483     40960.00
     902.143     0.999979      5898502     46811.43
     915.967     0.999982      5898519     54613.33
     929.279     0.999985      5898537     65536.00
     941.567     0.999986      5898546     72817.78
     944.127     0.999988      5898556     81920.00
     951.807     0.999989      5898564     93622.86
     963.583     0.999991      5898573    109226.67
     971.263     0.999992      5898582    131072.00
     972.799     0.999993      5898587    145635.56
     975.359     0.999994      5898591    163840.00
     978.943     0.999995      5898596    187245.71
     983.039     0.999995      5898601    218453.33
     984.063     0.999996      5898606    262144.00
     984.575     0.999997      5898609    291271.11
     984.575     0.999997      5898609    327680.00
     990.207     0.999997      5898612    374491.43
     999.423     0.999998      5898614    436906.67
    1003.007     0.999998      5898617    524288.00
    1003.007     0.999998      5898617    582542.22
    1003.519     0.999998      5898619    655360.00
    1004.031     0.999999      5898621    748982.86
    1004.031     0.999999      5898621    873813.33
    1007.615     0.999999      5898622   1048576.00
    1007.615     0.999999      5898622   1165084.44
    1008.127     0.999999      5898623   1310720.00
    1009.151     0.999999      5898624   1497965.71
    1009.151     0.999999      5898624   1747626.67
    1012.223     1.000000      5898625   2097152.00
    1012.223     1.000000      5898625   2330168.89
    1012.223     1.000000      5898625   2621440.00
    1012.735     1.000000      5898626   2995931.43
    1012.735     1.000000      5898626   3495253.33
    1012.735     1.000000      5898626   4194304.00
    1012.735     1.000000      5898626   4660337.78
    1012.735     1.000000      5898626   5242880.00
    1014.783     1.000000      5898627   5991862.86
    1014.783     1.000000      5898627          inf
#[Mean    =        4.355, StdDeviation   =        9.190]
#[Max     =     1014.272, Total count    =      5898627]
#[Buckets =           27, SubBuckets     =         2048]
----------------------------------------------------------
  5999455 requests in 10.00m, 0.93GB read
Requests/sec:   9999.07
Transfer/sec:      1.58MB
