Running 10m test @ http://localhost:9999/math/plus?x=1&y=2
  16 threads and 400 connections
  Thread calibration: mean lat.: 47.422ms, rate sampling interval: 66ms
  Thread calibration: mean lat.: 6.972ms, rate sampling interval: 30ms
  Thread calibration: mean lat.: 17.028ms, rate sampling interval: 37ms
  Thread calibration: mean lat.: 26.946ms, rate sampling interval: 40ms
  Thread calibration: mean lat.: 33.605ms, rate sampling interval: 50ms
  Thread calibration: mean lat.: 7.045ms, rate sampling interval: 28ms
  Thread calibration: mean lat.: 8.694ms, rate sampling interval: 37ms
  Thread calibration: mean lat.: 38.133ms, rate sampling interval: 55ms
  Thread calibration: mean lat.: 8.664ms, rate sampling interval: 37ms
  Thread calibration: mean lat.: 8.082ms, rate sampling interval: 33ms
  Thread calibration: mean lat.: 22.498ms, rate sampling interval: 45ms
  Thread calibration: mean lat.: 52.262ms, rate sampling interval: 98ms
  Thread calibration: mean lat.: 23.136ms, rate sampling interval: 48ms
  Thread calibration: mean lat.: 53.113ms, rate sampling interval: 77ms
  Thread calibration: mean lat.: 57.897ms, rate sampling interval: 104ms
  Thread calibration: mean lat.: 9.672ms, rate sampling interval: 40ms
  Thread Stats   Avg      Stdev     Max   +/- Stdev
    Latency     8.45ms   26.04ms   1.65s    97.86%
    Req/Sec     3.81k   515.14     9.14k    76.44%
  Latency Distribution (HdrHistogram - Recorded Latency)
 50.000%    4.67ms
 75.000%    8.65ms
 90.000%   14.61ms
 99.000%   60.70ms
 99.900%  415.23ms
 99.990%  862.21ms
 99.999%    1.44s 
100.000%    1.65s 

  Detailed Percentile spectrum:
       Value   Percentile   TotalCount 1/(1-Percentile)

       0.055     0.000000            1         1.00
       1.223     0.100000      3542672         1.11
       1.911     0.200000      7080211         1.25
       2.699     0.300000     10625399         1.43
       3.607     0.400000     14161692         1.67
       4.671     0.500000     17702692         2.00
       5.271     0.550000     19476591         2.22
       5.939     0.600000     21238471         2.50
       6.687     0.650000     23008767         2.86
       7.583     0.700000     24783713         3.33
       8.647     0.750000     26553898         4.00
       9.255     0.775000     27434491         4.44
       9.975     0.800000     28323310         5.00
      10.783     0.825000     29203556         5.71
      11.775     0.850000     30087057         6.67
      12.999     0.875000     30974473         8.00
      13.735     0.887500     31414210         8.89
      14.607     0.900000     31858098        10.00
      15.655     0.912500     32299357        11.43
      16.943     0.925000     32743292        13.33
      18.607     0.937500     33187102        16.00
      19.647     0.943750     33406237        17.78
      20.895     0.950000     33626961        20.00
      22.431     0.956250     33847348        22.86
      24.415     0.962500     34069711        26.67
      27.135     0.968750     34290483        32.00
      28.927     0.971875     34400609        35.56
      31.167     0.975000     34510966        40.00
      34.047     0.978125     34622265        45.71
      37.855     0.981250     34732413        53.33
      43.103     0.984375     34842907        64.00
      46.527     0.985938     34898100        71.11
      50.847     0.987500     34953444        80.00
      56.447     0.989062     35008703        91.43
      64.095     0.990625     35063932       106.67
      75.583     0.992188     35119251       128.00
      83.647     0.992969     35146760       142.22
      94.463     0.993750     35174464       160.00
     108.927     0.994531     35202150       182.86
     128.447     0.995313     35229728       213.33
     154.239     0.996094     35257372       256.00
     171.135     0.996484     35271267       284.44
     190.847     0.996875     35285069       320.00
     214.655     0.997266     35298854       365.71
     244.863     0.997656     35312669       426.67
     282.623     0.998047     35326500       512.00
     303.871     0.998242     35333420       568.89
     325.631     0.998437     35340334       640.00
     350.207     0.998633     35347264       731.43
     380.415     0.998828     35354151       853.33
     419.839     0.999023     35361079      1024.00
     439.551     0.999121     35364544      1137.78
     462.079     0.999219     35367999      1280.00
     486.143     0.999316     35371427      1462.86
     513.023     0.999414     35374884      1706.67
     544.767     0.999512     35378380      2048.00
     561.151     0.999561     35380102      2275.56
     581.119     0.999609     35381833      2560.00
     603.135     0.999658     35383527      2925.71
     629.759     0.999707     35385253      3413.33
     660.479     0.999756     35386987      4096.00
     677.887     0.999780     35387872      4551.11
     697.343     0.999805     35388709      5120.00
     722.943     0.999829     35389576      5851.43
     756.735     0.999854     35390442      6826.67
     810.495     0.999878     35391306      8192.00
     840.191     0.999890     35391736      9102.22
     866.815     0.999902     35392169     10240.00
     893.951     0.999915     35392606     11702.86
     919.551     0.999927     35393030     13653.33
     962.559     0.999939     35393464     16384.00
     982.527     0.999945     35393681     18204.44
    1015.807     0.999951     35393896     20480.00
    1072.127     0.999957     35394110     23405.71
    1128.447     0.999963     35394329     27306.67
    1186.815     0.999969     35394546     32768.00
    1218.559     0.999973     35394652     36408.89
    1254.399     0.999976     35394759     40960.00
    1288.191     0.999979     35394869     46811.43
    1323.007     0.999982     35394974     54613.33
    1373.183     0.999985     35395082     65536.00
    1392.639     0.999986     35395138     72817.78
    1405.951     0.999988     35395191     81920.00
    1425.407     0.999989     35395245     93622.86
    1467.391     0.999991     35395300    109226.67
    1490.943     0.999992     35395352    131072.00
    1500.159     0.999993     35395383    145635.56
    1507.327     0.999994     35395406    163840.00
    1517.567     0.999995     35395434    187245.71
    1525.759     0.999995     35395460    218453.33
    1545.215     0.999996     35395490    262144.00
    1550.335     0.999997     35395501    291271.11
    1556.479     0.999997     35395514    327680.00
    1562.623     0.999997     35395529    374491.43
    1570.815     0.999998     35395541    436906.67
    1580.031     0.999998     35395556    524288.00
    1584.127     0.999998     35395564    582542.22
    1585.151     0.999998     35395568    655360.00
    1590.271     0.999999     35395577    748982.86
    1594.367     0.999999     35395585    873813.33
    1598.463     0.999999     35395592   1048576.00
    1598.463     0.999999     35395592   1165084.44
    1600.511     0.999999     35395595   1310720.00
    1604.607     0.999999     35395600   1497965.71
    1610.751     0.999999     35395603   1747626.67
    1618.943     1.000000     35395606   2097152.00
    1620.991     1.000000     35395607   2330168.89
    1627.135     1.000000     35395609   2621440.00
    1628.159     1.000000     35395611   2995931.43
    1630.207     1.000000     35395612   3495253.33
    1635.327     1.000000     35395614   4194304.00
    1636.351     1.000000     35395615   4660337.78
    1639.423     1.000000     35395617   5242880.00
    1639.423     1.000000     35395617   5991862.86
    1639.423     1.000000     35395617   6990506.67
    1640.447     1.000000     35395618   8388608.00
    1643.519     1.000000     35395619   9320675.55
    1643.519     1.000000     35395619  10485760.00
    1644.543     1.000000     35395620  11983725.71
    1644.543     1.000000     35395620  13981013.34
    1644.543     1.000000     35395620  16777216.00
    1645.567     1.000000     35395621  18641351.10
    1645.567     1.000000     35395621  20971519.98
    1645.567     1.000000     35395621  23967451.45
    1645.567     1.000000     35395621  27962026.68
    1645.567     1.000000     35395621  33554432.00
    1649.663     1.000000     35395622  37282702.28
    1649.663     1.000000     35395622          inf
#[Mean    =        8.454, StdDeviation   =       26.036]
#[Max     =     1648.640, Total count    =     35395622]
#[Buckets =           27, SubBuckets     =         2048]
----------------------------------------------------------
  35995780 requests in 10.00m, 5.56GB read
Requests/sec:  59992.82
Transfer/sec:      9.50MB
