Running 10m test @ http://localhost:9999/math/plus?x=1&y=2
  16 threads and 400 connections
  Thread calibration: mean lat.: 2.110ms, rate sampling interval: 10ms
  Thread calibration: mean lat.: 2.040ms, rate sampling interval: 10ms
  Thread calibration: mean lat.: 2.015ms, rate sampling interval: 10ms
  Thread calibration: mean lat.: 1.971ms, rate sampling interval: 10ms
  Thread calibration: mean lat.: 2.135ms, rate sampling interval: 10ms
  Thread calibration: mean lat.: 42.050ms, rate sampling interval: 19ms
  Thread calibration: mean lat.: 27.057ms, rate sampling interval: 16ms
  Thread calibration: mean lat.: 1.896ms, rate sampling interval: 10ms
  Thread calibration: mean lat.: 3.199ms, rate sampling interval: 13ms
  Thread calibration: mean lat.: 1.978ms, rate sampling interval: 10ms
  Thread calibration: mean lat.: 28.223ms, rate sampling interval: 18ms
  Thread calibration: mean lat.: 12.488ms, rate sampling interval: 13ms
  Thread calibration: mean lat.: 46.852ms, rate sampling interval: 22ms
  Thread calibration: mean lat.: 51.403ms, rate sampling interval: 23ms
  Thread calibration: mean lat.: 12.614ms, rate sampling interval: 15ms
  Thread calibration: mean lat.: 2.184ms, rate sampling interval: 10ms
  Thread Stats   Avg      Stdev     Max   +/- Stdev
    Latency     3.77ms   23.52ms   1.01s    99.83%
    Req/Sec   656.18    460.93     3.90k    67.22%
  Latency Distribution (HdrHistogram - Recorded Latency)
 50.000%    2.13ms
 75.000%    3.96ms
 90.000%    6.45ms
 99.000%   11.29ms
 99.900%  403.20ms
 99.990%  935.42ms
 99.999%  988.67ms
100.000%    1.01s 

  Detailed Percentile spectrum:
       Value   Percentile   TotalCount 1/(1-Percentile)

       0.081     0.000000            1         1.00
       0.736     0.100000       591146         1.11
       1.068     0.200000      1180079         1.25
       1.358     0.300000      1771476         1.43
       1.699     0.400000      2360132         1.67
       2.131     0.500000      2950073         2.00
       2.393     0.550000      3245439         2.22
       2.691     0.600000      3539536         2.50
       3.031     0.650000      3835028         2.86
       3.443     0.700000      4130149         3.33
       3.959     0.750000      4424464         4.00
       4.263     0.775000      4572865         4.44
       4.599     0.800000      4720385         5.00
       4.967     0.825000      4866695         5.71
       5.383     0.850000      5014998         6.67
       5.863     0.875000      5161743         8.00
       6.143     0.887500      5235811         8.89
       6.455     0.900000      5309534        10.00
       6.799     0.912500      5383168        11.43
       7.179     0.925000      5456928        13.33
       7.603     0.937500      5530608        16.00
       7.799     0.943750      5567558        17.78
       7.995     0.950000      5604252        20.00
       8.239     0.956250      5641108        22.86
       8.543     0.962500      5677772        26.67
       8.919     0.968750      5714661        32.00
       9.135     0.971875      5733264        35.56
       9.367     0.975000      5751315        40.00
       9.639     0.978125      5770102        45.71
       9.935     0.981250      5788177        53.33
      10.303     0.984375      5806732        64.00
      10.527     0.985938      5816053        71.11
      10.775     0.987500      5825000        80.00
      11.079     0.989062      5834277        91.43
      11.431     0.990625      5843395       106.67
      11.855     0.992188      5852681       128.00
      12.095     0.992969      5857294       142.22
      12.423     0.993750      5861860       160.00
      12.871     0.994531      5866502       182.86
      13.431     0.995313      5871048       213.33
      14.271     0.996094      5875686       256.00
      14.791     0.996484      5877957       284.44
      15.359     0.996875      5880262       320.00
      16.015     0.997266      5882558       365.71
      17.103     0.997656      5884880       426.67
      19.487     0.998047      5887174       512.00
      22.143     0.998242      5888322       568.89
      72.895     0.998437      5889470       640.00
     185.599     0.998633      5890622       731.43
     302.335     0.998828      5891783       853.33
     418.303     0.999023      5892930      1024.00
     475.391     0.999121      5893506      1137.78
     531.967     0.999219      5894078      1280.00
     588.799     0.999316      5894654      1462.86
     646.655     0.999414      5895231      1706.67
     703.487     0.999512      5895808      2048.00
     735.743     0.999561      5896099      2275.56
     761.855     0.999609      5896385      2560.00
     792.063     0.999658      5896670      2925.71
     819.711     0.999707      5896959      3413.33
     847.871     0.999756      5897250      4096.00
     862.207     0.999780      5897392      4551.11
     877.055     0.999805      5897541      5120.00
     892.927     0.999829      5897678      5851.43
     906.239     0.999854      5897824      6826.67
     919.551     0.999878      5897966      8192.00
     927.743     0.999890      5898043      9102.22
     936.447     0.999902      5898110     10240.00
     942.079     0.999915      5898183     11702.86
     948.223     0.999927      5898254     13653.33
     956.927     0.999939      5898333     16384.00
     958.463     0.999945      5898363     18204.44
     964.095     0.999951      5898402     20480.00
     966.655     0.999957      5898435     23405.71
     972.287     0.999963      5898474     27306.67
     976.383     0.999969      5898506     32768.00
     977.919     0.999973      5898526     36408.89
     979.455     0.999976      5898542     40960.00
     980.991     0.999979      5898564     46811.43
     982.527     0.999982      5898585     54613.33
     984.063     0.999985      5898599     65536.00
     985.087     0.999986      5898616     72817.78
     985.087     0.999988      5898616     81920.00
     987.135     0.999989      5898623     93622.86
     990.207     0.999991      5898634    109226.67
     993.791     0.999992      5898641    131072.00
     995.839     0.999993      5898649    145635.56
     996.351     0.999994      5898650    163840.00
     997.887     0.999995      5898655    187245.71
     999.935     0.999995      5898659    218453.33
    1001.471     0.999996      5898665    262144.00
    1002.495     0.999997      5898668    291271.11
    1002.495     0.999997      5898668    327680.00
    1005.055     0.999997      5898672    374491.43
    1005.567     0.999998      5898674    436906.67
    1006.079     0.999998      5898676    524288.00
    1006.079     0.999998      5898676    582542.22
    1007.615     0.999998      5898677    655360.00
    1009.663     0.999999      5898683    748982.86
    1009.663     0.999999      5898683    873813.33
    1009.663     0.999999      5898683   1048576.00
    1009.663     0.999999      5898683   1165084.44
    1009.663     0.999999      5898683   1310720.00
    1009.663     0.999999      5898683   1497965.71
    1009.663     0.999999      5898683   1747626.67
    1010.175     1.000000      5898685   2097152.00
    1010.175     1.000000      5898685   2330168.89
    1010.175     1.000000      5898685   2621440.00
    1010.175     1.000000      5898685   2995931.43
    1010.175     1.000000      5898685   3495253.33
    1010.175     1.000000      5898685   4194304.00
    1010.175     1.000000      5898685   4660337.78
    1010.175     1.000000      5898685   5242880.00
    1010.687     1.000000      5898686   5991862.86
    1010.687     1.000000      5898686          inf
#[Mean    =        3.767, StdDeviation   =       23.519]
#[Max     =     1010.176, Total count    =      5898686]
#[Buckets =           27, SubBuckets     =         2048]
----------------------------------------------------------
  5994737 requests in 10.00m, 0.93GB read
Requests/sec:   9991.26
Transfer/sec:      1.58MB
