Running 10m test @ http://localhost:9999/math/plus?x=1&y=2
  16 threads and 400 connections
  Thread calibration: mean lat.: 6.923ms, rate sampling interval: 29ms
  Thread calibration: mean lat.: 5.410ms, rate sampling interval: 23ms
  Thread calibration: mean lat.: 6.258ms, rate sampling interval: 26ms
  Thread calibration: mean lat.: 5.693ms, rate sampling interval: 23ms
  Thread calibration: mean lat.: 5.419ms, rate sampling interval: 22ms
  Thread calibration: mean lat.: 5.444ms, rate sampling interval: 23ms
  Thread calibration: mean lat.: 5.763ms, rate sampling interval: 24ms
  Thread calibration: mean lat.: 5.663ms, rate sampling interval: 23ms
  Thread calibration: mean lat.: 6.095ms, rate sampling interval: 26ms
  Thread calibration: mean lat.: 5.983ms, rate sampling interval: 25ms
  Thread calibration: mean lat.: 5.539ms, rate sampling interval: 23ms
  Thread calibration: mean lat.: 5.040ms, rate sampling interval: 21ms
  Thread calibration: mean lat.: 5.726ms, rate sampling interval: 24ms
  Thread calibration: mean lat.: 5.778ms, rate sampling interval: 24ms
  Thread calibration: mean lat.: 5.710ms, rate sampling interval: 23ms
  Thread calibration: mean lat.: 5.871ms, rate sampling interval: 25ms
  Thread Stats   Avg      Stdev     Max   +/- Stdev
    Latency   109.67ms  439.23ms  11.59s    96.21%
    Req/Sec     3.86k     0.93k   12.45k    72.56%
  Latency Distribution (HdrHistogram - Recorded Latency)
 50.000%   17.76ms
 75.000%   52.00ms
 90.000%  175.74ms
 99.000%    2.08s 
 99.900%    5.75s 
 99.990%   10.04s 
 99.999%   11.43s 
100.000%   11.60s 

  Detailed Percentile spectrum:
       Value   Percentile   TotalCount 1/(1-Percentile)

       0.057     0.000000            1         1.00
       3.517     0.100000      3541140         1.11
       6.183     0.200000      7078621         1.25
       9.127     0.300000     10624223         1.43
      12.751     0.400000     14156758         1.67
      17.759     0.500000     17693887         2.00
      21.199     0.550000     19469075         2.22
      25.615     0.600000     21238094         2.50
      31.535     0.650000     23005916         2.86
      39.839     0.700000     24776992         3.33
      51.999     0.750000     26542789         4.00
      60.415     0.775000     27427763         4.44
      71.231     0.800000     28312547         5.00
      85.567     0.825000     29198125         5.71
     105.023     0.850000     30080727         6.67
     132.863     0.875000     30966903         8.00
     151.679     0.887500     31407187         8.89
     175.743     0.900000     31850343        10.00
     206.847     0.912500     32292761        11.43
     248.831     0.925000     32733956        13.33
     309.247     0.937500     33176632        16.00
     349.951     0.943750     33398125        17.78
     401.663     0.950000     33619058        20.00
     468.479     0.956250     33840104        22.86
     556.031     0.962500     34061012        26.67
     680.959     0.968750     34282423        32.00
     761.855     0.971875     34392968        35.56
     864.767     0.975000     34503070        40.00
     994.815     0.978125     34613679        45.71
    1170.431     0.981250     34724407        53.33
    1398.783     0.984375     34834958        64.00
    1546.239     0.985938     34890082        71.11
    1731.583     0.987500     34945456        80.00
    1936.383     0.989062     35000807        91.43
    2181.119     0.990625     35055916       106.67
    2437.119     0.992188     35111425       128.00
    2592.767     0.992969     35139037       142.22
    2766.847     0.993750     35166443       160.00
    2947.071     0.994531     35194097       182.86
    3143.679     0.995313     35221810       213.33
    3389.439     0.996094     35249562       256.00
    3547.135     0.996484     35263326       284.44
    3729.407     0.996875     35277110       320.00
    3960.831     0.997266     35290929       365.71
    4227.071     0.997656     35304697       426.67
    4636.671     0.998047     35318542       512.00
    4808.703     0.998242     35325557       568.89
    5001.215     0.998437     35332398       640.00
    5189.631     0.998633     35339241       731.43
    5464.063     0.998828     35346168       853.33
    5779.455     0.999023     35353108      1024.00
    5939.199     0.999121     35356568      1137.78
    6180.863     0.999219     35360015      1280.00
    6488.063     0.999316     35363439      1462.86
    6995.967     0.999414     35366904      1706.67
    7737.343     0.999512     35370344      2048.00
    8237.055     0.999561     35372067      2275.56
    8527.871     0.999609     35373808      2560.00
    8691.711     0.999658     35375528      2925.71
    8847.359     0.999707     35377253      3413.33
    9166.847     0.999756     35378984      4096.00
    9388.031     0.999780     35379851      4551.11
    9592.831     0.999805     35380718      5120.00
    9732.095     0.999829     35381631      5851.43
    9814.015     0.999854     35382515      6826.67
    9904.127     0.999878     35383312      8192.00
    9986.047     0.999890     35383732      9102.22
   10051.583     0.999902     35384163     10240.00
   10141.695     0.999915     35384594     11702.86
   10338.303     0.999927     35385025     13653.33
   10756.095     0.999939     35385478     16384.00
   10813.439     0.999945     35385683     18204.44
   10878.975     0.999951     35385895     20480.00
   10944.511     0.999957     35386108     23405.71
   11018.239     0.999963     35386325     27306.67
   11067.391     0.999969     35386544     32768.00
   11100.159     0.999973     35386653     36408.89
   11132.927     0.999976     35386762     40960.00
   11173.887     0.999979     35386863     46811.43
   11247.615     0.999982     35386972     54613.33
   11304.959     0.999985     35387091     65536.00
   11337.727     0.999986     35387135     72817.78
   11378.687     0.999988     35387189     81920.00
   11411.455     0.999989     35387248     93622.86
   11427.839     0.999991     35387298    109226.67
   11444.223     0.999992     35387349    131072.00
   11452.415     0.999993     35387381    145635.56
   11460.607     0.999994     35387405    163840.00
   11476.991     0.999995     35387445    187245.71
   11485.183     0.999995     35387473    218453.33
   11493.375     0.999996     35387494    262144.00
   11493.375     0.999997     35387494    291271.11
   11509.759     0.999997     35387518    327680.00
   11517.951     0.999997     35387536    374491.43
   11517.951     0.999998     35387536    436906.67
   11526.143     0.999998     35387548    524288.00
   11542.527     0.999998     35387569    582542.22
   11542.527     0.999998     35387569    655360.00
   11542.527     0.999999     35387569    748982.86
   11550.719     0.999999     35387585    873813.33
   11550.719     0.999999     35387585   1048576.00
   11550.719     0.999999     35387585   1165084.44
   11558.911     0.999999     35387592   1310720.00
   11558.911     0.999999     35387592   1497965.71
   11567.103     0.999999     35387601   1747626.67
   11567.103     1.000000     35387601   2097152.00
   11567.103     1.000000     35387601   2330168.89
   11575.295     1.000000     35387607   2621440.00
   11575.295     1.000000     35387607   2995931.43
   11575.295     1.000000     35387607   3495253.33
   11575.295     1.000000     35387607   4194304.00
   11583.487     1.000000     35387609   4660337.78
   11583.487     1.000000     35387609   5242880.00
   11591.679     1.000000     35387614   5991862.86
   11591.679     1.000000     35387614   6990506.67
   11591.679     1.000000     35387614   8388608.00
   11591.679     1.000000     35387614   9320675.55
   11591.679     1.000000     35387614  10485760.00
   11591.679     1.000000     35387614  11983725.71
   11591.679     1.000000     35387614  13981013.34
   11591.679     1.000000     35387614  16777216.00
   11591.679     1.000000     35387614  18641351.10
   11591.679     1.000000     35387614  20971519.98
   11591.679     1.000000     35387614  23967451.45
   11591.679     1.000000     35387614  27962026.68
   11591.679     1.000000     35387614  33554432.00
   11599.871     1.000000     35387615  37282702.28
   11599.871     1.000000     35387615          inf
#[Mean    =      109.675, StdDeviation   =      439.226]
#[Max     =    11591.680, Total count    =     35387615]
#[Buckets =           27, SubBuckets     =         2048]
----------------------------------------------------------
  35987154 requests in 10.00m, 5.56GB read
Requests/sec:  59978.73
Transfer/sec:      9.50MB
