Running 10m test @ http://localhost:9999/math/plus?x=1&y=2
  16 threads and 400 connections
  Thread calibration: mean lat.: 7.943ms, rate sampling interval: 34ms
  Thread calibration: mean lat.: 8.335ms, rate sampling interval: 36ms
  Thread calibration: mean lat.: 7.494ms, rate sampling interval: 30ms
  Thread calibration: mean lat.: 8.481ms, rate sampling interval: 37ms
  Thread calibration: mean lat.: 8.196ms, rate sampling interval: 35ms
  Thread calibration: mean lat.: 8.723ms, rate sampling interval: 38ms
  Thread calibration: mean lat.: 8.882ms, rate sampling interval: 38ms
  Thread calibration: mean lat.: 8.454ms, rate sampling interval: 36ms
  Thread calibration: mean lat.: 7.668ms, rate sampling interval: 33ms
  Thread calibration: mean lat.: 8.133ms, rate sampling interval: 36ms
  Thread calibration: mean lat.: 8.885ms, rate sampling interval: 37ms
  Thread calibration: mean lat.: 8.273ms, rate sampling interval: 36ms
  Thread calibration: mean lat.: 8.002ms, rate sampling interval: 35ms
  Thread calibration: mean lat.: 8.596ms, rate sampling interval: 36ms
  Thread calibration: mean lat.: 8.564ms, rate sampling interval: 37ms
  Thread calibration: mean lat.: 7.859ms, rate sampling interval: 33ms
  Thread Stats   Avg      Stdev     Max   +/- Stdev
    Latency    16.43ms   60.38ms   1.88s    97.64%
    Req/Sec     3.82k   624.59    11.53k    73.86%
  Latency Distribution (HdrHistogram - Recorded Latency)
 50.000%    6.80ms
 75.000%   12.67ms
 90.000%   22.83ms
 99.000%  251.39ms
 99.900%  890.88ms
 99.990%    1.36s 
 99.999%    1.67s 
100.000%    1.88s 

  Detailed Percentile spectrum:
       Value   Percentile   TotalCount 1/(1-Percentile)

       0.052     0.000000            2         1.00
       1.665     0.100000      3539880         1.11
       2.797     0.200000      7084304         1.25
       4.003     0.300000     10622053         1.43
       5.307     0.400000     14162307         1.67
       6.795     0.500000     17702380         2.00
       7.663     0.550000     19465997         2.22
       8.639     0.600000     21241168         2.50
       9.751     0.650000     23005103         2.86
      11.071     0.700000     24782755         3.33
      12.671     0.750000     26548501         4.00
      13.631     0.775000     27430654         4.44
      14.767     0.800000     28317897         5.00
      16.127     0.825000     29202578         5.71
      17.791     0.850000     30085560         6.67
      19.903     0.875000     30970979         8.00
      21.231     0.887500     31412859         8.89
      22.831     0.900000     31855177        10.00
      24.799     0.912500     32297105        11.43
      27.295     0.925000     32737792        13.33
      30.767     0.937500     33180606        16.00
      33.087     0.943750     33403396        17.78
      35.999     0.950000     33622947        20.00
      39.935     0.956250     33845302        22.86
      45.567     0.962500     34065122        26.67
      54.463     0.968750     34286327        32.00
      61.247     0.971875     34397046        35.56
      70.975     0.975000     34507965        40.00
      85.375     0.978125     34618216        45.71
     107.135     0.981250     34728581        53.33
     140.671     0.984375     34839499        64.00
     163.839     0.985938     34894577        71.11
     192.767     0.987500     34949964        80.00
     227.455     0.989062     35005268        91.43
     269.055     0.990625     35060392       106.67
     320.767     0.992188     35115792       128.00
     350.719     0.992969     35143564       142.22
     383.743     0.993750     35171103       160.00
     421.375     0.994531     35198638       182.86
     465.407     0.995313     35226363       213.33
     520.191     0.996094     35254025       256.00
     551.935     0.996484     35267862       284.44
     589.311     0.996875     35281704       320.00
     631.807     0.997266     35295425       365.71
     677.375     0.997656     35309335       426.67
     724.991     0.998047     35323109       512.00
     751.615     0.998242     35330075       568.89
     780.799     0.998437     35336916       640.00
     811.519     0.998633     35343798       731.43
     850.431     0.998828     35350773       853.33
     897.023     0.999023     35357634      1024.00
     921.599     0.999121     35361094      1137.78
     949.759     0.999219     35364535      1280.00
     982.015     0.999316     35368004      1462.86
    1019.903     0.999414     35371472      1706.67
    1061.887     0.999512     35374963      2048.00
    1085.439     0.999561     35376652      2275.56
    1113.087     0.999609     35378415      2560.00
    1140.735     0.999658     35380107      2925.71
    1174.527     0.999707     35381846      3413.33
    1212.415     0.999756     35383571      4096.00
    1232.895     0.999780     35384441      4551.11
    1256.447     0.999805     35385284      5120.00
    1284.095     0.999829     35386164      5851.43
    1306.623     0.999854     35387011      6826.67
    1332.223     0.999878     35387876      8192.00
    1345.535     0.999890     35388305      9102.22
    1359.871     0.999902     35388734     10240.00
    1375.231     0.999915     35389158     11702.86
    1389.567     0.999927     35389609     13653.33
    1411.071     0.999939     35390030     16384.00
    1426.431     0.999945     35390241     18204.44
    1441.791     0.999951     35390453     20480.00
    1461.247     0.999957     35390668     23405.71
    1495.039     0.999963     35390884     27306.67
    1547.263     0.999969     35391101     32768.00
    1558.527     0.999973     35391209     36408.89
    1569.791     0.999976     35391319     40960.00
    1582.079     0.999979     35391427     46811.43
    1598.463     0.999982     35391534     54613.33
    1618.943     0.999985     35391639     65536.00
    1630.207     0.999986     35391696     72817.78
    1642.495     0.999988     35391750     81920.00
    1662.975     0.999989     35391804     93622.86
    1678.335     0.999991     35391856    109226.67
    1695.743     0.999992     35391914    131072.00
    1700.863     0.999993     35391940    145635.56
    1708.031     0.999994     35391965    163840.00
    1720.319     0.999995     35391989    187245.71
    1728.511     0.999995     35392017    218453.33
    1736.703     0.999996     35392045    262144.00
    1740.799     0.999997     35392060    291271.11
    1744.895     0.999997     35392074    327680.00
    1747.967     0.999997     35392085    374491.43
    1759.231     0.999998     35392097    436906.67
    1791.999     0.999998     35392111    524288.00
    1801.215     0.999998     35392118    582542.22
    1817.599     0.999998     35392125    655360.00
    1836.031     0.999999     35392132    748982.86
    1839.103     0.999999     35392138    873813.33
    1845.247     0.999999     35392145   1048576.00
    1849.343     0.999999     35392148   1165084.44
    1853.439     0.999999     35392151   1310720.00
    1860.607     0.999999     35392155   1497965.71
    1862.655     0.999999     35392158   1747626.67
    1867.775     1.000000     35392163   2097152.00
    1867.775     1.000000     35392163   2330168.89
    1869.823     1.000000     35392166   2621440.00
    1873.919     1.000000     35392167   2995931.43
    1874.943     1.000000     35392168   3495253.33
    1875.967     1.000000     35392170   4194304.00
    1876.991     1.000000     35392171   4660337.78
    1878.015     1.000000     35392173   5242880.00
    1878.015     1.000000     35392173   5991862.86
    1878.015     1.000000     35392173   6990506.67
    1879.039     1.000000     35392174   8388608.00
    1880.063     1.000000     35392175   9320675.55
    1880.063     1.000000     35392175  10485760.00
    1881.087     1.000000     35392177  11983725.71
    1881.087     1.000000     35392177  13981013.34
    1881.087     1.000000     35392177  16777216.00
    1881.087     1.000000     35392177  18641351.10
    1881.087     1.000000     35392177  20971519.98
    1881.087     1.000000     35392177  23967451.45
    1881.087     1.000000     35392177  27962026.68
    1881.087     1.000000     35392177  33554432.00
    1883.135     1.000000     35392178  37282702.28
    1883.135     1.000000     35392178          inf
#[Mean    =       16.431, StdDeviation   =       60.381]
#[Max     =     1882.112, Total count    =     35392178]
#[Buckets =           27, SubBuckets     =         2048]
----------------------------------------------------------
  35995774 requests in 10.00m, 5.56GB read
Requests/sec:  59992.90
Transfer/sec:      9.50MB
