Running 10m test @ http://localhost:9999/math/plus?x=1&y=2
  16 threads and 400 connections
  Thread calibration: mean lat.: 2.987ms, rate sampling interval: 11ms
  Thread calibration: mean lat.: 41.046ms, rate sampling interval: 18ms
  Thread calibration: mean lat.: 3.074ms, rate sampling interval: 10ms
  Thread calibration: mean lat.: 11.038ms, rate sampling interval: 12ms
  Thread calibration: mean lat.: 36.683ms, rate sampling interval: 18ms
  Thread calibration: mean lat.: 27.444ms, rate sampling interval: 15ms
  Thread calibration: mean lat.: 31.236ms, rate sampling interval: 14ms
  Thread calibration: mean lat.: 7.148ms, rate sampling interval: 11ms
  Thread calibration: mean lat.: 61.869ms, rate sampling interval: 270ms
  Thread calibration: mean lat.: 11.343ms, rate sampling interval: 12ms
  Thread calibration: mean lat.: 1.863ms, rate sampling interval: 10ms
  Thread calibration: mean lat.: 11.036ms, rate sampling interval: 11ms
  Thread calibration: mean lat.: 7.088ms, rate sampling interval: 11ms
  Thread calibration: mean lat.: 2.903ms, rate sampling interval: 10ms
  Thread calibration: mean lat.: 23.504ms, rate sampling interval: 14ms
  Thread calibration: mean lat.: 45.487ms, rate sampling interval: 24ms
  Thread Stats   Avg      Stdev     Max   +/- Stdev
    Latency     3.70ms   15.79ms   1.01s    99.49%
    Req/Sec     3.29k   846.85    17.11k    77.22%
  Latency Distribution (HdrHistogram - Recorded Latency)
 50.000%    2.33ms
 75.000%    4.12ms
 90.000%    6.75ms
 99.000%   15.22ms
 99.900%  129.02ms
 99.990%  849.92ms
 99.999%  989.18ms
100.000%    1.01s 

  Detailed Percentile spectrum:
       Value   Percentile   TotalCount 1/(1-Percentile)

       0.069     0.000000            1         1.00
       0.792     0.100000      2952508         1.11
       1.153     0.200000      5899810         1.25
       1.495     0.300000      8849050         1.43
       1.872     0.400000     11798697         1.67
       2.329     0.500000     14748938         2.00
       2.603     0.550000     16228922         2.22
       2.909     0.600000     17696561         2.50
       3.257     0.650000     19171077         2.86
       3.653     0.700000     20652604         3.33
       4.119     0.750000     22120541         4.00
       4.399     0.775000     22866017         4.44
       4.711     0.800000     23598773         5.00
       5.083     0.825000     24334918         5.71
       5.527     0.850000     25073160         6.67
       6.067     0.875000     25809693         8.00
       6.395     0.887500     26176843         8.89
       6.751     0.900000     26544363        10.00
       7.171     0.912500     26915603        11.43
       7.619     0.925000     27284727        13.33
       8.099     0.937500     27651558        16.00
       8.431     0.943750     27837271        17.78
       8.823     0.950000     28021576        20.00
       9.303     0.956250     28204803        22.86
       9.863     0.962500     28388793        26.67
      10.559     0.968750     28573151        32.00
      10.935     0.971875     28664273        35.56
      11.367     0.975000     28756943        40.00
      11.783     0.978125     28849118        45.71
      12.335     0.981250     28941670        53.33
      13.095     0.984375     29033183        64.00
      13.591     0.985938     29079507        71.11
      14.143     0.987500     29125050        80.00
      14.783     0.989062     29171308        91.43
      15.519     0.990625     29217205       106.67
      16.335     0.992188     29263351       128.00
      16.991     0.992969     29286426       142.22
      17.839     0.993750     29309448       160.00
      18.879     0.994531     29332638       182.86
      20.063     0.995313     29355442       213.33
      22.175     0.996094     29378529       256.00
      23.663     0.996484     29390064       284.44
      25.999     0.996875     29401528       320.00
      29.999     0.997266     29413031       365.71
      37.439     0.997656     29424545       426.67
      50.591     0.998047     29436058       512.00
      59.807     0.998242     29441815       568.89
      70.975     0.998437     29447569       640.00
      84.927     0.998633     29453333       731.43
     104.447     0.998828     29459097       853.33
     133.119     0.999023     29464870      1024.00
     152.319     0.999121     29467740      1137.78
     174.463     0.999219     29470611      1280.00
     201.343     0.999316     29473486      1462.86
     238.847     0.999414     29476368      1706.67
     299.263     0.999512     29479254      2048.00
     346.623     0.999561     29480688      2275.56
     404.223     0.999609     29482129      2560.00
     475.647     0.999658     29483570      2925.71
     548.351     0.999707     29485016      3413.33
     624.639     0.999756     29486451      4096.00
     667.135     0.999780     29487173      4551.11
     707.583     0.999805     29487888      5120.00
     749.567     0.999829     29488613      5851.43
     784.383     0.999854     29489339      6826.67
     816.639     0.999878     29490057      8192.00
     833.023     0.999890     29490409      9102.22
     853.503     0.999902     29490775     10240.00
     873.983     0.999915     29491132     11702.86
     890.879     0.999927     29491492     13653.33
     910.847     0.999939     29491854     16384.00
     921.599     0.999945     29492028     18204.44
     930.815     0.999951     29492209     20480.00
     939.519     0.999957     29492389     23405.71
     947.711     0.999963     29492568     27306.67
     957.439     0.999969     29492757     32768.00
     961.535     0.999973     29492841     36408.89
     966.655     0.999976     29492931     40960.00
     972.287     0.999979     29493024     46811.43
     976.383     0.999982     29493112     54613.33
     981.503     0.999985     29493204     65536.00
     983.039     0.999986     29493255     72817.78
     985.599     0.999988     29493289     81920.00
     987.647     0.999989     29493337     93622.86
     990.207     0.999991     29493381    109226.67
     992.255     0.999992     29493429    131072.00
     993.279     0.999993     29493449    145635.56
     994.303     0.999994     29493474    163840.00
     995.327     0.999995     29493502    187245.71
     995.839     0.999995     29493512    218453.33
     997.887     0.999996     29493536    262144.00
     998.399     0.999997     29493550    291271.11
     998.911     0.999997     29493566    327680.00
     999.423     0.999997     29493576    374491.43
     999.935     0.999998     29493581    436906.67
    1000.959     0.999998     29493600    524288.00
    1000.959     0.999998     29493600    582542.22
    1001.471     0.999998     29493609    655360.00
    1001.471     0.999999     29493609    748982.86
    1002.495     0.999999     29493624    873813.33
    1002.495     0.999999     29493624   1048576.00
    1002.495     0.999999     29493624   1165084.44
    1003.007     0.999999     29493636   1310720.00
    1003.007     0.999999     29493636   1497965.71
    1003.007     0.999999     29493636   1747626.67
    1003.007     1.000000     29493636   2097152.00
    1003.007     1.000000     29493636   2330168.89
    1003.007     1.000000     29493636   2621440.00
    1003.519     1.000000     29493638   2995931.43
    1004.031     1.000000     29493641   3495253.33
    1004.031     1.000000     29493641   4194304.00
    1004.031     1.000000     29493641   4660337.78
    1005.055     1.000000     29493643   5242880.00
    1005.055     1.000000     29493643   5991862.86
    1005.055     1.000000     29493643   6990506.67
    1005.567     1.000000     29493644   8388608.00
    1005.567     1.000000     29493644   9320675.55
    1006.079     1.000000     29493646  10485760.00
    1006.079     1.000000     29493646  11983725.71
    1006.079     1.000000     29493646  13981013.34
    1006.079     1.000000     29493646  16777216.00
    1006.079     1.000000     29493646  18641351.10
    1006.079     1.000000     29493646  20971519.98
    1006.079     1.000000     29493646  23967451.45
    1006.079     1.000000     29493646  27962026.68
    1009.663     1.000000     29493647  33554432.00
    1009.663     1.000000     29493647          inf
#[Mean    =        3.696, StdDeviation   =       15.793]
#[Max     =     1009.152, Total count    =     29493647]
#[Buckets =           27, SubBuckets     =         2048]
----------------------------------------------------------
  29993538 requests in 10.00m, 4.64GB read
Requests/sec:  49989.33
Transfer/sec:      7.91MB
