Running 10m test @ http://localhost:9999/math/plus?x=1&y=2
  16 threads and 400 connections
  Thread calibration: mean lat.: 138.894ms, rate sampling interval: 797ms
  Thread calibration: mean lat.: 244.562ms, rate sampling interval: 1321ms
  Thread calibration: mean lat.: 186.874ms, rate sampling interval: 983ms
  Thread calibration: mean lat.: 303.962ms, rate sampling interval: 1699ms
  Thread calibration: mean lat.: 202.932ms, rate sampling interval: 1306ms
  Thread calibration: mean lat.: 346.878ms, rate sampling interval: 2144ms
  Thread calibration: mean lat.: 237.745ms, rate sampling interval: 1404ms
  Thread calibration: mean lat.: 169.181ms, rate sampling interval: 968ms
  Thread calibration: mean lat.: 216.031ms, rate sampling interval: 1257ms
  Thread calibration: mean lat.: 188.458ms, rate sampling interval: 1061ms
  Thread calibration: mean lat.: 380.747ms, rate sampling interval: 2062ms
  Thread calibration: mean lat.: 284.403ms, rate sampling interval: 1430ms
  Thread calibration: mean lat.: 309.300ms, rate sampling interval: 1899ms
  Thread calibration: mean lat.: 272.288ms, rate sampling interval: 1673ms
  Thread calibration: mean lat.: 243.970ms, rate sampling interval: 1463ms
  Thread calibration: mean lat.: 259.188ms, rate sampling interval: 1624ms
  Thread Stats   Avg      Stdev     Max   +/- Stdev
    Latency     6.39s    14.98s    2.45m    90.12%
    Req/Sec     4.29k   335.16     6.39k    70.86%
  Latency Distribution (HdrHistogram - Recorded Latency)
 50.000%  528.38ms
 75.000%    3.80s 
 90.000%   21.10s 
 99.000%    1.26m 
 99.900%    1.96m 
 99.990%    2.36m 
 99.999%    2.44m 
100.000%    2.45m 

  Detailed Percentile spectrum:
       Value   Percentile   TotalCount 1/(1-Percentile)

       0.072     0.000000            3         1.00
      27.023     0.100000      4037121         1.11
      73.279     0.200000      8075531         1.25
     150.655     0.300000     12115092         1.43
     283.391     0.400000     16151774         1.67
     528.383     0.500000     20188033         2.00
     731.135     0.550000     22202890         2.22
    1031.679     0.600000     24221493         2.50
    1502.207     0.650000     26241655         2.86
    2312.191     0.700000     28261109         3.33
    3796.991     0.750000     30278454         4.00
    5005.311     0.775000     31287380         4.44
    6537.215     0.800000     32297462         5.00
    8560.639     0.825000     33306487         5.71
   11476.991     0.850000     34313673         6.67
   15794.175     0.875000     35324359         8.00
   18268.159     0.887500     35830009         8.89
   21102.591     0.900000     36333514        10.00
   23953.407     0.912500     36836753        11.43
   27983.871     0.925000     37342009        13.33
   33013.759     0.937500     37846977        16.00
   35520.511     0.943750     38101616        17.78
   37879.807     0.950000     38353049        20.00
   41287.679     0.956250     38604795        22.86
   44957.695     0.962500     38855475        26.67
   49217.535     0.968750     39109182        32.00
   51380.223     0.971875     39234307        35.56
   53837.823     0.975000     39360838        40.00
   56557.567     0.978125     39486953        45.71
   60489.727     0.981250     39612525        53.33
   65110.015     0.984375     39738435        64.00
   67436.543     0.985938     39801668        71.11
   70254.591     0.987500     39865814        80.00
   73203.711     0.989062     39928163        91.43
   77660.159     0.990625     39990896       106.67
   81788.927     0.992188     40053630       128.00
   84279.295     0.992969     40085587       142.22
   86310.911     0.993750     40117197       160.00
   89391.103     0.994531     40148397       182.86
   91881.471     0.995313     40180057       213.33
   94109.695     0.996094     40211531       256.00
   96600.063     0.996484     40227003       284.44
   99352.575     0.996875     40243145       320.00
  102367.231     0.997266     40258578       365.71
  106495.999     0.997656     40274365       426.67
  110166.015     0.998047     40290357       512.00
  111214.591     0.998242     40298022       568.89
  113115.135     0.998437     40305834       640.00
  114819.071     0.998633     40313710       731.43
  116588.543     0.998828     40321663       853.33
  118095.871     0.999023     40329698      1024.00
  119013.375     0.999121     40333503      1137.78
  120127.487     0.999219     40337442      1280.00
  121503.743     0.999316     40341306      1462.86
  122486.783     0.999414     40345519      1706.67
  123731.967     0.999512     40349241      2048.00
  124649.471     0.999561     40351238      2275.56
  125763.583     0.999609     40353180      2560.00
  126943.231     0.999658     40355125      2925.71
  132841.471     0.999707     40357067      3413.33
  136839.167     0.999756     40359074      4096.00
  138018.815     0.999780     40360018      4551.11
  139591.679     0.999805     40361096      5120.00
  140115.967     0.999829     40362138      5851.43
  140509.183     0.999854     40363297      6826.67
  140902.399     0.999878     40363975      8192.00
  141295.615     0.999890     40364473      9102.22
  141819.903     0.999902     40364998     10240.00
  142213.119     0.999915     40365505     11702.86
  142868.479     0.999927     40366005     13653.33
  143654.911     0.999939     40366443     16384.00
  144310.271     0.999945     40366674     18204.44
  144703.487     0.999951     40367034     20480.00
  144834.559     0.999957     40367219     23405.71
  145227.775     0.999963     40367453     27306.67
  145620.991     0.999969     40367811     32768.00
  145620.991     0.999973     40367811     36408.89
  145752.063     0.999976     40367981     40960.00
  145883.135     0.999979     40368119     46811.43
  146014.207     0.999982     40368232     54613.33
  146145.279     0.999985     40368384     65536.00
  146145.279     0.999986     40368384     72817.78
  146276.351     0.999988     40368498     81920.00
  146276.351     0.999989     40368498     93622.86
  146407.423     0.999991     40368572    109226.67
  146538.495     0.999992     40368658    131072.00
  146538.495     0.999993     40368658    145635.56
  146538.495     0.999994     40368658    163840.00
  146669.567     0.999995     40368744    187245.71
  146669.567     0.999995     40368744    218453.33
  146669.567     0.999996     40368744    262144.00
  146669.567     0.999997     40368744    291271.11
  146800.639     0.999997     40368838    327680.00
  146800.639     0.999997     40368838    374491.43
  146800.639     0.999998     40368838    436906.67
  146800.639     0.999998     40368838    524288.00
  146800.639     0.999998     40368838    582542.22
  146800.639     0.999998     40368838    655360.00
  146800.639     0.999999     40368838    748982.86
  146800.639     0.999999     40368838    873813.33
  146931.711     0.999999     40368882   1048576.00
  146931.711     1.000000     40368882          inf
#[Mean    =     6392.751, StdDeviation   =    14981.926]
#[Max     =   146800.640, Total count    =     40368882]
#[Buckets =           27, SubBuckets     =         2048]
----------------------------------------------------------
  41038734 requests in 10.00m, 6.34GB read
Requests/sec:  68397.58
Transfer/sec:     10.83MB
