Running 10m test @ http://localhost:9999/math/plus?x=1&y=2
  16 threads and 400 connections
  Thread calibration: mean lat.: 3.575ms, rate sampling interval: 13ms
  Thread calibration: mean lat.: 11.927ms, rate sampling interval: 14ms
  Thread calibration: mean lat.: 3.685ms, rate sampling interval: 14ms
  Thread calibration: mean lat.: 28.763ms, rate sampling interval: 18ms
  Thread calibration: mean lat.: 24.149ms, rate sampling interval: 15ms
  Thread calibration: mean lat.: 3.334ms, rate sampling interval: 13ms
  Thread calibration: mean lat.: 20.511ms, rate sampling interval: 17ms
  Thread calibration: mean lat.: 3.574ms, rate sampling interval: 13ms
  Thread calibration: mean lat.: 3.937ms, rate sampling interval: 15ms
  Thread calibration: mean lat.: 3.628ms, rate sampling interval: 13ms
  Thread calibration: mean lat.: 4.105ms, rate sampling interval: 13ms
  Thread calibration: mean lat.: 3.541ms, rate sampling interval: 14ms
  Thread calibration: mean lat.: 3.583ms, rate sampling interval: 13ms
  Thread calibration: mean lat.: 3.196ms, rate sampling interval: 12ms
  Thread calibration: mean lat.: 20.186ms, rate sampling interval: 15ms
  Thread calibration: mean lat.: 20.311ms, rate sampling interval: 16ms
  Thread Stats   Avg      Stdev     Max   +/- Stdev
    Latency     5.31ms   15.79ms   1.01s    98.55%
    Req/Sec     3.27k   848.72    12.73k    74.55%
  Latency Distribution (HdrHistogram - Recorded Latency)
 50.000%    3.39ms
 75.000%    6.16ms
 90.000%    9.99ms
 99.000%   24.48ms
 99.900%  192.13ms
 99.990%  778.75ms
 99.999%  985.09ms
100.000%    1.01s 

  Detailed Percentile spectrum:
       Value   Percentile   TotalCount 1/(1-Percentile)

       0.063     0.000000            1         1.00
       0.968     0.100000      2951901         1.11
       1.464     0.200000      5901630         1.25
       1.991     0.300000      8851852         1.43
       2.627     0.400000     11803055         1.67
       3.393     0.500000     14749781         2.00
       3.831     0.550000     16226783         2.22
       4.311     0.600000     17704537         2.50
       4.843     0.650000     19173208         2.86
       5.455     0.700000     20646881         3.33
       6.159     0.750000     22121763         4.00
       6.575     0.775000     22863027         4.44
       7.039     0.800000     23599519         5.00
       7.535     0.825000     24333682         5.71
       8.139     0.850000     25072116         6.67
       8.943     0.875000     25808992         8.00
       9.439     0.887500     26177666         8.89
       9.991     0.900000     26546808        10.00
      10.647     0.912500     26913043        11.43
      11.399     0.925000     27281882        13.33
      12.247     0.937500     27651434        16.00
      12.799     0.943750     27836399        17.78
      13.415     0.950000     28020202        20.00
      14.095     0.956250     28204683        22.86
      14.927     0.962500     28388616        26.67
      15.831     0.968750     28573230        32.00
      16.431     0.971875     28664522        35.56
      17.199     0.975000     28757289        40.00
      18.095     0.978125     28848683        45.71
      19.199     0.981250     28940809        53.33
      20.511     0.984375     29033282        64.00
      21.391     0.985938     29079176        71.11
      22.399     0.987500     29125326        80.00
      23.583     0.989062     29171161        91.43
      25.247     0.990625     29217384       106.67
      27.599     0.992188     29263274       128.00
      29.231     0.992969     29286368       142.22
      31.359     0.993750     29309297       160.00
      34.399     0.994531     29332389       182.86
      39.007     0.995313     29355365       213.33
      46.559     0.996094     29378443       256.00
      52.287     0.996484     29389939       284.44
      60.127     0.996875     29401463       320.00
      70.847     0.997266     29412967       365.71
      85.183     0.997656     29424539       426.67
     104.319     0.998047     29436028       512.00
     116.863     0.998242     29441779       568.89
     131.007     0.998437     29447541       640.00
     148.095     0.998633     29453313       731.43
     169.087     0.998828     29459058       853.33
     195.583     0.999023     29464810      1024.00
     210.943     0.999121     29467708      1137.78
     229.375     0.999219     29470573      1280.00
     252.159     0.999316     29473461      1462.86
     281.087     0.999414     29476337      1706.67
     317.951     0.999512     29479220      2048.00
     339.199     0.999561     29480650      2275.56
     364.031     0.999609     29482089      2560.00
     401.151     0.999658     29483529      2925.71
     444.159     0.999707     29484979      3413.33
     500.479     0.999756     29486414      4096.00
     536.063     0.999780     29487133      4551.11
     573.951     0.999805     29487856      5120.00
     622.079     0.999829     29488570      5851.43
     670.207     0.999854     29489289      6826.67
     724.479     0.999878     29490013      8192.00
     750.591     0.999890     29490374      9102.22
     785.407     0.999902     29490731     10240.00
     814.079     0.999915     29491090     11702.86
     839.167     0.999927     29491454     13653.33
     872.447     0.999939     29491811     16384.00
     885.759     0.999945     29491992     18204.44
     902.143     0.999951     29492172     20480.00
     919.039     0.999957     29492350     23405.71
     938.495     0.999963     29492535     27306.67
     950.271     0.999969     29492713     32768.00
     955.903     0.999973     29492802     36408.89
     962.047     0.999976     29492894     40960.00
     966.655     0.999979     29492985     46811.43
     970.751     0.999982     29493069     54613.33
     976.383     0.999985     29493165     65536.00
     978.943     0.999986     29493209     72817.78
     981.503     0.999988     29493254     81920.00
     984.063     0.999989     29493302     93622.86
     987.135     0.999991     29493344    109226.67
     989.695     0.999992     29493387    131072.00
     990.719     0.999993     29493412    145635.56
     991.743     0.999994     29493438    163840.00
     994.815     0.999995     29493463    187245.71
     995.327     0.999995     29493480    218453.33
     997.375     0.999996     29493497    262144.00
     998.399     0.999997     29493523    291271.11
     998.399     0.999997     29493523    327680.00
     998.911     0.999997     29493546    374491.43
     998.911     0.999998     29493546    436906.67
     999.423     0.999998     29493554    524288.00
    1001.983     0.999998     29493561    582542.22
    1002.495     0.999998     29493576    655360.00
    1002.495     0.999999     29493576    748982.86
    1002.495     0.999999     29493576    873813.33
    1003.007     0.999999     29493590   1048576.00
    1003.007     0.999999     29493590   1165084.44
    1003.007     0.999999     29493590   1310720.00
    1003.007     0.999999     29493590   1497965.71
    1003.519     0.999999     29493595   1747626.67
    1003.519     1.000000     29493595   2097152.00
    1004.031     1.000000     29493601   2330168.89
    1004.031     1.000000     29493601   2621440.00
    1004.031     1.000000     29493601   2995931.43
    1004.031     1.000000     29493601   3495253.33
    1004.543     1.000000     29493605   4194304.00
    1004.543     1.000000     29493605   4660337.78
    1004.543     1.000000     29493605   5242880.00
    1004.543     1.000000     29493605   5991862.86
    1004.543     1.000000     29493605   6990506.67
    1005.055     1.000000     29493608   8388608.00
    1005.055     1.000000     29493608   9320675.55
    1005.055     1.000000     29493608  10485760.00
    1005.055     1.000000     29493608  11983725.71
    1005.055     1.000000     29493608  13981013.34
    1005.055     1.000000     29493608  16777216.00
    1005.055     1.000000     29493608  18641351.10
    1005.055     1.000000     29493608  20971519.98
    1005.055     1.000000     29493608  23967451.45
    1005.055     1.000000     29493608  27962026.68
    1005.567     1.000000     29493609  33554432.00
    1005.567     1.000000     29493609          inf
#[Mean    =        5.311, StdDeviation   =       15.786]
#[Max     =     1005.056, Total count    =     29493609]
#[Buckets =           27, SubBuckets     =         2048]
----------------------------------------------------------
  29993424 requests in 10.00m, 4.64GB read
Requests/sec:  49988.91
Transfer/sec:      7.91MB
