Running 10m test @ http://localhost:9999/math/plus?x=1&y=2
  16 threads and 400 connections
  Thread calibration: mean lat.: 32.694ms, rate sampling interval: 161ms
  Thread calibration: mean lat.: 35.184ms, rate sampling interval: 167ms
  Thread calibration: mean lat.: 28.254ms, rate sampling interval: 124ms
  Thread calibration: mean lat.: 26.108ms, rate sampling interval: 129ms
  Thread calibration: mean lat.: 40.792ms, rate sampling interval: 211ms
  Thread calibration: mean lat.: 42.831ms, rate sampling interval: 246ms
  Thread calibration: mean lat.: 89.246ms, rate sampling interval: 444ms
  Thread calibration: mean lat.: 38.396ms, rate sampling interval: 207ms
  Thread calibration: mean lat.: 90.845ms, rate sampling interval: 577ms
  Thread calibration: mean lat.: 37.980ms, rate sampling interval: 180ms
  Thread calibration: mean lat.: 29.370ms, rate sampling interval: 158ms
  Thread calibration: mean lat.: 31.410ms, rate sampling interval: 154ms
  Thread calibration: mean lat.: 55.511ms, rate sampling interval: 267ms
  Thread calibration: mean lat.: 85.753ms, rate sampling interval: 368ms
  Thread calibration: mean lat.: 36.904ms, rate sampling interval: 200ms
  Thread calibration: mean lat.: 92.695ms, rate sampling interval: 476ms
  Thread Stats   Avg      Stdev     Max   +/- Stdev
    Latency    21.41s    32.30s    3.46m    85.73%
    Req/Sec     3.44k     0.86k    9.74k    71.83%
  Latency Distribution (HdrHistogram - Recorded Latency)
 50.000%    4.71s 
 75.000%   31.10s 
 90.000%    1.13m 
 99.000%    2.33m 
 99.900%    2.90m 
 99.990%    3.25m 
 99.999%    3.45m 
100.000%    3.47m 

  Detailed Percentile spectrum:
       Value   Percentile   TotalCount 1/(1-Percentile)

       0.092     0.000000            1         1.00
     123.007     0.100000      3235565         1.11
     376.575     0.200000      6472039         1.25
     859.135     0.300000      9707302         1.43
    1932.287     0.400000     12941848         1.67
    4706.303     0.500000     16176517         2.00
    7385.087     0.550000     17793860         2.22
   11206.655     0.600000     19411718         2.50
   16605.183     0.650000     21027235         2.86
   23117.823     0.700000     22645516         3.33
   31096.831     0.750000     24264195         4.00
   35553.279     0.775000     25076080         4.44
   40534.015     0.800000     25883625         5.00
   45481.983     0.825000     26688458         5.71
   51675.135     0.850000     27500045         6.67
   59113.471     0.875000     28308084         8.00
   63078.399     0.887500     28711912         8.89
   67567.615     0.900000     29116011        10.00
   72941.567     0.912500     29520966        11.43
   78905.343     0.925000     29925872        13.33
   85590.015     0.937500     30327770        16.00
   89718.783     0.943750     30531211        17.78
   94371.839     0.950000     30734504        20.00
   99287.039     0.956250     30934459        22.86
  105185.279     0.962500     31138627        26.67
  111083.519     0.968750     31339950        32.00
  113967.103     0.971875     31441571        35.56
  117178.367     0.975000     31541918        40.00
  120586.239     0.978125     31641875        45.71
  124911.615     0.981250     31743189        53.33
  129695.743     0.984375     31845055        64.00
  132186.111     0.985938     31895642        71.11
  135004.159     0.987500     31946451        80.00
  137756.671     0.989062     31996886        91.43
  140771.327     0.990625     32047760       106.67
  144048.127     0.992188     32097835       128.00
  146014.207     0.992969     32122661       142.22
  148111.359     0.993750     32147868       160.00
  150994.943     0.994531     32172777       182.86
  153485.311     0.995313     32197882       213.33
  156368.895     0.996094     32223366       256.00
  157941.759     0.996484     32236701       284.44
  159645.695     0.996875     32248587       320.00
  161218.559     0.997266     32261504       365.71
  163315.711     0.997656     32274510       426.67
  165675.007     0.998047     32286341       512.00
  166985.727     0.998242     32292816       568.89
  168165.375     0.998437     32299172       640.00
  169869.311     0.998633     32305364       731.43
  172097.535     0.998828     32311861       853.33
  174456.831     0.999023     32317916      1024.00
  175767.551     0.999121     32321313      1137.78
  177078.271     0.999219     32324407      1280.00
  179044.351     0.999316     32327653      1462.86
  180355.071     0.999414     32330658      1706.67
  182714.367     0.999512     32333802      2048.00
  183631.871     0.999561     32335332      2275.56
  185073.663     0.999609     32336936      2560.00
  186777.599     0.999658     32338491      2925.71
  188350.463     0.999707     32340097      3413.33
  189792.255     0.999756     32341654      4096.00
  190447.615     0.999780     32342423      4551.11
  190971.903     0.999805     32343293      5120.00
  191365.119     0.999829     32344006      5851.43
  191889.407     0.999854     32344839      6826.67
  193593.343     0.999878     32345635      8192.00
  194379.775     0.999890     32345974      9102.22
  195297.279     0.999902     32346430     10240.00
  196083.711     0.999915     32346761     11702.86
  197394.431     0.999927     32347158     13653.33
  198836.223     0.999939     32347531     16384.00
  199753.727     0.999945     32347728     18204.44
  201064.447     0.999951     32347936     20480.00
  202113.023     0.999957     32348143     23405.71
  203161.599     0.999963     32348328     27306.67
  204079.103     0.999969     32348529     32768.00
  204341.247     0.999973     32348627     36408.89
  204603.391     0.999976     32348767     40960.00
  205258.751     0.999979     32348832     46811.43
  205651.967     0.999982     32348930     54613.33
  206307.327     0.999985     32349024     65536.00
  206831.615     0.999986     32349083     72817.78
  206962.687     0.999988     32349144     81920.00
  207093.759     0.999989     32349209     93622.86
  207093.759     0.999991     32349209    109226.67
  207355.903     0.999992     32349298    131072.00
  207355.903     0.999993     32349298    145635.56
  207486.975     0.999994     32349339    163840.00
  207486.975     0.999995     32349339    187245.71
  207618.047     0.999995     32349378    218453.33
  207749.119     0.999996     32349423    262144.00
  207749.119     0.999997     32349423    291271.11
  207749.119     0.999997     32349423    327680.00
  207749.119     0.999997     32349423    374491.43
  207880.191     0.999998     32349460    436906.67
  207880.191     0.999998     32349460    524288.00
  207880.191     0.999998     32349460    582542.22
  207880.191     0.999998     32349460    655360.00
  207880.191     0.999999     32349460    748982.86
  208011.263     0.999999     32349503    873813.33
  208011.263     1.000000     32349503          inf
#[Mean    =    21409.365, StdDeviation   =    32302.414]
#[Max     =   207880.192, Total count    =     32349503]
#[Buckets =           27, SubBuckets     =         2048]
----------------------------------------------------------
  32945183 requests in 10.00m, 5.09GB read
Requests/sec:  54908.69
Transfer/sec:      8.69MB
