Running 10m test @ http://localhost:9999/math/plus?x=1&y=2
  16 threads and 400 connections
  Thread calibration: mean lat.: 3.286ms, rate sampling interval: 14ms
  Thread calibration: mean lat.: 3.263ms, rate sampling interval: 13ms
  Thread calibration: mean lat.: 3.541ms, rate sampling interval: 14ms
  Thread calibration: mean lat.: 3.192ms, rate sampling interval: 13ms
  Thread calibration: mean lat.: 3.418ms, rate sampling interval: 14ms
  Thread calibration: mean lat.: 3.092ms, rate sampling interval: 13ms
  Thread calibration: mean lat.: 3.174ms, rate sampling interval: 13ms
  Thread calibration: mean lat.: 15.439ms, rate sampling interval: 15ms
  Thread calibration: mean lat.: 15.536ms, rate sampling interval: 16ms
  Thread calibration: mean lat.: 3.491ms, rate sampling interval: 14ms
  Thread calibration: mean lat.: 3.667ms, rate sampling interval: 15ms
  Thread calibration: mean lat.: 3.437ms, rate sampling interval: 14ms
  Thread calibration: mean lat.: 11.646ms, rate sampling interval: 16ms
  Thread calibration: mean lat.: 8.135ms, rate sampling interval: 16ms
  Thread calibration: mean lat.: 15.270ms, rate sampling interval: 15ms
  Thread calibration: mean lat.: 3.412ms, rate sampling interval: 14ms
  Thread Stats   Avg      Stdev     Max   +/- Stdev
    Latency     4.93ms   13.95ms   1.16s    98.53%
    Req/Sec     3.27k   758.52    10.67k    75.97%
  Latency Distribution (HdrHistogram - Recorded Latency)
 50.000%    3.02ms
 75.000%    5.55ms
 90.000%    9.00ms
 99.000%   22.86ms
 99.900%  226.82ms
 99.990%  488.96ms
 99.999%  768.51ms
100.000%    1.16s 

  Detailed Percentile spectrum:
       Value   Percentile   TotalCount 1/(1-Percentile)

       0.061     0.000000            1         1.00
       0.927     0.100000      2952416         1.11
       1.381     0.200000      5899026         1.25
       1.835     0.300000      8851727         1.43
       2.369     0.400000     11800986         1.67
       3.019     0.500000     14747892         2.00
       3.403     0.550000     16228359         2.22
       3.827     0.600000     17698744         2.50
       4.307     0.650000     19175440         2.86
       4.867     0.700000     20645684         3.33
       5.547     0.750000     22122646         4.00
       5.947     0.775000     22858824         4.44
       6.399     0.800000     23598336         5.00
       6.911     0.825000     24336188         5.71
       7.491     0.850000     25069820         6.67
       8.127     0.875000     25807295         8.00
       8.535     0.887500     26179002         8.89
       8.999     0.900000     26547342        10.00
       9.535     0.912500     26915182        11.43
      10.175     0.925000     27282294        13.33
      10.951     0.937500     27652957        16.00
      11.399     0.943750     27836199        17.78
      11.863     0.950000     28019710        20.00
      12.415     0.956250     28204848        22.86
      13.143     0.962500     28388909        26.67
      14.087     0.968750     28572419        32.00
      14.663     0.971875     28664790        35.56
      15.319     0.975000     28756572        40.00
      16.023     0.978125     28848701        45.71
      17.007     0.981250     28940658        53.33
      18.383     0.984375     29032867        64.00
      19.263     0.985938     29079372        71.11
      20.239     0.987500     29125368        80.00
      21.695     0.989062     29171267        91.43
      23.759     0.990625     29217224       106.67
      27.151     0.992188     29263251       128.00
      29.887     0.992969     29286241       142.22
      34.111     0.993750     29309306       160.00
      40.543     0.994531     29332342       182.86
      50.623     0.995313     29355369       213.33
      65.599     0.996094     29378430       256.00
      75.455     0.996484     29389899       284.44
      87.487     0.996875     29401428       320.00
     102.271     0.997266     29412953       365.71
     120.255     0.997656     29424490       426.67
     141.823     0.998047     29435979       512.00
     154.879     0.998242     29441741       568.89
     169.855     0.998437     29447537       640.00
     186.367     0.998633     29453275       731.43
     206.463     0.998828     29459023       853.33
     229.759     0.999023     29464784      1024.00
     243.583     0.999121     29467666      1137.78
     258.943     0.999219     29470553      1280.00
     275.455     0.999316     29473416      1462.86
     293.887     0.999414     29476298      1706.67
     314.623     0.999512     29479190      2048.00
     326.399     0.999561     29480640      2275.56
     339.455     0.999609     29482064      2560.00
     354.303     0.999658     29483498      2925.71
     370.431     0.999707     29484947      3413.33
     387.839     0.999756     29486379      4096.00
     398.335     0.999780     29487115      4551.11
     409.855     0.999805     29487825      5120.00
     424.191     0.999829     29488541      5851.43
     440.319     0.999854     29489260      6826.67
     462.847     0.999878     29489986      8192.00
     476.415     0.999890     29490336      9102.22
     492.031     0.999902     29490698     10240.00
     509.183     0.999915     29491057     11702.86
     527.871     0.999927     29491416     13653.33
     556.031     0.999939     29491779     16384.00
     566.783     0.999945     29491957     18204.44
     581.631     0.999951     29492141     20480.00
     598.015     0.999957     29492319     23405.71
     616.959     0.999963     29492496     27306.67
     643.071     0.999969     29492677     32768.00
     656.895     0.999973     29492768     36408.89
     667.135     0.999976     29492856     40960.00
     687.103     0.999979     29492949     46811.43
     706.047     0.999982     29493036     54613.33
     727.039     0.999985     29493126     65536.00
     735.743     0.999986     29493172     72817.78
     752.127     0.999988     29493220     81920.00
     763.903     0.999989     29493263     93622.86
     774.143     0.999991     29493306    109226.67
     784.895     0.999992     29493351    131072.00
     794.623     0.999993     29493375    145635.56
     801.791     0.999994     29493397    163840.00
     820.735     0.999995     29493421    187245.71
     868.863     0.999995     29493441    218453.33
     900.095     0.999996     29493464    262144.00
     931.327     0.999997     29493475    291271.11
     946.687     0.999997     29493488    327680.00
     954.879     0.999997     29493501    374491.43
     969.215     0.999998     29493509    436906.67
     993.791     0.999998     29493520    524288.00
    1009.663     0.999998     29493526    582542.22
    1032.703     0.999998     29493531    655360.00
    1050.623     0.999999     29493537    748982.86
    1073.151     0.999999     29493543    873813.33
    1095.679     0.999999     29493548   1048576.00
    1103.871     0.999999     29493551   1165084.44
    1111.039     0.999999     29493554   1310720.00
    1129.471     0.999999     29493559   1497965.71
    1131.519     0.999999     29493560   1747626.67
    1133.567     1.000000     29493563   2097152.00
    1134.591     1.000000     29493564   2330168.89
    1135.615     1.000000     29493565   2621440.00
    1136.639     1.000000     29493568   2995931.43
    1136.639     1.000000     29493568   3495253.33
    1140.735     1.000000     29493569   4194304.00
    1141.759     1.000000     29493572   4660337.78
    1141.759     1.000000     29493572   5242880.00
    1141.759     1.000000     29493572   5991862.86
    1141.759     1.000000     29493572   6990506.67
    1142.783     1.000000     29493573   8388608.00
    1142.783     1.000000     29493573   9320675.55
    1146.879     1.000000     29493574  10485760.00
    1146.879     1.000000     29493574  11983725.71
    1146.879     1.000000     29493574  13981013.34
    1149.951     1.000000     29493575  16777216.00
    1149.951     1.000000     29493575  18641351.10
    1149.951     1.000000     29493575  20971519.98
    1149.951     1.000000     29493575  23967451.45
    1149.951     1.000000     29493575  27962026.68
    1158.143     1.000000     29493576  33554432.00
    1158.143     1.000000     29493576          inf
#[Mean    =        4.932, StdDeviation   =       13.953]
#[Max     =     1157.120, Total count    =     29493576]
#[Buckets =           27, SubBuckets     =         2048]
----------------------------------------------------------
  29996425 requests in 10.00m, 4.64GB read
Requests/sec:  49994.09
Transfer/sec:      7.91MB
