Running 10m test @ http://localhost:9999/math/plus?x=1&y=2
  16 threads and 400 connections
  Thread calibration: mean lat.: 1.867ms, rate sampling interval: 10ms
  Thread calibration: mean lat.: 18.530ms, rate sampling interval: 10ms
  Thread calibration: mean lat.: 2.066ms, rate sampling interval: 10ms
  Thread calibration: mean lat.: 10.161ms, rate sampling interval: 10ms
  Thread calibration: mean lat.: 2.011ms, rate sampling interval: 10ms
  Thread calibration: mean lat.: 1.814ms, rate sampling interval: 10ms
  Thread calibration: mean lat.: 10.230ms, rate sampling interval: 10ms
  Thread calibration: mean lat.: 14.436ms, rate sampling interval: 10ms
  Thread calibration: mean lat.: 1.764ms, rate sampling interval: 10ms
  Thread calibration: mean lat.: 1.849ms, rate sampling interval: 10ms
  Thread calibration: mean lat.: 1.868ms, rate sampling interval: 10ms
  Thread calibration: mean lat.: 2.059ms, rate sampling interval: 10ms
  Thread calibration: mean lat.: 1.866ms, rate sampling interval: 10ms
  Thread calibration: mean lat.: 1.925ms, rate sampling interval: 10ms
  Thread calibration: mean lat.: 18.461ms, rate sampling interval: 10ms
  Thread calibration: mean lat.: 1.878ms, rate sampling interval: 10ms
  Thread Stats   Avg      Stdev     Max   +/- Stdev
    Latency     1.61ms   12.07ms   1.00s    99.26%
    Req/Sec     1.98k   428.29    10.11k    74.51%
  Latency Distribution (HdrHistogram - Recorded Latency)
 50.000%    1.03ms
 75.000%    1.44ms
 90.000%    1.97ms
 99.000%   11.91ms
 99.900%   27.61ms
 99.990%  764.93ms
 99.999%  977.41ms
100.000%    1.00s 

  Detailed Percentile spectrum:
       Value   Percentile   TotalCount 1/(1-Percentile)

       0.062     0.000000            1         1.00
       0.398     0.100000      1775976         1.11
       0.579     0.200000      3541710         1.25
       0.737     0.300000      5313602         1.43
       0.886     0.400000      7086176         1.67
       1.031     0.500000      8858093         2.00
       1.102     0.550000      9736391         2.22
       1.175     0.600000     10620282         2.50
       1.253     0.650000     11508072         2.86
       1.339     0.700000     12394620         3.33
       1.437     0.750000     13274646         4.00
       1.493     0.775000     13715689         4.44
       1.556     0.800000     14158334         5.00
       1.628     0.825000     14602418         5.71
       1.713     0.850000     15045027         6.67
       1.820     0.875000     15487313         8.00
       1.887     0.887500     15708170         8.89
       1.969     0.900000     15926887        10.00
       2.081     0.912500     16150384        11.43
       2.245     0.925000     16370847        13.33
       2.515     0.937500     16590327        16.00
       2.729     0.943750     16701034        17.78
       3.051     0.950000     16811589        20.00
       3.571     0.956250     16922015        22.86
       4.339     0.962500     17033028        26.67
       5.255     0.968750     17143379        32.00
       5.795     0.971875     17198567        35.56
       6.467     0.975000     17253876        40.00
       7.259     0.978125     17309230        45.71
       8.183     0.981250     17364593        53.33
       9.295     0.984375     17419723        64.00
       9.903     0.985938     17447530        71.11
      10.599     0.987500     17474970        80.00
      11.399     0.989062     17502635        91.43
      12.279     0.990625     17530376       106.67
      13.359     0.992188     17558074       128.00
      14.023     0.992969     17571839       142.22
      14.751     0.993750     17585640       160.00
      15.615     0.994531     17599466       182.86
      16.639     0.995313     17613377       213.33
      17.823     0.996094     17627101       256.00
      18.511     0.996484     17634027       284.44
      19.295     0.996875     17640932       320.00
      20.175     0.997266     17647839       365.71
      21.231     0.997656     17654716       426.67
      22.511     0.998047     17661646       512.00
      23.247     0.998242     17665061       568.89
      24.079     0.998437     17668565       640.00
      25.071     0.998633     17671973       731.43
      26.271     0.998828     17675429       853.33
      27.823     0.999023     17678902      1024.00
      28.831     0.999121     17680631      1137.78
      30.047     0.999219     17682350      1280.00
      31.631     0.999316     17684077      1462.86
      33.759     0.999414     17685798      1706.67
      37.503     0.999512     17687531      2048.00
      41.695     0.999561     17688394      2275.56
      79.295     0.999609     17689254      2560.00
     195.071     0.999658     17690119      2925.71
     309.759     0.999707     17690983      3413.33
     429.567     0.999756     17691851      4096.00
     483.583     0.999780     17692279      4551.11
     540.671     0.999805     17692710      5120.00
     597.503     0.999829     17693143      5851.43
     656.383     0.999854     17693580      6826.67
     713.215     0.999878     17694006      8192.00
     742.399     0.999890     17694224      9102.22
     770.047     0.999902     17694440     10240.00
     799.231     0.999915     17694655     11702.86
     829.439     0.999927     17694873     13653.33
     857.599     0.999939     17695086     16384.00
     873.983     0.999945     17695198     18204.44
     890.367     0.999951     17695305     20480.00
     903.167     0.999957     17695411     23405.71
     916.479     0.999963     17695525     27306.67
     929.279     0.999969     17695628     32768.00
     936.447     0.999973     17695687     36408.89
     943.103     0.999976     17695736     40960.00
     950.271     0.999979     17695791     46811.43
     957.439     0.999982     17695844     54613.33
     964.607     0.999985     17695899     65536.00
     969.215     0.999986     17695926     72817.78
     972.287     0.999988     17695954     81920.00
     976.383     0.999989     17695984     93622.86
     978.943     0.999991     17696004    109226.67
     983.039     0.999992     17696035    131072.00
     984.575     0.999993     17696048    145635.56
     987.135     0.999994     17696060    163840.00
     988.671     0.999995     17696074    187245.71
     989.695     0.999995     17696085    218453.33
     991.743     0.999996     17696100    262144.00
     993.279     0.999997     17696108    291271.11
     993.791     0.999997     17696112    327680.00
     994.815     0.999997     17696119    374491.43
     995.839     0.999998     17696130    436906.67
     996.863     0.999998     17696133    524288.00
     997.887     0.999998     17696136    582542.22
     999.423     0.999998     17696142    655360.00
     999.935     0.999999     17696145    748982.86
    1000.447     0.999999     17696148    873813.33
    1000.959     0.999999     17696150   1048576.00
    1001.983     0.999999     17696161   1165084.44
    1001.983     0.999999     17696161   1310720.00
    1001.983     0.999999     17696161   1497965.71
    1001.983     0.999999     17696161   1747626.67
    1001.983     1.000000     17696161   2097152.00
    1001.983     1.000000     17696161   2330168.89
    1001.983     1.000000     17696161   2621440.00
    1001.983     1.000000     17696161   2995931.43
    1001.983     1.000000     17696161   3495253.33
    1002.495     1.000000     17696162   4194304.00
    1003.519     1.000000     17696164   4660337.78
    1003.519     1.000000     17696164   5242880.00
    1003.519     1.000000     17696164   5991862.86
    1003.519     1.000000     17696164   6990506.67
    1003.519     1.000000     17696164   8388608.00
    1004.543     1.000000     17696166   9320675.55
    1004.543     1.000000     17696166          inf
#[Mean    =        1.613, StdDeviation   =       12.067]
#[Max     =     1004.032, Total count    =     17696166]
#[Buckets =           27, SubBuckets     =         2048]
----------------------------------------------------------
  17998122 requests in 10.00m, 2.78GB read
Requests/sec:  29996.96
Transfer/sec:      4.75MB
