Running 10m test @ http://localhost:9999/math/plus?x=1&y=2
  16 threads and 400 connections
  Thread calibration: mean lat.: 33.663ms, rate sampling interval: 17ms
  Thread calibration: mean lat.: 7.310ms, rate sampling interval: 14ms
  Thread calibration: mean lat.: 58.156ms, rate sampling interval: 135ms
  Thread calibration: mean lat.: 7.206ms, rate sampling interval: 13ms
  Thread calibration: mean lat.: 32.045ms, rate sampling interval: 15ms
  Thread calibration: mean lat.: 3.096ms, rate sampling interval: 13ms
  Thread calibration: mean lat.: 50.168ms, rate sampling interval: 21ms
  Thread calibration: mean lat.: 11.769ms, rate sampling interval: 14ms
  Thread calibration: mean lat.: 7.379ms, rate sampling interval: 13ms
  Thread calibration: mean lat.: 4.045ms, rate sampling interval: 14ms
  Thread calibration: mean lat.: 45.651ms, rate sampling interval: 19ms
  Thread calibration: mean lat.: 7.665ms, rate sampling interval: 14ms
  Thread calibration: mean lat.: 4.038ms, rate sampling interval: 13ms
  Thread calibration: mean lat.: 33.776ms, rate sampling interval: 18ms
  Thread calibration: mean lat.: 54.079ms, rate sampling interval: 23ms
  Thread calibration: mean lat.: 58.204ms, rate sampling interval: 137ms
  Thread Stats   Avg      Stdev     Max   +/- Stdev
    Latency     3.57ms   11.97ms   1.01s    99.90%
    Req/Sec   647.59    509.56     2.86k    63.29%
  Latency Distribution (HdrHistogram - Recorded Latency)
 50.000%    2.68ms
 75.000%    4.55ms
 90.000%    6.98ms
 99.000%   10.82ms
 99.900%   15.73ms
 99.990%  757.25ms
 99.999%  969.73ms
100.000%    1.01s 

  Detailed Percentile spectrum:
       Value   Percentile   TotalCount 1/(1-Percentile)

       0.079     0.000000            1         1.00
       0.926     0.100000       590077         1.11
       1.316     0.200000      1180389         1.25
       1.702     0.300000      1770316         1.43
       2.151     0.400000      2359903         1.67
       2.679     0.500000      2951277         2.00
       2.971     0.550000      3244871         2.22
       3.289     0.600000      3540815         2.50
       3.641     0.650000      3835321         2.86
       4.051     0.700000      4130315         3.33
       4.547     0.750000      4424284         4.00
       4.843     0.775000      4572854         4.44
       5.179     0.800000      4720567         5.00
       5.551     0.825000      4866349         5.71
       5.979     0.850000      5014048         6.67
       6.455     0.875000      5161996         8.00
       6.711     0.887500      5236045         8.89
       6.983     0.900000      5309321        10.00
       7.279     0.912500      5383178        11.43
       7.591     0.925000      5456188        13.33
       7.951     0.937500      5530411        16.00
       8.155     0.943750      5567272        17.78
       8.375     0.950000      5603667        20.00
       8.631     0.956250      5641704        22.86
       8.903     0.962500      5678361        26.67
       9.207     0.968750      5714567        32.00
       9.375     0.971875      5733109        35.56
       9.559     0.975000      5751395        40.00
       9.759     0.978125      5769964        45.71
       9.975     0.981250      5788058        53.33
      10.231     0.984375      5806766        64.00
      10.375     0.985938      5815949        71.11
      10.535     0.987500      5825184        80.00
      10.703     0.989062      5834069        91.43
      10.911     0.990625      5843306       106.67
      11.167     0.992188      5852550       128.00
      11.319     0.992969      5857148       142.22
      11.495     0.993750      5861909       160.00
      11.671     0.994531      5866398       182.86
      11.895     0.995313      5871038       213.33
      12.183     0.996094      5875536       256.00
      12.375     0.996484      5877906       284.44
      12.591     0.996875      5880157       320.00
      12.847     0.997266      5882444       365.71
      13.183     0.997656      5884773       426.67
      13.599     0.998047      5887073       512.00
      13.855     0.998242      5888205       568.89
      14.167     0.998437      5889356       640.00
      14.567     0.998633      5890503       731.43
      15.087     0.998828      5891657       853.33
      15.831     0.999023      5892812      1024.00
      16.359     0.999121      5893382      1137.78
      17.071     0.999219      5893961      1280.00
      18.143     0.999316      5894539      1462.86
      19.727     0.999414      5895115      1706.67
      22.975     0.999512      5895687      2048.00
      26.543     0.999561      5895974      2275.56
      70.527     0.999609      5896262      2560.00
     187.903     0.999658      5896550      2925.71
     301.823     0.999707      5896838      3413.33
     417.535     0.999756      5897126      4096.00
     472.575     0.999780      5897270      4551.11
     534.527     0.999805      5897414      5120.00
     589.823     0.999829      5897560      5851.43
     647.679     0.999854      5897702      6826.67
     703.999     0.999878      5897848      8192.00
     735.231     0.999890      5897920      9102.22
     765.439     0.999902      5897990     10240.00
     790.527     0.999915      5898064     11702.86
     820.735     0.999927      5898136     13653.33
     850.431     0.999939      5898207     16384.00
     863.743     0.999945      5898246     18204.44
     878.591     0.999951      5898278     20480.00
     893.439     0.999957      5898314     23405.71
     907.263     0.999963      5898350     27306.67
     922.111     0.999969      5898386     32768.00
     930.303     0.999973      5898404     36408.89
     935.935     0.999976      5898422     40960.00
     943.103     0.999979      5898441     46811.43
     951.295     0.999982      5898464     54613.33
     958.975     0.999985      5898479     65536.00
     962.047     0.999986      5898486     72817.78
     967.167     0.999988      5898494     81920.00
     969.727     0.999989      5898509     93622.86
     971.263     0.999991      5898512    109226.67
     974.335     0.999992      5898521    131072.00
     977.919     0.999993      5898527    145635.56
     978.431     0.999994      5898534    163840.00
     982.015     0.999995      5898536    187245.71
     983.039     0.999995      5898543    218453.33
     983.551     0.999996      5898544    262144.00
     984.063     0.999997      5898547    291271.11
     984.575     0.999997      5898548    327680.00
     992.767     0.999997      5898551    374491.43
     999.423     0.999998      5898553    436906.67
    1003.007     0.999998      5898556    524288.00
    1003.007     0.999998      5898556    582542.22
    1003.519     0.999998      5898558    655360.00
    1004.031     0.999999      5898560    748982.86
    1004.031     0.999999      5898560    873813.33
    1004.543     0.999999      5898561   1048576.00
    1004.543     0.999999      5898561   1165084.44
    1005.055     0.999999      5898563   1310720.00
    1005.055     0.999999      5898563   1497965.71
    1005.055     0.999999      5898563   1747626.67
    1006.079     1.000000      5898564   2097152.00
    1006.079     1.000000      5898564   2330168.89
    1006.079     1.000000      5898564   2621440.00
    1006.591     1.000000      5898565   2995931.43
    1006.591     1.000000      5898565   3495253.33
    1006.591     1.000000      5898565   4194304.00
    1006.591     1.000000      5898565   4660337.78
    1006.591     1.000000      5898565   5242880.00
    1011.199     1.000000      5898566   5991862.86
    1011.199     1.000000      5898566          inf
#[Mean    =        3.566, StdDeviation   =       11.965]
#[Max     =     1010.688, Total count    =      5898566]
#[Buckets =           27, SubBuckets     =         2048]
----------------------------------------------------------
  5998276 requests in 10.00m, 0.93GB read
Requests/sec:   9997.11
Transfer/sec:      1.58MB
