Running 10m test @ http://localhost:9999/math/plus?x=1&y=2
  16 threads and 400 connections
  Thread calibration: mean lat.: 59.152ms, rate sampling interval: 146ms
  Thread calibration: mean lat.: 59.318ms, rate sampling interval: 146ms
  Thread calibration: mean lat.: 42.509ms, rate sampling interval: 58ms
  Thread calibration: mean lat.: 21.472ms, rate sampling interval: 36ms
  Thread calibration: mean lat.: 42.839ms, rate sampling interval: 63ms
  Thread calibration: mean lat.: 9.560ms, rate sampling interval: 32ms
  Thread calibration: mean lat.: 3.650ms, rate sampling interval: 21ms
  Thread calibration: mean lat.: 58.951ms, rate sampling interval: 147ms
  Thread calibration: mean lat.: 25.945ms, rate sampling interval: 43ms
  Thread calibration: mean lat.: 13.586ms, rate sampling interval: 34ms
  Thread calibration: mean lat.: 21.533ms, rate sampling interval: 37ms
  Thread calibration: mean lat.: 13.783ms, rate sampling interval: 34ms
  Thread calibration: mean lat.: 49.942ms, rate sampling interval: 72ms
  Thread calibration: mean lat.: 50.177ms, rate sampling interval: 70ms
  Thread calibration: mean lat.: 4.493ms, rate sampling interval: 25ms
  Thread calibration: mean lat.: 34.429ms, rate sampling interval: 51ms
  Thread Stats   Avg      Stdev     Max   +/- Stdev
    Latency     4.20ms    6.34ms  86.53ms   89.59%
    Req/Sec     1.91k   383.01     6.16k    74.50%
  Latency Distribution (HdrHistogram - Recorded Latency)
 50.000%    1.87ms
 75.000%    3.87ms
 90.000%   10.94ms
 99.000%   32.14ms
 99.900%   47.33ms
 99.990%   59.81ms
 99.999%   70.46ms
100.000%   86.59ms

  Detailed Percentile spectrum:
       Value   Percentile   TotalCount 1/(1-Percentile)

       0.072     0.000000            2         1.00
       0.613     0.100000      1771530         1.11
       0.918     0.200000      3544712         1.25
       1.195     0.300000      5313276         1.43
       1.501     0.400000      7079675         1.67
       1.874     0.500000      8849874         2.00
       2.115     0.550000      9735484         2.22
       2.409     0.600000     10619309         2.50
       2.765     0.650000     11506106         2.86
       3.215     0.700000     12387607         3.33
       3.873     0.750000     13273024         4.00
       4.383     0.775000     13714842         4.44
       5.123     0.800000     14157385         5.00
       6.087     0.825000     14599888         5.71
       7.215     0.850000     15042131         6.67
       8.751     0.875000     15486073         8.00
       9.775     0.887500     15706645         8.89
      10.943     0.900000     15927657        10.00
      12.271     0.912500     16148583        11.43
      13.903     0.925000     16369596        13.33
      15.903     0.937500     16590906        16.00
      17.039     0.943750     16702268        17.78
      18.255     0.950000     16811499        20.00
      19.567     0.956250     16922150        22.86
      20.991     0.962500     17033735        26.67
      22.559     0.968750     17143437        32.00
      23.455     0.971875     17198914        35.56
      24.447     0.975000     17254654        40.00
      25.567     0.978125     17309640        45.71
      26.863     0.981250     17364479        53.33
      28.479     0.984375     17420111        64.00
      29.375     0.985938     17447725        71.11
      30.351     0.987500     17475225        80.00
      31.423     0.989062     17502702        91.43
      32.639     0.990625     17530537       106.67
      33.951     0.992188     17558090       128.00
      34.719     0.992969     17572314       142.22
      35.519     0.993750     17585834       160.00
      36.415     0.994531     17599662       182.86
      37.439     0.995313     17613466       213.33
      38.623     0.996094     17627275       256.00
      39.327     0.996484     17634244       284.44
      40.095     0.996875     17641016       320.00
      41.055     0.997266     17648064       365.71
      42.079     0.997656     17654843       426.67
      43.295     0.998047     17661811       512.00
      43.967     0.998242     17665223       568.89
      44.703     0.998437     17668703       640.00
      45.503     0.998633     17672067       731.43
      46.431     0.998828     17675573       853.33
      47.455     0.999023     17679024      1024.00
      48.031     0.999121     17680768      1137.78
      48.671     0.999219     17682453      1280.00
      49.343     0.999316     17684172      1462.86
      50.143     0.999414     17685911      1706.67
      51.135     0.999512     17687651      2048.00
      51.679     0.999561     17688488      2275.56
      52.351     0.999609     17689348      2560.00
      53.055     0.999658     17690237      2925.71
      53.887     0.999707     17691076      3413.33
      54.911     0.999756     17691940      4096.00
      55.615     0.999780     17692366      4551.11
      56.255     0.999805     17692806      5120.00
      56.927     0.999829     17693229      5851.43
      57.791     0.999854     17693666      6826.67
      58.783     0.999878     17694093      8192.00
      59.327     0.999890     17694308      9102.22
      59.935     0.999902     17694527     10240.00
      60.639     0.999915     17694741     11702.86
      61.439     0.999927     17694964     13653.33
      62.335     0.999939     17695171     16384.00
      62.815     0.999945     17695280     18204.44
      63.455     0.999951     17695392     20480.00
      64.095     0.999957     17695497     23405.71
      64.799     0.999963     17695610     27306.67
      65.535     0.999969     17695713     32768.00
      66.047     0.999973     17695767     36408.89
      66.559     0.999976     17695822     40960.00
      67.199     0.999979     17695877     46811.43
      67.967     0.999982     17695929     54613.33
      68.735     0.999985     17695987     65536.00
      69.055     0.999986     17696013     72817.78
      69.631     0.999988     17696037     81920.00
      70.207     0.999989     17696062     93622.86
      70.911     0.999991     17696090    109226.67
      72.127     0.999992     17696117    131072.00
      72.447     0.999993     17696130    145635.56
      73.023     0.999994     17696144    163840.00
      73.599     0.999995     17696158    187245.71
      74.367     0.999995     17696170    218453.33
      74.815     0.999996     17696184    262144.00
      75.007     0.999997     17696191    291271.11
      75.839     0.999997     17696197    327680.00
      76.479     0.999997     17696205    374491.43
      76.799     0.999998     17696211    436906.67
      77.631     0.999998     17696219    524288.00
      77.951     0.999998     17696221    582542.22
      78.079     0.999998     17696224    655360.00
      78.591     0.999999     17696228    748982.86
      79.231     0.999999     17696231    873813.33
      80.127     0.999999     17696235   1048576.00
      81.407     0.999999     17696236   1165084.44
      81.535     0.999999     17696238   1310720.00
      82.175     0.999999     17696240   1497965.71
      82.367     0.999999     17696241   1747626.67
      83.263     1.000000     17696243   2097152.00
      83.327     1.000000     17696244   2330168.89
      83.391     1.000000     17696245   2621440.00
      84.159     1.000000     17696246   2995931.43
      84.159     1.000000     17696246   3495253.33
      84.415     1.000000     17696247   4194304.00
      85.375     1.000000     17696248   4660337.78
      85.375     1.000000     17696248   5242880.00
      85.823     1.000000     17696249   5991862.86
      85.823     1.000000     17696249   6990506.67
      85.823     1.000000     17696249   8388608.00
      86.463     1.000000     17696250   9320675.55
      86.463     1.000000     17696250  10485760.00
      86.463     1.000000     17696250  11983725.71
      86.463     1.000000     17696250  13981013.34
      86.463     1.000000     17696250  16777216.00
      86.591     1.000000     17696251  18641351.10
      86.591     1.000000     17696251          inf
#[Mean    =        4.201, StdDeviation   =        6.340]
#[Max     =       86.528, Total count    =     17696251]
#[Buckets =           27, SubBuckets     =         2048]
----------------------------------------------------------
  17994119 requests in 10.00m, 2.78GB read
Requests/sec:  29990.11
Transfer/sec:      4.75MB
