Running 10m test @ http://localhost:9999/math/plus?x=1&y=2
  16 threads and 400 connections
  Thread calibration: mean lat.: 11.708ms, rate sampling interval: 15ms
  Thread calibration: mean lat.: 8.028ms, rate sampling interval: 15ms
  Thread calibration: mean lat.: 11.747ms, rate sampling interval: 15ms
  Thread calibration: mean lat.: 28.481ms, rate sampling interval: 18ms
  Thread calibration: mean lat.: 95.041ms, rate sampling interval: 898ms
  Thread calibration: mean lat.: 65.744ms, rate sampling interval: 371ms
  Thread calibration: mean lat.: 73.124ms, rate sampling interval: 474ms
  Thread calibration: mean lat.: 53.239ms, rate sampling interval: 34ms
  Thread calibration: mean lat.: 60.955ms, rate sampling interval: 248ms
  Thread calibration: mean lat.: 96.833ms, rate sampling interval: 897ms
  Thread calibration: mean lat.: 36.680ms, rate sampling interval: 20ms
  Thread calibration: mean lat.: 61.758ms, rate sampling interval: 254ms
  Thread calibration: mean lat.: 90.180ms, rate sampling interval: 768ms
  Thread calibration: mean lat.: 11.740ms, rate sampling interval: 15ms
  Thread calibration: mean lat.: 3.878ms, rate sampling interval: 16ms
  Thread calibration: mean lat.: 63.769ms, rate sampling interval: 249ms
  Thread Stats   Avg      Stdev     Max   +/- Stdev
    Latency     4.47ms   12.18ms   1.01s    99.59%
    Req/Sec   645.89    460.98     3.13k    58.67%
  Latency Distribution (HdrHistogram - Recorded Latency)
 50.000%    3.60ms
 75.000%    5.77ms
 90.000%    8.02ms
 99.000%   14.42ms
 99.900%   21.10ms
 99.990%  765.44ms
 99.999%  974.34ms
100.000%    1.01s 

  Detailed Percentile spectrum:
       Value   Percentile   TotalCount 1/(1-Percentile)

       0.081     0.000000            1         1.00
       1.215     0.100000       590119         1.11
       1.773     0.200000      1180513         1.25
       2.337     0.300000      1769621         1.43
       2.943     0.400000      2361328         1.67
       3.601     0.500000      2949495         2.00
       3.959     0.550000      3245590         2.22
       4.339     0.600000      3539966         2.50
       4.763     0.650000      3836207         2.86
       5.235     0.700000      4131220         3.33
       5.767     0.750000      4424554         4.00
       6.063     0.775000      4572519         4.44
       6.379     0.800000      4719661         5.00
       6.727     0.825000      4867771         5.71
       7.099     0.850000      5014111         6.67
       7.511     0.875000      5161991         8.00
       7.747     0.887500      5235938         8.89
       8.019     0.900000      5308948        10.00
       8.359     0.912500      5383368        11.43
       8.775     0.925000      5457124        13.33
       9.279     0.937500      5530440        16.00
       9.575     0.943750      5566839        17.78
       9.919     0.950000      5604210        20.00
      10.311     0.956250      5640957        22.86
      10.775     0.962500      5677723        26.67
      11.319     0.968750      5714380        32.00
      11.615     0.971875      5732796        35.56
      11.943     0.975000      5751375        40.00
      12.319     0.978125      5769817        45.71
      12.743     0.981250      5788095        53.33
      13.239     0.984375      5806707        64.00
      13.519     0.985938      5815871        71.11
      13.831     0.987500      5824951        80.00
      14.191     0.989062      5834290        91.43
      14.583     0.990625      5843347       106.67
      15.071     0.992188      5852607       128.00
      15.343     0.992969      5857237       142.22
      15.615     0.993750      5861858       160.00
      15.935     0.994531      5866467       182.86
      16.319     0.995313      5871031       213.33
      16.815     0.996094      5875619       256.00
      17.103     0.996484      5877911       284.44
      17.423     0.996875      5880225       320.00
      17.807     0.997266      5882563       365.71
      18.239     0.997656      5884817       426.67
      18.799     0.998047      5887143       512.00
      19.135     0.998242      5888305       568.89
      19.487     0.998437      5889421       640.00
      19.935     0.998633      5890580       731.43
      20.511     0.998828      5891756       853.33
      21.199     0.999023      5892901      1024.00
      21.647     0.999121      5893461      1137.78
      22.175     0.999219      5894041      1280.00
      22.895     0.999316      5894607      1462.86
      24.015     0.999414      5895181      1706.67
      25.903     0.999512      5895762      2048.00
      28.511     0.999561      5896045      2275.56
      84.607     0.999609      5896333      2560.00
     194.175     0.999658      5896621      2925.71
     310.015     0.999707      5896911      3413.33
     424.191     0.999756      5897197      4096.00
     487.935     0.999780      5897342      4551.11
     536.575     0.999805      5897485      5120.00
     602.623     0.999829      5897630      5851.43
     655.359     0.999854      5897778      6826.67
     710.655     0.999878      5897919      8192.00
     737.791     0.999890      5897991      9102.22
     770.047     0.999902      5898062     10240.00
     800.767     0.999915      5898133     11702.86
     828.415     0.999927      5898206     13653.33
     854.527     0.999939      5898279     16384.00
     869.887     0.999945      5898315     18204.44
     887.295     0.999951      5898349     20480.00
     895.999     0.999957      5898386     23405.71
     913.919     0.999963      5898423     27306.67
     929.279     0.999969      5898457     32768.00
     935.423     0.999973      5898476     36408.89
     939.007     0.999976      5898493     40960.00
     949.247     0.999979      5898511     46811.43
     956.927     0.999982      5898529     54613.33
     967.167     0.999985      5898547     65536.00
     969.727     0.999986      5898559     72817.78
     970.239     0.999988      5898565     81920.00
     973.823     0.999989      5898574     93622.86
     974.847     0.999991      5898584    109226.67
     978.943     0.999992      5898592    131072.00
     985.087     0.999993      5898601    145635.56
     985.087     0.999994      5898601    163840.00
     989.695     0.999995      5898607    187245.71
     991.231     0.999995      5898610    218453.33
     995.839     0.999996      5898615    262144.00
     997.375     0.999997      5898618    291271.11
     997.887     0.999997      5898621    327680.00
     998.911     0.999997      5898622    374491.43
     999.423     0.999998      5898624    436906.67
     999.935     0.999998      5898626    524288.00
    1000.447     0.999998      5898627    582542.22
    1001.983     0.999998      5898628    655360.00
    1004.543     0.999999      5898630    748982.86
    1006.591     0.999999      5898632    873813.33
    1006.591     0.999999      5898632   1048576.00
    1006.591     0.999999      5898632   1165084.44
    1007.103     0.999999      5898633   1310720.00
    1007.615     0.999999      5898634   1497965.71
    1007.615     0.999999      5898634   1747626.67
    1008.127     1.000000      5898635   2097152.00
    1008.127     1.000000      5898635   2330168.89
    1008.127     1.000000      5898635   2621440.00
    1009.663     1.000000      5898636   2995931.43
    1009.663     1.000000      5898636   3495253.33
    1009.663     1.000000      5898636   4194304.00
    1009.663     1.000000      5898636   4660337.78
    1009.663     1.000000      5898636   5242880.00
    1013.759     1.000000      5898637   5991862.86
    1013.759     1.000000      5898637          inf
#[Mean    =        4.474, StdDeviation   =       12.183]
#[Max     =     1013.248, Total count    =      5898637]
#[Buckets =           27, SubBuckets     =         2048]
----------------------------------------------------------
  5998740 requests in 10.00m, 0.93GB read
Requests/sec:   9997.43
Transfer/sec:      1.58MB
