Running 10m test @ http://localhost:9999/math/plus?x=1&y=2
  16 threads and 400 connections
  Thread calibration: mean lat.: 2.765ms, rate sampling interval: 11ms
  Thread calibration: mean lat.: 11.042ms, rate sampling interval: 12ms
  Thread calibration: mean lat.: 10.969ms, rate sampling interval: 12ms
  Thread calibration: mean lat.: 2.899ms, rate sampling interval: 11ms
  Thread calibration: mean lat.: 2.935ms, rate sampling interval: 12ms
  Thread calibration: mean lat.: 2.581ms, rate sampling interval: 10ms
  Thread calibration: mean lat.: 2.781ms, rate sampling interval: 11ms
  Thread calibration: mean lat.: 2.796ms, rate sampling interval: 11ms
  Thread calibration: mean lat.: 7.264ms, rate sampling interval: 12ms
  Thread calibration: mean lat.: 2.800ms, rate sampling interval: 11ms
  Thread calibration: mean lat.: 2.658ms, rate sampling interval: 11ms
  Thread calibration: mean lat.: 2.799ms, rate sampling interval: 11ms
  Thread calibration: mean lat.: 2.614ms, rate sampling interval: 10ms
  Thread calibration: mean lat.: 11.519ms, rate sampling interval: 13ms
  Thread calibration: mean lat.: 7.213ms, rate sampling interval: 12ms
  Thread calibration: mean lat.: 15.208ms, rate sampling interval: 13ms
  Thread Stats   Avg      Stdev     Max   +/- Stdev
    Latency     3.71ms   10.58ms   1.00s    98.28%
    Req/Sec     3.30k     0.90k   13.20k    77.06%
  Latency Distribution (HdrHistogram - Recorded Latency)
 50.000%    2.37ms
 75.000%    4.35ms
 90.000%    7.40ms
 99.000%   16.94ms
 99.900%   88.89ms
 99.990%  542.72ms
 99.999%  957.95ms
100.000%    1.00s 

  Detailed Percentile spectrum:
       Value   Percentile   TotalCount 1/(1-Percentile)

       0.061     0.000000            1         1.00
       0.791     0.100000      2952985         1.11
       1.154     0.200000      5902308         1.25
       1.498     0.300000      8851060         1.43
       1.884     0.400000     11799188         1.67
       2.369     0.500000     14756272         2.00
       2.659     0.550000     16221589         2.22
       2.993     0.600000     17698601         2.50
       3.375     0.650000     19171689         2.86
       3.821     0.700000     20646017         3.33
       4.351     0.750000     22120536         4.00
       4.671     0.775000     22860178         4.44
       5.043     0.800000     23597557         5.00
       5.483     0.825000     24337312         5.71
       6.003     0.850000     25070096         6.67
       6.627     0.875000     25809118         8.00
       6.991     0.887500     26176637         8.89
       7.403     0.900000     26547091        10.00
       7.839     0.912500     26915856        11.43
       8.335     0.925000     27283075        13.33
       9.015     0.937500     27651631        16.00
       9.431     0.943750     27837713        17.78
       9.895     0.950000     28020459        20.00
      10.407     0.956250     28203385        22.86
      11.015     0.962500     28387666        26.67
      11.727     0.968750     28573212        32.00
      12.087     0.971875     28664544        35.56
      12.575     0.975000     28756933        40.00
      13.175     0.978125     28848520        45.71
      13.911     0.981250     28941386        53.33
      14.751     0.984375     29032825        64.00
      15.255     0.985938     29078876        71.11
      15.807     0.987500     29125269        80.00
      16.431     0.989062     29171734        91.43
      17.343     0.990625     29217602       106.67
      18.479     0.992188     29263170       128.00
      19.199     0.992969     29286410       142.22
      19.967     0.993750     29309706       160.00
      21.039     0.994531     29332536       182.86
      22.511     0.995313     29355427       213.33
      24.479     0.996094     29378507       256.00
      26.015     0.996484     29389926       284.44
      28.031     0.996875     29401449       320.00
      31.183     0.997266     29412944       365.71
      36.383     0.997656     29424479       426.67
      45.343     0.998047     29435995       512.00
      51.487     0.998242     29441754       568.89
      58.815     0.998437     29447506       640.00
      67.071     0.998633     29453283       731.43
      76.927     0.998828     29459029       853.33
      90.879     0.999023     29464770      1024.00
     100.159     0.999121     29467652      1137.78
     111.359     0.999219     29470532      1280.00
     125.887     0.999316     29473419      1462.86
     143.359     0.999414     29476300      1706.67
     164.607     0.999512     29479174      2048.00
     177.535     0.999561     29480617      2275.56
     192.127     0.999609     29482059      2560.00
     209.919     0.999658     29483494      2925.71
     233.343     0.999707     29484932      3413.33
     267.007     0.999756     29486373      4096.00
     285.695     0.999780     29487100      4551.11
     311.039     0.999805     29487815      5120.00
     343.295     0.999829     29488533      5851.43
     388.095     0.999854     29489253      6826.67
     457.983     0.999878     29489973      8192.00
     500.479     0.999890     29490333      9102.22
     547.839     0.999902     29490701     10240.00
     600.575     0.999915     29491057     11702.86
     659.967     0.999927     29491415     13653.33
     716.287     0.999939     29491784     16384.00
     749.567     0.999945     29491955     18204.44
     782.335     0.999951     29492132     20480.00
     814.591     0.999957     29492315     23405.71
     831.999     0.999963     29492492     27306.67
     860.671     0.999969     29492674     32768.00
     876.031     0.999973     29492763     36408.89
     888.319     0.999976     29492853     40960.00
     901.119     0.999979     29492942     46811.43
     917.503     0.999982     29493034     54613.33
     932.863     0.999985     29493123     65536.00
     940.543     0.999986     29493168     72817.78
     949.247     0.999988     29493213     81920.00
     955.903     0.999989     29493258     93622.86
     963.583     0.999991     29493303    109226.67
     968.191     0.999992     29493348    131072.00
     973.311     0.999993     29493374    145635.56
     976.383     0.999994     29493392    163840.00
     980.479     0.999995     29493419    187245.71
     983.551     0.999995     29493438    218453.33
     986.623     0.999996     29493460    262144.00
     988.159     0.999997     29493474    291271.11
     989.695     0.999997     29493483    327680.00
     991.743     0.999997     29493496    374491.43
     992.767     0.999998     29493506    436906.67
     994.815     0.999998     29493516    524288.00
     995.839     0.999998     29493529    582542.22
     995.839     0.999998     29493529    655360.00
     996.863     0.999999     29493534    748982.86
     997.375     0.999999     29493539    873813.33
     998.399     0.999999     29493544   1048576.00
     998.911     0.999999     29493555   1165084.44
     998.911     0.999999     29493555   1310720.00
     998.911     0.999999     29493555   1497965.71
     999.423     0.999999     29493561   1747626.67
     999.423     1.000000     29493561   2097152.00
     999.423     1.000000     29493561   2330168.89
     999.423     1.000000     29493561   2621440.00
    1000.447     1.000000     29493563   2995931.43
    1000.959     1.000000     29493566   3495253.33
    1000.959     1.000000     29493566   4194304.00
    1000.959     1.000000     29493566   4660337.78
    1001.471     1.000000     29493567   5242880.00
    1001.983     1.000000     29493568   5991862.86
    1001.983     1.000000     29493568   6990506.67
    1002.495     1.000000     29493570   8388608.00
    1002.495     1.000000     29493570   9320675.55
    1002.495     1.000000     29493570  10485760.00
    1002.495     1.000000     29493570  11983725.71
    1002.495     1.000000     29493570  13981013.34
    1003.519     1.000000     29493572  16777216.00
    1003.519     1.000000     29493572          inf
#[Mean    =        3.712, StdDeviation   =       10.578]
#[Max     =     1003.008, Total count    =     29493572]
#[Buckets =           27, SubBuckets     =         2048]
----------------------------------------------------------
  29996630 requests in 10.00m, 4.64GB read
Requests/sec:  49994.26
Transfer/sec:      7.91MB
