Running 10m test @ http://localhost:9999/math/plus?x=1&y=2
  16 threads and 400 connections
  Thread calibration: mean lat.: 2.704ms, rate sampling interval: 10ms
  Thread calibration: mean lat.: 2.646ms, rate sampling interval: 10ms
  Thread calibration: mean lat.: 2.608ms, rate sampling interval: 10ms
  Thread calibration: mean lat.: 6.897ms, rate sampling interval: 10ms
  Thread calibration: mean lat.: 2.546ms, rate sampling interval: 10ms
  Thread calibration: mean lat.: 2.562ms, rate sampling interval: 10ms
  Thread calibration: mean lat.: 2.517ms, rate sampling interval: 10ms
  Thread calibration: mean lat.: 2.183ms, rate sampling interval: 10ms
  Thread calibration: mean lat.: 2.691ms, rate sampling interval: 10ms
  Thread calibration: mean lat.: 2.680ms, rate sampling interval: 10ms
  Thread calibration: mean lat.: 2.499ms, rate sampling interval: 10ms
  Thread calibration: mean lat.: 2.582ms, rate sampling interval: 10ms
  Thread calibration: mean lat.: 2.433ms, rate sampling interval: 10ms
  Thread calibration: mean lat.: 2.619ms, rate sampling interval: 10ms
  Thread calibration: mean lat.: 2.391ms, rate sampling interval: 10ms
  Thread calibration: mean lat.: 2.893ms, rate sampling interval: 10ms
  Thread Stats   Avg      Stdev     Max   +/- Stdev
    Latency     1.62ms    2.31ms  77.50ms   94.41%
    Req/Sec     1.98k   527.86    12.44k    78.09%
  Latency Distribution (HdrHistogram - Recorded Latency)
 50.000%    1.15ms
 75.000%    1.68ms
 90.000%    2.61ms
 99.000%   11.90ms
 99.900%   28.67ms
 99.990%   42.81ms
 99.999%   53.50ms
100.000%   77.57ms

  Detailed Percentile spectrum:
       Value   Percentile   TotalCount 1/(1-Percentile)

       0.075     0.000000            1         1.00
       0.440     0.100000      1773883         1.11
       0.644     0.200000      3539667         1.25
       0.822     0.300000      5317421         1.43
       0.986     0.400000      7086392         1.67
       1.146     0.500000      8852909         2.00
       1.230     0.550000      9740025         2.22
       1.320     0.600000     10619106         2.50
       1.422     0.650000     11508000         2.86
       1.538     0.700000     12393711         3.33
       1.676     0.750000     13272805         4.00
       1.758     0.775000     13714817         4.44
       1.853     0.800000     14159679         5.00
       1.967     0.825000     14599937         5.71
       2.113     0.850000     15042058         6.67
       2.313     0.875000     15484729         8.00
       2.445     0.887500     15706072         8.89
       2.611     0.900000     15926841        10.00
       2.829     0.912500     16148350        11.43
       3.137     0.925000     16370136        13.33
       3.599     0.937500     16590485        16.00
       3.913     0.943750     16700925        17.78
       4.303     0.950000     16811851        20.00
       4.783     0.956250     16922556        22.86
       5.327     0.962500     17033303        26.67
       5.979     0.968750     17143682        32.00
       6.351     0.971875     17198992        35.56
       6.779     0.975000     17254266        40.00
       7.343     0.978125     17309444        45.71
       8.099     0.981250     17364608        53.33
       9.127     0.984375     17420032        64.00
       9.735     0.985938     17447660        71.11
      10.471     0.987500     17475240        80.00
      11.319     0.989062     17502778        91.43
      12.327     0.990625     17530476       106.67
      13.527     0.992188     17558013       128.00
      14.271     0.992969     17571959       142.22
      15.127     0.993750     17585665       160.00
      16.127     0.994531     17599544       182.86
      17.311     0.995313     17613395       213.33
      18.703     0.996094     17627195       256.00
      19.487     0.996484     17634084       284.44
      20.367     0.996875     17641002       320.00
      21.359     0.997266     17647911       365.71
      22.527     0.997656     17654815       426.67
      23.871     0.998047     17661741       512.00
      24.623     0.998242     17665163       568.89
      25.455     0.998437     17668605       640.00
      26.415     0.998633     17672071       731.43
      27.519     0.998828     17675544       853.33
      28.831     0.999023     17678989      1024.00
      29.567     0.999121     17680717      1137.78
      30.399     0.999219     17682458      1280.00
      31.311     0.999316     17684185      1462.86
      32.367     0.999414     17685899      1706.67
      33.567     0.999512     17687640      2048.00
      34.207     0.999561     17688485      2275.56
      34.975     0.999609     17689369      2560.00
      35.839     0.999658     17690214      2925.71
      36.831     0.999707     17691071      3413.33
      37.951     0.999756     17691950      4096.00
      38.559     0.999780     17692387      4551.11
      39.231     0.999805     17692803      5120.00
      40.031     0.999829     17693235      5851.43
      40.831     0.999854     17693663      6826.67
      41.855     0.999878     17694102      8192.00
      42.367     0.999890     17694321      9102.22
      43.007     0.999902     17694538     10240.00
      43.679     0.999915     17694744     11702.86
      44.447     0.999927     17694964     13653.33
      45.375     0.999939     17695184     16384.00
      45.919     0.999945     17695283     18204.44
      46.495     0.999951     17695391     20480.00
      47.103     0.999957     17695499     23405.71
      47.871     0.999963     17695609     27306.67
      48.575     0.999969     17695717     32768.00
      49.087     0.999973     17695769     36408.89
      49.599     0.999976     17695824     40960.00
      50.239     0.999979     17695877     46811.43
      50.943     0.999982     17695932     54613.33
      51.743     0.999985     17695985     65536.00
      52.223     0.999986     17696016     72817.78
      52.799     0.999988     17696039     81920.00
      53.279     0.999989     17696068     93622.86
      53.823     0.999991     17696093    109226.67
      54.879     0.999992     17696120    131072.00
      55.327     0.999993     17696134    145635.56
      55.999     0.999994     17696147    163840.00
      56.511     0.999995     17696162    187245.71
      57.023     0.999995     17696174    218453.33
      57.599     0.999996     17696188    262144.00
      57.951     0.999997     17696195    291271.11
      58.847     0.999997     17696201    327680.00
      59.551     0.999997     17696209    374491.43
      59.871     0.999998     17696215    436906.67
      60.447     0.999998     17696222    524288.00
      60.895     0.999998     17696225    582542.22
      61.727     0.999998     17696229    655360.00
      61.791     0.999999     17696232    748982.86
      63.743     0.999999     17696235    873813.33
      64.511     0.999999     17696239   1048576.00
      65.151     0.999999     17696240   1165084.44
      65.599     0.999999     17696242   1310720.00
      66.111     0.999999     17696245   1497965.71
      66.111     0.999999     17696245   1747626.67
      66.879     1.000000     17696247   2097152.00
      67.455     1.000000     17696248   2330168.89
      68.863     1.000000     17696249   2621440.00
      69.055     1.000000     17696250   2995931.43
      69.055     1.000000     17696250   3495253.33
      69.119     1.000000     17696251   4194304.00
      69.247     1.000000     17696252   4660337.78
      69.247     1.000000     17696252   5242880.00
      70.143     1.000000     17696253   5991862.86
      70.143     1.000000     17696253   6990506.67
      70.143     1.000000     17696253   8388608.00
      72.959     1.000000     17696254   9320675.55
      72.959     1.000000     17696254  10485760.00
      72.959     1.000000     17696254  11983725.71
      72.959     1.000000     17696254  13981013.34
      72.959     1.000000     17696254  16777216.00
      77.567     1.000000     17696255  18641351.10
      77.567     1.000000     17696255          inf
#[Mean    =        1.622, StdDeviation   =        2.307]
#[Max     =       77.504, Total count    =     17696255]
#[Buckets =           27, SubBuckets     =         2048]
----------------------------------------------------------
  17996463 requests in 10.00m, 2.78GB read
Requests/sec:  29994.15
Transfer/sec:      4.75MB
