Running 10m test @ http://localhost:9999/math/plus?x=1&y=2
  16 threads and 400 connections
  Thread calibration: mean lat.: 11.295ms, rate sampling interval: 49ms
  Thread calibration: mean lat.: 9.996ms, rate sampling interval: 43ms
  Thread calibration: mean lat.: 9.989ms, rate sampling interval: 43ms
  Thread calibration: mean lat.: 12.271ms, rate sampling interval: 54ms
  Thread calibration: mean lat.: 11.725ms, rate sampling interval: 52ms
  Thread calibration: mean lat.: 9.694ms, rate sampling interval: 41ms
  Thread calibration: mean lat.: 9.841ms, rate sampling interval: 42ms
  Thread calibration: mean lat.: 10.330ms, rate sampling interval: 44ms
  Thread calibration: mean lat.: 16.236ms, rate sampling interval: 55ms
  Thread calibration: mean lat.: 11.289ms, rate sampling interval: 50ms
  Thread calibration: mean lat.: 9.836ms, rate sampling interval: 42ms
  Thread calibration: mean lat.: 9.515ms, rate sampling interval: 40ms
  Thread calibration: mean lat.: 9.276ms, rate sampling interval: 38ms
  Thread calibration: mean lat.: 10.744ms, rate sampling interval: 45ms
  Thread calibration: mean lat.: 9.484ms, rate sampling interval: 38ms
  Thread calibration: mean lat.: 13.916ms, rate sampling interval: 64ms
  Thread Stats   Avg      Stdev     Max   +/- Stdev
    Latency    12.24s    22.62s    3.16m    87.43%
    Req/Sec     3.56k     1.21k   11.26k    74.52%
  Latency Distribution (HdrHistogram - Recorded Latency)
 50.000%    1.53s 
 75.000%   12.65s 
 90.000%   42.50s 
 99.000%    1.73m 
 99.900%    2.38m 
 99.990%    2.96m 
 99.999%    3.13m 
100.000%    3.17m 

  Detailed Percentile spectrum:
       Value   Percentile   TotalCount 1/(1-Percentile)

       0.084     0.000000            2         1.00
      42.687     0.100000      3314421         1.11
     134.783     0.200000      6628424         1.25
     313.087     0.300000      9940424         1.43
     683.007     0.400000     13255374         1.67
    1528.831     0.500000     16569026         2.00
    2293.759     0.550000     18227142         2.22
    3459.071     0.600000     19881749         2.50
    5222.399     0.650000     21539257         2.86
    8105.983     0.700000     23195002         3.33
   12648.447     0.750000     24851234         4.00
   15933.439     0.775000     25680199         4.44
   19726.335     0.800000     26510833         5.00
   23904.255     0.825000     27337137         5.71
   28671.999     0.850000     28164903         6.67
   35061.759     0.875000     28993403         8.00
   38666.239     0.887500     29407796         8.89
   42500.095     0.900000     29822709        10.00
   46596.095     0.912500     30235137        11.43
   51412.991     0.925000     30650964        13.33
   57507.839     0.937500     31065186        16.00
   60588.031     0.943750     31270885        17.78
   63832.063     0.950000     31478923        20.00
   67305.471     0.956250     31686051        22.86
   71696.383     0.962500     31892341        26.67
   76873.727     0.968750     32100443        32.00
   79691.775     0.971875     32203023        35.56
   82706.431     0.975000     32306684        40.00
   85917.695     0.978125     32410320        45.71
   89587.711     0.981250     32514177        53.33
   93454.335     0.984375     32616589        64.00
   95944.703     0.985938     32668415        71.11
   98762.751     0.987500     32721105        80.00
  101515.263     0.989062     32772064        91.43
  105316.351     0.990625     32823390       106.67
  109379.583     0.992188     32875621       128.00
  111673.343     0.992969     32901396       142.22
  114229.247     0.993750     32927186       160.00
  116850.687     0.994531     32952936       182.86
  119537.663     0.995313     32979110       213.33
  122683.391     0.996094     33004912       256.00
  124321.791     0.996484     33017657       284.44
  126091.263     0.996875     33030766       320.00
  128188.415     0.997266     33043652       365.71
  130809.855     0.997656     33056349       426.67
  133627.903     0.998047     33069426       512.00
  135135.231     0.998242     33076100       568.89
  136970.239     0.998437     33082617       640.00
  138805.247     0.998633     33088696       731.43
  140509.183     0.998828     33095168       853.33
  143261.695     0.999023     33101728      1024.00
  144965.631     0.999121     33104928      1137.78
  147062.783     0.999219     33108183      1280.00
  150077.439     0.999316     33111402      1462.86
  154009.599     0.999414     33114663      1706.67
  156499.967     0.999512     33117831      2048.00
  157548.543     0.999561     33119498      2275.56
  158859.263     0.999609     33121279      2560.00
  160301.055     0.999658     33122713      2925.71
  162529.279     0.999707     33124343      3413.33
  165281.791     0.999756     33125993      4096.00
  166068.223     0.999780     33126834      4551.11
  167116.799     0.999805     33127559      5120.00
  169738.239     0.999829     33128341      5851.43
  173408.255     0.999854     33129134      6826.67
  175505.407     0.999878     33130039      8192.00
  176422.911     0.999890     33130349      9102.22
  177602.559     0.999902     33130742     10240.00
  179175.423     0.999915     33131198     11702.86
  179830.783     0.999927     33131575     13653.33
  181272.575     0.999939     33131976     16384.00
  182059.007     0.999945     33132170     18204.44
  182583.295     0.999951     33132385     20480.00
  182976.511     0.999957     33132568     23405.71
  183500.799     0.999963     33132810     27306.67
  184287.231     0.999969     33132962     32768.00
  184680.447     0.999973     33133092     36408.89
  184811.519     0.999976     33133188     40960.00
  185335.807     0.999979     33133287     46811.43
  185729.023     0.999982     33133380     54613.33
  186646.527     0.999985     33133476     65536.00
  186777.599     0.999986     33133522     72817.78
  187432.959     0.999988     33133578     81920.00
  187957.247     0.999989     33133647     93622.86
  188088.319     0.999991     33133685    109226.67
  188481.535     0.999992     33133736    131072.00
  188612.607     0.999993     33133762    145635.56
  188743.679     0.999994     33133778    163840.00
  188874.751     0.999995     33133800    187245.71
  189136.895     0.999995     33133835    218453.33
  189267.967     0.999996     33133850    262144.00
  189399.039     0.999997     33133888    291271.11
  189399.039     0.999997     33133888    327680.00
  189399.039     0.999997     33133888    374491.43
  189530.111     0.999998     33133906    436906.67
  189661.183     0.999998     33133935    524288.00
  189661.183     0.999998     33133935    582542.22
  189661.183     0.999998     33133935    655360.00
  189661.183     0.999999     33133935    748982.86
  189792.255     0.999999     33133969    873813.33
  189792.255     0.999999     33133969   1048576.00
  189792.255     0.999999     33133969   1165084.44
  189792.255     0.999999     33133969   1310720.00
  189792.255     0.999999     33133969   1497965.71
  189792.255     0.999999     33133969   1747626.67
  189792.255     1.000000     33133969   2097152.00
  189792.255     1.000000     33133969   2330168.89
  189792.255     1.000000     33133969   2621440.00
  189792.255     1.000000     33133969   2995931.43
  189792.255     1.000000     33133969   3495253.33
  189792.255     1.000000     33133969   4194304.00
  189792.255     1.000000     33133969   4660337.78
  189792.255     1.000000     33133969   5242880.00
  189792.255     1.000000     33133969   5991862.86
  189792.255     1.000000     33133969   6990506.67
  189923.327     1.000000     33133973   8388608.00
  189923.327     1.000000     33133973          inf
#[Mean    =    12240.012, StdDeviation   =    22617.750]
#[Max     =   189792.256, Total count    =     33133973]
#[Buckets =           27, SubBuckets     =         2048]
----------------------------------------------------------
  33729533 requests in 10.00m, 5.21GB read
Requests/sec:  56215.95
Transfer/sec:      8.90MB
