Running 10m test @ http://localhost:9999/math/plus?x=1&y=2
  16 threads and 400 connections
  Thread calibration: mean lat.: 51.157ms, rate sampling interval: 29ms
  Thread calibration: mean lat.: 20.757ms, rate sampling interval: 18ms
  Thread calibration: mean lat.: 4.753ms, rate sampling interval: 18ms
  Thread calibration: mean lat.: 29.542ms, rate sampling interval: 19ms
  Thread calibration: mean lat.: 24.651ms, rate sampling interval: 16ms
  Thread calibration: mean lat.: 3.380ms, rate sampling interval: 14ms
  Thread calibration: mean lat.: 38.440ms, rate sampling interval: 22ms
  Thread calibration: mean lat.: 3.461ms, rate sampling interval: 15ms
  Thread calibration: mean lat.: 42.262ms, rate sampling interval: 24ms
  Thread calibration: mean lat.: 38.347ms, rate sampling interval: 21ms
  Thread calibration: mean lat.: 20.300ms, rate sampling interval: 15ms
  Thread calibration: mean lat.: 51.317ms, rate sampling interval: 30ms
  Thread calibration: mean lat.: 4.672ms, rate sampling interval: 17ms
  Thread calibration: mean lat.: 50.889ms, rate sampling interval: 29ms
  Thread calibration: mean lat.: 20.684ms, rate sampling interval: 18ms
  Thread calibration: mean lat.: 33.298ms, rate sampling interval: 18ms
  Thread Stats   Avg      Stdev     Max   +/- Stdev
    Latency     4.04ms    8.96ms   1.01s    98.31%
    Req/Sec   644.35    435.55     2.33k    61.07%
  Latency Distribution (HdrHistogram - Recorded Latency)
 50.000%    2.97ms
 75.000%    5.38ms
 90.000%    8.42ms
 99.000%   14.31ms
 99.900%   19.97ms
 99.990%  526.85ms
 99.999%  957.95ms
100.000%    1.01s 

  Detailed Percentile spectrum:
       Value   Percentile   TotalCount 1/(1-Percentile)

       0.081     0.000000            1         1.00
       0.965     0.100000       589928         1.11
       1.382     0.200000      1180095         1.25
       1.835     0.300000      1770721         1.43
       2.361     0.400000      2360240         1.67
       2.969     0.500000      2950371         2.00
       3.311     0.550000      3245758         2.22
       3.693     0.600000      3540177         2.50
       4.139     0.650000      3834601         2.86
       4.695     0.700000      4130938         3.33
       5.379     0.750000      4424641         4.00
       5.775     0.775000      4572722         4.44
       6.207     0.800000      4719031         5.00
       6.683     0.825000      4866478         5.71
       7.211     0.850000      5014723         6.67
       7.775     0.875000      5161606         8.00
       8.079     0.887500      5235774         8.89
       8.423     0.900000      5310024        10.00
       8.807     0.912500      5383783        11.43
       9.239     0.925000      5457533        13.33
       9.735     0.937500      5530709        16.00
      10.015     0.943750      5567334        17.78
      10.327     0.950000      5604507        20.00
      10.671     0.956250      5641123        22.86
      11.063     0.962500      5677756        26.67
      11.511     0.968750      5714618        32.00
      11.759     0.971875      5732952        35.56
      12.039     0.975000      5751581        40.00
      12.359     0.978125      5769823        45.71
      12.751     0.981250      5788462        53.33
      13.215     0.984375      5806776        64.00
      13.479     0.985938      5815895        71.11
      13.767     0.987500      5825058        80.00
      14.095     0.989062      5834252        91.43
      14.471     0.990625      5843439       106.67
      14.911     0.992188      5852682       128.00
      15.159     0.992969      5857353       142.22
      15.431     0.993750      5861919       160.00
      15.719     0.994531      5866484       182.86
      16.063     0.995313      5871082       213.33
      16.479     0.996094      5875739       256.00
      16.719     0.996484      5877988       284.44
      17.007     0.996875      5880316       320.00
      17.343     0.997266      5882680       365.71
      17.743     0.997656      5884922       426.67
      18.207     0.998047      5887262       512.00
      18.479     0.998242      5888373       568.89
      18.799     0.998437      5889506       640.00
      19.167     0.998633      5890665       731.43
      19.583     0.998828      5891807       853.33
      20.015     0.999023      5892967      1024.00
      20.303     0.999121      5893539      1137.78
      20.639     0.999219      5894115      1280.00
      21.103     0.999316      5894699      1462.86
      21.631     0.999414      5895256      1706.67
      22.335     0.999512      5895829      2048.00
      22.783     0.999561      5896116      2275.56
      23.295     0.999609      5896407      2560.00
      23.887     0.999658      5896692      2925.71
      24.767     0.999707      5896979      3413.33
      26.495     0.999756      5897266      4096.00
      28.031     0.999780      5897410      4551.11
      83.327     0.999805      5897554      5120.00
     198.271     0.999829      5897698      5851.43
     311.807     0.999854      5897842      6826.67
     423.423     0.999878      5897986      8192.00
     482.815     0.999890      5898058      9102.22
     542.207     0.999902      5898134     10240.00
     603.647     0.999915      5898202     11702.86
     658.943     0.999927      5898277     13653.33
     717.823     0.999939      5898346     16384.00
     741.887     0.999945      5898384     18204.44
     769.535     0.999951      5898418     20480.00
     801.791     0.999957      5898454     23405.71
     826.367     0.999963      5898492     27306.67
     858.111     0.999969      5898527     32768.00
     873.471     0.999973      5898544     36408.89
     884.735     0.999976      5898562     40960.00
     902.143     0.999979      5898585     46811.43
     918.015     0.999982      5898598     54613.33
     927.231     0.999985      5898616     65536.00
     937.471     0.999986      5898626     72817.78
     941.567     0.999988      5898635     81920.00
     948.223     0.999989      5898643     93622.86
     958.463     0.999991      5898652    109226.67
     964.607     0.999992      5898662    131072.00
     968.703     0.999993      5898666    145635.56
     973.311     0.999994      5898670    163840.00
     978.431     0.999995      5898675    187245.71
     979.455     0.999995      5898679    218453.33
     982.527     0.999996      5898685    262144.00
     983.551     0.999997      5898686    291271.11
     990.719     0.999997      5898688    327680.00
     997.375     0.999997      5898691    374491.43
     999.423     0.999998      5898693    436906.67
    1000.959     0.999998      5898695    524288.00
    1001.471     0.999998      5898696    582542.22
    1001.983     0.999998      5898698    655360.00
    1003.519     0.999999      5898699    748982.86
    1004.031     0.999999      5898702    873813.33
    1004.031     0.999999      5898702   1048576.00
    1004.031     0.999999      5898702   1165084.44
    1004.031     0.999999      5898702   1310720.00
    1004.543     0.999999      5898703   1497965.71
    1004.543     0.999999      5898703   1747626.67
    1009.151     1.000000      5898705   2097152.00
    1009.151     1.000000      5898705   2330168.89
    1009.151     1.000000      5898705   2621440.00
    1009.151     1.000000      5898705   2995931.43
    1009.151     1.000000      5898705   3495253.33
    1009.151     1.000000      5898705   4194304.00
    1009.151     1.000000      5898705   4660337.78
    1009.151     1.000000      5898705   5242880.00
    1010.175     1.000000      5898706   5991862.86
    1010.175     1.000000      5898706          inf
#[Mean    =        4.038, StdDeviation   =        8.962]
#[Max     =     1009.664, Total count    =      5898706]
#[Buckets =           27, SubBuckets     =         2048]
----------------------------------------------------------
  5998263 requests in 10.00m, 0.93GB read
Requests/sec:   9997.09
Transfer/sec:      1.58MB
