Running 10m test @ http://localhost:9999/math/plus?x=1&y=2
  16 threads and 400 connections
  Thread calibration: mean lat.: 1.999ms, rate sampling interval: 10ms
  Thread calibration: mean lat.: 2.032ms, rate sampling interval: 10ms
  Thread calibration: mean lat.: 2.028ms, rate sampling interval: 10ms
  Thread calibration: mean lat.: 10.481ms, rate sampling interval: 10ms
  Thread calibration: mean lat.: 26.319ms, rate sampling interval: 10ms
  Thread calibration: mean lat.: 1.959ms, rate sampling interval: 10ms
  Thread calibration: mean lat.: 10.394ms, rate sampling interval: 10ms
  Thread calibration: mean lat.: 1.755ms, rate sampling interval: 10ms
  Thread calibration: mean lat.: 18.437ms, rate sampling interval: 10ms
  Thread calibration: mean lat.: 2.758ms, rate sampling interval: 11ms
  Thread calibration: mean lat.: 1.929ms, rate sampling interval: 10ms
  Thread calibration: mean lat.: 2.542ms, rate sampling interval: 11ms
  Thread calibration: mean lat.: 18.713ms, rate sampling interval: 10ms
  Thread calibration: mean lat.: 1.773ms, rate sampling interval: 10ms
  Thread calibration: mean lat.: 1.954ms, rate sampling interval: 10ms
  Thread calibration: mean lat.: 2.014ms, rate sampling interval: 10ms
  Thread Stats   Avg      Stdev     Max   +/- Stdev
    Latency     2.58ms   18.67ms   1.01s    99.89%
    Req/Sec   660.01    560.58     3.00k    74.27%
  Latency Distribution (HdrHistogram - Recorded Latency)
 50.000%    1.51ms
 75.000%    2.45ms
 90.000%    4.16ms
 99.000%    9.51ms
 99.900%   52.00ms
 99.990%  901.63ms
 99.999%  985.09ms
100.000%    1.01s 

  Detailed Percentile spectrum:
       Value   Percentile   TotalCount 1/(1-Percentile)

       0.084     0.000000            1         1.00
       0.628     0.100000       590051         1.11
       0.871     0.200000      1181239         1.25
       1.084     0.300000      1770684         1.43
       1.286     0.400000      2359440         1.67
       1.506     0.500000      2949782         2.00
       1.636     0.550000      3245230         2.22
       1.785     0.600000      3540074         2.50
       1.961     0.650000      3834465         2.86
       2.177     0.700000      4131387         3.33
       2.451     0.750000      4425751         4.00
       2.617     0.775000      4571506         4.44
       2.813     0.800000      4718947         5.00
       3.049     0.825000      4866798         5.71
       3.337     0.850000      5013908         6.67
       3.699     0.875000      5161540         8.00
       3.917     0.887500      5235506         8.89
       4.163     0.900000      5309279        10.00
       4.447     0.912500      5383126        11.43
       4.783     0.925000      5456756        13.33
       5.187     0.937500      5529922        16.00
       5.427     0.943750      5566941        17.78
       5.703     0.950000      5603835        20.00
       6.027     0.956250      5640702        22.86
       6.423     0.962500      5677621        26.67
       6.899     0.968750      5714316        32.00
       7.191     0.971875      5732842        35.56
       7.499     0.975000      5751140        40.00
       7.823     0.978125      5769653        45.71
       8.139     0.981250      5788166        53.33
       8.535     0.984375      5806631        64.00
       8.759     0.985938      5815744        71.11
       9.015     0.987500      5824976        80.00
       9.311     0.989062      5834214        91.43
       9.655     0.990625      5843468       106.67
      10.063     0.992188      5852516       128.00
      10.319     0.992969      5857228       142.22
      10.591     0.993750      5861776       160.00
      10.911     0.994531      5866412       182.86
      11.279     0.995313      5870966       213.33
      11.727     0.996094      5875609       256.00
      11.951     0.996484      5877870       284.44
      12.231     0.996875      5880170       320.00
      12.575     0.997266      5882466       365.71
      13.039     0.997656      5884787       426.67
      13.719     0.998047      5887071       512.00
      14.199     0.998242      5888216       568.89
      14.879     0.998437      5889365       640.00
      15.807     0.998633      5890520       731.43
      17.583     0.998828      5891672       853.33
      72.895     0.999023      5892822      1024.00
     164.735     0.999121      5893397      1137.78
     257.407     0.999219      5893973      1280.00
     348.159     0.999316      5894551      1462.86
     443.391     0.999414      5895127      1706.67
     534.015     0.999512      5895701      2048.00
     580.607     0.999561      5895989      2275.56
     625.663     0.999609      5896279      2560.00
     672.255     0.999658      5896566      2925.71
     718.847     0.999707      5896854      3413.33
     764.415     0.999756      5897143      4096.00
     785.919     0.999780      5897285      4551.11
     811.007     0.999805      5897429      5120.00
     833.023     0.999829      5897575      5851.43
     856.575     0.999854      5897719      6826.67
     881.151     0.999878      5897863      8192.00
     891.903     0.999890      5897935      9102.22
     903.679     0.999902      5898010     10240.00
     913.919     0.999915      5898077     11702.86
     925.695     0.999927      5898154     13653.33
     937.471     0.999939      5898221     16384.00
     943.615     0.999945      5898258     18204.44
     947.199     0.999951      5898294     20480.00
     954.367     0.999957      5898332     23405.71
     961.535     0.999963      5898365     27306.67
     965.119     0.999969      5898401     32768.00
     968.703     0.999973      5898422     36408.89
     972.287     0.999976      5898442     40960.00
     974.335     0.999979      5898456     46811.43
     976.895     0.999982      5898473     54613.33
     980.991     0.999985      5898491     65536.00
     983.039     0.999986      5898503     72817.78
     984.063     0.999988      5898518     81920.00
     984.063     0.999989      5898518     93622.86
     988.159     0.999991      5898527    109226.67
     992.767     0.999992      5898536    131072.00
     995.327     0.999993      5898545    145635.56
     995.327     0.999994      5898545    163840.00
     996.863     0.999995      5898550    187245.71
     998.399     0.999995      5898554    218453.33
    1001.471     0.999996      5898561    262144.00
    1001.471     0.999997      5898561    291271.11
    1002.495     0.999997      5898564    327680.00
    1003.007     0.999997      5898570    374491.43
    1003.007     0.999998      5898570    436906.67
    1003.007     0.999998      5898570    524288.00
    1003.519     0.999998      5898572    582542.22
    1003.519     0.999998      5898572    655360.00
    1005.567     0.999999      5898575    748982.86
    1005.567     0.999999      5898575    873813.33
    1006.079     0.999999      5898578   1048576.00
    1006.079     0.999999      5898578   1165084.44
    1006.079     0.999999      5898578   1310720.00
    1006.079     0.999999      5898578   1497965.71
    1006.079     0.999999      5898578   1747626.67
    1006.591     1.000000      5898580   2097152.00
    1006.591     1.000000      5898580   2330168.89
    1006.591     1.000000      5898580   2621440.00
    1006.591     1.000000      5898580   2995931.43
    1006.591     1.000000      5898580   3495253.33
    1006.591     1.000000      5898580   4194304.00
    1006.591     1.000000      5898580   4660337.78
    1006.591     1.000000      5898580   5242880.00
    1007.103     1.000000      5898581   5991862.86
    1007.103     1.000000      5898581          inf
#[Mean    =        2.579, StdDeviation   =       18.671]
#[Max     =     1006.592, Total count    =      5898581]
#[Buckets =           27, SubBuckets     =         2048]
----------------------------------------------------------
  5997082 requests in 10.00m, 0.93GB read
Requests/sec:   9995.05
Transfer/sec:      1.58MB
