Running 10m test @ http://localhost:9999/math/plus?x=1&y=2
  16 threads and 400 connections
  Thread calibration: mean lat.: 40.094ms, rate sampling interval: 31ms
  Thread calibration: mean lat.: 15.565ms, rate sampling interval: 13ms
  Thread calibration: mean lat.: 36.021ms, rate sampling interval: 23ms
  Thread calibration: mean lat.: 40.323ms, rate sampling interval: 30ms
  Thread calibration: mean lat.: 11.582ms, rate sampling interval: 12ms
  Thread calibration: mean lat.: 43.800ms, rate sampling interval: 32ms
  Thread calibration: mean lat.: 11.109ms, rate sampling interval: 11ms
  Thread calibration: mean lat.: 15.278ms, rate sampling interval: 11ms
  Thread calibration: mean lat.: 48.508ms, rate sampling interval: 55ms
  Thread calibration: mean lat.: 11.213ms, rate sampling interval: 11ms
  Thread calibration: mean lat.: 11.347ms, rate sampling interval: 12ms
  Thread calibration: mean lat.: 7.411ms, rate sampling interval: 11ms
  Thread calibration: mean lat.: 8.101ms, rate sampling interval: 11ms
  Thread calibration: mean lat.: 11.114ms, rate sampling interval: 11ms
  Thread calibration: mean lat.: 15.765ms, rate sampling interval: 12ms
  Thread calibration: mean lat.: 6.904ms, rate sampling interval: 10ms
  Thread Stats   Avg      Stdev     Max   +/- Stdev
    Latency     2.71ms   12.33ms   1.01s    98.77%
    Req/Sec     1.96k   506.61    10.22k    76.67%
  Latency Distribution (HdrHistogram - Recorded Latency)
 50.000%    1.62ms
 75.000%    3.02ms
 90.000%    4.93ms
 99.000%   16.98ms
 99.900%   38.81ms
 99.990%  769.02ms
 99.999%  983.04ms
100.000%    1.01s 

  Detailed Percentile spectrum:
       Value   Percentile   TotalCount 1/(1-Percentile)

       0.068     0.000000            1         1.00
       0.527     0.100000      1773249         1.11
       0.811     0.200000      3544069         1.25
       1.063     0.300000      5312875         1.43
       1.318     0.400000      7080723         1.67
       1.619     0.500000      8849888         2.00
       1.801     0.550000      9734925         2.22
       2.023     0.600000     10619341         2.50
       2.305     0.650000     11507732         2.86
       2.637     0.700000     12388915         3.33
       3.021     0.750000     13275675         4.00
       3.231     0.775000     13715758         4.44
       3.463     0.800000     14159260         5.00
       3.723     0.825000     14601933         5.71
       4.029     0.850000     15041992         6.67
       4.415     0.875000     15484267         8.00
       4.655     0.887500     15707731         8.89
       4.927     0.900000     15928502        10.00
       5.247     0.912500     16148911        11.43
       5.643     0.925000     16369815        13.33
       6.119     0.937500     16590902        16.00
       6.395     0.943750     16701932        17.78
       6.711     0.950000     16812076        20.00
       7.123     0.956250     16922653        22.86
       7.703     0.962500     17032813        26.67
       8.567     0.968750     17143281        32.00
       9.175     0.971875     17198807        35.56
       9.943     0.975000     17254080        40.00
      10.823     0.978125     17309495        45.71
      11.815     0.981250     17364780        53.33
      13.023     0.984375     17420065        64.00
      13.839     0.985938     17447559        71.11
      14.927     0.987500     17475055        80.00
      16.135     0.989062     17502769        91.43
      17.583     0.990625     17530586       106.67
      19.247     0.992188     17558076       128.00
      20.175     0.992969     17571900       142.22
      21.247     0.993750     17585853       160.00
      22.399     0.994531     17599592       182.86
      23.743     0.995313     17613445       213.33
      25.359     0.996094     17627196       256.00
      26.287     0.996484     17634069       284.44
      27.407     0.996875     17640967       320.00
      28.703     0.997266     17647888       365.71
      30.175     0.997656     17654826       426.67
      31.983     0.998047     17661725       512.00
      33.023     0.998242     17665212       568.89
      34.143     0.998437     17668657       640.00
      35.455     0.998633     17672077       731.43
      37.055     0.998828     17675532       853.33
      39.135     0.999023     17679003      1024.00
      40.383     0.999121     17680716      1137.78
      42.047     0.999219     17682451      1280.00
      44.031     0.999316     17684175      1462.86
      46.815     0.999414     17685888      1706.67
      51.263     0.999512     17687632      2048.00
      55.551     0.999561     17688481      2275.56
      85.439     0.999609     17689344      2560.00
     196.607     0.999658     17690212      2925.71
     313.343     0.999707     17691074      3413.33
     430.335     0.999756     17691944      4096.00
     485.375     0.999780     17692368      4551.11
     543.231     0.999805     17692812      5120.00
     602.623     0.999829     17693235      5851.43
     657.919     0.999854     17693664      6826.67
     716.799     0.999878     17694096      8192.00
     743.423     0.999890     17694313      9102.22
     775.679     0.999902     17694528     10240.00
     802.815     0.999915     17694746     11702.86
     831.487     0.999927     17694960     13653.33
     861.183     0.999939     17695178     16384.00
     876.031     0.999945     17695286     18204.44
     889.855     0.999951     17695402     20480.00
     903.167     0.999957     17695511     23405.71
     916.479     0.999963     17695612     27306.67
     930.303     0.999969     17695717     32768.00
     941.055     0.999973     17695772     36408.89
     947.711     0.999976     17695824     40960.00
     954.879     0.999979     17695878     46811.43
     962.559     0.999982     17695933     54613.33
     969.727     0.999985     17695996     65536.00
     971.775     0.999986     17696013     72817.78
     976.383     0.999988     17696041     81920.00
     977.407     0.999989     17696069     93622.86
     983.039     0.999991     17696095    109226.67
     986.111     0.999992     17696121    131072.00
     990.207     0.999993     17696141    145635.56
     990.719     0.999994     17696149    163840.00
     992.255     0.999995     17696166    187245.71
     994.815     0.999995     17696176    218453.33
     996.351     0.999996     17696197    262144.00
     996.351     0.999997     17696197    291271.11
     996.863     0.999997     17696212    327680.00
     996.863     0.999997     17696212    374491.43
     998.399     0.999998     17696218    436906.67
    1002.495     0.999998     17696228    524288.00
    1002.495     0.999998     17696228    582542.22
    1003.007     0.999998     17696230    655360.00
    1003.519     0.999999     17696234    748982.86
    1004.031     0.999999     17696241    873813.33
    1004.031     0.999999     17696241   1048576.00
    1004.031     0.999999     17696241   1165084.44
    1004.543     0.999999     17696249   1310720.00
    1004.543     0.999999     17696249   1497965.71
    1004.543     0.999999     17696249   1747626.67
    1004.543     1.000000     17696249   2097152.00
    1004.543     1.000000     17696249   2330168.89
    1005.055     1.000000     17696251   2621440.00
    1005.055     1.000000     17696251   2995931.43
    1005.055     1.000000     17696251   3495253.33
    1005.567     1.000000     17696254   4194304.00
    1005.567     1.000000     17696254   4660337.78
    1005.567     1.000000     17696254   5242880.00
    1005.567     1.000000     17696254   5991862.86
    1005.567     1.000000     17696254   6990506.67
    1005.567     1.000000     17696254   8388608.00
    1006.079     1.000000     17696256   9320675.55
    1006.079     1.000000     17696256          inf
#[Mean    =        2.711, StdDeviation   =       12.335]
#[Max     =     1005.568, Total count    =     17696256]
#[Buckets =           27, SubBuckets     =         2048]
----------------------------------------------------------
  17997898 requests in 10.00m, 2.78GB read
Requests/sec:  29996.47
Transfer/sec:      4.75MB
