Running 10m test @ http://localhost:9999/math/plus?x=1&y=2
  16 threads and 400 connections
  Thread calibration: mean lat.: 59.426ms, rate sampling interval: 312ms
  Thread calibration: mean lat.: 36.854ms, rate sampling interval: 163ms
  Thread calibration: mean lat.: 76.175ms, rate sampling interval: 406ms
  Thread calibration: mean lat.: 29.310ms, rate sampling interval: 143ms
  Thread calibration: mean lat.: 68.960ms, rate sampling interval: 399ms
  Thread calibration: mean lat.: 82.074ms, rate sampling interval: 431ms
  Thread calibration: mean lat.: 51.085ms, rate sampling interval: 276ms
  Thread calibration: mean lat.: 42.948ms, rate sampling interval: 244ms
  Thread calibration: mean lat.: 58.017ms, rate sampling interval: 329ms
  Thread calibration: mean lat.: 51.471ms, rate sampling interval: 199ms
  Thread calibration: mean lat.: 32.580ms, rate sampling interval: 168ms
  Thread calibration: mean lat.: 61.822ms, rate sampling interval: 359ms
  Thread calibration: mean lat.: 38.160ms, rate sampling interval: 215ms
  Thread calibration: mean lat.: 52.886ms, rate sampling interval: 252ms
  Thread calibration: mean lat.: 35.432ms, rate sampling interval: 186ms
  Thread calibration: mean lat.: 90.526ms, rate sampling interval: 606ms
  Thread Stats   Avg      Stdev     Max   +/- Stdev
    Latency   963.46ms    3.52s    1.07m    95.31%
    Req/Sec     3.75k   449.51     8.17k    75.55%
  Latency Distribution (HdrHistogram - Recorded Latency)
 50.000%   95.04ms
 75.000%  439.30ms
 90.000%    1.81s 
 99.000%   17.29s 
 99.900%   45.15s 
 99.990%    1.01m 
 99.999%    1.06m 
100.000%    1.07m 

  Detailed Percentile spectrum:
       Value   Percentile   TotalCount 1/(1-Percentile)

       0.057     0.000000            1         1.00
       8.703     0.100000      3532883         1.11
      17.887     0.200000      7061372         1.25
      32.031     0.300000     10589676         1.43
      55.295     0.400000     14117446         1.67
      95.039     0.500000     17648765         2.00
     125.631     0.550000     19413383         2.22
     167.295     0.600000     21178889         2.50
     225.791     0.650000     22941756         2.86
     310.527     0.700000     24705091         3.33
     439.295     0.750000     26470168         4.00
     529.407     0.775000     27351555         4.44
     646.143     0.800000     28236194         5.00
     802.815     0.825000     29116922         5.71
    1019.391     0.850000     29998917         6.67
    1330.175     0.875000     30881787         8.00
    1544.191     0.887500     31322835         8.89
    1812.479     0.900000     31763821        10.00
    2160.639     0.912500     32206026        11.43
    2611.199     0.925000     32645687        13.33
    3250.175     0.937500     33086489        16.00
    3663.871     0.943750     33307419        17.78
    4151.295     0.950000     33527251        20.00
    4841.471     0.956250     33748852        22.86
    5820.415     0.962500     33968798        26.67
    7118.847     0.968750     34189081        32.00
    7909.375     0.971875     34299714        35.56
    8765.439     0.975000     34409634        40.00
    9748.479     0.978125     34520145        45.71
   10993.663     0.981250     34630395        53.33
   12763.135     0.984375     34740785        64.00
   13697.023     0.985938     34795516        71.11
   14925.823     0.987500     34850922        80.00
   16203.775     0.989062     34906079        91.43
   17907.711     0.990625     34961521       106.67
   19726.335     0.992188     35016327       128.00
   21020.671     0.992969     35043763       142.22
   22380.543     0.993750     35071413       160.00
   24150.015     0.994531     35098887       182.86
   26509.311     0.995313     35126475       213.33
   29474.815     0.996094     35154114       256.00
   31129.599     0.996484     35167785       284.44
   33030.143     0.996875     35181552       320.00
   33947.647     0.997266     35195602       365.71
   34996.223     0.997656     35209303       426.67
   38633.471     0.998047     35222914       512.00
   40370.175     0.998242     35229821       568.89
   42041.343     0.998437     35236683       640.00
   43253.759     0.998633     35243735       731.43
   44367.871     0.998828     35250484       853.33
   45318.143     0.999023     35257350      1024.00
   46071.807     0.999121     35260799      1137.78
   46989.311     0.999219     35264345      1280.00
   47644.671     0.999316     35267683      1462.86
   49250.303     0.999414     35271160      1706.67
   51118.079     0.999512     35274612      2048.00
   51675.135     0.999561     35276289      2275.56
   52035.583     0.999609     35278014      2560.00
   52494.335     0.999658     35279846      2925.71
   52920.319     0.999707     35281495      3413.33
   54034.431     0.999756     35283245      4096.00
   54493.183     0.999780     35284086      4551.11
   54919.167     0.999805     35284919      5120.00
   55541.759     0.999829     35285769      5851.43
   56131.583     0.999854     35286632      6826.67
   58163.199     0.999878     35287487      8192.00
   59506.687     0.999890     35287947      9102.22
   60588.031     0.999902     35288348     10240.00
   61767.679     0.999915     35288782     11702.86
   61997.055     0.999927     35289236     13653.33
   62160.895     0.999939     35289704     16384.00
   62226.431     0.999945     35289856     18204.44
   62357.503     0.999951     35290119     20480.00
   62455.807     0.999957     35290341     23405.71
   62521.343     0.999963     35290519     27306.67
   62652.415     0.999969     35290767     32768.00
   62717.951     0.999973     35290876     36408.89
   62783.487     0.999976     35290975     40960.00
   62816.255     0.999979     35291050     46811.43
   62914.559     0.999982     35291155     54613.33
   63012.863     0.999985     35291258     65536.00
   63078.399     0.999986     35291315     72817.78
   63209.471     0.999988     35291372     81920.00
   63373.311     0.999989     35291422     93622.86
   63438.847     0.999991     35291472    109226.67
   63537.151     0.999992     35291528    131072.00
   63602.687     0.999993     35291564    145635.56
   63733.759     0.999994     35291579    163840.00
   63799.295     0.999995     35291624    187245.71
   63832.063     0.999995     35291652    218453.33
   63864.831     0.999996     35291679    262144.00
   63864.831     0.999997     35291679    291271.11
   63897.599     0.999997     35291686    327680.00
   63963.135     0.999997     35291701    374491.43
   64028.671     0.999998     35291731    436906.67
   64028.671     0.999998     35291731    524288.00
   64061.439     0.999998     35291754    582542.22
   64061.439     0.999998     35291754    655360.00
   64061.439     0.999999     35291754    748982.86
   64061.439     0.999999     35291754    873813.33
   64094.207     0.999999     35291771   1048576.00
   64094.207     0.999999     35291771   1165084.44
   64094.207     0.999999     35291771   1310720.00
   64094.207     0.999999     35291771   1497965.71
   64126.975     0.999999     35291780   1747626.67
   64126.975     1.000000     35291780   2097152.00
   64126.975     1.000000     35291780   2330168.89
   64126.975     1.000000     35291780   2621440.00
   64159.743     1.000000     35291788   2995931.43
   64159.743     1.000000     35291788   3495253.33
   64159.743     1.000000     35291788   4194304.00
   64159.743     1.000000     35291788   4660337.78
   64159.743     1.000000     35291788   5242880.00
   64159.743     1.000000     35291788   5991862.86
   64159.743     1.000000     35291788   6990506.67
   64192.511     1.000000     35291789   8388608.00
   64225.279     1.000000     35291790   9320675.55
   64225.279     1.000000     35291790  10485760.00
   64258.047     1.000000     35291793  11983725.71
   64258.047     1.000000     35291793          inf
#[Mean    =      963.460, StdDeviation   =     3517.329]
#[Max     =    64225.280, Total count    =     35291793]
#[Buckets =           27, SubBuckets     =         2048]
----------------------------------------------------------
  35886140 requests in 10.00m, 5.55GB read
Requests/sec:  59810.00
Transfer/sec:      9.47MB
