Running 10m test @ http://localhost:9999/math/plus?x=1&y=2
  16 threads and 400 connections
  Thread calibration: mean lat.: 3.050ms, rate sampling interval: 12ms
  Thread calibration: mean lat.: 2.678ms, rate sampling interval: 11ms
  Thread calibration: mean lat.: 2.830ms, rate sampling interval: 12ms
  Thread calibration: mean lat.: 2.815ms, rate sampling interval: 11ms
  Thread calibration: mean lat.: 2.866ms, rate sampling interval: 12ms
  Thread calibration: mean lat.: 2.838ms, rate sampling interval: 12ms
  Thread calibration: mean lat.: 2.932ms, rate sampling interval: 12ms
  Thread calibration: mean lat.: 3.002ms, rate sampling interval: 12ms
  Thread calibration: mean lat.: 2.768ms, rate sampling interval: 11ms
  Thread calibration: mean lat.: 2.840ms, rate sampling interval: 11ms
  Thread calibration: mean lat.: 2.918ms, rate sampling interval: 11ms
  Thread calibration: mean lat.: 2.794ms, rate sampling interval: 12ms
  Thread calibration: mean lat.: 2.825ms, rate sampling interval: 12ms
  Thread calibration: mean lat.: 2.842ms, rate sampling interval: 11ms
  Thread calibration: mean lat.: 2.741ms, rate sampling interval: 11ms
  Thread calibration: mean lat.: 2.688ms, rate sampling interval: 11ms
  Thread Stats   Avg      Stdev     Max   +/- Stdev
    Latency     4.87ms   12.49ms   1.00s    98.10%
    Req/Sec     3.31k     0.93k   13.70k    75.26%
  Latency Distribution (HdrHistogram - Recorded Latency)
 50.000%    3.05ms
 75.000%    5.66ms
 90.000%    9.24ms
 99.000%   22.93ms
 99.900%  188.93ms
 99.990%  462.85ms
 99.999%  741.89ms
100.000%    1.00s 

  Detailed Percentile spectrum:
       Value   Percentile   TotalCount 1/(1-Percentile)

       0.069     0.000000            1         1.00
       0.920     0.100000      2949947         1.11
       1.368     0.200000      5899397         1.25
       1.827     0.300000      8852245         1.43
       2.375     0.400000     11803483         1.67
       3.047     0.500000     14753337         2.00
       3.437     0.550000     16226667         2.22
       3.869     0.600000     17696818         2.50
       4.363     0.650000     19172282         2.86
       4.947     0.700000     20645936         3.33
       5.659     0.750000     22124470         4.00
       6.071     0.775000     22862772         4.44
       6.535     0.800000     23596123         5.00
       7.055     0.825000     24334391         5.71
       7.643     0.850000     25073240         6.67
       8.311     0.875000     25808769         8.00
       8.735     0.887500     26175710         8.89
       9.239     0.900000     26547053        10.00
       9.807     0.912500     26914366        11.43
      10.479     0.925000     27283802        13.33
      11.263     0.937500     27651339        16.00
      11.695     0.943750     27837555        17.78
      12.151     0.950000     28019735        20.00
      12.767     0.956250     28204163        22.86
      13.559     0.962500     28388396        26.67
      14.535     0.968750     28573344        32.00
      15.095     0.971875     28664270        35.56
      15.719     0.975000     28756935        40.00
      16.431     0.978125     28849800        45.71
      17.471     0.981250     28941461        53.33
      18.815     0.984375     29033763        64.00
      19.599     0.985938     29079203        71.11
      20.527     0.987500     29125251        80.00
      21.903     0.989062     29171493        91.43
      23.679     0.990625     29217399       106.67
      26.415     0.992188     29263312       128.00
      28.383     0.992969     29286435       142.22
      31.375     0.993750     29309479       160.00
      35.839     0.994531     29332445       182.86
      42.719     0.995313     29355553       213.33
      53.087     0.996094     29378566       256.00
      59.999     0.996484     29390087       284.44
      68.735     0.996875     29401627       320.00
      79.551     0.997266     29413135       365.71
      93.439     0.997656     29424641       426.67
     111.743     0.998047     29436141       512.00
     122.815     0.998242     29441887       568.89
     135.807     0.998437     29447665       640.00
     150.911     0.998633     29453443       731.43
     169.343     0.998828     29459181       853.33
     192.127     0.999023     29464931      1024.00
     205.439     0.999121     29467820      1137.78
     220.031     0.999219     29470699      1280.00
     236.671     0.999316     29473561      1462.86
     255.487     0.999414     29476442      1706.67
     277.759     0.999512     29479333      2048.00
     290.047     0.999561     29480771      2275.56
     304.383     0.999609     29482212      2560.00
     320.511     0.999658     29483656      2925.71
     339.199     0.999707     29485093      3413.33
     361.727     0.999756     29486536      4096.00
     374.015     0.999780     29487259      4551.11
     386.815     0.999805     29487971      5120.00
     400.383     0.999829     29488682      5851.43
     416.767     0.999854     29489413      6826.67
     437.759     0.999878     29490123      8192.00
     451.071     0.999890     29490489      9102.22
     465.407     0.999902     29490849     10240.00
     483.327     0.999915     29491203     11702.86
     511.999     0.999927     29491565     13653.33
     540.671     0.999939     29491927     16384.00
     555.007     0.999945     29492107     18204.44
     566.783     0.999951     29492282     20480.00
     580.607     0.999957     29492471     23405.71
     606.719     0.999963     29492643     27306.67
     638.463     0.999969     29492824     32768.00
     653.823     0.999973     29492912     36408.89
     668.159     0.999976     29493003     40960.00
     684.031     0.999979     29493094     46811.43
     697.343     0.999982     29493184     54613.33
     715.775     0.999985     29493274     65536.00
     724.991     0.999986     29493318     72817.78
     733.183     0.999988     29493362     81920.00
     739.839     0.999989     29493408     93622.86
     746.495     0.999991     29493454    109226.67
     755.199     0.999992     29493497    131072.00
     764.415     0.999993     29493521    145635.56
     776.191     0.999994     29493543    163840.00
     813.567     0.999995     29493565    187245.71
     831.999     0.999995     29493587    218453.33
     841.727     0.999996     29493611    262144.00
     844.799     0.999997     29493625    291271.11
     846.847     0.999997     29493632    327680.00
     852.991     0.999997     29493644    374491.43
     862.719     0.999998     29493655    436906.67
     875.007     0.999998     29493666    524288.00
     902.143     0.999998     29493672    582542.22
     905.727     0.999998     29493678    655360.00
     917.503     0.999999     29493683    748982.86
     944.127     0.999999     29493689    873813.33
     968.703     0.999999     29493694   1048576.00
     975.871     0.999999     29493697   1165084.44
     978.431     0.999999     29493700   1310720.00
     986.623     0.999999     29493704   1497965.71
     989.183     0.999999     29493706   1747626.67
     989.695     1.000000     29493708   2097152.00
     990.719     1.000000     29493710   2330168.89
     991.743     1.000000     29493711   2621440.00
     992.255     1.000000     29493714   2995931.43
     992.255     1.000000     29493714   3495253.33
     994.303     1.000000     29493715   4194304.00
     995.839     1.000000     29493716   4660337.78
     996.863     1.000000     29493717   5242880.00
     997.887     1.000000     29493718   5991862.86
     997.887     1.000000     29493718   6990506.67
     998.399     1.000000     29493719   8388608.00
     998.399     1.000000     29493719   9320675.55
     999.423     1.000000     29493720  10485760.00
     999.423     1.000000     29493720  11983725.71
     999.423     1.000000     29493720  13981013.34
    1004.031     1.000000     29493721  16777216.00
    1004.031     1.000000     29493721  18641351.10
    1004.031     1.000000     29493721  20971519.98
    1004.031     1.000000     29493721  23967451.45
    1004.031     1.000000     29493721  27962026.68
    1004.543     1.000000     29493722  33554432.00
    1004.543     1.000000     29493722          inf
#[Mean    =        4.872, StdDeviation   =       12.487]
#[Max     =     1004.032, Total count    =     29493722]
#[Buckets =           27, SubBuckets     =         2048]
----------------------------------------------------------
  29996776 requests in 10.00m, 4.64GB read
Requests/sec:  49994.72
Transfer/sec:      7.91MB
