Running 10m test @ http://localhost:9999/math/plus?x=1&y=2
  16 threads and 400 connections
  Thread calibration: mean lat.: 2.151ms, rate sampling interval: 10ms
  Thread calibration: mean lat.: 18.712ms, rate sampling interval: 10ms
  Thread calibration: mean lat.: 1.946ms, rate sampling interval: 10ms
  Thread calibration: mean lat.: 40.078ms, rate sampling interval: 14ms
  Thread calibration: mean lat.: 40.443ms, rate sampling interval: 15ms
  Thread calibration: mean lat.: 40.406ms, rate sampling interval: 14ms
  Thread calibration: mean lat.: 14.634ms, rate sampling interval: 10ms
  Thread calibration: mean lat.: 1.984ms, rate sampling interval: 10ms
  Thread calibration: mean lat.: 6.089ms, rate sampling interval: 10ms
  Thread calibration: mean lat.: 1.905ms, rate sampling interval: 10ms
  Thread calibration: mean lat.: 10.373ms, rate sampling interval: 10ms
  Thread calibration: mean lat.: 2.119ms, rate sampling interval: 10ms
  Thread calibration: mean lat.: 2.029ms, rate sampling interval: 10ms
  Thread calibration: mean lat.: 1.453ms, rate sampling interval: 10ms
  Thread calibration: mean lat.: 44.556ms, rate sampling interval: 21ms
  Thread calibration: mean lat.: 18.946ms, rate sampling interval: 10ms
  Thread Stats   Avg      Stdev     Max   +/- Stdev
    Latency     1.91ms   14.61ms   1.00s    99.78%
    Req/Sec     1.98k   547.10    10.67k    75.71%
  Latency Distribution (HdrHistogram - Recorded Latency)
 50.000%    1.18ms
 75.000%    1.83ms
 90.000%    3.08ms
 99.000%    8.04ms
 99.900%   25.66ms
 99.990%  842.75ms
 99.999%  983.55ms
100.000%    1.00s 

  Detailed Percentile spectrum:
       Value   Percentile   TotalCount 1/(1-Percentile)

       0.063     0.000000            1         1.00
       0.447     0.100000      1769873         1.11
       0.659     0.200000      3548095         1.25
       0.841     0.300000      5315763         1.43
       1.011     0.400000      7084034         1.67
       1.179     0.500000      8852197         2.00
       1.272     0.550000      9737368         2.22
       1.377     0.600000     10624829         2.50
       1.497     0.650000     11503908         2.86
       1.641     0.700000     12388539         3.33
       1.826     0.750000     13275896         4.00
       1.943     0.775000     13717054         4.44
       2.087     0.800000     14162555         5.00
       2.261     0.825000     14602347         5.71
       2.475     0.850000     15045576         6.67
       2.739     0.875000     15486862         8.00
       2.897     0.887500     15706576         8.89
       3.079     0.900000     15927639        10.00
       3.293     0.912500     16148176        11.43
       3.555     0.925000     16369112        13.33
       3.881     0.937500     16591152        16.00
       4.075     0.943750     16701793        17.78
       4.295     0.950000     16812222        20.00
       4.547     0.956250     16922200        22.86
       4.843     0.962500     17032915        26.67
       5.187     0.968750     17143698        32.00
       5.387     0.971875     17199157        35.56
       5.619     0.975000     17254438        40.00
       5.895     0.978125     17309524        45.71
       6.235     0.981250     17364894        53.33
       6.659     0.984375     17419932        64.00
       6.931     0.985938     17447545        71.11
       7.279     0.987500     17475198        80.00
       7.727     0.989062     17502809        91.43
       8.279     0.990625     17530601       106.67
       9.031     0.992188     17558229       128.00
       9.495     0.992969     17572043       142.22
      10.063     0.993750     17585754       160.00
      10.751     0.994531     17599513       182.86
      11.639     0.995313     17613437       213.33
      12.647     0.996094     17627225       256.00
      13.279     0.996484     17634134       284.44
      14.015     0.996875     17640997       320.00
      14.927     0.997266     17647900       365.71
      16.095     0.997656     17654817       426.67
      17.631     0.998047     17661774       512.00
      18.575     0.998242     17665204       568.89
      19.759     0.998437     17668681       640.00
      21.295     0.998633     17672115       731.43
      23.343     0.998828     17675559       853.33
      26.127     0.999023     17679012      1024.00
      28.319     0.999121     17680731      1137.78
      31.279     0.999219     17682461      1280.00
      36.031     0.999316     17684186      1462.86
      77.119     0.999414     17685915      1706.67
     232.063     0.999512     17687642      2048.00
     309.247     0.999561     17688506      2275.56
     384.767     0.999609     17689372      2560.00
     462.335     0.999658     17690236      2925.71
     539.135     0.999707     17691102      3413.33
     616.447     0.999756     17691966      4096.00
     654.847     0.999780     17692394      4551.11
     691.711     0.999805     17692826      5120.00
     730.623     0.999829     17693267      5851.43
     769.535     0.999854     17693693      6826.67
     808.447     0.999878     17694131      8192.00
     826.879     0.999890     17694338      9102.22
     845.311     0.999902     17694554     10240.00
     864.255     0.999915     17694771     11702.86
     884.735     0.999927     17694992     13653.33
     903.679     0.999939     17695210     16384.00
     912.895     0.999945     17695310     18204.44
     923.135     0.999951     17695423     20480.00
     931.839     0.999957     17695529     23405.71
     942.079     0.999963     17695639     27306.67
     951.295     0.999969     17695742     32768.00
     956.415     0.999973     17695797     36408.89
     962.047     0.999976     17695850     40960.00
     966.143     0.999979     17695906     46811.43
     970.239     0.999982     17695960     54613.33
     976.383     0.999985     17696014     65536.00
     977.919     0.999986     17696046     72817.78
     980.991     0.999988     17696070     81920.00
     982.527     0.999989     17696094     93622.86
     984.575     0.999991     17696124    109226.67
     988.671     0.999992     17696154    131072.00
     989.695     0.999993     17696173    145635.56
     990.207     0.999994     17696183    163840.00
     990.719     0.999995     17696196    187245.71
     991.231     0.999995     17696202    218453.33
     993.279     0.999996     17696216    262144.00
     994.815     0.999997     17696223    291271.11
     995.327     0.999997     17696235    327680.00
     995.327     0.999997     17696235    374491.43
     995.839     0.999998     17696244    436906.67
     996.863     0.999998     17696249    524288.00
     998.399     0.999998     17696254    582542.22
     999.935     0.999998     17696256    655360.00
    1001.983     0.999999     17696266    748982.86
    1001.983     0.999999     17696266    873813.33
    1001.983     0.999999     17696266   1048576.00
    1002.495     0.999999     17696274   1165084.44
    1002.495     0.999999     17696274   1310720.00
    1002.495     0.999999     17696274   1497965.71
    1002.495     0.999999     17696274   1747626.67
    1002.495     1.000000     17696274   2097152.00
    1003.007     1.000000     17696277   2330168.89
    1003.007     1.000000     17696277   2621440.00
    1003.007     1.000000     17696277   2995931.43
    1003.007     1.000000     17696277   3495253.33
    1003.519     1.000000     17696282   4194304.00
    1003.519     1.000000     17696282          inf
#[Mean    =        1.913, StdDeviation   =       14.609]
#[Max     =     1003.008, Total count    =     17696282]
#[Buckets =           27, SubBuckets     =         2048]
----------------------------------------------------------
  17996294 requests in 10.00m, 2.78GB read
Requests/sec:  29993.84
Transfer/sec:      4.75MB
