Running 10m test @ http://localhost:9999/math/plus?x=1&y=2
  16 threads and 400 connections
  Thread calibration: mean lat.: 1.265ms, rate sampling interval: 10ms
  Thread calibration: mean lat.: 27.026ms, rate sampling interval: 10ms
  Thread calibration: mean lat.: 17.964ms, rate sampling interval: 10ms
  Thread calibration: mean lat.: 21.724ms, rate sampling interval: 10ms
  Thread calibration: mean lat.: 22.778ms, rate sampling interval: 10ms
  Thread calibration: mean lat.: 1.265ms, rate sampling interval: 10ms
  Thread calibration: mean lat.: 1.218ms, rate sampling interval: 10ms
  Thread calibration: mean lat.: 10.009ms, rate sampling interval: 10ms
  Thread calibration: mean lat.: 1.203ms, rate sampling interval: 10ms
  Thread calibration: mean lat.: 9.601ms, rate sampling interval: 10ms
  Thread calibration: mean lat.: 27.050ms, rate sampling interval: 10ms
  Thread calibration: mean lat.: 35.241ms, rate sampling interval: 10ms
  Thread calibration: mean lat.: 1.337ms, rate sampling interval: 10ms
  Thread calibration: mean lat.: 21.938ms, rate sampling interval: 10ms
  Thread calibration: mean lat.: 1.338ms, rate sampling interval: 10ms
  Thread calibration: mean lat.: 1.201ms, rate sampling interval: 10ms
  Thread Stats   Avg      Stdev     Max   +/- Stdev
    Latency     1.34ms    8.46ms   1.01s    99.63%
    Req/Sec     1.98k   388.94     8.22k    82.22%
  Latency Distribution (HdrHistogram - Recorded Latency)
 50.000%    1.06ms
 75.000%    1.47ms
 90.000%    1.99ms
 99.000%    5.72ms
 99.900%   15.14ms
 99.990%  527.87ms
 99.999%  952.32ms
100.000%    1.01s 

  Detailed Percentile spectrum:
       Value   Percentile   TotalCount 1/(1-Percentile)

       0.069     0.000000            3         1.00
       0.407     0.100000      1775235         1.11
       0.599     0.200000      3542020         1.25
       0.765     0.300000      5313445         1.43
       0.917     0.400000      7089591         1.67
       1.061     0.500000      8858553         2.00
       1.132     0.550000      9744064         2.22
       1.205     0.600000     10628907         2.50
       1.283     0.650000     11512568         2.86
       1.371     0.700000     12389172         3.33
       1.474     0.750000     13273955         4.00
       1.533     0.775000     13716642         4.44
       1.598     0.800000     14157189         5.00
       1.672     0.825000     14603402         5.71
       1.756     0.850000     15042211         6.67
       1.859     0.875000     15485046         8.00
       1.921     0.887500     15706703         8.89
       1.994     0.900000     15928696        10.00
       2.081     0.912500     16148446        11.43
       2.189     0.925000     16369907        13.33
       2.329     0.937500     16590387        16.00
       2.417     0.943750     16701898        17.78
       2.519     0.950000     16812209        20.00
       2.641     0.956250     16922160        22.86
       2.797     0.962500     17032797        26.67
       3.007     0.968750     17143868        32.00
       3.139     0.971875     17198760        35.56
       3.301     0.975000     17254106        40.00
       3.495     0.978125     17309151        45.71
       3.743     0.981250     17364437        53.33
       4.079     0.984375     17419791        64.00
       4.339     0.985938     17447648        71.11
       4.739     0.987500     17475009        80.00
       5.327     0.989062     17502650        91.43
       6.015     0.990625     17530245       106.67
       6.835     0.992188     17557951       128.00
       7.235     0.992969     17571838       142.22
       7.691     0.993750     17585625       160.00
       8.223     0.994531     17599398       182.86
       8.975     0.995313     17613324       213.33
       9.639     0.996094     17627119       256.00
      10.015     0.996484     17633933       284.44
      10.495     0.996875     17640935       320.00
      10.927     0.997266     17647853       365.71
      11.519     0.997656     17654742       426.67
      12.239     0.998047     17661622       512.00
      12.695     0.998242     17665058       568.89
      13.151     0.998437     17668496       640.00
      13.623     0.998633     17671952       731.43
      14.319     0.998828     17675431       853.33
      15.279     0.999023     17678877      1024.00
      15.791     0.999121     17680597      1137.78
      16.375     0.999219     17682326      1280.00
      17.135     0.999316     17684089      1462.86
      18.175     0.999414     17685784      1706.67
      19.615     0.999512     17687510      2048.00
      20.559     0.999561     17688374      2275.56
      21.839     0.999609     17689236      2560.00
      23.407     0.999658     17690105      2925.71
      25.871     0.999707     17690962      3413.33
      30.495     0.999756     17691826      4096.00
      34.879     0.999780     17692257      4551.11
      77.631     0.999805     17692690      5120.00
     192.511     0.999829     17693121      5851.43
     308.479     0.999854     17693553      6826.67
     423.679     0.999878     17693987      8192.00
     480.767     0.999890     17694201      9102.22
     539.135     0.999902     17694417     10240.00
     596.991     0.999915     17694634     11702.86
     653.311     0.999927     17694850     13653.33
     710.655     0.999939     17695065     16384.00
     739.839     0.999945     17695176     18204.44
     769.023     0.999951     17695282     20480.00
     797.183     0.999957     17695389     23405.71
     826.367     0.999963     17695499     27306.67
     855.551     0.999969     17695606     32768.00
     870.399     0.999973     17695659     36408.89
     884.223     0.999976     17695714     40960.00
     898.047     0.999979     17695767     46811.43
     912.383     0.999982     17695821     54613.33
     926.719     0.999985     17695875     65536.00
     933.887     0.999986     17695902     72817.78
     941.567     0.999988     17695930     81920.00
     949.247     0.999989     17695958     93622.86
     956.415     0.999991     17695983    109226.67
     963.583     0.999992     17696011    131072.00
     966.655     0.999993     17696024    145635.56
     970.239     0.999994     17696037    163840.00
     974.335     0.999995     17696052    187245.71
     977.407     0.999995     17696065    218453.33
     981.503     0.999996     17696078    262144.00
     983.551     0.999997     17696085    291271.11
     985.599     0.999997     17696095    327680.00
     986.111     0.999997     17696098    374491.43
     989.183     0.999998     17696105    436906.67
     991.231     0.999998     17696112    524288.00
     992.255     0.999998     17696116    582542.22
     993.279     0.999998     17696120    655360.00
     993.791     0.999999     17696122    748982.86
     995.327     0.999999     17696126    873813.33
     996.351     0.999999     17696129   1048576.00
     997.375     0.999999     17696131   1165084.44
     998.399     0.999999     17696132   1310720.00
    1000.959     0.999999     17696134   1497965.71
    1001.471     0.999999     17696135   1747626.67
    1003.007     1.000000     17696137   2097152.00
    1004.543     1.000000     17696138   2330168.89
    1005.567     1.000000     17696139   2621440.00
    1006.591     1.000000     17696142   2995931.43
    1006.591     1.000000     17696142   3495253.33
    1006.591     1.000000     17696142   4194304.00
    1006.591     1.000000     17696142   4660337.78
    1006.591     1.000000     17696142   5242880.00
    1007.615     1.000000     17696143   5991862.86
    1007.615     1.000000     17696143   6990506.67
    1007.615     1.000000     17696143   8388608.00
    1008.639     1.000000     17696144   9320675.55
    1008.639     1.000000     17696144  10485760.00
    1008.639     1.000000     17696144  11983725.71
    1008.639     1.000000     17696144  13981013.34
    1008.639     1.000000     17696144  16777216.00
    1009.151     1.000000     17696145  18641351.10
    1009.151     1.000000     17696145          inf
#[Mean    =        1.339, StdDeviation   =        8.458]
#[Max     =     1008.640, Total count    =     17696145]
#[Buckets =           27, SubBuckets     =         2048]
----------------------------------------------------------
  17996350 requests in 10.00m, 2.78GB read
Requests/sec:  29993.89
Transfer/sec:      4.75MB
