Running 10m test @ http://localhost:9999/math/plus?x=1&y=2
  16 threads and 400 connections
  Thread calibration: mean lat.: 61.851ms, rate sampling interval: 262ms
  Thread calibration: mean lat.: 24.224ms, rate sampling interval: 13ms
  Thread calibration: mean lat.: 2.642ms, rate sampling interval: 11ms
  Thread calibration: mean lat.: 2.339ms, rate sampling interval: 10ms
  Thread calibration: mean lat.: 10.784ms, rate sampling interval: 10ms
  Thread calibration: mean lat.: 2.785ms, rate sampling interval: 11ms
  Thread calibration: mean lat.: 1.970ms, rate sampling interval: 10ms
  Thread calibration: mean lat.: 2.728ms, rate sampling interval: 11ms
  Thread calibration: mean lat.: 24.351ms, rate sampling interval: 13ms
  Thread calibration: mean lat.: 2.395ms, rate sampling interval: 10ms
  Thread calibration: mean lat.: 66.378ms, rate sampling interval: 401ms
  Thread calibration: mean lat.: 27.768ms, rate sampling interval: 11ms
  Thread calibration: mean lat.: 27.640ms, rate sampling interval: 14ms
  Thread calibration: mean lat.: 2.383ms, rate sampling interval: 10ms
  Thread calibration: mean lat.: 10.828ms, rate sampling interval: 10ms
  Thread calibration: mean lat.: 75.026ms, rate sampling interval: 581ms
  Thread Stats   Avg      Stdev     Max   +/- Stdev
    Latency     2.89ms   16.90ms   1.01s    99.91%
    Req/Sec   657.10    664.14     2.80k    84.49%
  Latency Distribution (HdrHistogram - Recorded Latency)
 50.000%    1.90ms
 75.000%    3.08ms
 90.000%    4.76ms
 99.000%   10.39ms
 99.900%   18.01ms
 99.990%  883.71ms
 99.999%  993.28ms
100.000%    1.01s 

  Detailed Percentile spectrum:
       Value   Percentile   TotalCount 1/(1-Percentile)

       0.083     0.000000            2         1.00
       0.757     0.100000       590467         1.11
       1.058     0.200000      1181754         1.25
       1.311     0.300000      1769739         1.43
       1.584     0.400000      2360472         1.67
       1.905     0.500000      2949751         2.00
       2.087     0.550000      3244771         2.22
       2.289     0.600000      3539412         2.50
       2.517     0.650000      3836243         2.86
       2.775     0.700000      4130751         3.33
       3.083     0.750000      4425314         4.00
       3.265     0.775000      4572840         4.44
       3.467     0.800000      4719717         5.00
       3.699     0.825000      4866867         5.71
       3.969     0.850000      5014812         6.67
       4.303     0.875000      5162467         8.00
       4.507     0.887500      5235110         8.89
       4.755     0.900000      5309562        10.00
       5.051     0.912500      5382729        11.43
       5.407     0.925000      5456437        13.33
       5.855     0.937500      5530385        16.00
       6.127     0.943750      5567339        17.78
       6.439     0.950000      5604167        20.00
       6.799     0.956250      5640972        22.86
       7.223     0.962500      5677663        26.67
       7.687     0.968750      5714526        32.00
       7.911     0.971875      5733035        35.56
       8.187     0.975000      5751261        40.00
       8.519     0.978125      5770047        45.71
       8.887     0.981250      5788307        53.33
       9.319     0.984375      5806533        64.00
       9.575     0.985938      5816007        71.11
       9.847     0.987500      5825021        80.00
      10.175     0.989062      5834288        91.43
      10.551     0.990625      5843489       106.67
      10.999     0.992188      5852696       128.00
      11.263     0.992969      5857257       142.22
      11.519     0.993750      5861862       160.00
      11.799     0.994531      5866451       182.86
      12.119     0.995313      5871093       213.33
      12.559     0.996094      5875683       256.00
      12.823     0.996484      5877963       284.44
      13.135     0.996875      5880279       320.00
      13.535     0.997266      5882567       365.71
      13.999     0.997656      5884893       426.67
      14.591     0.998047      5887185       512.00
      14.967     0.998242      5888338       568.89
      15.431     0.998437      5889485       640.00
      15.927     0.998633      5890631       731.43
      16.751     0.998828      5891780       853.33
      18.223     0.999023      5892930      1024.00
      20.111     0.999121      5893504      1137.78
      83.135     0.999219      5894078      1280.00
     196.479     0.999316      5894654      1462.86
     307.711     0.999414      5895230      1706.67
     423.167     0.999512      5895807      2048.00
     484.095     0.999561      5896094      2275.56
     541.183     0.999609      5896382      2560.00
     599.551     0.999658      5896670      2925.71
     656.895     0.999707      5896960      3413.33
     715.263     0.999756      5897246      4096.00
     741.887     0.999780      5897391      4551.11
     770.047     0.999805      5897534      5120.00
     801.279     0.999829      5897678      5851.43
     826.879     0.999854      5897824      6826.67
     859.647     0.999878      5897968      8192.00
     871.935     0.999890      5898038      9102.22
     886.783     0.999902      5898112     10240.00
     902.143     0.999915      5898188     11702.86
     917.503     0.999927      5898254     13653.33
     927.743     0.999939      5898327     16384.00
     938.495     0.999945      5898364     18204.44
     943.615     0.999951      5898400     20480.00
     949.247     0.999957      5898434     23405.71
     960.511     0.999963      5898470     27306.67
     966.143     0.999969      5898509     32768.00
     969.215     0.999973      5898525     36408.89
     973.311     0.999976      5898543     40960.00
     976.895     0.999979      5898561     46811.43
     980.479     0.999982      5898580     54613.33
     982.527     0.999985      5898600     65536.00
     983.039     0.999986      5898606     72817.78
     985.087     0.999988      5898616     81920.00
     990.207     0.999989      5898623     93622.86
     995.839     0.999991      5898632    109226.67
     998.399     0.999992      5898641    131072.00
     999.935     0.999993      5898650    145635.56
     999.935     0.999994      5898650    163840.00
    1000.959     0.999995      5898657    187245.71
    1001.983     0.999995      5898662    218453.33
    1002.495     0.999996      5898665    262144.00
    1003.007     0.999997      5898671    291271.11
    1003.007     0.999997      5898671    327680.00
    1003.007     0.999997      5898671    374491.43
    1003.519     0.999998      5898674    436906.67
    1004.543     0.999998      5898677    524288.00
    1004.543     0.999998      5898677    582542.22
    1004.543     0.999998      5898677    655360.00
    1005.055     0.999999      5898683    748982.86
    1005.055     0.999999      5898683    873813.33
    1005.055     0.999999      5898683   1048576.00
    1005.055     0.999999      5898683   1165084.44
    1005.055     0.999999      5898683   1310720.00
    1005.055     0.999999      5898683   1497965.71
    1005.055     0.999999      5898683   1747626.67
    1005.567     1.000000      5898685   2097152.00
    1005.567     1.000000      5898685   2330168.89
    1005.567     1.000000      5898685   2621440.00
    1005.567     1.000000      5898685   2995931.43
    1005.567     1.000000      5898685   3495253.33
    1005.567     1.000000      5898685   4194304.00
    1005.567     1.000000      5898685   4660337.78
    1005.567     1.000000      5898685   5242880.00
    1007.615     1.000000      5898686   5991862.86
    1007.615     1.000000      5898686          inf
#[Mean    =        2.886, StdDeviation   =       16.904]
#[Max     =     1007.104, Total count    =      5898686]
#[Buckets =           27, SubBuckets     =         2048]
----------------------------------------------------------
  5997678 requests in 10.00m, 0.93GB read
Requests/sec:   9996.12
Transfer/sec:      1.58MB
