Running 10m test @ http://localhost:9999/math/plus?x=1&y=2
  16 threads and 400 connections
  Thread calibration: mean lat.: 1.929ms, rate sampling interval: 10ms
  Thread calibration: mean lat.: 1.739ms, rate sampling interval: 10ms
  Thread calibration: mean lat.: 1.591ms, rate sampling interval: 10ms
  Thread calibration: mean lat.: 1.776ms, rate sampling interval: 10ms
  Thread calibration: mean lat.: 1.734ms, rate sampling interval: 10ms
  Thread calibration: mean lat.: 1.775ms, rate sampling interval: 10ms
  Thread calibration: mean lat.: 18.315ms, rate sampling interval: 10ms
  Thread calibration: mean lat.: 1.615ms, rate sampling interval: 10ms
  Thread calibration: mean lat.: 2.030ms, rate sampling interval: 10ms
  Thread calibration: mean lat.: 1.804ms, rate sampling interval: 10ms
  Thread calibration: mean lat.: 18.101ms, rate sampling interval: 10ms
  Thread calibration: mean lat.: 14.226ms, rate sampling interval: 10ms
  Thread calibration: mean lat.: 1.828ms, rate sampling interval: 10ms
  Thread calibration: mean lat.: 10.268ms, rate sampling interval: 10ms
  Thread calibration: mean lat.: 13.988ms, rate sampling interval: 10ms
  Thread calibration: mean lat.: 1.611ms, rate sampling interval: 10ms
  Thread Stats   Avg      Stdev     Max   +/- Stdev
    Latency     1.55ms    2.42ms  68.67ms   95.16%
    Req/Sec     1.98k   610.29    12.40k    80.01%
  Latency Distribution (HdrHistogram - Recorded Latency)
 50.000%    1.08ms
 75.000%    1.53ms
 90.000%    2.19ms
 99.000%   13.58ms
 99.900%   28.61ms
 99.990%   41.18ms
 99.999%   51.26ms
100.000%   68.74ms

  Detailed Percentile spectrum:
       Value   Percentile   TotalCount 1/(1-Percentile)

       0.069     0.000000            1         1.00
       0.433     0.100000      1777704         1.11
       0.621     0.200000      3543112         1.25
       0.783     0.300000      5310919         1.43
       0.934     0.400000      7087377         1.67
       1.081     0.500000      8859235         2.00
       1.155     0.550000      9741682         2.22
       1.234     0.600000     10625085         2.50
       1.320     0.650000     11511125         2.86
       1.416     0.700000     12387733         3.33
       1.528     0.750000     13273808         4.00
       1.592     0.775000     13714412         4.44
       1.664     0.800000     14160224         5.00
       1.747     0.825000     14603287         5.71
       1.847     0.850000     15042277         6.67
       1.981     0.875000     15485263         8.00
       2.073     0.887500     15709362         8.89
       2.191     0.900000     15928952        10.00
       2.357     0.912500     16147846        11.43
       2.615     0.925000     16368852        13.33
       3.055     0.937500     16590013        16.00
       3.399     0.943750     16700452        17.78
       3.849     0.950000     16811364        20.00
       4.391     0.956250     16921690        22.86
       5.111     0.962500     17032422        26.67
       6.059     0.968750     17143018        32.00
       6.683     0.971875     17198304        35.56
       7.423     0.975000     17253428        40.00
       8.263     0.978125     17308802        45.71
       9.263     0.981250     17364318        53.33
      10.431     0.984375     17419392        64.00
      11.135     0.985938     17446976        71.11
      11.959     0.987500     17474655        80.00
      12.935     0.989062     17502297        91.43
      14.047     0.990625     17529943       106.67
      15.351     0.992188     17557653       128.00
      16.095     0.992969     17571467       142.22
      16.911     0.993750     17585241       160.00
      17.807     0.994531     17599183       182.86
      18.815     0.995313     17612881       213.33
      20.031     0.996094     17626708       256.00
      20.735     0.996484     17633740       284.44
      21.487     0.996875     17640560       320.00
      22.335     0.997266     17647499       365.71
      23.311     0.997656     17654391       426.67
      24.431     0.998047     17661242       512.00
      25.087     0.998242     17664754       568.89
      25.791     0.998437     17668159       640.00
      26.639     0.998633     17671630       731.43
      27.631     0.998828     17675090       853.33
      28.751     0.999023     17678567      1024.00
      29.407     0.999121     17680277      1137.78
      30.095     0.999219     17681984      1280.00
      30.895     0.999316     17683725      1462.86
      31.791     0.999414     17685450      1706.67
      32.863     0.999512     17687200      2048.00
      33.503     0.999561     17688061      2275.56
      34.175     0.999609     17688897      2560.00
      34.943     0.999658     17689770      2925.71
      35.775     0.999707     17690624      3413.33
      36.703     0.999756     17691503      4096.00
      37.247     0.999780     17691940      4551.11
      37.823     0.999805     17692360      5120.00
      38.527     0.999829     17692786      5851.43
      39.263     0.999854     17693223      6826.67
      40.223     0.999878     17693654      8192.00
      40.735     0.999890     17693868      9102.22
      41.311     0.999902     17694088     10240.00
      41.919     0.999915     17694296     11702.86
      42.751     0.999927     17694515     13653.33
      43.583     0.999939     17694724     16384.00
      44.095     0.999945     17694832     18204.44
      44.671     0.999951     17694944     20480.00
      45.279     0.999957     17695053     23405.71
      46.015     0.999963     17695158     27306.67
      46.687     0.999969     17695267     32768.00
      47.167     0.999973     17695320     36408.89
      47.679     0.999976     17695373     40960.00
      48.287     0.999979     17695426     46811.43
      48.831     0.999982     17695485     54613.33
      49.503     0.999985     17695535     65536.00
      49.983     0.999986     17695562     72817.78
      50.431     0.999988     17695589     81920.00
      50.943     0.999989     17695618     93622.86
      51.807     0.999991     17695644    109226.67
      52.479     0.999992     17695669    131072.00
      52.799     0.999993     17695683    145635.56
      53.183     0.999994     17695697    163840.00
      53.663     0.999995     17695710    187245.71
      54.079     0.999995     17695723    218453.33
      54.655     0.999996     17695737    262144.00
      55.007     0.999997     17695744    291271.11
      55.327     0.999997     17695750    327680.00
      55.839     0.999997     17695757    374491.43
      56.127     0.999998     17695764    436906.67
      56.703     0.999998     17695772    524288.00
      56.799     0.999998     17695775    582542.22
      57.343     0.999998     17695777    655360.00
      57.503     0.999999     17695781    748982.86
      58.303     0.999999     17695784    873813.33
      59.359     0.999999     17695788   1048576.00
      59.391     0.999999     17695789   1165084.44
      60.511     0.999999     17695791   1310720.00
      60.607     0.999999     17695793   1497965.71
      60.639     0.999999     17695794   1747626.67
      63.039     1.000000     17695796   2097152.00
      63.135     1.000000     17695797   2330168.89
      63.583     1.000000     17695798   2621440.00
      64.191     1.000000     17695799   2995931.43
      64.191     1.000000     17695799   3495253.33
      65.183     1.000000     17695800   4194304.00
      65.791     1.000000     17695801   4660337.78
      65.791     1.000000     17695801   5242880.00
      67.135     1.000000     17695802   5991862.86
      67.135     1.000000     17695802   6990506.67
      67.135     1.000000     17695802   8388608.00
      68.223     1.000000     17695803   9320675.55
      68.223     1.000000     17695803  10485760.00
      68.223     1.000000     17695803  11983725.71
      68.223     1.000000     17695803  13981013.34
      68.223     1.000000     17695803  16777216.00
      68.735     1.000000     17695804  18641351.10
      68.735     1.000000     17695804          inf
#[Mean    =        1.548, StdDeviation   =        2.420]
#[Max     =       68.672, Total count    =     17695804]
#[Buckets =           27, SubBuckets     =         2048]
----------------------------------------------------------
  17992579 requests in 10.00m, 2.78GB read
Requests/sec:  29987.46
Transfer/sec:      4.75MB
