Running 10m test @ http://localhost:9999/math/plus?x=1&y=2
  16 threads and 400 connections
  Thread calibration: mean lat.: 1.602ms, rate sampling interval: 10ms
  Thread calibration: mean lat.: 10.279ms, rate sampling interval: 10ms
  Thread calibration: mean lat.: 1.627ms, rate sampling interval: 10ms
  Thread calibration: mean lat.: 39.740ms, rate sampling interval: 10ms
  Thread calibration: mean lat.: 5.880ms, rate sampling interval: 10ms
  Thread calibration: mean lat.: 23.384ms, rate sampling interval: 10ms
  Thread calibration: mean lat.: 5.952ms, rate sampling interval: 10ms
  Thread calibration: mean lat.: 1.582ms, rate sampling interval: 10ms
  Thread calibration: mean lat.: 22.181ms, rate sampling interval: 10ms
  Thread calibration: mean lat.: 14.172ms, rate sampling interval: 10ms
  Thread calibration: mean lat.: 1.666ms, rate sampling interval: 10ms
  Thread calibration: mean lat.: 5.742ms, rate sampling interval: 10ms
  Thread calibration: mean lat.: 22.158ms, rate sampling interval: 10ms
  Thread calibration: mean lat.: 43.663ms, rate sampling interval: 10ms
  Thread calibration: mean lat.: 10.001ms, rate sampling interval: 10ms
  Thread calibration: mean lat.: 1.374ms, rate sampling interval: 10ms
  Thread Stats   Avg      Stdev     Max   +/- Stdev
    Latency     1.79ms   11.81ms   1.00s    99.84%
    Req/Sec   660.23    520.22     3.20k    74.66%
  Latency Distribution (HdrHistogram - Recorded Latency)
 50.000%    1.30ms
 75.000%    1.91ms
 90.000%    2.78ms
 99.000%    7.09ms
 99.900%   15.78ms
 99.990%  757.25ms
 99.999%  968.19ms
100.000%    1.00s 

  Detailed Percentile spectrum:
       Value   Percentile   TotalCount 1/(1-Percentile)

       0.071     0.000000            1         1.00
       0.559     0.100000       591241         1.11
       0.772     0.200000      1182378         1.25
       0.960     0.300000      1771623         1.43
       1.131     0.400000      2360387         1.67
       1.298     0.500000      2951228         2.00
       1.390     0.550000      3245246         2.22
       1.495     0.600000      3540875         2.50
       1.614     0.650000      3835836         2.86
       1.750     0.700000      4130440         3.33
       1.908     0.750000      4424476         4.00
       2.000     0.775000      4572192         4.44
       2.105     0.800000      4720242         5.00
       2.225     0.825000      4866586         5.71
       2.373     0.850000      5015530         6.67
       2.551     0.875000      5161624         8.00
       2.657     0.887500      5235449         8.89
       2.779     0.900000      5309861        10.00
       2.917     0.912500      5382550        11.43
       3.085     0.925000      5456432        13.33
       3.291     0.937500      5530069        16.00
       3.413     0.943750      5567319        17.78
       3.553     0.950000      5603907        20.00
       3.715     0.956250      5640925        22.86
       3.905     0.962500      5677567        26.67
       4.143     0.968750      5714482        32.00
       4.291     0.971875      5732898        35.56
       4.471     0.975000      5751468        40.00
       4.699     0.978125      5769689        45.71
       5.031     0.981250      5788169        53.33
       5.523     0.984375      5806523        64.00
       5.867     0.985938      5815790        71.11
       6.279     0.987500      5824944        80.00
       6.759     0.989062      5834143        91.43
       7.315     0.990625      5843358       106.67
       7.875     0.992188      5852574       128.00
       8.199     0.992969      5857218       142.22
       8.551     0.993750      5861791       160.00
       8.983     0.994531      5866446       182.86
       9.487     0.995313      5871041       213.33
      10.095     0.996094      5875649       256.00
      10.447     0.996484      5877954       284.44
      10.863     0.996875      5880251       320.00
      11.367     0.997266      5882553       365.71
      11.935     0.997656      5884844       426.67
      12.639     0.998047      5887135       512.00
      13.087     0.998242      5888296       568.89
      13.599     0.998437      5889437       640.00
      14.271     0.998633      5890594       731.43
      15.079     0.998828      5891741       853.33
      15.871     0.999023      5892896      1024.00
      16.375     0.999121      5893470      1137.78
      17.071     0.999219      5894046      1280.00
      18.047     0.999316      5894626      1462.86
      19.247     0.999414      5895201      1706.67
      21.231     0.999512      5895773      2048.00
      23.679     0.999561      5896062      2275.56
      72.831     0.999609      5896350      2560.00
     185.471     0.999658      5896638      2925.71
     301.823     0.999707      5896925      3413.33
     416.511     0.999756      5897213      4096.00
     475.391     0.999780      5897357      4551.11
     532.991     0.999805      5897501      5120.00
     588.799     0.999829      5897647      5851.43
     647.167     0.999854      5897789      6826.67
     703.999     0.999878      5897933      8192.00
     734.207     0.999890      5898005      9102.22
     762.879     0.999902      5898078     10240.00
     792.575     0.999915      5898150     11702.86
     822.271     0.999927      5898221     13653.33
     847.871     0.999939      5898293     16384.00
     862.719     0.999945      5898329     18204.44
     878.079     0.999951      5898366     20480.00
     892.415     0.999957      5898402     23405.71
     907.263     0.999963      5898439     27306.67
     922.111     0.999969      5898476     32768.00
     927.743     0.999973      5898491     36408.89
     936.447     0.999976      5898510     40960.00
     943.103     0.999979      5898530     46811.43
     949.247     0.999982      5898545     54613.33
     958.463     0.999985      5898564     65536.00
     962.047     0.999986      5898572     72817.78
     964.607     0.999988      5898583     81920.00
     967.679     0.999989      5898591     93622.86
     972.287     0.999991      5898599    109226.67
     975.359     0.999992      5898608    131072.00
     977.919     0.999993      5898615    145635.56
     978.943     0.999994      5898618    163840.00
     982.015     0.999995      5898622    187245.71
     982.527     0.999995      5898626    218453.33
     983.551     0.999996      5898631    262144.00
     988.671     0.999997      5898633    291271.11
     991.743     0.999997      5898635    327680.00
     993.279     0.999997      5898638    374491.43
     994.815     0.999998      5898641    436906.67
     995.839     0.999998      5898642    524288.00
     996.863     0.999998      5898643    582542.22
     997.375     0.999998      5898644    655360.00
     998.399     0.999999      5898646    748982.86
    1001.983     0.999999      5898647    873813.33
    1002.495     0.999999      5898648   1048576.00
    1002.495     0.999999      5898648   1165084.44
    1003.007     0.999999      5898650   1310720.00
    1003.007     0.999999      5898650   1497965.71
    1003.007     0.999999      5898650   1747626.67
    1003.519     1.000000      5898653   2097152.00
    1003.519     1.000000      5898653          inf
#[Mean    =        1.794, StdDeviation   =       11.808]
#[Max     =     1003.008, Total count    =      5898653]
#[Buckets =           27, SubBuckets     =         2048]
----------------------------------------------------------
  5998333 requests in 10.00m, 0.93GB read
Requests/sec:   9997.04
Transfer/sec:      1.58MB
