Running 10m test @ http://localhost:9999/math/plus?x=1&y=2
  16 threads and 400 connections
  Thread calibration: mean lat.: 33.371ms, rate sampling interval: 23ms
  Thread calibration: mean lat.: 8.079ms, rate sampling interval: 17ms
  Thread calibration: mean lat.: 8.340ms, rate sampling interval: 19ms
  Thread calibration: mean lat.: 42.463ms, rate sampling interval: 32ms
  Thread calibration: mean lat.: 4.084ms, rate sampling interval: 18ms
  Thread calibration: mean lat.: 16.270ms, rate sampling interval: 18ms
  Thread calibration: mean lat.: 3.721ms, rate sampling interval: 16ms
  Thread calibration: mean lat.: 16.253ms, rate sampling interval: 18ms
  Thread calibration: mean lat.: 3.962ms, rate sampling interval: 17ms
  Thread calibration: mean lat.: 4.369ms, rate sampling interval: 19ms
  Thread calibration: mean lat.: 29.519ms, rate sampling interval: 23ms
  Thread calibration: mean lat.: 46.430ms, rate sampling interval: 31ms
  Thread calibration: mean lat.: 16.586ms, rate sampling interval: 19ms
  Thread calibration: mean lat.: 12.249ms, rate sampling interval: 18ms
  Thread calibration: mean lat.: 3.968ms, rate sampling interval: 18ms
  Thread calibration: mean lat.: 24.897ms, rate sampling interval: 20ms
  Thread Stats   Avg      Stdev     Max   +/- Stdev
    Latency     5.37ms   16.26ms   1.01s    98.46%
    Req/Sec     3.23k   648.01    11.06k    75.94%
  Latency Distribution (HdrHistogram - Recorded Latency)
 50.000%    3.13ms
 75.000%    5.85ms
 90.000%    9.81ms
 99.000%   27.98ms
 99.900%  246.27ms
 99.990%  626.17ms
 99.999%  956.93ms
100.000%    1.01s 

  Detailed Percentile spectrum:
       Value   Percentile   TotalCount 1/(1-Percentile)

       0.062     0.000000            1         1.00
       0.967     0.100000      2951347         1.11
       1.427     0.200000      5899458         1.25
       1.897     0.300000      8851981         1.43
       2.449     0.400000     11800504         1.67
       3.127     0.500000     14754591         2.00
       3.521     0.550000     16226069         2.22
       3.963     0.600000     17696439         2.50
       4.475     0.650000     19173634         2.86
       5.091     0.700000     20646724         3.33
       5.851     0.750000     22122445         4.00
       6.303     0.775000     22858453         4.44
       6.807     0.800000     23595976         5.00
       7.379     0.825000     24336008         5.71
       7.983     0.850000     25071789         6.67
       8.775     0.875000     25811747         8.00
       9.263     0.887500     26181219         8.89
       9.815     0.900000     26547617        10.00
      10.463     0.912500     26915981        11.43
      11.199     0.925000     27282835        13.33
      12.015     0.937500     27653356        16.00
      12.527     0.943750     27836069        17.78
      13.167     0.950000     28020202        20.00
      13.935     0.956250     28204594        22.86
      14.871     0.962500     28388353        26.67
      15.927     0.968750     28572743        32.00
      16.591     0.971875     28665150        35.56
      17.455     0.975000     28756893        40.00
      18.511     0.978125     28848981        45.71
      19.791     0.981250     28941494        53.33
      21.503     0.984375     29033169        64.00
      22.751     0.985938     29079368        71.11
      24.175     0.987500     29124989        80.00
      26.319     0.989062     29171000        91.43
      29.423     0.990625     29217139       106.67
      34.783     0.992188     29263174       128.00
      39.007     0.992969     29286261       142.22
      44.767     0.993750     29309306       160.00
      52.831     0.994531     29332366       182.86
      64.319     0.995313     29355372       213.33
      79.807     0.996094     29378398       256.00
      89.151     0.996484     29389963       284.44
     100.543     0.996875     29401460       320.00
     115.199     0.997266     29412978       365.71
     133.119     0.997656     29424481       426.67
     156.031     0.998047     29436008       512.00
     169.855     0.998242     29441790       568.89
     185.599     0.998437     29447532       640.00
     203.391     0.998633     29453268       731.43
     224.127     0.998828     29459033       853.33
     249.727     0.999023     29464791      1024.00
     264.191     0.999121     29467692      1137.78
     279.551     0.999219     29470566      1280.00
     297.215     0.999316     29473463      1462.86
     317.183     0.999414     29476316      1706.67
     342.271     0.999512     29479207      2048.00
     356.607     0.999561     29480650      2275.56
     371.711     0.999609     29482080      2560.00
     389.631     0.999658     29483520      2925.71
     413.695     0.999707     29484949      3413.33
     439.807     0.999756     29486394      4096.00
     453.887     0.999780     29487113      4551.11
     471.295     0.999805     29487829      5120.00
     498.175     0.999829     29488547      5851.43
     534.527     0.999854     29489271      6826.67
     574.463     0.999878     29489986      8192.00
     604.159     0.999890     29490348      9102.22
     631.295     0.999902     29490707     10240.00
     671.743     0.999915     29491067     11702.86
     721.919     0.999927     29491427     13653.33
     774.143     0.999939     29491789     16384.00
     799.231     0.999945     29491966     18204.44
     824.319     0.999951     29492149     20480.00
     847.871     0.999957     29492327     23405.71
     866.815     0.999963     29492512     27306.67
     887.807     0.999969     29492686     32768.00
     900.607     0.999973     29492783     36408.89
     912.895     0.999976     29492868     40960.00
     926.207     0.999979     29492962     46811.43
     933.375     0.999982     29493049     54613.33
     940.031     0.999985     29493140     65536.00
     944.639     0.999986     29493184     72817.78
     949.247     0.999988     29493228     81920.00
     954.879     0.999989     29493273     93622.86
     962.047     0.999991     29493316    109226.67
     968.191     0.999992     29493361    131072.00
     973.311     0.999993     29493387    145635.56
     977.407     0.999994     29493408    163840.00
     980.991     0.999995     29493430    187245.71
     984.575     0.999995     29493451    218453.33
     988.159     0.999996     29493474    262144.00
     989.695     0.999997     29493489    291271.11
     990.207     0.999997     29493496    327680.00
     993.791     0.999997     29493509    374491.43
     995.327     0.999998     29493521    436906.67
     996.863     0.999998     29493531    524288.00
     998.399     0.999998     29493538    582542.22
     998.911     0.999998     29493543    655360.00
     999.423     0.999999     29493547    748982.86
     999.935     0.999999     29493553    873813.33
    1000.959     0.999999     29493563   1048576.00
    1000.959     0.999999     29493563   1165084.44
    1001.471     0.999999     29493565   1310720.00
    1001.983     0.999999     29493568   1497965.71
    1003.519     0.999999     29493571   1747626.67
    1004.031     1.000000     29493573   2097152.00
    1004.543     1.000000     29493574   2330168.89
    1005.055     1.000000     29493581   2621440.00
    1005.055     1.000000     29493581   2995931.43
    1005.055     1.000000     29493581   3495253.33
    1005.055     1.000000     29493581   4194304.00
    1005.055     1.000000     29493581   4660337.78
    1005.055     1.000000     29493581   5242880.00
    1007.103     1.000000     29493585   5991862.86
    1007.103     1.000000     29493585   6990506.67
    1007.103     1.000000     29493585   8388608.00
    1007.103     1.000000     29493585   9320675.55
    1007.103     1.000000     29493585  10485760.00
    1007.103     1.000000     29493585  11983725.71
    1007.103     1.000000     29493585  13981013.34
    1007.103     1.000000     29493585  16777216.00
    1007.103     1.000000     29493585  18641351.10
    1007.103     1.000000     29493585  20971519.98
    1007.103     1.000000     29493585  23967451.45
    1007.103     1.000000     29493585  27962026.68
    1007.615     1.000000     29493586  33554432.00
    1007.615     1.000000     29493586          inf
#[Mean    =        5.367, StdDeviation   =       16.260]
#[Max     =     1007.104, Total count    =     29493586]
#[Buckets =           27, SubBuckets     =         2048]
----------------------------------------------------------
  29993720 requests in 10.00m, 4.64GB read
Requests/sec:  49989.44
Transfer/sec:      7.91MB
