Running 10m test @ http://localhost:9999/math/plus?x=1&y=2
  16 threads and 400 connections
  Thread calibration: mean lat.: 1057.267ms, rate sampling interval: 5570ms
  Thread calibration: mean lat.: 1213.345ms, rate sampling interval: 5791ms
  Thread calibration: mean lat.: 898.270ms, rate sampling interval: 4567ms
  Thread calibration: mean lat.: 939.064ms, rate sampling interval: 5251ms
  Thread calibration: mean lat.: 867.995ms, rate sampling interval: 4284ms
  Thread calibration: mean lat.: 955.512ms, rate sampling interval: 4972ms
  Thread calibration: mean lat.: 1198.174ms, rate sampling interval: 6283ms
  Thread calibration: mean lat.: 1047.499ms, rate sampling interval: 5939ms
  Thread calibration: mean lat.: 1164.393ms, rate sampling interval: 5509ms
  Thread calibration: mean lat.: 1220.958ms, rate sampling interval: 6369ms
  Thread calibration: mean lat.: 1098.233ms, rate sampling interval: 5263ms
  Thread calibration: mean lat.: 992.397ms, rate sampling interval: 4644ms
  Thread calibration: mean lat.: 1112.031ms, rate sampling interval: 5378ms
  Thread calibration: mean lat.: 1113.829ms, rate sampling interval: 5300ms
  Thread calibration: mean lat.: 1008.364ms, rate sampling interval: 4927ms
  Thread calibration: mean lat.: 1015.751ms, rate sampling interval: 5672ms
  Thread Stats   Avg      Stdev     Max   +/- Stdev
    Latency     1.05m     1.04m    4.90m    72.91%
    Req/Sec     4.30k   254.09     5.34k    69.00%
  Latency Distribution (HdrHistogram - Recorded Latency)
 50.000%   44.07s 
 75.000%    1.70m 
 90.000%    2.68m 
 99.000%    3.86m 
 99.900%    4.44m 
 99.990%    4.75m 
 99.999%    4.88m 
100.000%    4.91m 

  Detailed Percentile spectrum:
       Value   Percentile   TotalCount 1/(1-Percentile)

       0.068     0.000000            1         1.00
     622.079     0.100000      4054884         1.11
    3973.119     0.200000      8109535         1.25
   14008.319     0.300000     12165602         1.43
   26869.759     0.400000     16220604         1.67
   44072.959     0.500000     20276795         2.00
   53182.463     0.550000     22303005         2.22
   63930.367     0.600000     24329254         2.50
   75300.863     0.650000     26355984         2.86
   88080.383     0.700000     28382109         3.33
  102236.159     0.750000     30409135         4.00
  110559.231     0.775000     31427898         4.44
  118751.231     0.800000     32437673         5.00
  128319.487     0.825000     33449686         5.71
  138805.247     0.850000     34469742         6.67
  149159.935     0.875000     35482536         8.00
  154796.031     0.887500     35988134         8.89
  160825.343     0.900000     36495678        10.00
  166854.655     0.912500     37005141        11.43
  173932.543     0.925000     37508115        13.33
  181403.647     0.937500     38016906        16.00
  185335.807     0.943750     38265029        17.78
  189661.183     0.950000     38519797        20.00
  194248.703     0.956250     38769683        22.86
  199229.439     0.962500     39025329        26.67
  204865.535     0.968750     39281168        32.00
  207880.191     0.971875     39407617        35.56
  211156.991     0.975000     39532200        40.00
  214958.079     0.978125     39657888        45.71
  219021.311     0.981250     39786836        53.33
  222822.399     0.984375     39913007        64.00
  224919.551     0.985938     39976955        71.11
  227147.775     0.987500     40036968        80.00
  229769.215     0.989062     40100456        91.43
  232914.943     0.990625     40163209       106.67
  236191.743     0.992188     40227058       128.00
  238026.751     0.992969     40259512       142.22
  240254.975     0.993750     40290774       160.00
  242745.343     0.994531     40322508       182.86
  245235.711     0.995313     40354055       213.33
  247988.223     0.996094     40385987       256.00
  249561.087     0.996484     40401281       284.44
  251527.167     0.996875     40417360       320.00
  253362.175     0.997266     40433156       365.71
  255459.327     0.997656     40448194       426.67
  258211.839     0.998047     40464393       512.00
  259391.487     0.998242     40472087       568.89
  260964.351     0.998437     40480719       640.00
  262275.071     0.998633     40488409       731.43
  264110.079     0.998828     40495778       853.33
  266469.375     0.999023     40503719      1024.00
  267386.879     0.999121     40507772      1137.78
  268435.455     0.999219     40511957      1280.00
  270270.463     0.999316     40515812      1462.86
  272105.471     0.999414     40519727      1706.67
  274726.911     0.999512     40523784      2048.00
  275513.343     0.999561     40525416      2275.56
  276561.919     0.999609     40527730      2560.00
  277872.639     0.999658     40529475      2925.71
  279707.647     0.999707     40531597      3413.33
  281018.367     0.999756     40533599      4096.00
  281804.799     0.999780     40534495      4551.11
  282329.087     0.999805     40535430      5120.00
  283115.519     0.999829     40536659      5851.43
  283639.807     0.999854     40537342      6826.67
  284164.095     0.999878     40538375      8192.00
  284688.383     0.999890     40539054      9102.22
  284950.527     0.999902     40539380     10240.00
  285474.815     0.999915     40539780     11702.86
  285999.103     0.999927     40540344     13653.33
  287047.679     0.999939     40540846     16384.00
  287834.111     0.999945     40540988     18204.44
  289406.975     0.999951     40541246     20480.00
  290455.551     0.999957     40541519     23405.71
  291766.271     0.999963     40541845     27306.67
  292028.415     0.999969     40542077     32768.00
  292290.559     0.999973     40542434     36408.89
  292290.559     0.999976     40542434     40960.00
  292290.559     0.999979     40542434     46811.43
  292552.703     0.999982     40542677     54613.33
  292552.703     0.999985     40542677     65536.00
  292552.703     0.999986     40542677     72817.78
  292814.847     0.999988     40542856     81920.00
  292814.847     0.999989     40542856     93622.86
  292814.847     0.999991     40542856    109226.67
  293076.991     0.999992     40542902    131072.00
  293339.135     0.999993     40542945    145635.56
  293601.279     0.999994     40542980    163840.00
  293863.423     0.999995     40543007    187245.71
  294125.567     0.999995     40543090    218453.33
  294125.567     0.999996     40543090    262144.00
  294125.567     0.999997     40543090    291271.11
  294125.567     0.999997     40543090    327680.00
  294387.711     0.999997     40543203    374491.43
  294387.711     1.000000     40543203          inf
#[Mean    =    63139.019, StdDeviation   =    62633.988]
#[Max     =   294125.568, Total count    =     40543203]
#[Buckets =           27, SubBuckets     =         2048]
----------------------------------------------------------
  41230701 requests in 10.00m, 6.37GB read
Requests/sec:  68717.96
Transfer/sec:     10.88MB
