Running 10m test @ http://localhost:9999/math/plus?x=1&y=2
  16 threads and 400 connections
  Thread calibration: mean lat.: 10.796ms, rate sampling interval: 46ms
  Thread calibration: mean lat.: 8.915ms, rate sampling interval: 39ms
  Thread calibration: mean lat.: 8.350ms, rate sampling interval: 37ms
  Thread calibration: mean lat.: 60.974ms, rate sampling interval: 129ms
  Thread calibration: mean lat.: 24.464ms, rate sampling interval: 39ms
  Thread calibration: mean lat.: 25.492ms, rate sampling interval: 42ms
  Thread calibration: mean lat.: 13.531ms, rate sampling interval: 42ms
  Thread calibration: mean lat.: 14.975ms, rate sampling interval: 48ms
  Thread calibration: mean lat.: 24.638ms, rate sampling interval: 41ms
  Thread calibration: mean lat.: 8.215ms, rate sampling interval: 35ms
  Thread calibration: mean lat.: 8.775ms, rate sampling interval: 38ms
  Thread calibration: mean lat.: 8.743ms, rate sampling interval: 37ms
  Thread calibration: mean lat.: 8.848ms, rate sampling interval: 37ms
  Thread calibration: mean lat.: 8.904ms, rate sampling interval: 39ms
  Thread calibration: mean lat.: 34.155ms, rate sampling interval: 47ms
  Thread calibration: mean lat.: 8.677ms, rate sampling interval: 38ms
  Thread Stats   Avg      Stdev     Max   +/- Stdev
    Latency     4.36s    11.47s    2.29m    91.16%
    Req/Sec     3.74k     1.11k   12.24k    76.24%
  Latency Distribution (HdrHistogram - Recorded Latency)
 50.000%  249.85ms
 75.000%    2.00s 
 90.000%   13.73s 
 99.000%    1.01m 
 99.900%    1.69m 
 99.990%    2.19m 
 99.999%    2.26m 
100.000%    2.29m 

  Detailed Percentile spectrum:
       Value   Percentile   TotalCount 1/(1-Percentile)

       0.069     0.000000            1         1.00
      12.063     0.100000      3478810         1.11
      30.735     0.200000      6954468         1.25
      65.599     0.300000     10434045         1.43
     128.447     0.400000     13908583         1.67
     249.855     0.500000     17384946         2.00
     355.071     0.550000     19124296         2.22
     514.559     0.600000     20861849         2.50
     765.951     0.650000     22601520         2.86
    1199.103     0.700000     24339427         3.33
    2001.919     0.750000     26076865         4.00
    2613.247     0.775000     26946336         4.44
    3483.647     0.800000     27816045         5.00
    4771.839     0.825000     28686306         5.71
    6721.535     0.850000     29554940         6.67
    9740.287     0.875000     30424349         8.00
   11714.559     0.887500     30857554         8.89
   13729.791     0.900000     31292266        10.00
   16023.551     0.912500     31726821        11.43
   18694.143     0.925000     32162381        13.33
   21987.327     0.937500     32596193        16.00
   23707.647     0.943750     32813580        17.78
   25804.799     0.950000     33032260        20.00
   28180.479     0.956250     33247828        22.86
   31457.279     0.962500     33465835        26.67
   35586.047     0.968750     33683031        32.00
   37683.199     0.971875     33791670        35.56
   39845.887     0.975000     33900419        40.00
   42532.863     0.978125     34009252        45.71
   45776.895     0.981250     34117583        53.33
   49971.199     0.984375     34225998        64.00
   52756.479     0.985938     34280184        71.11
   55771.135     0.987500     34334883        80.00
   58556.415     0.989062     34389028        91.43
   61505.535     0.990625     34443177       106.67
   64749.567     0.992188     34497429       128.00
   66912.255     0.992969     34524677       142.22
   69074.943     0.993750     34552279       160.00
   70909.951     0.994531     34578905       182.86
   73727.999     0.995313     34605988       213.33
   77070.335     0.996094     34633515       256.00
   79167.487     0.996484     34647107       284.44
   81199.103     0.996875     34660478       320.00
   83165.183     0.997266     34673927       365.71
   85131.263     0.997656     34687605       426.67
   88670.207     0.998047     34701158       512.00
   91226.111     0.998242     34708090       568.89
   93323.263     0.998437     34714791       640.00
   95813.631     0.998633     34721526       731.43
   98631.679     0.998828     34728307       853.33
  101711.871     0.999023     34735026      1024.00
  104202.239     0.999121     34738483      1137.78
  105512.959     0.999219     34741871      1280.00
  107413.503     0.999316     34745280      1462.86
  110297.087     0.999414     34748655      1706.67
  113115.135     0.999512     34752037      2048.00
  114819.071     0.999561     34753734      2275.56
  118423.551     0.999609     34755391      2560.00
  121569.279     0.999658     34757090      2925.71
  125173.759     0.999707     34758794      3413.33
  126877.695     0.999756     34760545      4096.00
  127401.983     0.999780     34761331      4551.11
  128057.343     0.999805     34762187      5120.00
  128843.775     0.999829     34763067      5851.43
  129564.671     0.999854     34763955      6826.67
  130154.495     0.999878     34764781      8192.00
  130809.855     0.999890     34765164      9102.22
  131596.287     0.999902     34765604     10240.00
  132055.039     0.999915     34766064     11702.86
  132710.399     0.999927     34766451     13653.33
  133169.151     0.999939     34766875     16384.00
  133365.759     0.999945     34767124     18204.44
  133562.367     0.999951     34767292     20480.00
  133758.975     0.999957     34767503     23405.71
  133955.583     0.999963     34767742     27306.67
  134152.191     0.999969     34767926     32768.00
  134348.799     0.999973     34768071     36408.89
  134479.871     0.999976     34768202     40960.00
  134610.943     0.999979     34768268     46811.43
  134742.015     0.999982     34768391     54613.33
  134873.087     0.999985     34768489     65536.00
  134873.087     0.999986     34768489     72817.78
  135266.303     0.999988     34768551     81920.00
  135528.447     0.999989     34768607     93622.86
  135921.663     0.999991     34768652    109226.67
  136183.807     0.999992     34768708    131072.00
  136314.879     0.999993     34768725    145635.56
  136445.951     0.999994     34768766    163840.00
  136577.023     0.999995     34768789    187245.71
  136708.095     0.999995     34768825    218453.33
  136839.167     0.999996     34768842    262144.00
  136970.239     0.999997     34768855    291271.11
  137101.311     0.999997     34768885    327680.00
  137101.311     0.999997     34768885    374491.43
  137101.311     0.999998     34768885    436906.67
  137232.383     0.999998     34768907    524288.00
  137232.383     0.999998     34768907    582542.22
  137363.455     0.999998     34768948    655360.00
  137363.455     0.999999     34768948    748982.86
  137363.455     0.999999     34768948    873813.33
  137363.455     0.999999     34768948   1048576.00
  137363.455     0.999999     34768948   1165084.44
  137363.455     0.999999     34768948   1310720.00
  137363.455     0.999999     34768948   1497965.71
  137363.455     0.999999     34768948   1747626.67
  137363.455     1.000000     34768948   2097152.00
  137363.455     1.000000     34768948   2330168.89
  137494.527     1.000000     34768953   2621440.00
  137494.527     1.000000     34768953   2995931.43
  137494.527     1.000000     34768953   3495253.33
  137625.599     1.000000     34768962   4194304.00
  137625.599     1.000000     34768962          inf
#[Mean    =     4356.811, StdDeviation   =    11465.483]
#[Max     =   137494.528, Total count    =     34768962]
#[Buckets =           27, SubBuckets     =         2048]
----------------------------------------------------------
  35360746 requests in 10.00m, 5.47GB read
Requests/sec:  58934.78
Transfer/sec:      9.33MB
