Running 10m test @ http://localhost:9999/math/plus?x=1&y=2
  16 threads and 400 connections
  Thread calibration: mean lat.: 1.319ms, rate sampling interval: 10ms
  Thread calibration: mean lat.: 1.374ms, rate sampling interval: 10ms
  Thread calibration: mean lat.: 1.361ms, rate sampling interval: 10ms
  Thread calibration: mean lat.: 1.336ms, rate sampling interval: 10ms
  Thread calibration: mean lat.: 1.282ms, rate sampling interval: 10ms
  Thread calibration: mean lat.: 1.347ms, rate sampling interval: 10ms
  Thread calibration: mean lat.: 1.361ms, rate sampling interval: 10ms
  Thread calibration: mean lat.: 1.319ms, rate sampling interval: 10ms
  Thread calibration: mean lat.: 1.346ms, rate sampling interval: 10ms
  Thread calibration: mean lat.: 1.434ms, rate sampling interval: 10ms
  Thread calibration: mean lat.: 1.351ms, rate sampling interval: 10ms
  Thread calibration: mean lat.: 1.349ms, rate sampling interval: 10ms
  Thread calibration: mean lat.: 1.269ms, rate sampling interval: 10ms
  Thread calibration: mean lat.: 1.367ms, rate sampling interval: 10ms
  Thread calibration: mean lat.: 1.270ms, rate sampling interval: 10ms
  Thread calibration: mean lat.: 1.424ms, rate sampling interval: 10ms
  Thread Stats   Avg      Stdev     Max   +/- Stdev
    Latency     1.48ms   11.88ms   1.00s    99.87%
    Req/Sec     1.98k   425.95     8.00k    72.20%
  Latency Distribution (HdrHistogram - Recorded Latency)
 50.000%    1.06ms
 75.000%    1.51ms
 90.000%    2.12ms
 99.000%    5.78ms
 99.900%   15.18ms
 99.990%  762.37ms
 99.999%  974.34ms
100.000%    1.00s 

  Detailed Percentile spectrum:
       Value   Percentile   TotalCount 1/(1-Percentile)

       0.065     0.000000            2         1.00
       0.399     0.100000      1774469         1.11
       0.589     0.200000      3547827         1.25
       0.755     0.300000      5317072         1.43
       0.909     0.400000      7080978         1.67
       1.060     0.500000      8854678         2.00
       1.135     0.550000      9742418         2.22
       1.213     0.600000     10622726         2.50
       1.299     0.650000     11508936         2.86
       1.398     0.700000     12392900         3.33
       1.513     0.750000     13274998         4.00
       1.579     0.775000     13717796         4.44
       1.652     0.800000     14160503         5.00
       1.735     0.825000     14599369         5.71
       1.835     0.850000     15045480         6.67
       1.957     0.875000     15485173         8.00
       2.032     0.887500     15705725         8.89
       2.121     0.900000     15927113        10.00
       2.229     0.912500     16149254        11.43
       2.361     0.925000     16369297        13.33
       2.533     0.937500     16591464        16.00
       2.639     0.943750     16701429        17.78
       2.767     0.950000     16811876        20.00
       2.929     0.956250     16922488        22.86
       3.153     0.962500     17032969        26.67
       3.497     0.968750     17143371        32.00
       3.739     0.971875     17198739        35.56
       4.029     0.975000     17253991        40.00
       4.359     0.978125     17309377        45.71
       4.703     0.981250     17364521        53.33
       5.051     0.984375     17419813        64.00
       5.231     0.985938     17447920        71.11
       5.415     0.987500     17475009        80.00
       5.631     0.989062     17502751        91.43
       5.899     0.990625     17530549       106.67
       6.271     0.992188     17558062       128.00
       6.543     0.992969     17571869       142.22
       6.931     0.993750     17585567       160.00
       7.483     0.994531     17599434       182.86
       8.007     0.995313     17613276       213.33
       8.615     0.996094     17627128       256.00
       9.071     0.996484     17634021       284.44
       9.647     0.996875     17640938       320.00
      10.279     0.997266     17647786       365.71
      11.031     0.997656     17654715       426.67
      11.927     0.998047     17661628       512.00
      12.287     0.998242     17665053       568.89
      12.719     0.998437     17668540       640.00
      13.279     0.998633     17671998       731.43
      14.111     0.998828     17675435       853.33
      15.367     0.999023     17678886      1024.00
      16.079     0.999121     17680600      1137.78
      17.023     0.999219     17682334      1280.00
      18.415     0.999316     17684070      1462.86
      20.463     0.999414     17685793      1706.67
      24.319     0.999512     17687516      2048.00
      29.263     0.999561     17688379      2275.56
      76.351     0.999609     17689242      2560.00
     190.463     0.999658     17690104      2925.71
     307.199     0.999707     17690968      3413.33
     421.631     0.999756     17691832      4096.00
     479.999     0.999780     17692267      4551.11
     538.111     0.999805     17692704      5120.00
     594.943     0.999829     17693130      5851.43
     652.287     0.999854     17693560      6826.67
     711.167     0.999878     17693992      8192.00
     738.303     0.999890     17694208      9102.22
     767.487     0.999902     17694424     10240.00
     797.695     0.999915     17694648     11702.86
     824.319     0.999927     17694857     13653.33
     856.063     0.999939     17695073     16384.00
     868.863     0.999945     17695183     18204.44
     883.199     0.999951     17695294     20480.00
     897.535     0.999957     17695407     23405.71
     910.847     0.999963     17695504     27306.67
     926.207     0.999969     17695613     32768.00
     933.375     0.999973     17695667     36408.89
     940.543     0.999976     17695724     40960.00
     947.711     0.999979     17695775     46811.43
     954.879     0.999982     17695829     54613.33
     962.047     0.999985     17695884     65536.00
     965.631     0.999986     17695911     72817.78
     969.727     0.999988     17695939     81920.00
     972.287     0.999989     17695963     93622.86
     977.407     0.999991     17695995    109226.67
     979.967     0.999992     17696017    131072.00
     982.015     0.999993     17696032    145635.56
     984.063     0.999994     17696051    163840.00
     985.599     0.999995     17696061    187245.71
     987.135     0.999995     17696072    218453.33
     989.183     0.999996     17696087    262144.00
     989.695     0.999997     17696093    291271.11
     990.207     0.999997     17696101    327680.00
     990.719     0.999997     17696105    374491.43
     992.255     0.999998     17696113    436906.67
     993.279     0.999998     17696121    524288.00
     993.791     0.999998     17696124    582542.22
     994.303     0.999998     17696125    655360.00
     994.815     0.999999     17696133    748982.86
     994.815     0.999999     17696133    873813.33
     996.863     0.999999     17696137   1048576.00
     996.863     0.999999     17696137   1165084.44
     997.887     0.999999     17696139   1310720.00
     999.935     0.999999     17696141   1497965.71
    1000.447     0.999999     17696144   1747626.67
    1000.447     1.000000     17696144   2097152.00
    1000.959     1.000000     17696147   2330168.89
    1000.959     1.000000     17696147   2621440.00
    1000.959     1.000000     17696147   2995931.43
    1000.959     1.000000     17696147   3495253.33
    1001.471     1.000000     17696150   4194304.00
    1001.471     1.000000     17696150   4660337.78
    1001.471     1.000000     17696150   5242880.00
    1001.471     1.000000     17696150   5991862.86
    1001.471     1.000000     17696150   6990506.67
    1001.471     1.000000     17696150   8388608.00
    1002.495     1.000000     17696152   9320675.55
    1002.495     1.000000     17696152          inf
#[Mean    =        1.476, StdDeviation   =       11.882]
#[Max     =     1001.984, Total count    =     17696152]
#[Buckets =           27, SubBuckets     =         2048]
----------------------------------------------------------
  17998073 requests in 10.00m, 2.78GB read
Requests/sec:  29996.81
Transfer/sec:      4.75MB
