Running 10m test @ http://localhost:9999/math/plus?x=1&y=2
  16 threads and 400 connections
  Thread calibration: mean lat.: 3.517ms, rate sampling interval: 15ms
  Thread calibration: mean lat.: 3.363ms, rate sampling interval: 14ms
  Thread calibration: mean lat.: 3.269ms, rate sampling interval: 14ms
  Thread calibration: mean lat.: 11.929ms, rate sampling interval: 20ms
  Thread calibration: mean lat.: 3.249ms, rate sampling interval: 14ms
  Thread calibration: mean lat.: 20.598ms, rate sampling interval: 25ms
  Thread calibration: mean lat.: 3.504ms, rate sampling interval: 15ms
  Thread calibration: mean lat.: 16.227ms, rate sampling interval: 22ms
  Thread calibration: mean lat.: 3.552ms, rate sampling interval: 16ms
  Thread calibration: mean lat.: 11.699ms, rate sampling interval: 20ms
  Thread calibration: mean lat.: 11.866ms, rate sampling interval: 18ms
  Thread calibration: mean lat.: 3.390ms, rate sampling interval: 14ms
  Thread calibration: mean lat.: 3.048ms, rate sampling interval: 13ms
  Thread calibration: mean lat.: 3.289ms, rate sampling interval: 14ms
  Thread calibration: mean lat.: 3.430ms, rate sampling interval: 14ms
  Thread calibration: mean lat.: 3.608ms, rate sampling interval: 16ms
  Thread Stats   Avg      Stdev     Max   +/- Stdev
    Latency     2.43ms    3.98ms  81.98ms   93.22%
    Req/Sec     1.94k   383.81     9.53k    83.61%
  Latency Distribution (HdrHistogram - Recorded Latency)
 50.000%    1.29ms
 75.000%    2.29ms
 90.000%    4.72ms
 99.000%   22.22ms
 99.900%   38.78ms
 99.990%   51.84ms
 99.999%   61.60ms
100.000%   82.05ms

  Detailed Percentile spectrum:
       Value   Percentile   TotalCount 1/(1-Percentile)

       0.071     0.000000            3         1.00
       0.469     0.100000      1776007         1.11
       0.701     0.200000      3540552         1.25
       0.904     0.300000      5310091         1.43
       1.095     0.400000      7087041         1.67
       1.294     0.500000      8848418         2.00
       1.416     0.550000      9739413         2.22
       1.559     0.600000     10620724         2.50
       1.736     0.650000     11506320         2.86
       1.966     0.700000     12389431         3.33
       2.287     0.750000     13276800         4.00
       2.487     0.775000     13718111         4.44
       2.721     0.800000     14158319         5.00
       3.007     0.825000     14600671         5.71
       3.377     0.850000     15042694         6.67
       3.893     0.875000     15484260         8.00
       4.255     0.887500     15706659         8.89
       4.723     0.900000     15927407        10.00
       5.279     0.912500     16148770        11.43
       5.935     0.925000     16369828        13.33
       6.891     0.937500     16590588        16.00
       7.631     0.943750     16700805        17.78
       8.551     0.950000     16811417        20.00
       9.663     0.956250     16922552        22.86
      10.951     0.962500     17032613        26.67
      12.463     0.968750     17143589        32.00
      13.351     0.971875     17198534        35.56
      14.423     0.975000     17254092        40.00
      15.631     0.978125     17309090        45.71
      16.991     0.981250     17364456        53.33
      18.543     0.984375     17420072        64.00
      19.423     0.985938     17447349        71.11
      20.415     0.987500     17475400        80.00
      21.503     0.989062     17502995        91.43
      22.719     0.990625     17530361       106.67
      24.143     0.992188     17558000       128.00
      24.959     0.992969     17571940       142.22
      25.855     0.993750     17585694       160.00
      26.863     0.994531     17599477       182.86
      28.063     0.995313     17613286       213.33
      29.471     0.996094     17627131       256.00
      30.287     0.996484     17634123       284.44
      31.151     0.996875     17640965       320.00
      32.111     0.997266     17647869       365.71
      33.183     0.997656     17654724       426.67
      34.431     0.998047     17661676       512.00
      35.167     0.998242     17665128       568.89
      35.935     0.998437     17668575       640.00
      36.831     0.998633     17672000       731.43
      37.823     0.998828     17675517       853.33
      38.943     0.999023     17678929      1024.00
      39.615     0.999121     17680680      1137.78
      40.351     0.999219     17682426      1280.00
      41.183     0.999316     17684140      1462.86
      42.111     0.999414     17685846      1706.67
      43.231     0.999512     17687578      2048.00
      43.839     0.999561     17688433      2275.56
      44.543     0.999609     17689300      2560.00
      45.343     0.999658     17690159      2925.71
      46.207     0.999707     17691028      3413.33
      47.199     0.999756     17691895      4096.00
      47.775     0.999780     17692308      4551.11
      48.447     0.999805     17692743      5120.00
      49.151     0.999829     17693168      5851.43
      49.983     0.999854     17693615      6826.67
      50.815     0.999878     17694035      8192.00
      51.359     0.999890     17694254      9102.22
      51.935     0.999902     17694467     10240.00
      52.607     0.999915     17694677     11702.86
      53.471     0.999927     17694897     13653.33
      54.367     0.999939     17695115     16384.00
      54.847     0.999945     17695217     18204.44
      55.455     0.999951     17695324     20480.00
      56.127     0.999957     17695432     23405.71
      56.799     0.999963     17695542     27306.67
      57.631     0.999969     17695649     32768.00
      58.079     0.999973     17695706     36408.89
      58.495     0.999976     17695756     40960.00
      59.007     0.999979     17695812     46811.43
      59.519     0.999982     17695867     54613.33
      60.063     0.999985     17695920     65536.00
      60.415     0.999986     17695948     72817.78
      60.799     0.999988     17695972     81920.00
      61.375     0.999989     17696000     93622.86
      61.919     0.999991     17696027    109226.67
      62.847     0.999992     17696053    131072.00
      63.263     0.999993     17696067    145635.56
      63.839     0.999994     17696080    163840.00
      64.671     0.999995     17696095    187245.71
      65.247     0.999995     17696107    218453.33
      66.431     0.999996     17696121    262144.00
      67.327     0.999997     17696128    291271.11
      67.839     0.999997     17696135    327680.00
      68.095     0.999997     17696142    374491.43
      68.351     0.999998     17696148    436906.67
      69.183     0.999998     17696155    524288.00
      69.887     0.999998     17696158    582542.22
      70.207     0.999998     17696161    655360.00
      70.847     0.999999     17696166    748982.86
      71.551     0.999999     17696168    873813.33
      72.511     0.999999     17696172   1048576.00
      72.767     0.999999     17696173   1165084.44
      72.831     0.999999     17696175   1310720.00
      74.495     0.999999     17696177   1497965.71
      74.879     0.999999     17696178   1747626.67
      78.527     1.000000     17696180   2097152.00
      78.975     1.000000     17696182   2330168.89
      78.975     1.000000     17696182   2621440.00
      79.935     1.000000     17696184   2995931.43
      79.935     1.000000     17696184   3495253.33
      79.935     1.000000     17696184   4194304.00
      80.191     1.000000     17696185   4660337.78
      80.191     1.000000     17696185   5242880.00
      80.447     1.000000     17696186   5991862.86
      80.447     1.000000     17696186   6990506.67
      80.447     1.000000     17696186   8388608.00
      81.663     1.000000     17696187   9320675.55
      81.663     1.000000     17696187  10485760.00
      81.663     1.000000     17696187  11983725.71
      81.663     1.000000     17696187  13981013.34
      81.663     1.000000     17696187  16777216.00
      82.047     1.000000     17696188  18641351.10
      82.047     1.000000     17696188          inf
#[Mean    =        2.433, StdDeviation   =        3.979]
#[Max     =       81.984, Total count    =     17696188]
#[Buckets =           27, SubBuckets     =         2048]
----------------------------------------------------------
  17996330 requests in 10.00m, 2.78GB read
Requests/sec:  29993.83
Transfer/sec:      4.75MB
