Running 10m test @ http://localhost:9999/math/plus?x=1&y=2
  16 threads and 400 connections
  Thread calibration: mean lat.: 127.504ms, rate sampling interval: 867ms
  Thread calibration: mean lat.: 97.136ms, rate sampling interval: 535ms
  Thread calibration: mean lat.: 43.646ms, rate sampling interval: 248ms
  Thread calibration: mean lat.: 83.895ms, rate sampling interval: 346ms
  Thread calibration: mean lat.: 171.994ms, rate sampling interval: 1291ms
  Thread calibration: mean lat.: 118.746ms, rate sampling interval: 639ms
  Thread calibration: mean lat.: 204.768ms, rate sampling interval: 1547ms
  Thread calibration: mean lat.: 59.632ms, rate sampling interval: 325ms
  Thread calibration: mean lat.: 55.213ms, rate sampling interval: 291ms
  Thread calibration: mean lat.: 173.866ms, rate sampling interval: 1426ms
  Thread calibration: mean lat.: 68.066ms, rate sampling interval: 308ms
  Thread calibration: mean lat.: 91.877ms, rate sampling interval: 447ms
  Thread calibration: mean lat.: 33.054ms, rate sampling interval: 172ms
  Thread calibration: mean lat.: 51.927ms, rate sampling interval: 287ms
  Thread calibration: mean lat.: 197.847ms, rate sampling interval: 1574ms
  Thread calibration: mean lat.: 115.286ms, rate sampling interval: 737ms
  Thread Stats   Avg      Stdev     Max   +/- Stdev
    Latency    13.67s    21.17s    3.35m    87.28%
    Req/Sec     3.56k   738.11     6.84k    69.28%
  Latency Distribution (HdrHistogram - Recorded Latency)
 50.000%    4.33s 
 75.000%   16.70s 
 90.000%   41.58s 
 99.000%    1.60m 
 99.900%    2.46m 
 99.990%    3.10m 
 99.999%    3.31m 
100.000%    3.36m 

  Detailed Percentile spectrum:
       Value   Percentile   TotalCount 1/(1-Percentile)

       0.090     0.000000            1         1.00
     227.583     0.100000      3354464         1.11
     710.655     0.200000      6710881         1.25
    1440.767     0.300000     10066322         1.43
    2557.951     0.400000     13418460         1.67
    4329.471     0.500000     16775063         2.00
    5636.095     0.550000     18453267         2.22
    7397.375     0.600000     20127071         2.50
    9674.751     0.650000     21804362         2.86
   12640.255     0.700000     23481045         3.33
   16703.487     0.750000     25159555         4.00
   19185.663     0.775000     26000920         4.44
   22347.775     0.800000     26835303         5.00
   26083.327     0.825000     27674272         5.71
   30277.631     0.850000     28511901         6.67
   35389.439     0.875000     29350834         8.00
   38371.327     0.887500     29769946         8.89
   41582.591     0.900000     30190578        10.00
   45252.607     0.912500     30608710        11.43
   49315.839     0.925000     31029743        13.33
   54886.399     0.937500     31447882        16.00
   57966.591     0.943750     31656679        17.78
   61046.783     0.950000     31866404        20.00
   63897.599     0.956250     32076738        22.86
   67436.543     0.962500     32286916        26.67
   71761.919     0.968750     32497776        32.00
   74514.431     0.971875     32600023        35.56
   77529.087     0.975000     32705555        40.00
   80347.135     0.978125     32810820        45.71
   83492.863     0.981250     32915790        53.33
   87097.343     0.984375     33020461        64.00
   89325.567     0.985938     33073028        71.11
   91881.471     0.987500     33124981        80.00
   94371.839     0.989062     33177482        91.43
   97452.031     0.990625     33229605       106.67
  100401.151     0.992188     33281483       128.00
  102170.623     0.992969     33307634       142.22
  104005.631     0.993750     33334651       160.00
  105775.103     0.994531     33360588       182.86
  108331.007     0.995313     33386270       213.33
  113115.135     0.996094     33412758       256.00
  115539.967     0.996484     33425519       284.44
  119603.199     0.996875     33438655       320.00
  125698.047     0.997266     33451754       365.71
  131596.287     0.997656     33464807       426.67
  136183.807     0.998047     33478026       512.00
  137756.671     0.998242     33484979       568.89
  139329.535     0.998437     33491161       640.00
  141557.759     0.998633     33497807       731.43
  144441.343     0.998828     33504258       853.33
  147718.143     0.999023     33510997      1024.00
  148766.719     0.999121     33514102      1137.78
  150863.871     0.999219     33517256      1280.00
  152829.951     0.999316     33520641      1462.86
  154664.959     0.999414     33523785      1706.67
  156106.751     0.999512     33527050      2048.00
  156893.183     0.999561     33528883      2275.56
  157417.471     0.999609     33530346      2560.00
  158203.903     0.999658     33532066      2925.71
  159121.407     0.999707     33533675      3413.33
  162136.063     0.999756     33535282      4096.00
  164364.287     0.999780     33536083      4551.11
  165543.935     0.999805     33536886      5120.00
  170655.743     0.999829     33537704      5851.43
  171835.391     0.999854     33538497      6826.67
  179961.855     0.999878     33539317      8192.00
  183762.943     0.999890     33539746      9102.22
  186253.311     0.999902     33540187     10240.00
  186908.671     0.999915     33540554     11702.86
  187432.959     0.999927     33540970     13653.33
  188874.751     0.999939     33541403     16384.00
  189923.327     0.999945     33541576     18204.44
  192937.983     0.999951     33541795     20480.00
  193462.271     0.999957     33541992     23405.71
  194248.703     0.999963     33542230     27306.67
  194904.063     0.999969     33542392     32768.00
  197001.215     0.999973     33542551     36408.89
  197263.359     0.999976     33542606     40960.00
  197918.719     0.999979     33542732     46811.43
  198049.791     0.999982     33542812     54613.33
  198311.935     0.999985     33542924     65536.00
  198443.007     0.999986     33542995     72817.78
  198574.079     0.999988     33543047     81920.00
  198705.151     0.999989     33543098     93622.86
  198836.223     0.999991     33543153    109226.67
  198967.295     0.999992     33543212    131072.00
  198967.295     0.999993     33543212    145635.56
  198967.295     0.999994     33543212    163840.00
  199098.367     0.999995     33543269    187245.71
  199098.367     0.999995     33543269    218453.33
  199491.583     0.999996     33543296    262144.00
  199491.583     0.999997     33543296    291271.11
  199884.799     0.999997     33543313    327680.00
  200015.871     0.999997     33543320    374491.43
  200278.015     0.999998     33543335    436906.67
  200671.231     0.999998     33543346    524288.00
  200933.375     0.999998     33543358    582542.22
  200933.375     0.999998     33543358    655360.00
  201064.447     0.999999     33543379    748982.86
  201064.447     0.999999     33543379    873813.33
  201064.447     0.999999     33543379   1048576.00
  201195.519     0.999999     33543406   1165084.44
  201195.519     0.999999     33543406   1310720.00
  201195.519     0.999999     33543406   1497965.71
  201195.519     0.999999     33543406   1747626.67
  201195.519     1.000000     33543406   2097152.00
  201195.519     1.000000     33543406   2330168.89
  201195.519     1.000000     33543406   2621440.00
  201195.519     1.000000     33543406   2995931.43
  201195.519     1.000000     33543406   3495253.33
  201195.519     1.000000     33543406   4194304.00
  201195.519     1.000000     33543406   4660337.78
  201195.519     1.000000     33543406   5242880.00
  201195.519     1.000000     33543406   5991862.86
  201195.519     1.000000     33543406   6990506.67
  201195.519     1.000000     33543406   8388608.00
  201195.519     1.000000     33543406   9320675.55
  201195.519     1.000000     33543406  10485760.00
  201326.591     1.000000     33543409  11983725.71
  201326.591     1.000000     33543409          inf
#[Mean    =    13669.422, StdDeviation   =    21165.780]
#[Max     =   201195.520, Total count    =     33543409]
#[Buckets =           27, SubBuckets     =         2048]
----------------------------------------------------------
  34141167 requests in 10.00m, 5.28GB read
Requests/sec:  56902.08
Transfer/sec:      9.01MB
