Running 10m test @ http://localhost:9999/math/plus?x=1&y=2
  16 threads and 400 connections
  Thread calibration: mean lat.: 2.899ms, rate sampling interval: 12ms
  Thread calibration: mean lat.: 68.426ms, rate sampling interval: 419ms
  Thread calibration: mean lat.: 2.807ms, rate sampling interval: 11ms
  Thread calibration: mean lat.: 50.964ms, rate sampling interval: 27ms
  Thread calibration: mean lat.: 33.530ms, rate sampling interval: 19ms
  Thread calibration: mean lat.: 33.204ms, rate sampling interval: 18ms
  Thread calibration: mean lat.: 2.839ms, rate sampling interval: 12ms
  Thread calibration: mean lat.: 63.626ms, rate sampling interval: 304ms
  Thread calibration: mean lat.: 2.921ms, rate sampling interval: 12ms
  Thread calibration: mean lat.: 2.191ms, rate sampling interval: 10ms
  Thread calibration: mean lat.: 2.634ms, rate sampling interval: 12ms
  Thread calibration: mean lat.: 3.163ms, rate sampling interval: 13ms
  Thread calibration: mean lat.: 2.363ms, rate sampling interval: 10ms
  Thread calibration: mean lat.: 33.057ms, rate sampling interval: 17ms
  Thread calibration: mean lat.: 69.404ms, rate sampling interval: 420ms
  Thread calibration: mean lat.: 28.631ms, rate sampling interval: 14ms
  Thread Stats   Avg      Stdev     Max   +/- Stdev
    Latency     3.11ms    8.79ms   1.01s    98.40%
    Req/Sec   655.07    457.24     2.73k    74.09%
  Latency Distribution (HdrHistogram - Recorded Latency)
 50.000%    2.03ms
 75.000%    3.99ms
 90.000%    6.61ms
 99.000%   13.15ms
 99.900%   17.73ms
 99.990%  530.43ms
 99.999%  956.93ms
100.000%    1.01s 

  Detailed Percentile spectrum:
       Value   Percentile   TotalCount 1/(1-Percentile)

       0.082     0.000000            1         1.00
       0.748     0.100000       590003         1.11
       1.050     0.200000      1180196         1.25
       1.315     0.300000      1770233         1.43
       1.623     0.400000      2360972         1.67
       2.031     0.500000      2950448         2.00
       2.295     0.550000      3244978         2.22
       2.611     0.600000      3540018         2.50
       2.981     0.650000      3834866         2.86
       3.439     0.700000      4129411         3.33
       3.995     0.750000      4424284         4.00
       4.311     0.775000      4571911         4.44
       4.659     0.800000      4720376         5.00
       5.039     0.825000      4866922         5.71
       5.471     0.850000      5013929         6.67
       5.983     0.875000      5161689         8.00
       6.279     0.887500      5235973         8.89
       6.607     0.900000      5309408        10.00
       6.975     0.912500      5382942        11.43
       7.387     0.925000      5456631        13.33
       7.831     0.937500      5530445        16.00
       8.079     0.943750      5567313        17.78
       8.407     0.950000      5604559        20.00
       8.799     0.956250      5641045        22.86
       9.287     0.962500      5677874        26.67
       9.887     0.968750      5714384        32.00
      10.239     0.971875      5732910        35.56
      10.631     0.975000      5751589        40.00
      11.055     0.978125      5769853        45.71
      11.503     0.981250      5788379        53.33
      11.959     0.984375      5806623        64.00
      12.231     0.985938      5815930        71.11
      12.551     0.987500      5825065        80.00
      12.911     0.989062      5834218        91.43
      13.319     0.990625      5843477       106.67
      13.775     0.992188      5852715       128.00
      14.023     0.992969      5857256       142.22
      14.311     0.993750      5861936       160.00
      14.623     0.994531      5866489       182.86
      14.967     0.995313      5871087       213.33
      15.343     0.996094      5875673       256.00
      15.527     0.996484      5877975       284.44
      15.719     0.996875      5880300       320.00
      15.911     0.997266      5882623       365.71
      16.127     0.997656      5884882       426.67
      16.447     0.998047      5887298       512.00
      16.623     0.998242      5888397       568.89
      16.831     0.998437      5889503       640.00
      17.087     0.998633      5890662       731.43
      17.391     0.998828      5891821       853.33
      17.775     0.999023      5892962      1024.00
      18.031     0.999121      5893552      1137.78
      18.335     0.999219      5894109      1280.00
      18.671     0.999316      5894681      1462.86
      19.103     0.999414      5895262      1706.67
      19.583     0.999512      5895846      2048.00
      19.839     0.999561      5896123      2275.56
      20.223     0.999609      5896404      2560.00
      20.767     0.999658      5896697      2925.71
      21.823     0.999707      5896980      3413.33
      23.807     0.999756      5897270      4096.00
      26.095     0.999780      5897411      4551.11
      81.855     0.999805      5897555      5120.00
     195.839     0.999829      5897700      5851.43
     305.151     0.999854      5897843      6826.67
     420.607     0.999878      5897987      8192.00
     479.487     0.999890      5898059      9102.22
     538.623     0.999902      5898134     10240.00
     596.991     0.999915      5898204     11702.86
     655.359     0.999927      5898276     13653.33
     714.751     0.999939      5898347     16384.00
     738.815     0.999945      5898384     18204.44
     768.511     0.999951      5898419     20480.00
     797.695     0.999957      5898458     23405.71
     824.319     0.999963      5898491     27306.67
     856.575     0.999969      5898532     32768.00
     870.911     0.999973      5898546     36408.89
     883.711     0.999976      5898563     40960.00
     898.559     0.999979      5898581     46811.43
     916.991     0.999982      5898600     54613.33
     930.303     0.999985      5898618     65536.00
     936.447     0.999986      5898627     72817.78
     941.055     0.999988      5898635     81920.00
     950.271     0.999989      5898644     93622.86
     959.487     0.999991      5898653    109226.67
     965.119     0.999992      5898662    131072.00
     972.799     0.999993      5898669    145635.56
     974.335     0.999994      5898671    163840.00
     978.431     0.999995      5898676    187245.71
     979.455     0.999995      5898682    218453.33
     980.991     0.999996      5898685    262144.00
     984.063     0.999997      5898689    291271.11
     984.063     0.999997      5898689    327680.00
     994.303     0.999997      5898693    374491.43
     999.423     0.999998      5898695    436906.67
     999.935     0.999998      5898698    524288.00
     999.935     0.999998      5898698    582542.22
     999.935     0.999998      5898698    655360.00
    1001.471     0.999999      5898700    748982.86
    1003.007     0.999999      5898701    873813.33
    1006.591     0.999999      5898702   1048576.00
    1006.591     0.999999      5898702   1165084.44
    1007.615     0.999999      5898703   1310720.00
    1008.639     0.999999      5898704   1497965.71
    1008.639     0.999999      5898704   1747626.67
    1009.663     1.000000      5898705   2097152.00
    1009.663     1.000000      5898705   2330168.89
    1009.663     1.000000      5898705   2621440.00
    1012.223     1.000000      5898706   2995931.43
    1012.223     1.000000      5898706   3495253.33
    1012.223     1.000000      5898706   4194304.00
    1012.223     1.000000      5898706   4660337.78
    1012.223     1.000000      5898706   5242880.00
    1013.247     1.000000      5898707   5991862.86
    1013.247     1.000000      5898707          inf
#[Mean    =        3.110, StdDeviation   =        8.789]
#[Max     =     1012.736, Total count    =      5898707]
#[Buckets =           27, SubBuckets     =         2048]
----------------------------------------------------------
  5998809 requests in 10.00m, 0.93GB read
Requests/sec:   9997.99
Transfer/sec:      1.58MB
