Running 10m test @ http://localhost:9999/math/plus?x=1&y=2
  16 threads and 400 connections
  Thread calibration: mean lat.: 370.692ms, rate sampling interval: 2162ms
  Thread calibration: mean lat.: 562.482ms, rate sampling interval: 2887ms
  Thread calibration: mean lat.: 536.915ms, rate sampling interval: 3000ms
  Thread calibration: mean lat.: 758.692ms, rate sampling interval: 3805ms
  Thread calibration: mean lat.: 528.606ms, rate sampling interval: 3012ms
  Thread calibration: mean lat.: 524.714ms, rate sampling interval: 3024ms
  Thread calibration: mean lat.: 508.696ms, rate sampling interval: 2861ms
  Thread calibration: mean lat.: 483.562ms, rate sampling interval: 2705ms
  Thread calibration: mean lat.: 521.024ms, rate sampling interval: 2758ms
  Thread calibration: mean lat.: 436.513ms, rate sampling interval: 2443ms
  Thread calibration: mean lat.: 434.597ms, rate sampling interval: 2289ms
  Thread calibration: mean lat.: 633.396ms, rate sampling interval: 3418ms
  Thread calibration: mean lat.: 518.381ms, rate sampling interval: 2887ms
  Thread calibration: mean lat.: 586.196ms, rate sampling interval: 2975ms
  Thread calibration: mean lat.: 547.886ms, rate sampling interval: 2977ms
  Thread calibration: mean lat.: 311.957ms, rate sampling interval: 1718ms
  Thread Stats   Avg      Stdev     Max   +/- Stdev
    Latency    21.69s    33.46s    3.48m    84.88%
    Req/Sec     4.31k   290.65     5.70k    69.43%
  Latency Distribution (HdrHistogram - Recorded Latency)
 50.000%    3.98s 
 75.000%   30.83s 
 90.000%    1.20m 
 99.000%    2.35m 
 99.900%    2.90m 
 99.990%    3.35m 
 99.999%    3.46m 
100.000%    3.48m 

  Detailed Percentile spectrum:
       Value   Percentile   TotalCount 1/(1-Percentile)

       0.053     0.000000            1         1.00
      81.535     0.100000      4066165         1.11
     245.247     0.200000      8132253         1.25
     591.359     0.300000     12197404         1.43
    1458.175     0.400000     16263863         1.67
    3983.359     0.500000     20328790         2.00
    6508.543     0.550000     22363441         2.22
   10264.575     0.600000     24397097         2.50
   14925.823     0.650000     26429395         2.86
   21905.407     0.700000     28463100         3.33
   30834.687     0.750000     30492903         4.00
   35749.887     0.775000     31508701         4.44
   41615.359     0.800000     32527760         5.00
   48168.959     0.825000     33545341         5.71
   55541.759     0.850000     34560312         6.67
   63373.311     0.875000     35576612         8.00
   67305.471     0.887500     36087344         8.89
   72155.135     0.900000     36595710        10.00
   77725.695     0.912500     37102801        11.43
   83689.471     0.925000     37608349        13.33
   90243.071     0.937500     38119083        16.00
   93978.623     0.943750     38372914        17.78
   98041.855     0.950000     38625326        20.00
  102563.839     0.956250     38878258        22.86
  107151.359     0.962500     39133229        26.67
  112197.631     0.968750     39386778        32.00
  115671.039     0.971875     39513076        35.56
  119209.983     0.975000     39641721        40.00
  123076.607     0.978125     39767699        45.71
  127401.983     0.981250     39894598        53.33
  131399.679     0.984375     40021791        64.00
  133758.975     0.985938     40085548        71.11
  136314.879     0.987500     40148882        80.00
  139198.463     0.989062     40212861        91.43
  141819.903     0.990625     40275649       106.67
  144572.415     0.992188     40339904       128.00
  146014.207     0.992969     40370610       142.22
  148373.503     0.993750     40402632       160.00
  150208.511     0.994531     40435271       182.86
  152043.519     0.995313     40467485       213.33
  154796.031     0.996094     40498601       256.00
  156762.111     0.996484     40514423       284.44
  158466.047     0.996875     40529877       320.00
  160301.055     0.997266     40546214       365.71
  162529.279     0.997656     40561571       426.67
  165019.647     0.998047     40577677       512.00
  166854.655     0.998242     40585221       568.89
  168427.519     0.998437     40592984       640.00
  169869.311     0.998633     40601519       731.43
  171180.031     0.998828     40608869       853.33
  174456.831     0.999023     40616680      1024.00
  176160.767     0.999121     40620961      1137.78
  177340.415     0.999219     40624830      1280.00
  179175.423     0.999316     40628764      1462.86
  181272.575     0.999414     40632634      1706.67
  183894.015     0.999512     40636602      2048.00
  185729.023     0.999561     40638487      2275.56
  188612.607     0.999609     40640534      2560.00
  192413.695     0.999658     40642450      2925.71
  194904.063     0.999707     40644458      3413.33
  196083.711     0.999756     40646436      4096.00
  196607.999     0.999780     40647410      4551.11
  197525.503     0.999805     40648590      5120.00
  198049.791     0.999829     40649626      5851.43
  198574.079     0.999854     40650564      6826.67
  199360.511     0.999878     40651533      8192.00
  200146.943     0.999890     40651913      9102.22
  201326.591     0.999902     40652381     10240.00
  202113.023     0.999915     40652881     11702.86
  203554.815     0.999927     40653489     13653.33
  204472.319     0.999939     40653897     16384.00
  204734.463     0.999945     40654111     18204.44
  204996.607     0.999951     40654409     20480.00
  205258.751     0.999957     40654701     23405.71
  205520.895     0.999963     40654920     27306.67
  205914.111     0.999969     40655169     32768.00
  206045.183     0.999973     40655266     36408.89
  206176.255     0.999976     40655366     40960.00
  206569.471     0.999979     40655502     46811.43
  206962.687     0.999982     40655601     54613.33
  207224.831     0.999985     40655765     65536.00
  207355.903     0.999986     40655827     72817.78
  207486.975     0.999988     40655896     81920.00
  207618.047     0.999989     40655944     93622.86
  207749.119     0.999991     40656054    109226.67
  207749.119     0.999992     40656054    131072.00
  207880.191     0.999993     40656127    145635.56
  207880.191     0.999994     40656127    163840.00
  207880.191     0.999995     40656127    187245.71
  208011.263     0.999995     40656200    218453.33
  208011.263     0.999996     40656200    262144.00
  208142.335     0.999997     40656273    291271.11
  208142.335     0.999997     40656273    327680.00
  208142.335     0.999997     40656273    374491.43
  208142.335     0.999998     40656273    436906.67
  208142.335     0.999998     40656273    524288.00
  208142.335     0.999998     40656273    582542.22
  208273.407     0.999998     40656286    655360.00
  208404.479     0.999999     40656306    748982.86
  208404.479     0.999999     40656306    873813.33
  208404.479     0.999999     40656306   1048576.00
  208535.551     0.999999     40656334   1165084.44
  208535.551     0.999999     40656334   1310720.00
  208535.551     0.999999     40656334   1497965.71
  208535.551     0.999999     40656334   1747626.67
  208535.551     1.000000     40656334   2097152.00
  208535.551     1.000000     40656334   2330168.89
  208535.551     1.000000     40656334   2621440.00
  208535.551     1.000000     40656334   2995931.43
  208535.551     1.000000     40656334   3495253.33
  208535.551     1.000000     40656334   4194304.00
  208535.551     1.000000     40656334   4660337.78
  208666.623     1.000000     40656342   5242880.00
  208666.623     1.000000     40656342          inf
#[Mean    =    21686.487, StdDeviation   =    33457.349]
#[Max     =   208535.552, Total count    =     40656342]
#[Buckets =           27, SubBuckets     =         2048]
----------------------------------------------------------
  41333050 requests in 10.00m, 6.39GB read
Requests/sec:  68888.14
Transfer/sec:     10.91MB
