Running 10m test @ http://localhost:9999/math/plus?x=1&y=2
  16 threads and 400 connections
  Thread calibration: mean lat.: 24.676ms, rate sampling interval: 22ms
  Thread calibration: mean lat.: 13.219ms, rate sampling interval: 23ms
  Thread calibration: mean lat.: 16.343ms, rate sampling interval: 19ms
  Thread calibration: mean lat.: 4.186ms, rate sampling interval: 18ms
  Thread calibration: mean lat.: 16.555ms, rate sampling interval: 20ms
  Thread calibration: mean lat.: 4.181ms, rate sampling interval: 17ms
  Thread calibration: mean lat.: 4.563ms, rate sampling interval: 19ms
  Thread calibration: mean lat.: 8.335ms, rate sampling interval: 18ms
  Thread calibration: mean lat.: 3.769ms, rate sampling interval: 18ms
  Thread calibration: mean lat.: 4.253ms, rate sampling interval: 17ms
  Thread calibration: mean lat.: 4.241ms, rate sampling interval: 17ms
  Thread calibration: mean lat.: 4.061ms, rate sampling interval: 17ms
  Thread calibration: mean lat.: 24.699ms, rate sampling interval: 22ms
  Thread calibration: mean lat.: 16.581ms, rate sampling interval: 21ms
  Thread calibration: mean lat.: 20.363ms, rate sampling interval: 20ms
  Thread calibration: mean lat.: 4.044ms, rate sampling interval: 17ms
  Thread Stats   Avg      Stdev     Max   +/- Stdev
    Latency    12.19ms   48.58ms   2.31s    98.47%
    Req/Sec     3.24k   786.06    10.70k    73.56%
  Latency Distribution (HdrHistogram - Recorded Latency)
 50.000%    5.86ms
 75.000%   10.77ms
 90.000%   18.08ms
 99.000%  114.11ms
 99.900%  792.06ms
 99.990%    1.34s 
 99.999%    1.76s 
100.000%    2.31s 

  Detailed Percentile spectrum:
       Value   Percentile   TotalCount 1/(1-Percentile)

       0.066     0.000000            1         1.00
       1.440     0.100000      2950264         1.11
       2.365     0.200000      5903132         1.25
       3.395     0.300000      8852740         1.43
       4.535     0.400000     11797547         1.67
       5.855     0.500000     14753304         2.00
       6.595     0.550000     16227244         2.22
       7.391     0.600000     17701494         2.50
       8.279     0.650000     19170825         2.86
       9.415     0.700000     20652064         3.33
      10.767     0.750000     22127324         4.00
      11.519     0.775000     22861543         4.44
      12.359     0.800000     23597879         5.00
      13.415     0.825000     24335393         5.71
      14.655     0.850000     25071382         6.67
      16.047     0.875000     25808310         8.00
      16.975     0.887500     26179681         8.89
      18.079     0.900000     26546452        10.00
      19.311     0.912500     26913099        11.43
      20.799     0.925000     27281986        13.33
      22.815     0.937500     27650797        16.00
      23.951     0.943750     27836307        17.78
      25.439     0.950000     28019501        20.00
      27.279     0.956250     28203827        22.86
      29.631     0.962500     28387431        26.67
      32.863     0.968750     28571737        32.00
      35.199     0.971875     28665009        35.56
      38.143     0.975000     28756544        40.00
      42.207     0.978125     28848782        45.71
      48.351     0.981250     28940440        53.33
      59.103     0.984375     29032695        64.00
      67.775     0.985938     29078773        71.11
      80.447     0.987500     29124813        80.00
      99.199     0.989062     29170877        91.43
     126.847     0.990625     29216912       106.67
     169.343     0.992188     29263042       128.00
     197.247     0.992969     29286060       142.22
     232.575     0.993750     29309076       160.00
     276.735     0.994531     29332211       182.86
     325.887     0.995313     29355224       213.33
     386.047     0.996094     29378199       256.00
     419.583     0.996484     29389758       284.44
     455.679     0.996875     29401286       320.00
     498.687     0.997266     29412770       365.71
     545.791     0.997656     29424347       426.67
     605.695     0.998047     29435817       512.00
     639.999     0.998242     29441578       568.89
     675.327     0.998437     29447325       640.00
     712.703     0.998633     29453111       731.43
     752.639     0.998828     29458865       853.33
     797.183     0.999023     29464617      1024.00
     821.759     0.999121     29467478      1137.78
     851.967     0.999219     29470399      1280.00
     882.175     0.999316     29473248      1462.86
     914.431     0.999414     29476118      1706.67
     954.879     0.999512     29479015      2048.00
     979.967     0.999561     29480439      2275.56
    1007.615     0.999609     29481899      2560.00
    1041.919     0.999658     29483315      2925.71
    1087.487     0.999707     29484758      3413.33
    1135.615     0.999756     29486203      4096.00
    1167.359     0.999780     29486928      4551.11
    1198.079     0.999805     29487660      5120.00
    1233.919     0.999829     29488363      5851.43
    1269.759     0.999854     29489081      6826.67
    1309.695     0.999878     29489800      8192.00
    1328.127     0.999890     29490159      9102.22
    1345.535     0.999902     29490518     10240.00
    1363.967     0.999915     29490889     11702.86
    1389.567     0.999927     29491243     13653.33
    1429.503     0.999939     29491598     16384.00
    1459.199     0.999945     29491781     18204.44
    1483.775     0.999951     29491956     20480.00
    1509.375     0.999957     29492136     23405.71
    1556.479     0.999963     29492315     27306.67
    1609.727     0.999969     29492495     32768.00
    1631.231     0.999973     29492585     36408.89
    1646.591     0.999976     29492676     40960.00
    1665.023     0.999979     29492772     46811.43
    1680.383     0.999982     29492868     54613.33
    1688.575     0.999985     29492954     65536.00
    1695.743     0.999986     29492992     72817.78
    1710.079     0.999988     29493035     81920.00
    1744.895     0.999989     29493080     93622.86
    1784.831     0.999991     29493127    109226.67
    1808.383     0.999992     29493170    131072.00
    1824.767     0.999993     29493194    145635.56
    1886.207     0.999994     29493215    163840.00
    1956.863     0.999995     29493238    187245.71
    2034.687     0.999995     29493260    218453.33
    2113.535     0.999996     29493284    262144.00
    2134.015     0.999997     29493297    291271.11
    2144.255     0.999997     29493307    327680.00
    2160.639     0.999997     29493317    374491.43
    2185.215     0.999998     29493328    436906.67
    2203.647     0.999998     29493339    524288.00
    2209.791     0.999998     29493346    582542.22
    2215.935     0.999998     29493352    655360.00
    2230.271     0.999999     29493356    748982.86
    2244.607     0.999999     29493362    873813.33
    2250.751     0.999999     29493367   1048576.00
    2254.847     0.999999     29493371   1165084.44
    2258.943     0.999999     29493374   1310720.00
    2260.991     0.999999     29493377   1497965.71
    2263.039     0.999999     29493381   1747626.67
    2263.039     1.000000     29493381   2097152.00
    2265.087     1.000000     29493383   2330168.89
    2267.135     1.000000     29493385   2621440.00
    2271.231     1.000000     29493386   2995931.43
    2275.327     1.000000     29493387   3495253.33
    2277.375     1.000000     29493388   4194304.00
    2279.423     1.000000     29493389   4660337.78
    2285.567     1.000000     29493390   5242880.00
    2293.759     1.000000     29493392   5991862.86
    2293.759     1.000000     29493392   6990506.67
    2293.759     1.000000     29493392   8388608.00
    2293.759     1.000000     29493392   9320675.55
    2295.807     1.000000     29493393  10485760.00
    2295.807     1.000000     29493393  11983725.71
    2295.807     1.000000     29493393  13981013.34
    2301.951     1.000000     29493394  16777216.00
    2301.951     1.000000     29493394  18641351.10
    2301.951     1.000000     29493394  20971519.98
    2301.951     1.000000     29493394  23967451.45
    2301.951     1.000000     29493394  27962026.68
    2310.143     1.000000     29493395  33554432.00
    2310.143     1.000000     29493395          inf
#[Mean    =       12.187, StdDeviation   =       48.575]
#[Max     =     2308.096, Total count    =     29493395]
#[Buckets =           27, SubBuckets     =         2048]
----------------------------------------------------------
  29993474 requests in 10.00m, 4.64GB read
Requests/sec:  49988.98
Transfer/sec:      7.91MB
