Running 10m test @ http://localhost:9999/math/plus?x=1&y=2
  16 threads and 400 connections
  Thread calibration: mean lat.: 3.826ms, rate sampling interval: 14ms
  Thread calibration: mean lat.: 3.780ms, rate sampling interval: 14ms
  Thread calibration: mean lat.: 3.632ms, rate sampling interval: 14ms
  Thread calibration: mean lat.: 3.804ms, rate sampling interval: 14ms
  Thread calibration: mean lat.: 3.785ms, rate sampling interval: 14ms
  Thread calibration: mean lat.: 24.724ms, rate sampling interval: 18ms
  Thread calibration: mean lat.: 4.757ms, rate sampling interval: 16ms
  Thread calibration: mean lat.: 3.749ms, rate sampling interval: 14ms
  Thread calibration: mean lat.: 12.398ms, rate sampling interval: 15ms
  Thread calibration: mean lat.: 16.437ms, rate sampling interval: 15ms
  Thread calibration: mean lat.: 7.848ms, rate sampling interval: 14ms
  Thread calibration: mean lat.: 3.868ms, rate sampling interval: 14ms
  Thread calibration: mean lat.: 3.940ms, rate sampling interval: 14ms
  Thread calibration: mean lat.: 4.194ms, rate sampling interval: 14ms
  Thread calibration: mean lat.: 3.433ms, rate sampling interval: 13ms
  Thread calibration: mean lat.: 3.764ms, rate sampling interval: 14ms
  Thread Stats   Avg      Stdev     Max   +/- Stdev
    Latency     8.69ms   42.06ms   2.25s    98.77%
    Req/Sec     3.27k   791.76    11.77k    73.81%
  Latency Distribution (HdrHistogram - Recorded Latency)
 50.000%    4.32ms
 75.000%    7.31ms
 90.000%   11.93ms
 99.000%   64.54ms
 99.900%  684.54ms
 99.990%    1.46s 
 99.999%    1.97s 
100.000%    2.26s 

  Detailed Percentile spectrum:
       Value   Percentile   TotalCount 1/(1-Percentile)

       0.066     0.000000            1         1.00
       1.169     0.100000      2952956         1.11
       1.845     0.200000      5899762         1.25
       2.577     0.300000      8852319         1.43
       3.401     0.400000     11801902         1.67
       4.315     0.500000     14750771         2.00
       4.811     0.550000     16221988         2.22
       5.347     0.600000     17698442         2.50
       5.927     0.650000     19174738         2.86
       6.575     0.700000     20650718         3.33
       7.307     0.750000     22126524         4.00
       7.711     0.775000     22863054         4.44
       8.183     0.800000     23596506         5.00
       8.831     0.825000     24339376         5.71
       9.647     0.850000     25075998         6.67
      10.687     0.875000     25811118         8.00
      11.295     0.887500     26176598         8.89
      11.927     0.900000     26544136        10.00
      12.735     0.912500     26915658        11.43
      13.759     0.925000     27283866        13.33
      15.031     0.937500     27650987        16.00
      15.735     0.943750     27836498        17.78
      16.671     0.950000     28020073        20.00
      18.063     0.956250     28204627        22.86
      19.839     0.962500     28388522        26.67
      22.351     0.968750     28572508        32.00
      23.935     0.971875     28664540        35.56
      26.207     0.975000     28756690        40.00
      29.199     0.978125     28848502        45.71
      33.311     0.981250     28940813        53.33
      39.583     0.984375     29032965        64.00
      43.999     0.985938     29078911        71.11
      49.823     0.987500     29124945        80.00
      57.855     0.989062     29171019        91.43
      70.335     0.990625     29217020       106.67
      92.735     0.992188     29263096       128.00
     110.463     0.992969     29286113       142.22
     133.887     0.993750     29309199       160.00
     163.711     0.994531     29332186       182.86
     200.575     0.995313     29355252       213.33
     248.575     0.996094     29378275       256.00
     279.295     0.996484     29389797       284.44
     314.623     0.996875     29401326       320.00
     356.607     0.997266     29412856       365.71
     405.759     0.997656     29424359       426.67
     465.151     0.998047     29435882       512.00
     498.431     0.998242     29441667       568.89
     536.063     0.998437     29447406       640.00
     580.607     0.998633     29453171       731.43
     631.295     0.998828     29458946       853.33
     693.247     0.999023     29464706      1024.00
     729.087     0.999121     29467565      1137.78
     767.487     0.999219     29470432      1280.00
     814.591     0.999316     29473335      1462.86
     865.791     0.999414     29476206      1706.67
     928.255     0.999512     29479082      2048.00
     962.559     0.999561     29480515      2275.56
    1001.983     0.999609     29481968      2560.00
    1051.647     0.999658     29483418      2925.71
    1112.063     0.999707     29484852      3413.33
    1178.623     0.999756     29486284      4096.00
    1210.367     0.999780     29487002      4551.11
    1249.279     0.999805     29487721      5120.00
    1287.167     0.999829     29488434      5851.43
    1328.127     0.999854     29489154      6826.67
    1381.375     0.999878     29489873      8192.00
    1420.287     0.999890     29490238      9102.22
    1465.343     0.999902     29490597     10240.00
    1518.591     0.999915     29490952     11702.86
    1565.695     0.999927     29491314     13653.33
    1622.015     0.999939     29491671     16384.00
    1647.615     0.999945     29491855     18204.44
    1684.479     0.999951     29492034     20480.00
    1717.247     0.999957     29492216     23405.71
    1752.063     0.999963     29492393     27306.67
    1783.807     0.999969     29492572     32768.00
    1806.335     0.999973     29492668     36408.89
    1823.743     0.999976     29492754     40960.00
    1843.199     0.999979     29492841     46811.43
    1870.847     0.999982     29492936     54613.33
    1898.495     0.999985     29493022     65536.00
    1919.999     0.999986     29493067     72817.78
    1936.383     0.999988     29493112     81920.00
    1963.007     0.999989     29493157     93622.86
    1981.439     0.999991     29493202    109226.67
    2010.111     0.999992     29493247    131072.00
    2020.351     0.999993     29493269    145635.56
    2038.783     0.999994     29493292    163840.00
    2060.287     0.999995     29493314    187245.71
    2078.719     0.999995     29493336    218453.33
    2092.031     0.999996     29493359    262144.00
    2101.247     0.999997     29493371    291271.11
    2109.439     0.999997     29493381    327680.00
    2117.631     0.999997     29493395    374491.43
    2125.823     0.999998     29493408    436906.67
    2134.015     0.999998     29493415    524288.00
    2140.159     0.999998     29493423    582542.22
    2144.255     0.999998     29493429    655360.00
    2150.399     0.999999     29493432    748982.86
    2162.687     0.999999     29493439    873813.33
    2168.831     0.999999     29493444   1048576.00
    2172.927     0.999999     29493446   1165084.44
    2181.119     0.999999     29493449   1310720.00
    2195.455     0.999999     29493454   1497965.71
    2201.599     0.999999     29493455   1747626.67
    2207.743     1.000000     29493457   2097152.00
    2211.839     1.000000     29493459   2330168.89
    2215.935     1.000000     29493461   2621440.00
    2217.983     1.000000     29493463   2995931.43
    2217.983     1.000000     29493463   3495253.33
    2226.175     1.000000     29493464   4194304.00
    2230.271     1.000000     29493465   4660337.78
    2234.367     1.000000     29493466   5242880.00
    2238.463     1.000000     29493467   5991862.86
    2238.463     1.000000     29493467   6990506.67
    2240.511     1.000000     29493468   8388608.00
    2240.511     1.000000     29493468   9320675.55
    2242.559     1.000000     29493469  10485760.00
    2242.559     1.000000     29493469  11983725.71
    2242.559     1.000000     29493469  13981013.34
    2250.751     1.000000     29493470  16777216.00
    2250.751     1.000000     29493470  18641351.10
    2250.751     1.000000     29493470  20971519.98
    2250.751     1.000000     29493470  23967451.45
    2250.751     1.000000     29493470  27962026.68
    2256.895     1.000000     29493471  33554432.00
    2256.895     1.000000     29493471          inf
#[Mean    =        8.687, StdDeviation   =       42.061]
#[Max     =     2254.848, Total count    =     29493471]
#[Buckets =           27, SubBuckets     =         2048]
----------------------------------------------------------
  29987645 requests in 10.00m, 4.64GB read
Requests/sec:  49979.69
Transfer/sec:      7.91MB
