Running 10m test @ http://localhost:9999/math/plus?x=1&y=2
  16 threads and 400 connections
  Thread calibration: mean lat.: 4.670ms, rate sampling interval: 20ms
  Thread calibration: mean lat.: 4.974ms, rate sampling interval: 21ms
  Thread calibration: mean lat.: 4.967ms, rate sampling interval: 22ms
  Thread calibration: mean lat.: 5.211ms, rate sampling interval: 22ms
  Thread calibration: mean lat.: 4.724ms, rate sampling interval: 20ms
  Thread calibration: mean lat.: 5.046ms, rate sampling interval: 22ms
  Thread calibration: mean lat.: 4.635ms, rate sampling interval: 20ms
  Thread calibration: mean lat.: 5.198ms, rate sampling interval: 22ms
  Thread calibration: mean lat.: 4.890ms, rate sampling interval: 21ms
  Thread calibration: mean lat.: 4.736ms, rate sampling interval: 20ms
  Thread calibration: mean lat.: 4.731ms, rate sampling interval: 21ms
  Thread calibration: mean lat.: 5.073ms, rate sampling interval: 22ms
  Thread calibration: mean lat.: 5.005ms, rate sampling interval: 22ms
  Thread calibration: mean lat.: 4.937ms, rate sampling interval: 21ms
  Thread calibration: mean lat.: 4.777ms, rate sampling interval: 21ms
  Thread calibration: mean lat.: 4.914ms, rate sampling interval: 21ms
  Thread Stats   Avg      Stdev     Max   +/- Stdev
    Latency    33.61ms  135.09ms   4.70s    97.49%
    Req/Sec     3.22k   776.13     9.85k    72.80%
  Latency Distribution (HdrHistogram - Recorded Latency)
 50.000%   11.13ms
 75.000%   22.58ms
 90.000%   47.84ms
 99.000%  545.79ms
 99.900%    2.00s 
 99.990%    3.07s 
 99.999%    4.55s 
100.000%    4.71s 

  Detailed Percentile spectrum:
       Value   Percentile   TotalCount 1/(1-Percentile)

       0.067     0.000000            1         1.00
       2.489     0.100000      2950248         1.11
       4.383     0.200000      5903642         1.25
       6.347     0.300000      8850087         1.43
       8.511     0.400000     11798074         1.67
      11.127     0.500000     14750500         2.00
      12.639     0.550000     16227264         2.22
      14.431     0.600000     17695886         2.50
      16.527     0.650000     19179599         2.86
      19.183     0.700000     20651086         3.33
      22.575     0.750000     22123332         4.00
      24.687     0.775000     22860909         4.44
      27.279     0.800000     23595897         5.00
      30.463     0.825000     24334391         5.71
      34.527     0.850000     25069362         6.67
      39.967     0.875000     25806060         8.00
      43.551     0.887500     26177454         8.89
      47.839     0.900000     26543370        10.00
      53.279     0.912500     26913153        11.43
      60.415     0.925000     27281801        13.33
      70.271     0.937500     27651149        16.00
      76.735     0.943750     27833886        17.78
      84.927     0.950000     28018050        20.00
      95.679     0.956250     28203039        22.86
     110.399     0.962500     28386999        26.67
     132.479     0.968750     28571244        32.00
     148.351     0.971875     28663257        35.56
     169.983     0.975000     28755666        40.00
     200.575     0.978125     28847547        45.71
     246.399     0.981250     28939764        53.33
     315.135     0.984375     29031992        64.00
     364.287     0.985938     29077938        71.11
     423.679     0.987500     29124085        80.00
     496.895     0.989062     29170059        91.43
     582.655     0.990625     29216150       106.67
     695.295     0.992188     29262218       128.00
     758.271     0.992969     29285303       142.22
     829.951     0.993750     29308305       160.00
     912.383     0.994531     29331291       182.86
    1017.343     0.995313     29354341       213.33
    1137.663     0.996094     29377425       256.00
    1204.223     0.996484     29389013       284.44
    1277.951     0.996875     29400433       320.00
    1360.895     0.997266     29412044       365.71
    1455.103     0.997656     29423479       426.67
    1584.127     0.998047     29434982       512.00
    1656.831     0.998242     29440774       568.89
    1739.775     0.998437     29446503       640.00
    1825.791     0.998633     29452275       731.43
    1911.807     0.998828     29458041       853.33
    2009.087     0.999023     29463809      1024.00
    2060.287     0.999121     29466721      1137.78
    2111.487     0.999219     29469631      1280.00
    2172.927     0.999316     29472418      1462.86
    2267.135     0.999414     29475323      1706.67
    2365.439     0.999512     29478222      2048.00
    2422.783     0.999561     29479636      2275.56
    2508.799     0.999609     29481064      2560.00
    2588.671     0.999658     29482525      2925.71
    2670.591     0.999707     29483940      3413.33
    2748.415     0.999756     29485397      4096.00
    2787.327     0.999780     29486094      4551.11
    2838.527     0.999805     29486842      5120.00
    2891.775     0.999829     29487548      5851.43
    2949.119     0.999854     29488271      6826.67
    3002.367     0.999878     29488980      8192.00
    3031.039     0.999890     29489335      9102.22
    3078.143     0.999902     29489702     10240.00
    3160.063     0.999915     29490056     11702.86
    3248.127     0.999927     29490417     13653.33
    3366.911     0.999939     29490777     16384.00
    3500.031     0.999945     29490952     18204.44
    3586.047     0.999951     29491137     20480.00
    3856.383     0.999957     29491312     23405.71
    3993.599     0.999963     29491492     27306.67
    4136.959     0.999969     29491674     32768.00
    4218.879     0.999973     29491763     36408.89
    4255.743     0.999976     29491858     40960.00
    4296.703     0.999979     29491949     46811.43
    4366.335     0.999982     29492035     54613.33
    4476.927     0.999985     29492125     65536.00
    4509.695     0.999986     29492171     72817.78
    4534.271     0.999988     29492215     81920.00
    4546.559     0.999989     29492260     93622.86
    4558.847     0.999991     29492316    109226.67
    4575.231     0.999992     29492355    131072.00
    4583.423     0.999993     29492376    145635.56
    4591.615     0.999994     29492411    163840.00
    4595.711     0.999995     29492423    187245.71
    4599.807     0.999995     29492438    218453.33
    4620.287     0.999996     29492460    262144.00
    4632.575     0.999997     29492471    291271.11
    4644.863     0.999997     29492484    327680.00
    4653.055     0.999997     29492502    374491.43
    4657.151     0.999998     29492508    436906.67
    4665.343     0.999998     29492517    524288.00
    4669.439     0.999998     29492523    582542.22
    4673.535     0.999998     29492531    655360.00
    4677.631     0.999999     29492541    748982.86
    4677.631     0.999999     29492541    873813.33
    4681.727     0.999999     29492550   1048576.00
    4681.727     0.999999     29492550   1165084.44
    4681.727     0.999999     29492550   1310720.00
    4685.823     0.999999     29492553   1497965.71
    4694.015     0.999999     29492557   1747626.67
    4698.111     1.000000     29492564   2097152.00
    4698.111     1.000000     29492564   2330168.89
    4698.111     1.000000     29492564   2621440.00
    4698.111     1.000000     29492564   2995931.43
    4698.111     1.000000     29492564   3495253.33
    4702.207     1.000000     29492570   4194304.00
    4702.207     1.000000     29492570   4660337.78
    4702.207     1.000000     29492570   5242880.00
    4702.207     1.000000     29492570   5991862.86
    4702.207     1.000000     29492570   6990506.67
    4702.207     1.000000     29492570   8388608.00
    4702.207     1.000000     29492570   9320675.55
    4702.207     1.000000     29492570  10485760.00
    4702.207     1.000000     29492570  11983725.71
    4702.207     1.000000     29492570  13981013.34
    4706.303     1.000000     29492572  16777216.00
    4706.303     1.000000     29492572          inf
#[Mean    =       33.611, StdDeviation   =      135.090]
#[Max     =     4702.208, Total count    =     29492572]
#[Buckets =           27, SubBuckets     =         2048]
----------------------------------------------------------
  29992850 requests in 10.00m, 4.64GB read
Requests/sec:  49988.05
Transfer/sec:      7.91MB
