Running 10m test @ http://localhost:9999/math/plus?x=1&y=2
  16 threads and 400 connections
  Thread calibration: mean lat.: 12.078ms, rate sampling interval: 45ms
  Thread calibration: mean lat.: 12.488ms, rate sampling interval: 49ms
  Thread calibration: mean lat.: 13.587ms, rate sampling interval: 53ms
  Thread calibration: mean lat.: 12.516ms, rate sampling interval: 56ms
  Thread calibration: mean lat.: 11.076ms, rate sampling interval: 49ms
  Thread calibration: mean lat.: 11.204ms, rate sampling interval: 48ms
  Thread calibration: mean lat.: 10.395ms, rate sampling interval: 43ms
  Thread calibration: mean lat.: 11.543ms, rate sampling interval: 50ms
  Thread calibration: mean lat.: 10.330ms, rate sampling interval: 46ms
  Thread calibration: mean lat.: 12.734ms, rate sampling interval: 50ms
  Thread calibration: mean lat.: 11.796ms, rate sampling interval: 52ms
  Thread calibration: mean lat.: 10.149ms, rate sampling interval: 47ms
  Thread calibration: mean lat.: 11.137ms, rate sampling interval: 45ms
  Thread calibration: mean lat.: 12.015ms, rate sampling interval: 45ms
  Thread calibration: mean lat.: 13.512ms, rate sampling interval: 54ms
  Thread calibration: mean lat.: 14.240ms, rate sampling interval: 60ms
  Thread Stats   Avg      Stdev     Max   +/- Stdev
    Latency    11.31ms   42.47ms   1.71s    98.18%
    Req/Sec     3.16k   350.19     6.80k    75.38%
  Latency Distribution (HdrHistogram - Recorded Latency)
 50.000%    5.40ms
 75.000%    9.86ms
 90.000%   16.62ms
 99.000%  124.42ms
 99.900%  663.04ms
 99.990%    1.19s 
 99.999%    1.59s 
100.000%    1.71s 

  Detailed Percentile spectrum:
       Value   Percentile   TotalCount 1/(1-Percentile)

       0.069     0.000000            2         1.00
       1.394     0.100000      2951066         1.11
       2.213     0.200000      5899152         1.25
       3.145     0.300000      8851348         1.43
       4.195     0.400000     11801606         1.67
       5.403     0.500000     14755676         2.00
       6.079     0.550000     16224448         2.22
       6.839     0.600000     17696577         2.50
       7.655     0.650000     19171446         2.86
       8.639     0.700000     20651867         3.33
       9.863     0.750000     22120999         4.00
      10.591     0.775000     22863221         4.44
      11.383     0.800000     23596471         5.00
      12.255     0.825000     24333884         5.71
      13.431     0.850000     25073274         6.67
      14.855     0.875000     25808533         8.00
      15.655     0.887500     26179331         8.89
      16.623     0.900000     26544564        10.00
      17.903     0.912500     26916992        11.43
      19.439     0.925000     27284755        13.33
      21.423     0.937500     27651058        16.00
      22.751     0.943750     27836855        17.78
      24.207     0.950000     28020049        20.00
      26.255     0.956250     28203549        22.86
      28.847     0.962500     28388339        26.67
      32.607     0.968750     28572510        32.00
      35.295     0.971875     28664590        35.56
      38.879     0.975000     28757031        40.00
      43.903     0.978125     28848785        45.71
      51.775     0.981250     28941075        53.33
      65.311     0.984375     29033071        64.00
      76.095     0.985938     29079245        71.11
      90.559     0.987500     29125278        80.00
     109.823     0.989062     29171363        91.43
     135.551     0.990625     29217507       106.67
     171.391     0.992188     29263563       128.00
     194.047     0.992969     29286592       142.22
     220.415     0.993750     29309604       160.00
     250.623     0.994531     29332608       182.86
     287.487     0.995313     29355659       213.33
     334.079     0.996094     29378775       256.00
     359.167     0.996484     29390298       284.44
     386.303     0.996875     29401761       320.00
     420.863     0.997266     29413322       365.71
     458.495     0.997656     29424777       426.67
     504.575     0.998047     29436333       512.00
     530.431     0.998242     29442063       568.89
     558.079     0.998437     29447884       640.00
     588.287     0.998633     29453585       731.43
     625.151     0.998828     29459352       853.33
     668.159     0.999023     29465094      1024.00
     695.295     0.999121     29467999      1137.78
     724.991     0.999219     29470868      1280.00
     757.759     0.999316     29473762      1462.86
     793.599     0.999414     29476645      1706.67
     842.751     0.999512     29479518      2048.00
     867.327     0.999561     29480939      2275.56
     895.999     0.999609     29482383      2560.00
     925.183     0.999658     29483822      2925.71
     959.487     0.999707     29485260      3413.33
    1001.983     0.999756     29486713      4096.00
    1028.607     0.999780     29487424      4551.11
    1056.767     0.999805     29488146      5120.00
    1091.583     0.999829     29488868      5851.43
    1120.255     0.999854     29489588      6826.67
    1156.095     0.999878     29490297      8192.00
    1175.551     0.999890     29490656      9102.22
    1195.007     0.999902     29491023     10240.00
    1220.607     0.999915     29491386     11702.86
    1252.351     0.999927     29491742     13653.33
    1290.239     0.999939     29492103     16384.00
    1314.815     0.999945     29492281     18204.44
    1350.655     0.999951     29492458     20480.00
    1376.255     0.999957     29492639     23405.71
    1412.095     0.999963     29492817     27306.67
    1444.863     0.999969     29493005     32768.00
    1455.103     0.999973     29493088     36408.89
    1469.439     0.999976     29493176     40960.00
    1487.871     0.999979     29493266     46811.43
    1508.351     0.999982     29493362     54613.33
    1526.783     0.999985     29493445     65536.00
    1545.215     0.999986     29493496     72817.78
    1559.551     0.999988     29493535     81920.00
    1575.935     0.999989     29493580     93622.86
    1599.487     0.999991     29493625    109226.67
    1610.751     0.999992     29493670    131072.00
    1618.943     0.999993     29493693    145635.56
    1627.135     0.999994     29493717    163840.00
    1641.471     0.999995     29493738    187245.71
    1653.759     0.999995     29493761    218453.33
    1660.927     0.999996     29493783    262144.00
    1666.047     0.999997     29493794    291271.11
    1673.215     0.999997     29493809    327680.00
    1676.287     0.999997     29493817    374491.43
    1679.359     0.999998     29493831    436906.67
    1683.455     0.999998     29493839    524288.00
    1685.503     0.999998     29493845    582542.22
    1687.551     0.999998     29493852    655360.00
    1690.623     0.999999     29493858    748982.86
    1692.671     0.999999     29493862    873813.33
    1696.767     0.999999     29493869   1048576.00
    1698.815     0.999999     29493870   1165084.44
    1700.863     0.999999     29493876   1310720.00
    1700.863     0.999999     29493876   1497965.71
    1702.911     0.999999     29493879   1747626.67
    1704.959     1.000000     29493884   2097152.00
    1704.959     1.000000     29493884   2330168.89
    1704.959     1.000000     29493884   2621440.00
    1705.983     1.000000     29493886   2995931.43
    1707.007     1.000000     29493888   3495253.33
    1707.007     1.000000     29493888   4194304.00
    1708.031     1.000000     29493889   4660337.78
    1709.055     1.000000     29493892   5242880.00
    1709.055     1.000000     29493892   5991862.86
    1709.055     1.000000     29493892   6990506.67
    1709.055     1.000000     29493892   8388608.00
    1709.055     1.000000     29493892   9320675.55
    1710.079     1.000000     29493893  10485760.00
    1710.079     1.000000     29493893  11983725.71
    1710.079     1.000000     29493893  13981013.34
    1711.103     1.000000     29493894  16777216.00
    1711.103     1.000000     29493894  18641351.10
    1711.103     1.000000     29493894  20971519.98
    1711.103     1.000000     29493894  23967451.45
    1711.103     1.000000     29493894  27962026.68
    1713.151     1.000000     29493895  33554432.00
    1713.151     1.000000     29493895          inf
#[Mean    =       11.305, StdDeviation   =       42.468]
#[Max     =     1712.128, Total count    =     29493895]
#[Buckets =           27, SubBuckets     =         2048]
----------------------------------------------------------
  29992978 requests in 10.00m, 4.64GB read
Requests/sec:  49988.19
Transfer/sec:      7.91MB
