Running 10m test @ http://localhost:9999/math/plus?x=1&y=2
  16 threads and 400 connections
  Thread calibration: mean lat.: 1.930ms, rate sampling interval: 10ms
  Thread calibration: mean lat.: 6.292ms, rate sampling interval: 10ms
  Thread calibration: mean lat.: 6.151ms, rate sampling interval: 10ms
  Thread calibration: mean lat.: 1.686ms, rate sampling interval: 10ms
  Thread calibration: mean lat.: 23.322ms, rate sampling interval: 10ms
  Thread calibration: mean lat.: 2.065ms, rate sampling interval: 10ms
  Thread calibration: mean lat.: 66.073ms, rate sampling interval: 408ms
  Thread calibration: mean lat.: 1.618ms, rate sampling interval: 10ms
  Thread calibration: mean lat.: 2.075ms, rate sampling interval: 10ms
  Thread calibration: mean lat.: 27.432ms, rate sampling interval: 10ms
  Thread calibration: mean lat.: 69.977ms, rate sampling interval: 475ms
  Thread calibration: mean lat.: 2.021ms, rate sampling interval: 10ms
  Thread calibration: mean lat.: 61.624ms, rate sampling interval: 282ms
  Thread calibration: mean lat.: 65.282ms, rate sampling interval: 394ms
  Thread calibration: mean lat.: 1.443ms, rate sampling interval: 10ms
  Thread calibration: mean lat.: 57.280ms, rate sampling interval: 127ms
  Thread Stats   Avg      Stdev     Max   +/- Stdev
    Latency     2.55ms   16.69ms   1.00s    99.91%
    Req/Sec   660.98    687.65     3.80k    86.35%
  Latency Distribution (HdrHistogram - Recorded Latency)
 50.000%    1.63ms
 75.000%    2.72ms
 90.000%    4.30ms
 99.000%    8.04ms
 99.900%   15.14ms
 99.990%  877.05ms
 99.999%  983.04ms
100.000%    1.01s 

  Detailed Percentile spectrum:
       Value   Percentile   TotalCount 1/(1-Percentile)

       0.078     0.000000            1         1.00
       0.671     0.100000       590530         1.11
       0.938     0.200000      1181285         1.25
       1.158     0.300000      1770156         1.43
       1.374     0.400000      2361243         1.67
       1.635     0.500000      2950609         2.00
       1.790     0.550000      3244496         2.22
       1.967     0.600000      3540426         2.50
       2.169     0.650000      3834901         2.86
       2.415     0.700000      4130331         3.33
       2.719     0.750000      4425474         4.00
       2.901     0.775000      4572729         4.44
       3.107     0.800000      4719127         5.00
       3.345     0.825000      4866534         5.71
       3.619     0.850000      5014224         6.67
       3.935     0.875000      5161643         8.00
       4.111     0.887500      5235411         8.89
       4.303     0.900000      5309217        10.00
       4.523     0.912500      5383846        11.43
       4.767     0.925000      5456745        13.33
       5.059     0.937500      5530729        16.00
       5.231     0.943750      5567541        17.78
       5.423     0.950000      5604005        20.00
       5.647     0.956250      5641123        22.86
       5.907     0.962500      5677668        26.67
       6.219     0.968750      5714584        32.00
       6.403     0.971875      5733025        35.56
       6.607     0.975000      5751373        40.00
       6.835     0.978125      5769780        45.71
       7.099     0.981250      5788331        53.33
       7.391     0.984375      5806606        64.00
       7.543     0.985938      5815770        71.11
       7.719     0.987500      5824976        80.00
       7.915     0.989062      5834342        91.43
       8.147     0.990625      5843416       106.67
       8.471     0.992188      5852612       128.00
       8.687     0.992969      5857323       142.22
       8.951     0.993750      5861924       160.00
       9.303     0.994531      5866438       182.86
       9.775     0.995313      5871082       213.33
      10.367     0.996094      5875682       256.00
      10.711     0.996484      5877959       284.44
      11.103     0.996875      5880297       320.00
      11.479     0.997266      5882568       365.71
      11.879     0.997656      5884889       426.67
      12.327     0.998047      5887179       512.00
      12.663     0.998242      5888334       568.89
      13.023     0.998437      5889488       640.00
      13.487     0.998633      5890642       731.43
      14.071     0.998828      5891782       853.33
      15.359     0.999023      5892934      1024.00
      17.711     0.999121      5893508      1137.78
      72.127     0.999219      5894084      1280.00
     188.671     0.999316      5894660      1462.86
     302.847     0.999414      5895236      1706.67
     418.047     0.999512      5895812      2048.00
     476.927     0.999561      5896103      2275.56
     533.503     0.999609      5896391      2560.00
     590.847     0.999658      5896676      2925.71
     649.215     0.999707      5896964      3413.33
     704.511     0.999756      5897255      4096.00
     734.719     0.999780      5897396      4551.11
     763.391     0.999805      5897544      5120.00
     792.063     0.999829      5897684      5851.43
     822.783     0.999854      5897830      6826.67
     850.943     0.999878      5897972      8192.00
     863.743     0.999890      5898047      9102.22
     879.615     0.999902      5898122     10240.00
     892.927     0.999915      5898188     11702.86
     909.311     0.999927      5898260     13653.33
     922.623     0.999939      5898337     16384.00
     930.303     0.999945      5898368     18204.44
     936.959     0.999951      5898405     20480.00
     944.127     0.999957      5898445     23405.71
     951.295     0.999963      5898477     27306.67
     957.951     0.999969      5898512     32768.00
     962.559     0.999973      5898533     36408.89
     964.095     0.999976      5898548     40960.00
     970.239     0.999979      5898576     46811.43
     972.799     0.999982      5898588     54613.33
     977.407     0.999985      5898605     65536.00
     978.943     0.999986      5898611     72817.78
     980.479     0.999988      5898623     81920.00
     982.527     0.999989      5898630     93622.86
     983.551     0.999991      5898643    109226.67
     984.575     0.999992      5898649    131072.00
     985.087     0.999993      5898652    145635.56
     988.159     0.999994      5898656    163840.00
     990.207     0.999995      5898662    187245.71
     991.743     0.999995      5898668    218453.33
     993.279     0.999996      5898670    262144.00
     994.815     0.999997      5898672    291271.11
     995.839     0.999997      5898674    327680.00
     999.423     0.999997      5898677    374491.43
    1001.983     0.999998      5898679    436906.67
    1003.007     0.999998      5898683    524288.00
    1003.007     0.999998      5898683    582542.22
    1003.007     0.999998      5898683    655360.00
    1003.519     0.999999      5898688    748982.86
    1003.519     0.999999      5898688    873813.33
    1003.519     0.999999      5898688   1048576.00
    1003.519     0.999999      5898688   1165084.44
    1003.519     0.999999      5898688   1310720.00
    1004.031     0.999999      5898689   1497965.71
    1004.031     0.999999      5898689   1747626.67
    1004.543     1.000000      5898691   2097152.00
    1004.543     1.000000      5898691   2330168.89
    1004.543     1.000000      5898691   2621440.00
    1004.543     1.000000      5898691   2995931.43
    1004.543     1.000000      5898691   3495253.33
    1004.543     1.000000      5898691   4194304.00
    1004.543     1.000000      5898691   4660337.78
    1004.543     1.000000      5898691   5242880.00
    1005.055     1.000000      5898692   5991862.86
    1005.055     1.000000      5898692          inf
#[Mean    =        2.554, StdDeviation   =       16.688]
#[Max     =     1004.544, Total count    =      5898692]
#[Buckets =           27, SubBuckets     =         2048]
----------------------------------------------------------
  5997657 requests in 10.00m, 0.93GB read
Requests/sec:   9996.01
Transfer/sec:      1.58MB
