Running 10m test @ http://localhost:9999/math/plus?x=1&y=2
  16 threads and 400 connections
  Thread calibration: mean lat.: 1.162ms, rate sampling interval: 10ms
  Thread calibration: mean lat.: 1.167ms, rate sampling interval: 10ms
  Thread calibration: mean lat.: 1.223ms, rate sampling interval: 10ms
  Thread calibration: mean lat.: 1.168ms, rate sampling interval: 10ms
  Thread calibration: mean lat.: 1.134ms, rate sampling interval: 10ms
  Thread calibration: mean lat.: 1.185ms, rate sampling interval: 10ms
  Thread calibration: mean lat.: 1.137ms, rate sampling interval: 10ms
  Thread calibration: mean lat.: 1.174ms, rate sampling interval: 10ms
  Thread calibration: mean lat.: 1.199ms, rate sampling interval: 10ms
  Thread calibration: mean lat.: 1.140ms, rate sampling interval: 10ms
  Thread calibration: mean lat.: 1.169ms, rate sampling interval: 10ms
  Thread calibration: mean lat.: 1.142ms, rate sampling interval: 10ms
  Thread calibration: mean lat.: 5.369ms, rate sampling interval: 10ms
  Thread calibration: mean lat.: 1.213ms, rate sampling interval: 10ms
  Thread calibration: mean lat.: 1.189ms, rate sampling interval: 10ms
  Thread calibration: mean lat.: 1.133ms, rate sampling interval: 10ms
  Thread Stats   Avg      Stdev     Max   +/- Stdev
    Latency     1.17ms    8.46ms   1.00s    99.79%
    Req/Sec     1.98k   387.57     6.89k    80.80%
  Latency Distribution (HdrHistogram - Recorded Latency)
 50.000%    0.97ms
 75.000%    1.31ms
 90.000%    1.68ms
 99.000%    4.13ms
 99.900%   11.81ms
 99.990%  528.90ms
 99.999%  954.37ms
100.000%    1.00s 

  Detailed Percentile spectrum:
       Value   Percentile   TotalCount 1/(1-Percentile)

       0.066     0.000000            1         1.00
       0.375     0.100000      1774022         1.11
       0.550     0.200000      3542935         1.25
       0.700     0.300000      5311222         1.43
       0.838     0.400000      7086442         1.67
       0.969     0.500000      8856172         2.00
       1.034     0.550000      9745653         2.22
       1.098     0.600000     10621544         2.50
       1.164     0.650000     11508944         2.86
       1.235     0.700000     12398585         3.33
       1.313     0.750000     13275158         4.00
       1.358     0.775000     13719045         4.44
       1.407     0.800000     14160314         5.00
       1.462     0.825000     14605999         5.71
       1.523     0.850000     15046809         6.67
       1.594     0.875000     15489808         8.00
       1.634     0.887500     15707762         8.89
       1.679     0.900000     15928873        10.00
       1.730     0.912500     16148140        11.43
       1.790     0.925000     16369626        13.33
       1.864     0.937500     16592002        16.00
       1.909     0.943750     16703015        17.78
       1.962     0.950000     16812299        20.00
       2.029     0.956250     16923150        22.86
       2.117     0.962500     17032631        26.67
       2.247     0.968750     17144041        32.00
       2.337     0.971875     17199264        35.56
       2.453     0.975000     17254356        40.00
       2.603     0.978125     17309354        45.71
       2.807     0.981250     17364576        53.33
       3.097     0.984375     17419977        64.00
       3.287     0.985938     17447418        71.11
       3.533     0.987500     17475204        80.00
       3.869     0.989062     17502686        91.43
       4.327     0.990625     17530509       106.67
       4.987     0.992188     17558012       128.00
       5.419     0.992969     17571940       142.22
       5.839     0.993750     17585779       160.00
       6.303     0.994531     17599483       182.86
       6.887     0.995313     17613323       213.33
       7.555     0.996094     17627137       256.00
       7.979     0.996484     17634024       284.44
       8.447     0.996875     17640935       320.00
       8.967     0.997266     17647919       365.71
       9.383     0.997656     17654809       426.67
       9.855     0.998047     17661721       512.00
      10.215     0.998242     17665134       568.89
      10.703     0.998437     17668596       640.00
      10.975     0.998633     17672050       731.43
      11.335     0.998828     17675538       853.33
      11.895     0.999023     17678969      1024.00
      12.215     0.999121     17680722      1137.78
      12.591     0.999219     17682420      1280.00
      13.047     0.999316     17684142      1462.86
      13.575     0.999414     17685874      1706.67
      14.319     0.999512     17687606      2048.00
      14.815     0.999561     17688460      2275.56
      15.375     0.999609     17689329      2560.00
      16.119     0.999658     17690185      2925.71
      17.311     0.999707     17691049      3413.33
      19.903     0.999756     17691918      4096.00
      24.111     0.999780     17692346      4551.11
      79.871     0.999805     17692776      5120.00
     194.431     0.999829     17693208      5851.43
     311.039     0.999854     17693643      6826.67
     425.215     0.999878     17694072      8192.00
     483.327     0.999890     17694288      9102.22
     541.183     0.999902     17694505     10240.00
     598.527     0.999915     17694720     11702.86
     655.359     0.999927     17694937     13653.33
     712.703     0.999939     17695153     16384.00
     741.887     0.999945     17695262     18204.44
     771.071     0.999951     17695369     20480.00
     803.327     0.999957     17695477     23405.71
     828.927     0.999963     17695586     27306.67
     858.623     0.999969     17695692     32768.00
     871.423     0.999973     17695747     36408.89
     886.783     0.999976     17695800     40960.00
     900.095     0.999979     17695855     46811.43
     915.455     0.999982     17695908     54613.33
     929.791     0.999985     17695965     65536.00
     935.935     0.999986     17695990     72817.78
     943.103     0.999988     17696019     81920.00
     950.783     0.999989     17696044     93622.86
     957.951     0.999991     17696071    109226.67
     965.119     0.999992     17696097    131072.00
     969.215     0.999993     17696112    145635.56
     972.287     0.999994     17696124    163840.00
     976.383     0.999995     17696140    187245.71
     979.967     0.999995     17696153    218453.33
     984.063     0.999996     17696167    262144.00
     985.087     0.999997     17696175    291271.11
     986.111     0.999997     17696178    327680.00
     989.695     0.999997     17696186    374491.43
     990.207     0.999998     17696192    436906.67
     991.743     0.999998     17696200    524288.00
     992.767     0.999998     17696203    582542.22
     993.791     0.999998     17696205    655360.00
     994.815     0.999999     17696210    748982.86
     996.351     0.999999     17696216    873813.33
     996.351     0.999999     17696216   1048576.00
     996.863     0.999999     17696219   1165084.44
     996.863     0.999999     17696219   1310720.00
     997.887     0.999999     17696221   1497965.71
     999.423     0.999999     17696222   1747626.67
    1000.447     1.000000     17696224   2097152.00
    1000.959     1.000000     17696225   2330168.89
    1001.983     1.000000     17696229   2621440.00
    1001.983     1.000000     17696229   2995931.43
    1001.983     1.000000     17696229   3495253.33
    1001.983     1.000000     17696229   4194304.00
    1001.983     1.000000     17696229   4660337.78
    1001.983     1.000000     17696229   5242880.00
    1003.519     1.000000     17696231   5991862.86
    1003.519     1.000000     17696231   6990506.67
    1003.519     1.000000     17696231   8388608.00
    1003.519     1.000000     17696231   9320675.55
    1003.519     1.000000     17696231  10485760.00
    1003.519     1.000000     17696231  11983725.71
    1003.519     1.000000     17696231  13981013.34
    1003.519     1.000000     17696231  16777216.00
    1004.031     1.000000     17696232  18641351.10
    1004.031     1.000000     17696232          inf
#[Mean    =        1.175, StdDeviation   =        8.458]
#[Max     =     1003.520, Total count    =     17696232]
#[Buckets =           27, SubBuckets     =         2048]
----------------------------------------------------------
  17996480 requests in 10.00m, 2.78GB read
Requests/sec:  29994.09
Transfer/sec:      4.75MB
