Running 10m test @ http://localhost:9999/math/plus?x=1&y=2
  16 threads and 400 connections
  Thread calibration: mean lat.: 8.255ms, rate sampling interval: 36ms
  Thread calibration: mean lat.: 8.407ms, rate sampling interval: 36ms
  Thread calibration: mean lat.: 8.871ms, rate sampling interval: 39ms
  Thread calibration: mean lat.: 8.206ms, rate sampling interval: 36ms
  Thread calibration: mean lat.: 8.342ms, rate sampling interval: 36ms
  Thread calibration: mean lat.: 17.814ms, rate sampling interval: 39ms
  Thread calibration: mean lat.: 8.567ms, rate sampling interval: 36ms
  Thread calibration: mean lat.: 8.022ms, rate sampling interval: 33ms
  Thread calibration: mean lat.: 8.277ms, rate sampling interval: 36ms
  Thread calibration: mean lat.: 9.126ms, rate sampling interval: 39ms
  Thread calibration: mean lat.: 17.761ms, rate sampling interval: 38ms
  Thread calibration: mean lat.: 8.572ms, rate sampling interval: 36ms
  Thread calibration: mean lat.: 8.957ms, rate sampling interval: 37ms
  Thread calibration: mean lat.: 8.516ms, rate sampling interval: 37ms
  Thread calibration: mean lat.: 7.513ms, rate sampling interval: 32ms
  Thread calibration: mean lat.: 18.001ms, rate sampling interval: 45ms
  Thread Stats   Avg      Stdev     Max   +/- Stdev
    Latency    13.21ms   41.97ms   2.35s    98.16%
    Req/Sec     3.81k   598.21    11.74k    73.56%
  Latency Distribution (HdrHistogram - Recorded Latency)
 50.000%    7.33ms
 75.000%   13.50ms
 90.000%   23.41ms
 99.000%   79.87ms
 99.900%  714.24ms
 99.990%    1.33s 
 99.999%    2.05s 
100.000%    2.35s 

  Detailed Percentile spectrum:
       Value   Percentile   TotalCount 1/(1-Percentile)

       0.050     0.000000            1         1.00
       1.815     0.100000      3539814         1.11
       3.047     0.200000      7083605         1.25
       4.339     0.300000     10618834         1.43
       5.735     0.400000     14160833         1.67
       7.331     0.500000     17696359         2.00
       8.255     0.550000     19469505         2.22
       9.287     0.600000     21237230         2.50
      10.463     0.650000     23008082         2.86
      11.839     0.700000     24784580         3.33
      13.503     0.750000     26550218         4.00
      14.511     0.775000     27432050         4.44
      15.679     0.800000     28317531         5.00
      17.039     0.825000     29200802         5.71
      18.671     0.850000     30086935         6.67
      20.719     0.875000     30972713         8.00
      21.967     0.887500     31415673         8.89
      23.407     0.900000     31853570        10.00
      25.119     0.912500     32297669        11.43
      27.183     0.925000     32738174        13.33
      29.839     0.937500     33182250        16.00
      31.455     0.943750     33402420        17.78
      33.343     0.950000     33623918        20.00
      35.647     0.956250     33845574        22.86
      38.463     0.962500     34066837        26.67
      42.111     0.968750     34287314        32.00
      44.415     0.971875     34398421        35.56
      47.103     0.975000     34507703        40.00
      50.463     0.978125     34618236        45.71
      54.719     0.981250     34729071        53.33
      60.479     0.984375     34839791        64.00
      64.255     0.985938     34894915        71.11
      68.991     0.987500     34950535        80.00
      75.135     0.989062     35005604        91.43
      83.647     0.990625     35060674       106.67
      96.831     0.992188     35116025       128.00
     106.751     0.992969     35143573       142.22
     121.215     0.993750     35171190       160.00
     143.359     0.994531     35198867       182.86
     177.919     0.995313     35226540       213.33
     228.351     0.996094     35254164       256.00
     262.911     0.996484     35267999       284.44
     305.663     0.996875     35281790       320.00
     356.351     0.997266     35295623       365.71
     419.071     0.997656     35309476       426.67
     486.143     0.998047     35323278       512.00
     527.871     0.998242     35330236       568.89
     571.903     0.998437     35337128       640.00
     616.959     0.998633     35344063       731.43
     667.135     0.998828     35350916       853.33
     721.919     0.999023     35357862      1024.00
     751.615     0.999121     35361286      1137.78
     786.943     0.999219     35364776      1280.00
     821.759     0.999316     35368214      1462.86
     860.159     0.999414     35371670      1706.67
     907.263     0.999512     35375121      2048.00
     931.839     0.999561     35376860      2275.56
     959.999     0.999609     35378569      2560.00
     999.423     0.999658     35380304      2925.71
    1043.455     0.999707     35382029      3413.33
    1090.559     0.999756     35383766      4096.00
    1121.279     0.999780     35384614      4551.11
    1153.023     0.999805     35385490      5120.00
    1186.815     0.999829     35386368      5851.43
    1225.727     0.999854     35387210      6826.67
    1283.071     0.999878     35388085      8192.00
    1311.743     0.999890     35388509      9102.22
    1337.343     0.999902     35388936     10240.00
    1373.183     0.999915     35389379     11702.86
    1410.047     0.999927     35389804     13653.33
    1461.247     0.999939     35390230     16384.00
    1512.447     0.999945     35390449     18204.44
    1562.623     0.999951     35390664     20480.00
    1604.607     0.999957     35390879     23405.71
    1653.759     0.999963     35391096     27306.67
    1692.671     0.999969     35391316     32768.00
    1717.247     0.999973     35391420     36408.89
    1744.895     0.999976     35391526     40960.00
    1821.695     0.999979     35391634     46811.43
    1914.879     0.999982     35391745     54613.33
    1966.079     0.999985     35391852     65536.00
    1975.295     0.999986     35391911     72817.78
    1991.679     0.999988     35391958     81920.00
    2038.783     0.999989     35392012     93622.86
    2079.743     0.999991     35392067    109226.67
    2191.359     0.999992     35392121    131072.00
    2211.839     0.999993     35392154    145635.56
    2217.983     0.999994     35392176    163840.00
    2230.271     0.999995     35392204    187245.71
    2242.559     0.999995     35392229    218453.33
    2254.847     0.999996     35392257    262144.00
    2265.087     0.999997     35392269    291271.11
    2273.279     0.999997     35392282    327680.00
    2279.423     0.999997     35392298    374491.43
    2289.663     0.999998     35392309    436906.67
    2301.951     0.999998     35392325    524288.00
    2303.999     0.999998     35392332    582542.22
    2308.095     0.999998     35392337    655360.00
    2312.191     0.999999     35392345    748982.86
    2314.239     0.999999     35392351    873813.33
    2316.287     0.999999     35392360   1048576.00
    2316.287     0.999999     35392360   1165084.44
    2318.335     0.999999     35392365   1310720.00
    2320.383     0.999999     35392370   1497965.71
    2320.383     0.999999     35392370   1747626.67
    2322.431     1.000000     35392374   2097152.00
    2324.479     1.000000     35392375   2330168.89
    2330.623     1.000000     35392377   2621440.00
    2334.719     1.000000     35392379   2995931.43
    2336.767     1.000000     35392381   3495253.33
    2338.815     1.000000     35392383   4194304.00
    2338.815     1.000000     35392383   4660337.78
    2340.863     1.000000     35392387   5242880.00
    2340.863     1.000000     35392387   5991862.86
    2340.863     1.000000     35392387   6990506.67
    2340.863     1.000000     35392387   8388608.00
    2340.863     1.000000     35392387   9320675.55
    2340.863     1.000000     35392387  10485760.00
    2342.911     1.000000     35392388  11983725.71
    2342.911     1.000000     35392388  13981013.34
    2342.911     1.000000     35392388  16777216.00
    2347.007     1.000000     35392389  18641351.10
    2347.007     1.000000     35392389  20971519.98
    2347.007     1.000000     35392389  23967451.45
    2347.007     1.000000     35392389  27962026.68
    2347.007     1.000000     35392389  33554432.00
    2349.055     1.000000     35392390  37282702.28
    2349.055     1.000000     35392390          inf
#[Mean    =       13.205, StdDeviation   =       41.967]
#[Max     =     2347.008, Total count    =     35392390]
#[Buckets =           27, SubBuckets     =         2048]
----------------------------------------------------------
  35991972 requests in 10.00m, 5.56GB read
Requests/sec:  59985.59
Transfer/sec:      9.50MB
