Running 10m test @ http://localhost:9999/math/plus?x=1&y=2
  16 threads and 400 connections
  Thread calibration: mean lat.: 22.661ms, rate sampling interval: 104ms
  Thread calibration: mean lat.: 51.877ms, rate sampling interval: 298ms
  Thread calibration: mean lat.: 26.399ms, rate sampling interval: 131ms
  Thread calibration: mean lat.: 39.754ms, rate sampling interval: 189ms
  Thread calibration: mean lat.: 24.293ms, rate sampling interval: 124ms
  Thread calibration: mean lat.: 26.155ms, rate sampling interval: 130ms
  Thread calibration: mean lat.: 32.419ms, rate sampling interval: 166ms
  Thread calibration: mean lat.: 25.455ms, rate sampling interval: 132ms
  Thread calibration: mean lat.: 23.324ms, rate sampling interval: 111ms
  Thread calibration: mean lat.: 28.276ms, rate sampling interval: 126ms
  Thread calibration: mean lat.: 42.818ms, rate sampling interval: 194ms
  Thread calibration: mean lat.: 40.070ms, rate sampling interval: 202ms
  Thread calibration: mean lat.: 36.028ms, rate sampling interval: 191ms
  Thread calibration: mean lat.: 29.630ms, rate sampling interval: 144ms
  Thread calibration: mean lat.: 25.330ms, rate sampling interval: 119ms
  Thread calibration: mean lat.: 30.905ms, rate sampling interval: 140ms
  Thread Stats   Avg      Stdev     Max   +/- Stdev
    Latency   113.07ms  397.43ms  10.17s    95.43%
    Req/Sec     3.76k   374.20     9.04k    77.16%
  Latency Distribution (HdrHistogram - Recorded Latency)
 50.000%   20.64ms
 75.000%   65.92ms
 90.000%  217.73ms
 99.000%    1.69s 
 99.900%    6.08s 
 99.990%    9.08s 
 99.999%    9.95s 
100.000%   10.18s 

  Detailed Percentile spectrum:
       Value   Percentile   TotalCount 1/(1-Percentile)

       0.058     0.000000            1         1.00
       3.971     0.100000      3541566         1.11
       6.923     0.200000      7081412         1.25
      10.231     0.300000     10619395         1.43
      14.455     0.400000     14157878         1.67
      20.639     0.500000     17701823         2.00
      25.007     0.550000     19470314         2.22
      30.735     0.600000     21236313         2.50
      38.591     0.650000     23009919         2.86
      49.663     0.700000     24776619         3.33
      65.919     0.750000     26545432         4.00
      77.055     0.775000     27431178         4.44
      91.007     0.800000     28314331         5.00
     108.991     0.825000     29199640         5.71
     133.119     0.850000     30086687         6.67
     166.911     0.875000     30970382         8.00
     189.311     0.887500     31411452         8.89
     217.727     0.900000     31854062        10.00
     253.951     0.912500     32295249        11.43
     302.079     0.925000     32737791        13.33
     368.383     0.937500     33180010        16.00
     411.903     0.943750     33401716        17.78
     465.407     0.950000     33622650        20.00
     534.015     0.956250     33844188        22.86
     623.103     0.962500     34064500        26.67
     741.887     0.968750     34286024        32.00
     816.639     0.971875     34396223        35.56
     904.703     0.975000     34507217        40.00
    1007.103     0.978125     34617767        45.71
    1134.591     0.981250     34728681        53.33
    1293.311     0.984375     34838602        64.00
    1386.495     0.985938     34893969        71.11
    1489.919     0.987500     34949273        80.00
    1607.679     0.989062     35004586        91.43
    1753.087     0.990625     35059880       106.67
    1928.191     0.992188     35115254       128.00
    2035.711     0.992969     35142751       142.22
    2162.687     0.993750     35170602       160.00
    2301.951     0.994531     35198244       182.86
    2461.695     0.995313     35225993       213.33
    2693.119     0.996094     35253515       256.00
    2834.431     0.996484     35267155       284.44
    3006.463     0.996875     35281058       320.00
    3237.887     0.997266     35294824       365.71
    3543.039     0.997656     35308656       426.67
    3926.015     0.998047     35322516       512.00
    4118.527     0.998242     35329400       568.89
    4415.487     0.998437     35336327       640.00
    4833.279     0.998633     35343208       731.43
    5447.679     0.998828     35350123       853.33
    6180.863     0.999023     35357033      1024.00
    6500.351     0.999121     35360504      1137.78
    6791.167     0.999219     35363966      1280.00
    7094.271     0.999316     35367419      1462.86
    7372.799     0.999414     35370863      1706.67
    7610.367     0.999512     35374325      2048.00
    7712.767     0.999561     35376076      2275.56
    7819.263     0.999609     35377803      2560.00
    7983.103     0.999658     35379512      2925.71
    8216.575     0.999707     35381212      3413.33
    8478.719     0.999756     35382958      4096.00
    8601.599     0.999780     35383894      4551.11
    8732.671     0.999805     35384694      5120.00
    8863.743     0.999829     35385570      5851.43
    8945.663     0.999854     35386521      6826.67
    9003.007     0.999878     35387273      8192.00
    9043.967     0.999890     35387741      9102.22
    9084.927     0.999902     35388175     10240.00
    9125.887     0.999915     35388597     11702.86
    9183.231     0.999927     35389028     13653.33
    9232.383     0.999939     35389443     16384.00
    9273.343     0.999945     35389659     18204.44
    9314.303     0.999951     35389872     20480.00
    9355.263     0.999957     35390087     23405.71
    9396.223     0.999963     35390315     27306.67
    9445.375     0.999969     35390516     32768.00
    9486.335     0.999973     35390626     36408.89
    9510.911     0.999976     35390721     40960.00
    9543.679     0.999979     35390821     46811.43
    9584.639     0.999982     35390933     54613.33
    9715.711     0.999985     35391040     65536.00
    9830.399     0.999986     35391091     72817.78
    9904.127     0.999988     35391153     81920.00
    9945.087     0.999989     35391211     93622.86
    9969.663     0.999991     35391254    109226.67
   10010.623     0.999992     35391313    131072.00
   10027.007     0.999993     35391343    145635.56
   10035.199     0.999994     35391369    163840.00
   10051.583     0.999995     35391393    187245.71
   10076.159     0.999995     35391429    218453.33
   10092.543     0.999996     35391455    262144.00
   10100.735     0.999997     35391475    291271.11
   10100.735     0.999997     35391475    327680.00
   10117.119     0.999997     35391488    374491.43
   10133.503     0.999998     35391512    436906.67
   10133.503     0.999998     35391512    524288.00
   10141.695     0.999998     35391526    582542.22
   10141.695     0.999998     35391526    655360.00
   10149.887     0.999999     35391540    748982.86
   10149.887     0.999999     35391540    873813.33
   10158.079     0.999999     35391553   1048576.00
   10158.079     0.999999     35391553   1165084.44
   10158.079     0.999999     35391553   1310720.00
   10166.271     0.999999     35391568   1497965.71
   10166.271     0.999999     35391568   1747626.67
   10166.271     1.000000     35391568   2097152.00
   10166.271     1.000000     35391568   2330168.89
   10166.271     1.000000     35391568   2621440.00
   10166.271     1.000000     35391568   2995931.43
   10166.271     1.000000     35391568   3495253.33
   10174.463     1.000000     35391574   4194304.00
   10174.463     1.000000     35391574   4660337.78
   10174.463     1.000000     35391574   5242880.00
   10174.463     1.000000     35391574   5991862.86
   10174.463     1.000000     35391574   6990506.67
   10174.463     1.000000     35391574   8388608.00
   10174.463     1.000000     35391574   9320675.55
   10174.463     1.000000     35391574  10485760.00
   10182.655     1.000000     35391577  11983725.71
   10182.655     1.000000     35391577          inf
#[Mean    =      113.071, StdDeviation   =      397.433]
#[Max     =    10174.464, Total count    =     35391577]
#[Buckets =           27, SubBuckets     =         2048]
----------------------------------------------------------
  35992038 requests in 10.00m, 5.56GB read
Requests/sec:  59986.38
Transfer/sec:      9.50MB
