Running 10m test @ http://localhost:9999/math/plus?x=1&y=2
  16 threads and 400 connections
  Thread calibration: mean lat.: 7.341ms, rate sampling interval: 11ms
  Thread calibration: mean lat.: 1.495ms, rate sampling interval: 10ms
  Thread calibration: mean lat.: 7.074ms, rate sampling interval: 10ms
  Thread calibration: mean lat.: 2.883ms, rate sampling interval: 10ms
  Thread calibration: mean lat.: 11.458ms, rate sampling interval: 11ms
  Thread calibration: mean lat.: 20.114ms, rate sampling interval: 11ms
  Thread calibration: mean lat.: 36.800ms, rate sampling interval: 14ms
  Thread calibration: mean lat.: 1.353ms, rate sampling interval: 10ms
  Thread calibration: mean lat.: 2.731ms, rate sampling interval: 10ms
  Thread calibration: mean lat.: 7.378ms, rate sampling interval: 10ms
  Thread calibration: mean lat.: 19.976ms, rate sampling interval: 11ms
  Thread calibration: mean lat.: 7.170ms, rate sampling interval: 10ms
  Thread calibration: mean lat.: 7.426ms, rate sampling interval: 10ms
  Thread calibration: mean lat.: 7.170ms, rate sampling interval: 11ms
  Thread calibration: mean lat.: 7.266ms, rate sampling interval: 10ms
  Thread calibration: mean lat.: 7.433ms, rate sampling interval: 10ms
  Thread Stats   Avg      Stdev     Max   +/- Stdev
    Latency     3.54ms   23.96ms   1.01s    99.76%
    Req/Sec     3.32k     0.98k   17.20k    75.12%
  Latency Distribution (HdrHistogram - Recorded Latency)
 50.000%    2.00ms
 75.000%    3.46ms
 90.000%    5.42ms
 99.000%   12.14ms
 99.900%  414.72ms
 99.990%  945.15ms
 99.999%  997.89ms
100.000%    1.01s 

  Detailed Percentile spectrum:
       Value   Percentile   TotalCount 1/(1-Percentile)

       0.062     0.000000            1         1.00
       0.674     0.100000      2953634         1.11
       0.995     0.200000      5899697         1.25
       1.290     0.300000      8856572         1.43
       1.616     0.400000     11801595         1.67
       2.004     0.500000     14748574         2.00
       2.231     0.550000     16228496         2.22
       2.483     0.600000     17704061         2.50
       2.761     0.650000     19173733         2.86
       3.083     0.700000     20646002         3.33
       3.463     0.750000     22124287         4.00
       3.681     0.775000     22862350         4.44
       3.917     0.800000     23596604         5.00
       4.187     0.825000     24333668         5.71
       4.507     0.850000     25071376         6.67
       4.899     0.875000     25807236         8.00
       5.143     0.887500     26177024         8.89
       5.423     0.900000     26544360        10.00
       5.763     0.912500     26916324        11.43
       6.183     0.925000     27284408        13.33
       6.671     0.937500     27651039        16.00
       6.939     0.943750     27837192        17.78
       7.215     0.950000     28019588        20.00
       7.487     0.956250     28203863        22.86
       7.787     0.962500     28388441        26.67
       8.059     0.968750     28573462        32.00
       8.263     0.971875     28664129        35.56
       8.551     0.975000     28758128        40.00
       8.951     0.978125     28849217        45.71
       9.487     0.981250     28940944        53.33
      10.223     0.984375     29032852        64.00
      10.695     0.985938     29079429        71.11
      11.231     0.987500     29125157        80.00
      11.815     0.989062     29171635        91.43
      12.407     0.990625     29217342       106.67
      13.287     0.992188     29263543       128.00
      13.847     0.992969     29286257       142.22
      14.527     0.993750     29309427       160.00
      15.279     0.994531     29332548       182.86
      15.935     0.995313     29355720       213.33
      17.311     0.996094     29378477       256.00
      18.655     0.996484     29389996       284.44
      20.191     0.996875     29401470       320.00
      23.119     0.997266     29412990       365.71
      29.375     0.997656     29424509       426.67
      45.791     0.998047     29436038       512.00
      62.175     0.998242     29441796       568.89
     102.911     0.998437     29447561       640.00
     198.655     0.998633     29453319       731.43
     313.087     0.998828     29459075       853.33
     428.031     0.999023     29464834      1024.00
     485.119     0.999121     29467721      1137.78
     543.231     0.999219     29470597      1280.00
     601.599     0.999316     29473481      1462.86
     658.943     0.999414     29476366      1706.67
     717.311     0.999512     29479252      2048.00
     745.471     0.999561     29480672      2275.56
     774.143     0.999609     29482114      2560.00
     802.303     0.999658     29483556      2925.71
     831.999     0.999707     29485009      3413.33
     860.671     0.999756     29486459      4096.00
     874.495     0.999780     29487161      4551.11
     889.855     0.999805     29487897      5120.00
     903.167     0.999829     29488617      5851.43
     918.015     0.999854     29489315      6826.67
     932.863     0.999878     29490039      8192.00
     940.031     0.999890     29490415      9102.22
     946.687     0.999902     29490754     10240.00
     953.855     0.999915     29491117     11702.86
     960.511     0.999927     29491481     13653.33
     967.167     0.999939     29491833     16384.00
     971.263     0.999945     29492017     18204.44
     974.847     0.999951     29492233     20480.00
     978.943     0.999957     29492403     23405.71
     982.015     0.999963     29492576     27306.67
     985.599     0.999969     29492742     32768.00
     987.647     0.999973     29492849     36408.89
     989.183     0.999976     29492919     40960.00
     990.719     0.999979     29493018     46811.43
     992.255     0.999982     29493096     54613.33
     994.815     0.999985     29493196     65536.00
     995.839     0.999986     29493252     72817.78
     996.351     0.999988     29493277     81920.00
     997.887     0.999989     29493339     93622.86
     998.399     0.999991     29493380    109226.67
     999.423     0.999992     29493438    131072.00
     999.423     0.999993     29493438    145635.56
     999.935     0.999994     29493460    163840.00
    1000.959     0.999995     29493488    187245.71
    1001.471     0.999995     29493507    218453.33
    1001.983     0.999996     29493531    262144.00
    1002.495     0.999997     29493546    291271.11
    1002.495     0.999997     29493546    327680.00
    1003.007     0.999997     29493565    374491.43
    1003.519     0.999998     29493591    436906.67
    1003.519     0.999998     29493591    524288.00
    1003.519     0.999998     29493591    582542.22
    1003.519     0.999998     29493591    655360.00
    1004.031     0.999999     29493602    748982.86
    1004.031     0.999999     29493602    873813.33
    1004.543     0.999999     29493613   1048576.00
    1004.543     0.999999     29493613   1165084.44
    1004.543     0.999999     29493613   1310720.00
    1005.055     0.999999     29493624   1497965.71
    1005.055     0.999999     29493624   1747626.67
    1005.055     1.000000     29493624   2097152.00
    1005.055     1.000000     29493624   2330168.89
    1005.055     1.000000     29493624   2621440.00
    1005.055     1.000000     29493624   2995931.43
    1005.567     1.000000     29493627   3495253.33
    1005.567     1.000000     29493627   4194304.00
    1005.567     1.000000     29493627   4660337.78
    1006.079     1.000000     29493628   5242880.00
    1006.591     1.000000     29493630   5991862.86
    1006.591     1.000000     29493630   6990506.67
    1006.591     1.000000     29493630   8388608.00
    1006.591     1.000000     29493630   9320675.55
    1007.103     1.000000     29493631  10485760.00
    1007.103     1.000000     29493631  11983725.71
    1007.103     1.000000     29493631  13981013.34
    1008.127     1.000000     29493633  16777216.00
    1008.127     1.000000     29493633          inf
#[Mean    =        3.537, StdDeviation   =       23.963]
#[Max     =     1007.616, Total count    =     29493633]
#[Buckets =           27, SubBuckets     =         2048]
----------------------------------------------------------
  29990323 requests in 10.00m, 4.64GB read
Requests/sec:  49983.87
Transfer/sec:      7.91MB
