Running 10m test @ http://localhost:9999/math/plus?x=1&y=2
  16 threads and 400 connections
  Thread calibration: mean lat.: 3.732ms, rate sampling interval: 10ms
  Thread calibration: mean lat.: 3.939ms, rate sampling interval: 10ms
  Thread calibration: mean lat.: 4.370ms, rate sampling interval: 11ms
  Thread calibration: mean lat.: 3.536ms, rate sampling interval: 10ms
  Thread calibration: mean lat.: 3.640ms, rate sampling interval: 10ms
  Thread calibration: mean lat.: 3.896ms, rate sampling interval: 10ms
  Thread calibration: mean lat.: 3.446ms, rate sampling interval: 10ms
  Thread calibration: mean lat.: 3.673ms, rate sampling interval: 10ms
  Thread calibration: mean lat.: 3.435ms, rate sampling interval: 10ms
  Thread calibration: mean lat.: 3.453ms, rate sampling interval: 10ms
  Thread calibration: mean lat.: 3.361ms, rate sampling interval: 10ms
  Thread calibration: mean lat.: 3.477ms, rate sampling interval: 10ms
  Thread calibration: mean lat.: 3.398ms, rate sampling interval: 10ms
  Thread calibration: mean lat.: 3.981ms, rate sampling interval: 11ms
  Thread calibration: mean lat.: 3.224ms, rate sampling interval: 10ms
  Thread calibration: mean lat.: 2.540ms, rate sampling interval: 10ms
  Thread Stats   Avg      Stdev     Max   +/- Stdev
    Latency     4.35s    12.98s    4.15m    90.93%
    Req/Sec     3.90k   720.14    19.22k    79.66%
  Latency Distribution (HdrHistogram - Recorded Latency)
 50.000%   16.82ms
 75.000%    1.13s 
 90.000%   16.15s 
 99.000%   48.69s 
 99.900%    2.87m 
 99.990%    3.97m 
 99.999%    4.12m 
100.000%    4.15m 

  Detailed Percentile spectrum:
       Value   Percentile   TotalCount 1/(1-Percentile)

       0.099     0.000000            1         1.00
       1.573     0.100000      3473283         1.11
       2.803     0.200000      6944037         1.25
       4.735     0.300000     10417185         1.43
       8.631     0.400000     13888615         1.67
      16.815     0.500000     17357185         2.00
      24.351     0.550000     19092281         2.22
      38.207     0.600000     20828507         2.50
      73.599     0.650000     22563797         2.86
     219.135     0.700000     24298100         3.33
    1127.423     0.750000     26034025         4.00
    2578.431     0.775000     26901497         4.44
    4325.375     0.800000     27769569         5.00
    6721.535     0.825000     28637153         5.71
    9699.327     0.850000     29506377         6.67
   13074.431     0.875000     30373094         8.00
   14639.103     0.887500     30806838         8.89
   16146.431     0.900000     31241231        10.00
   17858.559     0.912500     31677297        11.43
   19759.103     0.925000     32108212        13.33
   21839.871     0.937500     32542693        16.00
   22937.599     0.943750     32759094        17.78
   24117.247     0.950000     32977151        20.00
   25362.431     0.956250     33193233        22.86
   26722.303     0.962500     33412308        26.67
   28459.007     0.968750     33628498        32.00
   29474.815     0.971875     33736294        35.56
   30883.839     0.975000     33844758        40.00
   32407.551     0.978125     33952233        45.71
   34603.007     0.981250     34061608        53.33
   37388.287     0.984375     34169163        64.00
   39354.367     0.985938     34223555        71.11
   42008.575     0.987500     34278178        80.00
   45547.519     0.989062     34331985        91.43
   50987.007     0.990625     34385975       106.67
   58523.647     0.992188     34440297       128.00
   62783.487     0.992969     34467549       142.22
   67305.471     0.993750     34494509       160.00
   75235.327     0.994531     34521704       182.86
   84475.903     0.995313     34548751       213.33
   96075.775     0.996094     34575748       256.00
  102891.519     0.996484     34589361       284.44
  110624.767     0.996875     34602900       320.00
  118226.943     0.997266     34616460       365.71
  126091.263     0.997656     34630052       426.67
  133562.367     0.998047     34643546       512.00
  137101.311     0.998242     34650326       568.89
  142606.335     0.998437     34657123       640.00
  152567.807     0.998633     34663937       731.43
  163053.567     0.998828     34670731       853.33
  173277.183     0.999023     34677477      1024.00
  178257.919     0.999121     34680840      1137.78
  183369.727     0.999219     34684267      1280.00
  188481.535     0.999316     34687621      1462.86
  194379.775     0.999414     34691027      1706.67
  203030.527     0.999512     34694418      2048.00
  207355.903     0.999561     34696121      2275.56
  211812.351     0.999609     34697809      2560.00
  216268.799     0.999658     34699513      2925.71
  220594.175     0.999707     34701183      3413.33
  224919.551     0.999756     34702900      4096.00
  227016.703     0.999780     34703753      4551.11
  229375.999     0.999805     34704584      5120.00
  231473.151     0.999829     34705438      5851.43
  233701.375     0.999854     34706276      6826.67
  235929.599     0.999878     34707121      8192.00
  237109.247     0.999890     34707547      9102.22
  238157.823     0.999902     34707961     10240.00
  239206.399     0.999915     34708390     11702.86
  240254.975     0.999927     34708833     13653.33
  241303.551     0.999939     34709243     16384.00
  241827.839     0.999945     34709462     18204.44
  242483.199     0.999951     34709688     20480.00
  243007.487     0.999957     34709863     23405.71
  243531.775     0.999963     34710092     27306.67
  244056.063     0.999969     34710306     32768.00
  244449.279     0.999973     34710397     36408.89
  245235.711     0.999976     34710514     40960.00
  245759.999     0.999979     34710621     46811.43
  246153.215     0.999982     34710718     54613.33
  246677.503     0.999985     34710810     65536.00
  246939.647     0.999986     34710874     72817.78
  247201.791     0.999988     34710942     81920.00
  247463.935     0.999989     34710992     93622.86
  247595.007     0.999991     34711026    109226.67
  247857.151     0.999992     34711085    131072.00
  247988.223     0.999993     34711110    145635.56
  248250.367     0.999994     34711142    163840.00
  248381.439     0.999995     34711175    187245.71
  248512.511     0.999995     34711192    218453.33
  248643.583     0.999996     34711216    262144.00
  248774.655     0.999997     34711246    291271.11
  248774.655     0.999997     34711246    327680.00
  248905.727     0.999997     34711262    374491.43
  248905.727     0.999998     34711262    436906.67
  249036.799     0.999998     34711302    524288.00
  249036.799     0.999998     34711302    582542.22
  249036.799     0.999998     34711302    655360.00
  249036.799     0.999999     34711302    748982.86
  249036.799     0.999999     34711302    873813.33
  249167.871     0.999999     34711337   1048576.00
  249167.871     0.999999     34711337   1165084.44
  249167.871     0.999999     34711337   1310720.00
  249167.871     0.999999     34711337   1497965.71
  249167.871     0.999999     34711337   1747626.67
  249167.871     1.000000     34711337   2097152.00
  249167.871     1.000000     34711337   2330168.89
  249167.871     1.000000     34711337   2621440.00
  249167.871     1.000000     34711337   2995931.43
  249167.871     1.000000     34711337   3495253.33
  249167.871     1.000000     34711337   4194304.00
  249167.871     1.000000     34711337   4660337.78
  249167.871     1.000000     34711337   5242880.00
  249167.871     1.000000     34711337   5991862.86
  249167.871     1.000000     34711337   6990506.67
  249167.871     1.000000     34711337   8388608.00
  249167.871     1.000000     34711337   9320675.55
  249167.871     1.000000     34711337  10485760.00
  249167.871     1.000000     34711337  11983725.71
  249167.871     1.000000     34711337  13981013.34
  249167.871     1.000000     34711337  16777216.00
  249298.943     1.000000     34711339  18641351.10
  249298.943     1.000000     34711339          inf
#[Mean    =     4353.710, StdDeviation   =    12984.212]
#[Max     =   249167.872, Total count    =     34711339]
#[Buckets =           27, SubBuckets     =         2048]
----------------------------------------------------------
  35309567 requests in 10.00m, 5.06GB read
Requests/sec:  58849.45
Transfer/sec:      8.64MB
