Running 10m test @ http://localhost:9999/math/plus?x=1&y=2
  16 threads and 400 connections
  Thread calibration: mean lat.: 1.519ms, rate sampling interval: 10ms
  Thread calibration: mean lat.: 1.581ms, rate sampling interval: 10ms
  Thread calibration: mean lat.: 1.482ms, rate sampling interval: 10ms
  Thread calibration: mean lat.: 1.422ms, rate sampling interval: 10ms
  Thread calibration: mean lat.: 1.427ms, rate sampling interval: 10ms
  Thread calibration: mean lat.: 1.572ms, rate sampling interval: 10ms
  Thread calibration: mean lat.: 1.429ms, rate sampling interval: 10ms
  Thread calibration: mean lat.: 1.487ms, rate sampling interval: 10ms
  Thread calibration: mean lat.: 1.478ms, rate sampling interval: 10ms
  Thread calibration: mean lat.: 1.336ms, rate sampling interval: 10ms
  Thread calibration: mean lat.: 1.449ms, rate sampling interval: 10ms
  Thread calibration: mean lat.: 1.614ms, rate sampling interval: 10ms
  Thread calibration: mean lat.: 1.594ms, rate sampling interval: 10ms
  Thread calibration: mean lat.: 1.450ms, rate sampling interval: 10ms
  Thread calibration: mean lat.: 1.584ms, rate sampling interval: 10ms
  Thread calibration: mean lat.: 1.562ms, rate sampling interval: 10ms
  Thread Stats   Avg      Stdev     Max   +/- Stdev
    Latency     2.75ms   12.86ms   1.58s    98.32%
    Req/Sec     3.30k   505.51    10.33k    77.49%
  Latency Distribution (HdrHistogram - Recorded Latency)
 50.000%    1.42ms
 75.000%    2.11ms
 90.000%    3.51ms
 99.000%   21.60ms
 99.900%  188.29ms
 99.990%  463.87ms
 99.999%    1.11s 
100.000%    1.58s 

  Detailed Percentile spectrum:
       Value   Percentile   TotalCount 1/(1-Percentile)

       0.073     0.000000            1         1.00
       0.596     0.100000      2954262         1.11
       0.832     0.200000      5904357         1.25
       1.032     0.300000      8849070         1.43
       1.222     0.400000     11806725         1.67
       1.421     0.500000     14758901         2.00
       1.528     0.550000     16225651         2.22
       1.645     0.600000     17705696         2.50
       1.774     0.650000     19180361         2.86
       1.922     0.700000     20647922         3.33
       2.107     0.750000     22126474         4.00
       2.219     0.775000     22859546         4.44
       2.353     0.800000     23595968         5.00
       2.521     0.825000     24337108         5.71
       2.737     0.850000     25071807         6.67
       3.039     0.875000     25807131         8.00
       3.245     0.887500     26178009         8.89
       3.505     0.900000     26545473        10.00
       3.857     0.912500     26913038        11.43
       4.359     0.925000     27282471        13.33
       5.123     0.937500     27650361        16.00
       5.667     0.943750     27835892        17.78
       6.371     0.950000     28019848        20.00
       7.251     0.956250     28203399        22.86
       8.319     0.962500     28387711        26.67
       9.799     0.968750     28572689        32.00
      10.727     0.971875     28664208        35.56
      11.791     0.975000     28756384        40.00
      13.023     0.978125     28848912        45.71
      14.535     0.981250     28940982        53.33
      16.367     0.984375     29033062        64.00
      17.503     0.985938     29079342        71.11
      18.847     0.987500     29125219        80.00
      20.431     0.989062     29171187        91.43
      22.527     0.990625     29217374       106.67
      25.567     0.992188     29263429       128.00
      27.791     0.992969     29286417       142.22
      30.815     0.993750     29309345       160.00
      35.359     0.994531     29332507       182.86
      42.879     0.995313     29355441       213.33
      56.095     0.996094     29378502       256.00
      65.087     0.996484     29390008       284.44
      75.135     0.996875     29401517       320.00
      87.999     0.997266     29413059       365.71
     104.255     0.997656     29424545       426.67
     125.887     0.998047     29436081       512.00
     137.599     0.998242     29441887       568.89
     148.863     0.998437     29447589       640.00
     161.663     0.998633     29453387       731.43
     175.359     0.998828     29459130       853.33
     190.335     0.999023     29464909      1024.00
     198.911     0.999121     29467752      1137.78
     207.999     0.999219     29470664      1280.00
     219.519     0.999316     29473531      1462.86
     231.935     0.999414     29476409      1706.67
     245.887     0.999512     29479282      2048.00
     253.951     0.999561     29480721      2275.56
     263.679     0.999609     29482183      2560.00
     274.943     0.999658     29483600      2925.71
     288.767     0.999707     29485037      3413.33
     306.687     0.999756     29486475      4096.00
     318.207     0.999780     29487203      4551.11
     334.335     0.999805     29487914      5120.00
     351.487     0.999829     29488632      5851.43
     378.623     0.999854     29489347      6826.67
     418.303     0.999878     29490072      8192.00
     441.087     0.999890     29490430      9102.22
     469.247     0.999902     29490789     10240.00
     503.039     0.999915     29491150     11702.86
     535.039     0.999927     29491512     13653.33
     581.119     0.999939     29491867     16384.00
     609.791     0.999945     29492047     18204.44
     652.287     0.999951     29492227     20480.00
     701.439     0.999957     29492407     23405.71
     757.759     0.999963     29492587     27306.67
     785.407     0.999969     29492768     32768.00
     804.863     0.999973     29492859     36408.89
     817.663     0.999976     29492952     40960.00
     828.415     0.999979     29493037     46811.43
     854.015     0.999982     29493127     54613.33
     909.311     0.999985     29493217     65536.00
     961.023     0.999986     29493262     72817.78
    1029.631     0.999988     29493307     81920.00
    1091.583     0.999989     29493352     93622.86
    1135.615     0.999991     29493397    109226.67
    1168.383     0.999992     29493442    131072.00
    1197.055     0.999993     29493465    145635.56
    1278.975     0.999994     29493490    163840.00
    1314.815     0.999995     29493511    187245.71
    1352.703     0.999995     29493532    218453.33
    1406.975     0.999996     29493555    262144.00
    1436.671     0.999997     29493566    291271.11
    1460.223     0.999997     29493577    327680.00
    1500.159     0.999997     29493589    374491.43
    1509.375     0.999998     29493600    436906.67
    1527.807     0.999998     29493612    524288.00
    1533.951     0.999998     29493618    582542.22
    1537.023     0.999998     29493624    655360.00
    1539.071     0.999999     29493629    748982.86
    1543.167     0.999999     29493634    873813.33
    1546.239     0.999999     29493639   1048576.00
    1547.263     0.999999     29493642   1165084.44
    1549.311     0.999999     29493645   1310720.00
    1553.407     0.999999     29493648   1497965.71
    1555.455     0.999999     29493652   1747626.67
    1556.479     1.000000     29493653   2097152.00
    1559.551     1.000000     29493655   2330168.89
    1561.599     1.000000     29493656   2621440.00
    1562.623     1.000000     29493658   2995931.43
    1564.671     1.000000     29493659   3495253.33
    1566.719     1.000000     29493660   4194304.00
    1571.839     1.000000     29493661   4660337.78
    1572.863     1.000000     29493663   5242880.00
    1572.863     1.000000     29493663   5991862.86
    1572.863     1.000000     29493663   6990506.67
    1574.911     1.000000     29493664   8388608.00
    1574.911     1.000000     29493664   9320675.55
    1575.935     1.000000     29493665  10485760.00
    1575.935     1.000000     29493665  11983725.71
    1575.935     1.000000     29493665  13981013.34
    1576.959     1.000000     29493667  16777216.00
    1576.959     1.000000     29493667          inf
#[Mean    =        2.753, StdDeviation   =       12.856]
#[Max     =     1575.936, Total count    =     29493667]
#[Buckets =           27, SubBuckets     =         2048]
----------------------------------------------------------
  29993730 requests in 10.00m, 4.30GB read
Requests/sec:  49989.54
Transfer/sec:      7.34MB
