Running 10m test @ http://localhost:9999/math/plus?x=1&y=2
  16 threads and 400 connections
  Thread calibration: mean lat.: 1.814ms, rate sampling interval: 10ms
  Thread calibration: mean lat.: 1.890ms, rate sampling interval: 10ms
  Thread calibration: mean lat.: 1.880ms, rate sampling interval: 10ms
  Thread calibration: mean lat.: 1.922ms, rate sampling interval: 10ms
  Thread calibration: mean lat.: 1.971ms, rate sampling interval: 10ms
  Thread calibration: mean lat.: 2.112ms, rate sampling interval: 10ms
  Thread calibration: mean lat.: 1.826ms, rate sampling interval: 10ms
  Thread calibration: mean lat.: 1.875ms, rate sampling interval: 10ms
  Thread calibration: mean lat.: 2.140ms, rate sampling interval: 10ms
  Thread calibration: mean lat.: 1.645ms, rate sampling interval: 10ms
  Thread calibration: mean lat.: 1.945ms, rate sampling interval: 10ms
  Thread calibration: mean lat.: 1.845ms, rate sampling interval: 10ms
  Thread calibration: mean lat.: 1.947ms, rate sampling interval: 10ms
  Thread calibration: mean lat.: 2.003ms, rate sampling interval: 10ms
  Thread calibration: mean lat.: 1.879ms, rate sampling interval: 10ms
  Thread calibration: mean lat.: 2.025ms, rate sampling interval: 10ms
  Thread Stats   Avg      Stdev     Max   +/- Stdev
    Latency     1.86ms    1.44ms  35.49ms   83.43%
    Req/Sec   658.88    384.79     2.78k    75.75%
  Latency Distribution (HdrHistogram - Recorded Latency)
 50.000%    1.44ms
 75.000%    2.33ms
 90.000%    3.68ms
 99.000%    6.84ms
 99.900%   12.20ms
 99.990%   20.85ms
 99.999%   28.80ms
100.000%   35.52ms

  Detailed Percentile spectrum:
       Value   Percentile   TotalCount 1/(1-Percentile)

       0.079     0.000000            1         1.00
       0.604     0.100000       590436         1.11
       0.832     0.200000      1180950         1.25
       1.042     0.300000      1771157         1.43
       1.237     0.400000      2361657         1.67
       1.438     0.500000      2951092         2.00
       1.558     0.550000      3246295         2.22
       1.700     0.600000      3541074         2.50
       1.866     0.650000      3835474         2.86
       2.069     0.700000      4131388         3.33
       2.327     0.750000      4424598         4.00
       2.485     0.775000      4572867         4.44
       2.661     0.800000      4719074         5.00
       2.861     0.825000      4866587         5.71
       3.091     0.850000      5014420         6.67
       3.355     0.875000      5161487         8.00
       3.507     0.887500      5235620         8.89
       3.677     0.900000      5309277        10.00
       3.867     0.912500      5382955        11.43
       4.079     0.925000      5456364        13.33
       4.335     0.937500      5530197        16.00
       4.487     0.943750      5567401        17.78
       4.655     0.950000      5604121        20.00
       4.847     0.956250      5640896        22.86
       5.071     0.962500      5678076        26.67
       5.331     0.968750      5714623        32.00
       5.479     0.971875      5732878        35.56
       5.643     0.975000      5751461        40.00
       5.823     0.978125      5769829        45.71
       6.027     0.981250      5788155        53.33
       6.267     0.984375      5806772        64.00
       6.399     0.985938      5815757        71.11
       6.555     0.987500      5825180        80.00
       6.727     0.989062      5834331        91.43
       6.927     0.990625      5843444       106.67
       7.167     0.992188      5852639       128.00
       7.311     0.992969      5857247       142.22
       7.479     0.993750      5861932       160.00
       7.675     0.994531      5866538       182.86
       7.915     0.995313      5871126       213.33
       8.199     0.996094      5875684       256.00
       8.391     0.996484      5878018       284.44
       8.623     0.996875      5880279       320.00
       8.927     0.997266      5882580       365.71
       9.327     0.997656      5884922       426.67
       9.879     0.998047      5887223       512.00
      10.223     0.998242      5888359       568.89
      10.647     0.998437      5889511       640.00
      11.127     0.998633      5890648       731.43
      11.679     0.998828      5891798       853.33
      12.271     0.999023      5892959      1024.00
      12.607     0.999121      5893527      1137.78
      12.975     0.999219      5894102      1280.00
      13.391     0.999316      5894676      1462.86
      13.847     0.999414      5895254      1706.67
      14.447     0.999512      5895829      2048.00
      14.823     0.999561      5896115      2275.56
      15.287     0.999609      5896403      2560.00
      15.855     0.999658      5896691      2925.71
      16.447     0.999707      5896981      3413.33
      17.151     0.999756      5897267      4096.00
      17.679     0.999780      5897413      4551.11
      18.079     0.999805      5897556      5120.00
      18.575     0.999829      5897703      5851.43
      19.311     0.999854      5897843      6826.67
      20.063     0.999878      5897989      8192.00
      20.447     0.999890      5898059      9102.22
      21.007     0.999902      5898130     10240.00
      21.647     0.999915      5898203     11702.86
      22.319     0.999927      5898275     13653.33
      22.991     0.999939      5898348     16384.00
      23.471     0.999945      5898386     18204.44
      23.807     0.999951      5898419     20480.00
      24.127     0.999957      5898454     23405.71
      24.703     0.999963      5898491     27306.67
      25.535     0.999969      5898526     32768.00
      25.967     0.999973      5898544     36408.89
      26.319     0.999976      5898562     40960.00
      26.831     0.999979      5898581     46811.43
      27.471     0.999982      5898598     54613.33
      27.807     0.999985      5898616     65536.00
      28.127     0.999986      5898625     72817.78
      28.319     0.999988      5898634     81920.00
      28.575     0.999989      5898643     93622.86
      28.895     0.999991      5898652    109226.67
      29.199     0.999992      5898661    131072.00
      29.423     0.999993      5898667    145635.56
      29.583     0.999994      5898670    163840.00
      29.743     0.999995      5898676    187245.71
      29.983     0.999995      5898679    218453.33
      30.495     0.999996      5898684    262144.00
      31.199     0.999997      5898686    291271.11
      31.327     0.999997      5898688    327680.00
      32.063     0.999997      5898691    374491.43
      32.191     0.999998      5898693    436906.67
      32.399     0.999998      5898695    524288.00
      32.495     0.999998      5898696    582542.22
      33.055     0.999998      5898697    655360.00
      33.375     0.999999      5898699    748982.86
      33.471     0.999999      5898700    873813.33
      33.631     0.999999      5898701   1048576.00
      33.631     0.999999      5898701   1165084.44
      33.983     0.999999      5898702   1310720.00
      34.143     0.999999      5898703   1497965.71
      34.143     0.999999      5898703   1747626.67
      34.175     1.000000      5898704   2097152.00
      34.175     1.000000      5898704   2330168.89
      34.175     1.000000      5898704   2621440.00
      34.335     1.000000      5898705   2995931.43
      34.335     1.000000      5898705   3495253.33
      34.335     1.000000      5898705   4194304.00
      34.335     1.000000      5898705   4660337.78
      34.335     1.000000      5898705   5242880.00
      35.519     1.000000      5898706   5991862.86
      35.519     1.000000      5898706          inf
#[Mean    =        1.861, StdDeviation   =        1.436]
#[Max     =       35.488, Total count    =      5898706]
#[Buckets =           27, SubBuckets     =         2048]
----------------------------------------------------------
  5998962 requests in 10.00m, 0.86GB read
Requests/sec:   9998.24
Transfer/sec:      1.47MB
