Running 10m test @ http://localhost:9999/math/plus?x=1&y=2
  16 threads and 400 connections
  Thread calibration: mean lat.: 1.813ms, rate sampling interval: 10ms
  Thread calibration: mean lat.: 1.765ms, rate sampling interval: 10ms
  Thread calibration: mean lat.: 1.752ms, rate sampling interval: 10ms
  Thread calibration: mean lat.: 1.732ms, rate sampling interval: 10ms
  Thread calibration: mean lat.: 1.715ms, rate sampling interval: 10ms
  Thread calibration: mean lat.: 2.049ms, rate sampling interval: 10ms
  Thread calibration: mean lat.: 2.298ms, rate sampling interval: 10ms
  Thread calibration: mean lat.: 1.781ms, rate sampling interval: 10ms
  Thread calibration: mean lat.: 1.934ms, rate sampling interval: 10ms
  Thread calibration: mean lat.: 1.940ms, rate sampling interval: 10ms
  Thread calibration: mean lat.: 1.959ms, rate sampling interval: 10ms
  Thread calibration: mean lat.: 2.194ms, rate sampling interval: 10ms
  Thread calibration: mean lat.: 2.151ms, rate sampling interval: 10ms
  Thread calibration: mean lat.: 1.730ms, rate sampling interval: 10ms
  Thread calibration: mean lat.: 1.847ms, rate sampling interval: 10ms
  Thread calibration: mean lat.: 1.402ms, rate sampling interval: 10ms
  Thread Stats   Avg      Stdev     Max   +/- Stdev
    Latency     1.83ms    1.35ms  33.15ms   81.76%
    Req/Sec   658.74    490.50     2.78k    78.06%
  Latency Distribution (HdrHistogram - Recorded Latency)
 50.000%    1.45ms
 75.000%    2.28ms
 90.000%    3.57ms
 99.000%    6.46ms
 99.900%   11.14ms
 99.990%   17.15ms
 99.999%   23.42ms
100.000%   33.18ms

  Detailed Percentile spectrum:
       Value   Percentile   TotalCount 1/(1-Percentile)

       0.075     0.000000            4         1.00
       0.623     0.100000       591877         1.11
       0.852     0.200000      1181086         1.25
       1.057     0.300000      1770154         1.43
       1.248     0.400000      2361760         1.67
       1.449     0.500000      2950451         2.00
       1.569     0.550000      3244439         2.22
       1.705     0.600000      3539338         2.50
       1.863     0.650000      3834962         2.86
       2.051     0.700000      4131110         3.33
       2.283     0.750000      4425014         4.00
       2.425     0.775000      4572207         4.44
       2.589     0.800000      4719970         5.00
       2.775     0.825000      4867338         5.71
       2.993     0.850000      5014282         6.67
       3.249     0.875000      5161881         8.00
       3.399     0.887500      5235618         8.89
       3.567     0.900000      5309131        10.00
       3.755     0.912500      5382582        11.43
       3.975     0.925000      5456390        13.33
       4.227     0.937500      5530521        16.00
       4.367     0.943750      5567297        17.78
       4.523     0.950000      5604109        20.00
       4.695     0.956250      5640793        22.86
       4.895     0.962500      5677767        26.67
       5.123     0.968750      5714264        32.00
       5.255     0.971875      5733054        35.56
       5.395     0.975000      5751122        40.00
       5.555     0.978125      5769848        45.71
       5.735     0.981250      5788018        53.33
       5.947     0.984375      5806499        64.00
       6.067     0.985938      5815690        71.11
       6.203     0.987500      5824883        80.00
       6.355     0.989062      5834081        91.43
       6.535     0.990625      5843346       106.67
       6.751     0.992188      5852551       128.00
       6.879     0.992969      5857165       142.22
       7.027     0.993750      5861765       160.00
       7.203     0.994531      5866413       182.86
       7.419     0.995313      5870950       213.33
       7.703     0.996094      5875548       256.00
       7.887     0.996484      5877853       284.44
       8.103     0.996875      5880158       320.00
       8.383     0.997266      5882515       365.71
       8.719     0.997656      5884770       426.67
       9.183     0.998047      5887082       512.00
       9.471     0.998242      5888233       568.89
       9.807     0.998437      5889388       640.00
      10.199     0.998633      5890519       731.43
      10.679     0.998828      5891685       853.33
      11.223     0.999023      5892836      1024.00
      11.527     0.999121      5893401      1137.78
      11.887     0.999219      5893985      1280.00
      12.231     0.999316      5894553      1462.86
      12.663     0.999414      5895129      1706.67
      13.175     0.999512      5895711      2048.00
      13.471     0.999561      5895994      2275.56
      13.815     0.999609      5896281      2560.00
      14.199     0.999658      5896572      2925.71
      14.615     0.999707      5896854      3413.33
      15.079     0.999756      5897142      4096.00
      15.327     0.999780      5897289      4551.11
      15.639     0.999805      5897431      5120.00
      15.935     0.999829      5897574      5851.43
      16.263     0.999854      5897718      6826.67
      16.671     0.999878      5897864      8192.00
      16.927     0.999890      5897934      9102.22
      17.247     0.999902      5898009     10240.00
      17.535     0.999915      5898085     11702.86
      17.887     0.999927      5898153     13653.33
      18.271     0.999939      5898222     16384.00
      18.543     0.999945      5898258     18204.44
      18.911     0.999951      5898295     20480.00
      19.247     0.999957      5898331     23405.71
      19.759     0.999963      5898367     27306.67
      20.367     0.999969      5898403     32768.00
      20.591     0.999973      5898422     36408.89
      20.831     0.999976      5898439     40960.00
      21.119     0.999979      5898456     46811.43
      21.487     0.999982      5898475     54613.33
      21.967     0.999985      5898492     65536.00
      22.351     0.999986      5898501     72817.78
      22.831     0.999988      5898510     81920.00
      23.247     0.999989      5898519     93622.86
      23.647     0.999991      5898528    109226.67
      24.031     0.999992      5898537    131072.00
      24.623     0.999993      5898542    145635.56
      24.959     0.999994      5898546    163840.00
      25.375     0.999995      5898551    187245.71
      25.503     0.999995      5898555    218453.33
      26.751     0.999996      5898560    262144.00
      26.959     0.999997      5898562    291271.11
      27.135     0.999997      5898564    327680.00
      27.439     0.999997      5898567    374491.43
      27.631     0.999998      5898569    436906.67
      28.399     0.999998      5898571    524288.00
      28.751     0.999998      5898572    582542.22
      29.151     0.999998      5898573    655360.00
      29.375     0.999999      5898575    748982.86
      29.967     0.999999      5898576    873813.33
      30.111     0.999999      5898577   1048576.00
      30.111     0.999999      5898577   1165084.44
      30.687     0.999999      5898578   1310720.00
      30.991     0.999999      5898579   1497965.71
      30.991     0.999999      5898579   1747626.67
      31.935     1.000000      5898580   2097152.00
      31.935     1.000000      5898580   2330168.89
      31.935     1.000000      5898580   2621440.00
      31.983     1.000000      5898581   2995931.43
      31.983     1.000000      5898581   3495253.33
      31.983     1.000000      5898581   4194304.00
      31.983     1.000000      5898581   4660337.78
      31.983     1.000000      5898581   5242880.00
      33.183     1.000000      5898582   5991862.86
      33.183     1.000000      5898582          inf
#[Mean    =        1.834, StdDeviation   =        1.348]
#[Max     =       33.152, Total count    =      5898582]
#[Buckets =           27, SubBuckets     =         2048]
----------------------------------------------------------
  5998802 requests in 10.00m, 0.86GB read
Requests/sec:   9997.91
Transfer/sec:      1.47MB
