Running 10m test @ http://localhost:9999/math/plus?x=1&y=2
  16 threads and 400 connections
  Thread calibration: mean lat.: 2.666ms, rate sampling interval: 10ms
  Thread calibration: mean lat.: 3.027ms, rate sampling interval: 12ms
  Thread calibration: mean lat.: 2.680ms, rate sampling interval: 10ms
  Thread calibration: mean lat.: 2.720ms, rate sampling interval: 10ms
  Thread calibration: mean lat.: 2.941ms, rate sampling interval: 11ms
  Thread calibration: mean lat.: 2.911ms, rate sampling interval: 12ms
  Thread calibration: mean lat.: 2.934ms, rate sampling interval: 11ms
  Thread calibration: mean lat.: 2.659ms, rate sampling interval: 10ms
  Thread calibration: mean lat.: 2.879ms, rate sampling interval: 10ms
  Thread calibration: mean lat.: 2.792ms, rate sampling interval: 10ms
  Thread calibration: mean lat.: 2.602ms, rate sampling interval: 10ms
  Thread calibration: mean lat.: 2.790ms, rate sampling interval: 10ms
  Thread calibration: mean lat.: 2.689ms, rate sampling interval: 10ms
  Thread calibration: mean lat.: 2.550ms, rate sampling interval: 10ms
  Thread calibration: mean lat.: 2.860ms, rate sampling interval: 10ms
  Thread calibration: mean lat.: 2.689ms, rate sampling interval: 10ms
  Thread Stats   Avg      Stdev     Max   +/- Stdev
    Latency     2.05ms    3.87ms  74.24ms   93.06%
    Req/Sec     1.98k   534.33     6.78k    78.15%
  Latency Distribution (HdrHistogram - Recorded Latency)
 50.000%    1.09ms
 75.000%    1.55ms
 90.000%    3.34ms
 99.000%   21.81ms
 99.900%   36.19ms
 99.990%   48.06ms
 99.999%   57.92ms
100.000%   74.30ms

  Detailed Percentile spectrum:
       Value   Percentile   TotalCount 1/(1-Percentile)

       0.064     0.000000            1         1.00
       0.418     0.100000      1777405         1.11
       0.608     0.200000      3548608         1.25
       0.774     0.300000      5311357         1.43
       0.932     0.400000      7088927         1.67
       1.085     0.500000      8848237         2.00
       1.163     0.550000      9735112         2.22
       1.246     0.600000     10626585         2.50
       1.334     0.650000     11506879         2.86
       1.434     0.700000     12394294         3.33
       1.550     0.750000     13275527         4.00
       1.619     0.775000     13718654         4.44
       1.700     0.800000     14161167         5.00
       1.801     0.825000     14600641         5.71
       1.948     0.850000     15042982         6.67
       2.265     0.875000     15484903         8.00
       2.659     0.887500     15705334         8.89
       3.341     0.900000     15926963        10.00
       4.235     0.912500     16148153        11.43
       5.347     0.925000     16369360        13.33
       6.719     0.937500     16590201        16.00
       7.519     0.943750     16700796        17.78
       8.455     0.950000     16812129        20.00
       9.543     0.956250     16921971        22.86
      10.911     0.962500     17033003        26.67
      12.511     0.968750     17143334        32.00
      13.439     0.971875     17198852        35.56
      14.527     0.975000     17254054        40.00
      15.703     0.978125     17309269        45.71
      16.991     0.981250     17364571        53.33
      18.479     0.984375     17419873        64.00
      19.311     0.985938     17447383        71.11
      20.223     0.987500     17475296        80.00
      21.183     0.989062     17502744        91.43
      22.271     0.990625     17530319       106.67
      23.567     0.992188     17558072       128.00
      24.303     0.992969     17571872       142.22
      25.119     0.993750     17585731       160.00
      25.999     0.994531     17599437       182.86
      27.007     0.995313     17613260       213.33
      28.207     0.996094     17627038       256.00
      28.895     0.996484     17634023       284.44
      29.615     0.996875     17640839       320.00
      30.415     0.997266     17647805       365.71
      31.327     0.997656     17654689       426.67
      32.431     0.998047     17661629       512.00
      33.087     0.998242     17665164       568.89
      33.759     0.998437     17668549       640.00
      34.495     0.998633     17672015       731.43
      35.327     0.998828     17675432       853.33
      36.319     0.999023     17678945      1024.00
      36.895     0.999121     17680581      1137.78
      37.535     0.999219     17682308      1280.00
      38.303     0.999316     17684088      1462.86
      39.135     0.999414     17685785      1706.67
      40.127     0.999512     17687512      2048.00
      40.735     0.999561     17688360      2275.56
      41.407     0.999609     17689228      2560.00
      42.143     0.999658     17690106      2925.71
      42.943     0.999707     17690969      3413.33
      43.871     0.999756     17691811      4096.00
      44.383     0.999780     17692252      4551.11
      44.959     0.999805     17692680      5120.00
      45.599     0.999829     17693121      5851.43
      46.335     0.999854     17693539      6826.67
      47.167     0.999878     17693976      8192.00
      47.679     0.999890     17694198      9102.22
      48.159     0.999902     17694408     10240.00
      48.799     0.999915     17694620     11702.86
      49.567     0.999927     17694840     13653.33
      50.399     0.999939     17695056     16384.00
      50.815     0.999945     17695162     18204.44
      51.423     0.999951     17695271     20480.00
      52.159     0.999957     17695377     23405.71
      52.831     0.999963     17695488     27306.67
      53.567     0.999969     17695593     32768.00
      53.951     0.999973     17695645     36408.89
      54.559     0.999976     17695700     40960.00
      55.071     0.999979     17695756     46811.43
      55.615     0.999982     17695808     54613.33
      56.223     0.999985     17695861     65536.00
      56.575     0.999986     17695889     72817.78
      57.119     0.999988     17695918     81920.00
      57.663     0.999989     17695943     93622.86
      58.207     0.999991     17695970    109226.67
      58.719     0.999992     17695996    131072.00
      59.071     0.999993     17696011    145635.56
      59.359     0.999994     17696024    163840.00
      59.871     0.999995     17696039    187245.71
      60.223     0.999995     17696052    218453.33
      60.671     0.999996     17696064    262144.00
      61.055     0.999997     17696071    291271.11
      61.951     0.999997     17696077    327680.00
      62.815     0.999997     17696084    374491.43
      63.263     0.999998     17696091    436906.67
      63.647     0.999998     17696098    524288.00
      64.127     0.999998     17696101    582542.22
      64.799     0.999998     17696104    655360.00
      64.959     0.999999     17696108    748982.86
      65.119     0.999999     17696111    873813.33
      65.375     0.999999     17696116   1048576.00
      65.375     0.999999     17696116   1165084.44
      65.727     0.999999     17696118   1310720.00
      66.303     0.999999     17696120   1497965.71
      66.431     0.999999     17696121   1747626.67
      67.071     1.000000     17696123   2097152.00
      68.415     1.000000     17696124   2330168.89
      68.671     1.000000     17696125   2621440.00
      69.503     1.000000     17696126   2995931.43
      69.503     1.000000     17696126   3495253.33
      70.463     1.000000     17696127   4194304.00
      71.487     1.000000     17696128   4660337.78
      71.487     1.000000     17696128   5242880.00
      71.807     1.000000     17696129   5991862.86
      71.807     1.000000     17696129   6990506.67
      71.807     1.000000     17696129   8388608.00
      72.319     1.000000     17696130   9320675.55
      72.319     1.000000     17696130  10485760.00
      72.319     1.000000     17696130  11983725.71
      72.319     1.000000     17696130  13981013.34
      72.319     1.000000     17696130  16777216.00
      74.303     1.000000     17696131  18641351.10
      74.303     1.000000     17696131          inf
#[Mean    =        2.054, StdDeviation   =        3.867]
#[Max     =       74.240, Total count    =     17696131]
#[Buckets =           27, SubBuckets     =         2048]
----------------------------------------------------------
  17992792 requests in 10.00m, 2.58GB read
Requests/sec:  29988.00
Transfer/sec:      4.40MB
