Running 10m test @ http://localhost:9999/math/plus?x=1&y=2
  16 threads and 400 connections
  Thread calibration: mean lat.: 1.450ms, rate sampling interval: 10ms
  Thread calibration: mean lat.: 1.542ms, rate sampling interval: 10ms
  Thread calibration: mean lat.: 1.491ms, rate sampling interval: 10ms
  Thread calibration: mean lat.: 1.422ms, rate sampling interval: 10ms
  Thread calibration: mean lat.: 1.580ms, rate sampling interval: 10ms
  Thread calibration: mean lat.: 1.441ms, rate sampling interval: 10ms
  Thread calibration: mean lat.: 1.429ms, rate sampling interval: 10ms
  Thread calibration: mean lat.: 1.405ms, rate sampling interval: 10ms
  Thread calibration: mean lat.: 1.394ms, rate sampling interval: 10ms
  Thread calibration: mean lat.: 1.425ms, rate sampling interval: 10ms
  Thread calibration: mean lat.: 1.538ms, rate sampling interval: 10ms
  Thread calibration: mean lat.: 1.491ms, rate sampling interval: 10ms
  Thread calibration: mean lat.: 1.417ms, rate sampling interval: 10ms
  Thread calibration: mean lat.: 1.441ms, rate sampling interval: 10ms
  Thread calibration: mean lat.: 1.575ms, rate sampling interval: 10ms
  Thread calibration: mean lat.: 1.543ms, rate sampling interval: 10ms
  Thread Stats   Avg      Stdev     Max   +/- Stdev
    Latency     1.23ms    2.10ms  69.18ms   97.04%
    Req/Sec     1.98k   532.59     5.78k    70.79%
  Latency Distribution (HdrHistogram - Recorded Latency)
 50.000%    0.95ms
 75.000%    1.28ms
 90.000%    1.64ms
 99.000%   10.41ms
 99.900%   29.55ms
 99.990%   43.74ms
 99.999%   53.60ms
100.000%   69.25ms

  Detailed Percentile spectrum:
       Value   Percentile   TotalCount 1/(1-Percentile)

       0.058     0.000000            1         1.00
       0.369     0.100000      1772767         1.11
       0.538     0.200000      3540816         1.25
       0.686     0.300000      5315408         1.43
       0.823     0.400000      7080926         1.67
       0.951     0.500000      8852104         2.00
       1.014     0.550000      9733546         2.22
       1.078     0.600000     10625219         2.50
       1.142     0.650000     11506286         2.86
       1.210     0.700000     12390968         3.33
       1.284     0.750000     13273905         4.00
       1.325     0.775000     13715539         4.44
       1.371     0.800000     14161476         5.00
       1.423     0.825000     14602187         5.71
       1.484     0.850000     15046633         6.67
       1.556     0.875000     15487290         8.00
       1.598     0.887500     15708869         8.89
       1.645     0.900000     15927293        10.00
       1.700     0.912500     16148742        11.43
       1.766     0.925000     16369526        13.33
       1.850     0.937500     16591129        16.00
       1.904     0.943750     16702203        17.78
       1.972     0.950000     16811460        20.00
       2.079     0.956250     16922721        22.86
       2.337     0.962500     17032583        26.67
       3.063     0.968750     17143182        32.00
       3.615     0.971875     17198463        35.56
       4.259     0.975000     17253818        40.00
       5.067     0.978125     17309095        45.71
       6.015     0.981250     17364447        53.33
       7.135     0.984375     17419738        64.00
       7.851     0.985938     17447346        71.11
       8.703     0.987500     17475045        80.00
       9.703     0.989062     17502731        91.43
      10.911     0.990625     17530306       106.67
      12.359     0.992188     17557948       128.00
      13.255     0.992969     17571814       142.22
      14.271     0.993750     17585567       160.00
      15.415     0.994531     17599391       182.86
      16.751     0.995313     17613225       213.33
      18.351     0.996094     17627102       256.00
      19.263     0.996484     17634061       284.44
      20.255     0.996875     17640857       320.00
      21.391     0.997266     17647781       365.71
      22.687     0.997656     17654710       426.67
      24.175     0.998047     17661650       512.00
      25.039     0.998242     17665071       568.89
      26.015     0.998437     17668529       640.00
      27.119     0.998633     17672000       731.43
      28.367     0.998828     17675450       853.33
      29.743     0.999023     17678882      1024.00
      30.575     0.999121     17680618      1137.78
      31.439     0.999219     17682331      1280.00
      32.351     0.999316     17684059      1462.86
      33.439     0.999414     17685823      1706.67
      34.623     0.999512     17687521      2048.00
      35.263     0.999561     17688379      2275.56
      35.999     0.999609     17689267      2560.00
      36.831     0.999658     17690128      2925.71
      37.759     0.999707     17690982      3413.33
      38.879     0.999756     17691844      4096.00
      39.519     0.999780     17692283      4551.11
      40.223     0.999805     17692711      5120.00
      40.959     0.999829     17693137      5851.43
      41.759     0.999854     17693570      6826.67
      42.783     0.999878     17694009      8192.00
      43.263     0.999890     17694221      9102.22
      43.871     0.999902     17694426     10240.00
      44.575     0.999915     17694649     11702.86
      45.375     0.999927     17694858     13653.33
      46.239     0.999939     17695077     16384.00
      46.751     0.999945     17695189     18204.44
      47.455     0.999951     17695297     20480.00
      47.967     0.999957     17695397     23405.71
      48.575     0.999963     17695512     27306.67
      49.311     0.999969     17695614     32768.00
      49.695     0.999973     17695668     36408.89
      50.175     0.999976     17695721     40960.00
      50.751     0.999979     17695779     46811.43
      51.263     0.999982     17695830     54613.33
      51.871     0.999985     17695883     65536.00
      52.287     0.999986     17695912     72817.78
      52.799     0.999988     17695937     81920.00
      53.215     0.999989     17695964     93622.86
      54.015     0.999991     17695991    109226.67
      54.687     0.999992     17696019    131072.00
      55.135     0.999993     17696032    145635.56
      55.487     0.999994     17696046    163840.00
      55.871     0.999995     17696059    187245.71
      56.287     0.999995     17696072    218453.33
      57.055     0.999996     17696087    262144.00
      57.471     0.999997     17696093    291271.11
      57.823     0.999997     17696099    327680.00
      58.399     0.999997     17696107    374491.43
      58.623     0.999998     17696113    436906.67
      59.391     0.999998     17696120    524288.00
      59.615     0.999998     17696123    582542.22
      60.159     0.999998     17696126    655360.00
      60.543     0.999999     17696130    748982.86
      61.183     0.999999     17696133    873813.33
      61.663     0.999999     17696137   1048576.00
      61.919     0.999999     17696138   1165084.44
      62.399     0.999999     17696140   1310720.00
      62.655     0.999999     17696142   1497965.71
      62.815     0.999999     17696143   1747626.67
      63.295     1.000000     17696145   2097152.00
      63.743     1.000000     17696146   2330168.89
      64.255     1.000000     17696147   2621440.00
      64.351     1.000000     17696148   2995931.43
      64.351     1.000000     17696148   3495253.33
      65.407     1.000000     17696149   4194304.00
      65.503     1.000000     17696150   4660337.78
      65.503     1.000000     17696150   5242880.00
      65.919     1.000000     17696151   5991862.86
      65.919     1.000000     17696151   6990506.67
      65.919     1.000000     17696151   8388608.00
      67.391     1.000000     17696152   9320675.55
      67.391     1.000000     17696152  10485760.00
      67.391     1.000000     17696152  11983725.71
      67.391     1.000000     17696152  13981013.34
      67.391     1.000000     17696152  16777216.00
      69.247     1.000000     17696153  18641351.10
      69.247     1.000000     17696153          inf
#[Mean    =        1.231, StdDeviation   =        2.098]
#[Max     =       69.184, Total count    =     17696153]
#[Buckets =           27, SubBuckets     =         2048]
----------------------------------------------------------
  17996134 requests in 10.00m, 2.58GB read
Requests/sec:  29993.49
Transfer/sec:      4.41MB
