Running 10m test @ http://localhost:9999/math/plus?x=1&y=2
  16 threads and 400 connections
  Thread calibration: mean lat.: 1.072ms, rate sampling interval: 10ms
  Thread calibration: mean lat.: 1.059ms, rate sampling interval: 10ms
  Thread calibration: mean lat.: 1.011ms, rate sampling interval: 10ms
  Thread calibration: mean lat.: 0.993ms, rate sampling interval: 10ms
  Thread calibration: mean lat.: 1.059ms, rate sampling interval: 10ms
  Thread calibration: mean lat.: 0.980ms, rate sampling interval: 10ms
  Thread calibration: mean lat.: 1.024ms, rate sampling interval: 10ms
  Thread calibration: mean lat.: 1.032ms, rate sampling interval: 10ms
  Thread calibration: mean lat.: 1.064ms, rate sampling interval: 10ms
  Thread calibration: mean lat.: 1.040ms, rate sampling interval: 10ms
  Thread calibration: mean lat.: 1.028ms, rate sampling interval: 10ms
  Thread calibration: mean lat.: 0.990ms, rate sampling interval: 10ms
  Thread calibration: mean lat.: 1.059ms, rate sampling interval: 10ms
  Thread calibration: mean lat.: 1.037ms, rate sampling interval: 10ms
  Thread calibration: mean lat.: 0.991ms, rate sampling interval: 10ms
  Thread calibration: mean lat.: 1.031ms, rate sampling interval: 10ms
  Thread Stats   Avg      Stdev     Max   +/- Stdev
    Latency     0.96ms  790.85us  41.02ms   92.14%
    Req/Sec     3.30k   402.48     8.78k    74.77%
  Latency Distribution (HdrHistogram - Recorded Latency)
 50.000%    0.89ms
 75.000%    1.24ms
 90.000%    1.54ms
 99.000%    2.71ms
 99.900%   11.53ms
 99.990%   18.59ms
 99.999%   28.94ms
100.000%   41.06ms

  Detailed Percentile spectrum:
       Value   Percentile   TotalCount 1/(1-Percentile)

       0.048     0.000000            3         1.00
       0.318     0.100000      2950227         1.11
       0.480     0.200000      5903734         1.25
       0.624     0.300000      8850357         1.43
       0.762     0.400000     11810103         1.67
       0.895     0.500000     14755230         2.00
       0.961     0.550000     16225440         2.22
       1.028     0.600000     17705643         2.50
       1.095     0.650000     19174646         2.86
       1.164     0.700000     20656569         3.33
       1.235     0.750000     22127194         4.00
       1.273     0.775000     22861201         4.44
       1.314     0.800000     23595568         5.00
       1.360     0.825000     24337969         5.71
       1.412     0.850000     25076852         6.67
       1.472     0.875000     25814544         8.00
       1.505     0.887500     26175826         8.89
       1.542     0.900000     26545453        10.00
       1.584     0.912500     26920360        11.43
       1.631     0.925000     27284318        13.33
       1.687     0.937500     27651062        16.00
       1.720     0.943750     27839331        17.78
       1.756     0.950000     28022524        20.00
       1.797     0.956250     28207166        22.86
       1.844     0.962500     28388620        26.67
       1.902     0.968750     28573144        32.00
       1.938     0.971875     28666328        35.56
       1.981     0.975000     28758051        40.00
       2.035     0.978125     28849213        45.71
       2.113     0.981250     28941372        53.33
       2.235     0.984375     29033823        64.00
       2.321     0.985938     29078953        71.11
       2.437     0.987500     29125058        80.00
       2.593     0.989062     29171428        91.43
       2.813     0.990625     29217328       106.67
       3.161     0.992188     29263447       128.00
       3.419     0.992969     29286389       142.22
       3.783     0.993750     29309364       160.00
       4.251     0.994531     29332445       182.86
       4.923     0.995313     29355452       213.33
       5.843     0.996094     29378475       256.00
       6.379     0.996484     29390005       284.44
       6.967     0.996875     29401513       320.00
       7.643     0.997266     29413051       365.71
       8.263     0.997656     29424694       426.67
       9.023     0.998047     29436127       512.00
       9.479     0.998242     29441905       568.89
       9.935     0.998437     29447636       640.00
      10.455     0.998633     29453378       731.43
      11.015     0.998828     29459168       853.33
      11.615     0.999023     29464933      1024.00
      11.975     0.999121     29467817      1137.78
      12.287     0.999219     29470676      1280.00
      12.711     0.999316     29473526      1462.86
      13.231     0.999414     29476429      1706.67
      13.807     0.999512     29479296      2048.00
      14.143     0.999561     29480751      2275.56
      14.471     0.999609     29482165      2560.00
      14.847     0.999658     29483605      2925.71
      15.255     0.999707     29485046      3413.33
      15.695     0.999756     29486490      4096.00
      15.967     0.999780     29487203      4551.11
      16.279     0.999805     29487925      5120.00
      16.703     0.999829     29488647      5851.43
      17.199     0.999854     29489368      6826.67
      17.839     0.999878     29490094      8192.00
      18.223     0.999890     29490447      9102.22
      18.687     0.999902     29490803     10240.00
      19.199     0.999915     29491166     11702.86
      19.807     0.999927     29491525     13653.33
      20.495     0.999939     29491886     16384.00
      20.959     0.999945     29492067     18204.44
      21.487     0.999951     29492247     20480.00
      22.031     0.999957     29492420     23405.71
      22.639     0.999963     29492601     27306.67
      23.423     0.999969     29492781     32768.00
      23.871     0.999973     29492871     36408.89
      24.335     0.999976     29492960     40960.00
      25.023     0.999979     29493050     46811.43
      25.839     0.999982     29493140     54613.33
      26.879     0.999985     29493230     65536.00
      27.423     0.999986     29493276     72817.78
      28.047     0.999988     29493320     81920.00
      28.671     0.999989     29493365     93622.86
      29.423     0.999991     29493413    109226.67
      30.319     0.999992     29493455    131072.00
      30.767     0.999993     29493478    145635.56
      31.199     0.999994     29493500    163840.00
      31.871     0.999995     29493523    187245.71
      32.447     0.999995     29493545    218453.33
      33.119     0.999996     29493568    262144.00
      33.471     0.999997     29493579    291271.11
      33.823     0.999997     29493590    327680.00
      34.239     0.999997     29493602    374491.43
      34.751     0.999998     29493613    436906.67
      35.455     0.999998     29493624    524288.00
      35.679     0.999998     29493630    582542.22
      35.967     0.999998     29493635    655360.00
      36.287     0.999999     29493641    748982.86
      36.543     0.999999     29493647    873813.33
      36.991     0.999999     29493654   1048576.00
      37.183     0.999999     29493655   1165084.44
      37.855     0.999999     29493658   1310720.00
      38.079     0.999999     29493661   1497965.71
      38.367     0.999999     29493664   1747626.67
      38.463     1.000000     29493666   2097152.00
      38.879     1.000000     29493668   2330168.89
      39.263     1.000000     29493669   2621440.00
      39.455     1.000000     29493671   2995931.43
      39.615     1.000000     29493673   3495253.33
      39.615     1.000000     29493673   4194304.00
      39.967     1.000000     29493674   4660337.78
      40.127     1.000000     29493675   5242880.00
      40.319     1.000000     29493676   5991862.86
      40.319     1.000000     29493676   6990506.67
      40.415     1.000000     29493677   8388608.00
      40.415     1.000000     29493677   9320675.55
      40.703     1.000000     29493678  10485760.00
      40.703     1.000000     29493678  11983725.71
      40.703     1.000000     29493678  13981013.34
      40.895     1.000000     29493679  16777216.00
      40.895     1.000000     29493679  18641351.10
      40.895     1.000000     29493679  20971519.98
      40.895     1.000000     29493679  23967451.45
      40.895     1.000000     29493679  27962026.68
      41.055     1.000000     29493680  33554432.00
      41.055     1.000000     29493680          inf
#[Mean    =        0.963, StdDeviation   =        0.791]
#[Max     =       41.024, Total count    =     29493680]
#[Buckets =           27, SubBuckets     =         2048]
----------------------------------------------------------
  29996774 requests in 10.00m, 4.30GB read
Requests/sec:  49994.73
Transfer/sec:      7.34MB
