Running 10m test @ http://localhost:9999/math/plus?x=1&y=2
  16 threads and 400 connections
  Thread calibration: mean lat.: 1.127ms, rate sampling interval: 10ms
  Thread calibration: mean lat.: 1.165ms, rate sampling interval: 10ms
  Thread calibration: mean lat.: 1.221ms, rate sampling interval: 10ms
  Thread calibration: mean lat.: 1.183ms, rate sampling interval: 10ms
  Thread calibration: mean lat.: 1.212ms, rate sampling interval: 10ms
  Thread calibration: mean lat.: 1.243ms, rate sampling interval: 10ms
  Thread calibration: mean lat.: 1.204ms, rate sampling interval: 10ms
  Thread calibration: mean lat.: 1.204ms, rate sampling interval: 10ms
  Thread calibration: mean lat.: 1.201ms, rate sampling interval: 10ms
  Thread calibration: mean lat.: 1.342ms, rate sampling interval: 10ms
  Thread calibration: mean lat.: 1.182ms, rate sampling interval: 10ms
  Thread calibration: mean lat.: 1.456ms, rate sampling interval: 10ms
  Thread calibration: mean lat.: 1.267ms, rate sampling interval: 10ms
  Thread calibration: mean lat.: 1.264ms, rate sampling interval: 10ms
  Thread calibration: mean lat.: 1.329ms, rate sampling interval: 10ms
  Thread calibration: mean lat.: 1.147ms, rate sampling interval: 10ms
  Thread Stats   Avg      Stdev     Max   +/- Stdev
    Latency     1.20ms    1.21ms  62.24ms   94.76%
    Req/Sec     3.30k   529.09     8.67k    76.92%
  Latency Distribution (HdrHistogram - Recorded Latency)
 50.000%    1.03ms
 75.000%    1.46ms
 90.000%    1.97ms
 99.000%    4.75ms
 99.900%   16.11ms
 99.990%   31.26ms
 99.999%   41.66ms
100.000%   62.27ms

  Detailed Percentile spectrum:
       Value   Percentile   TotalCount 1/(1-Percentile)

       0.050     0.000000            1         1.00
       0.377     0.100000      2952825         1.11
       0.570     0.200000      5908550         1.25
       0.731     0.300000      8859746         1.43
       0.881     0.400000     11798265         1.67
       1.028     0.500000     14765915         2.00
       1.102     0.550000     16234288         2.22
       1.179     0.600000     17712604         2.50
       1.261     0.650000     19185559         2.86
       1.354     0.700000     20655341         3.33
       1.459     0.750000     22124036         4.00
       1.518     0.775000     22862871         4.44
       1.583     0.800000     23601057         5.00
       1.655     0.825000     24334397         5.71
       1.738     0.850000     25072259         6.67
       1.839     0.875000     25812026         8.00
       1.899     0.887500     26177916         8.89
       1.969     0.900000     26547377        10.00
       2.051     0.912500     26915957        11.43
       2.151     0.925000     27282648        13.33
       2.281     0.937500     27652057        16.00
       2.361     0.943750     27837015        17.78
       2.453     0.950000     28020454        20.00
       2.563     0.956250     28205572        22.86
       2.695     0.962500     28390077        26.67
       2.859     0.968750     28573915        32.00
       2.959     0.971875     28665481        35.56
       3.075     0.975000     28756854        40.00
       3.215     0.978125     28848680        45.71
       3.393     0.981250     28940993        53.33
       3.645     0.984375     29033058        64.00
       3.831     0.985938     29079207        71.11
       4.075     0.987500     29125281        80.00
       4.435     0.989062     29171357        91.43
       5.011     0.990625     29217271       106.67
       5.979     0.992188     29263350       128.00
       6.627     0.992969     29286386       142.22
       7.207     0.993750     29309412       160.00
       7.847     0.994531     29332462       182.86
       8.551     0.995313     29355449       213.33
       9.575     0.996094     29378467       256.00
      10.215     0.996484     29390009       284.44
      10.815     0.996875     29401627       320.00
      11.407     0.997266     29413091       365.71
      12.071     0.997656     29424627       426.67
      12.863     0.998047     29436097       512.00
      13.407     0.998242     29441831       568.89
      14.071     0.998437     29447583       640.00
      14.743     0.998633     29453360       731.43
      15.439     0.998828     29459134       853.33
      16.215     0.999023     29464862      1024.00
      16.703     0.999121     29467746      1137.78
      17.295     0.999219     29470613      1280.00
      18.031     0.999316     29473490      1462.86
      18.959     0.999414     29476384      1706.67
      20.143     0.999512     29479279      2048.00
      20.879     0.999561     29480716      2275.56
      21.791     0.999609     29482138      2560.00
      22.799     0.999658     29483575      2925.71
      24.031     0.999707     29485012      3413.33
      25.503     0.999756     29486454      4096.00
      26.287     0.999780     29487181      4551.11
      27.103     0.999805     29487900      5120.00
      28.015     0.999829     29488617      5851.43
      29.023     0.999854     29489345      6826.67
      30.079     0.999878     29490051      8192.00
      30.719     0.999890     29490414      9102.22
      31.407     0.999902     29490773     10240.00
      32.143     0.999915     29491136     11702.86
      32.991     0.999927     29491504     13653.33
      34.047     0.999939     29491855     16384.00
      34.655     0.999945     29492032     18204.44
      35.231     0.999951     29492218     20480.00
      35.807     0.999957     29492405     23405.71
      36.447     0.999963     29492574     27306.67
      37.279     0.999969     29492754     32768.00
      37.727     0.999973     29492843     36408.89
      38.207     0.999976     29492936     40960.00
      38.719     0.999979     29493021     46811.43
      39.295     0.999982     29493111     54613.33
      40.031     0.999985     29493204     65536.00
      40.415     0.999986     29493247     72817.78
      40.863     0.999988     29493292     81920.00
      41.375     0.999989     29493337     93622.86
      42.047     0.999991     29493381    109226.67
      43.007     0.999992     29493426    131072.00
      43.327     0.999993     29493449    145635.56
      43.743     0.999994     29493471    163840.00
      44.095     0.999995     29493494    187245.71
      44.863     0.999995     29493516    218453.33
      45.567     0.999996     29493539    262144.00
      46.303     0.999997     29493551    291271.11
      46.623     0.999997     29493561    327680.00
      47.263     0.999997     29493573    374491.43
      47.807     0.999998     29493584    436906.67
      48.191     0.999998     29493595    524288.00
      48.735     0.999998     29493602    582542.22
      48.959     0.999998     29493606    655360.00
      49.503     0.999999     29493612    748982.86
      50.943     0.999999     29493618    873813.33
      51.199     0.999999     29493623   1048576.00
      51.295     0.999999     29493626   1165084.44
      51.775     0.999999     29493629   1310720.00
      52.159     0.999999     29493632   1497965.71
      52.511     0.999999     29493635   1747626.67
      52.735     1.000000     29493637   2097152.00
      53.375     1.000000     29493639   2330168.89
      53.407     1.000000     29493640   2621440.00
      53.823     1.000000     29493642   2995931.43
      54.527     1.000000     29493643   3495253.33
      54.559     1.000000     29493644   4194304.00
      54.847     1.000000     29493645   4660337.78
      55.359     1.000000     29493646   5242880.00
      56.959     1.000000     29493647   5991862.86
      56.959     1.000000     29493647   6990506.67
      57.887     1.000000     29493648   8388608.00
      57.887     1.000000     29493648   9320675.55
      58.815     1.000000     29493649  10485760.00
      58.815     1.000000     29493649  11983725.71
      58.815     1.000000     29493649  13981013.34
      59.711     1.000000     29493650  16777216.00
      59.711     1.000000     29493650  18641351.10
      59.711     1.000000     29493650  20971519.98
      59.711     1.000000     29493650  23967451.45
      59.711     1.000000     29493650  27962026.68
      62.271     1.000000     29493651  33554432.00
      62.271     1.000000     29493651          inf
#[Mean    =        1.201, StdDeviation   =        1.214]
#[Max     =       62.240, Total count    =     29493651]
#[Buckets =           27, SubBuckets     =         2048]
----------------------------------------------------------
  29993740 requests in 10.00m, 4.30GB read
Requests/sec:  49989.56
Transfer/sec:      7.34MB
