Running 10m test @ http://localhost:9999/math/plus?x=1&y=2
  16 threads and 400 connections
  Thread calibration: mean lat.: 1.792ms, rate sampling interval: 10ms
  Thread calibration: mean lat.: 1.927ms, rate sampling interval: 10ms
  Thread calibration: mean lat.: 1.915ms, rate sampling interval: 10ms
  Thread calibration: mean lat.: 1.714ms, rate sampling interval: 10ms
  Thread calibration: mean lat.: 2.031ms, rate sampling interval: 10ms
  Thread calibration: mean lat.: 1.855ms, rate sampling interval: 10ms
  Thread calibration: mean lat.: 1.689ms, rate sampling interval: 10ms
  Thread calibration: mean lat.: 1.721ms, rate sampling interval: 10ms
  Thread calibration: mean lat.: 1.817ms, rate sampling interval: 10ms
  Thread calibration: mean lat.: 1.726ms, rate sampling interval: 10ms
  Thread calibration: mean lat.: 2.010ms, rate sampling interval: 10ms
  Thread calibration: mean lat.: 1.907ms, rate sampling interval: 10ms
  Thread calibration: mean lat.: 1.846ms, rate sampling interval: 10ms
  Thread calibration: mean lat.: 1.816ms, rate sampling interval: 10ms
  Thread calibration: mean lat.: 1.542ms, rate sampling interval: 10ms
  Thread calibration: mean lat.: 1.676ms, rate sampling interval: 10ms
  Thread Stats   Avg      Stdev     Max   +/- Stdev
    Latency     1.52ms    2.16ms  80.70ms   96.57%
    Req/Sec     3.30k   634.29     9.90k    75.57%
  Latency Distribution (HdrHistogram - Recorded Latency)
 50.000%    1.17ms
 75.000%    1.67ms
 90.000%    2.45ms
 99.000%   10.18ms
 99.900%   30.96ms
 99.990%   47.04ms
 99.999%   60.90ms
100.000%   80.77ms

  Detailed Percentile spectrum:
       Value   Percentile   TotalCount 1/(1-Percentile)

       0.053     0.000000            1         1.00
       0.436     0.100000      2950884         1.11
       0.652     0.200000      5900171         1.25
       0.835     0.300000      8848194         1.43
       1.004     0.400000     11797732         1.67
       1.166     0.500000     14761743         2.00
       1.249     0.550000     16224522         2.22
       1.338     0.600000     17706868         2.50
       1.435     0.650000     19175796         2.86
       1.545     0.700000     20648044         3.33
       1.675     0.750000     22127375         4.00
       1.750     0.775000     22860641         4.44
       1.837     0.800000     23595211         5.00
       1.942     0.825000     24338691         5.71
       2.069     0.850000     25072808         6.67
       2.233     0.875000     25813667         8.00
       2.333     0.887500     26181743         8.89
       2.449     0.900000     26549799        10.00
       2.583     0.912500     26913940        11.43
       2.745     0.925000     27283680        13.33
       2.943     0.937500     27652485        16.00
       3.061     0.943750     27836888        17.78
       3.197     0.950000     28021301        20.00
       3.355     0.956250     28204826        22.86
       3.551     0.962500     28388098        26.67
       3.821     0.968750     28572112        32.00
       4.005     0.971875     28664520        35.56
       4.271     0.975000     28756312        40.00
       4.751     0.978125     28848470        45.71
       5.727     0.981250     28940784        53.33
       7.103     0.984375     29032905        64.00
       7.747     0.985938     29078886        71.11
       8.399     0.987500     29125241        80.00
       9.447     0.989062     29171358        91.43
      10.695     0.990625     29217194       106.67
      12.023     0.992188     29263332       128.00
      12.831     0.992969     29286371       142.22
      13.815     0.993750     29309339       160.00
      14.935     0.994531     29332396       182.86
      16.103     0.995313     29355507       213.33
      17.743     0.996094     29378555       256.00
      18.719     0.996484     29389965       284.44
      19.871     0.996875     29401600       320.00
      21.215     0.997266     29413095       365.71
      22.783     0.997656     29424551       426.67
      24.623     0.998047     29436079       512.00
      25.695     0.998242     29441827       568.89
      26.863     0.998437     29447599       640.00
      28.143     0.998633     29453340       731.43
      29.599     0.998828     29459126       853.33
      31.151     0.999023     29464878      1024.00
      31.999     0.999121     29467745      1137.78
      32.959     0.999219     29470656      1280.00
      34.047     0.999316     29473516      1462.86
      35.263     0.999414     29476375      1706.67
      36.607     0.999512     29479259      2048.00
      37.343     0.999561     29480682      2275.56
      38.207     0.999609     29482116      2560.00
      39.167     0.999658     29483558      2925.71
      40.319     0.999707     29485029      3413.33
      41.599     0.999756     29486433      4096.00
      42.335     0.999780     29487174      4551.11
      43.103     0.999805     29487902      5120.00
      43.967     0.999829     29488601      5851.43
      44.927     0.999854     29489330      6826.67
      45.983     0.999878     29490043      8192.00
      46.559     0.999890     29490399      9102.22
      47.199     0.999902     29490758     10240.00
      47.967     0.999915     29491109     11702.86
      49.087     0.999927     29491479     13653.33
      50.079     0.999939     29491833     16384.00
      50.751     0.999945     29492015     18204.44
      51.391     0.999951     29492194     20480.00
      52.031     0.999957     29492369     23405.71
      52.927     0.999963     29492548     27306.67
      54.207     0.999969     29492728     32768.00
      54.815     0.999973     29492821     36408.89
      55.455     0.999976     29492908     40960.00
      56.191     0.999979     29493000     46811.43
      57.055     0.999982     29493088     54613.33
      58.303     0.999985     29493178     65536.00
      58.975     0.999986     29493223     72817.78
      59.775     0.999988     29493268     81920.00
      60.511     0.999989     29493313     93622.86
      61.407     0.999991     29493358    109226.67
      62.367     0.999992     29493404    131072.00
      62.751     0.999993     29493426    145635.56
      63.231     0.999994     29493450    163840.00
      63.839     0.999995     29493472    187245.71
      64.479     0.999995     29493493    218453.33
      65.599     0.999996     29493516    262144.00
      65.919     0.999997     29493529    291271.11
      66.367     0.999997     29493540    327680.00
      66.815     0.999997     29493553    374491.43
      67.071     0.999998     29493563    436906.67
      67.519     0.999998     29493572    524288.00
      67.967     0.999998     29493578    582542.22
      68.223     0.999998     29493583    655360.00
      68.735     0.999999     29493590    748982.86
      69.247     0.999999     29493595    873813.33
      69.951     0.999999     29493603   1048576.00
      69.951     0.999999     29493603   1165084.44
      70.207     0.999999     29493606   1310720.00
      70.399     0.999999     29493609   1497965.71
      70.719     0.999999     29493613   1747626.67
      70.847     1.000000     29493614   2097152.00
      71.167     1.000000     29493618   2330168.89
      71.167     1.000000     29493618   2621440.00
      71.231     1.000000     29493619   2995931.43
      71.423     1.000000     29493620   3495253.33
      71.679     1.000000     29493621   4194304.00
      71.807     1.000000     29493622   4660337.78
      73.279     1.000000     29493623   5242880.00
      75.199     1.000000     29493624   5991862.86
      75.199     1.000000     29493624   6990506.67
      75.263     1.000000     29493625   8388608.00
      75.263     1.000000     29493625   9320675.55
      76.671     1.000000     29493626  10485760.00
      76.671     1.000000     29493626  11983725.71
      76.671     1.000000     29493626  13981013.34
      79.295     1.000000     29493627  16777216.00
      79.295     1.000000     29493627  18641351.10
      79.295     1.000000     29493627  20971519.98
      79.295     1.000000     29493627  23967451.45
      79.295     1.000000     29493627  27962026.68
      80.767     1.000000     29493628  33554432.00
      80.767     1.000000     29493628          inf
#[Mean    =        1.517, StdDeviation   =        2.157]
#[Max     =       80.704, Total count    =     29493628]
#[Buckets =           27, SubBuckets     =         2048]
----------------------------------------------------------
  29995608 requests in 10.00m, 4.30GB read
Requests/sec:  49992.77
Transfer/sec:      7.34MB
