Running 10m test @ http://localhost:9999/math/plus?x=1&y=2
  16 threads and 400 connections
  Thread calibration: mean lat.: 3.631ms, rate sampling interval: 22ms
  Thread calibration: mean lat.: 3.823ms, rate sampling interval: 22ms
  Thread calibration: mean lat.: 4.099ms, rate sampling interval: 26ms
  Thread calibration: mean lat.: 4.021ms, rate sampling interval: 25ms
  Thread calibration: mean lat.: 3.794ms, rate sampling interval: 23ms
  Thread calibration: mean lat.: 3.491ms, rate sampling interval: 21ms
  Thread calibration: mean lat.: 3.651ms, rate sampling interval: 23ms
  Thread calibration: mean lat.: 3.768ms, rate sampling interval: 24ms
  Thread calibration: mean lat.: 4.031ms, rate sampling interval: 26ms
  Thread calibration: mean lat.: 3.452ms, rate sampling interval: 21ms
  Thread calibration: mean lat.: 4.222ms, rate sampling interval: 27ms
  Thread calibration: mean lat.: 3.948ms, rate sampling interval: 25ms
  Thread calibration: mean lat.: 3.726ms, rate sampling interval: 22ms
  Thread calibration: mean lat.: 3.778ms, rate sampling interval: 23ms
  Thread calibration: mean lat.: 3.732ms, rate sampling interval: 21ms
  Thread calibration: mean lat.: 4.284ms, rate sampling interval: 29ms
  Thread Stats   Avg      Stdev     Max   +/- Stdev
    Latency     2.17ms    4.16ms  90.11ms   92.44%
    Req/Sec     1.92k   291.68     4.55k    73.08%
  Latency Distribution (HdrHistogram - Recorded Latency)
 50.000%    1.05ms
 75.000%    1.51ms
 90.000%    4.19ms
 99.000%   23.02ms
 99.900%   37.12ms
 99.990%   48.93ms
 99.999%   64.10ms
100.000%   90.18ms

  Detailed Percentile spectrum:
       Value   Percentile   TotalCount 1/(1-Percentile)

       0.060     0.000000            1         1.00
       0.407     0.100000      1770147         1.11
       0.595     0.200000      3545497         1.25
       0.756     0.300000      5318410         1.43
       0.905     0.400000      7090283         1.67
       1.050     0.500000      8858537         2.00
       1.124     0.550000      9739519         2.22
       1.202     0.600000     10620384         2.50
       1.288     0.650000     11510330         2.86
       1.387     0.700000     12393821         3.33
       1.512     0.750000     13277168         4.00
       1.590     0.775000     13715467         4.44
       1.687     0.800000     14159909         5.00
       1.815     0.825000     14601659         5.71
       2.020     0.850000     15043168         6.67
       2.637     0.875000     15484518         8.00
       3.333     0.887500     15705733         8.89
       4.187     0.900000     15926749        10.00
       5.203     0.912500     16148272        11.43
       6.403     0.925000     16369681        13.33
       7.855     0.937500     16590549        16.00
       8.727     0.943750     16701561        17.78
       9.719     0.950000     16811692        20.00
      10.895     0.956250     16922721        22.86
      12.247     0.962500     17032853        26.67
      13.863     0.968750     17143449        32.00
      14.831     0.971875     17198771        35.56
      15.871     0.975000     17254217        40.00
      17.007     0.978125     17309680        45.71
      18.271     0.981250     17364580        53.33
      19.727     0.984375     17420106        64.00
      20.527     0.985938     17447838        71.11
      21.407     0.987500     17475543        80.00
      22.383     0.989062     17502806        91.43
      23.503     0.990625     17530551       106.67
      24.783     0.992188     17558195       128.00
      25.503     0.992969     17571897       142.22
      26.303     0.993750     17585752       160.00
      27.199     0.994531     17599672       182.86
      28.207     0.995313     17613318       213.33
      29.375     0.996094     17627240       256.00
      30.015     0.996484     17634112       284.44
      30.735     0.996875     17641092       320.00
      31.503     0.997266     17647877       365.71
      32.415     0.997656     17654816       426.67
      33.439     0.998047     17661721       512.00
      34.047     0.998242     17665303       568.89
      34.687     0.998437     17668726       640.00
      35.423     0.998633     17672133       731.43
      36.255     0.998828     17675578       853.33
      37.279     0.999023     17679056      1024.00
      37.823     0.999121     17680719      1137.78
      38.463     0.999219     17682488      1280.00
      39.135     0.999316     17684175      1462.86
      39.935     0.999414     17685926      1706.67
      40.927     0.999512     17687639      2048.00
      41.503     0.999561     17688529      2275.56
      42.111     0.999609     17689373      2560.00
      42.719     0.999658     17690211      2925.71
      43.487     0.999707     17691084      3413.33
      44.415     0.999756     17691950      4096.00
      44.927     0.999780     17692376      4551.11
      45.535     0.999805     17692815      5120.00
      46.271     0.999829     17693249      5851.43
      47.071     0.999854     17693670      6826.67
      47.967     0.999878     17694099      8192.00
      48.511     0.999890     17694322      9102.22
      49.023     0.999902     17694530     10240.00
      49.631     0.999915     17694748     11702.86
      50.431     0.999927     17694961     13653.33
      51.263     0.999939     17695181     16384.00
      51.839     0.999945     17695286     18204.44
      52.607     0.999951     17695398     20480.00
      53.375     0.999957     17695504     23405.71
      54.431     0.999963     17695611     27306.67
      55.615     0.999969     17695717     32768.00
      56.415     0.999973     17695772     36408.89
      57.087     0.999976     17695826     40960.00
      58.015     0.999979     17695879     46811.43
      59.231     0.999982     17695936     54613.33
      60.351     0.999985     17695988     65536.00
      61.279     0.999986     17696015     72817.78
      62.079     0.999988     17696041     81920.00
      63.263     0.999989     17696068     93622.86
      64.959     0.999991     17696095    109226.67
      67.839     0.999992     17696122    131072.00
      68.863     0.999993     17696137    145635.56
      69.567     0.999994     17696149    163840.00
      70.527     0.999995     17696163    187245.71
      72.127     0.999995     17696177    218453.33
      74.815     0.999996     17696190    262144.00
      76.351     0.999997     17696197    291271.11
      77.439     0.999997     17696203    327680.00
      77.823     0.999997     17696210    374491.43
      78.527     0.999998     17696218    436906.67
      79.103     0.999998     17696224    524288.00
      79.551     0.999998     17696227    582542.22
      79.935     0.999998     17696230    655360.00
      81.919     0.999999     17696234    748982.86
      83.263     0.999999     17696237    873813.33
      84.351     0.999999     17696241   1048576.00
      85.119     0.999999     17696242   1165084.44
      85.823     0.999999     17696244   1310720.00
      86.143     0.999999     17696246   1497965.71
      86.399     0.999999     17696247   1747626.67
      86.783     1.000000     17696249   2097152.00
      87.487     1.000000     17696250   2330168.89
      87.679     1.000000     17696251   2621440.00
      87.807     1.000000     17696252   2995931.43
      87.807     1.000000     17696252   3495253.33
      87.935     1.000000     17696253   4194304.00
      88.191     1.000000     17696254   4660337.78
      88.191     1.000000     17696254   5242880.00
      88.383     1.000000     17696255   5991862.86
      88.383     1.000000     17696255   6990506.67
      88.383     1.000000     17696255   8388608.00
      88.447     1.000000     17696256   9320675.55
      88.447     1.000000     17696256  10485760.00
      88.447     1.000000     17696256  11983725.71
      88.447     1.000000     17696256  13981013.34
      88.447     1.000000     17696256  16777216.00
      90.175     1.000000     17696257  18641351.10
      90.175     1.000000     17696257          inf
#[Mean    =        2.171, StdDeviation   =        4.163]
#[Max     =       90.112, Total count    =     17696257]
#[Buckets =           27, SubBuckets     =         2048]
----------------------------------------------------------
  17997743 requests in 10.00m, 2.58GB read
Requests/sec:  29996.25
Transfer/sec:      4.41MB
