Running 10m test @ http://localhost:9999/math/plus?x=1&y=2
  16 threads and 400 connections
  Thread calibration: mean lat.: 2.367ms, rate sampling interval: 10ms
  Thread calibration: mean lat.: 2.278ms, rate sampling interval: 10ms
  Thread calibration: mean lat.: 2.549ms, rate sampling interval: 10ms
  Thread calibration: mean lat.: 2.418ms, rate sampling interval: 10ms
  Thread calibration: mean lat.: 1.659ms, rate sampling interval: 10ms
  Thread calibration: mean lat.: 1.726ms, rate sampling interval: 10ms
  Thread calibration: mean lat.: 2.530ms, rate sampling interval: 10ms
  Thread calibration: mean lat.: 2.513ms, rate sampling interval: 10ms
  Thread calibration: mean lat.: 2.493ms, rate sampling interval: 10ms
  Thread calibration: mean lat.: 1.635ms, rate sampling interval: 10ms
  Thread calibration: mean lat.: 2.338ms, rate sampling interval: 10ms
  Thread calibration: mean lat.: 2.506ms, rate sampling interval: 10ms
  Thread calibration: mean lat.: 2.184ms, rate sampling interval: 10ms
  Thread calibration: mean lat.: 1.814ms, rate sampling interval: 10ms
  Thread calibration: mean lat.: 2.455ms, rate sampling interval: 10ms
  Thread calibration: mean lat.: 2.358ms, rate sampling interval: 10ms
  Thread Stats   Avg      Stdev     Max   +/- Stdev
    Latency    16.61ms  114.81ms   6.27s    97.67%
    Req/Sec     3.96k   703.98    14.78k    73.61%
  Latency Distribution (HdrHistogram - Recorded Latency)
 50.000%    2.01ms
 75.000%    4.32ms
 90.000%   12.97ms
 99.000%  435.97ms
 99.900%    1.40s 
 99.990%    4.51s 
 99.999%    6.00s 
100.000%    6.27s 

  Detailed Percentile spectrum:
       Value   Percentile   TotalCount 1/(1-Percentile)

       0.071     0.000000            1         1.00
       0.801     0.100000      3544830         1.11
       1.099     0.200000      7083090         1.25
       1.366     0.300000     10617239         1.43
       1.654     0.400000     14155738         1.67
       2.006     0.500000     17691084         2.00
       2.235     0.550000     19468521         2.22
       2.525     0.600000     21230988         2.50
       2.917     0.650000     22997755         2.86
       3.475     0.700000     24769659         3.33
       4.319     0.750000     26538336         4.00
       4.919     0.775000     27420991         4.44
       5.703     0.800000     28307102         5.00
       6.735     0.825000     29188450         5.71
       8.159     0.850000     30072581         6.67
      10.135     0.875000     30957537         8.00
      11.415     0.887500     31400167         8.89
      12.967     0.900000     31841464        10.00
      14.895     0.912500     32284990        11.43
      17.311     0.925000     32727579        13.33
      20.511     0.937500     33168334        16.00
      22.703     0.943750     33389916        17.78
      25.743     0.950000     33610714        20.00
      30.591     0.956250     33831512        22.86
      39.199     0.962500     34053019        26.67
      58.879     0.968750     34273869        32.00
      79.103     0.971875     34384448        35.56
     110.399     0.975000     34494944        40.00
     151.679     0.978125     34605638        45.71
     205.183     0.981250     34716164        53.33
     279.807     0.984375     34826773        64.00
     322.815     0.985938     34882073        71.11
     366.079     0.987500     34937119        80.00
     410.367     0.989062     34992558        91.43
     454.655     0.990625     35047848       106.67
     503.295     0.992188     35103168       128.00
     529.919     0.992969     35130622       142.22
     558.079     0.993750     35158425       160.00
     590.335     0.994531     35186069       182.86
     629.759     0.995313     35213774       213.33
     675.327     0.996094     35241335       256.00
     705.023     0.996484     35255134       284.44
     738.815     0.996875     35268886       320.00
     776.191     0.997266     35282759       365.71
     821.247     0.997656     35296536       426.67
     883.199     0.998047     35310297       512.00
     923.135     0.998242     35317181       568.89
     980.991     0.998437     35324104       640.00
    1074.175     0.998633     35331007       731.43
    1204.223     0.998828     35337898       853.33
    1419.263     0.999023     35344819      1024.00
    1501.183     0.999121     35348264      1137.78
    1600.511     0.999219     35351758      1280.00
    1702.911     0.999316     35355192      1462.86
    1794.047     0.999414     35358642      1706.67
    1980.415     0.999512     35362091      2048.00
    2136.063     0.999561     35363822      2275.56
    2428.927     0.999609     35365542      2560.00
    2801.663     0.999658     35367268      2925.71
    3135.487     0.999707     35368998      3413.33
    3467.263     0.999756     35370729      4096.00
    3612.671     0.999780     35371592      4551.11
    3778.559     0.999805     35372458      5120.00
    3975.167     0.999829     35373314      5851.43
    4198.399     0.999854     35374181      6826.67
    4395.007     0.999878     35375050      8192.00
    4444.159     0.999890     35375481      9102.22
    4521.983     0.999902     35375903     10240.00
    4628.479     0.999915     35376345     11702.86
    4710.399     0.999927     35376797     13653.33
    4931.583     0.999939     35377200     16384.00
    5083.135     0.999945     35377416     18204.44
    5267.455     0.999951     35377635     20480.00
    5443.583     0.999957     35377848     23405.71
    5566.463     0.999963     35378066     27306.67
    5713.919     0.999969     35378279     32768.00
    5783.551     0.999973     35378389     36408.89
    5849.087     0.999976     35378499     40960.00
    5898.239     0.999979     35378609     46811.43
    5935.103     0.999982     35378719     54613.33
    5963.775     0.999985     35378830     65536.00
    5980.159     0.999986     35378885     72817.78
    5988.351     0.999988     35378944     81920.00
    5996.543     0.999989     35378984     93622.86
    6021.119     0.999991     35379041    109226.67
    6041.599     0.999992     35379089    131072.00
    6053.887     0.999993     35379118    145635.56
    6066.175     0.999994     35379150    163840.00
    6074.367     0.999995     35379175    187245.71
    6086.655     0.999995     35379206    218453.33
    6094.847     0.999996     35379229    262144.00
    6098.943     0.999997     35379238    291271.11
    6107.135     0.999997     35379266    327680.00
    6107.135     0.999997     35379266    374491.43
    6139.903     0.999998     35379280    436906.67
    6160.383     0.999998     35379295    524288.00
    6164.479     0.999998     35379301    582542.22
    6168.575     0.999998     35379306    655360.00
    6176.767     0.999999     35379315    748982.86
    6184.959     0.999999     35379318    873813.33
    6209.535     0.999999     35379325   1048576.00
    6213.631     0.999999     35379330   1165084.44
    6217.727     0.999999     35379332   1310720.00
    6225.919     0.999999     35379336   1497965.71
    6234.111     0.999999     35379338   1747626.67
    6246.399     1.000000     35379342   2097152.00
    6254.591     1.000000     35379344   2330168.89
    6258.687     1.000000     35379348   2621440.00
    6258.687     1.000000     35379348   2995931.43
    6258.687     1.000000     35379348   3495253.33
    6262.783     1.000000     35379354   4194304.00
    6262.783     1.000000     35379354   4660337.78
    6262.783     1.000000     35379354   5242880.00
    6262.783     1.000000     35379354   5991862.86
    6262.783     1.000000     35379354   6990506.67
    6262.783     1.000000     35379354   8388608.00
    6266.879     1.000000     35379357   9320675.55
    6266.879     1.000000     35379357  10485760.00
    6266.879     1.000000     35379357  11983725.71
    6266.879     1.000000     35379357  13981013.34
    6266.879     1.000000     35379357  16777216.00
    6266.879     1.000000     35379357  18641351.10
    6266.879     1.000000     35379357  20971519.98
    6266.879     1.000000     35379357  23967451.45
    6266.879     1.000000     35379357  27962026.68
    6266.879     1.000000     35379357  33554432.00
    6270.975     1.000000     35379358  37282702.28
    6270.975     1.000000     35379358          inf
#[Mean    =       16.608, StdDeviation   =      114.807]
#[Max     =     6266.880, Total count    =     35379358]
#[Buckets =           27, SubBuckets     =         2048]
----------------------------------------------------------
  35968607 requests in 10.00m, 5.16GB read
Requests/sec:  59948.17
Transfer/sec:      8.80MB
