Running 10m test @ http://localhost:9999/math/plus?x=1&y=2
  16 threads and 400 connections
  Thread calibration: mean lat.: 1.908ms, rate sampling interval: 10ms
  Thread calibration: mean lat.: 2.148ms, rate sampling interval: 10ms
  Thread calibration: mean lat.: 2.029ms, rate sampling interval: 10ms
  Thread calibration: mean lat.: 1.858ms, rate sampling interval: 10ms
  Thread calibration: mean lat.: 1.901ms, rate sampling interval: 10ms
  Thread calibration: mean lat.: 1.966ms, rate sampling interval: 10ms
  Thread calibration: mean lat.: 1.986ms, rate sampling interval: 10ms
  Thread calibration: mean lat.: 1.963ms, rate sampling interval: 10ms
  Thread calibration: mean lat.: 2.000ms, rate sampling interval: 10ms
  Thread calibration: mean lat.: 1.833ms, rate sampling interval: 10ms
  Thread calibration: mean lat.: 2.069ms, rate sampling interval: 10ms
  Thread calibration: mean lat.: 1.987ms, rate sampling interval: 10ms
  Thread calibration: mean lat.: 1.972ms, rate sampling interval: 10ms
  Thread calibration: mean lat.: 2.054ms, rate sampling interval: 10ms
  Thread calibration: mean lat.: 2.110ms, rate sampling interval: 10ms
  Thread calibration: mean lat.: 1.940ms, rate sampling interval: 10ms
  Thread Stats   Avg      Stdev     Max   +/- Stdev
    Latency     7.55ms   52.58ms   3.96s    98.34%
    Req/Sec     3.96k   484.06    12.70k    75.72%
  Latency Distribution (HdrHistogram - Recorded Latency)
 50.000%    1.98ms
 75.000%    3.21ms
 90.000%    5.95ms
 99.000%  140.29ms
 99.900%  637.44ms
 99.990%    2.08s 
 99.999%    3.48s 
100.000%    3.96s 

  Detailed Percentile spectrum:
       Value   Percentile   TotalCount 1/(1-Percentile)

       0.083     0.000000            2         1.00
       0.799     0.100000      3546765         1.11
       1.115     0.200000      7088774         1.25
       1.393     0.300000     10628346         1.43
       1.673     0.400000     14162215         1.67
       1.984     0.500000     17706311         2.00
       2.161     0.550000     19482381         2.22
       2.359     0.600000     21241299         2.50
       2.589     0.650000     23008293         2.86
       2.865     0.700000     24782717         3.33
       3.207     0.750000     26544676         4.00
       3.419     0.775000     27431691         4.44
       3.673     0.800000     28314461         5.00
       3.993     0.825000     29203117         5.71
       4.407     0.850000     30089781         6.67
       4.995     0.875000     30970339         8.00
       5.407     0.887500     31413736         8.89
       5.955     0.900000     31853644        10.00
       6.759     0.912500     32296998        11.43
       8.039     0.925000     32738525        13.33
      10.047     0.937500     33180595        16.00
      11.495     0.943750     33402470        17.78
      13.343     0.950000     33622973        20.00
      15.871     0.956250     33844563        22.86
      19.247     0.962500     34065657        26.67
      24.063     0.968750     34286440        32.00
      27.343     0.971875     34397128        35.56
      31.791     0.975000     34507584        40.00
      38.303     0.978125     34618260        45.71
      48.671     0.981250     34728889        53.33
      67.199     0.984375     34839501        64.00
      80.511     0.985938     34894888        71.11
      98.175     0.987500     34950138        80.00
     121.983     0.989062     35005265        91.43
     153.087     0.990625     35060650       106.67
     185.855     0.992188     35115914       128.00
     204.927     0.992969     35143610       142.22
     227.583     0.993750     35171268       160.00
     254.591     0.994531     35198844       182.86
     284.415     0.995313     35226490       213.33
     319.487     0.996094     35254238       256.00
     339.967     0.996484     35267989       284.44
     364.799     0.996875     35281790       320.00
     393.727     0.997266     35295601       365.71
     427.007     0.997656     35309474       426.67
     466.687     0.998047     35323243       512.00
     488.447     0.998242     35330190       568.89
     511.999     0.998437     35337146       640.00
     543.743     0.998633     35343979       731.43
     586.751     0.998828     35350895       853.33
     645.631     0.999023     35357805      1024.00
     681.983     0.999121     35361263      1137.78
     724.991     0.999219     35364747      1280.00
     776.191     0.999316     35368183      1462.86
     860.671     0.999414     35371641      1706.67
     989.183     0.999512     35375094      2048.00
    1090.559     0.999561     35376820      2275.56
    1192.959     0.999609     35378542      2560.00
    1271.807     0.999658     35380271      2925.71
    1417.215     0.999707     35382011      3413.33
    1546.239     0.999756     35383736      4096.00
    1616.895     0.999780     35384600      4551.11
    1702.911     0.999805     35385454      5120.00
    1768.447     0.999829     35386322      5851.43
    1852.415     0.999854     35387192      6826.67
    1974.271     0.999878     35388050      8192.00
    2018.303     0.999890     35388483      9102.22
    2101.247     0.999902     35388915     10240.00
    2162.687     0.999915     35389343     11702.86
    2256.895     0.999927     35389774     13653.33
    2365.439     0.999939     35390210     16384.00
    2416.639     0.999945     35390425     18204.44
    2496.511     0.999951     35390638     20480.00
    2594.815     0.999957     35390857     23405.71
    2674.687     0.999963     35391074     27306.67
    2723.839     0.999969     35391286     32768.00
    2752.511     0.999973     35391405     36408.89
    2791.423     0.999976     35391504     40960.00
    2914.303     0.999979     35391611     46811.43
    2965.503     0.999982     35391724     54613.33
    3123.199     0.999985     35391826     65536.00
    3219.455     0.999986     35391880     72817.78
    3373.055     0.999988     35391936     81920.00
    3454.975     0.999989     35391990     93622.86
    3549.183     0.999991     35392042    109226.67
    3647.487     0.999992     35392097    131072.00
    3684.351     0.999993     35392123    145635.56
    3721.215     0.999994     35392151    163840.00
    3756.031     0.999995     35392179    187245.71
    3799.039     0.999995     35392206    218453.33
    3825.663     0.999996     35392231    262144.00
    3848.191     0.999997     35392245    291271.11
    3862.527     0.999997     35392260    327680.00
    3876.863     0.999997     35392273    374491.43
    3883.007     0.999998     35392289    436906.67
    3891.199     0.999998     35392299    524288.00
    3897.343     0.999998     35392307    582542.22
    3905.535     0.999998     35392313    655360.00
    3913.727     0.999999     35392320    748982.86
    3919.871     0.999999     35392326    873813.33
    3936.255     0.999999     35392333   1048576.00
    3940.351     0.999999     35392336   1165084.44
    3946.495     0.999999     35392339   1310720.00
    3948.543     0.999999     35392343   1497965.71
    3950.591     0.999999     35392347   1747626.67
    3952.639     1.000000     35392354   2097152.00
    3952.639     1.000000     35392354   2330168.89
    3952.639     1.000000     35392354   2621440.00
    3954.687     1.000000     35392356   2995931.43
    3954.687     1.000000     35392356   3495253.33
    3956.735     1.000000     35392359   4194304.00
    3956.735     1.000000     35392359   4660337.78
    3958.783     1.000000     35392360   5242880.00
    3960.831     1.000000     35392364   5991862.86
    3960.831     1.000000     35392364   6990506.67
    3960.831     1.000000     35392364   8388608.00
    3960.831     1.000000     35392364   9320675.55
    3960.831     1.000000     35392364  10485760.00
    3960.831     1.000000     35392364  11983725.71
    3960.831     1.000000     35392364  13981013.34
    3960.831     1.000000     35392364  16777216.00
    3962.879     1.000000     35392366  18641351.10
    3962.879     1.000000     35392366          inf
#[Mean    =        7.551, StdDeviation   =       52.578]
#[Max     =     3960.832, Total count    =     35392366]
#[Buckets =           27, SubBuckets     =         2048]
----------------------------------------------------------
  35995952 requests in 10.00m, 5.16GB read
Requests/sec:  59993.42
Transfer/sec:      8.81MB
