Running 10m test @ http://localhost:9999/math/plus?x=1&y=2
  16 threads and 400 connections
  Thread calibration: mean lat.: 3.728ms, rate sampling interval: 23ms
  Thread calibration: mean lat.: 4.064ms, rate sampling interval: 27ms
  Thread calibration: mean lat.: 4.003ms, rate sampling interval: 26ms
  Thread calibration: mean lat.: 4.108ms, rate sampling interval: 28ms
  Thread calibration: mean lat.: 3.662ms, rate sampling interval: 23ms
  Thread calibration: mean lat.: 4.094ms, rate sampling interval: 28ms
  Thread calibration: mean lat.: 3.794ms, rate sampling interval: 24ms
  Thread calibration: mean lat.: 3.614ms, rate sampling interval: 21ms
  Thread calibration: mean lat.: 3.984ms, rate sampling interval: 27ms
  Thread calibration: mean lat.: 3.844ms, rate sampling interval: 24ms
  Thread calibration: mean lat.: 4.182ms, rate sampling interval: 28ms
  Thread calibration: mean lat.: 3.729ms, rate sampling interval: 23ms
  Thread calibration: mean lat.: 3.716ms, rate sampling interval: 23ms
  Thread calibration: mean lat.: 3.722ms, rate sampling interval: 23ms
  Thread calibration: mean lat.: 4.000ms, rate sampling interval: 26ms
  Thread calibration: mean lat.: 4.132ms, rate sampling interval: 25ms
  Thread Stats   Avg      Stdev     Max   +/- Stdev
    Latency     3.12ms    5.81ms  81.86ms   89.88%
    Req/Sec     1.91k   340.19     4.42k    76.48%
  Latency Distribution (HdrHistogram - Recorded Latency)
 50.000%    1.13ms
 75.000%    1.74ms
 90.000%    9.06ms
 99.000%   29.20ms
 99.900%   43.29ms
 99.990%   54.59ms
 99.999%   64.48ms
100.000%   81.92ms

  Detailed Percentile spectrum:
       Value   Percentile   TotalCount 1/(1-Percentile)

       0.062     0.000000            1         1.00
       0.442     0.100000      1771730         1.11
       0.640     0.200000      3543393         1.25
       0.810     0.300000      5309152         1.43
       0.969     0.400000      7080824         1.67
       1.129     0.500000      8858318         2.00
       1.214     0.550000      9740626         2.22
       1.308     0.600000     10623799         2.50
       1.416     0.650000     11506363         2.86
       1.550     0.700000     12389658         3.33
       1.741     0.750000     13275130         4.00
       1.891     0.775000     13715346         4.44
       2.191     0.800000     14157510         5.00
       3.155     0.825000     14599390         5.71
       4.655     0.850000     15042494         6.67
       6.615     0.875000     15484186         8.00
       7.779     0.887500     15705761         8.89
       9.055     0.900000     15927268        10.00
      10.511     0.912500     16148390        11.43
      12.167     0.925000     16369081        13.33
      14.119     0.937500     16590391        16.00
      15.215     0.943750     16700926        17.78
      16.351     0.950000     16811793        20.00
      17.615     0.956250     16923108        22.86
      19.007     0.962500     17032728        26.67
      20.591     0.968750     17143815        32.00
      21.455     0.971875     17198537        35.56
      22.415     0.975000     17254440        40.00
      23.471     0.978125     17309813        45.71
      24.655     0.981250     17364829        53.33
      26.015     0.984375     17420059        64.00
      26.767     0.985938     17447302        71.11
      27.647     0.987500     17475254        80.00
      28.591     0.989062     17502864        91.43
      29.631     0.990625     17530316       106.67
      30.863     0.992188     17558081       128.00
      31.567     0.992969     17571905       142.22
      32.335     0.993750     17585807       160.00
      33.183     0.994531     17599752       182.86
      34.143     0.995313     17613328       213.33
      35.295     0.996094     17627304       256.00
      35.935     0.996484     17634163       284.44
      36.639     0.996875     17640921       320.00
      37.439     0.997266     17647903       365.71
      38.335     0.997656     17654711       426.67
      39.423     0.998047     17661686       512.00
      40.063     0.998242     17665207       568.89
      40.767     0.998437     17668621       640.00
      41.535     0.998633     17672058       731.43
      42.399     0.998828     17675512       853.33
      43.423     0.999023     17678939      1024.00
      43.967     0.999121     17680610      1137.78
      44.607     0.999219     17682394      1280.00
      45.311     0.999316     17684127      1462.86
      46.111     0.999414     17685829      1706.67
      47.007     0.999512     17687545      2048.00
      47.519     0.999561     17688405      2275.56
      48.127     0.999609     17689256      2560.00
      48.767     0.999658     17690112      2925.71
      49.503     0.999707     17690980      3413.33
      50.367     0.999756     17691842      4096.00
      50.847     0.999780     17692259      4551.11
      51.391     0.999805     17692686      5120.00
      52.063     0.999829     17693123      5851.43
      52.799     0.999854     17693558      6826.67
      53.631     0.999878     17693982      8192.00
      54.175     0.999890     17694209      9102.22
      54.719     0.999902     17694427     10240.00
      55.327     0.999915     17694630     11702.86
      56.031     0.999927     17694849     13653.33
      56.831     0.999939     17695063     16384.00
      57.311     0.999945     17695173     18204.44
      57.855     0.999951     17695279     20480.00
      58.431     0.999957     17695387     23405.71
      59.071     0.999963     17695494     27306.67
      59.839     0.999969     17695602     32768.00
      60.383     0.999973     17695657     36408.89
      60.895     0.999976     17695713     40960.00
      61.503     0.999979     17695765     46811.43
      62.175     0.999982     17695820     54613.33
      62.783     0.999985     17695873     65536.00
      63.231     0.999986     17695900     72817.78
      63.679     0.999988     17695926     81920.00
      64.223     0.999989     17695954     93622.86
      64.927     0.999991     17695983    109226.67
      65.407     0.999992     17696007    131072.00
      65.727     0.999993     17696022    145635.56
      66.111     0.999994     17696034    163840.00
      66.623     0.999995     17696048    187245.71
      67.583     0.999995     17696062    218453.33
      68.607     0.999996     17696076    262144.00
      69.055     0.999997     17696084    291271.11
      69.183     0.999997     17696088    327680.00
      69.631     0.999997     17696095    374491.43
      69.887     0.999998     17696102    436906.67
      70.271     0.999998     17696109    524288.00
      70.335     0.999998     17696112    582542.22
      70.591     0.999998     17696115    655360.00
      70.911     0.999999     17696119    748982.86
      71.103     0.999999     17696122    873813.33
      71.423     0.999999     17696126   1048576.00
      71.871     0.999999     17696127   1165084.44
      72.511     0.999999     17696129   1310720.00
      73.023     0.999999     17696131   1497965.71
      73.151     0.999999     17696132   1747626.67
      73.535     1.000000     17696134   2097152.00
      74.239     1.000000     17696135   2330168.89
      74.559     1.000000     17696136   2621440.00
      74.687     1.000000     17696137   2995931.43
      74.687     1.000000     17696137   3495253.33
      75.135     1.000000     17696138   4194304.00
      75.391     1.000000     17696139   4660337.78
      75.391     1.000000     17696139   5242880.00
      75.711     1.000000     17696140   5991862.86
      75.711     1.000000     17696140   6990506.67
      75.711     1.000000     17696140   8388608.00
      77.311     1.000000     17696141   9320675.55
      77.311     1.000000     17696141  10485760.00
      77.311     1.000000     17696141  11983725.71
      77.311     1.000000     17696141  13981013.34
      77.311     1.000000     17696141  16777216.00
      81.919     1.000000     17696142  18641351.10
      81.919     1.000000     17696142          inf
#[Mean    =        3.119, StdDeviation   =        5.806]
#[Max     =       81.856, Total count    =     17696142]
#[Buckets =           27, SubBuckets     =         2048]
----------------------------------------------------------
  17996151 requests in 10.00m, 2.58GB read
Requests/sec:  29993.50
Transfer/sec:      4.41MB
