Running 10m test @ http://localhost:9999/math/plus?x=1&y=2
  16 threads and 400 connections
  Thread calibration: mean lat.: 3.934ms, rate sampling interval: 17ms
  Thread calibration: mean lat.: 5.271ms, rate sampling interval: 18ms
  Thread calibration: mean lat.: 3.691ms, rate sampling interval: 15ms
  Thread calibration: mean lat.: 4.751ms, rate sampling interval: 18ms
  Thread calibration: mean lat.: 4.418ms, rate sampling interval: 16ms
  Thread calibration: mean lat.: 3.587ms, rate sampling interval: 14ms
  Thread calibration: mean lat.: 4.356ms, rate sampling interval: 17ms
  Thread calibration: mean lat.: 4.037ms, rate sampling interval: 18ms
  Thread calibration: mean lat.: 3.428ms, rate sampling interval: 14ms
  Thread calibration: mean lat.: 4.614ms, rate sampling interval: 18ms
  Thread calibration: mean lat.: 4.939ms, rate sampling interval: 20ms
  Thread calibration: mean lat.: 3.134ms, rate sampling interval: 13ms
  Thread calibration: mean lat.: 3.614ms, rate sampling interval: 16ms
  Thread calibration: mean lat.: 5.603ms, rate sampling interval: 18ms
  Thread calibration: mean lat.: 3.215ms, rate sampling interval: 14ms
  Thread calibration: mean lat.: 3.335ms, rate sampling interval: 14ms
  Thread Stats   Avg      Stdev     Max   +/- Stdev
    Latency     4.04ms    3.05ms  38.53ms   73.05%
    Req/Sec   646.12    457.36     2.08k    55.17%
  Latency Distribution (HdrHistogram - Recorded Latency)
 50.000%    3.15ms
 75.000%    5.82ms
 90.000%    8.41ms
 99.000%   12.96ms
 99.900%   18.56ms
 99.990%   25.45ms
 99.999%   33.41ms
100.000%   38.56ms

  Detailed Percentile spectrum:
       Value   Percentile   TotalCount 1/(1-Percentile)

       0.065     0.000000            1         1.00
       0.974     0.100000       590927         1.11
       1.406     0.200000      1181107         1.25
       1.859     0.300000      1769705         1.43
       2.437     0.400000      2360535         1.67
       3.151     0.500000      2950290         2.00
       3.577     0.550000      3244821         2.22
       4.057     0.600000      3540319         2.50
       4.591     0.650000      3836334         2.86
       5.167     0.700000      4129201         3.33
       5.815     0.750000      4424848         4.00
       6.171     0.775000      4572580         4.44
       6.543     0.800000      4719942         5.00
       6.939     0.825000      4867206         5.71
       7.371     0.850000      5014083         6.67
       7.855     0.875000      5162026         8.00
       8.119     0.887500      5235349         8.89
       8.415     0.900000      5310318        10.00
       8.735     0.912500      5382952        11.43
       9.103     0.925000      5457256        13.33
       9.519     0.937500      5530960        16.00
       9.751     0.943750      5567471        17.78
      10.007     0.950000      5604155        20.00
      10.295     0.956250      5641605        22.86
      10.607     0.962500      5678106        26.67
      10.959     0.968750      5714413        32.00
      11.159     0.971875      5733082        35.56
      11.375     0.975000      5751580        40.00
      11.615     0.978125      5770233        45.71
      11.879     0.981250      5788416        53.33
      12.183     0.984375      5806558        64.00
      12.367     0.985938      5815840        71.11
      12.567     0.987500      5825046        80.00
      12.799     0.989062      5834231        91.43
      13.071     0.990625      5843512       106.67
      13.399     0.992188      5852812       128.00
      13.583     0.992969      5857355       142.22
      13.791     0.993750      5861852       160.00
      14.039     0.994531      5866566       182.86
      14.327     0.995313      5871070       213.33
      14.695     0.996094      5875633       256.00
      14.927     0.996484      5877962       284.44
      15.199     0.996875      5880275       320.00
      15.527     0.997266      5882573       365.71
      15.927     0.997656      5884870       426.67
      16.463     0.998047      5887177       512.00
      16.783     0.998242      5888338       568.89
      17.135     0.998437      5889482       640.00
      17.567     0.998633      5890623       731.43
      18.047     0.998828      5891771       853.33
      18.639     0.999023      5892936      1024.00
      18.943     0.999121      5893500      1137.78
      19.295     0.999219      5894080      1280.00
      19.679     0.999316      5894659      1462.86
      20.127     0.999414      5895232      1706.67
      20.607     0.999512      5895799      2048.00
      20.911     0.999561      5896098      2275.56
      21.199     0.999609      5896373      2560.00
      21.551     0.999658      5896658      2925.71
      21.967     0.999707      5896950      3413.33
      22.447     0.999756      5897235      4096.00
      22.783     0.999780      5897386      4551.11
      23.135     0.999805      5897521      5120.00
      23.615     0.999829      5897667      5851.43
      24.159     0.999854      5897811      6826.67
      24.735     0.999878      5897953      8192.00
      25.151     0.999890      5898027      9102.22
      25.551     0.999902      5898099     10240.00
      26.031     0.999915      5898170     11702.86
      26.639     0.999927      5898241     13653.33
      27.359     0.999939      5898313     16384.00
      27.791     0.999945      5898351     18204.44
      28.287     0.999951      5898385     20480.00
      28.735     0.999957      5898421     23405.71
      29.439     0.999963      5898458     27306.67
      29.967     0.999969      5898494     32768.00
      30.447     0.999973      5898512     36408.89
      30.959     0.999976      5898529     40960.00
      31.359     0.999979      5898547     46811.43
      31.823     0.999982      5898565     54613.33
      32.271     0.999985      5898583     65536.00
      32.495     0.999986      5898592     72817.78
      32.863     0.999988      5898601     81920.00
      33.183     0.999989      5898610     93622.86
      33.535     0.999991      5898619    109226.67
      33.919     0.999992      5898630    131072.00
      34.143     0.999993      5898633    145635.56
      34.335     0.999994      5898637    163840.00
      34.815     0.999995      5898642    187245.71
      35.007     0.999995      5898647    218453.33
      35.231     0.999996      5898651    262144.00
      35.455     0.999997      5898653    291271.11
      35.519     0.999997      5898655    327680.00
      35.647     0.999997      5898658    374491.43
      35.871     0.999998      5898660    436906.67
      36.255     0.999998      5898662    524288.00
      36.287     0.999998      5898663    582542.22
      36.319     0.999998      5898664    655360.00
      36.735     0.999999      5898666    748982.86
      37.151     0.999999      5898667    873813.33
      37.247     0.999999      5898668   1048576.00
      37.247     0.999999      5898668   1165084.44
      37.407     0.999999      5898669   1310720.00
      37.439     0.999999      5898670   1497965.71
      37.439     0.999999      5898670   1747626.67
      37.631     1.000000      5898671   2097152.00
      37.631     1.000000      5898671   2330168.89
      37.631     1.000000      5898671   2621440.00
      37.855     1.000000      5898672   2995931.43
      37.855     1.000000      5898672   3495253.33
      37.855     1.000000      5898672   4194304.00
      37.855     1.000000      5898672   4660337.78
      37.855     1.000000      5898672   5242880.00
      38.559     1.000000      5898673   5991862.86
      38.559     1.000000      5898673          inf
#[Mean    =        4.038, StdDeviation   =        3.047]
#[Max     =       38.528, Total count    =      5898673]
#[Buckets =           27, SubBuckets     =         2048]
----------------------------------------------------------
  5998181 requests in 10.00m, 0.86GB read
Requests/sec:   9996.94
Transfer/sec:      1.47MB
