Running 10m test @ http://localhost:9999/math/plus?x=1&y=2
  16 threads and 400 connections
  Thread calibration: mean lat.: 3.057ms, rate sampling interval: 10ms
  Thread calibration: mean lat.: 2.729ms, rate sampling interval: 10ms
  Thread calibration: mean lat.: 2.662ms, rate sampling interval: 10ms
  Thread calibration: mean lat.: 2.453ms, rate sampling interval: 10ms
  Thread calibration: mean lat.: 3.091ms, rate sampling interval: 10ms
  Thread calibration: mean lat.: 3.147ms, rate sampling interval: 10ms
  Thread calibration: mean lat.: 2.704ms, rate sampling interval: 10ms
  Thread calibration: mean lat.: 2.664ms, rate sampling interval: 10ms
  Thread calibration: mean lat.: 2.605ms, rate sampling interval: 10ms
  Thread calibration: mean lat.: 2.694ms, rate sampling interval: 10ms
  Thread calibration: mean lat.: 2.916ms, rate sampling interval: 10ms
  Thread calibration: mean lat.: 2.818ms, rate sampling interval: 10ms
  Thread calibration: mean lat.: 2.837ms, rate sampling interval: 10ms
  Thread calibration: mean lat.: 2.754ms, rate sampling interval: 10ms
  Thread calibration: mean lat.: 3.150ms, rate sampling interval: 10ms
  Thread calibration: mean lat.: 3.254ms, rate sampling interval: 10ms
  Thread Stats   Avg      Stdev     Max   +/- Stdev
    Latency    46.38ms  358.84ms  15.94s    97.78%
    Req/Sec     3.97k   716.38    15.56k    78.73%
  Latency Distribution (HdrHistogram - Recorded Latency)
 50.000%    4.31ms
 75.000%   12.95ms
 90.000%   37.44ms
 99.000%  792.58ms
 99.900%    5.22s 
 99.990%   13.16s 
 99.999%   15.62s 
100.000%   15.95s 

  Detailed Percentile spectrum:
       Value   Percentile   TotalCount 1/(1-Percentile)

       0.088     0.000000            1         1.00
       1.119     0.100000      3540391         1.11
       1.632     0.200000      7080365         1.25
       2.227     0.300000     10622073         1.43
       3.059     0.400000     14158854         1.67
       4.311     0.500000     17700299         2.00
       5.191     0.550000     19472477         2.22
       6.335     0.600000     21238425         2.50
       7.879     0.650000     23006188         2.86
       9.983     0.700000     24774733         3.33
      12.951     0.750000     26548171         4.00
      14.903     0.775000     27431620         4.44
      17.263     0.800000     28316530         5.00
      20.143     0.825000     29202081         5.71
      23.807     0.850000     30084443         6.67
      28.959     0.875000     30968865         8.00
      32.575     0.887500     31410823         8.89
      37.439     0.900000     31855306        10.00
      44.223     0.912500     32295661        11.43
      54.719     0.925000     32738742        13.33
      72.063     0.937500     33180344        16.00
      85.503     0.943750     33401841        17.78
     106.367     0.950000     33622878        20.00
     140.927     0.956250     33844227        22.86
     193.407     0.962500     34065291        26.67
     263.167     0.968750     34286329        32.00
     306.431     0.971875     34397336        35.56
     353.535     0.975000     34507896        40.00
     411.647     0.978125     34618246        45.71
     483.071     0.981250     34728824        53.33
     565.759     0.984375     34839442        64.00
     614.911     0.985938     34894774        71.11
     670.207     0.987500     34950078        80.00
     739.839     0.989062     35005323        91.43
     831.487     0.990625     35060523       106.67
     968.191     0.992188     35115899       128.00
    1050.623     0.992969     35143501       142.22
    1166.335     0.993750     35171079       160.00
    1296.383     0.994531     35198902       182.86
    1441.791     0.995313     35226465       213.33
    1761.279     0.996094     35254037       256.00
    1994.751     0.996484     35267861       284.44
    2160.639     0.996875     35281699       320.00
    2375.679     0.997266     35295575       365.71
    2664.447     0.997656     35309338       426.67
    3033.087     0.998047     35323127       512.00
    3219.455     0.998242     35330030       568.89
    3510.271     0.998437     35336963       640.00
    3803.135     0.998633     35343869       731.43
    4239.359     0.998828     35350779       853.33
    5308.415     0.999023     35357681      1024.00
    5947.391     0.999121     35361152      1137.78
    6627.327     0.999219     35364601      1280.00
    7344.127     0.999316     35368058      1462.86
    8282.111     0.999414     35371518      1706.67
    9101.311     0.999512     35374978      2048.00
    9527.295     0.999561     35376708      2275.56
    9986.047     0.999609     35378434      2560.00
   10502.143     0.999658     35380163      2925.71
   10878.975     0.999707     35381875      3413.33
   11190.271     0.999756     35383628      4096.00
   11354.111     0.999780     35384465      4551.11
   11583.487     0.999805     35385339      5120.00
   11821.055     0.999829     35386220      5851.43
   11984.895     0.999854     35387089      6826.67
   12484.607     0.999878     35387925      8192.00
   12877.823     0.999890     35388355      9102.22
   13238.271     0.999902     35388786     10240.00
   13598.719     0.999915     35389222     11702.86
   13803.519     0.999927     35389660     13653.33
   14172.159     0.999939     35390084     16384.00
   14319.615     0.999945     35390312     18204.44
   14376.959     0.999951     35390519     20480.00
   14524.415     0.999957     35390729     23405.71
   14630.911     0.999963     35390950     27306.67
   14786.559     0.999969     35391168     32768.00
   14876.671     0.999973     35391269     36408.89
   14991.359     0.999976     35391394     40960.00
   15065.087     0.999979     35391488     46811.43
   15147.007     0.999982     35391597     54613.33
   15228.927     0.999985     35391704     65536.00
   15294.463     0.999986     35391756     72817.78
   15441.919     0.999988     35391811     81920.00
   15572.991     0.999989     35391864     93622.86
   15663.103     0.999991     35391920    109226.67
   15728.639     0.999992     35391975    131072.00
   15761.407     0.999993     35392000    145635.56
   15818.751     0.999994     35392051    163840.00
   15826.943     0.999995     35392079    187245.71
   15826.943     0.999995     35392079    218453.33
   15843.327     0.999996     35392113    262144.00
   15851.519     0.999997     35392127    291271.11
   15859.711     0.999997     35392142    327680.00
   15867.903     0.999997     35392156    374491.43
   15876.095     0.999998     35392167    436906.67
   15884.287     0.999998     35392179    524288.00
   15892.479     0.999998     35392194    582542.22
   15892.479     0.999998     35392194    655360.00
   15892.479     0.999999     35392194    748982.86
   15900.671     0.999999     35392209    873813.33
   15900.671     0.999999     35392209   1048576.00
   15908.863     0.999999     35392214   1165084.44
   15908.863     0.999999     35392214   1310720.00
   15917.055     0.999999     35392220   1497965.71
   15925.247     0.999999     35392226   1747626.67
   15925.247     1.000000     35392226   2097152.00
   15925.247     1.000000     35392226   2330168.89
   15933.439     1.000000     35392232   2621440.00
   15933.439     1.000000     35392232   2995931.43
   15933.439     1.000000     35392232   3495253.33
   15941.631     1.000000     35392237   4194304.00
   15941.631     1.000000     35392237   4660337.78
   15941.631     1.000000     35392237   5242880.00
   15941.631     1.000000     35392237   5991862.86
   15941.631     1.000000     35392237   6990506.67
   15941.631     1.000000     35392237   8388608.00
   15949.823     1.000000     35392241   9320675.55
   15949.823     1.000000     35392241          inf
#[Mean    =       46.379, StdDeviation   =      358.844]
#[Max     =    15941.632, Total count    =     35392241]
#[Buckets =           27, SubBuckets     =         2048]
----------------------------------------------------------
  35995725 requests in 10.00m, 5.16GB read
Requests/sec:  59993.00
Transfer/sec:      8.81MB
