Running 10m test @ http://localhost:9999/math/plus?x=1&y=2
  16 threads and 400 connections
  Thread calibration: mean lat.: 1.634ms, rate sampling interval: 10ms
  Thread calibration: mean lat.: 1.660ms, rate sampling interval: 10ms
  Thread calibration: mean lat.: 1.667ms, rate sampling interval: 10ms
  Thread calibration: mean lat.: 1.695ms, rate sampling interval: 10ms
  Thread calibration: mean lat.: 1.725ms, rate sampling interval: 10ms
  Thread calibration: mean lat.: 1.692ms, rate sampling interval: 10ms
  Thread calibration: mean lat.: 1.604ms, rate sampling interval: 10ms
  Thread calibration: mean lat.: 1.718ms, rate sampling interval: 10ms
  Thread calibration: mean lat.: 1.722ms, rate sampling interval: 10ms
  Thread calibration: mean lat.: 1.762ms, rate sampling interval: 10ms
  Thread calibration: mean lat.: 1.658ms, rate sampling interval: 10ms
  Thread calibration: mean lat.: 1.764ms, rate sampling interval: 10ms
  Thread calibration: mean lat.: 1.679ms, rate sampling interval: 10ms
  Thread calibration: mean lat.: 1.627ms, rate sampling interval: 10ms
  Thread calibration: mean lat.: 1.773ms, rate sampling interval: 10ms
  Thread calibration: mean lat.: 1.792ms, rate sampling interval: 10ms
  Thread Stats   Avg      Stdev     Max   +/- Stdev
    Latency     3.99ms   22.71ms   2.26s    98.90%
    Req/Sec     3.30k   518.67     9.78k    81.35%
  Latency Distribution (HdrHistogram - Recorded Latency)
 50.000%    1.57ms
 75.000%    2.62ms
 90.000%    5.64ms
 99.000%   29.45ms
 99.900%  347.90ms
 99.990%  776.19ms
 99.999%    1.90s 
100.000%    2.27s 

  Detailed Percentile spectrum:
       Value   Percentile   TotalCount 1/(1-Percentile)

       0.073     0.000000            1         1.00
       0.606     0.100000      2955116         1.11
       0.868     0.200000      5908916         1.25
       1.099     0.300000      8856587         1.43
       1.325     0.400000     11807248         1.67
       1.570     0.500000     14749356         2.00
       1.710     0.550000     16223140         2.22
       1.869     0.600000     17700699         2.50
       2.059     0.650000     19177818         2.86
       2.299     0.700000     20654492         3.33
       2.621     0.750000     22122661         4.00
       2.833     0.775000     22860771         4.44
       3.097     0.800000     23595922         5.00
       3.437     0.825000     24333909         5.71
       3.899     0.850000     25070974         6.67
       4.579     0.875000     25808555         8.00
       5.051     0.887500     26177161         8.89
       5.643     0.900000     26544570        10.00
       6.391     0.912500     26913253        11.43
       7.335     0.925000     27282658        13.33
       8.535     0.937500     27650609        16.00
       9.295     0.943750     27834863        17.78
      10.191     0.950000     28020114        20.00
      11.223     0.956250     28203922        22.86
      12.447     0.962500     28388356        26.67
      13.991     0.968750     28572736        32.00
      14.903     0.971875     28664328        35.56
      15.959     0.975000     28756676        40.00
      17.231     0.978125     28848537        45.71
      18.815     0.981250     28940731        53.33
      20.879     0.984375     29033453        64.00
      22.255     0.985938     29079102        71.11
      24.063     0.987500     29125187        80.00
      26.847     0.989062     29171316        91.43
      31.919     0.990625     29217243       106.67
      41.087     0.992188     29263326       128.00
      47.807     0.992969     29286321       142.22
      58.079     0.993750     29309379       160.00
      71.679     0.994531     29332488       182.86
      89.855     0.995313     29355444       213.33
     119.487     0.996094     29378500       256.00
     135.551     0.996484     29390023       284.44
     152.959     0.996875     29401542       320.00
     173.055     0.997266     29413091       365.71
     196.095     0.997656     29424609       426.67
     227.327     0.998047     29436105       512.00
     247.167     0.998242     29441875       568.89
     270.847     0.998437     29447671       640.00
     300.287     0.998633     29453376       731.43
     327.167     0.998828     29459193       853.33
     350.975     0.999023     29464930      1024.00
     362.495     0.999121     29467801      1137.78
     374.783     0.999219     29470676      1280.00
     387.839     0.999316     29473541      1462.86
     403.199     0.999414     29476409      1706.67
     421.119     0.999512     29479307      2048.00
     432.127     0.999561     29480743      2275.56
     442.623     0.999609     29482186      2560.00
     455.423     0.999658     29483614      2925.71
     476.159     0.999707     29485059      3413.33
     503.551     0.999756     29486496      4096.00
     520.447     0.999780     29487217      4551.11
     548.863     0.999805     29487941      5120.00
     583.167     0.999829     29488653      5851.43
     627.199     0.999854     29489370      6826.67
     697.343     0.999878     29490088      8192.00
     742.399     0.999890     29490448      9102.22
     783.359     0.999902     29490812     10240.00
     842.239     0.999915     29491168     11702.86
     965.119     0.999927     29491530     13653.33
    1102.847     0.999939     29491888     16384.00
    1164.287     0.999945     29492069     18204.44
    1214.463     0.999951     29492249     20480.00
    1288.191     0.999957     29492428     23405.71
    1342.463     0.999963     29492611     27306.67
    1462.271     0.999969     29492792     32768.00
    1489.919     0.999973     29492882     36408.89
    1532.927     0.999976     29492970     40960.00
    1611.775     0.999979     29493058     46811.43
    1680.383     0.999982     29493148     54613.33
    1718.271     0.999985     29493241     65536.00
    1739.775     0.999986     29493284     72817.78
    1803.263     0.999988     29493328     81920.00
    1873.919     0.999989     29493373     93622.86
    1927.167     0.999991     29493418    109226.67
    1991.679     0.999992     29493463    131072.00
    2011.135     0.999993     29493490    145635.56
    2025.471     0.999994     29493508    163840.00
    2061.311     0.999995     29493531    187245.71
    2078.719     0.999995     29493555    218453.33
    2123.775     0.999996     29493576    262144.00
    2152.447     0.999997     29493587    291271.11
    2170.879     0.999997     29493598    327680.00
    2203.647     0.999997     29493610    374491.43
    2215.935     0.999998     29493621    436906.67
    2222.079     0.999998     29493633    524288.00
    2232.319     0.999998     29493638    582542.22
    2240.511     0.999998     29493644    655360.00
    2246.655     0.999999     29493649    748982.86
    2250.751     0.999999     29493656    873813.33
    2254.847     0.999999     29493662   1048576.00
    2256.895     0.999999     29493664   1165084.44
    2258.943     0.999999     29493670   1310720.00
    2258.943     0.999999     29493670   1497965.71
    2260.991     0.999999     29493682   1747626.67
    2260.991     1.000000     29493682   2097152.00
    2260.991     1.000000     29493682   2330168.89
    2260.991     1.000000     29493682   2621440.00
    2260.991     1.000000     29493682   2995931.43
    2260.991     1.000000     29493682   3495253.33
    2260.991     1.000000     29493682   4194304.00
    2260.991     1.000000     29493682   4660337.78
    2263.039     1.000000     29493685   5242880.00
    2263.039     1.000000     29493685   5991862.86
    2263.039     1.000000     29493685   6990506.67
    2263.039     1.000000     29493685   8388608.00
    2263.039     1.000000     29493685   9320675.55
    2265.087     1.000000     29493688  10485760.00
    2265.087     1.000000     29493688          inf
#[Mean    =        3.987, StdDeviation   =       22.711]
#[Max     =     2263.040, Total count    =     29493688]
#[Buckets =           27, SubBuckets     =         2048]
----------------------------------------------------------
  29996935 requests in 10.00m, 4.30GB read
Requests/sec:  49994.97
Transfer/sec:      7.34MB
