Running 10m test @ http://localhost:9999/math/plus?x=1&y=2
  16 threads and 400 connections
  Thread calibration: mean lat.: 2.560ms, rate sampling interval: 10ms
  Thread calibration: mean lat.: 2.312ms, rate sampling interval: 10ms
  Thread calibration: mean lat.: 2.697ms, rate sampling interval: 10ms
  Thread calibration: mean lat.: 2.582ms, rate sampling interval: 10ms
  Thread calibration: mean lat.: 2.149ms, rate sampling interval: 10ms
  Thread calibration: mean lat.: 2.479ms, rate sampling interval: 10ms
  Thread calibration: mean lat.: 2.639ms, rate sampling interval: 10ms
  Thread calibration: mean lat.: 2.610ms, rate sampling interval: 10ms
  Thread calibration: mean lat.: 2.547ms, rate sampling interval: 10ms
  Thread calibration: mean lat.: 2.508ms, rate sampling interval: 10ms
  Thread calibration: mean lat.: 2.750ms, rate sampling interval: 10ms
  Thread calibration: mean lat.: 2.617ms, rate sampling interval: 10ms
  Thread calibration: mean lat.: 2.626ms, rate sampling interval: 10ms
  Thread calibration: mean lat.: 1.792ms, rate sampling interval: 10ms
  Thread calibration: mean lat.: 2.636ms, rate sampling interval: 10ms
  Thread calibration: mean lat.: 2.585ms, rate sampling interval: 10ms
  Thread Stats   Avg      Stdev     Max   +/- Stdev
    Latency    25.15ms  185.48ms  12.93s    97.47%
    Req/Sec     3.30k   648.66    11.89k    78.92%
  Latency Distribution (HdrHistogram - Recorded Latency)
 50.000%    2.47ms
 75.000%    5.60ms
 90.000%   14.59ms
 99.000%  678.91ms
 99.900%    1.55s 
 99.990%    7.45s 
 99.999%   12.65s 
100.000%   12.94s 

  Detailed Percentile spectrum:
       Value   Percentile   TotalCount 1/(1-Percentile)

       0.078     0.000000            1         1.00
       0.837     0.100000      2955432         1.11
       1.215     0.200000      5905072         1.25
       1.567     0.300000      8849983         1.43
       1.965     0.400000     11800169         1.67
       2.473     0.500000     14750312         2.00
       2.803     0.550000     16224453         2.22
       3.217     0.600000     17702419         2.50
       3.749     0.650000     19175220         2.86
       4.491     0.700000     20647387         3.33
       5.603     0.750000     22121488         4.00
       6.383     0.775000     22860295         4.44
       7.327     0.800000     23596692         5.00
       8.471     0.825000     24334850         5.71
       9.999     0.850000     25070828         6.67
      11.927     0.875000     25806857         8.00
      13.127     0.887500     26175542         8.89
      14.591     0.900000     26545110        10.00
      16.383     0.912500     26913749        11.43
      18.863     0.925000     27282277        13.33
      22.591     0.937500     27650503        16.00
      25.583     0.943750     27834550        17.78
      30.575     0.950000     28018960        20.00
      40.031     0.956250     28203315        22.86
      62.975     0.962500     28387534        26.67
     118.463     0.968750     28571909        32.00
     162.815     0.971875     28664309        35.56
     216.447     0.975000     28756389        40.00
     267.519     0.978125     28848443        45.71
     325.119     0.981250     28940538        53.33
     418.815     0.984375     29032816        64.00
     484.351     0.985938     29078919        71.11
     560.639     0.987500     29124942        80.00
     634.879     0.989062     29171193        91.43
     714.239     0.990625     29217039       106.67
     840.191     0.992188     29263208       128.00
     915.455     0.992969     29286212       142.22
     983.039     0.993750     29309353       160.00
    1037.311     0.994531     29332401       182.86
    1085.439     0.995313     29355353       213.33
    1138.687     0.996094     29378370       256.00
    1166.335     0.996484     29390080       284.44
    1199.103     0.996875     29401585       320.00
    1228.799     0.997266     29412917       365.71
    1268.735     0.997656     29424444       426.67
    1315.839     0.998047     29436144       512.00
    1342.463     0.998242     29441699       568.89
    1376.255     0.998437     29447485       640.00
    1419.263     0.998633     29453337       731.43
    1463.295     0.998828     29459015       853.33
    1561.599     0.999023     29464742      1024.00
    1657.855     0.999121     29467642      1137.78
    1891.327     0.999219     29470503      1280.00
    2215.935     0.999316     29473376      1462.86
    2686.975     0.999414     29476261      1706.67
    3158.015     0.999512     29479140      2048.00
    3446.783     0.999561     29480589      2275.56
    3696.639     0.999609     29482035      2560.00
    3977.215     0.999658     29483457      2925.71
    4284.415     0.999707     29484912      3413.33
    4722.687     0.999756     29486338      4096.00
    5079.039     0.999780     29487059      4551.11
    5615.615     0.999805     29487778      5120.00
    6189.055     0.999829     29488499      5851.43
    6492.159     0.999854     29489225      6826.67
    6897.663     0.999878     29489938      8192.00
    7102.463     0.999890     29490304      9102.22
    7544.831     0.999902     29490659     10240.00
    8036.351     0.999915     29491018     11702.86
    8503.295     0.999927     29491377     13653.33
    9388.031     0.999939     29491738     16384.00
    9854.975     0.999945     29491919     18204.44
   10338.303     0.999951     29492098     20480.00
   10780.671     0.999957     29492278     23405.71
   11231.231     0.999963     29492459     27306.67
   11558.911     0.999969     29492638     32768.00
   11649.023     0.999973     29492728     36408.89
   11796.479     0.999976     29492820     40960.00
   11919.359     0.999979     29492907     46811.43
   12173.311     0.999982     29492998     54613.33
   12345.343     0.999985     29493088     65536.00
   12402.687     0.999986     29493136     72817.78
   12460.031     0.999988     29493177     81920.00
   12599.295     0.999989     29493224     93622.86
   12681.215     0.999991     29493269    109226.67
   12738.559     0.999992     29493318    131072.00
   12754.943     0.999993     29493340    145635.56
   12771.327     0.999994     29493359    163840.00
   12787.711     0.999995     29493382    187245.71
   12812.287     0.999995     29493410    218453.33
   12861.439     0.999996     29493429    262144.00
   12869.631     0.999997     29493443    291271.11
   12886.015     0.999997     29493460    327680.00
   12886.015     0.999997     29493460    374491.43
   12894.207     0.999998     29493480    436906.67
   12902.399     0.999998     29493499    524288.00
   12902.399     0.999998     29493499    582542.22
   12902.399     0.999998     29493499    655360.00
   12902.399     0.999999     29493499    748982.86
   12910.591     0.999999     29493515    873813.33
   12910.591     0.999999     29493515   1048576.00
   12910.591     0.999999     29493515   1165084.44
   12910.591     0.999999     29493515   1310720.00
   12918.783     0.999999     29493524   1497965.71
   12918.783     0.999999     29493524   1747626.67
   12918.783     1.000000     29493524   2097152.00
   12926.975     1.000000     29493531   2330168.89
   12926.975     1.000000     29493531   2621440.00
   12926.975     1.000000     29493531   2995931.43
   12926.975     1.000000     29493531   3495253.33
   12926.975     1.000000     29493531   4194304.00
   12926.975     1.000000     29493531   4660337.78
   12935.167     1.000000     29493537   5242880.00
   12935.167     1.000000     29493537          inf
#[Mean    =       25.146, StdDeviation   =      185.482]
#[Max     =    12926.976, Total count    =     29493537]
#[Buckets =           27, SubBuckets     =         2048]
----------------------------------------------------------
  29993540 requests in 10.00m, 4.30GB read
Requests/sec:  49989.34
Transfer/sec:      7.34MB
