Running 10m test @ http://localhost:9999/math/plus?x=1&y=2
  16 threads and 400 connections
  Thread calibration: mean lat.: 1.215ms, rate sampling interval: 10ms
  Thread calibration: mean lat.: 1.178ms, rate sampling interval: 10ms
  Thread calibration: mean lat.: 1.186ms, rate sampling interval: 10ms
  Thread calibration: mean lat.: 1.168ms, rate sampling interval: 10ms
  Thread calibration: mean lat.: 1.170ms, rate sampling interval: 10ms
  Thread calibration: mean lat.: 1.115ms, rate sampling interval: 10ms
  Thread calibration: mean lat.: 1.179ms, rate sampling interval: 10ms
  Thread calibration: mean lat.: 1.196ms, rate sampling interval: 10ms
  Thread calibration: mean lat.: 1.232ms, rate sampling interval: 10ms
  Thread calibration: mean lat.: 1.256ms, rate sampling interval: 10ms
  Thread calibration: mean lat.: 1.137ms, rate sampling interval: 10ms
  Thread calibration: mean lat.: 1.151ms, rate sampling interval: 10ms
  Thread calibration: mean lat.: 1.172ms, rate sampling interval: 10ms
  Thread calibration: mean lat.: 1.230ms, rate sampling interval: 10ms
  Thread calibration: mean lat.: 1.098ms, rate sampling interval: 10ms
  Thread calibration: mean lat.: 1.150ms, rate sampling interval: 10ms
  Thread Stats   Avg      Stdev     Max   +/- Stdev
    Latency     1.00ms    1.28ms  68.16ms   98.40%
    Req/Sec     1.98k   414.67     5.55k    71.41%
  Latency Distribution (HdrHistogram - Recorded Latency)
 50.000%    0.89ms
 75.000%    1.20ms
 90.000%    1.50ms
 99.000%    4.20ms
 99.900%   20.00ms
 99.990%   36.90ms
 99.999%   47.46ms
100.000%   68.22ms

  Detailed Percentile spectrum:
       Value   Percentile   TotalCount 1/(1-Percentile)

       0.054     0.000000            1         1.00
       0.334     0.100000      1775901         1.11
       0.491     0.200000      3545257         1.25
       0.630     0.300000      5311529         1.43
       0.763     0.400000      7090127         1.67
       0.888     0.500000      8849160         2.00
       0.950     0.550000      9736562         2.22
       1.012     0.600000     10620671         2.50
       1.074     0.650000     11503855         2.86
       1.137     0.700000     12396581         3.33
       1.204     0.750000     13279899         4.00
       1.240     0.775000     13724988         4.44
       1.278     0.800000     14161271         5.00
       1.321     0.825000     14601568         5.71
       1.371     0.850000     15044123         6.67
       1.430     0.875000     15488627         8.00
       1.464     0.887500     15710562         8.89
       1.501     0.900000     15927137        10.00
       1.544     0.912500     16151961        11.43
       1.592     0.925000     16370385        13.33
       1.649     0.937500     16593134        16.00
       1.681     0.943750     16702999        17.78
       1.717     0.950000     16813893        20.00
       1.758     0.956250     16924194        22.86
       1.806     0.962500     17033818        26.67
       1.866     0.968750     17143950        32.00
       1.903     0.971875     17199193        35.56
       1.948     0.975000     17254187        40.00
       2.006     0.978125     17309184        45.71
       2.097     0.981250     17364992        53.33
       2.335     0.984375     17419761        64.00
       2.649     0.985938     17447516        71.11
       3.133     0.987500     17475138        80.00
       3.757     0.989062     17502741        91.43
       4.531     0.990625     17530391       106.67
       5.543     0.992188     17558049       128.00
       6.143     0.992969     17571828       142.22
       6.803     0.993750     17585689       160.00
       7.559     0.994531     17599503       182.86
       8.551     0.995313     17613353       213.33
       9.847     0.996094     17627141       256.00
      10.631     0.996484     17634087       284.44
      11.351     0.996875     17640981       320.00
      12.279     0.997266     17647860       365.71
      13.447     0.997656     17654776       426.67
      14.783     0.998047     17661707       512.00
      15.479     0.998242     17665166       568.89
      16.247     0.998437     17668610       640.00
      17.279     0.998633     17672068       731.43
      18.591     0.998828     17675530       853.33
      20.207     0.999023     17678992      1024.00
      21.119     0.999121     17680692      1137.78
      22.159     0.999219     17682433      1280.00
      23.359     0.999316     17684172      1462.86
      24.639     0.999414     17685877      1706.67
      26.159     0.999512     17687614      2048.00
      26.991     0.999561     17688474      2275.56
      27.951     0.999609     17689342      2560.00
      28.943     0.999658     17690206      2925.71
      30.031     0.999707     17691067      3413.33
      31.343     0.999756     17691933      4096.00
      32.015     0.999780     17692369      4551.11
      32.751     0.999805     17692791      5120.00
      33.599     0.999829     17693223      5851.43
      34.623     0.999854     17693670      6826.67
      35.775     0.999878     17694093      8192.00
      36.351     0.999890     17694308      9102.22
      36.991     0.999902     17694520     10240.00
      37.727     0.999915     17694735     11702.86
      38.591     0.999927     17694951     13653.33
      39.487     0.999939     17695169     16384.00
      39.999     0.999945     17695275     18204.44
      40.607     0.999951     17695381     20480.00
      41.311     0.999957     17695490     23405.71
      42.111     0.999963     17695599     27306.67
      43.199     0.999969     17695705     32768.00
      43.807     0.999973     17695759     36408.89
      44.287     0.999976     17695814     40960.00
      44.831     0.999979     17695868     46811.43
      45.407     0.999982     17695921     54613.33
      46.079     0.999985     17695977     65536.00
      46.463     0.999986     17696002     72817.78
      46.815     0.999988     17696029     81920.00
      47.263     0.999989     17696056     93622.86
      47.807     0.999991     17696083    109226.67
      48.383     0.999992     17696111    131072.00
      48.735     0.999993     17696124    145635.56
      49.055     0.999994     17696137    163840.00
      49.663     0.999995     17696152    187245.71
      49.951     0.999995     17696165    218453.33
      50.623     0.999996     17696179    262144.00
      50.943     0.999997     17696185    291271.11
      51.199     0.999997     17696192    327680.00
      51.551     0.999997     17696200    374491.43
      51.903     0.999998     17696205    436906.67
      52.191     0.999998     17696212    524288.00
      52.447     0.999998     17696215    582542.22
      52.543     0.999998     17696218    655360.00
      52.767     0.999999     17696222    748982.86
      53.151     0.999999     17696225    873813.33
      53.695     0.999999     17696229   1048576.00
      54.687     0.999999     17696230   1165084.44
      54.751     0.999999     17696232   1310720.00
      55.231     0.999999     17696234   1497965.71
      55.551     0.999999     17696235   1747626.67
      56.543     1.000000     17696237   2097152.00
      56.959     1.000000     17696238   2330168.89
      57.183     1.000000     17696239   2621440.00
      57.407     1.000000     17696240   2995931.43
      57.407     1.000000     17696240   3495253.33
      58.943     1.000000     17696241   4194304.00
      60.127     1.000000     17696242   4660337.78
      60.127     1.000000     17696242   5242880.00
      60.223     1.000000     17696243   5991862.86
      60.223     1.000000     17696243   6990506.67
      60.223     1.000000     17696243   8388608.00
      65.919     1.000000     17696244   9320675.55
      65.919     1.000000     17696244  10485760.00
      65.919     1.000000     17696244  11983725.71
      65.919     1.000000     17696244  13981013.34
      65.919     1.000000     17696244  16777216.00
      68.223     1.000000     17696245  18641351.10
      68.223     1.000000     17696245          inf
#[Mean    =        1.002, StdDeviation   =        1.284]
#[Max     =       68.160, Total count    =     17696245]
#[Buckets =           27, SubBuckets     =         2048]
----------------------------------------------------------
  17996469 requests in 10.00m, 2.58GB read
Requests/sec:  29994.12
Transfer/sec:      4.41MB
