Running 10m test @ http://localhost:9999/math/plus?x=1&y=2
  16 threads and 400 connections
  Thread calibration: mean lat.: 1.505ms, rate sampling interval: 10ms
  Thread calibration: mean lat.: 1.443ms, rate sampling interval: 10ms
  Thread calibration: mean lat.: 1.430ms, rate sampling interval: 10ms
  Thread calibration: mean lat.: 1.464ms, rate sampling interval: 10ms
  Thread calibration: mean lat.: 1.465ms, rate sampling interval: 10ms
  Thread calibration: mean lat.: 1.503ms, rate sampling interval: 10ms
  Thread calibration: mean lat.: 1.511ms, rate sampling interval: 10ms
  Thread calibration: mean lat.: 1.538ms, rate sampling interval: 10ms
  Thread calibration: mean lat.: 1.434ms, rate sampling interval: 10ms
  Thread calibration: mean lat.: 1.494ms, rate sampling interval: 10ms
  Thread calibration: mean lat.: 1.477ms, rate sampling interval: 10ms
  Thread calibration: mean lat.: 1.464ms, rate sampling interval: 10ms
  Thread calibration: mean lat.: 1.471ms, rate sampling interval: 10ms
  Thread calibration: mean lat.: 1.655ms, rate sampling interval: 10ms
  Thread calibration: mean lat.: 1.473ms, rate sampling interval: 10ms
  Thread calibration: mean lat.: 1.551ms, rate sampling interval: 10ms
  Thread Stats   Avg      Stdev     Max   +/- Stdev
    Latency     1.25ms    1.95ms  66.30ms   96.68%
    Req/Sec     1.98k   407.80     6.22k    77.36%
  Latency Distribution (HdrHistogram - Recorded Latency)
 50.000%    0.98ms
 75.000%    1.32ms
 90.000%    1.68ms
 99.000%   10.81ms
 99.900%   25.36ms
 99.990%   37.50ms
 99.999%   48.13ms
100.000%   66.37ms

  Detailed Percentile spectrum:
       Value   Percentile   TotalCount 1/(1-Percentile)

       0.063     0.000000            1         1.00
       0.378     0.100000      1778008         1.11
       0.550     0.200000      3545510         1.25
       0.703     0.300000      5310610         1.43
       0.843     0.400000      7085994         1.67
       0.975     0.500000      8859562         2.00
       1.040     0.550000      9746072         2.22
       1.105     0.600000     10630160         2.50
       1.170     0.650000     11503810         2.86
       1.240     0.700000     12392989         3.33
       1.316     0.750000     13277772         4.00
       1.358     0.775000     13715457         4.44
       1.405     0.800000     14162137         5.00
       1.457     0.825000     14603321         5.71
       1.517     0.850000     15044448         6.67
       1.589     0.875000     15484509         8.00
       1.632     0.887500     15709187         8.89
       1.680     0.900000     15929101        10.00
       1.736     0.912500     16148570        11.43
       1.805     0.925000     16370194        13.33
       1.898     0.937500     16590583        16.00
       1.964     0.943750     16702196        17.78
       2.057     0.950000     16812934        20.00
       2.225     0.956250     16922439        22.86
       2.635     0.962500     17032836        26.67
       3.539     0.968750     17143363        32.00
       4.119     0.971875     17198830        35.56
       4.819     0.975000     17254027        40.00
       5.627     0.978125     17309319        45.71
       6.607     0.981250     17364515        53.33
       7.803     0.984375     17419714        64.00
       8.487     0.985938     17447400        71.11
       9.271     0.987500     17475001        80.00
      10.199     0.989062     17502835        91.43
      11.271     0.990625     17530509       106.67
      12.391     0.992188     17558109       128.00
      13.039     0.992969     17571874       142.22
      13.783     0.993750     17585667       160.00
      14.671     0.994531     17599547       182.86
      15.623     0.995313     17613357       213.33
      16.719     0.996094     17627154       256.00
      17.375     0.996484     17634088       284.44
      18.159     0.996875     17640926       320.00
      19.055     0.997266     17647858       365.71
      20.047     0.997656     17654796       426.67
      21.247     0.998047     17661669       512.00
      21.935     0.998242     17665170       568.89
      22.671     0.998437     17668579       640.00
      23.471     0.998633     17672033       731.43
      24.399     0.998828     17675464       853.33
      25.503     0.999023     17678962      1024.00
      26.095     0.999121     17680649      1137.78
      26.767     0.999219     17682402      1280.00
      27.583     0.999316     17684107      1462.86
      28.463     0.999414     17685835      1706.67
      29.455     0.999512     17687559      2048.00
      30.031     0.999561     17688434      2275.56
      30.671     0.999609     17689299      2560.00
      31.407     0.999658     17690156      2925.71
      32.239     0.999707     17691020      3413.33
      33.151     0.999756     17691883      4096.00
      33.663     0.999780     17692332      4551.11
      34.207     0.999805     17692743      5120.00
      34.879     0.999829     17693180      5851.43
      35.647     0.999854     17693614      6826.67
      36.543     0.999878     17694044      8192.00
      37.055     0.999890     17694254      9102.22
      37.663     0.999902     17694477     10240.00
      38.335     0.999915     17694688     11702.86
      39.007     0.999927     17694906     13653.33
      39.903     0.999939     17695128     16384.00
      40.383     0.999945     17695229     18204.44
      40.863     0.999951     17695334     20480.00
      41.535     0.999957     17695445     23405.71
      42.335     0.999963     17695553     27306.67
      43.135     0.999969     17695663     32768.00
      43.615     0.999973     17695715     36408.89
      44.031     0.999976     17695769     40960.00
      44.575     0.999979     17695821     46811.43
      45.183     0.999982     17695876     54613.33
      45.887     0.999985     17695929     65536.00
      46.495     0.999986     17695956     72817.78
      47.167     0.999988     17695983     81920.00
      47.839     0.999989     17696009     93622.86
      48.447     0.999991     17696037    109226.67
      49.375     0.999992     17696063    131072.00
      49.855     0.999993     17696077    145635.56
      50.111     0.999994     17696092    163840.00
      50.399     0.999995     17696104    187245.71
      51.135     0.999995     17696117    218453.33
      52.031     0.999996     17696132    262144.00
      52.383     0.999997     17696138    291271.11
      52.767     0.999997     17696144    327680.00
      53.439     0.999997     17696151    374491.43
      53.855     0.999998     17696158    436906.67
      54.239     0.999998     17696165    524288.00
      54.751     0.999998     17696168    582542.22
      54.975     0.999998     17696171    655360.00
      55.615     0.999999     17696175    748982.86
      56.287     0.999999     17696178    873813.33
      56.991     0.999999     17696182   1048576.00
      57.023     0.999999     17696183   1165084.44
      57.727     0.999999     17696185   1310720.00
      58.015     0.999999     17696187   1497965.71
      58.207     0.999999     17696189   1747626.67
      58.559     1.000000     17696190   2097152.00
      59.775     1.000000     17696191   2330168.89
      59.839     1.000000     17696192   2621440.00
      60.287     1.000000     17696193   2995931.43
      60.287     1.000000     17696193   3495253.33
      60.511     1.000000     17696194   4194304.00
      60.703     1.000000     17696195   4660337.78
      60.703     1.000000     17696195   5242880.00
      60.863     1.000000     17696196   5991862.86
      60.863     1.000000     17696196   6990506.67
      60.863     1.000000     17696196   8388608.00
      62.175     1.000000     17696197   9320675.55
      62.175     1.000000     17696197  10485760.00
      62.175     1.000000     17696197  11983725.71
      62.175     1.000000     17696197  13981013.34
      62.175     1.000000     17696197  16777216.00
      66.367     1.000000     17696198  18641351.10
      66.367     1.000000     17696198          inf
#[Mean    =        1.254, StdDeviation   =        1.949]
#[Max     =       66.304, Total count    =     17696198]
#[Buckets =           27, SubBuckets     =         2048]
----------------------------------------------------------
  17996415 requests in 10.00m, 2.58GB read
Requests/sec:  29994.03
Transfer/sec:      4.41MB
