Running 10m test @ http://localhost:9999/math/plus?x=1&y=2
  16 threads and 400 connections
  Thread calibration: mean lat.: 3.618ms, rate sampling interval: 14ms
  Thread calibration: mean lat.: 4.099ms, rate sampling interval: 15ms
  Thread calibration: mean lat.: 4.135ms, rate sampling interval: 13ms
  Thread calibration: mean lat.: 4.510ms, rate sampling interval: 15ms
  Thread calibration: mean lat.: 3.152ms, rate sampling interval: 11ms
  Thread calibration: mean lat.: 4.805ms, rate sampling interval: 16ms
  Thread calibration: mean lat.: 3.751ms, rate sampling interval: 14ms
  Thread calibration: mean lat.: 3.603ms, rate sampling interval: 14ms
  Thread calibration: mean lat.: 3.027ms, rate sampling interval: 13ms
  Thread calibration: mean lat.: 4.461ms, rate sampling interval: 16ms
  Thread calibration: mean lat.: 3.678ms, rate sampling interval: 14ms
  Thread calibration: mean lat.: 3.523ms, rate sampling interval: 13ms
  Thread calibration: mean lat.: 4.278ms, rate sampling interval: 15ms
  Thread calibration: mean lat.: 3.488ms, rate sampling interval: 13ms
  Thread calibration: mean lat.: 3.126ms, rate sampling interval: 10ms
  Thread calibration: mean lat.: 3.672ms, rate sampling interval: 14ms
  Thread Stats   Avg      Stdev     Max   +/- Stdev
    Latency     3.63ms    2.51ms  36.19ms   71.90%
    Req/Sec   649.45    593.43     2.78k    70.02%
  Latency Distribution (HdrHistogram - Recorded Latency)
 50.000%    3.04ms
 75.000%    5.05ms
 90.000%    7.09ms
 99.000%   11.26ms
 99.900%   16.61ms
 99.990%   23.18ms
 99.999%   28.64ms
100.000%   36.22ms

  Detailed Percentile spectrum:
       Value   Percentile   TotalCount 1/(1-Percentile)

       0.072     0.000000            1         1.00
       1.009     0.100000       590425         1.11
       1.438     0.200000      1180870         1.25
       1.892     0.300000      1770265         1.43
       2.423     0.400000      2360168         1.67
       3.043     0.500000      2950278         2.00
       3.381     0.550000      3244380         2.22
       3.747     0.600000      3540729         2.50
       4.139     0.650000      3836691         2.86
       4.567     0.700000      4130486         3.33
       5.051     0.750000      4425951         4.00
       5.315     0.775000      4572613         4.44
       5.599     0.800000      4720262         5.00
       5.907     0.825000      4867227         5.71
       6.251     0.850000      5015570         6.67
       6.635     0.875000      5161991         8.00
       6.855     0.887500      5235842         8.89
       7.091     0.900000      5309295        10.00
       7.351     0.912500      5383191        11.43
       7.635     0.925000      5456644        13.33
       7.947     0.937500      5530133        16.00
       8.127     0.943750      5567568        17.78
       8.327     0.950000      5604805        20.00
       8.551     0.956250      5641491        22.86
       8.807     0.962500      5677743        26.67
       9.119     0.968750      5715259        32.00
       9.287     0.971875      5733103        35.56
       9.487     0.975000      5751793        40.00
       9.711     0.978125      5769976        45.71
       9.983     0.981250      5788631        53.33
      10.319     0.984375      5806849        64.00
      10.527     0.985938      5815840        71.11
      10.775     0.987500      5825149        80.00
      11.063     0.989062      5834410        91.43
      11.391     0.990625      5843628       106.67
      11.743     0.992188      5852859       128.00
      11.935     0.992969      5857483       142.22
      12.151     0.993750      5861930       160.00
      12.415     0.994531      5866622       182.86
      12.727     0.995313      5871225       213.33
      13.103     0.996094      5875822       256.00
      13.319     0.996484      5878073       284.44
      13.591     0.996875      5880403       320.00
      13.887     0.997266      5882702       365.71
      14.263     0.997656      5884975       426.67
      14.727     0.998047      5887286       512.00
      15.023     0.998242      5888439       568.89
      15.343     0.998437      5889568       640.00
      15.711     0.998633      5890732       731.43
      16.127     0.998828      5891872       853.33
      16.671     0.999023      5893049      1024.00
      16.975     0.999121      5893610      1137.78
      17.375     0.999219      5894193      1280.00
      17.855     0.999316      5894752      1462.86
      18.383     0.999414      5895329      1706.67
      18.991     0.999512      5895910      2048.00
      19.311     0.999561      5896195      2275.56
      19.663     0.999609      5896492      2560.00
      19.983     0.999658      5896776      2925.71
      20.335     0.999707      5897065      3413.33
      20.847     0.999756      5897345      4096.00
      21.151     0.999780      5897488      4551.11
      21.471     0.999805      5897636      5120.00
      21.823     0.999829      5897781      5851.43
      22.207     0.999854      5897921      6826.67
      22.735     0.999878      5898065      8192.00
      22.975     0.999890      5898136      9102.22
      23.231     0.999902      5898209     10240.00
      23.631     0.999915      5898283     11702.86
      24.111     0.999927      5898354     13653.33
      24.575     0.999939      5898426     16384.00
      24.847     0.999945      5898462     18204.44
      25.039     0.999951      5898497     20480.00
      25.359     0.999957      5898532     23405.71
      25.727     0.999963      5898568     27306.67
      26.143     0.999969      5898604     32768.00
      26.399     0.999973      5898622     36408.89
      26.623     0.999976      5898640     40960.00
      26.975     0.999979      5898658     46811.43
      27.423     0.999982      5898676     54613.33
      27.711     0.999985      5898694     65536.00
      27.935     0.999986      5898703     72817.78
      28.191     0.999988      5898713     81920.00
      28.511     0.999989      5898721     93622.86
      28.911     0.999991      5898730    109226.67
      29.839     0.999992      5898739    131072.00
      30.063     0.999993      5898744    145635.56
      30.367     0.999994      5898748    163840.00
      31.023     0.999995      5898754    187245.71
      31.583     0.999995      5898757    218453.33
      32.047     0.999996      5898762    262144.00
      32.287     0.999997      5898764    291271.11
      32.399     0.999997      5898766    327680.00
      33.759     0.999997      5898769    374491.43
      34.015     0.999998      5898772    436906.67
      34.175     0.999998      5898774    524288.00
      34.175     0.999998      5898774    582542.22
      34.399     0.999998      5898776    655360.00
      34.655     0.999999      5898777    748982.86
      34.815     0.999999      5898778    873813.33
      34.879     0.999999      5898779   1048576.00
      34.879     0.999999      5898779   1165084.44
      34.975     0.999999      5898780   1310720.00
      35.071     0.999999      5898781   1497965.71
      35.071     0.999999      5898781   1747626.67
      35.167     1.000000      5898782   2097152.00
      35.167     1.000000      5898782   2330168.89
      35.167     1.000000      5898782   2621440.00
      35.583     1.000000      5898783   2995931.43
      35.583     1.000000      5898783   3495253.33
      35.583     1.000000      5898783   4194304.00
      35.583     1.000000      5898783   4660337.78
      35.583     1.000000      5898783   5242880.00
      36.223     1.000000      5898784   5991862.86
      36.223     1.000000      5898784          inf
#[Mean    =        3.626, StdDeviation   =        2.506]
#[Max     =       36.192, Total count    =      5898784]
#[Buckets =           27, SubBuckets     =         2048]
----------------------------------------------------------
  5999255 requests in 10.00m, 0.86GB read
Requests/sec:   9998.73
Transfer/sec:      1.47MB
