Running 10m test @ http://localhost:9999/math/plus?x=1&y=2
  16 threads and 400 connections
  Thread calibration: mean lat.: 2.589ms, rate sampling interval: 10ms
  Thread calibration: mean lat.: 2.891ms, rate sampling interval: 10ms
  Thread calibration: mean lat.: 2.830ms, rate sampling interval: 10ms
  Thread calibration: mean lat.: 2.732ms, rate sampling interval: 10ms
  Thread calibration: mean lat.: 3.317ms, rate sampling interval: 10ms
  Thread calibration: mean lat.: 2.787ms, rate sampling interval: 10ms
  Thread calibration: mean lat.: 2.736ms, rate sampling interval: 10ms
  Thread calibration: mean lat.: 3.067ms, rate sampling interval: 10ms
  Thread calibration: mean lat.: 2.689ms, rate sampling interval: 10ms
  Thread calibration: mean lat.: 1.779ms, rate sampling interval: 10ms
  Thread calibration: mean lat.: 2.880ms, rate sampling interval: 10ms
  Thread calibration: mean lat.: 3.028ms, rate sampling interval: 10ms
  Thread calibration: mean lat.: 2.971ms, rate sampling interval: 10ms
  Thread calibration: mean lat.: 3.190ms, rate sampling interval: 10ms
  Thread calibration: mean lat.: 3.250ms, rate sampling interval: 10ms
  Thread calibration: mean lat.: 2.905ms, rate sampling interval: 10ms
  Thread Stats   Avg      Stdev     Max   +/- Stdev
    Latency     4.84s    15.62s    4.54m    91.22%
    Req/Sec     3.90k   711.27    17.44k    79.99%
  Latency Distribution (HdrHistogram - Recorded Latency)
 50.000%   17.28ms
 75.000%  116.03ms
 90.000%   14.98s 
 99.000%    1.11m 
 99.900%    2.58m 
 99.990%    4.19m 
 99.999%    4.51m 
100.000%    4.54m 

  Detailed Percentile spectrum:
       Value   Percentile   TotalCount 1/(1-Percentile)

       0.086     0.000000            1         1.00
       1.557     0.100000      3468571         1.11
       2.751     0.200000      6931864         1.25
       4.743     0.300000     10400143         1.43
       8.687     0.400000     13860715         1.67
      17.279     0.500000     17326712         2.00
      24.415     0.550000     19059706         2.22
      34.879     0.600000     20791986         2.50
      50.623     0.650000     22525091         2.86
      74.879     0.700000     24255925         3.33
     116.031     0.750000     25988054         4.00
     151.807     0.775000     26855217         4.44
     216.703     0.800000     27720698         5.00
     386.815     0.825000     28587099         5.71
     894.463     0.850000     29453590         6.67
    5365.759     0.875000     30319559         8.00
   10059.775     0.887500     30752525         8.89
   14983.167     0.900000     31186053        10.00
   20627.455     0.912500     31619920        11.43
   28360.703     0.925000     32052354        13.33
   35192.831     0.937500     32487879        16.00
   38600.703     0.943750     32702845        17.78
   42172.415     0.950000     32918868        20.00
   45711.359     0.956250     33135760        22.86
   48922.623     0.962500     33352757        26.67
   52396.031     0.968750     33567986        32.00
   54263.807     0.971875     33676168        35.56
   56098.815     0.975000     33786282        40.00
   57868.287     0.978125     33892827        45.71
   59768.831     0.981250     34001467        53.33
   61734.911     0.984375     34110071        64.00
   62783.487     0.985938     34163591        71.11
   64061.439     0.987500     34217979        80.00
   65634.303     0.989062     34272253        91.43
   67567.615     0.990625     34326175       106.67
   69992.447     0.992188     34380704       128.00
   71434.239     0.992969     34408137       142.22
   73203.711     0.993750     34434738       160.00
   75431.935     0.994531     34461743       182.86
   78315.519     0.995313     34488608       213.33
   81788.927     0.996094     34515551       256.00
   84475.903     0.996484     34529236       284.44
   87425.023     0.996875     34542434       320.00
   92078.079     0.997266     34555965       365.71
   97910.783     0.997656     34569540       426.67
  104660.991     0.998047     34583066       512.00
  111869.951     0.998242     34589813       568.89
  120455.167     0.998437     34596562       640.00
  128450.559     0.998633     34603340       731.43
  139460.607     0.998828     34610133       853.33
  156631.039     0.999023     34616866      1024.00
  165412.863     0.999121     34620284      1137.78
  173932.543     0.999219     34623651      1280.00
  182190.079     0.999316     34627024      1462.86
  192020.479     0.999414     34630407      1706.67
  201064.447     0.999512     34633790      2048.00
  205520.895     0.999561     34635487      2275.56
  209715.199     0.999609     34637175      2560.00
  214040.575     0.999658     34638899      2925.71
  218365.951     0.999707     34640576      3413.33
  222560.255     0.999756     34642265      4096.00
  224657.407     0.999780     34643129      4551.11
  230293.503     0.999805     34643948      5120.00
  236584.959     0.999829     34644785      5851.43
  241696.767     0.999854     34645637      6826.67
  247201.791     0.999878     34646498      8192.00
  249692.159     0.999890     34646922      9102.22
  252182.527     0.999902     34647330     10240.00
  254541.823     0.999915     34647749     11702.86
  256770.047     0.999927     34648175     13653.33
  259653.631     0.999939     34648619     16384.00
  260571.135     0.999945     34648808     18204.44
  262012.927     0.999951     34649024     20480.00
  263585.791     0.999957     34649242     23405.71
  264896.511     0.999963     34649449     27306.67
  266076.159     0.999969     34649664     32768.00
  266600.447     0.999973     34649755     36408.89
  267255.807     0.999976     34649862     40960.00
  268173.311     0.999979     34649978     46811.43
  268697.599     0.999982     34650076     54613.33
  269484.031     0.999985     34650223     65536.00
  269746.175     0.999986     34650268     72817.78
  270008.319     0.999988     34650294     81920.00
  270270.463     0.999989     34650340     93622.86
  270794.751     0.999991     34650415    109226.67
  271056.895     0.999992     34650454    131072.00
  271319.039     0.999993     34650502    145635.56
  271319.039     0.999994     34650502    163840.00
  271581.183     0.999995     34650532    187245.71
  271843.327     0.999995     34650573    218453.33
  271843.327     0.999996     34650573    262144.00
  272105.471     0.999997     34650627    291271.11
  272105.471     0.999997     34650627    327680.00
  272105.471     0.999997     34650627    374491.43
  272105.471     0.999998     34650627    436906.67
  272367.615     0.999998     34650689    524288.00
  272367.615     0.999998     34650689    582542.22
  272367.615     0.999998     34650689    655360.00
  272367.615     0.999999     34650689    748982.86
  272367.615     0.999999     34650689    873813.33
  272367.615     0.999999     34650689   1048576.00
  272367.615     0.999999     34650689   1165084.44
  272367.615     0.999999     34650689   1310720.00
  272367.615     0.999999     34650689   1497965.71
  272367.615     0.999999     34650689   1747626.67
  272367.615     1.000000     34650689   2097152.00
  272367.615     1.000000     34650689   2330168.89
  272629.759     1.000000     34650703   2621440.00
  272629.759     1.000000     34650703          inf
#[Mean    =     4837.627, StdDeviation   =    15615.222]
#[Max     =   272367.616, Total count    =     34650703]
#[Buckets =           27, SubBuckets     =         2048]
----------------------------------------------------------
  35250261 requests in 10.00m, 5.06GB read
Requests/sec:  58750.65
Transfer/sec:      8.63MB
