Running 10m test @ http://localhost:9999/math/plus?x=1&y=2
  16 threads and 400 connections
  Thread calibration: mean lat.: 1.410ms, rate sampling interval: 10ms
  Thread calibration: mean lat.: 1.444ms, rate sampling interval: 10ms
  Thread calibration: mean lat.: 1.419ms, rate sampling interval: 10ms
  Thread calibration: mean lat.: 1.465ms, rate sampling interval: 10ms
  Thread calibration: mean lat.: 1.212ms, rate sampling interval: 10ms
  Thread calibration: mean lat.: 1.297ms, rate sampling interval: 10ms
  Thread calibration: mean lat.: 1.352ms, rate sampling interval: 10ms
  Thread calibration: mean lat.: 1.576ms, rate sampling interval: 10ms
  Thread calibration: mean lat.: 1.481ms, rate sampling interval: 10ms
  Thread calibration: mean lat.: 1.465ms, rate sampling interval: 10ms
  Thread calibration: mean lat.: 1.483ms, rate sampling interval: 10ms
  Thread calibration: mean lat.: 1.886ms, rate sampling interval: 10ms
  Thread calibration: mean lat.: 1.380ms, rate sampling interval: 10ms
  Thread calibration: mean lat.: 1.881ms, rate sampling interval: 10ms
  Thread calibration: mean lat.: 1.598ms, rate sampling interval: 10ms
  Thread calibration: mean lat.: 1.571ms, rate sampling interval: 10ms
  Thread Stats   Avg      Stdev     Max   +/- Stdev
    Latency     1.46ms  803.23us  31.38ms   73.98%
    Req/Sec   658.31    712.07     2.78k    89.12%
  Latency Distribution (HdrHistogram - Recorded Latency)
 50.000%    1.32ms
 75.000%    1.87ms
 90.000%    2.44ms
 99.000%    3.81ms
 99.900%    6.27ms
 99.990%   15.59ms
 99.999%   23.12ms
100.000%   31.39ms

  Detailed Percentile spectrum:
       Value   Percentile   TotalCount 1/(1-Percentile)

       0.063     0.000000            1         1.00
       0.596     0.100000       591227         1.11
       0.807     0.200000      1182318         1.25
       0.990     0.300000      1771745         1.43
       1.158     0.400000      2360346         1.67
       1.324     0.500000      2952458         2.00
       1.411     0.550000      3247039         2.22
       1.507     0.600000      3541744         2.50
       1.614     0.650000      3834185         2.86
       1.733     0.700000      4130600         3.33
       1.866     0.750000      4425550         4.00
       1.939     0.775000      4573221         4.44
       2.017     0.800000      4719311         5.00
       2.103     0.825000      4866670         5.71
       2.199     0.850000      5014439         6.67
       2.309     0.875000      5161662         8.00
       2.373     0.887500      5237024         8.89
       2.441     0.900000      5308998        10.00
       2.521     0.912500      5383213        11.43
       2.611     0.925000      5456275        13.33
       2.719     0.937500      5529996        16.00
       2.781     0.943750      5566921        17.78
       2.851     0.950000      5604133        20.00
       2.929     0.956250      5641116        22.86
       3.017     0.962500      5677935        26.67
       3.123     0.968750      5714878        32.00
       3.185     0.971875      5733157        35.56
       3.253     0.975000      5751510        40.00
       3.331     0.978125      5769813        45.71
       3.421     0.981250      5788012        53.33
       3.531     0.984375      5806613        64.00
       3.595     0.985938      5815689        71.11
       3.667     0.987500      5824868        80.00
       3.751     0.989062      5834088        91.43
       3.855     0.990625      5843414       106.67
       3.973     0.992188      5852631       128.00
       4.039     0.992969      5857137       142.22
       4.119     0.993750      5861892       160.00
       4.203     0.994531      5866343       182.86
       4.307     0.995313      5870996       213.33
       4.431     0.996094      5875572       256.00
       4.511     0.996484      5877902       284.44
       4.603     0.996875      5880220       320.00
       4.707     0.997266      5882533       365.71
       4.831     0.997656      5884777       426.67
       5.003     0.998047      5887077       512.00
       5.127     0.998242      5888240       568.89
       5.279     0.998437      5889387       640.00
       5.495     0.998633      5890540       731.43
       5.803     0.998828      5891693       853.33
       6.347     0.999023      5892842      1024.00
       6.675     0.999121      5893413      1137.78
       7.071     0.999219      5893989      1280.00
       7.527     0.999316      5894566      1462.86
       7.947     0.999414      5895138      1706.67
       8.375     0.999512      5895719      2048.00
       8.687     0.999561      5896003      2275.56
       9.087     0.999609      5896290      2560.00
       9.631     0.999658      5896580      2925.71
      10.295     0.999707      5896866      3413.33
      11.239     0.999756      5897154      4096.00
      11.775     0.999780      5897298      4551.11
      12.327     0.999805      5897442      5120.00
      13.007     0.999829      5897586      5851.43
      13.823     0.999854      5897730      6826.67
      14.663     0.999878      5897876      8192.00
      15.103     0.999890      5897946      9102.22
      15.703     0.999902      5898018     10240.00
      16.231     0.999915      5898090     11702.86
      16.751     0.999927      5898163     13653.33
      17.391     0.999939      5898236     16384.00
      17.855     0.999945      5898272     18204.44
      18.223     0.999951      5898308     20480.00
      18.767     0.999957      5898343     23405.71
      19.423     0.999963      5898379     27306.67
      20.207     0.999969      5898414     32768.00
      20.431     0.999973      5898432     36408.89
      20.799     0.999976      5898451     40960.00
      21.199     0.999979      5898468     46811.43
      21.663     0.999982      5898486     54613.33
      22.159     0.999985      5898504     65536.00
      22.463     0.999986      5898513     72817.78
      22.767     0.999988      5898522     81920.00
      22.991     0.999989      5898531     93622.86
      23.391     0.999991      5898540    109226.67
      24.079     0.999992      5898549    131072.00
      24.271     0.999993      5898554    145635.56
      24.495     0.999994      5898558    163840.00
      24.799     0.999995      5898563    187245.71
      25.151     0.999995      5898567    218453.33
      25.391     0.999996      5898572    262144.00
      25.519     0.999997      5898574    291271.11
      25.599     0.999997      5898576    327680.00
      26.191     0.999997      5898579    374491.43
      26.527     0.999998      5898581    436906.67
      26.623     0.999998      5898583    524288.00
      26.943     0.999998      5898584    582542.22
      27.455     0.999998      5898585    655360.00
      27.711     0.999999      5898587    748982.86
      28.191     0.999999      5898588    873813.33
      28.431     0.999999      5898589   1048576.00
      28.431     0.999999      5898589   1165084.44
      29.135     0.999999      5898590   1310720.00
      30.143     0.999999      5898591   1497965.71
      30.143     0.999999      5898591   1747626.67
      30.559     1.000000      5898592   2097152.00
      30.559     1.000000      5898592   2330168.89
      30.559     1.000000      5898592   2621440.00
      31.327     1.000000      5898593   2995931.43
      31.327     1.000000      5898593   3495253.33
      31.327     1.000000      5898593   4194304.00
      31.327     1.000000      5898593   4660337.78
      31.327     1.000000      5898593   5242880.00
      31.391     1.000000      5898594   5991862.86
      31.391     1.000000      5898594          inf
#[Mean    =        1.456, StdDeviation   =        0.803]
#[Max     =       31.376, Total count    =      5898594]
#[Buckets =           27, SubBuckets     =         2048]
----------------------------------------------------------
  5996504 requests in 10.00m, 0.86GB read
Requests/sec:   9994.03
Transfer/sec:      1.47MB
