Running 10m test @ http://localhost:9999/math/plus?x=1&y=2
  16 threads and 400 connections
  Thread calibration: mean lat.: 2.967ms, rate sampling interval: 12ms
  Thread calibration: mean lat.: 2.968ms, rate sampling interval: 12ms
  Thread calibration: mean lat.: 3.063ms, rate sampling interval: 12ms
  Thread calibration: mean lat.: 3.144ms, rate sampling interval: 12ms
  Thread calibration: mean lat.: 2.761ms, rate sampling interval: 11ms
  Thread calibration: mean lat.: 3.251ms, rate sampling interval: 13ms
  Thread calibration: mean lat.: 3.012ms, rate sampling interval: 11ms
  Thread calibration: mean lat.: 3.221ms, rate sampling interval: 13ms
  Thread calibration: mean lat.: 3.061ms, rate sampling interval: 12ms
  Thread calibration: mean lat.: 2.900ms, rate sampling interval: 11ms
  Thread calibration: mean lat.: 3.125ms, rate sampling interval: 13ms
  Thread calibration: mean lat.: 3.021ms, rate sampling interval: 12ms
  Thread calibration: mean lat.: 3.202ms, rate sampling interval: 13ms
  Thread calibration: mean lat.: 3.162ms, rate sampling interval: 12ms
  Thread calibration: mean lat.: 3.202ms, rate sampling interval: 12ms
  Thread calibration: mean lat.: 2.775ms, rate sampling interval: 10ms
  Thread Stats   Avg      Stdev     Max   +/- Stdev
    Latency     3.00ms    2.25ms  41.18ms   77.14%
    Req/Sec   653.53    572.61     2.78k    71.79%
  Latency Distribution (HdrHistogram - Recorded Latency)
 50.000%    2.35ms
 75.000%    4.14ms
 90.000%    6.05ms
 99.000%   10.26ms
 99.900%   15.98ms
 99.990%   23.66ms
 99.999%   31.52ms
100.000%   41.22ms

  Detailed Percentile spectrum:
       Value   Percentile   TotalCount 1/(1-Percentile)

       0.081     0.000000            1         1.00
       0.833     0.100000       590604         1.11
       1.170     0.200000      1179795         1.25
       1.482     0.300000      1770896         1.43
       1.858     0.400000      2359939         1.67
       2.347     0.500000      2949503         2.00
       2.633     0.550000      3245218         2.22
       2.947     0.600000      3540319         2.50
       3.299     0.650000      3835033         2.86
       3.689     0.700000      4129636         3.33
       4.139     0.750000      4425568         4.00
       4.383     0.775000      4571947         4.44
       4.651     0.800000      4720144         5.00
       4.943     0.825000      4867138         5.71
       5.267     0.850000      5015422         6.67
       5.627     0.875000      5161378         8.00
       5.831     0.887500      5236038         8.89
       6.051     0.900000      5309247        10.00
       6.295     0.912500      5382867        11.43
       6.571     0.925000      5456761        13.33
       6.895     0.937500      5530792        16.00
       7.075     0.943750      5567064        17.78
       7.279     0.950000      5603942        20.00
       7.515     0.956250      5641121        22.86
       7.783     0.962500      5677581        26.67
       8.103     0.968750      5714370        32.00
       8.295     0.971875      5733185        35.56
       8.511     0.975000      5751554        40.00
       8.759     0.978125      5769691        45.71
       9.055     0.981250      5788320        53.33
       9.399     0.984375      5806663        64.00
       9.599     0.985938      5815854        71.11
       9.823     0.987500      5824993        80.00
      10.079     0.989062      5834169        91.43
      10.375     0.990625      5843367       106.67
      10.735     0.992188      5852629       128.00
      10.951     0.992969      5857319       142.22
      11.199     0.993750      5861929       160.00
      11.479     0.994531      5866457       182.86
      11.831     0.995313      5871075       213.33
      12.231     0.996094      5875648       256.00
      12.479     0.996484      5877925       284.44
      12.783     0.996875      5880254       320.00
      13.119     0.997266      5882530       365.71
      13.527     0.997656      5884857       426.67
      14.039     0.998047      5887153       512.00
      14.335     0.998242      5888291       568.89
      14.679     0.998437      5889444       640.00
      15.079     0.998633      5890596       731.43
      15.511     0.998828      5891747       853.33
      16.047     0.999023      5892898      1024.00
      16.367     0.999121      5893479      1137.78
      16.703     0.999219      5894077      1280.00
      17.087     0.999316      5894638      1462.86
      17.599     0.999414      5895208      1706.67
      18.239     0.999512      5895779      2048.00
      18.639     0.999561      5896068      2275.56
      19.007     0.999609      5896368      2560.00
      19.487     0.999658      5896642      2925.71
      19.983     0.999707      5896931      3413.33
      20.575     0.999756      5897220      4096.00
      20.927     0.999780      5897366      4551.11
      21.375     0.999805      5897509      5120.00
      21.887     0.999829      5897655      5851.43
      22.351     0.999854      5897800      6826.67
      22.975     0.999878      5897938      8192.00
      23.327     0.999890      5898011      9102.22
      23.727     0.999902      5898082     10240.00
      24.207     0.999915      5898154     11702.86
      24.831     0.999927      5898227     13653.33
      25.327     0.999939      5898299     16384.00
      25.727     0.999945      5898334     18204.44
      26.239     0.999951      5898370     20480.00
      26.815     0.999957      5898408     23405.71
      27.439     0.999963      5898442     27306.67
      27.983     0.999969      5898479     32768.00
      28.303     0.999973      5898499     36408.89
      28.687     0.999976      5898514     40960.00
      29.199     0.999979      5898532     46811.43
      29.567     0.999982      5898550     54613.33
      30.255     0.999985      5898568     65536.00
      30.495     0.999986      5898577     72817.78
      30.911     0.999988      5898586     81920.00
      31.455     0.999989      5898596     93622.86
      31.695     0.999991      5898604    109226.67
      32.191     0.999992      5898614    131072.00
      32.447     0.999993      5898619    145635.56
      32.511     0.999994      5898623    163840.00
      32.703     0.999995      5898627    187245.71
      33.791     0.999995      5898631    218453.33
      33.983     0.999996      5898636    262144.00
      34.047     0.999997      5898638    291271.11
      34.239     0.999997      5898640    327680.00
      34.751     0.999997      5898643    374491.43
      34.815     0.999998      5898645    436906.67
      35.135     0.999998      5898647    524288.00
      35.199     0.999998      5898648    582542.22
      35.263     0.999998      5898649    655360.00
      35.807     0.999999      5898651    748982.86
      36.287     0.999999      5898652    873813.33
      36.639     0.999999      5898653   1048576.00
      36.639     0.999999      5898653   1165084.44
      36.863     0.999999      5898654   1310720.00
      36.991     0.999999      5898655   1497965.71
      36.991     0.999999      5898655   1747626.67
      37.439     1.000000      5898656   2097152.00
      37.439     1.000000      5898656   2330168.89
      37.439     1.000000      5898656   2621440.00
      38.335     1.000000      5898657   2995931.43
      38.335     1.000000      5898657   3495253.33
      38.335     1.000000      5898657   4194304.00
      38.335     1.000000      5898657   4660337.78
      38.335     1.000000      5898657   5242880.00
      41.215     1.000000      5898658   5991862.86
      41.215     1.000000      5898658          inf
#[Mean    =        2.998, StdDeviation   =        2.250]
#[Max     =       41.184, Total count    =      5898658]
#[Buckets =           27, SubBuckets     =         2048]
----------------------------------------------------------
  5998353 requests in 10.00m, 0.86GB read
Requests/sec:   9997.23
Transfer/sec:      1.47MB
