Running 10m test @ http://localhost:9999/math/plus?x=1&y=2
  16 threads and 400 connections
  Thread calibration: mean lat.: 1.026ms, rate sampling interval: 10ms
  Thread calibration: mean lat.: 0.972ms, rate sampling interval: 10ms
  Thread calibration: mean lat.: 1.026ms, rate sampling interval: 10ms
  Thread calibration: mean lat.: 0.962ms, rate sampling interval: 10ms
  Thread calibration: mean lat.: 1.060ms, rate sampling interval: 10ms
  Thread calibration: mean lat.: 0.992ms, rate sampling interval: 10ms
  Thread calibration: mean lat.: 1.046ms, rate sampling interval: 10ms
  Thread calibration: mean lat.: 1.039ms, rate sampling interval: 10ms
  Thread calibration: mean lat.: 1.031ms, rate sampling interval: 10ms
  Thread calibration: mean lat.: 1.033ms, rate sampling interval: 10ms
  Thread calibration: mean lat.: 1.048ms, rate sampling interval: 10ms
  Thread calibration: mean lat.: 1.039ms, rate sampling interval: 10ms
  Thread calibration: mean lat.: 1.051ms, rate sampling interval: 10ms
  Thread calibration: mean lat.: 1.058ms, rate sampling interval: 10ms
  Thread calibration: mean lat.: 1.074ms, rate sampling interval: 10ms
  Thread calibration: mean lat.: 1.038ms, rate sampling interval: 10ms
  Thread Stats   Avg      Stdev     Max   +/- Stdev
    Latency     1.12ms    8.47ms   1.00s    99.73%
    Req/Sec     3.29k   430.35     9.22k    78.40%
  Latency Distribution (HdrHistogram - Recorded Latency)
 50.000%    0.93ms
 75.000%    1.28ms
 90.000%    1.60ms
 99.000%    3.55ms
 99.900%   13.87ms
 99.990%  531.46ms
 99.999%  955.39ms
100.000%    1.00s 

  Detailed Percentile spectrum:
       Value   Percentile   TotalCount 1/(1-Percentile)

       0.050     0.000000            1         1.00
       0.343     0.100000      2958279         1.11
       0.512     0.200000      5914080         1.25
       0.658     0.300000      8853814         1.43
       0.797     0.400000     11805010         1.67
       0.932     0.500000     14756325         2.00
       0.999     0.550000     16226375         2.22
       1.066     0.600000     17700455         2.50
       1.134     0.650000     19174898         2.86
       1.205     0.700000     20664181         3.33
       1.279     0.750000     22132320         4.00
       1.319     0.775000     22868182         4.44
       1.362     0.800000     23600704         5.00
       1.409     0.825000     24333034         5.71
       1.463     0.850000     25081730         6.67
       1.524     0.875000     25813907         8.00
       1.559     0.887500     26182507         8.89
       1.597     0.900000     26549545        10.00
       1.639     0.912500     26915258        11.43
       1.687     0.925000     27282186        13.33
       1.744     0.937500     27655913        16.00
       1.776     0.943750     27838946        17.78
       1.812     0.950000     28022571        20.00
       1.853     0.956250     28207536        22.86
       1.901     0.962500     28391022        26.67
       1.960     0.968750     28573026        32.00
       1.998     0.971875     28666209        35.56
       2.044     0.975000     28757267        40.00
       2.107     0.978125     28849175        45.71
       2.203     0.981250     28940931        53.33
       2.385     0.984375     29032912        64.00
       2.549     0.985938     29078971        71.11
       2.813     0.987500     29125152        80.00
       3.223     0.989062     29171301        91.43
       3.791     0.990625     29217289       106.67
       4.499     0.992188     29263307       128.00
       4.979     0.992969     29286469       142.22
       5.563     0.993750     29309440       160.00
       6.251     0.994531     29332518       182.86
       7.039     0.995313     29355563       213.33
       7.899     0.996094     29378606       256.00
       8.319     0.996484     29390082       284.44
       8.847     0.996875     29401643       320.00
       9.495     0.997266     29413100       365.71
      10.247     0.997656     29424667       426.67
      11.103     0.998047     29436178       512.00
      11.599     0.998242     29441873       568.89
      12.023     0.998437     29447761       640.00
      12.487     0.998633     29453389       731.43
      13.167     0.998828     29459167       853.33
      13.983     0.999023     29464936      1024.00
      14.415     0.999121     29467824      1137.78
      14.991     0.999219     29470692      1280.00
      15.583     0.999316     29473558      1462.86
      16.247     0.999414     29476436      1706.67
      17.375     0.999512     29479332      2048.00
      18.255     0.999561     29480760      2275.56
      19.599     0.999609     29482198      2560.00
      21.679     0.999658     29483637      2925.71
      25.119     0.999707     29485074      3413.33
      31.199     0.999756     29486513      4096.00
      36.415     0.999780     29487235      4551.11
      79.551     0.999805     29487952      5120.00
     195.327     0.999829     29488673      5851.43
     311.295     0.999854     29489398      6826.67
     426.495     0.999878     29490112      8192.00
     483.327     0.999890     29490472      9102.22
     543.231     0.999902     29490836     10240.00
     599.551     0.999915     29491197     11702.86
     656.383     0.999927     29491553     13653.33
     714.751     0.999939     29491913     16384.00
     743.423     0.999945     29492098     18204.44
     771.583     0.999951     29492276     20480.00
     799.743     0.999957     29492452     23405.71
     830.463     0.999963     29492635     27306.67
     858.623     0.999969     29492814     32768.00
     871.935     0.999973     29492902     36408.89
     886.783     0.999976     29492994     40960.00
     901.631     0.999979     29493083     46811.43
     915.455     0.999982     29493175     54613.33
     930.815     0.999985     29493270     65536.00
     937.983     0.999986     29493308     72817.78
     944.127     0.999988     29493352     81920.00
     951.807     0.999989     29493400     93622.86
     959.487     0.999991     29493447    109226.67
     967.167     0.999992     29493491    131072.00
     971.263     0.999993     29493514    145635.56
     974.847     0.999994     29493532    163840.00
     978.431     0.999995     29493555    187245.71
     982.015     0.999995     29493577    218453.33
     985.087     0.999996     29493602    262144.00
     986.623     0.999997     29493612    291271.11
     987.135     0.999997     29493622    327680.00
     990.719     0.999997     29493640    374491.43
     991.231     0.999998     29493648    436906.67
     993.791     0.999998     29493657    524288.00
     995.327     0.999998     29493671    582542.22
     995.327     0.999998     29493671    655360.00
     995.839     0.999999     29493677    748982.86
     996.351     0.999999     29493679    873813.33
     998.399     0.999999     29493688   1048576.00
     998.399     0.999999     29493688   1165084.44
     998.911     0.999999     29493693   1310720.00
     998.911     0.999999     29493693   1497965.71
     999.423     0.999999     29493700   1747626.67
     999.423     1.000000     29493700   2097152.00
     999.423     1.000000     29493700   2330168.89
     999.935     1.000000     29493702   2621440.00
    1000.447     1.000000     29493703   2995931.43
    1001.471     1.000000     29493704   3495253.33
    1001.983     1.000000     29493705   4194304.00
    1002.495     1.000000     29493706   4660337.78
    1003.007     1.000000     29493711   5242880.00
    1003.007     1.000000     29493711   5991862.86
    1003.007     1.000000     29493711   6990506.67
    1003.007     1.000000     29493711   8388608.00
    1003.007     1.000000     29493711   9320675.55
    1003.007     1.000000     29493711  10485760.00
    1003.007     1.000000     29493711  11983725.71
    1003.007     1.000000     29493711  13981013.34
    1003.007     1.000000     29493711  16777216.00
    1003.007     1.000000     29493711  18641351.10
    1003.007     1.000000     29493711  20971519.98
    1003.007     1.000000     29493711  23967451.45
    1003.007     1.000000     29493711  27962026.68
    1003.519     1.000000     29493712  33554432.00
    1003.519     1.000000     29493712          inf
#[Mean    =        1.124, StdDeviation   =        8.471]
#[Max     =     1003.008, Total count    =     29493712]
#[Buckets =           27, SubBuckets     =         2048]
----------------------------------------------------------
  29993926 requests in 10.00m, 4.30GB read
Requests/sec:  49989.83
Transfer/sec:      7.34MB
