Running 10m test @ http://localhost:9999/math/plus?x=1&y=2
  16 threads and 400 connections
  Thread calibration: mean lat.: 4.405ms, rate sampling interval: 21ms
  Thread calibration: mean lat.: 5.571ms, rate sampling interval: 25ms
  Thread calibration: mean lat.: 5.063ms, rate sampling interval: 23ms
  Thread calibration: mean lat.: 4.303ms, rate sampling interval: 20ms
  Thread calibration: mean lat.: 5.052ms, rate sampling interval: 23ms
  Thread calibration: mean lat.: 4.087ms, rate sampling interval: 20ms
  Thread calibration: mean lat.: 4.182ms, rate sampling interval: 19ms
  Thread calibration: mean lat.: 4.457ms, rate sampling interval: 22ms
  Thread calibration: mean lat.: 4.916ms, rate sampling interval: 23ms
  Thread calibration: mean lat.: 5.252ms, rate sampling interval: 25ms
  Thread calibration: mean lat.: 5.433ms, rate sampling interval: 24ms
  Thread calibration: mean lat.: 4.921ms, rate sampling interval: 23ms
  Thread calibration: mean lat.: 5.133ms, rate sampling interval: 20ms
  Thread calibration: mean lat.: 5.632ms, rate sampling interval: 22ms
  Thread calibration: mean lat.: 4.645ms, rate sampling interval: 22ms
  Thread calibration: mean lat.: 5.015ms, rate sampling interval: 23ms
  Thread Stats   Avg      Stdev     Max   +/- Stdev
    Latency    14.52s    31.75s    5.51m    88.27%
    Req/Sec     3.61k   559.62    14.55k    78.87%
  Latency Distribution (HdrHistogram - Recorded Latency)
 50.000%  151.42ms
 75.000%    9.27s 
 90.000%    0.87m 
 99.000%    2.28m 
 99.900%    3.74m 
 99.990%    5.03m 
 99.999%    5.46m 
100.000%    5.51m 

  Detailed Percentile spectrum:
       Value   Percentile   TotalCount 1/(1-Percentile)

       0.097     0.000000            1         1.00
       2.777     0.100000      3316358         1.11
       7.119     0.200000      6629995         1.25
      18.559     0.300000      9944854         1.43
      52.479     0.400000     13260542         1.67
     151.423     0.500000     16575224         2.00
     295.423     0.550000     18231872         2.22
     722.431     0.600000     19888835         2.50
    1686.527     0.650000     21545826         2.86
    4057.087     0.700000     23203849         3.33
    9273.343     0.750000     24861344         4.00
   14090.239     0.775000     25690248         4.44
   19922.943     0.800000     26518112         5.00
   27262.975     0.825000     27347783         5.71
   35160.063     0.850000     28175348         6.67
   43646.975     0.875000     29006677         8.00
   47874.047     0.887500     29418602         8.89
   52494.335     0.900000     29833277        10.00
   58490.879     0.912500     30247371        11.43
   67174.399     0.925000     30663630        13.33
   79233.023     0.937500     31075971        16.00
   85393.407     0.943750     31284640        17.78
   91750.399     0.950000     31491812        20.00
   98172.927     0.956250     31697761        22.86
  105054.207     0.962500     31905158        26.67
  112132.095     0.968750     32112886        32.00
  115933.183     0.971875     32216388        35.56
  119668.735     0.975000     32319315        40.00
  123273.215     0.978125     32423749        45.71
  126812.159     0.981250     32527286        53.33
  130285.567     0.984375     32631205        64.00
  131989.503     0.985938     32682343        71.11
  133693.439     0.987500     32733803        80.00
  135528.447     0.989062     32787640        91.43
  137756.671     0.990625     32838334       106.67
  140771.327     0.992188     32888631       128.00
  142737.407     0.992969     32915456       142.22
  145096.703     0.993750     32940632       160.00
  148504.575     0.994531     32966698       182.86
  154009.599     0.995313     32992215       213.33
  163446.783     0.996094     33018057       256.00
  170131.455     0.996484     33030891       284.44
  177078.271     0.996875     33044117       320.00
  183631.871     0.997266     33056836       365.71
  190971.903     0.997656     33069828       426.67
  201326.591     0.998047     33082678       512.00
  206176.255     0.998242     33089232       568.89
  211025.919     0.998437     33095811       640.00
  215744.511     0.998633     33102246       731.43
  220463.103     0.998828     33108639       853.33
  225312.767     0.999023     33115175      1024.00
  227672.063     0.999121     33118454      1137.78
  230031.359     0.999219     33121538      1280.00
  232783.871     0.999316     33124865      1462.86
  236584.959     0.999414     33128076      1706.67
  241565.695     0.999512     33131237      2048.00
  247201.791     0.999561     33132854      2275.56
  252968.959     0.999609     33134498      2560.00
  258998.271     0.999658     33136108      2925.71
  265027.583     0.999707     33137742      3413.33
  271056.895     0.999756     33139353      4096.00
  273940.479     0.999780     33140143      4551.11
  277348.351     0.999805     33140967      5120.00
  281018.367     0.999829     33141758      5851.43
  288620.543     0.999854     33142582      6826.67
  295174.143     0.999878     33143379      8192.00
  298582.015     0.999890     33143777      9102.22
  302514.175     0.999902     33144202     10240.00
  306184.191     0.999915     33144592     11702.86
  309854.207     0.999927     33145013     13653.33
  313262.079     0.999939     33145404     16384.00
  315097.087     0.999945     33145629     18204.44
  316669.951     0.999951     33145804     20480.00
  318767.103     0.999957     33146024     23405.71
  320339.967     0.999963     33146213     27306.67
  322174.975     0.999969     33146426     32768.00
  322961.407     0.999973     33146518     36408.89
  323747.839     0.999976     33146612     40960.00
  324796.415     0.999979     33146730     46811.43
  325582.847     0.999982     33146819     54613.33
  326369.279     0.999985     33146934     65536.00
  326631.423     0.999986     33146965     72817.78
  327155.711     0.999988     33147041     81920.00
  327417.855     0.999989     33147074     93622.86
  327942.143     0.999991     33147126    109226.67
  328204.287     0.999992     33147164    131072.00
  328466.431     0.999993     33147189    145635.56
  328990.719     0.999994     33147242    163840.00
  328990.719     0.999995     33147242    187245.71
  329252.863     0.999995     33147276    218453.33
  329515.007     0.999996     33147294    262144.00
  329777.151     0.999997     33147334    291271.11
  329777.151     0.999997     33147334    327680.00
  329777.151     0.999997     33147334    374491.43
  330039.295     0.999998     33147372    436906.67
  330039.295     0.999998     33147372    524288.00
  330039.295     0.999998     33147372    582542.22
  330039.295     0.999998     33147372    655360.00
  330039.295     0.999999     33147372    748982.86
  330301.439     0.999999     33147396    873813.33
  330301.439     0.999999     33147396   1048576.00
  330301.439     0.999999     33147396   1165084.44
  330301.439     0.999999     33147396   1310720.00
  330301.439     0.999999     33147396   1497965.71
  330563.583     0.999999     33147416   1747626.67
  330563.583     1.000000     33147416          inf
#[Mean    =    14515.092, StdDeviation   =    31750.014]
#[Max     =   330301.440, Total count    =     33147416]
#[Buckets =           27, SubBuckets     =         2048]
----------------------------------------------------------
  33747141 requests in 10.00m, 4.84GB read
Requests/sec:  56245.27
Transfer/sec:      8.26MB
