Running 10m test @ http://localhost:9999/math/plus?x=1&y=2
  16 threads and 400 connections
  Thread calibration: mean lat.: 2.253ms, rate sampling interval: 10ms
  Thread calibration: mean lat.: 2.378ms, rate sampling interval: 10ms
  Thread calibration: mean lat.: 2.183ms, rate sampling interval: 10ms
  Thread calibration: mean lat.: 2.480ms, rate sampling interval: 10ms
  Thread calibration: mean lat.: 2.260ms, rate sampling interval: 10ms
  Thread calibration: mean lat.: 2.248ms, rate sampling interval: 10ms
  Thread calibration: mean lat.: 2.274ms, rate sampling interval: 10ms
  Thread calibration: mean lat.: 2.421ms, rate sampling interval: 10ms
  Thread calibration: mean lat.: 2.425ms, rate sampling interval: 10ms
  Thread calibration: mean lat.: 2.293ms, rate sampling interval: 10ms
  Thread calibration: mean lat.: 2.309ms, rate sampling interval: 10ms
  Thread calibration: mean lat.: 2.204ms, rate sampling interval: 10ms
  Thread calibration: mean lat.: 2.303ms, rate sampling interval: 10ms
  Thread calibration: mean lat.: 2.241ms, rate sampling interval: 10ms
  Thread calibration: mean lat.: 2.246ms, rate sampling interval: 10ms
  Thread calibration: mean lat.: 2.281ms, rate sampling interval: 10ms
  Thread Stats   Avg      Stdev     Max   +/- Stdev
    Latency     1.63ms    2.98ms  63.68ms   94.35%
    Req/Sec     1.98k   543.19     6.78k    73.92%
  Latency Distribution (HdrHistogram - Recorded Latency)
 50.000%    1.00ms
 75.000%    1.40ms
 90.000%    2.11ms
 99.000%   17.25ms
 99.900%   31.82ms
 99.990%   42.59ms
 99.999%   52.19ms
100.000%   63.71ms

  Detailed Percentile spectrum:
       Value   Percentile   TotalCount 1/(1-Percentile)

       0.056     0.000000            1         1.00
       0.370     0.100000      1775968         1.11
       0.550     0.200000      3539836         1.25
       0.711     0.300000      5314979         1.43
       0.861     0.400000      7083481         1.67
       1.004     0.500000      8850120         2.00
       1.076     0.550000      9740947         2.22
       1.148     0.600000     10618930         2.50
       1.225     0.650000     11511254         2.86
       1.307     0.700000     12395299         3.33
       1.403     0.750000     13274698         4.00
       1.461     0.775000     13719531         4.44
       1.528     0.800000     14163053         5.00
       1.608     0.825000     14603233         5.71
       1.709     0.850000     15044463         6.67
       1.848     0.875000     15485224         8.00
       1.948     0.887500     15705698         8.89
       2.113     0.900000     15927229        10.00
       2.509     0.912500     16148670        11.43
       3.191     0.925000     16369671        13.33
       4.089     0.937500     16590761        16.00
       4.643     0.943750     16701299        17.78
       5.283     0.950000     16811995        20.00
       6.031     0.956250     16922321        22.86
       7.007     0.962500     17032807        26.67
       8.303     0.968750     17143560        32.00
       9.071     0.971875     17199027        35.56
       9.935     0.975000     17254075        40.00
      10.975     0.978125     17309313        45.71
      12.207     0.981250     17364741        53.33
      13.623     0.984375     17420094        64.00
      14.511     0.985938     17447752        71.11
      15.471     0.987500     17475249        80.00
      16.527     0.989062     17502945        91.43
      17.743     0.990625     17530702       106.67
      19.119     0.992188     17558181       128.00
      19.903     0.992969     17572159       142.22
      20.767     0.993750     17585961       160.00
      21.727     0.994531     17599644       182.86
      22.799     0.995313     17613590       213.33
      24.015     0.996094     17627420       256.00
      24.703     0.996484     17634294       284.44
      25.423     0.996875     17641132       320.00
      26.207     0.997266     17648073       365.71
      27.103     0.997656     17654956       426.67
      28.207     0.998047     17661887       512.00
      28.815     0.998242     17665312       568.89
      29.471     0.998437     17668830       640.00
      30.175     0.998633     17672229       731.43
      30.991     0.998828     17675697       853.33
      31.935     0.999023     17679146      1024.00
      32.479     0.999121     17680897      1137.78
      33.087     0.999219     17682660      1280.00
      33.727     0.999316     17684344      1462.86
      34.495     0.999414     17686070      1706.67
      35.391     0.999512     17687809      2048.00
      35.903     0.999561     17688665      2275.56
      36.415     0.999609     17689509      2560.00
      37.023     0.999658     17690370      2925.71
      37.759     0.999707     17691243      3413.33
      38.591     0.999756     17692120      4096.00
      39.071     0.999780     17692534      4551.11
      39.583     0.999805     17692965      5120.00
      40.159     0.999829     17693401      5851.43
      40.799     0.999854     17693830      6826.67
      41.631     0.999878     17694259      8192.00
      42.111     0.999890     17694475      9102.22
      42.655     0.999902     17694691     10240.00
      43.263     0.999915     17694913     11702.86
      43.871     0.999927     17695123     13653.33
      44.575     0.999939     17695341     16384.00
      44.991     0.999945     17695447     18204.44
      45.599     0.999951     17695558     20480.00
      46.239     0.999957     17695662     23405.71
      46.879     0.999963     17695772     27306.67
      47.711     0.999969     17695878     32768.00
      48.191     0.999973     17695932     36408.89
      48.607     0.999976     17695988     40960.00
      48.991     0.999979     17696040     46811.43
      49.663     0.999982     17696095     54613.33
      50.335     0.999985     17696149     65536.00
      50.655     0.999986     17696177     72817.78
      51.263     0.999988     17696203     81920.00
      51.871     0.999989     17696229     93622.86
      52.479     0.999991     17696258    109226.67
      53.055     0.999992     17696283    131072.00
      53.599     0.999993     17696299    145635.56
      54.047     0.999994     17696310    163840.00
      54.751     0.999995     17696324    187245.71
      55.071     0.999995     17696337    218453.33
      55.807     0.999996     17696351    262144.00
      56.191     0.999997     17696358    291271.11
      56.639     0.999997     17696364    327680.00
      57.183     0.999997     17696372    374491.43
      57.535     0.999998     17696378    436906.67
      58.143     0.999998     17696385    524288.00
      58.271     0.999998     17696388    582542.22
      58.399     0.999998     17696391    655360.00
      58.687     0.999999     17696395    748982.86
      59.135     0.999999     17696398    873813.33
      59.743     0.999999     17696402   1048576.00
      59.903     0.999999     17696403   1165084.44
      60.351     0.999999     17696405   1310720.00
      60.735     0.999999     17696407   1497965.71
      60.831     0.999999     17696408   1747626.67
      60.991     1.000000     17696410   2097152.00
      61.119     1.000000     17696411   2330168.89
      61.151     1.000000     17696412   2621440.00
      61.343     1.000000     17696413   2995931.43
      61.343     1.000000     17696413   3495253.33
      61.439     1.000000     17696414   4194304.00
      61.919     1.000000     17696415   4660337.78
      61.919     1.000000     17696415   5242880.00
      62.463     1.000000     17696416   5991862.86
      62.463     1.000000     17696416   6990506.67
      62.463     1.000000     17696416   8388608.00
      63.103     1.000000     17696417   9320675.55
      63.103     1.000000     17696417  10485760.00
      63.103     1.000000     17696417  11983725.71
      63.103     1.000000     17696417  13981013.34
      63.103     1.000000     17696417  16777216.00
      63.711     1.000000     17696418  18641351.10
      63.711     1.000000     17696418          inf
#[Mean    =        1.633, StdDeviation   =        2.983]
#[Max     =       63.680, Total count    =     17696418]
#[Buckets =           27, SubBuckets     =         2048]
----------------------------------------------------------
  17996187 requests in 10.00m, 2.58GB read
Requests/sec:  29993.64
Transfer/sec:      4.41MB
