Running 10m test @ http://localhost:9999/math/plus?x=1&y=2
  16 threads and 400 connections
  Thread calibration: mean lat.: 2.209ms, rate sampling interval: 10ms
  Thread calibration: mean lat.: 2.544ms, rate sampling interval: 10ms
  Thread calibration: mean lat.: 2.795ms, rate sampling interval: 10ms
  Thread calibration: mean lat.: 2.250ms, rate sampling interval: 10ms
  Thread calibration: mean lat.: 2.459ms, rate sampling interval: 10ms
  Thread calibration: mean lat.: 2.430ms, rate sampling interval: 10ms
  Thread calibration: mean lat.: 2.616ms, rate sampling interval: 10ms
  Thread calibration: mean lat.: 2.627ms, rate sampling interval: 10ms
  Thread calibration: mean lat.: 2.249ms, rate sampling interval: 10ms
  Thread calibration: mean lat.: 2.430ms, rate sampling interval: 10ms
  Thread calibration: mean lat.: 1.976ms, rate sampling interval: 10ms
  Thread calibration: mean lat.: 2.262ms, rate sampling interval: 10ms
  Thread calibration: mean lat.: 1.865ms, rate sampling interval: 10ms
  Thread calibration: mean lat.: 2.385ms, rate sampling interval: 10ms
  Thread calibration: mean lat.: 2.296ms, rate sampling interval: 10ms
  Thread calibration: mean lat.: 2.240ms, rate sampling interval: 10ms
  Thread Stats   Avg      Stdev     Max   +/- Stdev
    Latency     6.23ms   43.46ms   3.95s    98.72%
    Req/Sec     3.96k   616.55    11.89k    72.03%
  Latency Distribution (HdrHistogram - Recorded Latency)
 50.000%    1.91ms
 75.000%    3.24ms
 90.000%    6.98ms
 99.000%   64.54ms
 99.900%  685.05ms
 99.990%    1.46s 
 99.999%    3.42s 
100.000%    3.95s 

  Detailed Percentile spectrum:
       Value   Percentile   TotalCount 1/(1-Percentile)

       0.073     0.000000            1         1.00
       0.710     0.100000      3541090         1.11
       1.017     0.200000      7086147         1.25
       1.292     0.300000     10626826         1.43
       1.578     0.400000     14163039         1.67
       1.906     0.500000     17705800         2.00
       2.097     0.550000     19475118         2.22
       2.313     0.600000     21243111         2.50
       2.565     0.650000     23013002         2.86
       2.865     0.700000     24778536         3.33
       3.243     0.750000     26545823         4.00
       3.479     0.775000     27430031         4.44
       3.767     0.800000     28314979         5.00
       4.139     0.825000     29200446         5.71
       4.655     0.850000     30084597         6.67
       5.475     0.875000     30969297         8.00
       6.099     0.887500     31410840         8.89
       6.979     0.900000     31854684        10.00
       8.215     0.912500     32296304        11.43
       9.839     0.925000     32739727        13.33
      11.959     0.937500     33180857        16.00
      13.311     0.943750     33401948        17.78
      14.983     0.950000     33623785        20.00
      16.911     0.956250     33844299        22.86
      19.199     0.962500     34065597        26.67
      22.271     0.968750     34286718        32.00
      24.255     0.971875     34397503        35.56
      26.767     0.975000     34508073        40.00
      30.127     0.978125     34618290        45.71
      34.463     0.981250     34729156        53.33
      40.735     0.984375     34839817        64.00
      45.247     0.985938     34894927        71.11
      51.135     0.987500     34950180        80.00
      58.975     0.989062     35005391        91.43
      68.991     0.990625     35060807       106.67
      84.159     0.992188     35115978       128.00
      95.231     0.992969     35143703       142.22
     109.183     0.993750     35171279       160.00
     127.871     0.994531     35198959       182.86
     152.575     0.995313     35226679       213.33
     189.951     0.996094     35254240       256.00
     218.239     0.996484     35268064       284.44
     254.463     0.996875     35281881       320.00
     308.991     0.997266     35295713       365.71
     376.575     0.997656     35309530       426.67
     462.335     0.998047     35323367       512.00
     508.927     0.998242     35330288       568.89
     557.567     0.998437     35337247       640.00
     601.599     0.998633     35344152       731.43
     644.607     0.998828     35351070       853.33
     691.199     0.999023     35357942      1024.00
     717.823     0.999121     35361416      1137.78
     746.495     0.999219     35364854      1280.00
     773.631     0.999316     35368356      1462.86
     802.303     0.999414     35371781      1706.67
     837.631     0.999512     35375233      2048.00
     859.647     0.999561     35376933      2275.56
     882.687     0.999609     35378683      2560.00
     904.191     0.999658     35380397      2925.71
     931.839     0.999707     35382125      3413.33
     968.703     0.999756     35383838      4096.00
    1006.591     0.999780     35384704      4551.11
    1063.935     0.999805     35385574      5120.00
    1136.639     0.999829     35386430      5851.43
    1225.727     0.999854     35387291      6826.67
    1348.607     0.999878     35388157      8192.00
    1391.615     0.999890     35388588      9102.22
    1497.087     0.999902     35389023     10240.00
    1562.623     0.999915     35389457     11702.86
    1764.351     0.999927     35389885     13653.33
    2080.767     0.999939     35390319     16384.00
    2217.983     0.999945     35390531     18204.44
    2387.967     0.999951     35390747     20480.00
    2523.135     0.999957     35390963     23405.71
    2643.967     0.999963     35391181     27306.67
    2768.895     0.999969     35391400     32768.00
    2826.239     0.999973     35391504     36408.89
    2883.583     0.999976     35391611     40960.00
    2922.495     0.999979     35391719     46811.43
    3006.463     0.999982     35391827     54613.33
    3094.527     0.999985     35391935     65536.00
    3119.103     0.999986     35391990     72817.78
    3244.031     0.999988     35392043     81920.00
    3364.863     0.999989     35392097     93622.86
    3485.695     0.999991     35392153    109226.67
    3565.567     0.999992     35392205    131072.00
    3596.287     0.999993     35392232    145635.56
    3647.487     0.999994     35392259    163840.00
    3686.399     0.999995     35392286    187245.71
    3731.455     0.999995     35392313    218453.33
    3790.847     0.999996     35392340    262144.00
    3817.471     0.999997     35392354    291271.11
    3837.951     0.999997     35392367    327680.00
    3870.719     0.999997     35392381    374491.43
    3901.439     0.999998     35392394    436906.67
    3913.727     0.999998     35392409    524288.00
    3926.015     0.999998     35392416    582542.22
    3928.063     0.999998     35392421    655360.00
    3932.159     0.999999     35392429    748982.86
    3938.303     0.999999     35392437    873813.33
    3940.351     0.999999     35392442   1048576.00
    3942.399     0.999999     35392451   1165084.44
    3942.399     0.999999     35392451   1310720.00
    3944.447     0.999999     35392464   1497965.71
    3944.447     0.999999     35392464   1747626.67
    3944.447     1.000000     35392464   2097152.00
    3944.447     1.000000     35392464   2330168.89
    3944.447     1.000000     35392464   2621440.00
    3944.447     1.000000     35392464   2995931.43
    3946.495     1.000000     35392467   3495253.33
    3946.495     1.000000     35392467   4194304.00
    3948.543     1.000000     35392469   4660337.78
    3948.543     1.000000     35392469   5242880.00
    3950.591     1.000000     35392472   5991862.86
    3950.591     1.000000     35392472   6990506.67
    3950.591     1.000000     35392472   8388608.00
    3950.591     1.000000     35392472   9320675.55
    3950.591     1.000000     35392472  10485760.00
    3952.639     1.000000     35392475  11983725.71
    3952.639     1.000000     35392475          inf
#[Mean    =        6.225, StdDeviation   =       43.458]
#[Max     =     3950.592, Total count    =     35392475]
#[Buckets =           27, SubBuckets     =         2048]
----------------------------------------------------------
  35992024 requests in 10.00m, 5.16GB read
Requests/sec:  59986.67
Transfer/sec:      8.81MB
