Running 10m test @ http://localhost:9999/math/plus?x=1&y=2
  16 threads and 400 connections
  Thread calibration: mean lat.: 2.447ms, rate sampling interval: 10ms
  Thread calibration: mean lat.: 2.547ms, rate sampling interval: 10ms
  Thread calibration: mean lat.: 2.553ms, rate sampling interval: 10ms
  Thread calibration: mean lat.: 2.141ms, rate sampling interval: 10ms
  Thread calibration: mean lat.: 2.605ms, rate sampling interval: 10ms
  Thread calibration: mean lat.: 2.567ms, rate sampling interval: 10ms
  Thread calibration: mean lat.: 3.152ms, rate sampling interval: 10ms
  Thread calibration: mean lat.: 2.423ms, rate sampling interval: 10ms
  Thread calibration: mean lat.: 2.814ms, rate sampling interval: 11ms
  Thread calibration: mean lat.: 2.541ms, rate sampling interval: 10ms
  Thread calibration: mean lat.: 2.638ms, rate sampling interval: 10ms
  Thread calibration: mean lat.: 2.710ms, rate sampling interval: 11ms
  Thread calibration: mean lat.: 2.515ms, rate sampling interval: 10ms
  Thread calibration: mean lat.: 2.647ms, rate sampling interval: 10ms
  Thread calibration: mean lat.: 2.775ms, rate sampling interval: 11ms
  Thread calibration: mean lat.: 3.268ms, rate sampling interval: 11ms
  Thread Stats   Avg      Stdev     Max   +/- Stdev
    Latency     2.83ms    2.24ms  34.30ms   82.95%
    Req/Sec   658.35    635.33     2.78k    62.02%
  Latency Distribution (HdrHistogram - Recorded Latency)
 50.000%    2.18ms
 75.000%    3.65ms
 90.000%    5.62ms
 99.000%   11.13ms
 99.900%   17.85ms
 99.990%   23.57ms
 99.999%   28.62ms
100.000%   34.33ms

  Detailed Percentile spectrum:
       Value   Percentile   TotalCount 1/(1-Percentile)

       0.073     0.000000            1         1.00
       0.840     0.100000       589979         1.11
       1.169     0.200000      1180470         1.25
       1.456     0.300000      1770138         1.43
       1.778     0.400000      2359534         1.67
       2.185     0.500000      2950875         2.00
       2.417     0.550000      3244565         2.22
       2.673     0.600000      3539323         2.50
       2.961     0.650000      3835269         2.86
       3.281     0.700000      4129269         3.33
       3.655     0.750000      4425284         4.00
       3.875     0.775000      4572021         4.44
       4.123     0.800000      4720877         5.00
       4.407     0.825000      4867258         5.71
       4.747     0.850000      5014720         6.67
       5.147     0.875000      5161716         8.00
       5.375     0.887500      5236168         8.89
       5.623     0.900000      5309601        10.00
       5.899     0.912500      5382997        11.43
       6.215     0.925000      5456394        13.33
       6.595     0.937500      5530506        16.00
       6.815     0.943750      5566909        17.78
       7.067     0.950000      5604116        20.00
       7.351     0.956250      5640775        22.86
       7.683     0.962500      5677770        26.67
       8.067     0.968750      5714639        32.00
       8.287     0.971875      5733370        35.56
       8.527     0.975000      5751550        40.00
       8.823     0.978125      5769861        45.71
       9.199     0.981250      5788195        53.33
       9.711     0.984375      5806776        64.00
      10.023     0.985938      5815830        71.11
      10.391     0.987500      5824942        80.00
      10.831     0.989062      5834263        91.43
      11.351     0.990625      5843415       106.67
      11.951     0.992188      5852601       128.00
      12.279     0.992969      5857296       142.22
      12.639     0.993750      5861843       160.00
      13.031     0.994531      5866504       182.86
      13.463     0.995313      5871061       213.33
      13.975     0.996094      5875690       256.00
      14.279     0.996484      5877978       284.44
      14.607     0.996875      5880281       320.00
      14.999     0.997266      5882563       365.71
      15.471     0.997656      5884850       426.67
      16.015     0.998047      5887174       512.00
      16.295     0.998242      5888321       568.89
      16.639     0.998437      5889482       640.00
      16.991     0.998633      5890616       731.43
      17.423     0.998828      5891776       853.33
      17.919     0.999023      5892938      1024.00
      18.175     0.999121      5893487      1137.78
      18.495     0.999219      5894081      1280.00
      18.847     0.999316      5894661      1462.86
      19.263     0.999414      5895228      1706.67
      19.727     0.999512      5895809      2048.00
      19.999     0.999561      5896090      2275.56
      20.287     0.999609      5896381      2560.00
      20.639     0.999658      5896657      2925.71
      21.023     0.999707      5896944      3413.33
      21.519     0.999756      5897235      4096.00
      21.759     0.999780      5897383      4551.11
      22.047     0.999805      5897525      5120.00
      22.383     0.999829      5897669      5851.43
      22.751     0.999854      5897810      6826.67
      23.151     0.999878      5897954      8192.00
      23.375     0.999890      5898023      9102.22
      23.599     0.999902      5898096     10240.00
      23.887     0.999915      5898169     11702.86
      24.271     0.999927      5898240     13653.33
      24.703     0.999939      5898312     16384.00
      25.007     0.999945      5898347     18204.44
      25.311     0.999951      5898383     20480.00
      25.583     0.999957      5898419     23405.71
      25.967     0.999963      5898455     27306.67
      26.431     0.999969      5898491     32768.00
      26.655     0.999973      5898509     36408.89
      26.991     0.999976      5898527     40960.00
      27.247     0.999979      5898546     46811.43
      27.535     0.999982      5898563     54613.33
      27.871     0.999985      5898581     65536.00
      28.031     0.999986      5898590     72817.78
      28.239     0.999988      5898599     81920.00
      28.527     0.999989      5898608     93622.86
      28.703     0.999991      5898617    109226.67
      28.975     0.999992      5898626    131072.00
      29.455     0.999993      5898631    145635.56
      29.583     0.999994      5898635    163840.00
      29.935     0.999995      5898640    187245.71
      30.255     0.999995      5898644    218453.33
      30.463     0.999996      5898649    262144.00
      30.591     0.999997      5898652    291271.11
      30.719     0.999997      5898653    327680.00
      30.943     0.999997      5898656    374491.43
      31.215     0.999998      5898658    436906.67
      31.359     0.999998      5898660    524288.00
      31.503     0.999998      5898661    582542.22
      31.551     0.999998      5898662    655360.00
      31.679     0.999999      5898664    748982.86
      31.695     0.999999      5898665    873813.33
      31.855     0.999999      5898666   1048576.00
      31.855     0.999999      5898666   1165084.44
      31.903     0.999999      5898667   1310720.00
      32.447     0.999999      5898668   1497965.71
      32.447     0.999999      5898668   1747626.67
      32.591     1.000000      5898669   2097152.00
      32.591     1.000000      5898669   2330168.89
      32.591     1.000000      5898669   2621440.00
      33.695     1.000000      5898670   2995931.43
      33.695     1.000000      5898670   3495253.33
      33.695     1.000000      5898670   4194304.00
      33.695     1.000000      5898670   4660337.78
      33.695     1.000000      5898670   5242880.00
      34.335     1.000000      5898671   5991862.86
      34.335     1.000000      5898671          inf
#[Mean    =        2.826, StdDeviation   =        2.237]
#[Max     =       34.304, Total count    =      5898671]
#[Buckets =           27, SubBuckets     =         2048]
----------------------------------------------------------
  5997117 requests in 10.00m, 0.86GB read
Requests/sec:   9995.13
Transfer/sec:      1.47MB
