Running 10m test @ http://localhost:9999/math/plus?x=1&y=2
  16 threads and 400 connections
  Thread calibration: mean lat.: 1.966ms, rate sampling interval: 10ms
  Thread calibration: mean lat.: 1.509ms, rate sampling interval: 10ms
  Thread calibration: mean lat.: 2.050ms, rate sampling interval: 10ms
  Thread calibration: mean lat.: 2.126ms, rate sampling interval: 10ms
  Thread calibration: mean lat.: 1.983ms, rate sampling interval: 10ms
  Thread calibration: mean lat.: 2.169ms, rate sampling interval: 10ms
  Thread calibration: mean lat.: 2.011ms, rate sampling interval: 10ms
  Thread calibration: mean lat.: 2.042ms, rate sampling interval: 10ms
  Thread calibration: mean lat.: 2.192ms, rate sampling interval: 10ms
  Thread calibration: mean lat.: 2.095ms, rate sampling interval: 10ms
  Thread calibration: mean lat.: 2.146ms, rate sampling interval: 10ms
  Thread calibration: mean lat.: 2.007ms, rate sampling interval: 10ms
  Thread calibration: mean lat.: 2.103ms, rate sampling interval: 10ms
  Thread calibration: mean lat.: 2.288ms, rate sampling interval: 10ms
  Thread calibration: mean lat.: 2.019ms, rate sampling interval: 10ms
  Thread calibration: mean lat.: 2.054ms, rate sampling interval: 10ms
  Thread Stats   Avg      Stdev     Max   +/- Stdev
    Latency     2.18ms    3.90ms  78.34ms   93.82%
    Req/Sec     1.98k   609.17     7.67k    73.19%
  Latency Distribution (HdrHistogram - Recorded Latency)
 50.000%    1.21ms
 75.000%    1.90ms
 90.000%    3.56ms
 99.000%   22.33ms
 99.900%   39.78ms
 99.990%   51.62ms
 99.999%   61.12ms
100.000%   78.40ms

  Detailed Percentile spectrum:
       Value   Percentile   TotalCount 1/(1-Percentile)

       0.055     0.000000            1         1.00
       0.442     0.100000      1769807         1.11
       0.658     0.200000      3542260         1.25
       0.850     0.300000      5310579         1.43
       1.028     0.400000      7085587         1.67
       1.205     0.500000      8855224         2.00
       1.302     0.550000      9734882         2.22
       1.412     0.600000     10617939         2.50
       1.542     0.650000     11505715         2.86
       1.698     0.700000     12389067         3.33
       1.899     0.750000     13275195         4.00
       2.025     0.775000     13716110         4.44
       2.179     0.800000     14158941         5.00
       2.373     0.825000     14602457         5.71
       2.625     0.850000     15043795         6.67
       2.979     0.875000     15484968         8.00
       3.227     0.887500     15706384         8.89
       3.559     0.900000     15927514        10.00
       4.037     0.912500     16148492        11.43
       4.799     0.925000     16369474        13.33
       5.995     0.937500     16590675        16.00
       6.739     0.943750     16700849        17.78
       7.563     0.950000     16811504        20.00
       8.487     0.956250     16922584        22.86
       9.679     0.962500     17033245        26.67
      11.239     0.968750     17143374        32.00
      12.191     0.971875     17198610        35.56
      13.359     0.975000     17254076        40.00
      14.783     0.978125     17309384        45.71
      16.359     0.981250     17364548        53.33
      18.159     0.984375     17420086        64.00
      19.183     0.985938     17447530        71.11
      20.303     0.987500     17475383        80.00
      21.535     0.989062     17502967        91.43
      22.911     0.990625     17530411       106.67
      24.543     0.992188     17558163       128.00
      25.471     0.992969     17571962       142.22
      26.511     0.993750     17585752       160.00
      27.711     0.994531     17599456       182.86
      29.071     0.995313     17613331       213.33
      30.591     0.996094     17627166       256.00
      31.439     0.996484     17634096       284.44
      32.351     0.996875     17640915       320.00
      33.343     0.997266     17647873       365.71
      34.463     0.997656     17654917       426.67
      35.647     0.998047     17661767       512.00
      36.319     0.998242     17665233       568.89
      37.023     0.998437     17668580       640.00
      37.823     0.998633     17672079       731.43
      38.783     0.998828     17675569       853.33
      39.903     0.999023     17678930      1024.00
      40.575     0.999121     17680650      1137.78
      41.343     0.999219     17682436      1280.00
      42.143     0.999316     17684147      1462.86
      43.071     0.999414     17685881      1706.67
      44.063     0.999512     17687570      2048.00
      44.639     0.999561     17688449      2275.56
      45.247     0.999609     17689315      2560.00
      45.887     0.999658     17690175      2925.71
      46.591     0.999707     17691045      3413.33
      47.455     0.999756     17691908      4096.00
      47.903     0.999780     17692320      4551.11
      48.447     0.999805     17692746      5120.00
      49.023     0.999829     17693180      5851.43
      49.727     0.999854     17693619      6826.67
      50.687     0.999878     17694053      8192.00
      51.167     0.999890     17694262      9102.22
      51.743     0.999902     17694488     10240.00
      52.351     0.999915     17694694     11702.86
      53.119     0.999927     17694907     13653.33
      53.887     0.999939     17695123     16384.00
      54.367     0.999945     17695231     18204.44
      54.879     0.999951     17695341     20480.00
      55.391     0.999957     17695451     23405.71
      55.999     0.999963     17695558     27306.67
      56.735     0.999969     17695666     32768.00
      57.183     0.999973     17695722     36408.89
      57.599     0.999976     17695773     40960.00
      58.143     0.999979     17695824     46811.43
      58.687     0.999982     17695878     54613.33
      59.423     0.999985     17695933     65536.00
      59.839     0.999986     17695960     72817.78
      60.447     0.999988     17695990     81920.00
      60.927     0.999989     17696014     93622.86
      61.375     0.999991     17696042    109226.67
      61.823     0.999992     17696067    131072.00
      62.367     0.999993     17696081    145635.56
      62.719     0.999994     17696094    163840.00
      63.039     0.999995     17696110    187245.71
      63.359     0.999995     17696121    218453.33
      63.679     0.999996     17696135    262144.00
      63.871     0.999997     17696142    291271.11
      64.063     0.999997     17696148    327680.00
      64.447     0.999997     17696155    374491.43
      65.087     0.999998     17696162    436906.67
      65.727     0.999998     17696169    524288.00
      65.983     0.999998     17696173    582542.22
      66.559     0.999998     17696175    655360.00
      66.815     0.999999     17696181    748982.86
      67.135     0.999999     17696182    873813.33
      67.839     0.999999     17696186   1048576.00
      68.031     0.999999     17696187   1165084.44
      68.223     0.999999     17696189   1310720.00
      68.415     0.999999     17696191   1497965.71
      68.543     0.999999     17696193   1747626.67
      69.503     1.000000     17696194   2097152.00
      70.911     1.000000     17696195   2330168.89
      71.039     1.000000     17696196   2621440.00
      71.679     1.000000     17696197   2995931.43
      71.679     1.000000     17696197   3495253.33
      73.919     1.000000     17696198   4194304.00
      74.175     1.000000     17696199   4660337.78
      74.175     1.000000     17696199   5242880.00
      74.303     1.000000     17696200   5991862.86
      74.303     1.000000     17696200   6990506.67
      74.303     1.000000     17696200   8388608.00
      76.351     1.000000     17696201   9320675.55
      76.351     1.000000     17696201  10485760.00
      76.351     1.000000     17696201  11983725.71
      76.351     1.000000     17696201  13981013.34
      76.351     1.000000     17696201  16777216.00
      78.399     1.000000     17696202  18641351.10
      78.399     1.000000     17696202          inf
#[Mean    =        2.177, StdDeviation   =        3.898]
#[Max     =       78.336, Total count    =     17696202]
#[Buckets =           27, SubBuckets     =         2048]
----------------------------------------------------------
  17996283 requests in 10.00m, 2.58GB read
Requests/sec:  29993.72
Transfer/sec:      4.41MB
