Running 10m test @ http://localhost:9999/math/plus?x=1&y=2
  16 threads and 400 connections
  Thread calibration: mean lat.: 4.735ms, rate sampling interval: 18ms
  Thread calibration: mean lat.: 4.071ms, rate sampling interval: 16ms
  Thread calibration: mean lat.: 4.215ms, rate sampling interval: 17ms
  Thread calibration: mean lat.: 4.041ms, rate sampling interval: 16ms
  Thread calibration: mean lat.: 3.925ms, rate sampling interval: 15ms
  Thread calibration: mean lat.: 4.511ms, rate sampling interval: 17ms
  Thread calibration: mean lat.: 3.611ms, rate sampling interval: 15ms
  Thread calibration: mean lat.: 4.781ms, rate sampling interval: 18ms
  Thread calibration: mean lat.: 4.666ms, rate sampling interval: 18ms
  Thread calibration: mean lat.: 4.103ms, rate sampling interval: 17ms
  Thread calibration: mean lat.: 4.009ms, rate sampling interval: 16ms
  Thread calibration: mean lat.: 4.220ms, rate sampling interval: 17ms
  Thread calibration: mean lat.: 3.733ms, rate sampling interval: 15ms
  Thread calibration: mean lat.: 3.893ms, rate sampling interval: 16ms
  Thread calibration: mean lat.: 3.985ms, rate sampling interval: 15ms
  Thread calibration: mean lat.: 4.822ms, rate sampling interval: 18ms
  Thread Stats   Avg      Stdev     Max   +/- Stdev
    Latency     4.69ms    3.36ms  51.33ms   72.03%
    Req/Sec   645.18    449.01     1.93k    55.52%
  Latency Distribution (HdrHistogram - Recorded Latency)
 50.000%    4.03ms
 75.000%    6.50ms
 90.000%    9.07ms
 99.000%   15.58ms
 99.900%   23.02ms
 99.990%   29.38ms
 99.999%   36.19ms
100.000%   51.36ms

  Detailed Percentile spectrum:
       Value   Percentile   TotalCount 1/(1-Percentile)

       0.084     0.000000            1         1.00
       1.144     0.100000       590631         1.11
       1.710     0.200000      1180256         1.25
       2.413     0.300000      1770601         1.43
       3.191     0.400000      2360481         1.67
       4.025     0.500000      2949678         2.00
       4.463     0.550000      3244598         2.22
       4.923     0.600000      3541343         2.50
       5.407     0.650000      3834593         2.86
       5.927     0.700000      4129670         3.33
       6.503     0.750000      4425214         4.00
       6.819     0.775000      4572625         4.44
       7.163     0.800000      4719698         5.00
       7.547     0.825000      4867062         5.71
       7.979     0.850000      5014992         6.67
       8.479     0.875000      5161988         8.00
       8.759     0.887500      5235119         8.89
       9.071     0.900000      5308740        10.00
       9.423     0.912500      5383486        11.43
       9.807     0.925000      5456584        13.33
      10.263     0.937500      5530062        16.00
      10.535     0.943750      5567526        17.78
      10.831     0.950000      5604343        20.00
      11.167     0.956250      5640604        22.86
      11.567     0.962500      5677524        26.67
      12.055     0.968750      5714306        32.00
      12.343     0.971875      5732720        35.56
      12.679     0.975000      5751509        40.00
      13.055     0.978125      5769809        45.71
      13.511     0.981250      5788242        53.33
      14.079     0.984375      5806552        64.00
      14.415     0.985938      5815639        71.11
      14.815     0.987500      5824980        80.00
      15.271     0.989062      5834096        91.43
      15.807     0.990625      5843334       106.67
      16.447     0.992188      5852583       128.00
      16.815     0.992969      5857252       142.22
      17.231     0.993750      5861842       160.00
      17.695     0.994531      5866430       182.86
      18.239     0.995313      5870971       213.33
      18.895     0.996094      5875646       256.00
      19.247     0.996484      5877886       284.44
      19.647     0.996875      5880188       320.00
      20.095     0.997266      5882485       365.71
      20.575     0.997656      5884815       426.67
      21.119     0.998047      5887076       512.00
      21.439     0.998242      5888232       568.89
      21.791     0.998437      5889412       640.00
      22.159     0.998633      5890526       731.43
      22.591     0.998828      5891705       853.33
      23.087     0.999023      5892860      1024.00
      23.375     0.999121      5893410      1137.78
      23.727     0.999219      5893994      1280.00
      24.095     0.999316      5894565      1462.86
      24.511     0.999414      5895147      1706.67
      25.071     0.999512      5895722      2048.00
      25.343     0.999561      5896011      2275.56
      25.663     0.999609      5896293      2560.00
      26.015     0.999658      5896572      2925.71
      26.447     0.999707      5896859      3413.33
      26.943     0.999756      5897147      4096.00
      27.199     0.999780      5897293      4551.11
      27.583     0.999805      5897441      5120.00
      27.935     0.999829      5897582      5851.43
      28.303     0.999854      5897723      6826.67
      28.767     0.999878      5897869      8192.00
      29.119     0.999890      5897942      9102.22
      29.423     0.999902      5898015     10240.00
      29.775     0.999915      5898083     11702.86
      30.239     0.999927      5898155     13653.33
      30.783     0.999939      5898231     16384.00
      31.023     0.999945      5898266     18204.44
      31.263     0.999951      5898301     20480.00
      31.647     0.999957      5898337     23405.71
      31.967     0.999963      5898371     27306.67
      32.447     0.999969      5898408     32768.00
      32.751     0.999973      5898426     36408.89
      33.183     0.999976      5898443     40960.00
      33.599     0.999979      5898462     46811.43
      34.175     0.999982      5898479     54613.33
      34.751     0.999985      5898497     65536.00
      34.975     0.999986      5898506     72817.78
      35.327     0.999988      5898515     81920.00
      35.871     0.999989      5898524     93622.86
      36.479     0.999991      5898533    109226.67
      37.087     0.999992      5898543    131072.00
      37.215     0.999993      5898547    145635.56
      37.503     0.999994      5898552    163840.00
      37.599     0.999995      5898556    187245.71
      37.855     0.999995      5898560    218453.33
      38.431     0.999996      5898565    262144.00
      38.687     0.999997      5898567    291271.11
      39.071     0.999997      5898570    327680.00
      39.359     0.999997      5898572    374491.43
      40.703     0.999998      5898574    436906.67
      41.471     0.999998      5898576    524288.00
      41.631     0.999998      5898577    582542.22
      41.759     0.999998      5898578    655360.00
      44.095     0.999999      5898580    748982.86
      44.191     0.999999      5898581    873813.33
      45.759     0.999999      5898582   1048576.00
      45.759     0.999999      5898582   1165084.44
      45.919     0.999999      5898583   1310720.00
      47.007     0.999999      5898584   1497965.71
      47.007     0.999999      5898584   1747626.67
      48.671     1.000000      5898585   2097152.00
      48.671     1.000000      5898585   2330168.89
      48.671     1.000000      5898585   2621440.00
      50.975     1.000000      5898586   2995931.43
      50.975     1.000000      5898586   3495253.33
      50.975     1.000000      5898586   4194304.00
      50.975     1.000000      5898586   4660337.78
      50.975     1.000000      5898586   5242880.00
      51.359     1.000000      5898587   5991862.86
      51.359     1.000000      5898587          inf
#[Mean    =        4.688, StdDeviation   =        3.359]
#[Max     =       51.328, Total count    =      5898587]
#[Buckets =           27, SubBuckets     =         2048]
----------------------------------------------------------
  5998274 requests in 10.00m, 0.86GB read
Requests/sec:   9997.10
Transfer/sec:      1.47MB
