Running 10m test @ http://localhost:9999/math/plus?x=1&y=2
  16 threads and 400 connections
  Thread calibration: mean lat.: 1.943ms, rate sampling interval: 10ms
  Thread calibration: mean lat.: 1.998ms, rate sampling interval: 10ms
  Thread calibration: mean lat.: 2.361ms, rate sampling interval: 10ms
  Thread calibration: mean lat.: 2.132ms, rate sampling interval: 10ms
  Thread calibration: mean lat.: 2.301ms, rate sampling interval: 10ms
  Thread calibration: mean lat.: 2.322ms, rate sampling interval: 10ms
  Thread calibration: mean lat.: 2.108ms, rate sampling interval: 10ms
  Thread calibration: mean lat.: 2.426ms, rate sampling interval: 10ms
  Thread calibration: mean lat.: 2.215ms, rate sampling interval: 10ms
  Thread calibration: mean lat.: 2.188ms, rate sampling interval: 10ms
  Thread calibration: mean lat.: 2.173ms, rate sampling interval: 10ms
  Thread calibration: mean lat.: 2.093ms, rate sampling interval: 10ms
  Thread calibration: mean lat.: 2.139ms, rate sampling interval: 10ms
  Thread calibration: mean lat.: 2.196ms, rate sampling interval: 10ms
  Thread calibration: mean lat.: 2.153ms, rate sampling interval: 10ms
  Thread calibration: mean lat.: 2.292ms, rate sampling interval: 10ms
  Thread Stats   Avg      Stdev     Max   +/- Stdev
    Latency     2.31ms    2.80ms 182.78ms   93.21%
    Req/Sec     3.30k   600.49    10.40k    79.90%
  Latency Distribution (HdrHistogram - Recorded Latency)
 50.000%    1.71ms
 75.000%    2.79ms
 90.000%    4.47ms
 99.000%   11.73ms
 99.900%   31.45ms
 99.990%   86.91ms
 99.999%  132.48ms
100.000%  182.91ms

  Detailed Percentile spectrum:
       Value   Percentile   TotalCount 1/(1-Percentile)

       0.061     0.000000            1         1.00
       0.558     0.100000      2957173         1.11
       0.879     0.200000      5899910         1.25
       1.150     0.300000      8852745         1.43
       1.417     0.400000     11799909         1.67
       1.706     0.500000     14750055         2.00
       1.870     0.550000     16224540         2.22
       2.053     0.600000     17710803         2.50
       2.255     0.650000     19182286         2.86
       2.493     0.700000     20652879         3.33
       2.791     0.750000     22123303         4.00
       2.977     0.775000     22859038         4.44
       3.187     0.800000     23596269         5.00
       3.431     0.825000     24334668         5.71
       3.725     0.850000     25072713         6.67
       4.069     0.875000     25807531         8.00
       4.263     0.887500     26178264         8.89
       4.471     0.900000     26548647        10.00
       4.695     0.912500     26914704        11.43
       4.951     0.925000     27282677        13.33
       5.255     0.937500     27652085        16.00
       5.435     0.943750     27836485        17.78
       5.643     0.950000     28019408        20.00
       5.903     0.956250     28203838        22.86
       6.259     0.962500     28388997        26.67
       6.779     0.968750     28572699        32.00
       7.135     0.971875     28664405        35.56
       7.551     0.975000     28756529        40.00
       7.971     0.978125     28848787        45.71
       8.559     0.981250     28941501        53.33
       9.431     0.984375     29033181        64.00
       9.959     0.985938     29079316        71.11
      10.567     0.987500     29125348        80.00
      11.271     0.989062     29171456        91.43
      12.047     0.990625     29217435       106.67
      13.015     0.992188     29263352       128.00
      13.615     0.992969     29286356       142.22
      14.319     0.993750     29309445       160.00
      15.159     0.994531     29332308       182.86
      16.079     0.995313     29355481       213.33
      17.407     0.996094     29378503       256.00
      18.239     0.996484     29389975       284.44
      19.215     0.996875     29401499       320.00
      20.367     0.997266     29413046       365.71
      21.775     0.997656     29424556       426.67
      23.583     0.998047     29436017       512.00
      24.719     0.998242     29441776       568.89
      26.127     0.998437     29447556       640.00
      27.695     0.998633     29453315       731.43
      29.487     0.998828     29459086       853.33
      31.775     0.999023     29464815      1024.00
      33.279     0.999121     29467725      1137.78
      35.039     0.999219     29470550      1280.00
      37.119     0.999316     29473460      1462.86
      39.647     0.999414     29476334      1706.67
      42.975     0.999512     29479198      2048.00
      45.183     0.999561     29480649      2275.56
      48.063     0.999609     29482073      2560.00
      51.903     0.999658     29483518      2925.71
      57.055     0.999707     29484957      3413.33
      63.615     0.999756     29486393      4096.00
      67.007     0.999780     29487125      4551.11
      70.527     0.999805     29487834      5120.00
      74.303     0.999829     29488565      5851.43
      78.271     0.999854     29489277      6826.67
      82.495     0.999878     29489993      8192.00
      84.799     0.999890     29490355      9102.22
      87.423     0.999902     29490714     10240.00
      90.559     0.999915     29491071     11702.86
      94.079     0.999927     29491436     13653.33
      97.855     0.999939     29491794     16384.00
      99.967     0.999945     29491975     18204.44
     102.271     0.999951     29492152     20480.00
     104.447     0.999957     29492332     23405.71
     107.455     0.999963     29492511     27306.67
     111.167     0.999969     29492693     32768.00
     113.023     0.999973     29492782     36408.89
     115.391     0.999976     29492872     40960.00
     118.271     0.999979     29492961     46811.43
     121.663     0.999982     29493052     54613.33
     124.991     0.999985     29493144     65536.00
     126.719     0.999986     29493186     72817.78
     128.895     0.999988     29493231     81920.00
     131.455     0.999989     29493278     93622.86
     134.143     0.999991     29493321    109226.67
     137.087     0.999992     29493369    131072.00
     138.751     0.999993     29493389    145635.56
     140.927     0.999994     29493412    163840.00
     143.999     0.999995     29493435    187245.71
     146.175     0.999995     29493456    218453.33
     148.735     0.999996     29493479    262144.00
     149.887     0.999997     29493490    291271.11
     151.935     0.999997     29493501    327680.00
     153.343     0.999997     29493513    374491.43
     155.391     0.999998     29493526    436906.67
     156.799     0.999998     29493536    524288.00
     157.951     0.999998     29493542    582542.22
     159.359     0.999998     29493546    655360.00
     160.255     0.999999     29493552    748982.86
     162.943     0.999999     29493558    873813.33
     164.223     0.999999     29493563   1048576.00
     164.863     0.999999     29493566   1165084.44
     166.527     0.999999     29493569   1310720.00
     167.679     0.999999     29493572   1497965.71
     169.599     0.999999     29493575   1747626.67
     171.007     1.000000     29493577   2097152.00
     172.415     1.000000     29493579   2330168.89
     172.799     1.000000     29493580   2621440.00
     174.591     1.000000     29493583   2995931.43
     174.591     1.000000     29493583   3495253.33
     175.103     1.000000     29493584   4194304.00
     175.615     1.000000     29493585   4660337.78
     176.127     1.000000     29493586   5242880.00
     176.255     1.000000     29493587   5991862.86
     176.255     1.000000     29493587   6990506.67
     178.175     1.000000     29493588   8388608.00
     178.175     1.000000     29493588   9320675.55
     179.583     1.000000     29493589  10485760.00
     179.583     1.000000     29493589  11983725.71
     179.583     1.000000     29493589  13981013.34
     182.015     1.000000     29493590  16777216.00
     182.015     1.000000     29493590  18641351.10
     182.015     1.000000     29493590  20971519.98
     182.015     1.000000     29493590  23967451.45
     182.015     1.000000     29493590  27962026.68
     182.911     1.000000     29493591  33554432.00
     182.911     1.000000     29493591          inf
#[Mean    =        2.312, StdDeviation   =        2.801]
#[Max     =      182.784, Total count    =     29493591]
#[Buckets =           27, SubBuckets     =         2048]
----------------------------------------------------------
  29993594 requests in 10.00m, 4.30GB read
Requests/sec:  49989.44
Transfer/sec:      7.34MB
