Running 10m test @ http://localhost:9999/math/plus?x=1&y=2
  16 threads and 400 connections
  Thread calibration: mean lat.: 2.015ms, rate sampling interval: 10ms
  Thread calibration: mean lat.: 1.904ms, rate sampling interval: 10ms
  Thread calibration: mean lat.: 2.018ms, rate sampling interval: 10ms
  Thread calibration: mean lat.: 2.142ms, rate sampling interval: 10ms
  Thread calibration: mean lat.: 2.011ms, rate sampling interval: 10ms
  Thread calibration: mean lat.: 2.581ms, rate sampling interval: 10ms
  Thread calibration: mean lat.: 1.867ms, rate sampling interval: 10ms
  Thread calibration: mean lat.: 1.810ms, rate sampling interval: 10ms
  Thread calibration: mean lat.: 1.933ms, rate sampling interval: 10ms
  Thread calibration: mean lat.: 2.775ms, rate sampling interval: 10ms
  Thread calibration: mean lat.: 1.853ms, rate sampling interval: 10ms
  Thread calibration: mean lat.: 2.811ms, rate sampling interval: 12ms
  Thread calibration: mean lat.: 1.761ms, rate sampling interval: 10ms
  Thread calibration: mean lat.: 3.006ms, rate sampling interval: 13ms
  Thread calibration: mean lat.: 1.841ms, rate sampling interval: 10ms
  Thread calibration: mean lat.: 1.866ms, rate sampling interval: 10ms
  Thread Stats   Avg      Stdev     Max   +/- Stdev
    Latency     1.93ms    1.87ms  36.32ms   89.84%
    Req/Sec   657.47    646.79     3.00k    66.52%
  Latency Distribution (HdrHistogram - Recorded Latency)
 50.000%    1.38ms
 75.000%    2.13ms
 90.000%    3.83ms
 99.000%    9.62ms
 99.900%   17.61ms
 99.990%   24.14ms
 99.999%   29.53ms
100.000%   36.35ms

  Detailed Percentile spectrum:
       Value   Percentile   TotalCount 1/(1-Percentile)

       0.074     0.000000            1         1.00
       0.606     0.100000       591560         1.11
       0.827     0.200000      1182350         1.25
       1.021     0.300000      1772154         1.43
       1.200     0.400000      2362558         1.67
       1.377     0.500000      2949478         2.00
       1.478     0.550000      3244605         2.22
       1.596     0.600000      3539859         2.50
       1.737     0.650000      3835796         2.86
       1.909     0.700000      4129879         3.33
       2.135     0.750000      4425765         4.00
       2.281     0.775000      4572580         4.44
       2.465     0.800000      4720321         5.00
       2.691     0.825000      4866612         5.71
       2.975     0.850000      5014094         6.67
       3.341     0.875000      5161473         8.00
       3.569     0.887500      5235447         8.89
       3.831     0.900000      5309205        10.00
       4.131     0.912500      5382753        11.43
       4.487     0.925000      5456560        13.33
       4.915     0.937500      5530072        16.00
       5.171     0.943750      5567294        17.78
       5.451     0.950000      5603849        20.00
       5.775     0.956250      5640868        22.86
       6.155     0.962500      5677736        26.67
       6.611     0.968750      5714564        32.00
       6.871     0.971875      5732731        35.56
       7.175     0.975000      5751314        40.00
       7.519     0.978125      5769648        45.71
       7.919     0.981250      5788093        53.33
       8.383     0.984375      5806570        64.00
       8.671     0.985938      5815766        71.11
       8.991     0.987500      5825044        80.00
       9.359     0.989062      5834173        91.43
       9.815     0.990625      5843331       106.67
      10.399     0.992188      5852601       128.00
      10.759     0.992969      5857161       142.22
      11.167     0.993750      5861753       160.00
      11.663     0.994531      5866403       182.86
      12.199     0.995313      5870967       213.33
      12.863     0.996094      5875583       256.00
      13.247     0.996484      5877875       284.44
      13.679     0.996875      5880201       320.00
      14.167     0.997266      5882490       365.71
      14.759     0.997656      5884775       426.67
      15.439     0.998047      5887081       512.00
      15.799     0.998242      5888248       568.89
      16.183     0.998437      5889396       640.00
      16.623     0.998633      5890545       731.43
      17.119     0.998828      5891709       853.33
      17.695     0.999023      5892858      1024.00
      18.015     0.999121      5893441      1137.78
      18.383     0.999219      5894006      1280.00
      18.799     0.999316      5894572      1462.86
      19.247     0.999414      5895161      1706.67
      19.807     0.999512      5895726      2048.00
      20.127     0.999561      5896022      2275.56
      20.431     0.999609      5896299      2560.00
      20.831     0.999658      5896598      2925.71
      21.231     0.999707      5896874      3413.33
      21.711     0.999756      5897166      4096.00
      22.047     0.999780      5897309      4551.11
      22.383     0.999805      5897451      5120.00
      22.767     0.999829      5897593      5851.43
      23.135     0.999854      5897735      6826.67
      23.615     0.999878      5897880      8192.00
      23.887     0.999890      5897953      9102.22
      24.207     0.999902      5898025     10240.00
      24.543     0.999915      5898095     11702.86
      24.975     0.999927      5898171     13653.33
      25.359     0.999939      5898239     16384.00
      25.631     0.999945      5898276     18204.44
      25.919     0.999951      5898312     20480.00
      26.191     0.999957      5898349     23405.71
      26.463     0.999963      5898387     27306.67
      26.783     0.999969      5898421     32768.00
      26.975     0.999973      5898438     36408.89
      27.263     0.999976      5898455     40960.00
      27.471     0.999979      5898474     46811.43
      27.855     0.999982      5898491     54613.33
      28.623     0.999985      5898509     65536.00
      28.863     0.999986      5898518     72817.78
      29.087     0.999988      5898527     81920.00
      29.343     0.999989      5898536     93622.86
      29.807     0.999991      5898545    109226.67
      30.191     0.999992      5898554    131072.00
      30.543     0.999993      5898559    145635.56
      30.783     0.999994      5898563    163840.00
      31.023     0.999995      5898568    187245.71
      31.167     0.999995      5898572    218453.33
      31.423     0.999996      5898577    262144.00
      31.631     0.999997      5898579    291271.11
      31.855     0.999997      5898581    327680.00
      32.063     0.999997      5898584    374491.43
      32.463     0.999998      5898586    436906.67
      32.959     0.999998      5898588    524288.00
      33.087     0.999998      5898590    582542.22
      33.087     0.999998      5898590    655360.00
      33.599     0.999999      5898592    748982.86
      33.631     0.999999      5898593    873813.33
      33.727     0.999999      5898594   1048576.00
      33.727     0.999999      5898594   1165084.44
      33.791     0.999999      5898595   1310720.00
      33.983     0.999999      5898597   1497965.71
      33.983     0.999999      5898597   1747626.67
      33.983     1.000000      5898597   2097152.00
      33.983     1.000000      5898597   2330168.89
      33.983     1.000000      5898597   2621440.00
      34.687     1.000000      5898598   2995931.43
      34.687     1.000000      5898598   3495253.33
      34.687     1.000000      5898598   4194304.00
      34.687     1.000000      5898598   4660337.78
      34.687     1.000000      5898598   5242880.00
      36.351     1.000000      5898599   5991862.86
      36.351     1.000000      5898599          inf
#[Mean    =        1.925, StdDeviation   =        1.868]
#[Max     =       36.320, Total count    =      5898599]
#[Buckets =           27, SubBuckets     =         2048]
----------------------------------------------------------
  5995947 requests in 10.00m, 0.86GB read
Requests/sec:   9993.22
Transfer/sec:      1.47MB
