Running 10m test @ http://localhost:9999/math/plus?x=1&y=2
  16 threads and 400 connections
  Thread calibration: mean lat.: 2.143ms, rate sampling interval: 10ms
  Thread calibration: mean lat.: 1.921ms, rate sampling interval: 10ms
  Thread calibration: mean lat.: 2.008ms, rate sampling interval: 10ms
  Thread calibration: mean lat.: 1.935ms, rate sampling interval: 10ms
  Thread calibration: mean lat.: 2.077ms, rate sampling interval: 10ms
  Thread calibration: mean lat.: 1.977ms, rate sampling interval: 10ms
  Thread calibration: mean lat.: 2.073ms, rate sampling interval: 10ms
  Thread calibration: mean lat.: 1.978ms, rate sampling interval: 10ms
  Thread calibration: mean lat.: 1.976ms, rate sampling interval: 10ms
  Thread calibration: mean lat.: 2.063ms, rate sampling interval: 10ms
  Thread calibration: mean lat.: 2.108ms, rate sampling interval: 10ms
  Thread calibration: mean lat.: 1.618ms, rate sampling interval: 10ms
  Thread calibration: mean lat.: 1.973ms, rate sampling interval: 10ms
  Thread calibration: mean lat.: 2.083ms, rate sampling interval: 10ms
  Thread calibration: mean lat.: 1.973ms, rate sampling interval: 10ms
  Thread calibration: mean lat.: 1.983ms, rate sampling interval: 10ms
  Thread Stats   Avg      Stdev     Max   +/- Stdev
    Latency     1.88ms    1.39ms  35.20ms   86.30%
    Req/Sec   659.90    655.74     2.78k    62.33%
  Latency Distribution (HdrHistogram - Recorded Latency)
 50.000%    1.58ms
 75.000%    2.36ms
 90.000%    3.28ms
 99.000%    6.72ms
 99.900%   15.48ms
 99.990%   21.76ms
 99.999%   27.97ms
100.000%   35.23ms

  Detailed Percentile spectrum:
       Value   Percentile   TotalCount 1/(1-Percentile)

       0.063     0.000000            1         1.00
       0.692     0.100000       591553         1.11
       0.943     0.200000      1180701         1.25
       1.157     0.300000      1771218         1.43
       1.358     0.400000      2362114         1.67
       1.576     0.500000      2951621         2.00
       1.700     0.550000      3245994         2.22
       1.837     0.600000      3540824         2.50
       1.991     0.650000      3835778         2.86
       2.165     0.700000      4132150         3.33
       2.363     0.750000      4425575         4.00
       2.475     0.775000      4573278         4.44
       2.597     0.800000      4719859         5.00
       2.733     0.825000      4867719         5.71
       2.887     0.850000      5015093         6.67
       3.065     0.875000      5162390         8.00
       3.165     0.887500      5235470         8.89
       3.277     0.900000      5309727        10.00
       3.403     0.912500      5383417        11.43
       3.547     0.925000      5456349        13.33
       3.719     0.937500      5530371        16.00
       3.823     0.943750      5566851        17.78
       3.939     0.950000      5603934        20.00
       4.069     0.956250      5640634        22.86
       4.227     0.962500      5677861        26.67
       4.423     0.968750      5714620        32.00
       4.539     0.971875      5732779        35.56
       4.679     0.975000      5751108        40.00
       4.855     0.978125      5769685        45.71
       5.079     0.981250      5788050        53.33
       5.395     0.984375      5806409        64.00
       5.615     0.985938      5815668        71.11
       5.915     0.987500      5824848        80.00
       6.355     0.989062      5834064        91.43
       7.003     0.990625      5843248       106.67
       7.879     0.992188      5852465       128.00
       8.343     0.992969      5857103       142.22
       8.879     0.993750      5861697       160.00
       9.495     0.994531      5866287       182.86
      10.191     0.995313      5870922       213.33
      10.927     0.996094      5875497       256.00
      11.335     0.996484      5877789       284.44
      11.783     0.996875      5880113       320.00
      12.239     0.997266      5882425       365.71
      12.759     0.997656      5884716       426.67
      13.367     0.998047      5887029       512.00
      13.703     0.998242      5888164       568.89
      14.063     0.998437      5889312       640.00
      14.471     0.998633      5890462       731.43
      14.983     0.998828      5891613       853.33
      15.559     0.999023      5892769      1024.00
      15.895     0.999121      5893347      1137.78
      16.255     0.999219      5893914      1280.00
      16.655     0.999316      5894490      1462.86
      17.103     0.999414      5895082      1706.67
      17.599     0.999512      5895650      2048.00
      17.887     0.999561      5895938      2275.56
      18.191     0.999609      5896226      2560.00
      18.591     0.999658      5896518      2925.71
      18.991     0.999707      5896802      3413.33
      19.487     0.999756      5897088      4096.00
      19.775     0.999780      5897233      4551.11
      20.079     0.999805      5897373      5120.00
      20.415     0.999829      5897515      5851.43
      20.751     0.999854      5897660      6826.67
      21.247     0.999878      5897805      8192.00
      21.471     0.999890      5897877      9102.22
      21.823     0.999902      5897950     10240.00
      22.127     0.999915      5898019     11702.86
      22.655     0.999927      5898093     13653.33
      23.215     0.999939      5898162     16384.00
      23.551     0.999945      5898199     18204.44
      23.887     0.999951      5898235     20480.00
      24.207     0.999957      5898270     23405.71
      24.607     0.999963      5898306     27306.67
      24.991     0.999969      5898345     32768.00
      25.183     0.999973      5898360     36408.89
      25.455     0.999976      5898378     40960.00
      25.743     0.999979      5898396     46811.43
      26.383     0.999982      5898414     54613.33
      26.911     0.999985      5898432     65536.00
      27.119     0.999986      5898441     72817.78
      27.343     0.999988      5898450     81920.00
      27.695     0.999989      5898459     93622.86
      28.063     0.999991      5898469    109226.67
      28.367     0.999992      5898477    131072.00
      28.575     0.999993      5898482    145635.56
      28.655     0.999994      5898486    163840.00
      28.863     0.999995      5898491    187245.71
      29.183     0.999995      5898495    218453.33
      29.599     0.999996      5898500    262144.00
      29.679     0.999997      5898502    291271.11
      29.807     0.999997      5898504    327680.00
      30.191     0.999997      5898507    374491.43
      30.975     0.999998      5898509    436906.67
      31.295     0.999998      5898511    524288.00
      31.583     0.999998      5898512    582542.22
      31.999     0.999998      5898513    655360.00
      32.383     0.999999      5898515    748982.86
      32.495     0.999999      5898516    873813.33
      32.895     0.999999      5898517   1048576.00
      32.895     0.999999      5898517   1165084.44
      33.439     0.999999      5898518   1310720.00
      33.727     0.999999      5898519   1497965.71
      33.727     0.999999      5898519   1747626.67
      34.303     1.000000      5898520   2097152.00
      34.303     1.000000      5898520   2330168.89
      34.303     1.000000      5898520   2621440.00
      34.399     1.000000      5898521   2995931.43
      34.399     1.000000      5898521   3495253.33
      34.399     1.000000      5898521   4194304.00
      34.399     1.000000      5898521   4660337.78
      34.399     1.000000      5898521   5242880.00
      35.231     1.000000      5898522   5991862.86
      35.231     1.000000      5898522          inf
#[Mean    =        1.880, StdDeviation   =        1.393]
#[Max     =       35.200, Total count    =      5898522]
#[Buckets =           27, SubBuckets     =         2048]
----------------------------------------------------------
  5997601 requests in 10.00m, 0.86GB read
Requests/sec:   9995.90
Transfer/sec:      1.47MB
