Running 10m test @ http://localhost:9999/math/plus?x=1&y=2
  16 threads and 400 connections
  Thread calibration: mean lat.: 845.220ms, rate sampling interval: 3911ms
  Thread calibration: mean lat.: 549.370ms, rate sampling interval: 3180ms
  Thread calibration: mean lat.: 811.858ms, rate sampling interval: 3788ms
  Thread calibration: mean lat.: 770.623ms, rate sampling interval: 3958ms
  Thread calibration: mean lat.: 962.494ms, rate sampling interval: 4206ms
  Thread calibration: mean lat.: 533.844ms, rate sampling interval: 3059ms
  Thread calibration: mean lat.: 884.132ms, rate sampling interval: 4304ms
  Thread calibration: mean lat.: 583.022ms, rate sampling interval: 3104ms
  Thread calibration: mean lat.: 654.191ms, rate sampling interval: 3614ms
  Thread calibration: mean lat.: 748.571ms, rate sampling interval: 3717ms
  Thread calibration: mean lat.: 722.034ms, rate sampling interval: 3926ms
  Thread calibration: mean lat.: 839.312ms, rate sampling interval: 4108ms
  Thread calibration: mean lat.: 788.607ms, rate sampling interval: 3897ms
  Thread calibration: mean lat.: 802.619ms, rate sampling interval: 3883ms
  Thread calibration: mean lat.: 663.706ms, rate sampling interval: 3506ms
  Thread calibration: mean lat.: 602.670ms, rate sampling interval: 3160ms
  Thread Stats   Avg      Stdev     Max   +/- Stdev
    Latency    48.67s    50.66s    5.68m    85.37%
    Req/Sec     2.56k   121.64     2.99k    66.82%
  Latency Distribution (HdrHistogram - Recorded Latency)
 50.000%   34.96s 
 75.000%    1.28m 
 90.000%    1.92m 
 99.000%    3.76m 
 99.900%    5.00m 
 99.990%    5.53m 
 99.999%    5.66m 
100.000%    5.69m 

  Detailed Percentile spectrum:
       Value   Percentile   TotalCount 1/(1-Percentile)

       0.130     0.000000            1         1.00
     349.951     0.100000      2409698         1.11
    3086.335     0.200000      4819533         1.25
   10354.687     0.300000      7228873         1.43
   20299.775     0.400000      9638840         1.67
   34963.455     0.500000     12050338         2.00
   42795.007     0.550000     13252294         2.22
   50692.095     0.600000     14459820         2.50
   58949.631     0.650000     15661712         2.86
   67829.759     0.700000     16872283         3.33
   76611.583     0.750000     18071764         4.00
   81264.639     0.775000     18680508         4.44
   86441.983     0.800000     19275478         5.00
   92078.079     0.825000     19877855         5.71
   98435.071     0.850000     20483187         6.67
  105971.711     0.875000     21083573         8.00
  110493.695     0.887500     21386978         8.89
  115212.287     0.900000     21687441        10.00
  120324.095     0.912500     21986712        11.43
  125829.119     0.925000     22289689        13.33
  132710.399     0.937500     22590561        16.00
  136577.023     0.943750     22739215        17.78
  141819.903     0.950000     22891152        20.00
  148373.503     0.956250     23040839        22.86
  156499.967     0.962500     23191238        26.67
  166592.511     0.968750     23341654        32.00
  172359.679     0.971875     23417506        35.56
  178913.279     0.975000     23491897        40.00
  186384.383     0.978125     23567667        45.71
  194641.919     0.981250     23643498        53.33
  204210.175     0.984375     23718014        64.00
  209453.055     0.985938     23755457        71.11
  215351.295     0.987500     23793535        80.00
  221642.751     0.989062     23831168        91.43
  228458.495     0.990625     23869080       106.67
  235798.527     0.992188     23906357       128.00
  239992.831     0.992969     23924893       142.22
  245104.639     0.993750     23943739       160.00
  250478.591     0.994531     23962858       182.86
  256245.759     0.995313     23981574       213.33
  262668.287     0.996094     24000144       256.00
  266207.231     0.996484     24009757       284.44
  270270.463     0.996875     24019570       320.00
  274202.623     0.997266     24028587       365.71
  279183.359     0.997656     24038059       426.67
  284426.239     0.998047     24047564       512.00
  287047.679     0.998242     24051886       568.89
  290193.407     0.998437     24056851       640.00
  293601.279     0.998633     24061489       731.43
  297009.151     0.998828     24066151       853.33
  300417.023     0.999023     24070834      1024.00
  302252.031     0.999121     24073363      1137.78
  304349.183     0.999219     24075556      1280.00
  306970.623     0.999316     24077861      1462.86
  309592.063     0.999414     24080136      1706.67
  312999.935     0.999512     24082559      2048.00
  314834.943     0.999561     24083802      2275.56
  316407.807     0.999609     24084879      2560.00
  318242.815     0.999658     24086017      2925.71
  320339.967     0.999707     24087198      3413.33
  322437.119     0.999756     24088359      4096.00
  323747.839     0.999780     24089056      4551.11
  324796.415     0.999805     24089627      5120.00
  325844.991     0.999829     24090151      5851.43
  327679.999     0.999854     24090771      6826.67
  329777.151     0.999878     24091344      8192.00
  330825.727     0.999890     24091619      9102.22
  331874.303     0.999902     24091916     10240.00
  332922.879     0.999915     24092243     11702.86
  333971.455     0.999927     24092494     13653.33
  335282.175     0.999939     24092834     16384.00
  335806.463     0.999945     24092977     18204.44
  336330.751     0.999951     24093118     20480.00
  336855.039     0.999957     24093255     23405.71
  337379.327     0.999963     24093403     27306.67
  337903.615     0.999969     24093552     32768.00
  338165.759     0.999973     24093626     36408.89
  338427.903     0.999976     24093694     40960.00
  338690.047     0.999979     24093786     46811.43
  338952.191     0.999982     24093888     54613.33
  338952.191     0.999985     24093888     65536.00
  339214.335     0.999986     24093967     72817.78
  339214.335     0.999988     24093967     81920.00
  339476.479     0.999989     24094048     93622.86
  339476.479     0.999991     24094048    109226.67
  339738.623     0.999992     24094109    131072.00
  339738.623     0.999993     24094109    145635.56
  339738.623     0.999994     24094109    163840.00
  340000.767     0.999995     24094153    187245.71
  340000.767     0.999995     24094153    218453.33
  340000.767     0.999996     24094153    262144.00
  340262.911     0.999997     24094188    291271.11
  340262.911     0.999997     24094188    327680.00
  340262.911     0.999997     24094188    374491.43
  340262.911     0.999998     24094188    436906.67
  340525.055     0.999998     24094200    524288.00
  340525.055     0.999998     24094200    582542.22
  340787.199     0.999998     24094213    655360.00
  340787.199     0.999999     24094213    748982.86
  340787.199     0.999999     24094213    873813.33
  341049.343     0.999999     24094223   1048576.00
  341049.343     0.999999     24094223   1165084.44
  341049.343     0.999999     24094223   1310720.00
  341049.343     0.999999     24094223   1497965.71
  341311.487     0.999999     24094239   1747626.67
  341311.487     1.000000     24094239          inf
#[Mean    =    48669.624, StdDeviation   =    50663.642]
#[Max     =   341049.344, Total count    =     24094239]
#[Buckets =           27, SubBuckets     =         2048]
----------------------------------------------------------
  24512138 requests in 10.00m, 3.61GB read
Requests/sec:  40853.48
Transfer/sec:      6.16MB
