Running 10m test @ http://localhost:9999/math/plus?x=1&y=2
  16 threads and 400 connections
  Thread calibration: mean lat.: 1098.823ms, rate sampling interval: 5468ms
  Thread calibration: mean lat.: 1175.254ms, rate sampling interval: 5533ms
  Thread calibration: mean lat.: 993.259ms, rate sampling interval: 4886ms
  Thread calibration: mean lat.: 1258.622ms, rate sampling interval: 5713ms
  Thread calibration: mean lat.: 997.476ms, rate sampling interval: 5017ms
  Thread calibration: mean lat.: 1037.088ms, rate sampling interval: 4694ms
  Thread calibration: mean lat.: 1088.976ms, rate sampling interval: 5320ms
  Thread calibration: mean lat.: 1131.560ms, rate sampling interval: 5042ms
  Thread calibration: mean lat.: 1238.734ms, rate sampling interval: 5455ms
  Thread calibration: mean lat.: 1164.817ms, rate sampling interval: 5443ms
  Thread calibration: mean lat.: 1246.466ms, rate sampling interval: 5636ms
  Thread calibration: mean lat.: 1142.178ms, rate sampling interval: 5361ms
  Thread calibration: mean lat.: 1114.248ms, rate sampling interval: 5160ms
  Thread calibration: mean lat.: 1237.711ms, rate sampling interval: 5296ms
  Thread calibration: mean lat.: 1125.169ms, rate sampling interval: 5287ms
  Thread calibration: mean lat.: 1104.643ms, rate sampling interval: 5656ms
  Thread Stats   Avg      Stdev     Max   +/- Stdev
    Latency     1.58m     1.06m    6.34m    65.28%
    Req/Sec     2.51k   108.25     2.86k    67.53%
  Latency Distribution (HdrHistogram - Recorded Latency)
 50.000%    1.44m 
 75.000%    2.27m 
 90.000%    3.07m 
 99.000%    4.50m 
 99.900%    5.56m 
 99.990%    6.08m 
 99.999%    6.30m 
100.000%    6.35m 

  Detailed Percentile spectrum:
       Value   Percentile   TotalCount 1/(1-Percentile)

     547.839     0.000000            1         1.00
   17989.631     0.100000      2371426         1.11
   35454.975     0.200000      4739797         1.25
   52133.887     0.300000      7110939         1.43
   69468.159     0.400000      9479799         1.67
   86507.519     0.500000     11847047         2.00
   95682.559     0.550000     13033076         2.22
  104792.063     0.600000     14216359         2.50
  114360.319     0.650000     15401617         2.86
  124452.863     0.700000     16589826         3.33
  135921.663     0.750000     17778883         4.00
  142213.119     0.775000     18366944         4.44
  148897.791     0.800000     18956877         5.00
  156368.895     0.825000     19554159         5.71
  164364.287     0.850000     20140269         6.67
  173539.327     0.875000     20732835         8.00
  178913.279     0.887500     21032201         8.89
  184287.231     0.900000     21329725        10.00
  189792.255     0.912500     21624159        11.43
  195690.495     0.925000     21923069        13.33
  201850.879     0.937500     22216287        16.00
  205389.823     0.943750     22363408        17.78
  209190.911     0.950000     22512373        20.00
  213254.143     0.956250     22658583        22.86
  218497.023     0.962500     22807509        26.67
  224395.263     0.968750     22953690        32.00
  228327.423     0.971875     23027805        35.56
  233046.015     0.975000     23101447        40.00
  238551.039     0.978125     23174517        45.71
  245104.639     0.981250     23249076        53.33
  252313.599     0.984375     23322834        64.00
  256770.047     0.985938     23360247        71.11
  261488.639     0.987500     23396540        80.00
  266862.591     0.989062     23433918        91.43
  272629.759     0.990625     23471006       106.67
  278921.215     0.992188     23507675       128.00
  282591.231     0.992969     23526488       142.22
  286785.535     0.993750     23545221       160.00
  291241.983     0.994531     23563905       182.86
  295698.431     0.995313     23581785       213.33
  301203.455     0.996094     23600099       256.00
  304349.183     0.996484     23609704       284.44
  307494.911     0.996875     23618454       320.00
  310902.783     0.997266     23628070       365.71
  314834.943     0.997656     23637132       426.67
  318767.103     0.998047     23646165       512.00
  321126.399     0.998242     23650947       568.89
  323747.839     0.998437     23655405       640.00
  326893.567     0.998633     23660121       731.43
  330039.295     0.998828     23664728       853.33
  333971.455     0.999023     23669499      1024.00
  335806.463     0.999121     23671797      1137.78
  337903.615     0.999219     23674114      1280.00
  340000.767     0.999316     23676422      1462.86
  342360.063     0.999414     23678587      1706.67
  345243.647     0.999512     23680904      2048.00
  347078.655     0.999561     23682157      2275.56
  348651.519     0.999609     23683268      2560.00
  350748.671     0.999658     23684435      2925.71
  353107.967     0.999707     23685553      3413.33
  355729.407     0.999756     23686761      4096.00
  356777.983     0.999780     23687213      4551.11
  358088.703     0.999805     23687806      5120.00
  359923.711     0.999829     23688418      5851.43
  361496.575     0.999854     23689007      6826.67
  363069.439     0.999878     23689522      8192.00
  363855.871     0.999890     23689799      9102.22
  364904.447     0.999902     23690179     10240.00
  365690.879     0.999915     23690474     11702.86
  366477.311     0.999927     23690709     13653.33
  367788.031     0.999939     23690954     16384.00
  369098.751     0.999945     23691127     18204.44
  370147.327     0.999951     23691333     20480.00
  370671.615     0.999957     23691403     23405.71
  371458.047     0.999963     23691541     27306.67
  372506.623     0.999969     23691721     32768.00
  372768.767     0.999973     23691783     36408.89
  373293.055     0.999976     23691825     40960.00
  374341.631     0.999979     23691908     46811.43
  375390.207     0.999982     23691985     54613.33
  376176.639     0.999985     23692056     65536.00
  376438.783     0.999986     23692073     72817.78
  377225.215     0.999988     23692130     81920.00
  377487.359     0.999989     23692153     93622.86
  378011.647     0.999991     23692183    109226.67
  378535.935     0.999992     23692218    131072.00
  379060.223     0.999993     23692240    145635.56
  379322.367     0.999994     23692262    163840.00
  379584.511     0.999995     23692287    187245.71
  379846.655     0.999995     23692303    218453.33
  380108.799     0.999996     23692328    262144.00
  380108.799     0.999997     23692328    291271.11
  380108.799     0.999997     23692328    327680.00
  380370.943     0.999997     23692353    374491.43
  380370.943     0.999998     23692353    436906.67
  380370.943     0.999998     23692353    524288.00
  380633.087     0.999998     23692372    582542.22
  380633.087     0.999998     23692372    655360.00
  380633.087     0.999999     23692372    748982.86
  380633.087     0.999999     23692372    873813.33
  380895.231     0.999999     23692398   1048576.00
  380895.231     1.000000     23692398          inf
#[Mean    =    94990.159, StdDeviation   =    63341.265]
#[Max     =   380633.088, Total count    =     23692398]
#[Buckets =           27, SubBuckets     =         2048]
----------------------------------------------------------
  24126431 requests in 10.00m, 3.55GB read
Requests/sec:  40210.73
Transfer/sec:      6.06MB
