Running 10m test @ http://localhost:9999/math/plus?x=1&y=2
  16 threads and 400 connections
  Thread calibration: mean lat.: 39.761ms, rate sampling interval: 166ms
  Thread calibration: mean lat.: 41.121ms, rate sampling interval: 209ms
  Thread calibration: mean lat.: 36.502ms, rate sampling interval: 121ms
  Thread calibration: mean lat.: 30.843ms, rate sampling interval: 171ms
  Thread calibration: mean lat.: 34.373ms, rate sampling interval: 200ms
  Thread calibration: mean lat.: 41.071ms, rate sampling interval: 167ms
  Thread calibration: mean lat.: 22.480ms, rate sampling interval: 113ms
  Thread calibration: mean lat.: 49.828ms, rate sampling interval: 250ms
  Thread calibration: mean lat.: 29.188ms, rate sampling interval: 148ms
  Thread calibration: mean lat.: 26.293ms, rate sampling interval: 131ms
  Thread calibration: mean lat.: 32.055ms, rate sampling interval: 186ms
  Thread calibration: mean lat.: 18.373ms, rate sampling interval: 94ms
  Thread calibration: mean lat.: 54.831ms, rate sampling interval: 225ms
  Thread calibration: mean lat.: 30.585ms, rate sampling interval: 156ms
  Thread calibration: mean lat.: 38.593ms, rate sampling interval: 173ms
  Thread calibration: mean lat.: 42.106ms, rate sampling interval: 199ms
  Thread Stats   Avg      Stdev     Max   +/- Stdev
    Latency    60.75ms  239.66ms   5.14s    95.97%
    Req/Sec     3.76k   229.82     4.93k    77.84%
  Latency Distribution (HdrHistogram - Recorded Latency)
 50.000%    7.59ms
 75.000%   28.35ms
 90.000%  102.21ms
 99.000%    1.13s 
 99.900%    3.27s 
 99.990%    4.59s 
 99.999%    4.97s 
100.000%    5.14s 

  Detailed Percentile spectrum:
       Value   Percentile   TotalCount 1/(1-Percentile)

       0.094     0.000000            1         1.00
       1.281     0.100000      3540204         1.11
       2.091     0.200000      7082424         1.25
       3.243     0.300000     10617225         1.43
       4.919     0.400000     14161773         1.67
       7.591     0.500000     17695111         2.00
       9.679     0.550000     19470402         2.22
      12.335     0.600000     21236247         2.50
      16.047     0.650000     23005781         2.86
      21.071     0.700000     24775960         3.33
      28.351     0.750000     26545336         4.00
      33.279     0.775000     27430994         4.44
      39.647     0.800000     28311942         5.00
      48.159     0.825000     29199025         5.71
      59.743     0.850000     30081871         6.67
      76.671     0.875000     30968793         8.00
      87.935     0.887500     31408759         8.89
     102.207     0.900000     31851915        10.00
     120.511     0.912500     32294552        11.43
     145.279     0.925000     32737174        13.33
     180.991     0.937500     33179195        16.00
     205.311     0.943750     33400237        17.78
     235.391     0.950000     33620611        20.00
     274.175     0.956250     33842792        22.86
     326.143     0.962500     34063407        26.67
     397.055     0.968750     34284533        32.00
     442.879     0.971875     34394498        35.56
     498.687     0.975000     34505119        40.00
     568.319     0.978125     34616022        45.71
     655.871     0.981250     34726330        53.33
     773.631     0.984375     34837088        64.00
     848.895     0.985938     34892188        71.11
     940.031     0.987500     34947571        80.00
    1050.623     0.989062     35002886        91.43
    1185.791     0.990625     35058165       106.67
    1351.679     0.992188     35113482       128.00
    1447.935     0.992969     35141156       142.22
    1563.647     0.993750     35168791       160.00
    1682.431     0.994531     35196253       182.86
    1832.959     0.995313     35223961       213.33
    2010.111     0.996094     35251610       256.00
    2109.439     0.996484     35265365       284.44
    2220.031     0.996875     35279401       320.00
    2338.815     0.997266     35293055       365.71
    2471.935     0.997656     35306971       426.67
    2635.775     0.998047     35320797       512.00
    2738.175     0.998242     35327663       568.89
    2838.527     0.998437     35334568       640.00
    2967.551     0.998633     35341487       731.43
    3129.343     0.998828     35348370       853.33
    3293.183     0.999023     35355275      1024.00
    3383.295     0.999121     35358695      1137.78
    3481.599     0.999219     35362174      1280.00
    3588.095     0.999316     35365628      1462.86
    3706.879     0.999414     35369067      1706.67
    3856.383     0.999512     35372518      2048.00
    3919.871     0.999561     35374273      2275.56
    3977.215     0.999609     35375991      2560.00
    4032.511     0.999658     35377718      2925.71
    4104.191     0.999707     35379459      3413.33
    4171.775     0.999756     35381163      4096.00
    4222.975     0.999780     35382032      4551.11
    4263.935     0.999805     35382906      5120.00
    4317.183     0.999829     35383741      5851.43
    4419.583     0.999854     35384603      6826.67
    4509.695     0.999878     35385494      8192.00
    4554.751     0.999890     35385911      9102.22
    4591.615     0.999902     35386329     10240.00
    4644.863     0.999915     35386762     11702.86
    4702.207     0.999927     35387212     13653.33
    4747.263     0.999939     35387636     16384.00
    4763.647     0.999945     35387838     18204.44
    4780.031     0.999951     35388095     20480.00
    4796.415     0.999957     35388285     23405.71
    4820.991     0.999963     35388493     27306.67
    4845.567     0.999969     35388712     32768.00
    4861.951     0.999973     35388835     36408.89
    4882.431     0.999976     35388923     40960.00
    4907.007     0.999979     35389042     46811.43
    4927.487     0.999982     35389136     54613.33
    4947.967     0.999985     35389258     65536.00
    4952.063     0.999986     35389301     72817.78
    4960.255     0.999988     35389374     81920.00
    4964.351     0.999989     35389408     93622.86
    4972.543     0.999991     35389465    109226.67
    4988.927     0.999992     35389518    131072.00
    5001.215     0.999993     35389544    145635.56
    5017.599     0.999994     35389568    163840.00
    5025.791     0.999995     35389595    187245.71
    5042.175     0.999995     35389621    218453.33
    5054.463     0.999996     35389647    262144.00
    5062.655     0.999997     35389665    291271.11
    5066.751     0.999997     35389671    327680.00
    5074.943     0.999997     35389689    374491.43
    5079.039     0.999998     35389702    436906.67
    5087.231     0.999998     35389725    524288.00
    5087.231     0.999998     35389725    582542.22
    5087.231     0.999998     35389725    655360.00
    5091.327     0.999999     35389732    748982.86
    5103.615     0.999999     35389743    873813.33
    5107.711     0.999999     35389746   1048576.00
    5115.903     0.999999     35389750   1165084.44
    5119.999     0.999999     35389754   1310720.00
    5124.095     0.999999     35389760   1497965.71
    5124.095     0.999999     35389760   1747626.67
    5128.191     1.000000     35389765   2097152.00
    5128.191     1.000000     35389765   2330168.89
    5132.287     1.000000     35389771   2621440.00
    5132.287     1.000000     35389771   2995931.43
    5132.287     1.000000     35389771   3495253.33
    5132.287     1.000000     35389771   4194304.00
    5136.383     1.000000     35389775   4660337.78
    5136.383     1.000000     35389775   5242880.00
    5136.383     1.000000     35389775   5991862.86
    5136.383     1.000000     35389775   6990506.67
    5136.383     1.000000     35389775   8388608.00
    5140.479     1.000000     35389778   9320675.55
    5140.479     1.000000     35389778  10485760.00
    5140.479     1.000000     35389778  11983725.71
    5140.479     1.000000     35389778  13981013.34
    5140.479     1.000000     35389778  16777216.00
    5140.479     1.000000     35389778  18641351.10
    5140.479     1.000000     35389778  20971519.98
    5140.479     1.000000     35389778  23967451.45
    5140.479     1.000000     35389778  27962026.68
    5140.479     1.000000     35389778  33554432.00
    5144.575     1.000000     35389779  37282702.28
    5144.575     1.000000     35389779          inf
#[Mean    =       60.749, StdDeviation   =      239.662]
#[Max     =     5140.480, Total count    =     35389779]
#[Buckets =           27, SubBuckets     =         2048]
----------------------------------------------------------
  35987745 requests in 10.00m, 5.30GB read
Requests/sec:  59979.68
Transfer/sec:      9.04MB
