Running 10m test @ http://localhost:9999/math/plus?x=1&y=2
  16 threads and 400 connections
  Thread calibration: mean lat.: 524.845ms, rate sampling interval: 2945ms
  Thread calibration: mean lat.: 322.238ms, rate sampling interval: 2295ms
  Thread calibration: mean lat.: 371.759ms, rate sampling interval: 2289ms
  Thread calibration: mean lat.: 462.685ms, rate sampling interval: 2766ms
  Thread calibration: mean lat.: 450.544ms, rate sampling interval: 2582ms
  Thread calibration: mean lat.: 382.708ms, rate sampling interval: 2482ms
  Thread calibration: mean lat.: 381.219ms, rate sampling interval: 2529ms
  Thread calibration: mean lat.: 461.775ms, rate sampling interval: 2613ms
  Thread calibration: mean lat.: 504.206ms, rate sampling interval: 2781ms
  Thread calibration: mean lat.: 406.109ms, rate sampling interval: 2562ms
  Thread calibration: mean lat.: 457.702ms, rate sampling interval: 2678ms
  Thread calibration: mean lat.: 404.222ms, rate sampling interval: 2412ms
  Thread calibration: mean lat.: 378.911ms, rate sampling interval: 2461ms
  Thread calibration: mean lat.: 450.169ms, rate sampling interval: 2574ms
  Thread calibration: mean lat.: 494.785ms, rate sampling interval: 2973ms
  Thread calibration: mean lat.: 335.003ms, rate sampling interval: 2125ms
  Thread Stats   Avg      Stdev     Max   +/- Stdev
    Latency     0.85m     0.87m    5.69m    83.38%
    Req/Sec     2.52k   142.39     3.00k    68.75%
  Latency Distribution (HdrHistogram - Recorded Latency)
 50.000%   37.98s 
 75.000%    1.35m 
 90.000%    2.04m 
 99.000%    3.66m 
 99.900%    4.83m 
 99.990%    5.36m 
 99.999%    5.65m 
100.000%    5.70m 

  Detailed Percentile spectrum:
       Value   Percentile   TotalCount 1/(1-Percentile)

       0.129     0.000000            1         1.00
     153.087     0.100000      2375243         1.11
    1349.631     0.200000      4749741         1.25
   10641.407     0.300000      7124310         1.43
   24461.311     0.400000      9498905         1.67
   37978.111     0.500000     11874096         2.00
   45088.767     0.550000     13063103         2.22
   52068.351     0.600000     14251096         2.50
   59736.063     0.650000     15437492         2.86
   69468.159     0.700000     16626793         3.33
   81264.639     0.750000     17814356         4.00
   87425.023     0.775000     18403857         4.44
   93978.623     0.800000     19000799         5.00
  100663.295     0.825000     19591553         5.71
  107610.111     0.850000     20190298         6.67
  114819.071     0.875000     20782777         8.00
  118685.695     0.887500     21076335         8.89
  122683.391     0.900000     21372555        10.00
  127336.447     0.912500     21670808        11.43
  133496.831     0.925000     21966044        13.33
  141033.471     0.937500     22263547        16.00
  145358.847     0.943750     22413507        17.78
  149815.295     0.950000     22562589        20.00
  154271.743     0.956250     22709747        22.86
  159645.695     0.962500     22858906        26.67
  167247.871     0.968750     23006505        32.00
  171966.463     0.971875     23080418        35.56
  177340.415     0.975000     23152872        40.00
  183631.871     0.978125     23227055        45.71
  190971.903     0.981250     23302036        53.33
  199491.583     0.984375     23375995        64.00
  204210.175     0.985938     23413146        71.11
  209584.127     0.987500     23449691        80.00
  215613.439     0.989062     23487114        91.43
  222167.039     0.990625     23524120       106.67
  229900.287     0.992188     23561399       128.00
  233832.447     0.992969     23579646       142.22
  237895.679     0.993750     23597935       160.00
  242614.271     0.994531     23616751       182.86
  247988.223     0.995313     23635022       213.33
  254410.751     0.996094     23653668       256.00
  257949.695     0.996484     23663045       284.44
  261357.567     0.996875     23672172       320.00
  265158.655     0.997266     23681415       365.71
  269746.175     0.997656     23690887       426.67
  274989.055     0.998047     23700309       512.00
  277610.495     0.998242     23704840       568.89
  280494.079     0.998437     23709323       640.00
  283377.663     0.998633     23714013       731.43
  286523.391     0.998828     23718513       853.33
  289931.263     0.999023     23723151      1024.00
  292028.415     0.999121     23725596      1137.78
  294125.567     0.999219     23727897      1280.00
  296747.007     0.999316     23730264      1462.86
  299892.735     0.999414     23732541      1706.67
  303300.607     0.999512     23734851      2048.00
  304873.471     0.999561     23736054      2275.56
  306446.335     0.999609     23737087      2560.00
  308543.487     0.999658     23738219      2925.71
  310902.783     0.999707     23739390      3413.33
  313262.079     0.999756     23740640      4096.00
  314310.655     0.999780     23741194      4551.11
  315621.375     0.999805     23741714      5120.00
  317194.239     0.999829     23742384      5851.43
  318504.959     0.999854     23742887      6826.67
  320077.823     0.999878     23743493      8192.00
  320864.255     0.999890     23743831      9102.22
  321388.543     0.999902     23744019     10240.00
  322437.119     0.999915     23744300     11702.86
  324272.127     0.999927     23744625     13653.33
  326107.135     0.999939     23744891     16384.00
  327679.999     0.999945     23745023     18204.44
  329252.863     0.999951     23745174     20480.00
  330563.583     0.999957     23745307     23405.71
  332398.591     0.999963     23745463     27306.67
  333971.455     0.999969     23745627     32768.00
  334233.599     0.999973     23745669     36408.89
  335282.175     0.999976     23745749     40960.00
  336330.751     0.999979     23745836     46811.43
  337117.183     0.999982     23745908     54613.33
  337903.615     0.999985     23745969     65536.00
  338427.903     0.999986     23746015     72817.78
  338690.047     0.999988     23746055     81920.00
  338952.191     0.999989     23746087     93622.86
  339214.335     0.999991     23746111    109226.67
  339738.623     0.999992     23746150    131072.00
  340000.767     0.999993     23746171    145635.56
  340262.911     0.999994     23746188    163840.00
  340525.055     0.999995     23746214    187245.71
  340525.055     0.999995     23746214    218453.33
  340787.199     0.999996     23746236    262144.00
  341049.343     0.999997     23746266    291271.11
  341049.343     0.999997     23746266    327680.00
  341049.343     0.999997     23746266    374491.43
  341049.343     0.999998     23746266    436906.67
  341311.487     0.999998     23746285    524288.00
  341311.487     0.999998     23746285    582542.22
  341311.487     0.999998     23746285    655360.00
  341573.631     0.999999     23746307    748982.86
  341573.631     0.999999     23746307    873813.33
  341573.631     0.999999     23746307   1048576.00
  341573.631     0.999999     23746307   1165084.44
  341573.631     0.999999     23746307   1310720.00
  341573.631     0.999999     23746307   1497965.71
  341573.631     0.999999     23746307   1747626.67
  341835.775     1.000000     23746320   2097152.00
  341835.775     1.000000     23746320          inf
#[Mean    =    51109.605, StdDeviation   =    51958.310]
#[Max     =   341573.632, Total count    =     23746320]
#[Buckets =           27, SubBuckets     =         2048]
----------------------------------------------------------
  24185719 requests in 10.00m, 3.56GB read
Requests/sec:  40309.63
Transfer/sec:      6.07MB
