Running 10m test @ http://localhost:9999/math/plus?x=1&y=2
  16 threads and 400 connections
  Thread calibration: mean lat.: 644.121ms, rate sampling interval: 3356ms
  Thread calibration: mean lat.: 744.733ms, rate sampling interval: 3538ms
  Thread calibration: mean lat.: 697.237ms, rate sampling interval: 3432ms
  Thread calibration: mean lat.: 795.817ms, rate sampling interval: 3907ms
  Thread calibration: mean lat.: 584.479ms, rate sampling interval: 3180ms
  Thread calibration: mean lat.: 783.156ms, rate sampling interval: 4255ms
  Thread calibration: mean lat.: 720.740ms, rate sampling interval: 3983ms
  Thread calibration: mean lat.: 642.818ms, rate sampling interval: 3323ms
  Thread calibration: mean lat.: 689.071ms, rate sampling interval: 3391ms
  Thread calibration: mean lat.: 686.985ms, rate sampling interval: 3387ms
  Thread calibration: mean lat.: 599.778ms, rate sampling interval: 3006ms
  Thread calibration: mean lat.: 627.241ms, rate sampling interval: 3256ms
  Thread calibration: mean lat.: 620.436ms, rate sampling interval: 3215ms
  Thread calibration: mean lat.: 677.382ms, rate sampling interval: 3477ms
  Thread calibration: mean lat.: 944.462ms, rate sampling interval: 4562ms
  Thread calibration: mean lat.: 466.425ms, rate sampling interval: 2662ms
  Thread Stats   Avg      Stdev     Max   +/- Stdev
    Latency    49.89s     0.85m    5.82m    85.74%
    Req/Sec     2.56k   165.08     3.13k    70.39%
  Latency Distribution (HdrHistogram - Recorded Latency)
 50.000%   36.60s 
 75.000%    1.30m 
 90.000%    1.97m 
 99.000%    3.64m 
 99.900%    4.78m 
 99.990%    5.48m 
 99.999%    5.78m 
100.000%    5.82m 

  Detailed Percentile spectrum:
       Value   Percentile   TotalCount 1/(1-Percentile)

       0.103     0.000000            1         1.00
     144.127     0.100000      2405141         1.11
    2022.399     0.200000      4808665         1.25
   11223.039     0.300000      7213980         1.43
   23101.439     0.400000      9619918         1.67
   36601.855     0.500000     12025828         2.00
   43679.743     0.550000     13228880         2.22
   51609.599     0.600000     14428859         2.50
   59998.207     0.650000     15631261         2.86
   68878.335     0.700000     16833244         3.33
   77987.839     0.750000     18038325         4.00
   82640.895     0.775000     18640969         4.44
   87359.487     0.800000     19241894         5.00
   92667.903     0.825000     19841803         5.71
   98959.359     0.850000     20440611         6.67
  107020.287     0.875000     21038611         8.00
  112328.703     0.887500     21338260         8.89
  118423.551     0.900000     21640318        10.00
  125829.119     0.912500     21939439        11.43
  134086.655     0.925000     22241267        13.33
  143523.839     0.937500     22540437        16.00
  148635.647     0.943750     22691740        17.78
  153878.527     0.950000     22843929        20.00
  159514.623     0.956250     22994106        22.86
  164888.575     0.962500     23141713        26.67
  170786.815     0.968750     23294507        32.00
  173932.543     0.971875     23368550        35.56
  178126.847     0.975000     23441696        40.00
  183500.799     0.978125     23516867        45.71
  190185.471     0.981250     23592134        53.33
  198705.151     0.984375     23667256        64.00
  203423.743     0.985938     23704919        71.11
  208666.623     0.987500     23742353        80.00
  214564.863     0.989062     23780143        91.43
  220725.247     0.990625     23817868       106.67
  227934.207     0.992188     23855487       128.00
  232128.511     0.992969     23873818       142.22
  236716.031     0.993750     23892469       160.00
  241958.911     0.994531     23911294       182.86
  247070.719     0.995313     23930299       213.33
  252837.887     0.996094     23948990       256.00
  255590.399     0.996484     23958314       284.44
  258736.127     0.996875     23967869       320.00
  262406.143     0.997266     23977011       365.71
  266600.447     0.997656     23986386       426.67
  271056.895     0.998047     23995978       512.00
  273678.335     0.998242     24000787       568.89
  276299.775     0.998437     24005331       640.00
  279707.647     0.998633     24010081       731.43
  283115.519     0.998828     24014727       853.33
  287571.967     0.999023     24019444      1024.00
  290193.407     0.999121     24021667      1137.78
  292814.847     0.999219     24024139      1280.00
  294911.999     0.999316     24026359      1462.86
  297795.583     0.999414     24028808      1706.67
  300679.167     0.999512     24031026      2048.00
  302514.175     0.999561     24032189      2275.56
  304611.327     0.999609     24033439      2560.00
  307232.767     0.999658     24034537      2925.71
  309854.207     0.999707     24035731      3413.33
  312737.791     0.999756     24036866      4096.00
  314834.943     0.999780     24037473      4551.11
  316669.951     0.999805     24038031      5120.00
  320077.823     0.999829     24038625      5851.43
  323747.839     0.999854     24039244      6826.67
  326369.279     0.999878     24039805      8192.00
  327942.143     0.999890     24040146      9102.22
  329252.863     0.999902     24040403     10240.00
  330825.727     0.999915     24040721     11702.86
  332136.447     0.999927     24040987     13653.33
  333971.455     0.999939     24041291     16384.00
  335282.175     0.999945     24041411     18204.44
  337379.327     0.999951     24041562     20480.00
  339214.335     0.999957     24041733     23405.71
  340525.055     0.999963     24041859     27306.67
  342097.919     0.999969     24042011     32768.00
  342622.207     0.999973     24042075     36408.89
  343408.639     0.999976     24042153     40960.00
  343932.927     0.999979     24042219     46811.43
  344719.359     0.999982     24042296     54613.33
  345505.791     0.999985     24042380     65536.00
  345767.935     0.999986     24042411     72817.78
  346030.079     0.999988     24042433     81920.00
  346816.511     0.999989     24042478     93622.86
  347340.799     0.999991     24042534    109226.67
  347602.943     0.999992     24042560    131072.00
  347865.087     0.999993     24042584    145635.56
  347865.087     0.999994     24042584    163840.00
  348127.231     0.999995     24042600    187245.71
  348389.375     0.999995     24042627    218453.33
  348651.519     0.999996     24042666    262144.00
  348651.519     0.999997     24042666    291271.11
  348651.519     0.999997     24042666    327680.00
  348651.519     0.999997     24042666    374491.43
  348913.663     0.999998     24042691    436906.67
  348913.663     0.999998     24042691    524288.00
  348913.663     0.999998     24042691    582542.22
  348913.663     0.999998     24042691    655360.00
  349175.807     0.999999     24042721    748982.86
  349175.807     0.999999     24042721    873813.33
  349175.807     0.999999     24042721   1048576.00
  349175.807     0.999999     24042721   1165084.44
  349175.807     0.999999     24042721   1310720.00
  349175.807     0.999999     24042721   1497965.71
  349175.807     0.999999     24042721   1747626.67
  349175.807     1.000000     24042721   2097152.00
  349175.807     1.000000     24042721   2330168.89
  349175.807     1.000000     24042721   2621440.00
  349175.807     1.000000     24042721   2995931.43
  349175.807     1.000000     24042721   3495253.33
  349175.807     1.000000     24042721   4194304.00
  349175.807     1.000000     24042721   4660337.78
  349437.951     1.000000     24042726   5242880.00
  349437.951     1.000000     24042726          inf
#[Mean    =    49890.435, StdDeviation   =    51154.902]
#[Max     =   349175.808, Total count    =     24042726]
#[Buckets =           27, SubBuckets     =         2048]
----------------------------------------------------------
  24453871 requests in 10.00m, 3.60GB read
Requests/sec:  40756.53
Transfer/sec:      6.14MB
