Running 10m test @ http://localhost:9999/math/plus?x=1&y=2
  16 threads and 400 connections
  Thread calibration: mean lat.: 1.668ms, rate sampling interval: 10ms
  Thread calibration: mean lat.: 1.720ms, rate sampling interval: 10ms
  Thread calibration: mean lat.: 1.723ms, rate sampling interval: 10ms
  Thread calibration: mean lat.: 1.768ms, rate sampling interval: 10ms
  Thread calibration: mean lat.: 1.714ms, rate sampling interval: 10ms
  Thread calibration: mean lat.: 2.298ms, rate sampling interval: 10ms
  Thread calibration: mean lat.: 1.843ms, rate sampling interval: 10ms
  Thread calibration: mean lat.: 1.852ms, rate sampling interval: 10ms
  Thread calibration: mean lat.: 1.776ms, rate sampling interval: 10ms
  Thread calibration: mean lat.: 1.591ms, rate sampling interval: 10ms
  Thread calibration: mean lat.: 1.813ms, rate sampling interval: 10ms
  Thread calibration: mean lat.: 1.704ms, rate sampling interval: 10ms
  Thread calibration: mean lat.: 1.683ms, rate sampling interval: 10ms
  Thread calibration: mean lat.: 1.696ms, rate sampling interval: 10ms
  Thread calibration: mean lat.: 1.796ms, rate sampling interval: 10ms
  Thread calibration: mean lat.: 1.660ms, rate sampling interval: 10ms
  Thread Stats   Avg      Stdev     Max   +/- Stdev
    Latency     1.72ms    1.22ms  28.32ms   80.66%
    Req/Sec   659.33    459.80     2.78k    80.06%
  Latency Distribution (HdrHistogram - Recorded Latency)
 50.000%    1.39ms
 75.000%    2.16ms
 90.000%    3.26ms
 99.000%    5.89ms
 99.900%   10.41ms
 99.990%   16.82ms
 99.999%   21.98ms
100.000%   28.33ms

  Detailed Percentile spectrum:
       Value   Percentile   TotalCount 1/(1-Percentile)

       0.069     0.000000            1         1.00
       0.591     0.100000       590162         1.11
       0.815     0.200000      1181507         1.25
       1.013     0.300000      1769690         1.43
       1.199     0.400000      2361286         1.67
       1.389     0.500000      2950503         2.00
       1.498     0.550000      3245572         2.22
       1.623     0.600000      3539640         2.50
       1.770     0.650000      3834359         2.86
       1.945     0.700000      4129911         3.33
       2.157     0.750000      4425041         4.00
       2.285     0.775000      4573372         4.44
       2.429     0.800000      4719820         5.00
       2.593     0.825000      4867178         5.71
       2.779     0.850000      5014132         6.67
       2.997     0.875000      5161877         8.00
       3.121     0.887500      5235789         8.89
       3.257     0.900000      5308836        10.00
       3.409     0.912500      5382757        11.43
       3.585     0.925000      5456994        13.33
       3.791     0.937500      5530092        16.00
       3.917     0.943750      5567073        17.78
       4.055     0.950000      5604122        20.00
       4.211     0.956250      5641057        22.86
       4.391     0.962500      5677806        26.67
       4.603     0.968750      5714608        32.00
       4.723     0.971875      5732980        35.56
       4.859     0.975000      5751497        40.00
       5.011     0.978125      5769989        45.71
       5.183     0.981250      5788226        53.33
       5.387     0.984375      5806497        64.00
       5.511     0.985938      5815972        71.11
       5.639     0.987500      5824970        80.00
       5.791     0.989062      5834375        91.43
       5.963     0.990625      5843394       106.67
       6.179     0.992188      5852585       128.00
       6.307     0.992969      5857188       142.22
       6.459     0.993750      5861814       160.00
       6.639     0.994531      5866407       182.86
       6.867     0.995313      5871027       213.33
       7.175     0.996094      5875651       256.00
       7.375     0.996484      5877953       284.44
       7.603     0.996875      5880225       320.00
       7.875     0.997266      5882546       365.71
       8.163     0.997656      5884856       426.67
       8.543     0.998047      5887140       512.00
       8.799     0.998242      5888289       568.89
       9.103     0.998437      5889457       640.00
       9.471     0.998633      5890603       731.43
       9.943     0.998828      5891759       853.33
      10.487     0.999023      5892903      1024.00
      10.799     0.999121      5893485      1137.78
      11.143     0.999219      5894058      1280.00
      11.543     0.999316      5894630      1462.86
      11.951     0.999414      5895212      1706.67
      12.367     0.999512      5895777      2048.00
      12.679     0.999561      5896065      2275.56
      13.031     0.999609      5896354      2560.00
      13.447     0.999658      5896641      2925.71
      13.959     0.999707      5896930      3413.33
      14.559     0.999756      5897217      4096.00
      14.871     0.999780      5897364      4551.11
      15.215     0.999805      5897507      5120.00
      15.599     0.999829      5897651      5851.43
      15.959     0.999854      5897795      6826.67
      16.359     0.999878      5897938      8192.00
      16.591     0.999890      5898010      9102.22
      16.863     0.999902      5898084     10240.00
      17.167     0.999915      5898155     11702.86
      17.535     0.999927      5898226     13653.33
      17.903     0.999939      5898298     16384.00
      18.127     0.999945      5898333     18204.44
      18.431     0.999951      5898373     20480.00
      18.703     0.999957      5898410     23405.71
      18.927     0.999963      5898444     27306.67
      19.439     0.999969      5898477     32768.00
      19.791     0.999973      5898496     36408.89
      19.919     0.999976      5898513     40960.00
      20.255     0.999979      5898532     46811.43
      20.655     0.999982      5898549     54613.33
      21.199     0.999985      5898567     65536.00
      21.407     0.999986      5898576     72817.78
      21.567     0.999988      5898585     81920.00
      21.727     0.999989      5898594     93622.86
      22.223     0.999991      5898603    109226.67
      22.527     0.999992      5898612    131072.00
      22.815     0.999993      5898617    145635.56
      22.991     0.999994      5898621    163840.00
      23.087     0.999995      5898626    187245.71
      23.231     0.999995      5898630    218453.33
      23.871     0.999996      5898635    262144.00
      23.951     0.999997      5898638    291271.11
      23.999     0.999997      5898639    327680.00
      24.159     0.999997      5898643    374491.43
      24.207     0.999998      5898644    436906.67
      24.239     0.999998      5898646    524288.00
      24.751     0.999998      5898647    582542.22
      25.055     0.999998      5898648    655360.00
      25.663     0.999999      5898650    748982.86
      26.511     0.999999      5898651    873813.33
      27.327     0.999999      5898652   1048576.00
      27.327     0.999999      5898652   1165084.44
      28.143     0.999999      5898653   1310720.00
      28.175     0.999999      5898654   1497965.71
      28.175     0.999999      5898654   1747626.67
      28.207     1.000000      5898655   2097152.00
      28.207     1.000000      5898655   2330168.89
      28.207     1.000000      5898655   2621440.00
      28.223     1.000000      5898656   2995931.43
      28.223     1.000000      5898656   3495253.33
      28.223     1.000000      5898656   4194304.00
      28.223     1.000000      5898656   4660337.78
      28.223     1.000000      5898656   5242880.00
      28.335     1.000000      5898657   5991862.86
      28.335     1.000000      5898657          inf
#[Mean    =        1.717, StdDeviation   =        1.223]
#[Max     =       28.320, Total count    =      5898657]
#[Buckets =           27, SubBuckets     =         2048]
----------------------------------------------------------
  5998909 requests in 10.00m, 0.88GB read
Requests/sec:   9998.21
Transfer/sec:      1.51MB
