Running 10m test @ http://localhost:9999/math/plus?x=1&y=2
  16 threads and 400 connections
  Thread calibration: mean lat.: 1.750ms, rate sampling interval: 10ms
  Thread calibration: mean lat.: 1.778ms, rate sampling interval: 10ms
  Thread calibration: mean lat.: 2.001ms, rate sampling interval: 10ms
  Thread calibration: mean lat.: 1.855ms, rate sampling interval: 10ms
  Thread calibration: mean lat.: 1.879ms, rate sampling interval: 10ms
  Thread calibration: mean lat.: 1.902ms, rate sampling interval: 10ms
  Thread calibration: mean lat.: 1.684ms, rate sampling interval: 10ms
  Thread calibration: mean lat.: 1.781ms, rate sampling interval: 10ms
  Thread calibration: mean lat.: 1.767ms, rate sampling interval: 10ms
  Thread calibration: mean lat.: 1.729ms, rate sampling interval: 10ms
  Thread calibration: mean lat.: 1.538ms, rate sampling interval: 10ms
  Thread calibration: mean lat.: 1.627ms, rate sampling interval: 10ms
  Thread calibration: mean lat.: 1.773ms, rate sampling interval: 10ms
  Thread calibration: mean lat.: 1.776ms, rate sampling interval: 10ms
  Thread calibration: mean lat.: 1.686ms, rate sampling interval: 10ms
  Thread calibration: mean lat.: 1.641ms, rate sampling interval: 10ms
  Thread Stats   Avg      Stdev     Max   +/- Stdev
    Latency     1.64ms    1.35ms  30.48ms   88.02%
    Req/Sec   658.27    401.69     2.78k    71.45%
  Latency Distribution (HdrHistogram - Recorded Latency)
 50.000%    1.27ms
 75.000%    1.88ms
 90.000%    3.12ms
 99.000%    7.37ms
 99.900%   10.51ms
 99.990%   15.41ms
 99.999%   22.33ms
100.000%   30.50ms

  Detailed Percentile spectrum:
       Value   Percentile   TotalCount 1/(1-Percentile)

       0.073     0.000000            1         1.00
       0.556     0.100000       591945         1.11
       0.765     0.200000      1180854         1.25
       0.944     0.300000      1771057         1.43
       1.111     0.400000      2361924         1.67
       1.274     0.500000      2952608         2.00
       1.361     0.550000      3247379         2.22
       1.460     0.600000      3539787         2.50
       1.576     0.650000      3836296         2.86
       1.710     0.700000      4131055         3.33
       1.876     0.750000      4424382         4.00
       1.982     0.775000      4572603         4.44
       2.111     0.800000      4719762         5.00
       2.275     0.825000      4867835         5.71
       2.485     0.850000      5013937         6.67
       2.757     0.875000      5161481         8.00
       2.923     0.887500      5235635         8.89
       3.115     0.900000      5309037        10.00
       3.339     0.912500      5382745        11.43
       3.599     0.925000      5456548        13.33
       3.917     0.937500      5530278        16.00
       4.099     0.943750      5567048        17.78
       4.311     0.950000      5604356        20.00
       4.551     0.956250      5641194        22.86
       4.831     0.962500      5677821        26.67
       5.179     0.968750      5714634        32.00
       5.387     0.971875      5732851        35.56
       5.627     0.975000      5751363        40.00
       5.899     0.978125      5769855        45.71
       6.211     0.981250      5788184        53.33
       6.583     0.984375      5806683        64.00
       6.783     0.985938      5815776        71.11
       7.003     0.987500      5825099        80.00
       7.227     0.989062      5834222        91.43
       7.459     0.990625      5843445       106.67
       7.727     0.992188      5852706       128.00
       7.867     0.992969      5857251       142.22
       8.011     0.993750      5861934       160.00
       8.171     0.994531      5866469       182.86
       8.359     0.995313      5871088       213.33
       8.583     0.996094      5875699       256.00
       8.711     0.996484      5878028       284.44
       8.855     0.996875      5880334       320.00
       9.023     0.997266      5882632       365.71
       9.207     0.997656      5884921       426.67
       9.447     0.998047      5887202       512.00
       9.583     0.998242      5888339       568.89
       9.743     0.998437      5889475       640.00
       9.935     0.998633      5890644       731.43
      10.191     0.998828      5891791       853.33
      10.567     0.999023      5892924      1024.00
      10.807     0.999121      5893512      1137.78
      11.079     0.999219      5894083      1280.00
      11.359     0.999316      5894672      1462.86
      11.655     0.999414      5895237      1706.67
      11.943     0.999512      5895819      2048.00
      12.047     0.999561      5896094      2275.56
      12.183     0.999609      5896381      2560.00
      12.399     0.999658      5896673      2925.71
      12.687     0.999707      5896958      3413.33
      13.063     0.999756      5897245      4096.00
      13.295     0.999780      5897389      4551.11
      13.559     0.999805      5897532      5120.00
      13.911     0.999829      5897679      5851.43
      14.343     0.999854      5897821      6826.67
      14.919     0.999878      5897966      8192.00
      15.199     0.999890      5898037      9102.22
      15.455     0.999902      5898108     10240.00
      15.727     0.999915      5898183     11702.86
      15.943     0.999927      5898253     13653.33
      16.271     0.999939      5898325     16384.00
      16.543     0.999945      5898361     18204.44
      16.863     0.999951      5898399     20480.00
      17.151     0.999957      5898432     23405.71
      17.599     0.999963      5898470     27306.67
      18.255     0.999969      5898504     32768.00
      18.831     0.999973      5898522     36408.89
      19.343     0.999976      5898541     40960.00
      19.855     0.999979      5898558     46811.43
      20.463     0.999982      5898576     54613.33
      20.991     0.999985      5898594     65536.00
      21.295     0.999986      5898603     72817.78
      21.903     0.999988      5898612     81920.00
      22.111     0.999989      5898621     93622.86
      22.671     0.999991      5898630    109226.67
      23.487     0.999992      5898639    131072.00
      23.935     0.999993      5898644    145635.56
      24.415     0.999994      5898648    163840.00
      24.767     0.999995      5898653    187245.71
      24.943     0.999995      5898657    218453.33
      25.567     0.999996      5898662    262144.00
      26.047     0.999997      5898664    291271.11
      26.175     0.999997      5898666    327680.00
      26.463     0.999997      5898669    374491.43
      26.703     0.999998      5898671    436906.67
      27.071     0.999998      5898673    524288.00
      27.263     0.999998      5898674    582542.22
      27.375     0.999998      5898675    655360.00
      27.743     0.999999      5898677    748982.86
      27.839     0.999999      5898678    873813.33
      28.287     0.999999      5898679   1048576.00
      28.287     0.999999      5898679   1165084.44
      28.303     0.999999      5898680   1310720.00
      28.559     0.999999      5898681   1497965.71
      28.559     0.999999      5898681   1747626.67
      29.087     1.000000      5898682   2097152.00
      29.087     1.000000      5898682   2330168.89
      29.087     1.000000      5898682   2621440.00
      29.551     1.000000      5898683   2995931.43
      29.551     1.000000      5898683   3495253.33
      29.551     1.000000      5898683   4194304.00
      29.551     1.000000      5898683   4660337.78
      29.551     1.000000      5898683   5242880.00
      30.495     1.000000      5898684   5991862.86
      30.495     1.000000      5898684          inf
#[Mean    =        1.638, StdDeviation   =        1.348]
#[Max     =       30.480, Total count    =      5898684]
#[Buckets =           27, SubBuckets     =         2048]
----------------------------------------------------------
  5998868 requests in 10.00m, 0.88GB read
Requests/sec:   9998.11
Transfer/sec:      1.51MB
