Running 10m test @ http://localhost:9999/math/plus?x=1&y=2
  16 threads and 400 connections
  Thread calibration: mean lat.: 3.940ms, rate sampling interval: 18ms
  Thread calibration: mean lat.: 4.722ms, rate sampling interval: 22ms
  Thread calibration: mean lat.: 4.501ms, rate sampling interval: 21ms
  Thread calibration: mean lat.: 4.512ms, rate sampling interval: 20ms
  Thread calibration: mean lat.: 4.355ms, rate sampling interval: 21ms
  Thread calibration: mean lat.: 4.858ms, rate sampling interval: 22ms
  Thread calibration: mean lat.: 4.540ms, rate sampling interval: 21ms
  Thread calibration: mean lat.: 4.563ms, rate sampling interval: 21ms
  Thread calibration: mean lat.: 4.256ms, rate sampling interval: 19ms
  Thread calibration: mean lat.: 4.441ms, rate sampling interval: 20ms
  Thread calibration: mean lat.: 4.482ms, rate sampling interval: 21ms
  Thread calibration: mean lat.: 4.641ms, rate sampling interval: 21ms
  Thread calibration: mean lat.: 4.956ms, rate sampling interval: 22ms
  Thread calibration: mean lat.: 4.338ms, rate sampling interval: 20ms
  Thread calibration: mean lat.: 4.342ms, rate sampling interval: 20ms
  Thread calibration: mean lat.: 5.115ms, rate sampling interval: 23ms
  Thread Stats   Avg      Stdev     Max   +/- Stdev
    Latency     4.95ms    4.41ms  55.52ms   83.12%
    Req/Sec   640.66    372.50     2.05k    57.53%
  Latency Distribution (HdrHistogram - Recorded Latency)
 50.000%    3.40ms
 75.000%    6.81ms
 90.000%   11.32ms
 99.000%   19.73ms
 99.900%   26.96ms
 99.990%   35.13ms
 99.999%   46.91ms
100.000%   55.55ms

  Detailed Percentile spectrum:
       Value   Percentile   TotalCount 1/(1-Percentile)

       0.096     0.000000            1         1.00
       1.064     0.100000       591132         1.11
       1.499     0.200000      1180511         1.25
       1.970     0.300000      1770658         1.43
       2.585     0.400000      2360027         1.67
       3.401     0.500000      2949972         2.00
       3.901     0.550000      3244844         2.22
       4.471     0.600000      3540932         2.50
       5.131     0.650000      3835566         2.86
       5.899     0.700000      4129060         3.33
       6.811     0.750000      4424365         4.00
       7.343     0.775000      4571950         4.44
       7.947     0.800000      4719217         5.00
       8.639     0.825000      4867627         5.71
       9.415     0.850000      5013983         6.67
      10.295     0.875000      5161666         8.00
      10.783     0.887500      5235038         8.89
      11.319     0.900000      5309652        10.00
      11.895     0.912500      5382810        11.43
      12.535     0.925000      5456971        13.33
      13.255     0.937500      5530502        16.00
      13.655     0.943750      5567067        17.78
      14.095     0.950000      5603761        20.00
      14.583     0.956250      5640796        22.86
      15.143     0.962500      5677605        26.67
      15.815     0.968750      5714590        32.00
      16.199     0.971875      5733009        35.56
      16.623     0.975000      5751393        40.00
      17.103     0.978125      5770060        45.71
      17.631     0.981250      5788226        53.33
      18.255     0.984375      5806597        64.00
      18.607     0.985938      5815691        71.11
      19.007     0.987500      5825187        80.00
      19.439     0.989062      5834255        91.43
      19.951     0.990625      5843495       106.67
      20.543     0.992188      5852727       128.00
      20.879     0.992969      5857280       142.22
      21.247     0.993750      5861778       160.00
      21.663     0.994531      5866394       182.86
      22.159     0.995313      5871042       213.33
      22.719     0.996094      5875668       256.00
      23.055     0.996484      5877960       284.44
      23.407     0.996875      5880184       320.00
      23.839     0.997266      5882512       365.71
      24.303     0.997656      5884792       426.67
      24.879     0.998047      5887147       512.00
      25.199     0.998242      5888272       568.89
      25.583     0.998437      5889430       640.00
      25.983     0.998633      5890543       731.43
      26.447     0.998828      5891701       853.33
      27.023     0.999023      5892843      1024.00
      27.359     0.999121      5893431      1137.78
      27.727     0.999219      5894001      1280.00
      28.159     0.999316      5894582      1462.86
      28.671     0.999414      5895158      1706.67
      29.295     0.999512      5895729      2048.00
      29.663     0.999561      5896013      2275.56
      30.095     0.999609      5896300      2560.00
      30.559     0.999658      5896589      2925.71
      31.087     0.999707      5896873      3413.33
      31.743     0.999756      5897162      4096.00
      32.111     0.999780      5897309      4551.11
      32.495     0.999805      5897452      5120.00
      32.959     0.999829      5897593      5851.43
      33.503     0.999854      5897740      6826.67
      34.239     0.999878      5897881      8192.00
      34.719     0.999890      5897954      9102.22
      35.263     0.999902      5898027     10240.00
      35.839     0.999915      5898097     11702.86
      36.607     0.999927      5898171     13653.33
      37.663     0.999939      5898241     16384.00
      38.463     0.999945      5898278     18204.44
      38.943     0.999951      5898315     20480.00
      39.519     0.999957      5898350     23405.71
      40.639     0.999963      5898387     27306.67
      41.567     0.999969      5898421     32768.00
      42.111     0.999973      5898439     36408.89
      42.847     0.999976      5898457     40960.00
      43.487     0.999979      5898475     46811.43
      44.479     0.999982      5898493     54613.33
      45.247     0.999985      5898511     65536.00
      45.887     0.999986      5898520     72817.78
      46.303     0.999988      5898529     81920.00
      46.655     0.999989      5898539     93622.86
      47.103     0.999991      5898547    109226.67
      47.679     0.999992      5898557    131072.00
      47.999     0.999993      5898561    145635.56
      48.447     0.999994      5898565    163840.00
      48.991     0.999995      5898573    187245.71
      49.055     0.999995      5898574    218453.33
      49.503     0.999996      5898579    262144.00
      49.791     0.999997      5898581    291271.11
      49.887     0.999997      5898583    327680.00
      50.367     0.999997      5898587    374491.43
      50.463     0.999998      5898588    436906.67
      50.655     0.999998      5898591    524288.00
      50.655     0.999998      5898591    582542.22
      50.783     0.999998      5898592    655360.00
      51.551     0.999999      5898594    748982.86
      51.839     0.999999      5898595    873813.33
      52.383     0.999999      5898596   1048576.00
      52.383     0.999999      5898596   1165084.44
      53.151     0.999999      5898597   1310720.00
      53.247     0.999999      5898598   1497965.71
      53.247     0.999999      5898598   1747626.67
      53.887     1.000000      5898599   2097152.00
      53.887     1.000000      5898599   2330168.89
      53.887     1.000000      5898599   2621440.00
      55.359     1.000000      5898600   2995931.43
      55.359     1.000000      5898600   3495253.33
      55.359     1.000000      5898600   4194304.00
      55.359     1.000000      5898600   4660337.78
      55.359     1.000000      5898600   5242880.00
      55.551     1.000000      5898601   5991862.86
      55.551     1.000000      5898601          inf
#[Mean    =        4.948, StdDeviation   =        4.409]
#[Max     =       55.520, Total count    =      5898601]
#[Buckets =           27, SubBuckets     =         2048]
----------------------------------------------------------
  5998209 requests in 10.00m, 0.88GB read
Requests/sec:   9997.00
Transfer/sec:      1.51MB
