Running 10m test @ http://localhost:9999/math/plus?x=1&y=2
  16 threads and 400 connections
  Thread calibration: mean lat.: 420.685ms, rate sampling interval: 2385ms
  Thread calibration: mean lat.: 596.141ms, rate sampling interval: 3313ms
  Thread calibration: mean lat.: 454.342ms, rate sampling interval: 2904ms
  Thread calibration: mean lat.: 508.956ms, rate sampling interval: 3102ms
  Thread calibration: mean lat.: 390.940ms, rate sampling interval: 2351ms
  Thread calibration: mean lat.: 262.123ms, rate sampling interval: 1161ms
  Thread calibration: mean lat.: 437.377ms, rate sampling interval: 2476ms
  Thread calibration: mean lat.: 532.597ms, rate sampling interval: 2701ms
  Thread calibration: mean lat.: 443.827ms, rate sampling interval: 2101ms
  Thread calibration: mean lat.: 494.410ms, rate sampling interval: 3244ms
  Thread calibration: mean lat.: 522.215ms, rate sampling interval: 2729ms
  Thread calibration: mean lat.: 456.087ms, rate sampling interval: 2375ms
  Thread calibration: mean lat.: 428.847ms, rate sampling interval: 2332ms
  Thread calibration: mean lat.: 585.315ms, rate sampling interval: 3438ms
  Thread calibration: mean lat.: 502.550ms, rate sampling interval: 2367ms
  Thread calibration: mean lat.: 718.334ms, rate sampling interval: 3758ms
  Thread Stats   Avg      Stdev     Max   +/- Stdev
    Latency    49.59s     0.90m    6.18m    85.04%
    Req/Sec     2.53k   150.84     3.19k    69.59%
  Latency Distribution (HdrHistogram - Recorded Latency)
 50.000%   33.54s 
 75.000%    1.27m 
 90.000%    2.09m 
 99.000%    3.86m 
 99.900%    5.11m 
 99.990%    5.82m 
 99.999%    6.13m 
100.000%    6.19m 

  Detailed Percentile spectrum:
       Value   Percentile   TotalCount 1/(1-Percentile)

       0.145     0.000000            1         1.00
     183.039     0.100000      2365125         1.11
    1397.759     0.200000      4729269         1.25
    9314.303     0.300000      7094503         1.43
   21413.887     0.400000      9457740         1.67
   33538.047     0.500000     11822949         2.00
   40173.567     0.550000     13005328         2.22
   47087.615     0.600000     14187774         2.50
   55115.775     0.650000     15370052         2.86
   65044.479     0.700000     16551012         3.33
   75956.223     0.750000     17736655         4.00
   81592.319     0.775000     18325235         4.44
   87687.167     0.800000     18918329         5.00
   94830.591     0.825000     19509140         5.71
  103612.415     0.850000     20098359         6.67
  113901.567     0.875000     20692610         8.00
  119406.591     0.887500     20985330         8.89
  125173.759     0.900000     21282605        10.00
  131923.967     0.912500     21577446        11.43
  140771.327     0.925000     21874111        13.33
  150601.727     0.937500     22168694        16.00
  155975.679     0.943750     22317283        17.78
  161480.703     0.950000     22462914        20.00
  167247.871     0.956250     22610182        22.86
  173539.327     0.962500     22758815        26.67
  179961.855     0.968750     22906202        32.00
  183500.799     0.971875     22979598        35.56
  188481.535     0.975000     23053896        40.00
  194510.847     0.978125     23128294        45.71
  201850.879     0.981250     23201024        53.33
  210763.775     0.984375     23275129        64.00
  215744.511     0.985938     23312731        71.11
  221249.535     0.987500     23348956        80.00
  227278.847     0.989062     23386296        91.43
  234356.735     0.990625     23423017       106.67
  242483.199     0.992188     23460052       128.00
  246677.503     0.992969     23478613       142.22
  251396.095     0.993750     23496770       160.00
  256507.903     0.994531     23515307       182.86
  261881.855     0.995313     23533847       213.33
  267911.167     0.996094     23552031       256.00
  271319.039     0.996484     23561652       284.44
  274726.911     0.996875     23571058       320.00
  278134.783     0.997266     23579738       365.71
  283115.519     0.997656     23589251       426.67
  288358.399     0.998047     23598338       512.00
  290979.839     0.998242     23602783       568.89
  294125.567     0.998437     23607377       640.00
  298057.727     0.998633     23611988       731.43
  302514.175     0.998828     23616792       853.33
  307232.767     0.999023     23621396      1024.00
  309592.063     0.999121     23623567      1137.78
  312475.647     0.999219     23625934      1280.00
  315097.087     0.999316     23628224      1462.86
  317718.527     0.999414     23630545      1706.67
  320864.255     0.999512     23632824      2048.00
  322961.407     0.999561     23633960      2275.56
  325844.991     0.999609     23635161      2560.00
  328466.431     0.999658     23636218      2925.71
  331612.159     0.999707     23637376      3413.33
  335282.175     0.999756     23638538      4096.00
  336855.039     0.999780     23639105      4551.11
  338690.047     0.999805     23639754      5120.00
  340525.055     0.999829     23640312      5851.43
  342360.063     0.999854     23640854      6826.67
  346030.079     0.999878     23641439      8192.00
  348127.231     0.999890     23641758      9102.22
  349962.239     0.999902     23642038     10240.00
  351535.103     0.999915     23642278     11702.86
  353370.111     0.999927     23642589     13653.33
  354942.975     0.999939     23642853     16384.00
  355991.551     0.999945     23643010     18204.44
  357040.127     0.999951     23643156     20480.00
  358088.703     0.999957     23643308     23405.71
  359399.423     0.999963     23643433     27306.67
  361496.575     0.999969     23643576     32768.00
  362807.295     0.999973     23643671     36408.89
  363593.727     0.999976     23643720     40960.00
  364380.159     0.999979     23643796     46811.43
  365166.591     0.999982     23643868     54613.33
  366215.167     0.999985     23643943     65536.00
  367001.599     0.999986     23643993     72817.78
  367263.743     0.999988     23644012     81920.00
  367788.031     0.999989     23644068     93622.86
  368050.175     0.999991     23644081    109226.67
  368574.463     0.999992     23644131    131072.00
  368836.607     0.999993     23644144    145635.56
  369098.751     0.999994     23644164    163840.00
  369360.895     0.999995     23644178    187245.71
  369623.039     0.999995     23644192    218453.33
  369885.183     0.999996     23644213    262144.00
  370147.327     0.999997     23644225    291271.11
  370147.327     0.999997     23644225    327680.00
  370409.471     0.999997     23644242    374491.43
  370409.471     0.999998     23644242    436906.67
  370671.615     0.999998     23644266    524288.00
  370671.615     0.999998     23644266    582542.22
  370671.615     0.999998     23644266    655360.00
  370671.615     0.999999     23644266    748982.86
  370933.759     0.999999     23644279    873813.33
  370933.759     0.999999     23644279   1048576.00
  370933.759     0.999999     23644279   1165084.44
  370933.759     0.999999     23644279   1310720.00
  371195.903     0.999999     23644296   1497965.71
  371195.903     1.000000     23644296          inf
#[Mean    =    49589.652, StdDeviation   =    54090.179]
#[Max     =   370933.760, Total count    =     23644296]
#[Buckets =           27, SubBuckets     =         2048]
----------------------------------------------------------
  24083689 requests in 10.00m, 3.54GB read
Requests/sec:  40139.93
Transfer/sec:      6.05MB
