Running 10m test @ http://localhost:9999/math/plus?x=1&y=2
  16 threads and 400 connections
  Thread calibration: mean lat.: 1469.428ms, rate sampling interval: 6266ms
  Thread calibration: mean lat.: 1148.441ms, rate sampling interval: 5623ms
  Thread calibration: mean lat.: 1418.892ms, rate sampling interval: 6516ms
  Thread calibration: mean lat.: 1002.505ms, rate sampling interval: 5144ms
  Thread calibration: mean lat.: 1284.242ms, rate sampling interval: 5980ms
  Thread calibration: mean lat.: 1296.272ms, rate sampling interval: 6299ms
  Thread calibration: mean lat.: 1329.153ms, rate sampling interval: 6369ms
  Thread calibration: mean lat.: 1290.632ms, rate sampling interval: 5820ms
  Thread calibration: mean lat.: 1216.795ms, rate sampling interval: 5476ms
  Thread calibration: mean lat.: 1218.973ms, rate sampling interval: 5836ms
  Thread calibration: mean lat.: 1354.581ms, rate sampling interval: 6664ms
  Thread calibration: mean lat.: 1282.739ms, rate sampling interval: 6115ms
  Thread calibration: mean lat.: 1391.287ms, rate sampling interval: 5767ms
  Thread calibration: mean lat.: 947.618ms, rate sampling interval: 4853ms
  Thread calibration: mean lat.: 967.082ms, rate sampling interval: 4952ms
  Thread calibration: mean lat.: 1135.822ms, rate sampling interval: 5808ms
  Thread Stats   Avg      Stdev     Max   +/- Stdev
    Latency     1.34m     1.23m    6.82m    63.40%
    Req/Sec     2.62k   152.26     3.09k    67.18%
  Latency Distribution (HdrHistogram - Recorded Latency)
 50.000%    1.03m 
 75.000%    2.16m 
 90.000%    3.13m 
 99.000%    4.66m 
 99.900%    5.81m 
 99.990%    6.45m 
 99.999%    6.76m 
100.000%    6.82m 

  Detailed Percentile spectrum:
       Value   Percentile   TotalCount 1/(1-Percentile)

       0.138     0.000000            1         1.00
     400.895     0.100000      2463367         1.11
    7913.471     0.200000      4927282         1.25
   23429.119     0.300000      7392285         1.43
   41549.823     0.400000      9854058         1.67
   61505.535     0.500000     12319574         2.00
   73662.463     0.550000     13553744         2.22
   86573.055     0.600000     14784140         2.50
   99811.327     0.650000     16013829         2.86
  114229.247     0.700000     17246650         3.33
  129499.135     0.750000     18478106         4.00
  137494.527     0.775000     19092493         4.44
  146145.279     0.800000     19705867         5.00
  155713.535     0.825000     20321837         5.71
  165675.007     0.850000     20945048         6.67
  175898.623     0.875000     21555491         8.00
  181796.863     0.887500     21866856         8.89
  188088.319     0.900000     22169911        10.00
  195428.351     0.912500     22478241        11.43
  203948.031     0.925000     22785565        13.33
  213385.215     0.937500     23096557        16.00
  218234.879     0.943750     23247588        17.78
  223346.687     0.950000     23402351        20.00
  228982.783     0.956250     23555509        22.86
  236191.743     0.962500     23710475        26.67
  244187.135     0.968750     23864728        32.00
  248381.439     0.971875     23941065        35.56
  252837.887     0.975000     24018319        40.00
  257294.335     0.978125     24093541        45.71
  262012.927     0.981250     24170561        53.33
  266731.519     0.984375     24248935        64.00
  269221.887     0.985938     24288218        71.11
  272105.471     0.987500     24324694        80.00
  276299.775     0.989062     24363513        91.43
  281542.655     0.990625     24401610       106.67
  287834.111     0.992188     24440284       128.00
  291766.271     0.992969     24459741       142.22
  295698.431     0.993750     24478553       160.00
  300417.023     0.994531     24498121       182.86
  305659.903     0.995313     24516879       213.33
  311427.071     0.996094     24536314       256.00
  314572.799     0.996484     24546011       284.44
  318242.815     0.996875     24555810       320.00
  322174.975     0.997266     24565042       365.71
  326631.423     0.997656     24574542       426.67
  331612.159     0.998047     24584083       512.00
  334495.743     0.998242     24588976       568.89
  337641.471     0.998437     24593713       640.00
  341311.487     0.998633     24598692       731.43
  344981.503     0.998828     24603592       853.33
  349175.807     0.999023     24608400      1024.00
  351272.959     0.999121     24610621      1137.78
  353632.255     0.999219     24613202      1280.00
  355729.407     0.999316     24615374      1462.86
  358875.135     0.999414     24617817      1706.67
  363069.439     0.999512     24620245      2048.00
  365166.591     0.999561     24621448      2275.56
  367525.887     0.999609     24622639      2560.00
  369885.183     0.999658     24623855      2925.71
  372506.623     0.999707     24625028      3413.33
  375128.063     0.999756     24626207      4096.00
  376700.927     0.999780     24626863      4551.11
  378273.791     0.999805     24627468      5120.00
  379584.511     0.999829     24628011      5851.43
  381419.519     0.999854     24628634      6826.67
  383778.815     0.999878     24629190      8192.00
  385351.679     0.999890     24629480      9102.22
  387710.975     0.999902     24629817     10240.00
  389283.839     0.999915     24630098     11702.86
  391380.991     0.999927     24630409     13653.33
  393478.143     0.999939     24630704     16384.00
  394526.719     0.999945     24630849     18204.44
  395313.151     0.999951     24631008     20480.00
  396361.727     0.999957     24631156     23405.71
  397410.303     0.999963     24631313     27306.67
  399245.311     0.999969     24631444     32768.00
  400293.887     0.999973     24631538     36408.89
  400818.175     0.999976     24631594     40960.00
  401866.751     0.999979     24631672     46811.43
  402653.183     0.999982     24631733     54613.33
  403963.903     0.999985     24631824     65536.00
  404488.191     0.999986     24631863     72817.78
  405012.479     0.999988     24631895     81920.00
  405536.767     0.999989     24631923     93622.86
  406323.199     0.999991     24631973    109226.67
  406847.487     0.999992     24632020    131072.00
  406847.487     0.999993     24632020    145635.56
  407109.631     0.999994     24632048    163840.00
  407371.775     0.999995     24632066    187245.71
  407633.919     0.999995     24632088    218453.33
  407896.063     0.999996     24632100    262144.00
  407896.063     0.999997     24632100    291271.11
  408158.207     0.999997     24632115    327680.00
  408420.351     0.999997     24632130    374491.43
  408420.351     0.999998     24632130    436906.67
  408682.495     0.999998     24632146    524288.00
  408682.495     0.999998     24632146    582542.22
  408944.639     0.999998     24632166    655360.00
  408944.639     0.999999     24632166    748982.86
  408944.639     0.999999     24632166    873813.33
  408944.639     0.999999     24632166   1048576.00
  408944.639     0.999999     24632166   1165084.44
  408944.639     0.999999     24632166   1310720.00
  409206.783     0.999999     24632184   1497965.71
  409206.783     1.000000     24632184          inf
#[Mean    =    80376.320, StdDeviation   =    73955.762]
#[Max     =   408944.640, Total count    =     24632184]
#[Buckets =           27, SubBuckets     =         2048]
----------------------------------------------------------
  25056897 requests in 10.00m, 3.69GB read
Requests/sec:  41761.60
Transfer/sec:      6.29MB
