Running 10m test @ http://localhost:9999/math/plus?x=1&y=2
  16 threads and 400 connections
  Thread calibration: mean lat.: 260.167ms, rate sampling interval: 1345ms
  Thread calibration: mean lat.: 357.554ms, rate sampling interval: 1805ms
  Thread calibration: mean lat.: 265.767ms, rate sampling interval: 1130ms
  Thread calibration: mean lat.: 237.705ms, rate sampling interval: 1019ms
  Thread calibration: mean lat.: 299.848ms, rate sampling interval: 1516ms
  Thread calibration: mean lat.: 240.070ms, rate sampling interval: 1193ms
  Thread calibration: mean lat.: 308.676ms, rate sampling interval: 1628ms
  Thread calibration: mean lat.: 348.550ms, rate sampling interval: 1835ms
  Thread calibration: mean lat.: 273.653ms, rate sampling interval: 1174ms
  Thread calibration: mean lat.: 170.969ms, rate sampling interval: 878ms
  Thread calibration: mean lat.: 200.695ms, rate sampling interval: 1157ms
  Thread calibration: mean lat.: 336.781ms, rate sampling interval: 1960ms
  Thread calibration: mean lat.: 192.219ms, rate sampling interval: 938ms
  Thread calibration: mean lat.: 139.913ms, rate sampling interval: 800ms
  Thread calibration: mean lat.: 235.576ms, rate sampling interval: 1080ms
  Thread calibration: mean lat.: 319.366ms, rate sampling interval: 1990ms
  Thread Stats   Avg      Stdev     Max   +/- Stdev
    Latency    44.65s    50.73s    5.47m    83.42%
    Req/Sec     2.60k   198.77     3.41k    69.84%
  Latency Distribution (HdrHistogram - Recorded Latency)
 50.000%   26.95s 
 75.000%    1.19m 
 90.000%    1.95m 
 99.000%    3.58m 
 99.900%    4.76m 
 99.990%    5.31m 
 99.999%    5.45m 
100.000%    5.47m 

  Detailed Percentile spectrum:
       Value   Percentile   TotalCount 1/(1-Percentile)

       0.140     0.000000            1         1.00
     243.583     0.100000      2432790         1.11
    1087.487     0.200000      4866787         1.25
    4702.207     0.300000      7297831         1.43
   14073.855     0.400000      9730469         1.67
   26951.679     0.500000     12164560         2.00
   34340.863     0.550000     13382079         2.22
   42434.559     0.600000     14597983         2.50
   51118.079     0.650000     15813206         2.86
   60817.407     0.700000     17030690         3.33
   71630.847     0.750000     18246425         4.00
   77856.767     0.775000     18853909         4.44
   85131.263     0.800000     19465814         5.00
   92733.439     0.825000     20071748         5.71
  100335.615     0.850000     20678241         6.67
  108789.759     0.875000     21285858         8.00
  112852.991     0.887500     21591326         8.89
  116785.151     0.900000     21893438        10.00
  121307.135     0.912500     22197716        11.43
  126550.015     0.925000     22504526        13.33
  132775.935     0.937500     22805942        16.00
  136445.951     0.943750     22958501        17.78
  140640.255     0.950000     23110898        20.00
  146276.351     0.956250     23262197        22.86
  153485.311     0.962500     23414629        26.67
  162004.991     0.968750     23566976        32.00
  166985.727     0.971875     23641609        35.56
  173015.039     0.975000     23717761        40.00
  179306.495     0.978125     23793491        45.71
  186908.671     0.981250     23869688        53.33
  195297.279     0.984375     23945801        64.00
  199884.799     0.985938     23983911        71.11
  204996.607     0.987500     24022114        80.00
  211025.919     0.989062     24060243        91.43
  217710.591     0.990625     24098226       106.67
  224919.551     0.992188     24135907       128.00
  229507.071     0.992969     24154749       142.22
  234225.663     0.993750     24173939       160.00
  238944.255     0.994531     24192743       182.86
  244711.423     0.995313     24211838       213.33
  251133.951     0.996094     24230817       256.00
  254541.823     0.996484     24240169       284.44
  257949.695     0.996875     24249812       320.00
  261750.783     0.997266     24259191       365.71
  265945.087     0.997656     24268724       426.67
  270794.751     0.998047     24278098       512.00
  273678.335     0.998242     24283011       568.89
  276824.063     0.998437     24287698       640.00
  279969.791     0.998633     24292598       731.43
  282853.375     0.998828     24297185       853.33
  285999.103     0.999023     24302007      1024.00
  287834.111     0.999121     24304528      1137.78
  290193.407     0.999219     24306721      1280.00
  293339.135     0.999316     24309048      1462.86
  296747.007     0.999414     24311462      1706.67
  300417.023     0.999512     24313767      2048.00
  302514.175     0.999561     24315029      2275.56
  304349.183     0.999609     24316196      2560.00
  306184.191     0.999658     24317305      2925.71
  308281.343     0.999707     24318514      3413.33
  310378.495     0.999756     24319821      4096.00
  311164.927     0.999780     24320343      4551.11
  311951.359     0.999805     24320862      5120.00
  313262.079     0.999829     24321528      5851.43
  314834.943     0.999854     24322054      6826.67
  316932.095     0.999878     24322686      8192.00
  317980.671     0.999890     24322980      9102.22
  319029.247     0.999902     24323296     10240.00
  319815.679     0.999915     24323534     11702.86
  321126.399     0.999927     24323834     13653.33
  322437.119     0.999939     24324141     16384.00
  323223.551     0.999945     24324340     18204.44
  323485.695     0.999951     24324407     20480.00
  324009.983     0.999957     24324620     23405.71
  324534.271     0.999963     24324762     27306.67
  325058.559     0.999969     24324880     32768.00
  325320.703     0.999973     24324969     36408.89
  325582.847     0.999976     24325070     40960.00
  325844.991     0.999979     24325126     46811.43
  326107.135     0.999982     24325176     54613.33
  326369.279     0.999985     24325255     65536.00
  326631.423     0.999986     24325331     72817.78
  326631.423     0.999988     24325331     81920.00
  326893.567     0.999989     24325380     93622.86
  326893.567     0.999991     24325380    109226.67
  327155.711     0.999992     24325435    131072.00
  327155.711     0.999993     24325435    145635.56
  327417.855     0.999994     24325496    163840.00
  327417.855     0.999995     24325496    187245.71
  327417.855     0.999995     24325496    218453.33
  327679.999     0.999996     24325531    262144.00
  327679.999     0.999997     24325531    291271.11
  327679.999     0.999997     24325531    327680.00
  327679.999     0.999997     24325531    374491.43
  327942.143     0.999998     24325550    436906.67
  327942.143     0.999998     24325550    524288.00
  328204.287     0.999998     24325576    582542.22
  328204.287     0.999998     24325576    655360.00
  328204.287     0.999999     24325576    748982.86
  328204.287     0.999999     24325576    873813.33
  328204.287     0.999999     24325576   1048576.00
  328204.287     0.999999     24325576   1165084.44
  328204.287     0.999999     24325576   1310720.00
  328466.431     0.999999     24325594   1497965.71
  328466.431     1.000000     24325594          inf
#[Mean    =    44647.686, StdDeviation   =    50733.129]
#[Max     =   328204.288, Total count    =     24325594]
#[Buckets =           27, SubBuckets     =         2048]
----------------------------------------------------------
  24788900 requests in 10.00m, 3.65GB read
Requests/sec:  41314.88
Transfer/sec:      6.23MB
