Running 10m test @ http://localhost:9999/math/plus?x=1&y=2
  16 threads and 400 connections
  Thread calibration: mean lat.: 3.700ms, rate sampling interval: 17ms
  Thread calibration: mean lat.: 3.612ms, rate sampling interval: 17ms
  Thread calibration: mean lat.: 3.600ms, rate sampling interval: 16ms
  Thread calibration: mean lat.: 3.993ms, rate sampling interval: 18ms
  Thread calibration: mean lat.: 5.616ms, rate sampling interval: 21ms
  Thread calibration: mean lat.: 3.721ms, rate sampling interval: 17ms
  Thread calibration: mean lat.: 3.906ms, rate sampling interval: 17ms
  Thread calibration: mean lat.: 3.723ms, rate sampling interval: 17ms
  Thread calibration: mean lat.: 4.157ms, rate sampling interval: 18ms
  Thread calibration: mean lat.: 3.380ms, rate sampling interval: 15ms
  Thread calibration: mean lat.: 3.353ms, rate sampling interval: 16ms
  Thread calibration: mean lat.: 3.528ms, rate sampling interval: 16ms
  Thread calibration: mean lat.: 4.190ms, rate sampling interval: 19ms
  Thread calibration: mean lat.: 4.196ms, rate sampling interval: 19ms
  Thread calibration: mean lat.: 4.211ms, rate sampling interval: 18ms
  Thread calibration: mean lat.: 4.128ms, rate sampling interval: 18ms
  Thread Stats   Avg      Stdev     Max   +/- Stdev
    Latency     3.79ms    3.90ms  67.20ms   87.24%
    Req/Sec   644.02    400.61     2.50k    56.77%
  Latency Distribution (HdrHistogram - Recorded Latency)
 50.000%    2.37ms
 75.000%    4.82ms
 90.000%    8.69ms
 99.000%   19.20ms
 99.900%   29.50ms
 99.990%   43.17ms
 99.999%   57.15ms
100.000%   67.26ms

  Detailed Percentile spectrum:
       Value   Percentile   TotalCount 1/(1-Percentile)

       0.080     0.000000            1         1.00
       0.839     0.100000       589904         1.11
       1.180     0.200000      1180765         1.25
       1.496     0.300000      1771062         1.43
       1.871     0.400000      2360751         1.67
       2.367     0.500000      2949807         2.00
       2.685     0.550000      3244667         2.22
       3.065     0.600000      3540014         2.50
       3.523     0.650000      3834687         2.86
       4.089     0.700000      4129657         3.33
       4.819     0.750000      4423994         4.00
       5.271     0.775000      4572199         4.44
       5.783     0.800000      4719456         5.00
       6.367     0.825000      4867032         5.71
       7.027     0.850000      5014177         6.67
       7.787     0.875000      5161413         8.00
       8.215     0.887500      5235250         8.89
       8.687     0.900000      5309216        10.00
       9.207     0.912500      5382792        11.43
       9.791     0.925000      5456270        13.33
      10.479     0.937500      5529895        16.00
      10.887     0.943750      5567060        17.78
      11.359     0.950000      5603745        20.00
      11.935     0.956250      5640590        22.86
      12.671     0.962500      5677632        26.67
      13.623     0.968750      5714288        32.00
      14.167     0.971875      5732887        35.56
      14.743     0.975000      5751293        40.00
      15.383     0.978125      5769506        45.71
      16.135     0.981250      5788112        53.33
      17.023     0.984375      5806381        64.00
      17.551     0.985938      5815736        71.11
      18.143     0.987500      5825019        80.00
      18.767     0.989062      5834113        91.43
      19.503     0.990625      5843405       106.67
      20.367     0.992188      5852618       128.00
      20.847     0.992969      5857189       142.22
      21.375     0.993750      5861741       160.00
      21.967     0.994531      5866300       182.86
      22.655     0.995313      5870897       213.33
      23.487     0.996094      5875540       256.00
      23.967     0.996484      5877813       284.44
      24.495     0.996875      5880137       320.00
      25.071     0.997266      5882419       365.71
      25.743     0.997656      5884753       426.67
      26.591     0.998047      5887033       512.00
      27.055     0.998242      5888182       568.89
      27.567     0.998437      5889326       640.00
      28.159     0.998633      5890480       731.43
      28.847     0.998828      5891646       853.33
      29.599     0.999023      5892773      1024.00
      30.079     0.999121      5893357      1137.78
      30.559     0.999219      5893932      1280.00
      31.167     0.999316      5894510      1462.86
      31.871     0.999414      5895080      1706.67
      32.719     0.999512      5895667      2048.00
      33.247     0.999561      5895949      2275.56
      33.887     0.999609      5896237      2560.00
      34.591     0.999658      5896519      2925.71
      35.455     0.999707      5896813      3413.33
      36.607     0.999756      5897094      4096.00
      37.247     0.999780      5897242      4551.11
      38.079     0.999805      5897388      5120.00
      39.071     0.999829      5897525      5851.43
      40.319     0.999854      5897669      6826.67
      41.855     0.999878      5897816      8192.00
      42.559     0.999890      5897887      9102.22
      43.391     0.999902      5897961     10240.00
      44.447     0.999915      5898029     11702.86
      45.695     0.999927      5898101     13653.33
      47.391     0.999939      5898173     16384.00
      48.575     0.999945      5898209     18204.44
      49.535     0.999951      5898245     20480.00
      50.463     0.999957      5898281     23405.71
      51.231     0.999963      5898317     27306.67
      51.967     0.999969      5898353     32768.00
      52.479     0.999973      5898371     36408.89
      53.087     0.999976      5898389     40960.00
      53.727     0.999979      5898407     46811.43
      54.495     0.999982      5898425     54613.33
      55.103     0.999985      5898444     65536.00
      55.679     0.999986      5898452     72817.78
      56.287     0.999988      5898461     81920.00
      56.895     0.999989      5898470     93622.86
      57.631     0.999991      5898479    109226.67
      58.367     0.999992      5898489    131072.00
      58.751     0.999993      5898493    145635.56
      59.391     0.999994      5898497    163840.00
      59.903     0.999995      5898502    187245.71
      60.511     0.999995      5898506    218453.33
      61.215     0.999996      5898511    262144.00
      61.823     0.999997      5898513    291271.11
      62.015     0.999997      5898515    327680.00
      63.039     0.999997      5898518    374491.43
      63.647     0.999998      5898520    436906.67
      64.159     0.999998      5898522    524288.00
      64.447     0.999998      5898523    582542.22
      64.511     0.999998      5898524    655360.00
      64.831     0.999999      5898526    748982.86
      65.215     0.999999      5898527    873813.33
      65.247     0.999999      5898529   1048576.00
      65.247     0.999999      5898529   1165084.44
      65.247     0.999999      5898529   1310720.00
      65.599     0.999999      5898530   1497965.71
      65.599     0.999999      5898530   1747626.67
      66.111     1.000000      5898531   2097152.00
      66.111     1.000000      5898531   2330168.89
      66.111     1.000000      5898531   2621440.00
      66.623     1.000000      5898532   2995931.43
      66.623     1.000000      5898532   3495253.33
      66.623     1.000000      5898532   4194304.00
      66.623     1.000000      5898532   4660337.78
      66.623     1.000000      5898532   5242880.00
      67.263     1.000000      5898533   5991862.86
      67.263     1.000000      5898533          inf
#[Mean    =        3.793, StdDeviation   =        3.903]
#[Max     =       67.200, Total count    =      5898533]
#[Buckets =           27, SubBuckets     =         2048]
----------------------------------------------------------
  5998705 requests in 10.00m, 0.88GB read
Requests/sec:   9997.82
Transfer/sec:      1.51MB
