Running 10m test @ http://localhost:9999/math/plus?x=1&y=2
  16 threads and 400 connections
  Thread calibration: mean lat.: 1.225ms, rate sampling interval: 10ms
  Thread calibration: mean lat.: 1.173ms, rate sampling interval: 10ms
  Thread calibration: mean lat.: 1.220ms, rate sampling interval: 10ms
  Thread calibration: mean lat.: 1.194ms, rate sampling interval: 10ms
  Thread calibration: mean lat.: 1.183ms, rate sampling interval: 10ms
  Thread calibration: mean lat.: 1.181ms, rate sampling interval: 10ms
  Thread calibration: mean lat.: 1.207ms, rate sampling interval: 10ms
  Thread calibration: mean lat.: 1.214ms, rate sampling interval: 10ms
  Thread calibration: mean lat.: 1.240ms, rate sampling interval: 10ms
  Thread calibration: mean lat.: 1.119ms, rate sampling interval: 10ms
  Thread calibration: mean lat.: 1.188ms, rate sampling interval: 10ms
  Thread calibration: mean lat.: 1.200ms, rate sampling interval: 10ms
  Thread calibration: mean lat.: 1.129ms, rate sampling interval: 10ms
  Thread calibration: mean lat.: 1.147ms, rate sampling interval: 10ms
  Thread calibration: mean lat.: 1.280ms, rate sampling interval: 10ms
  Thread calibration: mean lat.: 1.202ms, rate sampling interval: 10ms
  Thread Stats   Avg      Stdev     Max   +/- Stdev
    Latency     1.02ms    0.97ms  68.22ms   96.64%
    Req/Sec     1.97k   416.40     6.78k    65.30%
  Latency Distribution (HdrHistogram - Recorded Latency)
 50.000%    0.92ms
 75.000%    1.24ms
 90.000%    1.58ms
 99.000%    4.03ms
 99.900%   11.84ms
 99.990%   29.57ms
 99.999%   55.29ms
100.000%   68.29ms

  Detailed Percentile spectrum:
       Value   Percentile   TotalCount 1/(1-Percentile)

       0.055     0.000000            1         1.00
       0.351     0.100000      1777361         1.11
       0.520     0.200000      3547099         1.25
       0.665     0.300000      5315756         1.43
       0.798     0.400000      7089612         1.67
       0.922     0.500000      8858301         2.00
       0.982     0.550000      9735456         2.22
       1.043     0.600000     10623507         2.50
       1.105     0.650000     11510461         2.86
       1.170     0.700000     12388257         3.33
       1.242     0.750000     13276086         4.00
       1.281     0.775000     13716205         4.44
       1.325     0.800000     14164459         5.00
       1.374     0.825000     14605907         5.71
       1.430     0.850000     15042694         6.67
       1.497     0.875000     15484296         8.00
       1.536     0.887500     15708495         8.89
       1.578     0.900000     15926686        10.00
       1.626     0.912500     16149599        11.43
       1.680     0.925000     16370663        13.33
       1.744     0.937500     16590459        16.00
       1.783     0.943750     16703233        17.78
       1.826     0.950000     16812018        20.00
       1.878     0.956250     16923657        22.86
       1.941     0.962500     17032730        26.67
       2.029     0.968750     17143950        32.00
       2.093     0.971875     17198764        35.56
       2.187     0.975000     17254539        40.00
       2.325     0.978125     17309155        45.71
       2.541     0.981250     17364377        53.33
       2.873     0.984375     17419737        64.00
       3.097     0.985938     17447391        71.11
       3.379     0.987500     17475064        80.00
       3.751     0.989062     17502639        91.43
       4.251     0.990625     17530399       106.67
       4.907     0.992188     17557951       128.00
       5.279     0.992969     17571854       142.22
       5.687     0.993750     17585651       160.00
       6.235     0.994531     17599466       182.86
       6.803     0.995313     17613259       213.33
       7.431     0.996094     17627122       256.00
       7.747     0.996484     17633982       284.44
       8.103     0.996875     17640918       320.00
       8.527     0.997266     17647863       365.71
       9.007     0.997656     17654785       426.67
       9.519     0.998047     17661629       512.00
       9.847     0.998242     17665110       568.89
      10.239     0.998437     17668547       640.00
      10.703     0.998633     17672024       731.43
      11.263     0.998828     17675474       853.33
      11.919     0.999023     17678899      1024.00
      12.351     0.999121     17680643      1137.78
      12.855     0.999219     17682364      1280.00
      13.335     0.999316     17684082      1462.86
      13.959     0.999414     17685820      1706.67
      14.807     0.999512     17687538      2048.00
      15.351     0.999561     17688404      2275.56
      15.879     0.999609     17689275      2560.00
      16.591     0.999658     17690130      2925.71
      17.663     0.999707     17690994      3413.33
      19.055     0.999756     17691859      4096.00
      19.919     0.999780     17692294      4551.11
      20.943     0.999805     17692720      5120.00
      22.511     0.999829     17693152      5851.43
      24.207     0.999854     17693584      6826.67
      26.463     0.999878     17694015      8192.00
      27.999     0.999890     17694230      9102.22
      29.983     0.999902     17694446     10240.00
      32.655     0.999915     17694663     11702.86
      35.263     0.999927     17694880     13653.33
      38.047     0.999939     17695098     16384.00
      39.871     0.999945     17695202     18204.44
      41.567     0.999951     17695312     20480.00
      43.295     0.999957     17695420     23405.71
      45.279     0.999963     17695526     27306.67
      47.551     0.999969     17695634     32768.00
      48.607     0.999973     17695690     36408.89
      49.567     0.999976     17695746     40960.00
      50.847     0.999979     17695796     46811.43
      52.287     0.999982     17695850     54613.33
      53.375     0.999985     17695904     65536.00
      53.727     0.999986     17695931     72817.78
      54.367     0.999988     17695960     81920.00
      54.943     0.999989     17695985     93622.86
      55.679     0.999991     17696013    109226.67
      56.543     0.999992     17696039    131072.00
      57.055     0.999993     17696053    145635.56
      57.759     0.999994     17696066    163840.00
      58.367     0.999995     17696080    187245.71
      58.815     0.999995     17696093    218453.33
      59.327     0.999996     17696108    262144.00
      59.615     0.999997     17696114    291271.11
      60.191     0.999997     17696120    327680.00
      60.767     0.999997     17696127    374491.43
      61.151     0.999998     17696134    436906.67
      61.375     0.999998     17696141    524288.00
      61.471     0.999998     17696144    582542.22
      62.111     0.999998     17696147    655360.00
      62.847     0.999999     17696151    748982.86
      63.615     0.999999     17696155    873813.33
      63.807     0.999999     17696158   1048576.00
      64.223     0.999999     17696159   1165084.44
      64.543     0.999999     17696161   1310720.00
      64.671     0.999999     17696163   1497965.71
      64.735     0.999999     17696164   1747626.67
      65.247     1.000000     17696166   2097152.00
      65.599     1.000000     17696167   2330168.89
      66.111     1.000000     17696168   2621440.00
      66.175     1.000000     17696169   2995931.43
      66.175     1.000000     17696169   3495253.33
      66.623     1.000000     17696170   4194304.00
      67.903     1.000000     17696171   4660337.78
      67.903     1.000000     17696171   5242880.00
      67.967     1.000000     17696173   5991862.86
      67.967     1.000000     17696173   6990506.67
      67.967     1.000000     17696173   8388608.00
      67.967     1.000000     17696173   9320675.55
      67.967     1.000000     17696173  10485760.00
      67.967     1.000000     17696173  11983725.71
      67.967     1.000000     17696173  13981013.34
      67.967     1.000000     17696173  16777216.00
      68.287     1.000000     17696174  18641351.10
      68.287     1.000000     17696174          inf
#[Mean    =        1.017, StdDeviation   =        0.974]
#[Max     =       68.224, Total count    =     17696174]
#[Buckets =           27, SubBuckets     =         2048]
----------------------------------------------------------
  17998048 requests in 10.00m, 2.65GB read
Requests/sec:  29996.74
Transfer/sec:      4.52MB
