Running 10m test @ http://localhost:9999/math/plus?x=1&y=2
  16 threads and 400 connections
  Thread calibration: mean lat.: 1059.574ms, rate sampling interval: 5238ms
  Thread calibration: mean lat.: 1340.188ms, rate sampling interval: 5799ms
  Thread calibration: mean lat.: 1168.991ms, rate sampling interval: 5992ms
  Thread calibration: mean lat.: 1305.830ms, rate sampling interval: 6070ms
  Thread calibration: mean lat.: 1232.054ms, rate sampling interval: 6004ms
  Thread calibration: mean lat.: 1610.407ms, rate sampling interval: 6352ms
  Thread calibration: mean lat.: 1057.024ms, rate sampling interval: 4997ms
  Thread calibration: mean lat.: 1173.772ms, rate sampling interval: 5902ms
  Thread calibration: mean lat.: 1319.038ms, rate sampling interval: 5804ms
  Thread calibration: mean lat.: 1240.607ms, rate sampling interval: 5984ms
  Thread calibration: mean lat.: 1300.527ms, rate sampling interval: 6012ms
  Thread calibration: mean lat.: 1399.536ms, rate sampling interval: 6209ms
  Thread calibration: mean lat.: 1509.295ms, rate sampling interval: 6270ms
  Thread calibration: mean lat.: 1105.291ms, rate sampling interval: 5263ms
  Thread calibration: mean lat.: 1132.497ms, rate sampling interval: 5754ms
  Thread calibration: mean lat.: 1228.520ms, rate sampling interval: 5488ms
  Thread Stats   Avg      Stdev     Max   +/- Stdev
    Latency     1.39m     1.19m    6.72m    63.42%
    Req/Sec     2.60k   108.32     2.94k    69.11%
  Latency Distribution (HdrHistogram - Recorded Latency)
 50.000%    1.14m 
 75.000%    2.22m 
 90.000%    3.09m 
 99.000%    4.54m 
 99.900%    5.62m 
 99.990%    6.33m 
 99.999%    6.66m 
100.000%    6.72m 

  Detailed Percentile spectrum:
       Value   Percentile   TotalCount 1/(1-Percentile)

       0.155     0.000000            1         1.00
    2871.295     0.100000      2446776         1.11
   13877.247     0.200000      4893883         1.25
   27869.183     0.300000      7339855         1.43
   46825.471     0.400000      9785724         1.67
   68485.119     0.500000     12237715         2.00
   80478.207     0.550000     13457351         2.22
   91815.935     0.600000     14685234         2.50
  103809.023     0.650000     15903022         2.86
  117768.191     0.700000     17125225         3.33
  133038.079     0.750000     18352966         4.00
  141033.471     0.775000     18966447         4.44
  148897.791     0.800000     19571897         5.00
  156893.183     0.825000     20183674         5.71
  165150.719     0.850000     20797329         6.67
  174063.615     0.875000     21411974         8.00
  179568.639     0.887500     21714251         8.89
  185466.879     0.900000     22021706        10.00
  191889.407     0.912500     22323956        11.43
  198967.295     0.925000     22630399        13.33
  207224.831     0.937500     22935437        16.00
  212074.495     0.943750     23088683        17.78
  217317.375     0.950000     23242720        20.00
  222560.255     0.956250     23393982        22.86
  229900.287     0.962500     23549378        26.67
  238026.751     0.968750     23700344        32.00
  242483.199     0.971875     23776513        35.56
  247332.863     0.975000     23853358        40.00
  252444.671     0.978125     23930600        45.71
  257294.335     0.981250     24006629        53.33
  262275.071     0.984375     24084010        64.00
  264896.511     0.985938     24121610        71.11
  267649.023     0.987500     24159190        80.00
  270532.607     0.989062     24199069        91.43
  273416.191     0.990625     24235083       106.67
  278659.071     0.992188     24274634       128.00
  281804.799     0.992969     24292632       142.22
  285736.959     0.993750     24312338       160.00
  289931.263     0.994531     24331050       182.86
  295174.143     0.995313     24350225       213.33
  300941.311     0.996094     24369580       256.00
  303824.895     0.996484     24378833       284.44
  306970.623     0.996875     24387827       320.00
  310902.783     0.997266     24397487       365.71
  315359.231     0.997656     24407027       426.67
  320602.111     0.998047     24416698       512.00
  323485.695     0.998242     24421574       568.89
  326893.567     0.998437     24426290       640.00
  330039.295     0.998633     24430996       731.43
  333447.167     0.998828     24435593       853.33
  337641.471     0.999023     24440422      1024.00
  339738.623     0.999121     24442866      1137.78
  342097.919     0.999219     24445224      1280.00
  344981.503     0.999316     24447614      1462.86
  348127.231     0.999414     24449961      1706.67
  351797.247     0.999512     24452521      2048.00
  353632.255     0.999561     24453594      2275.56
  355729.407     0.999609     24454746      2560.00
  358088.703     0.999658     24455928      2925.71
  361758.719     0.999707     24457108      3413.33
  365690.879     0.999756     24458378      4096.00
  367263.743     0.999780     24458919      4551.11
  369098.751     0.999805     24459504      5120.00
  370933.759     0.999829     24460103      5851.43
  372768.767     0.999854     24460700      6826.67
  375914.495     0.999878     24461318      8192.00
  377749.503     0.999890     24461589      9102.22
  379846.655     0.999902     24461914     10240.00
  381419.519     0.999915     24462190     11702.86
  383254.527     0.999927     24462471     13653.33
  385351.679     0.999939     24462796     16384.00
  386400.255     0.999945     24462933     18204.44
  387448.831     0.999951     24463110     20480.00
  388235.263     0.999957     24463235     23405.71
  390332.415     0.999963     24463385     27306.67
  393215.999     0.999969     24463528     32768.00
  394264.575     0.999973     24463606     36408.89
  395051.007     0.999976     24463665     40960.00
  395837.439     0.999979     24463744     46811.43
  396886.015     0.999982     24463829     54613.33
  397934.591     0.999985     24463896     65536.00
  398458.879     0.999986     24463927     72817.78
  398983.167     0.999988     24463972     81920.00
  399507.455     0.999989     24464006     93622.86
  400031.743     0.999991     24464045    109226.67
  400818.175     0.999992     24464085    131072.00
  401080.319     0.999993     24464096    145635.56
  401604.607     0.999994     24464120    163840.00
  401866.751     0.999995     24464142    187245.71
  402128.895     0.999995     24464180    218453.33
  402128.895     0.999996     24464180    262144.00
  402128.895     0.999997     24464180    291271.11
  402391.039     0.999997     24464197    327680.00
  402391.039     0.999997     24464197    374491.43
  402653.183     0.999998     24464234    436906.67
  402653.183     0.999998     24464234    524288.00
  402653.183     0.999998     24464234    582542.22
  402653.183     0.999998     24464234    655360.00
  402653.183     0.999999     24464234    748982.86
  402915.327     0.999999     24464258    873813.33
  402915.327     0.999999     24464258   1048576.00
  402915.327     0.999999     24464258   1165084.44
  402915.327     0.999999     24464258   1310720.00
  402915.327     0.999999     24464258   1497965.71
  402915.327     0.999999     24464258   1747626.67
  402915.327     1.000000     24464258   2097152.00
  402915.327     1.000000     24464258   2330168.89
  402915.327     1.000000     24464258   2621440.00
  402915.327     1.000000     24464258   2995931.43
  402915.327     1.000000     24464258   3495253.33
  402915.327     1.000000     24464258   4194304.00
  402915.327     1.000000     24464258   4660337.78
  402915.327     1.000000     24464258   5242880.00
  402915.327     1.000000     24464258   5991862.86
  403177.471     1.000000     24464262   6990506.67
  403177.471     1.000000     24464262          inf
#[Mean    =    83287.507, StdDeviation   =    71460.993]
#[Max     =   402915.328, Total count    =     24464262]
#[Buckets =           27, SubBuckets     =         2048]
----------------------------------------------------------
  24891481 requests in 10.00m, 3.66GB read
Requests/sec:  41485.89
Transfer/sec:      6.25MB
