Running 10m test @ http://localhost:9999/math/plus?x=1&y=2
  16 threads and 400 connections
  Thread calibration: mean lat.: 1417.380ms, rate sampling interval: 6078ms
  Thread calibration: mean lat.: 1365.667ms, rate sampling interval: 5689ms
  Thread calibration: mean lat.: 1343.745ms, rate sampling interval: 5824ms
  Thread calibration: mean lat.: 997.546ms, rate sampling interval: 4231ms
  Thread calibration: mean lat.: 1391.209ms, rate sampling interval: 6549ms
  Thread calibration: mean lat.: 1336.167ms, rate sampling interval: 5660ms
  Thread calibration: mean lat.: 1270.947ms, rate sampling interval: 5738ms
  Thread calibration: mean lat.: 1441.257ms, rate sampling interval: 6320ms
  Thread calibration: mean lat.: 1446.617ms, rate sampling interval: 6348ms
  Thread calibration: mean lat.: 1172.264ms, rate sampling interval: 5189ms
  Thread calibration: mean lat.: 1133.986ms, rate sampling interval: 4980ms
  Thread calibration: mean lat.: 1265.326ms, rate sampling interval: 5566ms
  Thread calibration: mean lat.: 1331.199ms, rate sampling interval: 5693ms
  Thread calibration: mean lat.: 1288.556ms, rate sampling interval: 5492ms
  Thread calibration: mean lat.: 1198.362ms, rate sampling interval: 5648ms
  Thread calibration: mean lat.: 1400.358ms, rate sampling interval: 5746ms
  Thread Stats   Avg      Stdev     Max   +/- Stdev
    Latency     1.40m     1.06m    6.47m    64.71%
    Req/Sec     2.64k   132.77     3.28k    69.40%
  Latency Distribution (HdrHistogram - Recorded Latency)
 50.000%    1.18m 
 75.000%    2.12m 
 90.000%    2.88m 
 99.000%    4.32m 
 99.900%    5.45m 
 99.990%    6.09m 
 99.999%    6.43m 
100.000%    6.48m 

  Detailed Percentile spectrum:
       Value   Percentile   TotalCount 1/(1-Percentile)

       0.317     0.000000            1         1.00
   12730.367     0.100000      2486511         1.11
   23412.735     0.200000      4974127         1.25
   38371.327     0.300000      7457782         1.43
   54493.183     0.400000      9946554         1.67
   70975.487     0.500000     12436077         2.00
   79298.559     0.550000     13676612         2.22
   88866.815     0.600000     14921375         2.50
  100401.151     0.650000     16161908         2.86
  113573.887     0.700000     17401151         3.33
  126943.231     0.750000     18642854         4.00
  134086.655     0.775000     19263486         4.44
  141164.543     0.800000     19889530         5.00
  148111.359     0.825000     20513499         5.71
  155713.535     0.850000     21132439         6.67
  164102.143     0.875000     21750553         8.00
  168427.519     0.887500     22061059         8.89
  173015.039     0.900000     22371440        10.00
  178257.919     0.912500     22685541        11.43
  184025.087     0.925000     22997432        13.33
  192282.623     0.937500     23302375        16.00
  197394.431     0.943750     23458320        17.78
  203161.599     0.950000     23614810        20.00
  209453.055     0.956250     23767928        22.86
  216399.871     0.962500     23925744        26.67
  223739.903     0.968750     24078836        32.00
  227934.207     0.971875     24158755        35.56
  231735.295     0.975000     24233995        40.00
  235929.599     0.978125     24312272        45.71
  240123.903     0.981250     24391336        53.33
  244449.279     0.984375     24467590        64.00
  247595.007     0.985938     24506820        71.11
  251527.167     0.987500     24545553        80.00
  256376.831     0.989062     24584421        91.43
  261750.783     0.990625     24622325       106.67
  268697.599     0.992188     24662538       128.00
  272367.615     0.992969     24681769       142.22
  276299.775     0.993750     24700723       160.00
  280756.223     0.994531     24719815       182.86
  285474.815     0.995313     24738816       213.33
  291241.983     0.996094     24758234       256.00
  294649.855     0.996484     24768629       284.44
  298057.727     0.996875     24777740       320.00
  301989.887     0.997266     24787680       365.71
  306446.335     0.997656     24797282       426.67
  311164.927     0.998047     24806871       512.00
  313786.367     0.998242     24811898       568.89
  316407.807     0.998437     24816591       640.00
  320077.823     0.998633     24821667       731.43
  323747.839     0.998828     24826390       853.33
  327417.855     0.999023     24831219      1024.00
  329515.007     0.999121     24833515      1137.78
  331612.159     0.999219     24836026      1280.00
  333971.455     0.999316     24838386      1462.86
  336855.039     0.999414     24840869      1706.67
  340525.055     0.999512     24843327      2048.00
  342097.919     0.999561     24844425      2275.56
  343932.927     0.999609     24845677      2560.00
  345767.935     0.999658     24846944      2925.71
  347602.943     0.999707     24848037      3413.33
  349700.095     0.999756     24849332      4096.00
  350748.671     0.999780     24849947      4551.11
  352321.535     0.999805     24850461      5120.00
  355205.119     0.999829     24851088      5851.43
  358875.135     0.999854     24851674      6826.67
  362545.151     0.999878     24852322      8192.00
  364380.159     0.999890     24852639      9102.22
  365953.023     0.999902     24852898     10240.00
  367788.031     0.999915     24853202     11702.86
  369360.895     0.999927     24853496     13653.33
  371195.903     0.999939     24853803     16384.00
  371982.335     0.999945     24853968     18204.44
  373817.343     0.999951     24854113     20480.00
  375652.351     0.999957     24854263     23405.71
  377225.215     0.999963     24854408     27306.67
  378798.079     0.999969     24854554     32768.00
  380108.799     0.999973     24854645     36408.89
  380895.231     0.999976     24854710     40960.00
  381943.807     0.999979     24854785     46811.43
  383254.527     0.999982     24854866     54613.33
  384303.103     0.999985     24854949     65536.00
  384827.391     0.999986     24854985     72817.78
  385351.679     0.999988     24855039     81920.00
  385613.823     0.999989     24855063     93622.86
  385875.967     0.999991     24855094    109226.67
  386400.255     0.999992     24855132    131072.00
  386662.399     0.999993     24855144    145635.56
  386924.543     0.999994     24855165    163840.00
  387186.687     0.999995     24855185    187245.71
  387448.831     0.999995     24855205    218453.33
  387710.975     0.999996     24855227    262144.00
  387710.975     0.999997     24855227    291271.11
  387973.119     0.999997     24855253    327680.00
  387973.119     0.999997     24855253    374491.43
  388235.263     0.999998     24855294    436906.67
  388235.263     0.999998     24855294    524288.00
  388235.263     0.999998     24855294    582542.22
  388235.263     0.999998     24855294    655360.00
  388235.263     0.999999     24855294    748982.86
  388235.263     0.999999     24855294    873813.33
  388235.263     0.999999     24855294   1048576.00
  388235.263     0.999999     24855294   1165084.44
  388235.263     0.999999     24855294   1310720.00
  388497.407     0.999999     24855309   1497965.71
  388497.407     0.999999     24855309   1747626.67
  388497.407     1.000000     24855309   2097152.00
  388497.407     1.000000     24855309   2330168.89
  388497.407     1.000000     24855309   2621440.00
  388497.407     1.000000     24855309   2995931.43
  388497.407     1.000000     24855309   3495253.33
  388497.407     1.000000     24855309   4194304.00
  388497.407     1.000000     24855309   4660337.78
  388497.407     1.000000     24855309   5242880.00
  388497.407     1.000000     24855309   5991862.86
  388497.407     1.000000     24855309   6990506.67
  388759.551     1.000000     24855312   8388608.00
  388759.551     1.000000     24855312          inf
#[Mean    =    84024.836, StdDeviation   =    63552.206]
#[Max     =   388497.408, Total count    =     24855312]
#[Buckets =           27, SubBuckets     =         2048]
----------------------------------------------------------
  25279057 requests in 10.00m, 3.72GB read
Requests/sec:  42131.85
Transfer/sec:      6.35MB
