Running 10m test @ http://localhost:9999/math/plus?x=1&y=2
  16 threads and 400 connections
  Thread calibration: mean lat.: 1531.011ms, rate sampling interval: 6090ms
  Thread calibration: mean lat.: 1445.438ms, rate sampling interval: 6090ms
  Thread calibration: mean lat.: 1188.095ms, rate sampling interval: 5480ms
  Thread calibration: mean lat.: 1204.654ms, rate sampling interval: 5672ms
  Thread calibration: mean lat.: 1418.676ms, rate sampling interval: 5971ms
  Thread calibration: mean lat.: 1341.289ms, rate sampling interval: 5578ms
  Thread calibration: mean lat.: 1284.804ms, rate sampling interval: 5464ms
  Thread calibration: mean lat.: 1398.666ms, rate sampling interval: 5996ms
  Thread calibration: mean lat.: 1545.599ms, rate sampling interval: 6131ms
  Thread calibration: mean lat.: 978.561ms, rate sampling interval: 4898ms
  Thread calibration: mean lat.: 1445.971ms, rate sampling interval: 6000ms
  Thread calibration: mean lat.: 1462.089ms, rate sampling interval: 5906ms
  Thread calibration: mean lat.: 1355.447ms, rate sampling interval: 5582ms
  Thread calibration: mean lat.: 1255.896ms, rate sampling interval: 5419ms
  Thread calibration: mean lat.: 1211.852ms, rate sampling interval: 5357ms
  Thread calibration: mean lat.: 1120.238ms, rate sampling interval: 5312ms
  Thread Stats   Avg      Stdev     Max   +/- Stdev
    Latency     1.67m     1.19m    6.79m    64.66%
    Req/Sec     2.41k   138.21     2.91k    71.33%
  Latency Distribution (HdrHistogram - Recorded Latency)
 50.000%    1.43m 
 75.000%    2.50m 
 90.000%    3.38m 
 99.000%    4.92m 
 99.900%    6.02m 
 99.990%    6.52m 
 99.999%    6.74m 
100.000%    6.79m 

  Detailed Percentile spectrum:
       Value   Percentile   TotalCount 1/(1-Percentile)

     588.799     0.000000            1         1.00
   17121.279     0.100000      2272519         1.11
   33406.975     0.200000      4542100         1.25
   49905.663     0.300000      6811576         1.43
   66977.791     0.400000      9081366         1.67
   85786.623     0.500000     11354747         2.00
   96272.383     0.550000     12489242         2.22
  108724.223     0.600000     13622021         2.50
  121831.423     0.650000     14757560         2.86
  135135.231     0.700000     15893968         3.33
  150208.511     0.750000     17032993         4.00
  157941.759     0.775000     17602358         4.44
  165806.079     0.800000     18164835         5.00
  173932.543     0.825000     18729308         5.71
  182976.511     0.850000     19301966         6.67
  192806.911     0.875000     19869860         8.00
  197787.647     0.887500     20149811         8.89
  203030.527     0.900000     20432845        10.00
  209059.839     0.912500     20716973        11.43
  215351.295     0.925000     21003982        13.33
  222167.039     0.937500     21284044        16.00
  226099.199     0.943750     21423991        17.78
  230293.503     0.950000     21570052        20.00
  235012.095     0.956250     21708563        22.86
  240779.263     0.962500     21852103        26.67
  247070.719     0.968750     21992525        32.00
  251265.023     0.971875     22063236        35.56
  256245.759     0.975000     22133874        40.00
  262012.927     0.978125     22204162        45.71
  268959.743     0.981250     22277451        53.33
  276561.919     0.984375     22346358        64.00
  281018.367     0.985938     22382120        71.11
  285736.959     0.987500     22417647        80.00
  291241.983     0.989062     22453408        91.43
  297271.295     0.990625     22488590       106.67
  304349.183     0.992188     22524563       128.00
  308281.343     0.992969     22542321       142.22
  312213.503     0.993750     22558865       160.00
  316669.951     0.994531     22576748       182.86
  321388.543     0.995313     22594691       213.33
  327155.711     0.996094     22612733       256.00
  330563.583     0.996484     22621311       284.44
  334495.743     0.996875     22630422       320.00
  338165.759     0.997266     22639180       365.71
  342097.919     0.997656     22647566       426.67
  347078.655     0.998047     22656502       512.00
  349700.095     0.998242     22661274       568.89
  352321.535     0.998437     22665347       640.00
  355205.119     0.998633     22669702       731.43
  358612.991     0.998828     22674497       853.33
  362020.863     0.999023     22678804      1024.00
  363593.727     0.999121     22680789      1137.78
  365428.735     0.999219     22683023      1280.00
  367263.743     0.999316     22685378      1462.86
  369623.039     0.999414     22687469      1706.67
  373293.055     0.999512     22689758      2048.00
  375128.063     0.999561     22690859      2275.56
  376700.927     0.999609     22691857      2560.00
  378535.935     0.999658     22693014      2925.71
  380370.943     0.999707     22694168      3413.33
  382730.239     0.999756     22695339      4096.00
  383778.815     0.999780     22695810      4551.11
  385089.535     0.999805     22696419      5120.00
  386400.255     0.999829     22696914      5851.43
  387710.975     0.999854     22697427      6826.67
  389545.983     0.999878     22698008      8192.00
  390594.559     0.999890     22698297      9102.22
  391380.991     0.999902     22698550     10240.00
  392429.567     0.999915     22698803     11702.86
  393740.287     0.999927     22699083     13653.33
  395051.007     0.999939     22699338     16384.00
  395575.295     0.999945     22699478     18204.44
  396099.583     0.999951     22699628     20480.00
  396886.015     0.999957     22699786     23405.71
  397410.303     0.999963     22699895     27306.67
  398458.879     0.999969     22700059     32768.00
  398983.167     0.999973     22700124     36408.89
  399507.455     0.999976     22700182     40960.00
  400818.175     0.999979     22700261     46811.43
  401604.607     0.999982     22700322     54613.33
  402391.039     0.999985     22700385     65536.00
  402915.327     0.999986     22700423     72817.78
  403439.615     0.999988     22700455     81920.00
  403963.903     0.999989     22700486     93622.86
  404750.335     0.999991     22700520    109226.67
  405274.623     0.999992     22700565    131072.00
  405536.767     0.999993     22700589    145635.56
  405536.767     0.999994     22700589    163840.00
  406061.055     0.999995     22700618    187245.71
  406323.199     0.999995     22700641    218453.33
  406323.199     0.999996     22700641    262144.00
  406585.343     0.999997     22700662    291271.11
  406585.343     0.999997     22700662    327680.00
  406847.487     0.999997     22700678    374491.43
  406847.487     0.999998     22700678    436906.67
  407109.631     0.999998     22700695    524288.00
  407109.631     0.999998     22700695    582542.22
  407109.631     0.999998     22700695    655360.00
  407109.631     0.999999     22700695    748982.86
  407371.775     0.999999     22700716    873813.33
  407371.775     0.999999     22700716   1048576.00
  407371.775     0.999999     22700716   1165084.44
  407371.775     0.999999     22700716   1310720.00
  407371.775     0.999999     22700716   1497965.71
  407371.775     0.999999     22700716   1747626.67
  407371.775     1.000000     22700716   2097152.00
  407371.775     1.000000     22700716   2330168.89
  407371.775     1.000000     22700716   2621440.00
  407371.775     1.000000     22700716   2995931.43
  407633.919     1.000000     22700723   3495253.33
  407633.919     1.000000     22700723          inf
#[Mean    =   100463.862, StdDeviation   =    71562.056]
#[Max     =   407371.776, Total count    =     22700723]
#[Buckets =           27, SubBuckets     =         2048]
----------------------------------------------------------
  23127541 requests in 10.00m, 3.40GB read
Requests/sec:  38546.00
Transfer/sec:      5.81MB
