Running 10m test @ http://localhost:9999/math/plus?x=1&y=2
  16 threads and 400 connections
  Thread calibration: mean lat.: 6.932ms, rate sampling interval: 29ms
  Thread calibration: mean lat.: 8.146ms, rate sampling interval: 32ms
  Thread calibration: mean lat.: 8.376ms, rate sampling interval: 33ms
  Thread calibration: mean lat.: 7.667ms, rate sampling interval: 31ms
  Thread calibration: mean lat.: 8.620ms, rate sampling interval: 34ms
  Thread calibration: mean lat.: 7.301ms, rate sampling interval: 30ms
  Thread calibration: mean lat.: 7.320ms, rate sampling interval: 32ms
  Thread calibration: mean lat.: 7.321ms, rate sampling interval: 29ms
  Thread calibration: mean lat.: 8.313ms, rate sampling interval: 35ms
  Thread calibration: mean lat.: 8.084ms, rate sampling interval: 33ms
  Thread calibration: mean lat.: 7.125ms, rate sampling interval: 31ms
  Thread calibration: mean lat.: 6.914ms, rate sampling interval: 28ms
  Thread calibration: mean lat.: 7.652ms, rate sampling interval: 31ms
  Thread calibration: mean lat.: 6.559ms, rate sampling interval: 27ms
  Thread calibration: mean lat.: 7.280ms, rate sampling interval: 30ms
  Thread calibration: mean lat.: 7.908ms, rate sampling interval: 33ms
  Thread Stats   Avg      Stdev     Max   +/- Stdev
    Latency     7.90ms    5.73ms  72.13ms   64.86%
    Req/Sec   635.42    210.25     2.07k    69.89%
  Latency Distribution (HdrHistogram - Recorded Latency)
 50.000%    6.82ms
 75.000%   11.69ms
 90.000%   16.09ms
 99.000%   22.88ms
 99.900%   32.00ms
 99.990%   50.72ms
 99.999%   66.62ms
100.000%   72.19ms

  Detailed Percentile spectrum:
       Value   Percentile   TotalCount 1/(1-Percentile)

       0.100     0.000000            1         1.00
       1.496     0.100000       590127         1.11
       2.405     0.200000      1180702         1.25
       3.619     0.300000      1770295         1.43
       5.115     0.400000      2360526         1.67
       6.815     0.500000      2950152         2.00
       7.715     0.550000      3244339         2.22
       8.639     0.600000      3539381         2.50
       9.599     0.650000      3835714         2.86
      10.599     0.700000      4130391         3.33
      11.695     0.750000      4425543         4.00
      12.295     0.775000      4572606         4.44
      12.935     0.800000      4718974         5.00
      13.631     0.825000      4866785         5.71
      14.383     0.850000      5014358         6.67
      15.199     0.875000      5162194         8.00
      15.631     0.887500      5235115         8.89
      16.095     0.900000      5309370        10.00
      16.591     0.912500      5383397        11.43
      17.151     0.925000      5458320        13.33
      17.759     0.937500      5530494        16.00
      18.095     0.943750      5567086        17.78
      18.463     0.950000      5604147        20.00
      18.879     0.956250      5641984        22.86
      19.327     0.962500      5678453        26.67
      19.839     0.968750      5715370        32.00
      20.111     0.971875      5733420        35.56
      20.399     0.975000      5751314        40.00
      20.735     0.978125      5770365        45.71
      21.103     0.981250      5788659        53.33
      21.551     0.984375      5806719        64.00
      21.839     0.985938      5816109        71.11
      22.175     0.987500      5825100        80.00
      22.591     0.989062      5834264        91.43
      23.103     0.990625      5843645       106.67
      23.743     0.992188      5852815       128.00
      24.111     0.992969      5857412       142.22
      24.511     0.993750      5861857       160.00
      25.007     0.994531      5866510       182.86
      25.583     0.995313      5871133       213.33
      26.287     0.996094      5875744       256.00
      26.687     0.996484      5877998       284.44
      27.151     0.996875      5880321       320.00
      27.711     0.997266      5882637       365.71
      28.303     0.997656      5884885       426.67
      29.071     0.998047      5887206       512.00
      29.503     0.998242      5888356       568.89
      29.999     0.998437      5889498       640.00
      30.607     0.998633      5890665       731.43
      31.279     0.998828      5891819       853.33
      32.127     0.999023      5892968      1024.00
      32.607     0.999121      5893535      1137.78
      33.215     0.999219      5894121      1280.00
      33.887     0.999316      5894686      1462.86
      34.719     0.999414      5895272      1706.67
      35.935     0.999512      5895839      2048.00
      36.703     0.999561      5896119      2275.56
      37.599     0.999609      5896416      2560.00
      38.527     0.999658      5896698      2925.71
      39.583     0.999707      5896986      3413.33
      41.567     0.999756      5897277      4096.00
      42.847     0.999780      5897415      4551.11
      44.159     0.999805      5897560      5120.00
      45.503     0.999829      5897702      5851.43
      46.847     0.999854      5897847      6826.67
      48.319     0.999878      5897991      8192.00
      49.567     0.999890      5898062      9102.22
      51.039     0.999902      5898134     10240.00
      52.991     0.999915      5898206     11702.86
      55.007     0.999927      5898278     13653.33
      57.439     0.999939      5898350     16384.00
      59.071     0.999945      5898387     18204.44
      60.159     0.999951      5898424     20480.00
      60.991     0.999957      5898458     23405.71
      61.631     0.999963      5898494     27306.67
      62.751     0.999969      5898530     32768.00
      63.295     0.999973      5898548     36408.89
      63.871     0.999976      5898568     40960.00
      64.255     0.999979      5898584     46811.43
      65.215     0.999982      5898602     54613.33
      65.727     0.999985      5898622     65536.00
      65.919     0.999986      5898632     72817.78
      66.047     0.999988      5898641     81920.00
      66.367     0.999989      5898647     93622.86
      67.007     0.999991      5898658    109226.67
      67.455     0.999992      5898665    131072.00
      67.711     0.999993      5898671    145635.56
      67.775     0.999994      5898674    163840.00
      68.031     0.999995      5898679    187245.71
      68.351     0.999995      5898683    218453.33
      68.863     0.999996      5898688    262144.00
      68.991     0.999997      5898690    291271.11
      69.055     0.999997      5898694    327680.00
      69.119     0.999997      5898695    374491.43
      69.375     0.999998      5898697    436906.67
      69.631     0.999998      5898699    524288.00
      69.759     0.999998      5898700    582542.22
      69.887     0.999998      5898701    655360.00
      70.399     0.999999      5898703    748982.86
      70.527     0.999999      5898704    873813.33
      70.591     0.999999      5898706   1048576.00
      70.591     0.999999      5898706   1165084.44
      70.591     0.999999      5898706   1310720.00
      70.783     0.999999      5898707   1497965.71
      70.783     0.999999      5898707   1747626.67
      71.231     1.000000      5898708   2097152.00
      71.231     1.000000      5898708   2330168.89
      71.231     1.000000      5898708   2621440.00
      71.999     1.000000      5898709   2995931.43
      71.999     1.000000      5898709   3495253.33
      71.999     1.000000      5898709   4194304.00
      71.999     1.000000      5898709   4660337.78
      71.999     1.000000      5898709   5242880.00
      72.191     1.000000      5898710   5991862.86
      72.191     1.000000      5898710          inf
#[Mean    =        7.904, StdDeviation   =        5.732]
#[Max     =       72.128, Total count    =      5898710]
#[Buckets =           27, SubBuckets     =         2048]
----------------------------------------------------------
  5998711 requests in 10.00m, 0.88GB read
Requests/sec:   9997.73
Transfer/sec:      1.51MB
