Running 10m test @ http://localhost:9999/math/plus?x=1&y=2
  16 threads and 400 connections
  Thread calibration: mean lat.: 925.678ms, rate sampling interval: 4960ms
  Thread calibration: mean lat.: 920.911ms, rate sampling interval: 3729ms
  Thread calibration: mean lat.: 769.205ms, rate sampling interval: 3635ms
  Thread calibration: mean lat.: 886.112ms, rate sampling interval: 4710ms
  Thread calibration: mean lat.: 1053.413ms, rate sampling interval: 5488ms
  Thread calibration: mean lat.: 1070.984ms, rate sampling interval: 5373ms
  Thread calibration: mean lat.: 915.469ms, rate sampling interval: 4374ms
  Thread calibration: mean lat.: 891.342ms, rate sampling interval: 4501ms
  Thread calibration: mean lat.: 750.085ms, rate sampling interval: 3282ms
  Thread calibration: mean lat.: 894.062ms, rate sampling interval: 3723ms
  Thread calibration: mean lat.: 865.102ms, rate sampling interval: 4139ms
  Thread calibration: mean lat.: 972.465ms, rate sampling interval: 4878ms
  Thread calibration: mean lat.: 995.227ms, rate sampling interval: 4808ms
  Thread calibration: mean lat.: 988.035ms, rate sampling interval: 5033ms
  Thread calibration: mean lat.: 1255.705ms, rate sampling interval: 5525ms
  Thread calibration: mean lat.: 985.078ms, rate sampling interval: 4947ms
  Thread Stats   Avg      Stdev     Max   +/- Stdev
    Latency     1.26m     1.13m    6.35m    65.11%
    Req/Sec     2.71k   171.39     3.37k    70.43%
  Latency Distribution (HdrHistogram - Recorded Latency)
 50.000%    1.03m 
 75.000%    1.92m 
 90.000%    2.93m 
 99.000%    4.37m 
 99.900%    5.55m 
 99.990%    6.19m 
 99.999%    6.33m 
100.000%    6.36m 

  Detailed Percentile spectrum:
       Value   Percentile   TotalCount 1/(1-Percentile)

       0.146     0.000000            1         1.00
    2312.191     0.100000      2539894         1.11
    9633.791     0.200000      5079900         1.25
   23986.175     0.300000      7618301         1.43
   41943.039     0.400000     10156976         1.67
   62095.359     0.500000     12696426         2.00
   72024.063     0.550000     13969764         2.22
   81592.319     0.600000     15239624         2.50
   91881.471     0.650000     16508825         2.86
  102891.519     0.700000     17774973         3.33
  115277.823     0.750000     19044025         4.00
  122224.639     0.775000     19682466         4.44
  130940.927     0.800000     20313940         5.00
  140509.183     0.825000     20951438         5.71
  150863.871     0.850000     21586430         6.67
  162529.279     0.875000     22221372         8.00
  168951.807     0.887500     22540928         8.89
  175898.623     0.900000     22856185        10.00
  183894.015     0.912500     23169617        11.43
  192544.767     0.925000     23488249        13.33
  201457.663     0.937500     23805479        16.00
  206045.183     0.943750     23963963        17.78
  210894.847     0.950000     24124125        20.00
  215744.511     0.956250     24281525        22.86
  220725.247     0.962500     24440035        26.67
  226099.199     0.968750     24599104        32.00
  228851.711     0.971875     24679434        35.56
  231735.295     0.975000     24757077        40.00
  235012.095     0.978125     24838092        45.71
  239337.471     0.981250     24916637        53.33
  245366.783     0.984375     24994383        64.00
  249167.871     0.985938     25034210        71.11
  253493.247     0.987500     25073877        80.00
  258736.127     0.989062     25113527        91.43
  264634.367     0.990625     25153874       106.67
  271581.183     0.992188     25193742       128.00
  275513.343     0.992969     25213250       142.22
  279707.647     0.993750     25232822       160.00
  284426.239     0.994531     25252206       182.86
  289144.831     0.995313     25272260       213.33
  294649.855     0.996094     25292138       256.00
  298057.727     0.996484     25302038       284.44
  301727.743     0.996875     25311753       320.00
  305659.903     0.997266     25321897       365.71
  309854.207     0.997656     25331554       426.67
  315883.519     0.998047     25341750       512.00
  318504.959     0.998242     25346463       568.89
  321650.687     0.998437     25351486       640.00
  325582.847     0.998633     25356458       731.43
  329515.007     0.998828     25361652       853.33
  333709.311     0.999023     25366405      1024.00
  336330.751     0.999121     25368747      1137.78
  338952.191     0.999219     25371253      1280.00
  341835.775     0.999316     25373948      1462.86
  344981.503     0.999414     25376276      1706.67
  348389.375     0.999512     25378746      2048.00
  349962.239     0.999561     25379949      2275.56
  351797.247     0.999609     25381263      2560.00
  353632.255     0.999658     25382427      2925.71
  357040.127     0.999707     25383627      3413.33
  361234.431     0.999756     25384919      4096.00
  362807.295     0.999780     25385566      4551.11
  364642.303     0.999805     25386191      5120.00
  366215.167     0.999829     25386752      5851.43
  368312.319     0.999854     25387390      6826.67
  370147.327     0.999878     25388003      8192.00
  370671.615     0.999890     25388289      9102.22
  371720.191     0.999902     25388621     10240.00
  372768.767     0.999915     25388924     11702.86
  373555.199     0.999927     25389236     13653.33
  374341.631     0.999939     25389512     16384.00
  374865.919     0.999945     25389674     18204.44
  375390.207     0.999951     25389881     20480.00
  375652.351     0.999957     25389978     23405.71
  376176.639     0.999963     25390127     27306.67
  377225.215     0.999969     25390303     32768.00
  377487.359     0.999973     25390356     36408.89
  378011.647     0.999976     25390456     40960.00
  378535.935     0.999979     25390559     46811.43
  378798.079     0.999982     25390607     54613.33
  379322.367     0.999985     25390724     65536.00
  379322.367     0.999986     25390724     72817.78
  379584.511     0.999988     25390787     81920.00
  379584.511     0.999989     25390787     93622.86
  379846.655     0.999991     25390831    109226.67
  380108.799     0.999992     25390877    131072.00
  380370.943     0.999993     25390929    145635.56
  380370.943     0.999994     25390929    163840.00
  380370.943     0.999995     25390929    187245.71
  380633.087     0.999995     25390978    218453.33
  380633.087     0.999996     25390978    262144.00
  380633.087     0.999997     25390978    291271.11
  380633.087     0.999997     25390978    327680.00
  380895.231     0.999997     25391025    374491.43
  380895.231     0.999998     25391025    436906.67
  380895.231     0.999998     25391025    524288.00
  380895.231     0.999998     25391025    582542.22
  380895.231     0.999998     25391025    655360.00
  380895.231     0.999999     25391025    748982.86
  380895.231     0.999999     25391025    873813.33
  381157.375     0.999999     25391045   1048576.00
  381157.375     0.999999     25391045   1165084.44
  381157.375     0.999999     25391045   1310720.00
  381157.375     0.999999     25391045   1497965.71
  381157.375     0.999999     25391045   1747626.67
  381157.375     1.000000     25391045   2097152.00
  381157.375     1.000000     25391045   2330168.89
  381157.375     1.000000     25391045   2621440.00
  381157.375     1.000000     25391045   2995931.43
  381419.519     1.000000     25391053   3495253.33
  381419.519     1.000000     25391053          inf
#[Mean    =    75598.685, StdDeviation   =    67608.857]
#[Max     =   381157.376, Total count    =     25391053]
#[Buckets =           27, SubBuckets     =         2048]
----------------------------------------------------------
  25856495 requests in 10.00m, 3.80GB read
Requests/sec:  43094.53
Transfer/sec:      6.49MB
