Running 10m test @ http://localhost:9999/math/plus?x=1&y=2
  16 threads and 400 connections
  Thread calibration: mean lat.: 1015.443ms, rate sampling interval: 5079ms
  Thread calibration: mean lat.: 1068.136ms, rate sampling interval: 4812ms
  Thread calibration: mean lat.: 951.555ms, rate sampling interval: 4915ms
  Thread calibration: mean lat.: 1330.216ms, rate sampling interval: 5570ms
  Thread calibration: mean lat.: 1092.317ms, rate sampling interval: 4784ms
  Thread calibration: mean lat.: 1245.228ms, rate sampling interval: 5648ms
  Thread calibration: mean lat.: 991.354ms, rate sampling interval: 4747ms
  Thread calibration: mean lat.: 1430.508ms, rate sampling interval: 5931ms
  Thread calibration: mean lat.: 1270.387ms, rate sampling interval: 5476ms
  Thread calibration: mean lat.: 1017.150ms, rate sampling interval: 5255ms
  Thread calibration: mean lat.: 1099.861ms, rate sampling interval: 5734ms
  Thread calibration: mean lat.: 980.587ms, rate sampling interval: 5275ms
  Thread calibration: mean lat.: 1140.585ms, rate sampling interval: 5787ms
  Thread calibration: mean lat.: 1063.733ms, rate sampling interval: 5279ms
  Thread calibration: mean lat.: 987.542ms, rate sampling interval: 4341ms
  Thread calibration: mean lat.: 972.655ms, rate sampling interval: 4599ms
  Thread Stats   Avg      Stdev     Max   +/- Stdev
    Latency     1.46m     1.11m    6.63m    68.02%
    Req/Sec     2.57k   119.20     2.95k    68.85%
  Latency Distribution (HdrHistogram - Recorded Latency)
 50.000%    1.22m 
 75.000%    2.16m 
 90.000%    3.06m 
 99.000%    4.54m 
 99.900%    5.65m 
 99.990%    6.30m 
 99.999%    6.57m 
100.000%    6.63m 

  Detailed Percentile spectrum:
       Value   Percentile   TotalCount 1/(1-Percentile)

       0.243     0.000000            1         1.00
   13574.143     0.100000      2422834         1.11
   26673.151     0.200000      4846632         1.25
   39059.455     0.300000      7270253         1.43
   53805.055     0.400000      9693187         1.67
   73465.855     0.500000     12113824         2.00
   84148.223     0.550000     13326673         2.22
   95485.951     0.600000     14538879         2.50
  106430.463     0.650000     15747977         2.86
  118030.335     0.700000     16960973         3.33
  129826.815     0.750000     18174186         4.00
  136052.735     0.775000     18778516         4.44
  142868.479     0.800000     19382313         5.00
  150732.799     0.825000     19992254         5.71
  159776.767     0.850000     20598803         6.67
  170393.599     0.875000     21203280         8.00
  176685.055     0.887500     21504806         8.89
  183631.871     0.900000     21806033        10.00
  191234.047     0.912500     22108558        11.43
  199622.655     0.925000     22413497        13.33
  208535.551     0.937500     22715806        16.00
  212991.999     0.943750     22865194        17.78
  217710.591     0.950000     23016779        20.00
  222560.255     0.956250     23169204        22.86
  228458.495     0.962500     23318403        26.67
  235405.311     0.968750     23469562        32.00
  239337.471     0.971875     23545586        35.56
  243138.559     0.975000     23622316        40.00
  246939.647     0.978125     23697463        45.71
  251133.951     0.981250     23773452        53.33
  256770.047     0.984375     23848849        64.00
  260440.063     0.985938     23886034        71.11
  264765.439     0.987500     23924634        80.00
  269484.031     0.989062     23962476        91.43
  274989.055     0.990625     23999946       106.67
  281542.655     0.992188     24037488       128.00
  285212.671     0.992969     24056525       142.22
  289406.975     0.993750     24075275       160.00
  294125.567     0.994531     24094990       182.86
  299106.303     0.995313     24113416       213.33
  304349.183     0.996094     24132708       256.00
  307232.767     0.996484     24141956       284.44
  310116.351     0.996875     24150931       320.00
  314048.511     0.997266     24160833       365.71
  318242.815     0.997656     24169921       426.67
  323223.551     0.998047     24179315       512.00
  326107.135     0.998242     24184206       568.89
  329252.863     0.998437     24189118       640.00
  332398.591     0.998633     24193814       731.43
  335806.463     0.998828     24198389       853.33
  339738.623     0.999023     24202939      1024.00
  342097.919     0.999121     24205409      1137.78
  344719.359     0.999219     24207645      1280.00
  347602.943     0.999316     24209982      1462.86
  350748.671     0.999414     24212439      1706.67
  354418.687     0.999512     24214758      2048.00
  356515.839     0.999561     24216011      2275.56
  358612.991     0.999609     24217058      2560.00
  361234.431     0.999658     24218316      2925.71
  363855.871     0.999707     24219540      3413.33
  366477.311     0.999756     24220667      4096.00
  367788.031     0.999780     24221253      4551.11
  369623.039     0.999805     24221826      5120.00
  371458.047     0.999829     24222389      5851.43
  373293.055     0.999854     24222982      6826.67
  375652.351     0.999878     24223568      8192.00
  376963.071     0.999890     24223874      9102.22
  378011.647     0.999902     24224166     10240.00
  379322.367     0.999915     24224474     11702.86
  380633.087     0.999927     24224795     13653.33
  381943.807     0.999939     24225043     16384.00
  382992.383     0.999945     24225219     18204.44
  384040.959     0.999951     24225348     20480.00
  384827.391     0.999957     24225495     23405.71
  386138.111     0.999963     24225650     27306.67
  387710.975     0.999969     24225785     32768.00
  388759.551     0.999973     24225869     36408.89
  389545.983     0.999976     24225933     40960.00
  390594.559     0.999979     24226014     46811.43
  391380.991     0.999982     24226081     54613.33
  392429.567     0.999985     24226167     65536.00
  392953.855     0.999986     24226200     72817.78
  393478.143     0.999988     24226239     81920.00
  394002.431     0.999989     24226269     93622.86
  394526.719     0.999991     24226301    109226.67
  395051.007     0.999992     24226338    131072.00
  395575.295     0.999993     24226363    145635.56
  395837.439     0.999994     24226374    163840.00
  396361.727     0.999995     24226398    187245.71
  396623.871     0.999995     24226423    218453.33
  396886.015     0.999996     24226446    262144.00
  396886.015     0.999997     24226446    291271.11
  396886.015     0.999997     24226446    327680.00
  397148.159     0.999997     24226462    374491.43
  397410.303     0.999998     24226487    436906.67
  397410.303     0.999998     24226487    524288.00
  397410.303     0.999998     24226487    582542.22
  397410.303     0.999998     24226487    655360.00
  397410.303     0.999999     24226487    748982.86
  397672.447     0.999999     24226512    873813.33
  397672.447     0.999999     24226512   1048576.00
  397672.447     0.999999     24226512   1165084.44
  397672.447     0.999999     24226512   1310720.00
  397672.447     0.999999     24226512   1497965.71
  397672.447     0.999999     24226512   1747626.67
  397672.447     1.000000     24226512   2097152.00
  397672.447     1.000000     24226512   2330168.89
  397672.447     1.000000     24226512   2621440.00
  397672.447     1.000000     24226512   2995931.43
  397934.591     1.000000     24226519   3495253.33
  397934.591     1.000000     24226519          inf
#[Mean    =    87671.594, StdDeviation   =    66711.707]
#[Max     =   397672.448, Total count    =     24226519]
#[Buckets =           27, SubBuckets     =         2048]
----------------------------------------------------------
  24684237 requests in 10.00m, 3.63GB read
Requests/sec:  41140.77
Transfer/sec:      6.20MB
