Running 10m test @ http://localhost:9999/math/plus?x=1&y=2
  16 threads and 400 connections
  Thread calibration: mean lat.: 1090.791ms, rate sampling interval: 4870ms
  Thread calibration: mean lat.: 753.074ms, rate sampling interval: 3543ms
  Thread calibration: mean lat.: 955.497ms, rate sampling interval: 4616ms
  Thread calibration: mean lat.: 927.074ms, rate sampling interval: 4415ms
  Thread calibration: mean lat.: 951.924ms, rate sampling interval: 4014ms
  Thread calibration: mean lat.: 1040.989ms, rate sampling interval: 4272ms
  Thread calibration: mean lat.: 1034.551ms, rate sampling interval: 4599ms
  Thread calibration: mean lat.: 877.299ms, rate sampling interval: 4239ms
  Thread calibration: mean lat.: 1021.670ms, rate sampling interval: 4607ms
  Thread calibration: mean lat.: 910.933ms, rate sampling interval: 4247ms
  Thread calibration: mean lat.: 844.532ms, rate sampling interval: 4239ms
  Thread calibration: mean lat.: 779.379ms, rate sampling interval: 3686ms
  Thread calibration: mean lat.: 892.102ms, rate sampling interval: 4292ms
  Thread calibration: mean lat.: 1076.615ms, rate sampling interval: 4993ms
  Thread calibration: mean lat.: 867.347ms, rate sampling interval: 4505ms
  Thread calibration: mean lat.: 998.322ms, rate sampling interval: 3999ms
  Thread Stats   Avg      Stdev     Max   +/- Stdev
    Latency     1.42m     1.06m    6.37m    67.22%
    Req/Sec     2.61k   126.85     3.05k    68.88%
  Latency Distribution (HdrHistogram - Recorded Latency)
 50.000%    1.18m 
 75.000%    2.10m 
 90.000%    2.93m 
 99.000%    4.47m 
 99.900%    5.53m 
 99.990%    6.07m 
 99.999%    6.34m 
100.000%    6.37m 

  Detailed Percentile spectrum:
       Value   Percentile   TotalCount 1/(1-Percentile)

       3.577     0.000000            1         1.00
   13156.351     0.100000      2460518         1.11
   27672.575     0.200000      4919128         1.25
   41418.751     0.300000      7379187         1.43
   56066.047     0.400000      9838992         1.67
   70844.415     0.500000     12298044         2.00
   79560.703     0.550000     13531092         2.22
   89653.247     0.600000     14757459         2.50
  100728.831     0.650000     15991038         2.86
  112525.311     0.700000     17218921         3.33
  125763.583     0.750000     18448748         4.00
  132120.575     0.775000     19060368         4.44
  139067.391     0.800000     19680334         5.00
  146669.567     0.825000     20293979         5.71
  154664.959     0.850000     20905034         6.67
  163971.071     0.875000     21518145         8.00
  169607.167     0.887500     21827805         8.89
  175636.479     0.900000     22132510        10.00
  182452.223     0.912500     22442172        11.43
  189792.255     0.925000     22748923        13.33
  197263.359     0.937500     23059324        16.00
  201064.447     0.943750     23210146        17.78
  205520.895     0.950000     23364177        20.00
  210501.631     0.956250     23516715        22.86
  216137.727     0.962500     23671180        26.67
  222560.255     0.968750     23824180        32.00
  226754.559     0.971875     23901843        35.56
  231604.223     0.975000     23978708        40.00
  237109.247     0.978125     24054472        45.71
  243531.775     0.981250     24130978        53.33
  251002.879     0.984375     24207828        64.00
  255066.111     0.985938     24245925        71.11
  259915.775     0.987500     24285039        80.00
  264896.511     0.989062     24323118        91.43
  270794.751     0.990625     24362375       106.67
  277086.207     0.992188     24399576       128.00
  281018.367     0.992969     24420051       142.22
  284688.383     0.993750     24438295       160.00
  288620.543     0.994531     24458124       182.86
  293076.991     0.995313     24476953       213.33
  298844.159     0.996094     24496204       256.00
  301989.887     0.996484     24505399       284.44
  305659.903     0.996875     24515070       320.00
  309329.919     0.997266     24524461       365.71
  313524.223     0.997656     24534301       426.67
  317980.671     0.998047     24544052       512.00
  320339.967     0.998242     24548493       568.89
  322961.407     0.998437     24553310       640.00
  325844.991     0.998633     24558410       731.43
  328466.431     0.998828     24562877       853.33
  332398.591     0.999023     24567877      1024.00
  334233.599     0.999121     24570135      1137.78
  336592.895     0.999219     24572500      1280.00
  339214.335     0.999316     24574982      1462.86
  341573.631     0.999414     24577380      1706.67
  344719.359     0.999512     24579742      2048.00
  346292.223     0.999561     24580869      2275.56
  348127.231     0.999609     24582114      2560.00
  350748.671     0.999658     24583306      2925.71
  353370.111     0.999707     24584405      3413.33
  355991.551     0.999756     24585647      4096.00
  357040.127     0.999780     24586262      4551.11
  358088.703     0.999805     24586836      5120.00
  359399.423     0.999829     24587431      5851.43
  360972.287     0.999854     24588085      6826.67
  362807.295     0.999878     24588653      8192.00
  363593.727     0.999890     24588973      9102.22
  364380.159     0.999902     24589278     10240.00
  365428.735     0.999915     24589566     11702.86
  367001.599     0.999927     24589816     13653.33
  368574.463     0.999939     24590130     16384.00
  369360.895     0.999945     24590281     18204.44
  370409.471     0.999951     24590422     20480.00
  371195.903     0.999957     24590563     23405.71
  371982.335     0.999963     24590708     27306.67
  373817.343     0.999969     24590878     32768.00
  374341.631     0.999973     24590935     36408.89
  375128.063     0.999976     24591007     40960.00
  376176.639     0.999979     24591085     46811.43
  377225.215     0.999982     24591166     54613.33
  378011.647     0.999985     24591243     65536.00
  378535.935     0.999986     24591277     72817.78
  379060.223     0.999988     24591309     81920.00
  379846.655     0.999989     24591359     93622.86
  380108.799     0.999991     24591386    109226.67
  380633.087     0.999992     24591430    131072.00
  380895.231     0.999993     24591460    145635.56
  380895.231     0.999994     24591460    163840.00
  381157.375     0.999995     24591481    187245.71
  381419.519     0.999995     24591509    218453.33
  381681.663     0.999996     24591527    262144.00
  381681.663     0.999997     24591527    291271.11
  381943.807     0.999997     24591553    327680.00
  381943.807     0.999997     24591553    374491.43
  381943.807     0.999998     24591553    436906.67
  382205.951     0.999998     24591593    524288.00
  382205.951     0.999998     24591593    582542.22
  382205.951     0.999998     24591593    655360.00
  382205.951     0.999999     24591593    748982.86
  382205.951     0.999999     24591593    873813.33
  382205.951     0.999999     24591593   1048576.00
  382205.951     0.999999     24591593   1165084.44
  382205.951     0.999999     24591593   1310720.00
  382205.951     0.999999     24591593   1497965.71
  382205.951     0.999999     24591593   1747626.67
  382468.095     1.000000     24591607   2097152.00
  382468.095     1.000000     24591607          inf
#[Mean    =    85129.802, StdDeviation   =    63450.956]
#[Max     =   382205.952, Total count    =     24591607]
#[Buckets =           27, SubBuckets     =         2048]
----------------------------------------------------------
  25056158 requests in 10.00m, 3.69GB read
Requests/sec:  41760.35
Transfer/sec:      6.29MB
