Running 10m test @ http://localhost:9999/math/plus?x=1&y=2
  16 threads and 400 connections
  Thread calibration: mean lat.: 1324.642ms, rate sampling interval: 5111ms
  Thread calibration: mean lat.: 1193.061ms, rate sampling interval: 5025ms
  Thread calibration: mean lat.: 1325.100ms, rate sampling interval: 5447ms
  Thread calibration: mean lat.: 1327.348ms, rate sampling interval: 6008ms
  Thread calibration: mean lat.: 1350.740ms, rate sampling interval: 6012ms
  Thread calibration: mean lat.: 1368.038ms, rate sampling interval: 5754ms
  Thread calibration: mean lat.: 1174.952ms, rate sampling interval: 4644ms
  Thread calibration: mean lat.: 1340.581ms, rate sampling interval: 5066ms
  Thread calibration: mean lat.: 1324.185ms, rate sampling interval: 5668ms
  Thread calibration: mean lat.: 1161.537ms, rate sampling interval: 4788ms
  Thread calibration: mean lat.: 1156.541ms, rate sampling interval: 5132ms
  Thread calibration: mean lat.: 1393.187ms, rate sampling interval: 5640ms
  Thread calibration: mean lat.: 1417.794ms, rate sampling interval: 5857ms
  Thread calibration: mean lat.: 1462.252ms, rate sampling interval: 6127ms
  Thread calibration: mean lat.: 1421.814ms, rate sampling interval: 5615ms
  Thread calibration: mean lat.: 1399.525ms, rate sampling interval: 5971ms
  Thread Stats   Avg      Stdev     Max   +/- Stdev
    Latency     1.37m     1.08m    6.58m    70.49%
    Req/Sec     2.64k   126.37     3.13k    70.09%
  Latency Distribution (HdrHistogram - Recorded Latency)
 50.000%    1.14m 
 75.000%    1.89m 
 90.000%    3.00m 
 99.000%    4.49m 
 99.900%    5.68m 
 99.990%    6.33m 
 99.999%    6.54m 
100.000%    6.58m 

  Detailed Percentile spectrum:
       Value   Percentile   TotalCount 1/(1-Percentile)

       0.301     0.000000            1         1.00
   13336.575     0.100000      2483797         1.11
   24772.607     0.200000      4967834         1.25
   37584.895     0.300000      7450243         1.43
   52658.175     0.400000      9937175         1.67
   68550.655     0.500000     12422802         2.00
   76677.119     0.550000     13657047         2.22
   85196.799     0.600000     14898552         2.50
   93650.943     0.650000     16148671         2.86
  102432.767     0.700000     17384762         3.33
  113508.351     0.750000     18622797         4.00
  120520.703     0.775000     19245357         4.44
  128516.095     0.800000     19865040         5.00
  138412.031     0.825000     20487151         5.71
  150470.655     0.850000     21107771         6.67
  164495.359     0.875000     21726970         8.00
  172228.607     0.887500     22037524         8.89
  180223.999     0.900000     22350721        10.00
  188612.607     0.912500     22659390        11.43
  197787.647     0.925000     22969648        13.33
  207355.903     0.937500     23279976        16.00
  212205.567     0.943750     23434898        17.78
  217055.231     0.950000     23590047        20.00
  222035.967     0.956250     23744478        22.86
  227409.919     0.962500     23900226        26.67
  233963.519     0.968750     24055120        32.00
  237502.463     0.971875     24133228        35.56
  241434.623     0.975000     24211186        40.00
  245497.855     0.978125     24288925        45.71
  249561.087     0.981250     24365297        53.33
  254541.823     0.984375     24443773        64.00
  257687.551     0.985938     24481031        71.11
  261750.783     0.987500     24520467        80.00
  266207.231     0.989062     24559674        91.43
  271581.183     0.990625     24597672       106.67
  277610.495     0.992188     24637356       128.00
  281018.367     0.992969     24656959       142.22
  284950.527     0.993750     24675113       160.00
  289669.119     0.994531     24694999       182.86
  294387.711     0.995313     24714626       213.33
  299630.591     0.996094     24733504       256.00
  302776.319     0.996484     24743261       284.44
  306184.191     0.996875     24752872       320.00
  310116.351     0.997266     24762607       365.71
  314834.943     0.997656     24772101       426.67
  320602.111     0.998047     24782093       512.00
  323747.839     0.998242     24786927       568.89
  327417.855     0.998437     24791744       640.00
  331350.015     0.998633     24796411       731.43
  336330.751     0.998828     24801342       853.33
  341049.343     0.999023     24806044      1024.00
  343932.927     0.999121     24808604      1137.78
  346554.367     0.999219     24811002      1280.00
  349437.951     0.999316     24813266      1462.86
  353370.111     0.999414     24815800      1706.67
  357040.127     0.999512     24818177      2048.00
  359137.279     0.999561     24819398      2275.56
  361234.431     0.999609     24820535      2560.00
  363855.871     0.999658     24821844      2925.71
  365953.023     0.999707     24823007      3413.33
  368574.463     0.999756     24824178      4096.00
  370147.327     0.999780     24824823      4551.11
  371982.335     0.999805     24825429      5120.00
  373817.343     0.999829     24826031      5851.43
  375652.351     0.999854     24826567      6826.67
  377749.503     0.999878     24827173      8192.00
  378798.079     0.999890     24827478      9102.22
  380108.799     0.999902     24827801     10240.00
  381419.519     0.999915     24828123     11702.86
  382468.095     0.999927     24828404     13653.33
  383778.815     0.999939     24828689     16384.00
  384827.391     0.999945     24828864     18204.44
  385613.823     0.999951     24828997     20480.00
  386662.399     0.999957     24829170     23405.71
  387710.975     0.999963     24829337     27306.67
  388759.551     0.999969     24829473     32768.00
  389283.839     0.999973     24829544     36408.89
  390070.271     0.999976     24829633     40960.00
  390332.415     0.999979     24829673     46811.43
  391118.847     0.999982     24829781     54613.33
  391643.135     0.999985     24829860     65536.00
  391905.279     0.999986     24829899     72817.78
  391905.279     0.999988     24829899     81920.00
  392167.423     0.999989     24829941     93622.86
  392429.567     0.999991     24829986    109226.67
  392691.711     0.999992     24830016    131072.00
  392953.855     0.999993     24830046    145635.56
  393215.999     0.999994     24830087    163840.00
  393215.999     0.999995     24830087    187245.71
  393478.143     0.999995     24830116    218453.33
  393478.143     0.999996     24830116    262144.00
  393740.287     0.999997     24830135    291271.11
  393740.287     0.999997     24830135    327680.00
  394002.431     0.999997     24830151    374491.43
  394002.431     0.999998     24830151    436906.67
  394264.575     0.999998     24830167    524288.00
  394264.575     0.999998     24830167    582542.22
  394264.575     0.999998     24830167    655360.00
  394526.719     0.999999     24830185    748982.86
  394526.719     0.999999     24830185    873813.33
  394526.719     0.999999     24830185   1048576.00
  394526.719     0.999999     24830185   1165084.44
  394526.719     0.999999     24830185   1310720.00
  394788.863     0.999999     24830199   1497965.71
  394788.863     0.999999     24830199   1747626.67
  394788.863     1.000000     24830199   2097152.00
  394788.863     1.000000     24830199   2330168.89
  394788.863     1.000000     24830199   2621440.00
  394788.863     1.000000     24830199   2995931.43
  394788.863     1.000000     24830199   3495253.33
  394788.863     1.000000     24830199   4194304.00
  394788.863     1.000000     24830199   4660337.78
  394788.863     1.000000     24830199   5242880.00
  394788.863     1.000000     24830199   5991862.86
  394788.863     1.000000     24830199   6990506.67
  395051.007     1.000000     24830202   8388608.00
  395051.007     1.000000     24830202          inf
#[Mean    =    82310.041, StdDeviation   =    64607.540]
#[Max     =   394788.864, Total count    =     24830202]
#[Buckets =           27, SubBuckets     =         2048]
----------------------------------------------------------
  25255133 requests in 10.00m, 3.72GB read
Requests/sec:  42091.77
Transfer/sec:      6.34MB
