Running 10m test @ http://localhost:9999/math/plus?x=1&y=2
  16 threads and 400 connections
  Thread calibration: mean lat.: 399.267ms, rate sampling interval: 2179ms
  Thread calibration: mean lat.: 361.060ms, rate sampling interval: 1817ms
  Thread calibration: mean lat.: 340.498ms, rate sampling interval: 1982ms
  Thread calibration: mean lat.: 555.883ms, rate sampling interval: 3102ms
  Thread calibration: mean lat.: 409.270ms, rate sampling interval: 2527ms
  Thread calibration: mean lat.: 578.518ms, rate sampling interval: 3004ms
  Thread calibration: mean lat.: 386.602ms, rate sampling interval: 2111ms
  Thread calibration: mean lat.: 415.063ms, rate sampling interval: 2324ms
  Thread calibration: mean lat.: 475.937ms, rate sampling interval: 2631ms
  Thread calibration: mean lat.: 403.440ms, rate sampling interval: 2068ms
  Thread calibration: mean lat.: 389.049ms, rate sampling interval: 1916ms
  Thread calibration: mean lat.: 514.860ms, rate sampling interval: 2695ms
  Thread calibration: mean lat.: 444.197ms, rate sampling interval: 2230ms
  Thread calibration: mean lat.: 325.083ms, rate sampling interval: 1787ms
  Thread calibration: mean lat.: 289.663ms, rate sampling interval: 1467ms
  Thread calibration: mean lat.: 513.256ms, rate sampling interval: 2629ms
  Thread Stats   Avg      Stdev     Max   +/- Stdev
    Latency    39.06s    44.62s    5.35m    86.19%
    Req/Sec     2.68k   157.40     3.28k    69.06%
  Latency Distribution (HdrHistogram - Recorded Latency)
 50.000%   24.64s 
 75.000%    0.98m 
 90.000%    1.63m 
 99.000%    3.38m 
 99.900%    4.50m 
 99.990%    4.99m 
 99.999%    5.32m 
100.000%    5.35m 

  Detailed Percentile spectrum:
       Value   Percentile   TotalCount 1/(1-Percentile)

       0.135     0.000000            1         1.00
     228.991     0.100000      2515193         1.11
    2535.423     0.200000      5031707         1.25
    6582.271     0.300000      7545732         1.43
   14262.271     0.400000     10061754         1.67
   24641.535     0.500000     12577487         2.00
   30703.615     0.550000     13833864         2.22
   37027.839     0.600000     15095224         2.50
   43581.439     0.650000     16348846         2.86
   50888.703     0.700000     17609608         3.33
   58654.719     0.750000     18865063         4.00
   63373.311     0.775000     19495495         4.44
   68354.047     0.800000     20120727         5.00
   73596.927     0.825000     20750331         5.71
   80084.991     0.850000     21378712         6.67
   87818.239     0.875000     22011834         8.00
   92602.367     0.887500     22323823         8.89
   97976.319     0.900000     22638365        10.00
  104071.167     0.912500     22953649        11.43
  111017.983     0.925000     23266266        13.33
  117964.799     0.937500     23579653        16.00
  121831.423     0.943750     23737715        17.78
  126812.159     0.950000     23895045        20.00
  132972.543     0.956250     24052020        22.86
  140378.111     0.962500     24208545        26.67
  150077.439     0.968750     24366140        32.00
  155320.319     0.971875     24444276        35.56
  161218.559     0.975000     24522626        40.00
  167903.231     0.978125     24600777        45.71
  175374.335     0.981250     24680326        53.33
  183894.015     0.984375     24758799        64.00
  188481.535     0.985938     24798070        71.11
  193331.199     0.987500     24836882        80.00
  199229.439     0.989062     24876144        91.43
  205520.895     0.990625     24915440       106.67
  212336.639     0.992188     24954423       128.00
  216268.799     0.992969     24974645       142.22
  220200.959     0.993750     24994041       160.00
  225050.623     0.994531     25013645       182.86
  230293.503     0.995313     25033136       213.33
  235929.599     0.996094     25052838       256.00
  238813.183     0.996484     25062516       284.44
  242089.983     0.996875     25072493       320.00
  245628.927     0.997266     25082395       365.71
  249692.159     0.997656     25092131       426.67
  254541.823     0.998047     25101847       512.00
  257163.263     0.998242     25106748       568.89
  260308.991     0.998437     25111641       640.00
  263323.647     0.998633     25116551       731.43
  266731.519     0.998828     25121451       853.33
  270270.463     0.999023     25126577      1024.00
  272105.471     0.999121     25129077      1137.78
  274202.623     0.999219     25131487      1280.00
  276299.775     0.999316     25133763      1462.86
  279183.359     0.999414     25136293      1706.67
  281804.799     0.999512     25138681      2048.00
  283639.807     0.999561     25139915      2275.56
  285474.815     0.999609     25141115      2560.00
  287571.967     0.999658     25142418      2925.71
  289406.975     0.999707     25143640      3413.33
  291241.983     0.999756     25144818      4096.00
  292028.415     0.999780     25145440      4551.11
  293076.991     0.999805     25146086      5120.00
  294125.567     0.999829     25146699      5851.43
  295436.287     0.999854     25147354      6826.67
  297271.295     0.999878     25147837      8192.00
  298319.871     0.999890     25148168      9102.22
  299630.591     0.999902     25148459     10240.00
  301465.599     0.999915     25148738     11702.86
  304349.183     0.999927     25149058     13653.33
  306970.623     0.999939     25149364     16384.00
  308805.631     0.999945     25149513     18204.44
  310378.495     0.999951     25149666     20480.00
  312213.503     0.999957     25149830     23405.71
  313262.079     0.999963     25149985     27306.67
  314572.799     0.999969     25150127     32768.00
  315359.231     0.999973     25150214     36408.89
  315883.519     0.999976     25150293     40960.00
  316407.807     0.999979     25150355     46811.43
  316932.095     0.999982     25150432     54613.33
  317980.671     0.999985     25150524     65536.00
  318242.815     0.999986     25150547     72817.78
  318767.103     0.999988     25150583     81920.00
  319291.391     0.999989     25150656     93622.86
  319291.391     0.999991     25150656    109226.67
  319815.679     0.999992     25150713    131072.00
  319815.679     0.999993     25150713    145635.56
  320077.823     0.999994     25150734    163840.00
  320339.967     0.999995     25150761    187245.71
  320602.111     0.999995     25150800    218453.33
  320602.111     0.999996     25150800    262144.00
  320602.111     0.999997     25150800    291271.11
  320864.255     0.999997     25150835    327680.00
  320864.255     0.999997     25150835    374491.43
  320864.255     0.999998     25150835    436906.67
  321126.399     0.999998     25150884    524288.00
  321126.399     1.000000     25150884          inf
#[Mean    =    39062.330, StdDeviation   =    44620.547]
#[Max     =   320864.256, Total count    =     25150884]
#[Buckets =           27, SubBuckets     =         2048]
----------------------------------------------------------
  25592462 requests in 10.00m, 3.77GB read
Requests/sec:  42653.79
Transfer/sec:      6.43MB
