Running 10m test @ http://localhost:9999/math/plus?x=1&y=2
  16 threads and 400 connections
  Thread calibration: mean lat.: 1593.233ms, rate sampling interval: 6098ms
  Thread calibration: mean lat.: 1557.248ms, rate sampling interval: 6156ms
  Thread calibration: mean lat.: 1495.781ms, rate sampling interval: 5951ms
  Thread calibration: mean lat.: 1481.780ms, rate sampling interval: 5746ms
  Thread calibration: mean lat.: 1650.336ms, rate sampling interval: 6262ms
  Thread calibration: mean lat.: 1496.712ms, rate sampling interval: 5672ms
  Thread calibration: mean lat.: 1557.854ms, rate sampling interval: 5763ms
  Thread calibration: mean lat.: 1410.438ms, rate sampling interval: 5406ms
  Thread calibration: mean lat.: 1346.736ms, rate sampling interval: 5640ms
  Thread calibration: mean lat.: 1517.869ms, rate sampling interval: 5550ms
  Thread calibration: mean lat.: 1555.421ms, rate sampling interval: 5648ms
  Thread calibration: mean lat.: 1290.884ms, rate sampling interval: 5222ms
  Thread calibration: mean lat.: 1541.100ms, rate sampling interval: 5865ms
  Thread calibration: mean lat.: 1428.826ms, rate sampling interval: 5623ms
  Thread calibration: mean lat.: 1399.000ms, rate sampling interval: 5177ms
  Thread calibration: mean lat.: 1490.124ms, rate sampling interval: 6545ms
  Thread Stats   Avg      Stdev     Max   +/- Stdev
    Latency     1.73m     1.13m    6.61m    63.33%
    Req/Sec     2.41k    97.23     2.77k    68.22%
  Latency Distribution (HdrHistogram - Recorded Latency)
 50.000%    1.59m 
 75.000%    2.55m 
 90.000%    3.26m 
 99.000%    4.77m 
 99.900%    5.88m 
 99.990%    6.34m 
 99.999%    6.58m 
100.000%    6.62m 

  Detailed Percentile spectrum:
       Value   Percentile   TotalCount 1/(1-Percentile)

       0.515     0.000000            1         1.00
   20348.927     0.100000      2271814         1.11
   37421.055     0.200000      4544605         1.25
   55607.295     0.300000      6811699         1.43
   73727.999     0.400000      9082943         1.67
   95289.343     0.500000     11355373         2.00
  107151.359     0.550000     12487758         2.22
  118882.303     0.600000     13622870         2.50
  130351.103     0.650000     14762620         2.86
  141688.831     0.700000     15904019         3.33
  152961.023     0.750000     17034531         4.00
  158990.335     0.775000     17597318         4.44
  165543.935     0.800000     18169985         5.00
  172228.607     0.825000     18731211         5.71
  179437.567     0.850000     19307494         6.67
  187170.815     0.875000     19874683         8.00
  191365.119     0.887500     20154967         8.89
  195821.567     0.900000     20441538        10.00
  200540.159     0.912500     20721842        11.43
  205258.751     0.925000     21001498        13.33
  211025.919     0.937500     21289643        16.00
  214958.079     0.943750     21429355        17.78
  219414.527     0.950000     21570450        20.00
  224526.335     0.956250     21712141        22.86
  229900.287     0.962500     21853850        26.67
  235929.599     0.968750     21996093        32.00
  240123.903     0.971875     22066524        35.56
  245235.711     0.975000     22136735        40.00
  251396.095     0.978125     22208153        45.71
  258473.983     0.981250     22278521        53.33
  266600.447     0.984375     22349566        64.00
  271319.039     0.985938     22385026        71.11
  276561.919     0.987500     22420168        80.00
  282591.231     0.989062     22456178        91.43
  288882.687     0.990625     22491767       106.67
  295960.575     0.992188     22527180       128.00
  299630.591     0.992969     22544883       142.22
  303824.895     0.993750     22562146       160.00
  308805.631     0.994531     22580328       182.86
  314048.511     0.995313     22597665       213.33
  320339.967     0.996094     22615322       256.00
  323485.695     0.996484     22624516       284.44
  326631.423     0.996875     22633543       320.00
  329777.151     0.997266     22641887       365.71
  333971.455     0.997656     22651166       426.67
  338690.047     0.998047     22659852       512.00
  341311.487     0.998242     22664115       568.89
  344195.071     0.998437     22668779       640.00
  346816.511     0.998633     22673224       731.43
  349700.095     0.998828     22677526       853.33
  353107.967     0.999023     22682070      1024.00
  354680.831     0.999121     22684097      1137.78
  356515.839     0.999219     22686271      1280.00
  358875.135     0.999316     22688624      1462.86
  361496.575     0.999414     22690802      1706.67
  363855.871     0.999512     22692936      2048.00
  365428.735     0.999561     22694172      2275.56
  367001.599     0.999609     22695278      2560.00
  368574.463     0.999658     22696274      2925.71
  370671.615     0.999707     22697383      3413.33
  373030.911     0.999756     22698539      4096.00
  374341.631     0.999780     22699039      4551.11
  375652.351     0.999805     22699629      5120.00
  376963.071     0.999829     22700134      5851.43
  378273.791     0.999854     22700669      6826.67
  379584.511     0.999878     22701220      8192.00
  380108.799     0.999890     22701478      9102.22
  380895.231     0.999902     22701828     10240.00
  381419.519     0.999915     22702055     11702.86
  381943.807     0.999927     22702333     13653.33
  382730.239     0.999939     22702617     16384.00
  383254.527     0.999945     22702730     18204.44
  384565.247     0.999951     22702875     20480.00
  386138.111     0.999957     22702995     23405.71
  387710.975     0.999963     22703134     27306.67
  389545.983     0.999969     22703282     32768.00
  390332.415     0.999973     22703342     36408.89
  391380.991     0.999976     22703413     40960.00
  392429.567     0.999979     22703490     46811.43
  393215.999     0.999982     22703546     54613.33
  394264.575     0.999985     22703659     65536.00
  394264.575     0.999986     22703659     72817.78
  394526.719     0.999988     22703688     81920.00
  394788.863     0.999989     22703727     93622.86
  395313.151     0.999991     22703759    109226.67
  395837.439     0.999992     22703811    131072.00
  395837.439     0.999993     22703811    145635.56
  396099.583     0.999994     22703837    163840.00
  396099.583     0.999995     22703837    187245.71
  396361.727     0.999995     22703876    218453.33
  396361.727     0.999996     22703876    262144.00
  396623.871     0.999997     22703908    291271.11
  396623.871     0.999997     22703908    327680.00
  396623.871     0.999997     22703908    374491.43
  396623.871     0.999998     22703908    436906.67
  396886.015     0.999998     22703938    524288.00
  396886.015     0.999998     22703938    582542.22
  396886.015     0.999998     22703938    655360.00
  396886.015     0.999999     22703938    748982.86
  396886.015     0.999999     22703938    873813.33
  396886.015     0.999999     22703938   1048576.00
  397148.159     0.999999     22703958   1165084.44
  397148.159     1.000000     22703958          inf
#[Mean    =   103736.908, StdDeviation   =    68078.144]
#[Max     =   396886.016, Total count    =     22703958]
#[Buckets =           27, SubBuckets     =         2048]
----------------------------------------------------------
  23125691 requests in 10.00m, 3.40GB read
Requests/sec:  38542.59
Transfer/sec:      5.81MB
