Running 10m test @ http://localhost:9999/math/plus?x=1&y=2
  16 threads and 400 connections
  Thread calibration: mean lat.: 3.386ms, rate sampling interval: 15ms
  Thread calibration: mean lat.: 3.303ms, rate sampling interval: 15ms
  Thread calibration: mean lat.: 3.419ms, rate sampling interval: 16ms
  Thread calibration: mean lat.: 2.399ms, rate sampling interval: 10ms
  Thread calibration: mean lat.: 2.429ms, rate sampling interval: 10ms
  Thread calibration: mean lat.: 2.613ms, rate sampling interval: 10ms
  Thread calibration: mean lat.: 3.481ms, rate sampling interval: 16ms
  Thread calibration: mean lat.: 3.521ms, rate sampling interval: 16ms
  Thread calibration: mean lat.: 3.248ms, rate sampling interval: 16ms
  Thread calibration: mean lat.: 3.573ms, rate sampling interval: 16ms
  Thread calibration: mean lat.: 3.701ms, rate sampling interval: 16ms
  Thread calibration: mean lat.: 3.655ms, rate sampling interval: 16ms
  Thread calibration: mean lat.: 4.341ms, rate sampling interval: 18ms
  Thread calibration: mean lat.: 3.309ms, rate sampling interval: 15ms
  Thread calibration: mean lat.: 3.490ms, rate sampling interval: 16ms
  Thread calibration: mean lat.: 2.911ms, rate sampling interval: 13ms
  Thread Stats   Avg      Stdev     Max   +/- Stdev
    Latency     3.37ms    3.29ms  47.84ms   86.07%
    Req/Sec   649.69    651.10     2.78k    83.31%
  Latency Distribution (HdrHistogram - Recorded Latency)
 50.000%    2.09ms
 75.000%    4.33ms
 90.000%    7.97ms
 99.000%   15.38ms
 99.900%   23.02ms
 99.990%   29.84ms
 99.999%   35.33ms
100.000%   47.87ms

  Detailed Percentile spectrum:
       Value   Percentile   TotalCount 1/(1-Percentile)

       0.081     0.000000            1         1.00
       0.785     0.100000       591437         1.11
       1.090     0.200000      1180440         1.25
       1.362     0.300000      1769842         1.43
       1.674     0.400000      2361118         1.67
       2.093     0.500000      2949733         2.00
       2.379     0.550000      3245899         2.22
       2.729     0.600000      3540408         2.50
       3.159     0.650000      3835340         2.86
       3.679     0.700000      4130055         3.33
       4.327     0.750000      4425393         4.00
       4.715     0.775000      4571627         4.44
       5.175     0.800000      4719364         5.00
       5.715     0.825000      4866634         5.71
       6.359     0.850000      5014772         6.67
       7.107     0.875000      5161690         8.00
       7.527     0.887500      5235553         8.89
       7.975     0.900000      5309379        10.00
       8.447     0.912500      5382701        11.43
       8.967     0.925000      5456536        13.33
       9.543     0.937500      5530051        16.00
       9.863     0.943750      5566910        17.78
      10.231     0.950000      5603894        20.00
      10.663     0.956250      5641256        22.86
      11.167     0.962500      5677879        26.67
      11.759     0.968750      5714375        32.00
      12.095     0.971875      5732970        35.56
      12.463     0.975000      5751375        40.00
      12.879     0.978125      5769766        45.71
      13.367     0.981250      5788319        53.33
      13.943     0.984375      5806686        64.00
      14.279     0.985938      5815833        71.11
      14.655     0.987500      5825042        80.00
      15.087     0.989062      5834275        91.43
      15.583     0.990625      5843518       106.67
      16.159     0.992188      5852704       128.00
      16.511     0.992969      5857326       142.22
      16.895     0.993750      5861963       160.00
      17.327     0.994531      5866548       182.86
      17.839     0.995313      5871087       213.33
      18.463     0.996094      5875752       256.00
      18.799     0.996484      5877969       284.44
      19.199     0.996875      5880349       320.00
      19.631     0.997266      5882618       365.71
      20.143     0.997656      5884924       426.67
      20.735     0.998047      5887219       512.00
      21.103     0.998242      5888357       568.89
      21.503     0.998437      5889525       640.00
      21.951     0.998633      5890650       731.43
      22.479     0.998828      5891785       853.33
      23.119     0.999023      5892960      1024.00
      23.487     0.999121      5893542      1137.78
      23.855     0.999219      5894092      1280.00
      24.271     0.999316      5894674      1462.86
      24.735     0.999414      5895243      1706.67
      25.295     0.999512      5895820      2048.00
      25.615     0.999561      5896110      2275.56
      25.967     0.999609      5896399      2560.00
      26.351     0.999658      5896683      2925.71
      26.783     0.999707      5896973      3413.33
      27.279     0.999756      5897259      4096.00
      27.583     0.999780      5897402      4551.11
      27.871     0.999805      5897545      5120.00
      28.319     0.999829      5897691      5851.43
      28.799     0.999854      5897835      6826.67
      29.311     0.999878      5897978      8192.00
      29.631     0.999890      5898049      9102.22
      29.903     0.999902      5898122     10240.00
      30.207     0.999915      5898191     11702.86
      30.543     0.999927      5898264     13653.33
      31.039     0.999939      5898337     16384.00
      31.375     0.999945      5898372     18204.44
      31.679     0.999951      5898408     20480.00
      31.919     0.999957      5898443     23405.71
      32.223     0.999963      5898482     27306.67
      32.687     0.999969      5898515     32768.00
      32.863     0.999973      5898536     36408.89
      33.087     0.999976      5898551     40960.00
      33.439     0.999979      5898569     46811.43
      33.759     0.999982      5898590     54613.33
      34.047     0.999985      5898605     65536.00
      34.431     0.999986      5898615     72817.78
      34.687     0.999988      5898623     81920.00
      35.231     0.999989      5898632     93622.86
      35.423     0.999991      5898641    109226.67
      35.743     0.999992      5898650    131072.00
      35.999     0.999993      5898655    145635.56
      36.319     0.999994      5898659    163840.00
      36.607     0.999995      5898664    187245.71
      37.279     0.999995      5898668    218453.33
      37.983     0.999996      5898674    262144.00
      38.111     0.999997      5898675    291271.11
      38.335     0.999997      5898678    327680.00
      38.623     0.999997      5898680    374491.43
      39.007     0.999998      5898682    436906.67
      39.519     0.999998      5898684    524288.00
      39.903     0.999998      5898685    582542.22
      40.031     0.999998      5898686    655360.00
      40.351     0.999999      5898688    748982.86
      40.383     0.999999      5898689    873813.33
      40.447     0.999999      5898690   1048576.00
      40.447     0.999999      5898690   1165084.44
      40.671     0.999999      5898691   1310720.00
      40.831     0.999999      5898692   1497965.71
      40.831     0.999999      5898692   1747626.67
      41.311     1.000000      5898693   2097152.00
      41.311     1.000000      5898693   2330168.89
      41.311     1.000000      5898693   2621440.00
      41.759     1.000000      5898694   2995931.43
      41.759     1.000000      5898694   3495253.33
      41.759     1.000000      5898694   4194304.00
      41.759     1.000000      5898694   4660337.78
      41.759     1.000000      5898694   5242880.00
      47.871     1.000000      5898695   5991862.86
      47.871     1.000000      5898695          inf
#[Mean    =        3.369, StdDeviation   =        3.292]
#[Max     =       47.840, Total count    =      5898695]
#[Buckets =           27, SubBuckets     =         2048]
----------------------------------------------------------
  5997045 requests in 10.00m, 0.88GB read
Requests/sec:   9995.05
Transfer/sec:      1.51MB
