Running 10m test @ http://localhost:9999/math/plus?x=1&y=2
  16 threads and 400 connections
  Thread calibration: mean lat.: 1.207ms, rate sampling interval: 10ms
  Thread calibration: mean lat.: 1.169ms, rate sampling interval: 10ms
  Thread calibration: mean lat.: 1.181ms, rate sampling interval: 10ms
  Thread calibration: mean lat.: 1.270ms, rate sampling interval: 10ms
  Thread calibration: mean lat.: 1.220ms, rate sampling interval: 10ms
  Thread calibration: mean lat.: 1.207ms, rate sampling interval: 10ms
  Thread calibration: mean lat.: 1.217ms, rate sampling interval: 10ms
  Thread calibration: mean lat.: 1.245ms, rate sampling interval: 10ms
  Thread calibration: mean lat.: 1.234ms, rate sampling interval: 10ms
  Thread calibration: mean lat.: 1.152ms, rate sampling interval: 10ms
  Thread calibration: mean lat.: 1.146ms, rate sampling interval: 10ms
  Thread calibration: mean lat.: 1.205ms, rate sampling interval: 10ms
  Thread calibration: mean lat.: 1.231ms, rate sampling interval: 10ms
  Thread calibration: mean lat.: 1.149ms, rate sampling interval: 10ms
  Thread calibration: mean lat.: 1.149ms, rate sampling interval: 10ms
  Thread calibration: mean lat.: 1.119ms, rate sampling interval: 10ms
  Thread Stats   Avg      Stdev     Max   +/- Stdev
    Latency     1.07ms    0.87ms  59.04ms   92.05%
    Req/Sec     1.98k   486.30     5.44k    76.23%
  Latency Distribution (HdrHistogram - Recorded Latency)
 50.000%    0.98ms
 75.000%    1.34ms
 90.000%    1.72ms
 99.000%    2.95ms
 99.900%   11.53ms
 99.990%   25.39ms
 99.999%   40.19ms
100.000%   59.07ms

  Detailed Percentile spectrum:
       Value   Percentile   TotalCount 1/(1-Percentile)

       0.063     0.000000            1         1.00
       0.383     0.100000      1774015         1.11
       0.558     0.200000      3539770         1.25
       0.712     0.300000      5321216         1.43
       0.850     0.400000      7081047         1.67
       0.984     0.500000      8856947         2.00
       1.049     0.550000      9743733         2.22
       1.114     0.600000     10625060         2.50
       1.182     0.650000     11509262         2.86
       1.255     0.700000     12393613         3.33
       1.337     0.750000     13272747         4.00
       1.383     0.775000     13716781         4.44
       1.433     0.800000     14158809         5.00
       1.490     0.825000     14604351         5.71
       1.554     0.850000     15045247         6.67
       1.628     0.875000     15487856         8.00
       1.670     0.887500     15709855         8.89
       1.715     0.900000     15928599        10.00
       1.767     0.912500     16151662        11.43
       1.827     0.925000     16369665        13.33
       1.901     0.937500     16591024        16.00
       1.945     0.943750     16702596        17.78
       1.994     0.950000     16812703        20.00
       2.051     0.956250     16922073        22.86
       2.123     0.962500     17035128        26.67
       2.213     0.968750     17145448        32.00
       2.267     0.971875     17199792        35.56
       2.331     0.975000     17255028        40.00
       2.407     0.978125     17310312        45.71
       2.497     0.981250     17365289        53.33
       2.609     0.984375     17420457        64.00
       2.677     0.985938     17447832        71.11
       2.759     0.987500     17475315        80.00
       2.867     0.989062     17503063        91.43
       3.023     0.990625     17530422       106.67
       3.307     0.992188     17558118       128.00
       3.575     0.992969     17571858       142.22
       4.027     0.993750     17585725       160.00
       4.635     0.994531     17599580       182.86
       5.343     0.995313     17613370       213.33
       6.135     0.996094     17627186       256.00
       6.559     0.996484     17634129       284.44
       6.959     0.996875     17641023       320.00
       7.463     0.997266     17647921       365.71
       8.099     0.997656     17654824       426.67
       9.007     0.998047     17661725       512.00
       9.503     0.998242     17665221       568.89
       9.959     0.998437     17668677       640.00
      10.447     0.998633     17672126       731.43
      10.919     0.998828     17675585       853.33
      11.623     0.999023     17679017      1024.00
      12.095     0.999121     17680723      1137.78
      12.703     0.999219     17682465      1280.00
      13.447     0.999316     17684179      1462.86
      14.103     0.999414     17685919      1706.67
      14.871     0.999512     17687645      2048.00
      15.383     0.999561     17688514      2275.56
      15.959     0.999609     17689377      2560.00
      16.735     0.999658     17690245      2925.71
      17.615     0.999707     17691098      3413.33
      18.767     0.999756     17691963      4096.00
      19.487     0.999780     17692391      4551.11
      20.351     0.999805     17692823      5120.00
      21.375     0.999829     17693258      5851.43
      22.559     0.999854     17693686      6826.67
      23.887     0.999878     17694120      8192.00
      24.655     0.999890     17694332      9102.22
      25.535     0.999902     17694549     10240.00
      26.559     0.999915     17694764     11702.86
      27.775     0.999927     17694980     13653.33
      29.343     0.999939     17695196     16384.00
      30.143     0.999945     17695304     18204.44
      31.087     0.999951     17695417     20480.00
      31.871     0.999957     17695520     23405.71
      32.895     0.999963     17695631     27306.67
      34.015     0.999969     17695737     32768.00
      34.879     0.999973     17695790     36408.89
      35.551     0.999976     17695847     40960.00
      36.159     0.999979     17695898     46811.43
      37.279     0.999982     17695954     54613.33
      38.271     0.999985     17696006     65536.00
      38.911     0.999986     17696033     72817.78
      39.455     0.999988     17696061     81920.00
      39.999     0.999989     17696088     93622.86
      40.543     0.999991     17696114    109226.67
      41.727     0.999992     17696141    131072.00
      42.143     0.999993     17696155    145635.56
      42.591     0.999994     17696168    163840.00
      43.007     0.999995     17696183    187245.71
      43.519     0.999995     17696195    218453.33
      44.159     0.999996     17696209    262144.00
      44.479     0.999997     17696216    291271.11
      44.863     0.999997     17696222    327680.00
      45.855     0.999997     17696230    374491.43
      46.239     0.999998     17696236    436906.67
      47.039     0.999998     17696243    524288.00
      48.671     0.999998     17696246    582542.22
      49.119     0.999998     17696249    655360.00
      49.791     0.999999     17696253    748982.86
      50.047     0.999999     17696256    873813.33
      50.463     0.999999     17696260   1048576.00
      50.655     0.999999     17696261   1165084.44
      51.039     0.999999     17696263   1310720.00
      51.679     0.999999     17696266   1497965.71
      51.679     0.999999     17696266   1747626.67
      52.191     1.000000     17696268   2097152.00
      52.543     1.000000     17696269   2330168.89
      52.735     1.000000     17696270   2621440.00
      53.183     1.000000     17696271   2995931.43
      53.183     1.000000     17696271   3495253.33
      53.215     1.000000     17696272   4194304.00
      53.407     1.000000     17696273   4660337.78
      53.407     1.000000     17696273   5242880.00
      54.207     1.000000     17696274   5991862.86
      54.207     1.000000     17696274   6990506.67
      54.207     1.000000     17696274   8388608.00
      58.815     1.000000     17696275   9320675.55
      58.815     1.000000     17696275  10485760.00
      58.815     1.000000     17696275  11983725.71
      58.815     1.000000     17696275  13981013.34
      58.815     1.000000     17696275  16777216.00
      59.071     1.000000     17696276  18641351.10
      59.071     1.000000     17696276          inf
#[Mean    =        1.069, StdDeviation   =        0.874]
#[Max     =       59.040, Total count    =     17696276]
#[Buckets =           27, SubBuckets     =         2048]
----------------------------------------------------------
  17996416 requests in 10.00m, 2.65GB read
Requests/sec:  29994.01
Transfer/sec:      4.52MB
