Running 10m test @ http://localhost:9999/math/plus?x=1&y=2
  16 threads and 400 connections
  Thread calibration: mean lat.: 2.525ms, rate sampling interval: 11ms
  Thread calibration: mean lat.: 2.284ms, rate sampling interval: 10ms
  Thread calibration: mean lat.: 2.266ms, rate sampling interval: 10ms
  Thread calibration: mean lat.: 2.630ms, rate sampling interval: 11ms
  Thread calibration: mean lat.: 2.516ms, rate sampling interval: 10ms
  Thread calibration: mean lat.: 2.228ms, rate sampling interval: 10ms
  Thread calibration: mean lat.: 3.680ms, rate sampling interval: 17ms
  Thread calibration: mean lat.: 2.251ms, rate sampling interval: 10ms
  Thread calibration: mean lat.: 2.384ms, rate sampling interval: 10ms
  Thread calibration: mean lat.: 2.186ms, rate sampling interval: 10ms
  Thread calibration: mean lat.: 2.748ms, rate sampling interval: 12ms
  Thread calibration: mean lat.: 2.552ms, rate sampling interval: 10ms
  Thread calibration: mean lat.: 2.516ms, rate sampling interval: 10ms
  Thread calibration: mean lat.: 2.410ms, rate sampling interval: 10ms
  Thread calibration: mean lat.: 2.592ms, rate sampling interval: 11ms
  Thread calibration: mean lat.: 2.513ms, rate sampling interval: 11ms
  Thread Stats   Avg      Stdev     Max   +/- Stdev
    Latency     2.41ms    2.44ms  56.03ms   88.78%
    Req/Sec   657.82    474.11     2.78k    61.53%
  Latency Distribution (HdrHistogram - Recorded Latency)
 50.000%    1.59ms
 75.000%    2.77ms
 90.000%    5.15ms
 99.000%   12.63ms
 99.900%   19.85ms
 99.990%   29.73ms
 99.999%   43.94ms
100.000%   56.06ms

  Detailed Percentile spectrum:
       Value   Percentile   TotalCount 1/(1-Percentile)

       0.080     0.000000            1         1.00
       0.671     0.100000       590201         1.11
       0.931     0.200000      1181340         1.25
       1.148     0.300000      1770080         1.43
       1.351     0.400000      2360279         1.67
       1.588     0.500000      2949662         2.00
       1.732     0.550000      3245032         2.22
       1.903     0.600000      3540162         2.50
       2.115     0.650000      3836047         2.86
       2.391     0.700000      4129310         3.33
       2.773     0.750000      4424828         4.00
       3.017     0.775000      4572170         4.44
       3.305     0.800000      4719037         5.00
       3.651     0.825000      4866643         5.71
       4.069     0.850000      5014229         6.67
       4.563     0.875000      5162028         8.00
       4.843     0.887500      5235713         8.89
       5.151     0.900000      5309643        10.00
       5.499     0.912500      5383080        11.43
       5.915     0.925000      5456796        13.33
       6.431     0.937500      5530469        16.00
       6.743     0.943750      5566936        17.78
       7.107     0.950000      5603780        20.00
       7.543     0.956250      5640800        22.86
       8.047     0.962500      5677643        26.67
       8.671     0.968750      5714319        32.00
       9.079     0.971875      5733035        35.56
       9.535     0.975000      5751189        40.00
      10.047     0.978125      5769681        45.71
      10.607     0.981250      5788068        53.33
      11.239     0.984375      5806640        64.00
      11.583     0.985938      5815716        71.11
      11.959     0.987500      5825022        80.00
      12.359     0.989062      5834136        91.43
      12.831     0.990625      5843447       106.67
      13.383     0.992188      5852559       128.00
      13.695     0.992969      5857193       142.22
      14.055     0.993750      5861855       160.00
      14.471     0.994531      5866463       182.86
      14.943     0.995313      5871061       213.33
      15.487     0.996094      5875608       256.00
      15.807     0.996484      5877899       284.44
      16.151     0.996875      5880212       320.00
      16.575     0.997266      5882561       365.71
      17.055     0.997656      5884826       426.67
      17.647     0.998047      5887117       512.00
      18.015     0.998242      5888291       568.89
      18.415     0.998437      5889454       640.00
      18.831     0.998633      5890579       731.43
      19.343     0.998828      5891723       853.33
      19.935     0.999023      5892877      1024.00
      20.271     0.999121      5893462      1137.78
      20.655     0.999219      5894030      1280.00
      21.119     0.999316      5894612      1462.86
      21.679     0.999414      5895188      1706.67
      22.335     0.999512      5895760      2048.00
      22.719     0.999561      5896047      2275.56
      23.167     0.999609      5896339      2560.00
      23.647     0.999658      5896620      2925.71
      24.239     0.999707      5896909      3413.33
      24.959     0.999756      5897199      4096.00
      25.359     0.999780      5897341      4551.11
      25.823     0.999805      5897483      5120.00
      26.463     0.999829      5897630      5851.43
      27.327     0.999854      5897772      6826.67
      28.271     0.999878      5897916      8192.00
      29.071     0.999890      5897987      9102.22
      29.951     0.999902      5898060     10240.00
      30.719     0.999915      5898131     11702.86
      32.143     0.999927      5898203     13653.33
      33.759     0.999939      5898277     16384.00
      34.367     0.999945      5898311     18204.44
      35.103     0.999951      5898350     20480.00
      35.775     0.999957      5898383     23405.71
      36.607     0.999963      5898419     27306.67
      37.311     0.999969      5898456     32768.00
      38.079     0.999973      5898473     36408.89
      38.975     0.999976      5898492     40960.00
      39.743     0.999979      5898509     46811.43
      40.351     0.999982      5898527     54613.33
      41.727     0.999985      5898545     65536.00
      42.111     0.999986      5898554     72817.78
      42.751     0.999988      5898563     81920.00
      43.423     0.999989      5898572     93622.86
      44.575     0.999991      5898581    109226.67
      45.471     0.999992      5898590    131072.00
      46.719     0.999993      5898595    145635.56
      47.039     0.999994      5898599    163840.00
      47.231     0.999995      5898604    187245.71
      47.391     0.999995      5898609    218453.33
      47.743     0.999996      5898613    262144.00
      48.159     0.999997      5898615    291271.11
      49.055     0.999997      5898618    327680.00
      49.375     0.999997      5898620    374491.43
      49.471     0.999998      5898622    436906.67
      49.631     0.999998      5898624    524288.00
      50.175     0.999998      5898625    582542.22
      50.719     0.999998      5898626    655360.00
      51.071     0.999999      5898629    748982.86
      51.071     0.999999      5898629    873813.33
      51.455     0.999999      5898630   1048576.00
      51.455     0.999999      5898630   1165084.44
      51.775     0.999999      5898631   1310720.00
      53.183     0.999999      5898632   1497965.71
      53.183     0.999999      5898632   1747626.67
      53.343     1.000000      5898633   2097152.00
      53.343     1.000000      5898633   2330168.89
      53.343     1.000000      5898633   2621440.00
      53.695     1.000000      5898634   2995931.43
      53.695     1.000000      5898634   3495253.33
      53.695     1.000000      5898634   4194304.00
      53.695     1.000000      5898634   4660337.78
      53.695     1.000000      5898634   5242880.00
      56.063     1.000000      5898635   5991862.86
      56.063     1.000000      5898635          inf
#[Mean    =        2.408, StdDeviation   =        2.437]
#[Max     =       56.032, Total count    =      5898635]
#[Buckets =           27, SubBuckets     =         2048]
----------------------------------------------------------
  5998804 requests in 10.00m, 0.88GB read
Requests/sec:   9998.05
Transfer/sec:      1.51MB
