Running 10m test @ http://localhost:9999/math/plus?x=1&y=2
  16 threads and 400 connections
  Thread calibration: mean lat.: 5.188ms, rate sampling interval: 24ms
  Thread calibration: mean lat.: 6.703ms, rate sampling interval: 25ms
  Thread calibration: mean lat.: 6.464ms, rate sampling interval: 26ms
  Thread calibration: mean lat.: 5.763ms, rate sampling interval: 27ms
  Thread calibration: mean lat.: 5.543ms, rate sampling interval: 24ms
  Thread calibration: mean lat.: 5.750ms, rate sampling interval: 27ms
  Thread calibration: mean lat.: 5.804ms, rate sampling interval: 25ms
  Thread calibration: mean lat.: 6.294ms, rate sampling interval: 28ms
  Thread calibration: mean lat.: 6.150ms, rate sampling interval: 27ms
  Thread calibration: mean lat.: 6.840ms, rate sampling interval: 28ms
  Thread calibration: mean lat.: 5.578ms, rate sampling interval: 24ms
  Thread calibration: mean lat.: 5.738ms, rate sampling interval: 25ms
  Thread calibration: mean lat.: 2.509ms, rate sampling interval: 10ms
  Thread calibration: mean lat.: 6.370ms, rate sampling interval: 27ms
  Thread calibration: mean lat.: 5.450ms, rate sampling interval: 24ms
  Thread calibration: mean lat.: 5.642ms, rate sampling interval: 23ms
  Thread Stats   Avg      Stdev     Max   +/- Stdev
    Latency     5.28ms    4.74ms  62.72ms   81.61%
    Req/Sec   640.51    460.18     2.89k    79.62%
  Latency Distribution (HdrHistogram - Recorded Latency)
 50.000%    3.42ms
 75.000%    7.87ms
 90.000%   12.24ms
 99.000%   20.00ms
 99.900%   27.93ms
 99.990%   41.28ms
 99.999%   53.06ms
100.000%   62.75ms

  Detailed Percentile spectrum:
       Value   Percentile   TotalCount 1/(1-Percentile)

       0.085     0.000000            1         1.00
       1.038     0.100000       589983         1.11
       1.461     0.200000      1180430         1.25
       1.908     0.300000      1770069         1.43
       2.515     0.400000      2359970         1.67
       3.423     0.500000      2949725         2.00
       4.029     0.550000      3244605         2.22
       4.767     0.600000      3539962         2.50
       5.679     0.650000      3834766         2.86
       6.735     0.700000      4129873         3.33
       7.871     0.750000      4424818         4.00
       8.471     0.775000      4572032         4.44
       9.111     0.800000      4719995         5.00
       9.783     0.825000      4866624         5.71
      10.511     0.850000      5014152         6.67
      11.311     0.875000      5161888         8.00
      11.759     0.887500      5236295         8.89
      12.239     0.900000      5309773        10.00
      12.775     0.912500      5383387        11.43
      13.375     0.925000      5456592        13.33
      14.055     0.937500      5530464        16.00
      14.431     0.943750      5567593        17.78
      14.831     0.950000      5603972        20.00
      15.279     0.956250      5640748        22.86
      15.799     0.962500      5678060        26.67
      16.383     0.968750      5714565        32.00
      16.719     0.971875      5732966        35.56
      17.103     0.975000      5751514        40.00
      17.535     0.978125      5770062        45.71
      18.015     0.981250      5788239        53.33
      18.591     0.984375      5806653        64.00
      18.927     0.985938      5815981        71.11
      19.295     0.987500      5825243        80.00
      19.711     0.989062      5834424        91.43
      20.191     0.990625      5843585       106.67
      20.751     0.992188      5852797       128.00
      21.087     0.992969      5857357       142.22
      21.471     0.993750      5861981       160.00
      21.903     0.994531      5866606       182.86
      22.399     0.995313      5871107       213.33
      23.007     0.996094      5875773       256.00
      23.343     0.996484      5878010       284.44
      23.743     0.996875      5880350       320.00
      24.191     0.997266      5882629       365.71
      24.735     0.997656      5884943       426.67
      25.359     0.998047      5887216       512.00
      25.743     0.998242      5888413       568.89
      26.175     0.998437      5889539       640.00
      26.655     0.998633      5890682       731.43
      27.295     0.998828      5891838       853.33
      28.015     0.999023      5893007      1024.00
      28.399     0.999121      5893565      1137.78
      28.831     0.999219      5894135      1280.00
      29.375     0.999316      5894708      1462.86
      29.951     0.999414      5895278      1706.67
      30.735     0.999512      5895858      2048.00
      31.231     0.999561      5896151      2275.56
      31.759     0.999609      5896431      2560.00
      32.415     0.999658      5896718      2925.71
      33.215     0.999707      5897015      3413.33
      34.143     0.999756      5897295      4096.00
      34.719     0.999780      5897446      4551.11
      35.391     0.999805      5897585      5120.00
      36.255     0.999829      5897729      5851.43
      37.663     0.999854      5897872      6826.67
      39.327     0.999878      5898016      8192.00
      40.351     0.999890      5898086      9102.22
      41.407     0.999902      5898158     10240.00
      42.335     0.999915      5898231     11702.86
      43.615     0.999927      5898302     13653.33
      44.799     0.999939      5898375     16384.00
      45.791     0.999945      5898412     18204.44
      46.655     0.999951      5898446     20480.00
      47.743     0.999957      5898482     23405.71
      48.351     0.999963      5898518     27306.67
      49.375     0.999969      5898555     32768.00
      49.791     0.999973      5898572     36408.89
      50.367     0.999976      5898591     40960.00
      50.751     0.999979      5898608     46811.43
      51.359     0.999982      5898626     54613.33
      51.999     0.999985      5898644     65536.00
      52.159     0.999986      5898653     72817.78
      52.511     0.999988      5898662     81920.00
      52.927     0.999989      5898671     93622.86
      53.247     0.999991      5898680    109226.67
      53.759     0.999992      5898689    131072.00
      54.495     0.999993      5898694    145635.56
      54.687     0.999994      5898699    163840.00
      54.911     0.999995      5898703    187245.71
      55.295     0.999995      5898707    218453.33
      56.351     0.999996      5898712    262144.00
      56.671     0.999997      5898714    291271.11
      56.831     0.999997      5898716    327680.00
      57.567     0.999997      5898719    374491.43
      57.887     0.999998      5898721    436906.67
      58.111     0.999998      5898723    524288.00
      58.399     0.999998      5898724    582542.22
      58.943     0.999998      5898725    655360.00
      59.039     0.999999      5898728    748982.86
      59.039     0.999999      5898728    873813.33
      59.519     0.999999      5898729   1048576.00
      59.519     0.999999      5898729   1165084.44
      59.551     0.999999      5898730   1310720.00
      61.023     0.999999      5898731   1497965.71
      61.023     0.999999      5898731   1747626.67
      61.663     1.000000      5898732   2097152.00
      61.663     1.000000      5898732   2330168.89
      61.663     1.000000      5898732   2621440.00
      62.495     1.000000      5898733   2995931.43
      62.495     1.000000      5898733   3495253.33
      62.495     1.000000      5898733   4194304.00
      62.495     1.000000      5898733   4660337.78
      62.495     1.000000      5898733   5242880.00
      62.751     1.000000      5898734   5991862.86
      62.751     1.000000      5898734          inf
#[Mean    =        5.277, StdDeviation   =        4.741]
#[Max     =       62.720, Total count    =      5898734]
#[Buckets =           27, SubBuckets     =         2048]
----------------------------------------------------------
  5998703 requests in 10.00m, 0.88GB read
Requests/sec:   9997.81
Transfer/sec:      1.51MB
