Running 10m test @ http://localhost:9999/math/plus?x=1&y=2
  16 threads and 400 connections
  Thread calibration: mean lat.: 1485.868ms, rate sampling interval: 6103ms
  Thread calibration: mean lat.: 1319.878ms, rate sampling interval: 5488ms
  Thread calibration: mean lat.: 1482.818ms, rate sampling interval: 6029ms
  Thread calibration: mean lat.: 1462.020ms, rate sampling interval: 6266ms
  Thread calibration: mean lat.: 1698.884ms, rate sampling interval: 6488ms
  Thread calibration: mean lat.: 1663.961ms, rate sampling interval: 6627ms
  Thread calibration: mean lat.: 1551.293ms, rate sampling interval: 6164ms
  Thread calibration: mean lat.: 1225.467ms, rate sampling interval: 5468ms
  Thread calibration: mean lat.: 1610.802ms, rate sampling interval: 6455ms
  Thread calibration: mean lat.: 1349.926ms, rate sampling interval: 5599ms
  Thread calibration: mean lat.: 1640.863ms, rate sampling interval: 6373ms
  Thread calibration: mean lat.: 1453.625ms, rate sampling interval: 5898ms
  Thread calibration: mean lat.: 1597.391ms, rate sampling interval: 6234ms
  Thread calibration: mean lat.: 1478.303ms, rate sampling interval: 5926ms
  Thread calibration: mean lat.: 1684.224ms, rate sampling interval: 6819ms
  Thread calibration: mean lat.: 1533.728ms, rate sampling interval: 6512ms
  Thread Stats   Avg      Stdev     Max   +/- Stdev
    Latency     1.59m     1.12m    6.73m    63.87%
    Req/Sec     2.51k   125.85     2.88k    68.54%
  Latency Distribution (HdrHistogram - Recorded Latency)
 50.000%    1.44m 
 75.000%    2.32m 
 90.000%    3.14m 
 99.000%    4.66m 
 99.900%    5.85m 
 99.990%    6.41m 
 99.999%    6.68m 
100.000%    6.74m 

  Detailed Percentile spectrum:
       Value   Percentile   TotalCount 1/(1-Percentile)

     436.479     0.000000            1         1.00
   15949.823     0.100000      2360838         1.11
   29605.887     0.200000      4724164         1.25
   47022.079     0.300000      7085657         1.43
   66486.271     0.400000      9443997         1.67
   86114.303     0.500000     11807778         2.00
   96337.919     0.550000     12989200         2.22
  106495.999     0.600000     14170884         2.50
  116654.079     0.650000     15347670         2.86
  127139.839     0.700000     16527075         3.33
  139067.391     0.750000     17709712         4.00
  146145.279     0.775000     18302937         4.44
  153616.383     0.800000     18889042         5.00
  161087.487     0.825000     19479179         5.71
  169607.167     0.850000     20073362         6.67
  178782.207     0.875000     20659121         8.00
  183369.727     0.887500     20960492         8.89
  188219.391     0.900000     21251216        10.00
  193724.415     0.912500     21544938        11.43
  200671.231     0.925000     21837260        13.33
  208273.407     0.937500     22135791        16.00
  212205.567     0.943750     22282450        17.78
  216399.871     0.950000     22427690        20.00
  221511.679     0.956250     22576558        22.86
  227409.919     0.962500     22723788        26.67
  233963.519     0.968750     22872223        32.00
  237502.463     0.971875     22945646        35.56
  241172.479     0.975000     23019438        40.00
  245366.783     0.978125     23091807        45.71
  251789.311     0.981250     23166214        53.33
  259915.775     0.984375     23239187        64.00
  264765.439     0.985938     23276301        71.11
  270008.319     0.987500     23313374        80.00
  275775.487     0.989062     23349622        91.43
  282066.943     0.990625     23387109       106.67
  289406.975     0.992188     23423597       128.00
  293863.423     0.992969     23442546       142.22
  298319.871     0.993750     23460352       160.00
  303038.463     0.994531     23478968       182.86
  308543.487     0.995313     23497637       213.33
  314834.943     0.996094     23515964       256.00
  318242.815     0.996484     23525125       284.44
  321650.687     0.996875     23534403       320.00
  325582.847     0.997266     23543363       365.71
  330039.295     0.997656     23552494       426.67
  335020.031     0.998047     23561824       512.00
  337379.327     0.998242     23566443       568.89
  340000.767     0.998437     23571017       640.00
  343146.495     0.998633     23575584       731.43
  346816.511     0.998828     23580025       853.33
  351010.815     0.999023     23584634      1024.00
  353107.967     0.999121     23587151      1137.78
  354942.975     0.999219     23589270      1280.00
  357302.271     0.999316     23591724      1462.86
  359399.423     0.999414     23593919      1706.67
  362020.863     0.999512     23596370      2048.00
  363331.583     0.999561     23597365      2275.56
  364904.447     0.999609     23598546      2560.00
  366739.455     0.999658     23599642      2925.71
  369623.039     0.999707     23600806      3413.33
  372506.623     0.999756     23601973      4096.00
  373817.343     0.999780     23602502      4551.11
  375652.351     0.999805     23603084      5120.00
  377225.215     0.999829     23603632      5851.43
  379322.367     0.999854     23604214      6826.67
  381943.807     0.999878     23604824      8192.00
  383254.527     0.999890     23605113      9102.22
  384565.247     0.999902     23605407     10240.00
  385613.823     0.999915     23605639     11702.86
  386924.543     0.999927     23605928     13653.33
  388235.263     0.999939     23606227     16384.00
  389021.695     0.999945     23606382     18204.44
  389545.983     0.999951     23606513     20480.00
  390332.415     0.999957     23606698     23405.71
  391118.847     0.999963     23606786     27306.67
  393478.143     0.999969     23606936     32768.00
  394526.719     0.999973     23607003     36408.89
  395837.439     0.999976     23607086     40960.00
  396623.871     0.999979     23607145     46811.43
  397672.447     0.999982     23607240     54613.33
  398458.879     0.999985     23607296     65536.00
  398983.167     0.999986     23607328     72817.78
  399507.455     0.999988     23607367     81920.00
  400031.743     0.999989     23607399     93622.86
  400818.175     0.999991     23607456    109226.67
  401080.319     0.999992     23607469    131072.00
  401604.607     0.999993     23607488    145635.56
  401866.751     0.999994     23607507    163840.00
  402391.039     0.999995     23607530    187245.71
  402653.183     0.999995     23607549    218453.33
  402915.327     0.999996     23607574    262144.00
  402915.327     0.999997     23607574    291271.11
  403177.471     0.999997     23607593    327680.00
  403177.471     0.999997     23607593    374491.43
  403439.615     0.999998     23607606    436906.67
  403439.615     0.999998     23607606    524288.00
  403701.759     0.999998     23607621    582542.22
  403701.759     0.999998     23607621    655360.00
  403701.759     0.999999     23607621    748982.86
  403701.759     0.999999     23607621    873813.33
  403963.903     0.999999     23607640   1048576.00
  403963.903     0.999999     23607640   1165084.44
  403963.903     0.999999     23607640   1310720.00
  403963.903     0.999999     23607640   1497965.71
  403963.903     0.999999     23607640   1747626.67
  403963.903     1.000000     23607640   2097152.00
  403963.903     1.000000     23607640   2330168.89
  403963.903     1.000000     23607640   2621440.00
  404226.047     1.000000     23607648   2995931.43
  404226.047     1.000000     23607648          inf
#[Mean    =    95194.820, StdDeviation   =    67057.994]
#[Max     =   403963.904, Total count    =     23607648]
#[Buckets =           27, SubBuckets     =         2048]
----------------------------------------------------------
  24007758 requests in 10.00m, 3.53GB read
Requests/sec:  40013.01
Transfer/sec:      6.03MB
