Running 10m test @ http://localhost:9999/math/plus?x=1&y=2
  16 threads and 400 connections
  Thread calibration: mean lat.: 1.803ms, rate sampling interval: 10ms
  Thread calibration: mean lat.: 1.838ms, rate sampling interval: 10ms
  Thread calibration: mean lat.: 1.853ms, rate sampling interval: 10ms
  Thread calibration: mean lat.: 1.721ms, rate sampling interval: 10ms
  Thread calibration: mean lat.: 2.058ms, rate sampling interval: 10ms
  Thread calibration: mean lat.: 1.863ms, rate sampling interval: 10ms
  Thread calibration: mean lat.: 2.011ms, rate sampling interval: 10ms
  Thread calibration: mean lat.: 1.819ms, rate sampling interval: 10ms
  Thread calibration: mean lat.: 1.986ms, rate sampling interval: 10ms
  Thread calibration: mean lat.: 1.802ms, rate sampling interval: 10ms
  Thread calibration: mean lat.: 1.907ms, rate sampling interval: 10ms
  Thread calibration: mean lat.: 1.848ms, rate sampling interval: 10ms
  Thread calibration: mean lat.: 1.747ms, rate sampling interval: 10ms
  Thread calibration: mean lat.: 1.961ms, rate sampling interval: 10ms
  Thread calibration: mean lat.: 1.704ms, rate sampling interval: 10ms
  Thread calibration: mean lat.: 1.935ms, rate sampling interval: 10ms
  Thread Stats   Avg      Stdev     Max   +/- Stdev
    Latency     1.71ms    1.56ms  46.53ms   91.72%
    Req/Sec   659.49    524.56     3.00k    74.31%
  Latency Distribution (HdrHistogram - Recorded Latency)
 50.000%    1.33ms
 75.000%    1.94ms
 90.000%    2.99ms
 99.000%    8.47ms
 99.900%   16.72ms
 99.990%   25.87ms
 99.999%   34.53ms
100.000%   46.56ms

  Detailed Percentile spectrum:
       Value   Percentile   TotalCount 1/(1-Percentile)

       0.088     0.000000            1         1.00
       0.604     0.100000       591131         1.11
       0.818     0.200000      1180684         1.25
       1.003     0.300000      1771644         1.43
       1.170     0.400000      2362226         1.67
       1.334     0.500000      2952674         2.00
       1.424     0.550000      3246695         2.22
       1.524     0.600000      3539571         2.50
       1.640     0.650000      3836377         2.86
       1.774     0.700000      4130717         3.33
       1.937     0.750000      4425332         4.00
       2.035     0.775000      4571616         4.44
       2.151     0.800000      4719490         5.00
       2.293     0.825000      4868180         5.71
       2.469     0.850000      5015299         6.67
       2.691     0.875000      5161864         8.00
       2.829     0.887500      5235767         8.89
       2.991     0.900000      5309436        10.00
       3.185     0.912500      5383008        11.43
       3.423     0.925000      5456340        13.33
       3.725     0.937500      5530170        16.00
       3.907     0.943750      5567289        17.78
       4.107     0.950000      5604033        20.00
       4.347     0.956250      5640787        22.86
       4.651     0.962500      5677535        26.67
       5.067     0.968750      5714480        32.00
       5.327     0.971875      5732980        35.56
       5.643     0.975000      5751309        40.00
       6.027     0.978125      5769857        45.71
       6.499     0.981250      5788167        53.33
       7.083     0.984375      5806614        64.00
       7.419     0.985938      5815842        71.11
       7.795     0.987500      5825007        80.00
       8.199     0.989062      5834345        91.43
       8.663     0.990625      5843436       106.67
       9.239     0.992188      5852649       128.00
       9.583     0.992969      5857311       142.22
       9.967     0.993750      5861945       160.00
      10.391     0.994531      5866480       182.86
      10.903     0.995313      5871077       213.33
      11.527     0.996094      5875694       256.00
      11.887     0.996484      5877989       284.44
      12.287     0.996875      5880302       320.00
      12.799     0.997266      5882615       365.71
      13.423     0.997656      5884903       426.67
      14.135     0.998047      5887226       512.00
      14.511     0.998242      5888362       568.89
      14.935     0.998437      5889526       640.00
      15.479     0.998633      5890660       731.43
      16.087     0.998828      5891825       853.33
      16.831     0.999023      5892976      1024.00
      17.279     0.999121      5893545      1137.78
      17.807     0.999219      5894117      1280.00
      18.399     0.999316      5894698      1462.86
      19.071     0.999414      5895280      1706.67
      19.759     0.999512      5895851      2048.00
      20.143     0.999561      5896147      2275.56
      20.543     0.999609      5896424      2560.00
      21.007     0.999658      5896717      2925.71
      21.583     0.999707      5896999      3413.33
      22.239     0.999756      5897284      4096.00
      22.623     0.999780      5897428      4551.11
      23.135     0.999805      5897574      5120.00
      23.727     0.999829      5897716      5851.43
      24.351     0.999854      5897866      6826.67
      25.023     0.999878      5898003      8192.00
      25.487     0.999890      5898077      9102.22
      25.951     0.999902      5898147     10240.00
      26.575     0.999915      5898221     11702.86
      27.199     0.999927      5898291     13653.33
      27.967     0.999939      5898363     16384.00
      28.383     0.999945      5898400     18204.44
      28.767     0.999951      5898435     20480.00
      29.215     0.999957      5898471     23405.71
      29.631     0.999963      5898507     27306.67
      30.223     0.999969      5898543     32768.00
      30.591     0.999973      5898561     36408.89
      30.943     0.999976      5898579     40960.00
      31.615     0.999979      5898597     46811.43
      32.287     0.999982      5898615     54613.33
      33.151     0.999985      5898633     65536.00
      33.471     0.999986      5898642     72817.78
      33.919     0.999988      5898651     81920.00
      34.335     0.999989      5898660     93622.86
      34.815     0.999991      5898671    109226.67
      35.103     0.999992      5898679    131072.00
      35.327     0.999993      5898683    145635.56
      35.775     0.999994      5898687    163840.00
      36.223     0.999995      5898692    187245.71
      36.543     0.999995      5898696    218453.33
      37.279     0.999996      5898701    262144.00
      37.631     0.999997      5898704    291271.11
      37.919     0.999997      5898705    327680.00
      40.575     0.999997      5898708    374491.43
      41.439     0.999998      5898710    436906.67
      43.615     0.999998      5898712    524288.00
      43.999     0.999998      5898713    582542.22
      44.351     0.999998      5898714    655360.00
      44.831     0.999999      5898716    748982.86
      44.895     0.999999      5898717    873813.33
      45.055     0.999999      5898718   1048576.00
      45.055     0.999999      5898718   1165084.44
      45.279     0.999999      5898719   1310720.00
      45.343     0.999999      5898720   1497965.71
      45.343     0.999999      5898720   1747626.67
      45.375     1.000000      5898721   2097152.00
      45.375     1.000000      5898721   2330168.89
      45.375     1.000000      5898721   2621440.00
      45.919     1.000000      5898722   2995931.43
      45.919     1.000000      5898722   3495253.33
      45.919     1.000000      5898722   4194304.00
      45.919     1.000000      5898722   4660337.78
      45.919     1.000000      5898722   5242880.00
      46.559     1.000000      5898723   5991862.86
      46.559     1.000000      5898723          inf
#[Mean    =        1.706, StdDeviation   =        1.564]
#[Max     =       46.528, Total count    =      5898723]
#[Buckets =           27, SubBuckets     =         2048]
----------------------------------------------------------
  5998326 requests in 10.00m, 0.88GB read
Requests/sec:   9997.22
Transfer/sec:      1.51MB
