Running 10m test @ http://localhost:9999/math/plus?x=1&y=2
  16 threads and 400 connections
  Thread calibration: mean lat.: 998.491ms, rate sampling interval: 4042ms
  Thread calibration: mean lat.: 1131.186ms, rate sampling interval: 4317ms
  Thread calibration: mean lat.: 1236.158ms, rate sampling interval: 4902ms
  Thread calibration: mean lat.: 1005.246ms, rate sampling interval: 4235ms
  Thread calibration: mean lat.: 1228.903ms, rate sampling interval: 4546ms
  Thread calibration: mean lat.: 1138.328ms, rate sampling interval: 4554ms
  Thread calibration: mean lat.: 1164.262ms, rate sampling interval: 4808ms
  Thread calibration: mean lat.: 1052.584ms, rate sampling interval: 4227ms
  Thread calibration: mean lat.: 1113.798ms, rate sampling interval: 4567ms
  Thread calibration: mean lat.: 1303.079ms, rate sampling interval: 5013ms
  Thread calibration: mean lat.: 1052.581ms, rate sampling interval: 4222ms
  Thread calibration: mean lat.: 1120.901ms, rate sampling interval: 4681ms
  Thread calibration: mean lat.: 1060.097ms, rate sampling interval: 4042ms
  Thread calibration: mean lat.: 1191.628ms, rate sampling interval: 5046ms
  Thread calibration: mean lat.: 1126.024ms, rate sampling interval: 4587ms
  Thread calibration: mean lat.: 931.509ms, rate sampling interval: 3880ms
  Thread Stats   Avg      Stdev     Max   +/- Stdev
    Latency     1.47m     1.06m    6.17m    63.99%
    Req/Sec     2.58k   110.32     2.97k    67.84%
  Latency Distribution (HdrHistogram - Recorded Latency)
 50.000%    1.31m 
 75.000%    2.17m 
 90.000%    2.92m 
 99.000%    4.50m 
 99.900%    5.52m 
 99.990%    5.98m 
 99.999%    6.13m 
100.000%    6.17m 

  Detailed Percentile spectrum:
       Value   Percentile   TotalCount 1/(1-Percentile)

       0.258     0.000000            1         1.00
   13238.271     0.100000      2434899         1.11
   25755.647     0.200000      4868373         1.25
   42237.951     0.300000      7303222         1.43
   59604.991     0.400000      9737788         1.67
   78774.271     0.500000     12169329         2.00
   88473.599     0.550000     13392535         2.22
   98172.927     0.600000     14604457         2.50
  108199.935     0.650000     15827138         2.86
  118685.695     0.700000     17039013         3.33
  130482.175     0.750000     18258320         4.00
  137101.311     0.775000     18871287         4.44
  143917.055     0.800000     19474138         5.00
  150732.799     0.825000     20088424         5.71
  157679.615     0.850000     20695398         6.67
  165543.935     0.875000     21298701         8.00
  170000.383     0.887500     21603154         8.89
  175243.263     0.900000     21911008        10.00
  180879.359     0.912500     22212946        11.43
  187039.743     0.925000     22514375        13.33
  193855.487     0.937500     22818440        16.00
  197525.503     0.943750     22971230        17.78
  201588.735     0.950000     23122413        20.00
  206438.399     0.956250     23273328        22.86
  212860.927     0.962500     23426474        26.67
  221118.463     0.968750     23578812        32.00
  225837.055     0.971875     23654546        35.56
  230948.863     0.975000     23729010        40.00
  236716.031     0.978125     23805250        45.71
  243662.847     0.981250     23881040        53.33
  251789.311     0.984375     23956905        64.00
  256245.759     0.985938     23995612        71.11
  261095.423     0.987500     24033221        80.00
  266469.375     0.989062     24071572        91.43
  272367.615     0.990625     24110149       106.67
  279183.359     0.992188     24147998       128.00
  282853.375     0.992969     24166540       142.22
  286785.535     0.993750     24185944       160.00
  290979.839     0.994531     24204704       182.86
  295698.431     0.995313     24223432       213.33
  300679.167     0.996094     24242383       256.00
  303562.751     0.996484     24252250       284.44
  306970.623     0.996875     24261551       320.00
  310378.495     0.997266     24270983       365.71
  314048.511     0.997656     24280434       426.67
  317718.527     0.998047     24290125       512.00
  319815.679     0.998242     24294715       568.89
  322174.975     0.998437     24299543       640.00
  324534.271     0.998633     24303940       731.43
  327942.143     0.998828     24308677       853.33
  331612.159     0.999023     24313632      1024.00
  333447.167     0.999121     24315977      1137.78
  335282.175     0.999219     24318164      1280.00
  337641.471     0.999316     24320533      1462.86
  340262.911     0.999414     24323034      1706.67
  342622.207     0.999512     24325368      2048.00
  343932.927     0.999561     24326579      2275.56
  345243.647     0.999609     24327697      2560.00
  346554.367     0.999658     24328905      2925.71
  348389.375     0.999707     24330111      3413.33
  350486.527     0.999756     24331256      4096.00
  351797.247     0.999780     24331836      4551.11
  352845.823     0.999805     24332408      5120.00
  353894.399     0.999829     24332976      5851.43
  355467.263     0.999854     24333597      6826.67
  357040.127     0.999878     24334183      8192.00
  357826.559     0.999890     24334474      9102.22
  359137.279     0.999902     24334808     10240.00
  360185.855     0.999915     24335057     11702.86
  361758.719     0.999927     24335389     13653.33
  363069.439     0.999939     24335694     16384.00
  363593.727     0.999945     24335832     18204.44
  364118.015     0.999951     24335978     20480.00
  364642.303     0.999957     24336105     23405.71
  365166.591     0.999963     24336245     27306.67
  365690.879     0.999969     24336412     32768.00
  365953.023     0.999973     24336471     36408.89
  366215.167     0.999976     24336551     40960.00
  366739.455     0.999979     24336683     46811.43
  367001.599     0.999982     24336728     54613.33
  367263.743     0.999985     24336793     65536.00
  367525.887     0.999986     24336830     72817.78
  367788.031     0.999988     24336859     81920.00
  368050.175     0.999989     24336911     93622.86
  368050.175     0.999991     24336911    109226.67
  368312.319     0.999992     24336964    131072.00
  368574.463     0.999993     24336995    145635.56
  368574.463     0.999994     24336995    163840.00
  368836.607     0.999995     24337012    187245.71
  369098.751     0.999995     24337028    218453.33
  369360.895     0.999996     24337049    262144.00
  369623.039     0.999997     24337070    291271.11
  369623.039     0.999997     24337070    327680.00
  369623.039     0.999997     24337070    374491.43
  369885.183     0.999998     24337094    436906.67
  369885.183     0.999998     24337094    524288.00
  369885.183     0.999998     24337094    582542.22
  370147.327     0.999998     24337119    655360.00
  370147.327     0.999999     24337119    748982.86
  370147.327     0.999999     24337119    873813.33
  370147.327     0.999999     24337119   1048576.00
  370147.327     0.999999     24337119   1165084.44
  370147.327     0.999999     24337119   1310720.00
  370147.327     0.999999     24337119   1497965.71
  370409.471     0.999999     24337133   1747626.67
  370409.471     1.000000     24337133          inf
#[Mean    =    87997.205, StdDeviation   =    63792.235]
#[Max     =   370147.328, Total count    =     24337133]
#[Buckets =           27, SubBuckets     =         2048]
----------------------------------------------------------
  24799220 requests in 10.00m, 3.65GB read
Requests/sec:  41331.88
Transfer/sec:      6.23MB
