Running 10m test @ http://localhost:9999/math/plus?x=1&y=2
  16 threads and 400 connections
  Thread calibration: mean lat.: 1262.374ms, rate sampling interval: 6496ms
  Thread calibration: mean lat.: 1685.594ms, rate sampling interval: 7274ms
  Thread calibration: mean lat.: 1583.534ms, rate sampling interval: 7532ms
  Thread calibration: mean lat.: 1308.345ms, rate sampling interval: 6852ms
  Thread calibration: mean lat.: 1463.193ms, rate sampling interval: 7155ms
  Thread calibration: mean lat.: 1341.335ms, rate sampling interval: 6459ms
  Thread calibration: mean lat.: 1766.348ms, rate sampling interval: 7565ms
  Thread calibration: mean lat.: 1540.504ms, rate sampling interval: 7290ms
  Thread calibration: mean lat.: 1395.807ms, rate sampling interval: 6635ms
  Thread calibration: mean lat.: 1273.817ms, rate sampling interval: 5951ms
  Thread calibration: mean lat.: 1413.281ms, rate sampling interval: 6680ms
  Thread calibration: mean lat.: 1428.813ms, rate sampling interval: 7131ms
  Thread calibration: mean lat.: 1394.852ms, rate sampling interval: 6598ms
  Thread calibration: mean lat.: 1061.399ms, rate sampling interval: 5623ms
  Thread calibration: mean lat.: 1222.376ms, rate sampling interval: 6328ms
  Thread calibration: mean lat.: 1452.277ms, rate sampling interval: 6717ms
  Thread Stats   Avg      Stdev     Max   +/- Stdev
    Latency     1.43m     1.26m    6.74m    64.67%
    Req/Sec     2.56k   141.18     3.07k    68.67%
  Latency Distribution (HdrHistogram - Recorded Latency)
 50.000%    1.07m 
 75.000%    2.32m 
 90.000%    3.34m 
 99.000%    4.66m 
 99.900%    5.84m 
 99.990%    6.46m 
 99.999%    6.69m 
100.000%    6.74m 

  Detailed Percentile spectrum:
       Value   Percentile   TotalCount 1/(1-Percentile)

       0.134     0.000000            1         1.00
     561.151     0.100000      2408635         1.11
   14565.375     0.200000      4816846         1.25
   29753.343     0.300000      7227662         1.43
   45285.375     0.400000      9637042         1.67
   64290.815     0.500000     12043290         2.00
   77070.335     0.550000     13247889         2.22
   91553.791     0.600000     14451964         2.50
  107216.895     0.650000     15659427         2.86
  123207.679     0.700000     16861256         3.33
  139329.535     0.750000     18063490         4.00
  147718.143     0.775000     18667175         4.44
  156237.823     0.800000     19273524         5.00
  164757.503     0.825000     19874216         5.71
  174718.975     0.850000     20474257         6.67
  186646.527     0.875000     21074198         8.00
  193331.199     0.887500     21377867         8.89
  200146.943     0.900000     21678994        10.00
  207224.831     0.912500     21980106        11.43
  214564.863     0.925000     22281516        13.33
  222691.327     0.937500     22579875        16.00
  227540.991     0.943750     22729643        17.78
  232783.871     0.950000     22879955        20.00
  238157.823     0.956250     23032520        22.86
  243400.703     0.962500     23182584        26.67
  248512.511     0.968750     23331928        32.00
  251265.023     0.971875     23409400        35.56
  254410.751     0.975000     23482935        40.00
  258080.767     0.978125     23557976        45.71
  262143.999     0.981250     23634187        53.33
  266207.231     0.984375     23708453        64.00
  268697.599     0.985938     23746560        71.11
  272105.471     0.987500     23783700        80.00
  276561.919     0.989062     23821683        91.43
  282066.943     0.990625     23859796       106.67
  288882.687     0.992188     23896197       128.00
  292814.847     0.992969     23915559       142.22
  297009.151     0.993750     23933520       160.00
  301989.887     0.994531     23953267       182.86
  307494.911     0.995313     23971974       213.33
  313524.223     0.996094     23990576       256.00
  316669.951     0.996484     23999677       284.44
  320339.967     0.996875     24009137       320.00
  324009.983     0.997266     24018163       365.71
  328728.575     0.997656     24027919       426.67
  333447.167     0.998047     24037107       512.00
  336330.751     0.998242     24041802       568.89
  339476.479     0.998437     24046436       640.00
  342884.351     0.998633     24051381       731.43
  346816.511     0.998828     24055976       853.33
  351010.815     0.999023     24060598      1024.00
  353107.967     0.999121     24062859      1137.78
  355991.551     0.999219     24065277      1280.00
  358875.135     0.999316     24067614      1462.86
  361758.719     0.999414     24069938      1706.67
  364642.303     0.999512     24072315      2048.00
  366215.167     0.999561     24073508      2275.56
  368312.319     0.999609     24074710      2560.00
  370933.759     0.999658     24075847      2925.71
  373555.199     0.999707     24077011      3413.33
  376438.783     0.999756     24078218      4096.00
  377749.503     0.999780     24078809      4551.11
  379322.367     0.999805     24079363      5120.00
  380895.231     0.999829     24079915      5851.43
  383254.527     0.999854     24080546      6826.67
  385351.679     0.999878     24081072      8192.00
  386400.255     0.999890     24081370      9102.22
  387710.975     0.999902     24081713     10240.00
  388759.551     0.999915     24081994     11702.86
  389808.127     0.999927     24082270     13653.33
  391118.847     0.999939     24082572     16384.00
  391905.279     0.999945     24082699     18204.44
  392953.855     0.999951     24082859     20480.00
  393740.287     0.999957     24082999     23405.71
  394788.863     0.999963     24083163     27306.67
  395575.295     0.999969     24083286     32768.00
  396099.583     0.999973     24083355     36408.89
  397148.159     0.999976     24083427     40960.00
  398196.735     0.999979     24083509     46811.43
  398983.167     0.999982     24083599     54613.33
  399769.599     0.999985     24083655     65536.00
  400031.743     0.999986     24083677     72817.78
  400818.175     0.999988     24083723     81920.00
  401342.463     0.999989     24083761     93622.86
  401604.607     0.999991     24083793    109226.67
  402391.039     0.999992     24083858    131072.00
  402391.039     0.999993     24083858    145635.56
  402653.183     0.999994     24083876    163840.00
  402915.327     0.999995     24083893    187245.71
  403177.471     0.999995     24083911    218453.33
  403439.615     0.999996     24083930    262144.00
  403439.615     0.999997     24083930    291271.11
  403701.759     0.999997     24083948    327680.00
  403701.759     0.999997     24083948    374491.43
  403963.903     0.999998     24083968    436906.67
  403963.903     0.999998     24083968    524288.00
  403963.903     0.999998     24083968    582542.22
  404226.047     0.999998     24083999    655360.00
  404226.047     0.999999     24083999    748982.86
  404226.047     0.999999     24083999    873813.33
  404226.047     0.999999     24083999   1048576.00
  404226.047     0.999999     24083999   1165084.44
  404226.047     0.999999     24083999   1310720.00
  404226.047     0.999999     24083999   1497965.71
  404226.047     0.999999     24083999   1747626.67
  404226.047     1.000000     24083999   2097152.00
  404226.047     1.000000     24083999   2330168.89
  404226.047     1.000000     24083999   2621440.00
  404226.047     1.000000     24083999   2995931.43
  404488.191     1.000000     24084006   3495253.33
  404488.191     1.000000     24084006          inf
#[Mean    =    86047.581, StdDeviation   =    75803.350]
#[Max     =   404226.048, Total count    =     24084006]
#[Buckets =           27, SubBuckets     =         2048]
----------------------------------------------------------
  24493196 requests in 10.00m, 3.60GB read
Requests/sec:  40822.08
Transfer/sec:      6.15MB
