Running 10m test @ http://localhost:9999/math/plus?x=1&y=2
  16 threads and 400 connections
  Thread calibration: mean lat.: 1.271ms, rate sampling interval: 10ms
  Thread calibration: mean lat.: 1.179ms, rate sampling interval: 10ms
  Thread calibration: mean lat.: 1.196ms, rate sampling interval: 10ms
  Thread calibration: mean lat.: 1.229ms, rate sampling interval: 10ms
  Thread calibration: mean lat.: 1.204ms, rate sampling interval: 10ms
  Thread calibration: mean lat.: 1.210ms, rate sampling interval: 10ms
  Thread calibration: mean lat.: 1.201ms, rate sampling interval: 10ms
  Thread calibration: mean lat.: 1.175ms, rate sampling interval: 10ms
  Thread calibration: mean lat.: 1.229ms, rate sampling interval: 10ms
  Thread calibration: mean lat.: 1.222ms, rate sampling interval: 10ms
  Thread calibration: mean lat.: 1.145ms, rate sampling interval: 10ms
  Thread calibration: mean lat.: 1.170ms, rate sampling interval: 10ms
  Thread calibration: mean lat.: 1.127ms, rate sampling interval: 10ms
  Thread calibration: mean lat.: 1.158ms, rate sampling interval: 10ms
  Thread calibration: mean lat.: 1.214ms, rate sampling interval: 10ms
  Thread calibration: mean lat.: 1.188ms, rate sampling interval: 10ms
  Thread Stats   Avg      Stdev     Max   +/- Stdev
    Latency     1.06ms    1.20ms  60.54ms   97.57%
    Req/Sec     1.97k   481.33     6.33k    73.63%
  Latency Distribution (HdrHistogram - Recorded Latency)
 50.000%    0.93ms
 75.000%    1.26ms
 90.000%    1.59ms
 99.000%    4.92ms
 99.900%   17.26ms
 99.990%   34.75ms
 99.999%   46.21ms
100.000%   60.58ms

  Detailed Percentile spectrum:
       Value   Percentile   TotalCount 1/(1-Percentile)

       0.058     0.000000            1         1.00
       0.365     0.100000      1771166         1.11
       0.534     0.200000      3542494         1.25
       0.678     0.300000      5312628         1.43
       0.810     0.400000      7091865         1.67
       0.934     0.500000      8848324         2.00
       0.996     0.550000      9741399         2.22
       1.058     0.600000     10628696         2.50
       1.121     0.650000     11512773         2.86
       1.188     0.700000     12393185         3.33
       1.261     0.750000     13278090         4.00
       1.301     0.775000     13722895         4.44
       1.344     0.800000     14162963         5.00
       1.392     0.825000     14603506         5.71
       1.447     0.850000     15044941         6.67
       1.512     0.875000     15488818         8.00
       1.549     0.887500     15710631         8.89
       1.589     0.900000     15926942        10.00
       1.635     0.912500     16149927        11.43
       1.687     0.925000     16369749        13.33
       1.749     0.937500     16590813        16.00
       1.786     0.943750     16702038        17.78
       1.828     0.950000     16811404        20.00
       1.879     0.956250     16922924        22.86
       1.942     0.962500     17032640        26.67
       2.035     0.968750     17143990        32.00
       2.107     0.971875     17198690        35.56
       2.223     0.975000     17254066        40.00
       2.415     0.978125     17309485        45.71
       2.699     0.981250     17364437        53.33
       3.119     0.984375     17419831        64.00
       3.427     0.985938     17447448        71.11
       3.869     0.987500     17475004        80.00
       4.467     0.989062     17502744        91.43
       5.219     0.990625     17530447       106.67
       5.903     0.992188     17557944       128.00
       6.407     0.992969     17571841       142.22
       7.015     0.993750     17585641       160.00
       7.807     0.994531     17599471       182.86
       8.623     0.995313     17613254       213.33
       9.383     0.996094     17627114       256.00
       9.767     0.996484     17634045       284.44
      10.239     0.996875     17640976       320.00
      10.879     0.997266     17647828       365.71
      11.727     0.997656     17654720       426.67
      12.839     0.998047     17661659       512.00
      13.463     0.998242     17665087       568.89
      14.231     0.998437     17668568       640.00
      15.103     0.998633     17672014       731.43
      16.167     0.998828     17675460       853.33
      17.423     0.999023     17678932      1024.00
      18.191     0.999121     17680639      1137.78
      19.087     0.999219     17682367      1280.00
      20.159     0.999316     17684117      1462.86
      21.359     0.999414     17685839      1706.67
      22.767     0.999512     17687563      2048.00
      23.567     0.999561     17688416      2275.56
      24.463     0.999609     17689292      2560.00
      25.519     0.999658     17690155      2925.71
      26.655     0.999707     17691013      3413.33
      28.063     0.999756     17691873      4096.00
      28.831     0.999780     17692304      4551.11
      29.839     0.999805     17692744      5120.00
      30.799     0.999829     17693169      5851.43
      31.983     0.999854     17693601      6826.67
      33.279     0.999878     17694038      8192.00
      34.079     0.999890     17694249      9102.22
      34.911     0.999902     17694470     10240.00
      35.903     0.999915     17694691     11702.86
      36.831     0.999927     17694901     13653.33
      37.983     0.999939     17695113     16384.00
      38.687     0.999945     17695222     18204.44
      39.231     0.999951     17695335     20480.00
      39.807     0.999957     17695436     23405.71
      40.671     0.999963     17695544     27306.67
      41.471     0.999969     17695659     32768.00
      42.015     0.999973     17695706     36408.89
      42.495     0.999976     17695763     40960.00
      42.943     0.999979     17695814     46811.43
      43.743     0.999982     17695869     54613.33
      44.479     0.999985     17695924     65536.00
      44.927     0.999986     17695952     72817.78
      45.471     0.999988     17695977     81920.00
      45.983     0.999989     17696003     93622.86
      46.815     0.999991     17696030    109226.67
      47.359     0.999992     17696057    131072.00
      47.775     0.999993     17696071    145635.56
      48.223     0.999994     17696085    163840.00
      48.767     0.999995     17696099    187245.71
      49.215     0.999995     17696111    218453.33
      50.015     0.999996     17696127    262144.00
      50.303     0.999997     17696132    291271.11
      50.623     0.999997     17696138    327680.00
      50.879     0.999997     17696145    374491.43
      51.135     0.999998     17696152    436906.67
      51.679     0.999998     17696159    524288.00
      51.999     0.999998     17696162    582542.22
      52.063     0.999998     17696165    655360.00
      52.447     0.999999     17696169    748982.86
      53.151     0.999999     17696172    873813.33
      53.663     0.999999     17696176   1048576.00
      53.791     0.999999     17696177   1165084.44
      54.047     0.999999     17696179   1310720.00
      54.847     0.999999     17696181   1497965.71
      55.039     0.999999     17696182   1747626.67
      55.615     1.000000     17696184   2097152.00
      56.415     1.000000     17696185   2330168.89
      57.727     1.000000     17696186   2621440.00
      57.951     1.000000     17696187   2995931.43
      57.951     1.000000     17696187   3495253.33
      58.111     1.000000     17696188   4194304.00
      58.975     1.000000     17696189   4660337.78
      58.975     1.000000     17696189   5242880.00
      59.359     1.000000     17696190   5991862.86
      59.359     1.000000     17696190   6990506.67
      59.359     1.000000     17696190   8388608.00
      59.903     1.000000     17696191   9320675.55
      59.903     1.000000     17696191  10485760.00
      59.903     1.000000     17696191  11983725.71
      59.903     1.000000     17696191  13981013.34
      59.903     1.000000     17696191  16777216.00
      60.575     1.000000     17696192  18641351.10
      60.575     1.000000     17696192          inf
#[Mean    =        1.057, StdDeviation   =        1.201]
#[Max     =       60.544, Total count    =     17696192]
#[Buckets =           27, SubBuckets     =         2048]
----------------------------------------------------------
  17997899 requests in 10.00m, 2.65GB read
Requests/sec:  29996.53
Transfer/sec:      4.52MB
