Running 10m test @ http://localhost:9999/math/plus?x=1&y=2
  16 threads and 400 connections
  Thread calibration: mean lat.: 2.994ms, rate sampling interval: 12ms
  Thread calibration: mean lat.: 3.176ms, rate sampling interval: 13ms
  Thread calibration: mean lat.: 3.366ms, rate sampling interval: 14ms
  Thread calibration: mean lat.: 3.050ms, rate sampling interval: 13ms
  Thread calibration: mean lat.: 3.468ms, rate sampling interval: 14ms
  Thread calibration: mean lat.: 3.101ms, rate sampling interval: 13ms
  Thread calibration: mean lat.: 3.085ms, rate sampling interval: 13ms
  Thread calibration: mean lat.: 3.127ms, rate sampling interval: 13ms
  Thread calibration: mean lat.: 3.228ms, rate sampling interval: 13ms
  Thread calibration: mean lat.: 2.001ms, rate sampling interval: 10ms
  Thread calibration: mean lat.: 3.385ms, rate sampling interval: 14ms
  Thread calibration: mean lat.: 2.686ms, rate sampling interval: 10ms
  Thread calibration: mean lat.: 3.221ms, rate sampling interval: 14ms
  Thread calibration: mean lat.: 1.841ms, rate sampling interval: 10ms
  Thread calibration: mean lat.: 2.928ms, rate sampling interval: 12ms
  Thread calibration: mean lat.: 3.181ms, rate sampling interval: 14ms
  Thread Stats   Avg      Stdev     Max   +/- Stdev
    Latency     2.83ms    2.60ms  60.06ms   87.21%
    Req/Sec   652.14    589.61     3.20k    63.06%
  Latency Distribution (HdrHistogram - Recorded Latency)
 50.000%    1.93ms
 75.000%    3.48ms
 90.000%    6.17ms
 99.000%   12.38ms
 99.900%   20.74ms
 99.990%   32.67ms
 99.999%   43.46ms
100.000%   60.10ms

  Detailed Percentile spectrum:
       Value   Percentile   TotalCount 1/(1-Percentile)

       0.081     0.000000            1         1.00
       0.791     0.100000       590830         1.11
       1.087     0.200000      1180676         1.25
       1.340     0.300000      1770460         1.43
       1.606     0.400000      2360199         1.67
       1.929     0.500000      2950034         2.00
       2.129     0.550000      3247043         2.22
       2.367     0.600000      3540247         2.50
       2.663     0.650000      3834845         2.86
       3.027     0.700000      4129542         3.33
       3.479     0.750000      4424857         4.00
       3.751     0.775000      4572264         4.44
       4.065     0.800000      4719663         5.00
       4.439     0.825000      4867450         5.71
       4.895     0.850000      5013930         6.67
       5.471     0.875000      5161471         8.00
       5.803     0.887500      5235540         8.89
       6.167     0.900000      5309514        10.00
       6.567     0.912500      5383169        11.43
       7.007     0.925000      5456421        13.33
       7.527     0.937500      5530519        16.00
       7.823     0.943750      5566907        17.78
       8.143     0.950000      5603867        20.00
       8.503     0.956250      5640765        22.86
       8.919     0.962500      5678004        26.67
       9.399     0.968750      5714830        32.00
       9.671     0.971875      5733272        35.56
       9.967     0.975000      5751606        40.00
      10.295     0.978125      5769807        45.71
      10.695     0.981250      5788339        53.33
      11.167     0.984375      5806806        64.00
      11.439     0.985938      5815766        71.11
      11.759     0.987500      5824978        80.00
      12.127     0.989062      5834246        91.43
      12.583     0.990625      5843526       106.67
      13.167     0.992188      5852724       128.00
      13.503     0.992969      5857283       142.22
      13.895     0.993750      5861842       160.00
      14.367     0.994531      5866499       182.86
      14.887     0.995313      5871063       213.33
      15.527     0.996094      5875698       256.00
      15.895     0.996484      5877975       284.44
      16.295     0.996875      5880296       320.00
      16.767     0.997266      5882589       365.71
      17.343     0.997656      5884896       426.67
      18.047     0.998047      5887194       512.00
      18.447     0.998242      5888339       568.89
      18.927     0.998437      5889509       640.00
      19.487     0.998633      5890660       731.43
      20.095     0.998828      5891793       853.33
      20.831     0.999023      5892945      1024.00
      21.279     0.999121      5893521      1137.78
      21.775     0.999219      5894091      1280.00
      22.303     0.999316      5894671      1462.86
      22.927     0.999414      5895252      1706.67
      23.743     0.999512      5895829      2048.00
      24.159     0.999561      5896111      2275.56
      24.687     0.999609      5896400      2560.00
      25.295     0.999658      5896689      2925.71
      25.919     0.999707      5896972      3413.33
      26.799     0.999756      5897262      4096.00
      27.311     0.999780      5897405      4551.11
      28.047     0.999805      5897549      5120.00
      28.863     0.999829      5897691      5851.43
      30.015     0.999854      5897835      6826.67
      31.327     0.999878      5897980      8192.00
      32.191     0.999890      5898052      9102.22
      32.831     0.999902      5898128     10240.00
      33.631     0.999915      5898198     11702.86
      34.559     0.999927      5898268     13653.33
      35.551     0.999939      5898340     16384.00
      36.287     0.999945      5898377     18204.44
      36.703     0.999951      5898412     20480.00
      37.439     0.999957      5898447     23405.71
      38.271     0.999963      5898486     27306.67
      39.231     0.999969      5898519     32768.00
      39.679     0.999973      5898537     36408.89
      39.999     0.999976      5898556     40960.00
      40.703     0.999979      5898573     46811.43
      41.759     0.999982      5898592     54613.33
      42.239     0.999985      5898611     65536.00
      42.527     0.999986      5898619     72817.78
      42.879     0.999988      5898627     81920.00
      43.231     0.999989      5898637     93622.86
      43.711     0.999991      5898645    109226.67
      44.191     0.999992      5898654    131072.00
      44.703     0.999993      5898659    145635.56
      45.631     0.999994      5898663    163840.00
      46.079     0.999995      5898668    187245.71
      46.815     0.999995      5898672    218453.33
      47.423     0.999996      5898677    262144.00
      47.999     0.999997      5898679    291271.11
      48.287     0.999997      5898681    327680.00
      49.119     0.999997      5898684    374491.43
      50.239     0.999998      5898686    436906.67
      51.167     0.999998      5898688    524288.00
      51.327     0.999998      5898689    582542.22
      51.615     0.999998      5898690    655360.00
      51.775     0.999999      5898692    748982.86
      52.191     0.999999      5898693    873813.33
      53.247     0.999999      5898695   1048576.00
      53.247     0.999999      5898695   1165084.44
      53.247     0.999999      5898695   1310720.00
      55.839     0.999999      5898696   1497965.71
      55.839     0.999999      5898696   1747626.67
      56.383     1.000000      5898697   2097152.00
      56.383     1.000000      5898697   2330168.89
      56.383     1.000000      5898697   2621440.00
      59.551     1.000000      5898698   2995931.43
      59.551     1.000000      5898698   3495253.33
      59.551     1.000000      5898698   4194304.00
      59.551     1.000000      5898698   4660337.78
      59.551     1.000000      5898698   5242880.00
      60.095     1.000000      5898699   5991862.86
      60.095     1.000000      5898699          inf
#[Mean    =        2.826, StdDeviation   =        2.602]
#[Max     =       60.064, Total count    =      5898699]
#[Buckets =           27, SubBuckets     =         2048]
----------------------------------------------------------
  5998217 requests in 10.00m, 0.88GB read
Requests/sec:   9997.00
Transfer/sec:      1.51MB
