Running 10m test @ http://localhost:9999/math/plus?x=1&y=2
  16 threads and 400 connections
  Thread calibration: mean lat.: 364.456ms, rate sampling interval: 1912ms
  Thread calibration: mean lat.: 300.735ms, rate sampling interval: 1693ms
  Thread calibration: mean lat.: 417.907ms, rate sampling interval: 2484ms
  Thread calibration: mean lat.: 324.432ms, rate sampling interval: 1648ms
  Thread calibration: mean lat.: 339.696ms, rate sampling interval: 1850ms
  Thread calibration: mean lat.: 359.797ms, rate sampling interval: 1937ms
  Thread calibration: mean lat.: 350.967ms, rate sampling interval: 1858ms
  Thread calibration: mean lat.: 310.957ms, rate sampling interval: 1833ms
  Thread calibration: mean lat.: 388.244ms, rate sampling interval: 1988ms
  Thread calibration: mean lat.: 293.652ms, rate sampling interval: 1681ms
  Thread calibration: mean lat.: 346.255ms, rate sampling interval: 2070ms
  Thread calibration: mean lat.: 376.461ms, rate sampling interval: 2062ms
  Thread calibration: mean lat.: 442.461ms, rate sampling interval: 2156ms
  Thread calibration: mean lat.: 368.669ms, rate sampling interval: 1950ms
  Thread calibration: mean lat.: 330.977ms, rate sampling interval: 2014ms
  Thread calibration: mean lat.: 314.391ms, rate sampling interval: 1660ms
  Thread Stats   Avg      Stdev     Max   +/- Stdev
    Latency    41.15s    49.91s    5.54m    83.81%
    Req/Sec     2.62k   156.72     3.37k    67.87%
  Latency Distribution (HdrHistogram - Recorded Latency)
 50.000%   19.45s 
 75.000%    1.15m 
 90.000%    1.86m 
 99.000%    3.52m 
 99.900%    4.73m 
 99.990%    5.25m 
 99.999%    5.51m 
100.000%    5.55m 

  Detailed Percentile spectrum:
       Value   Percentile   TotalCount 1/(1-Percentile)

       0.138     0.000000            1         1.00
      92.351     0.100000      2466044         1.11
     691.199     0.200000      4932245         1.25
    2850.815     0.300000      7397909         1.43
    8097.791     0.400000      9863282         1.67
   19447.807     0.500000     12329995         2.00
   27688.959     0.550000     13562648         2.22
   36765.695     0.600000     14796702         2.50
   47284.223     0.650000     16028289         2.86
   58425.343     0.700000     17260654         3.33
   69140.479     0.750000     18494655         4.00
   74645.503     0.775000     19111367         4.44
   80740.351     0.800000     19725180         5.00
   87228.415     0.825000     20344647         5.71
   94765.055     0.850000     20962893         6.67
  102825.983     0.875000     21577168         8.00
  107151.359     0.887500     21882354         8.89
  111804.415     0.900000     22190912        10.00
  116260.863     0.912500     22498786        11.43
  122028.031     0.925000     22806986        13.33
  128909.311     0.937500     23117414        16.00
  132775.935     0.943750     23270196        17.78
  136970.239     0.950000     23426049        20.00
  142344.191     0.956250     23579649        22.86
  149291.007     0.962500     23732565        26.67
  158072.831     0.968750     23886393        32.00
  163053.567     0.971875     23962735        35.56
  168820.735     0.975000     24040591        40.00
  175112.191     0.978125     24117525        45.71
  182714.367     0.981250     24194352        53.33
  191365.119     0.984375     24272208        64.00
  195821.567     0.985938     24309788        71.11
  201457.663     0.987500     24348100        80.00
  207486.975     0.989062     24386670        91.43
  213778.431     0.990625     24425484       106.67
  221642.751     0.992188     24463725       128.00
  225705.983     0.992969     24482831       142.22
  230162.431     0.993750     24502391       160.00
  234487.807     0.994531     24521869       182.86
  239861.759     0.995313     24540986       213.33
  246153.215     0.996094     24559848       256.00
  249954.303     0.996484     24569533       284.44
  254148.607     0.996875     24579388       320.00
  258080.767     0.997266     24588799       365.71
  262537.215     0.997656     24598534       426.67
  267386.879     0.998047     24608015       512.00
  270270.463     0.998242     24612935       568.89
  273154.047     0.998437     24617711       640.00
  276561.919     0.998633     24622601       731.43
  280494.079     0.998828     24627597       853.33
  284426.239     0.999023     24632100      1024.00
  286785.535     0.999121     24634581      1137.78
  289406.975     0.999219     24637023      1280.00
  292290.559     0.999316     24639330      1462.86
  295436.287     0.999414     24641862      1706.67
  298057.727     0.999512     24644166      2048.00
  299892.735     0.999561     24645518      2275.56
  301203.455     0.999609     24646559      2560.00
  303300.607     0.999658     24647817      2925.71
  305397.759     0.999707     24649009      3413.33
  307232.767     0.999756     24650182      4096.00
  308543.487     0.999780     24650828      4551.11
  309592.063     0.999805     24651380      5120.00
  310378.495     0.999829     24651958      5851.43
  311427.071     0.999854     24652555      6826.67
  312999.935     0.999878     24653151      8192.00
  314310.655     0.999890     24653561      9102.22
  315097.087     0.999902     24653766     10240.00
  316145.663     0.999915     24654101     11702.86
  316932.095     0.999927     24654374     13653.33
  318504.959     0.999939     24654667     16384.00
  319291.391     0.999945     24654827     18204.44
  320077.823     0.999951     24654962     20480.00
  321912.831     0.999957     24655122     23405.71
  323747.839     0.999963     24655272     27306.67
  325320.703     0.999969     24655417     32768.00
  326107.135     0.999973     24655490     36408.89
  327155.711     0.999976     24655561     40960.00
  327942.143     0.999979     24655654     46811.43
  328466.431     0.999982     24655716     54613.33
  329515.007     0.999985     24655802     65536.00
  329777.151     0.999986     24655828     72817.78
  330301.439     0.999988     24655896     81920.00
  330301.439     0.999989     24655896     93622.86
  330563.583     0.999991     24655934    109226.67
  330825.727     0.999992     24655971    131072.00
  331350.015     0.999993     24656014    145635.56
  331350.015     0.999994     24656014    163840.00
  331612.159     0.999995     24656039    187245.71
  331874.303     0.999995     24656065    218453.33
  331874.303     0.999996     24656065    262144.00
  332136.447     0.999997     24656083    291271.11
  332398.591     0.999997     24656105    327680.00
  332398.591     0.999997     24656105    374491.43
  332398.591     0.999998     24656105    436906.67
  332660.735     0.999998     24656126    524288.00
  332660.735     0.999998     24656126    582542.22
  332660.735     0.999998     24656126    655360.00
  332922.879     0.999999     24656159    748982.86
  332922.879     1.000000     24656159          inf
#[Mean    =    41153.687, StdDeviation   =    49905.068]
#[Max     =   332660.736, Total count    =     24656159]
#[Buckets =           27, SubBuckets     =         2048]
----------------------------------------------------------
  25106060 requests in 10.00m, 3.69GB read
Requests/sec:  41843.56
Transfer/sec:      6.31MB
